1: 2 3 4
2: 1 49 50
3: 1 47 52
4: 1 48 51
5: 6 7 46
6: 5 41 45
7: 5 40 44
8: 11 17 42
9: 10 16 42
10: 9 17 43
11: 8 16 43
12: 14 19 20
13: 15 18 20
14: 12 16 18
15: 13 17 19
16: 9 11 14
17: 8 10 15
18: 13 14 22
19: 12 15 22
20: 12 13 21
21: 20 25 29
22: 18 19 28
23: 24 26 29
24: 23 27 28
25: 21 26 27
26: 23 25 31
27: 24 25 30
28: 22 24 31
29: 21 23 30
30: 27 29 33
31: 26 28 32
32: 31 36 37
33: 30 34 35
34: 33 37 38
35: 33 36 39
36: 32 35 38
37: 32 34 39
38: 34 36 40
39: 35 37 41
40: 7 38 45
41: 6 39 44
42: 8 9 50
43: 10 11 47
44: 7 41 48
45: 6 40 48
46: 5 47 49
47: 3 43 46
48: 4 44 45
49: 2 46 52
50: 2 42 51
51: 4 50 52
52: 3 49 51

1: 2 3 4
2: 1 47 48
3: 1 50 52
4: 1 49 51
5: 6 7 46
6: 5 37 39
7: 5 36 38
8: 9 10 35
9: 8 30 32
10: 8 29 31
11: 28 40 41
12: 13 17 42
13: 12 18 19
14: 15 17 18
15: 14 16 19
16: 15 34 43
17: 12 14 33
18: 13 14 34
19: 13 15 33
20: 21 22 24
21: 20 23 25
22: 20 26 44
23: 21 26 45
24: 20 27 45
25: 21 27 44
26: 22 23 32
27: 24 25 31
28: 11 29 30
29: 10 28 32
30: 9 28 31
31: 10 27 30
32: 9 26 29
33: 17 19 39
34: 16 18 38
35: 8 36 37
36: 7 35 39
37: 6 35 38
38: 7 34 37
39: 6 33 36
40: 11 43 48
41: 11 42 47
42: 12 41 48
43: 16 40 47
44: 22 25 52
45: 23 24 51
46: 5 49 50
47: 2 41 43
48: 2 40 42
49: 4 46 52
50: 3 46 51
51: 4 45 50
52: 3 44 49

1: 2 3 4
2: 1 49 50
3: 1 48 52
4: 1 47 51
5: 6 7 28
6: 5 19 27
7: 5 18 26
8: 17 20 21
9: 10 14 24
10: 9 15 16
11: 12 14 15
12: 11 13 16
13: 12 23 25
14: 9 11 22
15: 10 11 23
16: 10 12 22
17: 8 18 19
18: 7 17 27
19: 6 17 26
20: 8 25 30
21: 8 24 29
22: 14 16 36
23: 13 15 35
24: 9 21 30
25: 13 20 29
26: 7 19 34
27: 6 18 33
28: 5 31 32
29: 21 25 41
30: 20 24 41
31: 28 36 46
32: 28 35 45
33: 27 37 42
34: 26 38 43
35: 23 32 46
36: 22 31 45
37: 33 40 44
38: 34 39 44
39: 38 40 42
40: 37 39 43
41: 29 30 49
42: 33 39 50
43: 34 40 48
44: 37 38 48
45: 32 36 47
46: 31 35 47
47: 4 45 46
48: 3 43 44
49: 2 41 52
50: 2 42 51
51: 4 50 52
52: 3 49 51

1: 2 3 4
2: 1 48 51
3: 1 47 52
4: 1 49 50
5: 38 45 46
6: 8 11 12
7: 9 10 12
8: 6 10 30
9: 7 11 31
10: 7 8 14
11: 6 9 14
12: 6 7 13
13: 12 17 21
14: 10 11 20
15: 16 18 21
16: 15 19 20
17: 13 18 19
18: 15 17 23
19: 16 17 22
20: 14 16 23
21: 13 15 22
22: 19 21 25
23: 18 20 24
24: 23 28 29
25: 22 26 27
26: 25 29 32
27: 25 28 33
28: 24 27 32
29: 24 26 33
30: 8 36 37
31: 9 34 35
32: 26 28 43
33: 27 29 44
34: 31 37 39
35: 31 36 40
36: 30 35 39
37: 30 34 40
38: 5 41 42
39: 34 36 47
40: 35 37 48
41: 38 44 50
42: 38 43 49
43: 32 42 50
44: 33 41 49
45: 5 48 52
46: 5 47 51
47: 3 39 46
48: 2 40 45
49: 4 42 44
50: 4 41 43
51: 2 46 52
52: 3 45 51

1: 2 3 4
2: 1 50 52
3: 1 49 51
4: 1 47 48
5: 6 7 46
6: 5 37 39
7: 5 36 38
8: 9 10 35
9: 8 30 32
10: 8 29 31
11: 28 40 41
12: 13 16 18
13: 12 17 19
14: 16 17 43
15: 18 19 42
16: 12 14 33
17: 13 14 34
18: 12 15 34
19: 13 15 33
20: 21 22 24
21: 20 23 25
22: 20 26 44
23: 21 26 45
24: 20 27 45
25: 21 27 44
26: 22 23 32
27: 24 25 31
28: 11 29 30
29: 10 28 32
30: 9 28 31
31: 10 27 30
32: 9 26 29
33: 16 19 39
34: 17 18 38
35: 8 36 37
36: 7 35 39
37: 6 35 38
38: 7 34 37
39: 6 33 36
40: 11 43 48
41: 11 42 47
42: 15 41 48
43: 14 40 47
44: 22 25 52
45: 23 24 51
46: 5 49 50
47: 4 41 43
48: 4 40 42
49: 3 46 52
50: 2 46 51
51: 3 45 50
52: 2 44 49

1: 2 3 4
2: 1 50 52
3: 1 49 51
4: 1 47 48
5: 6 7 46
6: 5 42 45
7: 5 43 44
8: 10 12 44
9: 11 13 45
10: 8 13 15
11: 9 12 15
12: 8 11 14
13: 9 10 14
14: 12 13 16
15: 10 11 17
16: 14 18 20
17: 15 19 21
18: 16 21 23
19: 17 20 23
20: 16 19 22
21: 17 18 22
22: 20 21 25
23: 18 19 24
24: 23 28 30
25: 22 29 31
26: 27 28 29
27: 26 30 31
28: 24 26 32
29: 25 26 33
30: 24 27 33
31: 25 27 32
32: 28 31 35
33: 29 30 34
34: 33 38 39
35: 32 36 37
36: 35 39 40
37: 35 38 41
38: 34 37 40
39: 34 36 41
40: 36 38 51
41: 37 39 52
42: 6 43 48
43: 7 42 47
44: 7 8 48
45: 6 9 47
46: 5 49 50
47: 4 43 45
48: 4 42 44
49: 3 46 52
50: 2 46 51
51: 3 40 50
52: 2 41 49

1: 2 3 4
2: 1 47 48
3: 1 49 50
4: 1 51 52
5: 9 11 33
6: 10 12 34
7: 15 16 20
8: 13 14 19
9: 5 12 22
10: 6 11 22
11: 5 10 21
12: 6 9 21
13: 8 16 23
14: 8 15 24
15: 7 14 23
16: 7 13 24
17: 18 25 27
18: 17 26 28
19: 8 25 26
20: 7 27 28
21: 11 12 30
22: 9 10 29
23: 13 15 29
24: 14 16 30
25: 17 19 31
26: 18 19 32
27: 17 20 32
28: 18 20 31
29: 22 23 36
30: 21 24 36
31: 25 28 40
32: 26 27 39
33: 5 35 38
34: 6 35 37
35: 33 34 47
36: 29 30 47
37: 34 46 52
38: 33 45 51
39: 32 44 50
40: 31 43 49
41: 43 44 48
42: 45 46 48
43: 40 41 50
44: 39 41 49
45: 38 42 52
46: 37 42 51
47: 2 35 36
48: 2 41 42
49: 3 40 44
50: 3 39 43
51: 4 38 46
52: 4 37 45

1: 2 3 4
2: 1 47 48
3: 1 50 52
4: 1 49 51
5: 6 7 46
6: 5 39 44
7: 5 43 45
8: 9 10 39
9: 8 36 38
10: 8 35 37
11: 12 13 32
12: 11 27 29
13: 11 26 28
14: 15 16 23
15: 14 18 21
16: 14 19 20
17: 18 24 30
18: 15 17 20
19: 16 21 25
20: 16 18 22
21: 15 19 22
22: 20 21 41
23: 14 40 41
24: 17 25 29
25: 19 24 28
26: 13 29 31
27: 12 28 31
28: 13 25 27
29: 12 24 26
30: 17 34 40
31: 26 27 33
32: 11 33 34
33: 31 32 38
34: 30 32 37
35: 10 38 42
36: 9 37 42
37: 10 34 36
38: 9 33 35
39: 6 8 43
40: 23 30 52
41: 22 23 51
42: 35 36 47
43: 7 39 48
44: 6 45 48
45: 7 44 47
46: 5 49 50
47: 2 42 45
48: 2 43 44
49: 4 46 52
50: 3 46 51
51: 4 41 50
52: 3 40 49

1: 2 3 4
2: 1 49 50
3: 1 47 52
4: 1 48 51
5: 6 7 46
6: 5 41 45
7: 5 40 44
8: 11 21 42
9: 10 17 42
10: 9 21 43
11: 8 17 43
12: 13 14 20
13: 12 15 19
14: 12 16 18
15: 13 18 24
16: 14 19 25
17: 9 11 20
18: 14 15 23
19: 13 16 23
20: 12 17 22
21: 8 10 22
22: 20 21 27
23: 18 19 27
24: 15 26 29
25: 16 26 28
26: 24 25 35
27: 22 23 35
28: 25 31 34
29: 24 30 33
30: 29 32 34
31: 28 32 33
32: 30 31 36
33: 29 31 37
34: 28 30 37
35: 26 27 36
36: 32 35 39
37: 33 34 38
38: 37 39 41
39: 36 38 40
40: 7 39 45
41: 6 38 44
42: 8 9 50
43: 10 11 47
44: 7 41 48
45: 6 40 48
46: 5 47 49
47: 3 43 46
48: 4 44 45
49: 2 46 52
50: 2 42 51
51: 4 50 52
52: 3 49 51

1: 2 3 4
2: 1 47 48
3: 1 49 52
4: 1 50 51
5: 6 7 24
6: 5 28 30
7: 5 27 29
8: 10 13 32
9: 11 12 14
10: 8 14 15
11: 9 13 15
12: 9 16 33
13: 8 11 17
14: 9 10 17
15: 10 11 16
16: 12 15 19
17: 13 14 18
18: 17 22 23
19: 16 20 21
20: 19 23 25
21: 19 22 26
22: 18 21 25
23: 18 20 26
24: 5 31 35
25: 20 22 37
26: 21 23 38
27: 7 30 36
28: 6 29 36
29: 7 28 38
30: 6 27 37
31: 24 43 44
32: 8 45 46
33: 12 41 42
34: 35 39 40
35: 24 34 47
36: 27 28 47
37: 25 30 48
38: 26 29 48
39: 34 44 52
40: 34 43 51
41: 33 46 49
42: 33 45 50
43: 31 40 52
44: 31 39 51
45: 32 42 49
46: 32 41 50
47: 2 35 36
48: 2 37 38
49: 3 41 45
50: 4 42 46
51: 4 40 44
52: 3 39 43

1: 2 3 4
2: 1 47 52
3: 1 49 50
4: 1 48 51
5: 6 38 46
6: 5 39 40
7: 8 9 41
8: 7 37 43
9: 7 36 42
10: 13 16 17
11: 12 15 17
12: 11 14 16
13: 10 14 18
14: 12 13 20
15: 11 18 44
16: 10 12 19
17: 10 11 20
18: 13 15 22
19: 16 21 25
20: 14 17 24
21: 19 23 24
22: 18 31 45
23: 21 27 30
24: 20 21 31
25: 19 26 29
26: 25 28 30
27: 23 28 29
28: 26 27 33
29: 25 27 32
30: 23 26 32
31: 22 24 33
32: 29 30 35
33: 28 31 34
34: 33 35 37
35: 32 34 36
36: 9 35 43
37: 8 34 42
38: 5 41 52
39: 6 45 50
40: 6 44 49
41: 7 38 47
42: 9 37 48
43: 8 36 48
44: 15 40 50
45: 22 39 49
46: 5 47 51
47: 2 41 46
48: 4 42 43
49: 3 40 45
50: 3 39 44
51: 4 46 52
52: 2 38 51

1: 2 3 4
2: 1 49 50
3: 1 48 52
4: 1 47 51
5: 6 7 46
6: 5 39 41
7: 5 38 40
8: 13 15 42
9: 14 20 42
10: 11 12 43
11: 10 35 36
12: 10 33 34
13: 8 16 45
14: 9 15 45
15: 8 14 44
16: 13 17 44
17: 16 21 22
18: 23 25 35
19: 24 26 36
20: 9 27 28
21: 17 28 31
22: 17 27 32
23: 18 26 30
24: 19 25 30
25: 18 24 29
26: 19 23 29
27: 20 22 31
28: 20 21 32
29: 25 26 34
30: 23 24 33
31: 21 27 33
32: 22 28 34
33: 12 30 31
34: 12 29 32
35: 11 18 41
36: 11 19 40
37: 38 39 43
38: 7 37 41
39: 6 37 40
40: 7 36 39
41: 6 35 38
42: 8 9 50
43: 10 37 47
44: 15 16 48
45: 13 14 48
46: 5 47 49
47: 4 43 46
48: 3 44 45
49: 2 46 52
50: 2 42 51
51: 4 50 52
52: 3 49 51

1: 2 3 4
2: 1 47 52
3: 1 48 51
4: 1 49 50
5: 6 9 11
6: 5 10 12
7: 9 10 17
8: 11 12 16
9: 5 7 13
10: 6 7 14
11: 5 8 14
12: 6 8 13
13: 9 12 25
14: 10 11 24
15: 18 19 30
16: 8 22 23
17: 7 20 21
18: 15 25 27
19: 15 24 26
20: 17 23 28
21: 17 22 29
22: 16 21 28
23: 16 20 29
24: 14 19 27
25: 13 18 26
26: 19 25 40
27: 18 24 40
28: 20 22 38
29: 21 23 39
30: 15 41 42
31: 34 35 37
32: 33 35 36
33: 32 37 39
34: 31 36 38
35: 31 32 49
36: 32 34 50
37: 31 33 50
38: 28 34 52
39: 29 33 52
40: 26 27 47
41: 30 45 47
42: 30 43 48
43: 42 46 51
44: 45 46 48
45: 41 44 51
46: 43 44 49
47: 2 40 41
48: 3 42 44
49: 4 35 46
50: 4 36 37
51: 3 43 45
52: 2 38 39

1: 2 3 4
2: 1 49 50
3: 1 47 52
4: 1 48 51
5: 6 7 46
6: 5 41 45
7: 5 40 44
8: 9 10 37
9: 8 31 32
10: 8 33 34
11: 14 23 42
12: 13 24 42
13: 12 23 43
14: 11 24 43
15: 18 26 35
16: 17 26 36
17: 16 25 35
18: 15 25 36
19: 22 28 29
20: 21 28 30
21: 20 27 29
22: 19 27 30
23: 11 13 31
24: 12 14 32
25: 17 18 34
26: 15 16 33
27: 21 22 32
28: 19 20 31
29: 19 21 33
30: 20 22 34
31: 9 23 28
32: 9 24 27
33: 10 26 29
34: 10 25 30
35: 15 17 38
36: 16 18 39
37: 8 38 39
38: 35 37 41
39: 36 37 40
40: 7 39 45
41: 6 38 44
42: 11 12 50
43: 13 14 47
44: 7 41 48
45: 6 40 48
46: 5 47 49
47: 3 43 46
48: 4 44 45
49: 2 46 52
50: 2 42 51
51: 4 50 52
52: 3 49 51

1: 2 3 4
2: 1 47 48
3: 1 50 52
4: 1 49 51
5: 6 7 46
6: 5 39 44
7: 5 43 45
8: 9 10 39
9: 8 36 38
10: 8 35 37
11: 12 40 41
12: 11 13 14
13: 12 19 20
14: 12 18 21
15: 20 23 24
16: 21 22 24
17: 18 19 40
18: 14 17 20
19: 13 17 21
20: 13 15 18
21: 14 16 19
22: 16 26 30
23: 15 25 29
24: 15 16 27
25: 23 28 30
26: 22 28 29
27: 24 31 41
28: 25 26 31
29: 23 26 32
30: 22 25 32
31: 27 28 34
32: 29 30 33
33: 32 34 38
34: 31 33 37
35: 10 38 42
36: 9 37 42
37: 10 34 36
38: 9 33 35
39: 6 8 43
40: 11 17 52
41: 11 27 51
42: 35 36 47
43: 7 39 48
44: 6 45 48
45: 7 44 47
46: 5 49 50
47: 2 42 45
48: 2 43 44
49: 4 46 52
50: 3 46 51
51: 4 41 50
52: 3 40 49

1: 2 3 4
2: 1 48 51
3: 1 47 52
4: 1 49 50
5: 9 10 12
6: 8 11 12
7: 8 9 13
8: 6 7 10
9: 5 7 11
10: 5 8 19
11: 6 9 20
12: 5 6 16
13: 7 16 17
14: 15 18 28
15: 14 21 27
16: 12 13 25
17: 13 18 27
18: 14 17 26
19: 10 22 24
20: 11 22 23
21: 15 25 26
22: 19 20 35
23: 20 30 33
24: 19 29 32
25: 16 21 35
26: 18 21 34
27: 15 17 34
28: 14 36 37
29: 24 31 33
30: 23 31 32
31: 29 30 46
32: 24 30 44
33: 23 29 44
34: 26 27 41
35: 22 25 45
36: 28 39 42
37: 28 38 43
38: 37 40 42
39: 36 40 43
40: 38 39 41
41: 34 40 48
42: 36 38 48
43: 37 39 49
44: 32 33 47
45: 35 46 50
46: 31 45 47
47: 3 44 46
48: 2 41 42
49: 4 43 52
50: 4 45 51
51: 2 50 52
52: 3 49 51

1: 2 3 4
2: 1 47 48
3: 1 50 52
4: 1 49 51
5: 6 7 43
6: 5 44 45
7: 5 34 35
8: 10 12 44
9: 11 13 45
10: 8 13 15
11: 9 12 15
12: 8 11 14
13: 9 10 14
14: 12 13 17
15: 10 11 16
16: 15 20 22
17: 14 21 23
18: 19 20 21
19: 18 22 23
20: 16 18 24
21: 17 18 25
22: 16 19 25
23: 17 19 24
24: 20 23 27
25: 21 22 26
26: 25 30 31
27: 24 28 29
28: 27 31 32
29: 27 30 33
30: 26 29 32
31: 26 28 33
32: 28 30 34
33: 29 31 35
34: 7 32 40
35: 7 33 39
36: 37 38 43
37: 36 40 42
38: 36 39 41
39: 35 38 42
40: 34 37 41
41: 38 40 48
42: 37 39 48
43: 5 36 47
44: 6 8 52
45: 6 9 51
46: 47 49 50
47: 2 43 46
48: 2 41 42
49: 4 46 52
50: 3 46 51
51: 4 45 50
52: 3 44 49

1: 2 3 4
2: 1 49 50
3: 1 48 52
4: 1 47 51
5: 6 43 46
6: 5 7 8
7: 6 39 41
8: 6 38 40
9: 10 11 42
10: 9 30 32
11: 9 29 31
12: 13 14 16
13: 12 15 17
14: 12 18 26
15: 13 18 27
16: 12 19 27
17: 13 19 26
18: 14 15 21
19: 16 17 20
20: 19 24 25
21: 18 22 23
22: 21 25 33
23: 21 24 34
24: 20 23 33
25: 20 22 34
26: 14 17 32
27: 15 16 31
28: 29 30 44
29: 11 28 32
30: 10 28 31
31: 11 27 30
32: 10 26 29
33: 22 24 36
34: 23 25 37
35: 36 37 43
36: 33 35 41
37: 34 35 40
38: 8 41 45
39: 7 40 45
40: 8 37 39
41: 7 36 38
42: 9 44 50
43: 5 35 48
44: 28 42 48
45: 38 39 47
46: 5 47 49
47: 4 45 46
48: 3 43 44
49: 2 46 52
50: 2 42 51
51: 4 50 52
52: 3 49 51

1: 2 3 4
2: 1 49 50
3: 1 48 52
4: 1 47 51
5: 6 7 46
6: 5 39 41
7: 5 38 40
8: 11 12 42
9: 12 34 45
10: 11 33 45
11: 8 10 34
12: 8 9 33
13: 14 15 30
14: 13 25 27
15: 13 24 26
16: 17 18 20
17: 16 19 21
18: 16 22 35
19: 17 22 36
20: 16 23 36
21: 17 23 35
22: 18 19 27
23: 20 21 26
24: 15 27 29
25: 14 26 29
26: 15 23 25
27: 14 22 24
28: 32 43 44
29: 24 25 31
30: 13 31 32
31: 29 30 34
32: 28 30 33
33: 10 12 32
34: 9 11 31
35: 18 21 41
36: 19 20 40
37: 38 39 43
38: 7 37 41
39: 6 37 40
40: 7 36 39
41: 6 35 38
42: 8 44 50
43: 28 37 47
44: 28 42 48
45: 9 10 48
46: 5 47 49
47: 4 43 46
48: 3 44 45
49: 2 46 52
50: 2 42 51
51: 4 50 52
52: 3 49 51

1: 2 3 4
2: 1 50 52
3: 1 47 51
4: 1 48 49
5: 6 32 36
6: 5 7 8
7: 6 29 31
8: 6 28 30
9: 11 14 15
10: 12 13 15
11: 9 13 25
12: 10 14 26
13: 10 11 17
14: 9 12 17
15: 9 10 16
16: 15 20 24
17: 13 14 23
18: 19 21 24
19: 18 22 23
20: 16 21 22
21: 18 20 35
22: 19 20 34
23: 17 19 35
24: 16 18 34
25: 11 31 33
26: 12 30 33
27: 28 29 32
28: 8 27 31
29: 7 27 30
30: 8 26 29
31: 7 25 28
32: 5 27 41
33: 25 26 37
34: 22 24 39
35: 21 23 38
36: 5 37 40
37: 33 36 51
38: 35 46 49
39: 34 45 48
40: 36 43 52
41: 32 42 50
42: 41 44 52
43: 40 44 50
44: 42 43 51
45: 39 47 49
46: 38 47 48
47: 3 45 46
48: 4 39 46
49: 4 38 45
50: 2 41 43
51: 3 37 44
52: 2 40 42

1: 2 3 4
2: 1 49 50
3: 1 47 52
4: 1 48 51
5: 6 7 46
6: 5 41 45
7: 5 40 44
8: 9 10 37
9: 8 32 34
10: 8 31 33
11: 16 18 22
12: 17 26 42
13: 17 25 43
14: 19 28 35
15: 19 27 36
16: 11 21 30
17: 12 13 30
18: 11 20 29
19: 14 15 29
20: 18 21 24
21: 16 20 23
22: 11 23 24
23: 21 22 34
24: 20 22 33
25: 13 31 42
26: 12 31 43
27: 15 32 35
28: 14 32 36
29: 18 19 34
30: 16 17 33
31: 10 25 26
32: 9 27 28
33: 10 24 30
34: 9 23 29
35: 14 27 38
36: 15 28 39
37: 8 38 39
38: 35 37 41
39: 36 37 40
40: 7 39 45
41: 6 38 44
42: 12 25 50
43: 13 26 47
44: 7 41 48
45: 6 40 48
46: 5 47 49
47: 3 43 46
48: 4 44 45
49: 2 46 52
50: 2 42 51
51: 4 50 52
52: 3 49 51

1: 2 3 4
2: 1 47 48
3: 1 50 52
4: 1 49 51
5: 6 7 46
6: 5 39 45
7: 5 43 44
8: 36 38 39
9: 35 37 39
10: 11 12 31
11: 10 26 28
12: 10 25 27
13: 14 29 33
14: 13 17 19
15: 16 18 32
16: 15 19 20
17: 14 18 20
18: 15 17 22
19: 14 16 22
20: 16 17 21
21: 20 24 29
22: 18 19 23
23: 22 24 28
24: 21 23 27
25: 12 28 30
26: 11 27 30
27: 12 24 26
28: 11 23 25
29: 13 21 42
30: 25 26 41
31: 10 41 42
32: 15 33 38
33: 13 32 37
34: 35 36 40
35: 9 34 38
36: 8 34 37
37: 9 33 36
38: 8 32 35
39: 6 8 9
40: 34 44 48
41: 30 31 52
42: 29 31 51
43: 7 45 48
44: 7 40 47
45: 6 43 47
46: 5 49 50
47: 2 44 45
48: 2 40 43
49: 4 46 52
50: 3 46 51
51: 4 42 50
52: 3 41 49

1: 2 3 4
2: 1 49 50
3: 1 48 52
4: 1 47 51
5: 6 7 46
6: 5 39 41
7: 5 38 40
8: 11 42 43
9: 14 15 45
10: 13 17 45
11: 8 35 36
12: 13 14 44
13: 10 12 15
14: 9 12 17
15: 9 13 16
16: 15 20 24
17: 10 14 23
18: 19 21 24
19: 18 22 23
20: 16 21 22
21: 18 20 26
22: 19 20 25
23: 17 19 26
24: 16 18 25
25: 22 24 28
26: 21 23 27
27: 26 31 32
28: 25 29 30
29: 28 32 33
30: 28 31 34
31: 27 30 33
32: 27 29 34
33: 29 31 35
34: 30 32 36
35: 11 33 41
36: 11 34 40
37: 38 39 43
38: 7 37 41
39: 6 37 40
40: 7 36 39
41: 6 35 38
42: 8 44 50
43: 8 37 47
44: 12 42 48
45: 9 10 48
46: 5 47 49
47: 4 43 46
48: 3 44 45
49: 2 46 52
50: 2 42 51
51: 4 50 52
52: 3 49 51

1: 2 3 4
2: 1 47 48
3: 1 49 50
4: 1 51 52
5: 6 9 11
6: 5 10 12
7: 9 10 16
8: 11 12 15
9: 5 7 13
10: 6 7 14
11: 5 8 14
12: 6 8 13
13: 9 12 24
14: 10 11 23
15: 8 21 22
16: 7 19 20
17: 28 34 40
18: 28 33 41
19: 16 22 46
20: 16 21 45
21: 15 20 46
22: 15 19 45
23: 14 27 44
24: 13 26 43
25: 26 27 42
26: 24 25 44
27: 23 25 43
28: 17 18 42
29: 32 36 39
30: 31 37 39
31: 30 36 38
32: 29 37 38
33: 18 35 40
34: 17 35 41
35: 33 34 47
36: 29 31 49
37: 30 32 50
38: 31 32 52
39: 29 30 51
40: 17 33 51
41: 18 34 52
42: 25 28 47
43: 24 27 48
44: 23 26 48
45: 20 22 50
46: 19 21 49
47: 2 35 42
48: 2 43 44
49: 3 36 46
50: 3 37 45
51: 4 39 40
52: 4 38 41

1: 2 3 4
2: 1 47 48
3: 1 49 52
4: 1 50 51
5: 6 7 26
6: 5 25 28
7: 5 24 27
8: 11 12 29
9: 10 12 30
10: 9 14 29
11: 8 14 30
12: 8 9 13
13: 12 17 21
14: 10 11 20
15: 16 18 21
16: 15 19 20
17: 13 18 19
18: 15 17 23
19: 16 17 22
20: 14 16 23
21: 13 15 22
22: 19 21 25
23: 18 20 24
24: 7 23 28
25: 6 22 27
26: 5 31 36
27: 7 25 35
28: 6 24 35
29: 8 10 37
30: 9 11 38
31: 26 39 40
32: 36 41 42
33: 38 45 46
34: 37 43 44
35: 27 28 47
36: 26 32 47
37: 29 34 48
38: 30 33 48
39: 31 42 52
40: 31 41 51
41: 32 40 52
42: 32 39 51
43: 34 46 49
44: 34 45 50
45: 33 44 49
46: 33 43 50
47: 2 35 36
48: 2 37 38
49: 3 43 45
50: 4 44 46
51: 4 40 42
52: 3 39 41

1: 2 3 4
2: 1 50 51
3: 1 47 52
4: 1 48 49
5: 6 9 11
6: 5 10 12
7: 9 10 36
8: 11 12 35
9: 5 7 15
10: 6 7 16
11: 5 8 16
12: 6 8 15
13: 17 20 33
14: 18 21 34
15: 9 12 23
16: 10 11 22
17: 13 19 21
18: 14 19 20
19: 17 18 27
20: 13 18 30
21: 14 17 30
22: 16 26 29
23: 15 25 28
24: 25 26 27
25: 23 24 29
26: 22 24 28
27: 19 24 31
28: 23 26 32
29: 22 25 32
30: 20 21 31
31: 27 30 40
32: 28 29 40
33: 13 37 39
34: 14 37 38
35: 8 42 44
36: 7 41 43
37: 33 34 50
38: 34 46 49
39: 33 45 48
40: 31 32 50
41: 36 44 52
42: 35 43 52
43: 36 42 51
44: 35 41 51
45: 39 47 49
46: 38 47 48
47: 3 45 46
48: 4 39 46
49: 4 38 45
50: 2 37 40
51: 2 43 44
52: 3 41 42

1: 2 3 4
2: 1 50 52
3: 1 49 51
4: 1 47 48
5: 8 9 40
6: 39 44 45
7: 38 43 45
8: 5 37 39
9: 5 35 36
10: 30 37 38
11: 12 13 37
12: 11 32 34
13: 11 31 33
14: 17 18 28
15: 16 18 29
16: 15 20 28
17: 14 20 29
18: 14 15 19
19: 18 23 27
20: 16 17 26
21: 22 24 27
22: 21 25 26
23: 19 24 25
24: 21 23 42
25: 22 23 41
26: 20 22 42
27: 19 21 41
28: 14 16 35
29: 15 17 36
30: 10 31 32
31: 13 30 34
32: 12 30 33
33: 13 32 36
34: 12 31 35
35: 9 28 34
36: 9 29 33
37: 8 10 11
38: 7 10 44
39: 6 8 43
40: 5 46 47
41: 25 27 52
42: 24 26 51
43: 7 39 48
44: 6 38 48
45: 6 7 47
46: 40 49 50
47: 4 40 45
48: 4 43 44
49: 3 46 52
50: 2 46 51
51: 3 42 50
52: 2 41 49

1: 2 3 4
2: 1 50 52
3: 1 48 49
4: 1 47 51
5: 7 20 22
6: 8 20 21
7: 5 9 21
8: 6 10 22
9: 7 15 16
10: 8 13 14
11: 12 14 15
12: 11 13 16
13: 10 12 17
14: 10 11 18
15: 9 11 17
16: 9 12 18
17: 13 15 34
18: 14 16 35
19: 23 26 29
20: 5 6 24
21: 6 7 25
22: 5 8 25
23: 19 24 27
24: 20 23 31
25: 21 22 31
26: 19 28 32
27: 23 28 33
28: 26 27 30
29: 19 30 33
30: 28 29 40
31: 24 25 40
32: 26 36 39
33: 27 29 38
34: 17 42 44
35: 18 41 43
36: 32 37 38
37: 36 46 49
38: 33 36 50
39: 32 45 48
40: 30 31 50
41: 35 44 52
42: 34 43 52
43: 35 42 51
44: 34 41 51
45: 39 47 49
46: 37 47 48
47: 4 45 46
48: 3 39 46
49: 3 37 45
50: 2 38 40
51: 4 43 44
52: 2 41 42

1: 2 3 4
2: 1 50 52
3: 1 49 51
4: 1 47 48
5: 8 9 40
6: 9 39 45
7: 8 38 45
8: 5 7 39
9: 5 6 38
10: 11 12 44
11: 10 32 34
12: 10 31 33
13: 17 22 28
14: 16 23 28
15: 16 17 43
16: 14 15 22
17: 13 15 23
18: 19 25 26
19: 18 24 27
20: 22 26 27
21: 23 24 25
22: 13 16 20
23: 14 17 21
24: 19 21 41
25: 18 21 42
26: 18 20 41
27: 19 20 42
28: 13 14 29
29: 28 30 34
30: 29 33 43
31: 12 34 35
32: 11 33 35
33: 12 30 32
34: 11 29 31
35: 31 32 37
36: 37 39 44
37: 35 36 38
38: 7 9 37
39: 6 8 36
40: 5 46 47
41: 24 26 51
42: 25 27 52
43: 15 30 48
44: 10 36 48
45: 6 7 47
46: 40 49 50
47: 4 40 45
48: 4 43 44
49: 3 46 52
50: 2 46 51
51: 3 41 50
52: 2 42 49

1: 2 3 4
2: 1 51 52
3: 1 49 50
4: 1 47 48
5: 6 10 19
6: 5 11 12
7: 8 10 11
8: 7 9 12
9: 8 14 20
10: 5 7 13
11: 6 7 14
12: 6 8 13
13: 10 12 16
14: 9 11 15
15: 14 18 30
16: 13 17 29
17: 16 30 31
18: 15 29 31
19: 5 22 24
20: 9 21 23
21: 20 24 25
22: 19 23 25
23: 20 22 27
24: 19 21 27
25: 21 22 26
26: 25 28 36
27: 23 24 36
28: 26 32 35
29: 16 18 38
30: 15 17 38
31: 17 18 37
32: 28 34 40
33: 34 35 39
34: 32 33 42
35: 28 33 43
36: 26 27 44
37: 31 41 45
38: 29 30 41
39: 33 40 44
40: 32 39 43
41: 37 38 52
42: 34 46 48
43: 35 40 48
44: 36 39 47
45: 37 47 50
46: 42 49 51
47: 4 44 45
48: 4 42 43
49: 3 46 52
50: 3 45 51
51: 2 46 50
52: 2 41 49

1: 2 3 4
2: 1 50 52
3: 1 49 51
4: 1 47 48
5: 8 9 40
6: 9 39 45
7: 8 38 45
8: 5 7 39
9: 5 6 38
10: 11 12 44
11: 10 14 15
12: 10 13 16
13: 12 15 17
14: 11 16 17
15: 11 13 41
16: 12 14 42
17: 13 14 19
18: 19 21 44
19: 17 18 20
20: 19 24 25
21: 18 22 23
22: 21 25 26
23: 21 24 27
24: 20 23 26
25: 20 22 27
26: 22 24 28
27: 23 25 29
28: 26 34 35
29: 27 32 33
30: 31 33 34
31: 30 32 35
32: 29 31 36
33: 29 30 37
34: 28 30 36
35: 28 31 37
36: 32 34 38
37: 33 35 39
38: 7 9 36
39: 6 8 37
40: 5 46 47
41: 15 43 52
42: 16 43 51
43: 41 42 48
44: 10 18 48
45: 6 7 47
46: 40 49 50
47: 4 40 45
48: 4 43 44
49: 3 46 52
50: 2 46 51
51: 3 42 50
52: 2 41 49

1: 2 3 4
2: 1 50 52
3: 1 49 51
4: 1 47 48
5: 6 7 46
6: 5 43 44
7: 5 42 45
8: 12 13 27
9: 10 11 26
10: 9 13 20
11: 9 12 21
12: 8 11 20
13: 8 10 21
14: 17 18 23
15: 16 19 23
16: 15 18 22
17: 14 19 22
18: 14 16 42
19: 15 17 43
20: 10 12 24
21: 11 13 25
22: 16 17 25
23: 14 15 24
24: 20 23 29
25: 21 22 29
26: 9 28 30
27: 8 28 31
28: 26 27 37
29: 24 25 37
30: 26 32 35
31: 27 33 36
32: 30 34 36
33: 31 34 35
34: 32 33 38
35: 30 33 39
36: 31 32 39
37: 28 29 38
38: 34 37 41
39: 35 36 40
40: 39 41 52
41: 38 40 51
42: 7 18 48
43: 6 19 47
44: 6 45 48
45: 7 44 47
46: 5 49 50
47: 4 43 45
48: 4 42 44
49: 3 46 52
50: 2 46 51
51: 3 41 50
52: 2 40 49

1: 2 3 4
2: 1 47 48
3: 1 50 52
4: 1 49 51
5: 6 7 43
6: 5 33 35
7: 5 31 32
8: 12 26 33
9: 11 25 33
10: 11 12 34
11: 9 10 26
12: 8 10 25
13: 14 15 24
14: 13 21 22
15: 13 20 23
16: 17 28 29
17: 16 27 30
18: 22 29 30
19: 23 27 28
20: 15 22 31
21: 14 23 31
22: 14 18 20
23: 15 19 21
24: 13 26 32
25: 9 12 32
26: 8 11 24
27: 17 19 44
28: 16 19 45
29: 16 18 44
30: 17 18 45
31: 7 20 21
32: 7 24 25
33: 6 8 9
34: 10 35 40
35: 6 34 39
36: 37 38 43
37: 36 40 42
38: 36 39 41
39: 35 38 42
40: 34 37 41
41: 38 40 48
42: 37 39 48
43: 5 36 47
44: 27 29 51
45: 28 30 52
46: 47 49 50
47: 2 43 46
48: 2 41 42
49: 4 46 52
50: 3 46 51
51: 4 44 50
52: 3 45 49

1: 2 3 4
2: 1 48 51
3: 1 49 50
4: 1 47 52
5: 32 34 35
6: 31 33 35
7: 9 10 39
8: 11 12 30
9: 7 12 24
10: 7 11 23
11: 8 10 24
12: 8 9 23
13: 14 17 19
14: 13 18 20
15: 17 18 28
16: 19 20 27
17: 13 15 21
18: 14 15 22
19: 13 16 22
20: 14 16 21
21: 17 20 24
22: 18 19 23
23: 10 12 22
24: 9 11 21
25: 28 37 38
26: 27 36 38
27: 16 26 37
28: 15 25 36
29: 30 34 39
30: 8 29 33
31: 6 34 40
32: 5 33 40
33: 6 30 32
34: 5 29 31
35: 5 6 45
36: 26 28 41
37: 25 27 41
38: 25 26 43
39: 7 29 42
40: 31 32 44
41: 36 37 47
42: 39 46 48
43: 38 46 50
44: 40 45 48
45: 35 44 49
46: 42 43 47
47: 4 41 46
48: 2 42 44
49: 3 45 52
50: 3 43 51
51: 2 50 52
52: 4 49 51

1: 2 3 4
2: 1 49 50
3: 1 48 52
4: 1 47 51
5: 6 7 46
6: 5 40 42
7: 5 39 41
8: 9 10 43
9: 8 31 33
10: 8 30 32
11: 14 15 36
12: 13 35 36
13: 12 16 17
14: 11 17 18
15: 11 16 19
16: 13 15 18
17: 13 14 19
18: 14 16 20
19: 15 17 21
20: 18 26 27
21: 19 24 25
22: 23 25 26
23: 22 24 27
24: 21 23 28
25: 21 22 29
26: 20 22 28
27: 20 23 29
28: 24 26 32
29: 25 27 33
30: 10 33 45
31: 9 32 45
32: 10 28 31
33: 9 29 30
34: 38 41 44
35: 12 37 41
36: 11 12 40
37: 35 39 44
38: 34 39 40
39: 7 37 38
40: 6 36 38
41: 7 34 35
42: 6 43 50
43: 8 42 48
44: 34 37 47
45: 30 31 48
46: 5 47 49
47: 4 44 46
48: 3 43 45
49: 2 46 52
50: 2 42 51
51: 4 50 52
52: 3 49 51

1: 2 3 4
2: 1 50 52
3: 1 49 51
4: 1 47 48
5: 8 40 41
6: 39 44 45
7: 38 43 45
8: 5 11 12
9: 35 41 42
10: 36 37 42
11: 8 31 34
12: 8 32 33
13: 14 17 19
14: 13 18 20
15: 17 18 39
16: 19 20 38
17: 13 15 21
18: 14 15 22
19: 13 16 22
20: 14 16 21
21: 17 20 24
22: 18 19 23
23: 22 29 30
24: 21 27 28
25: 31 35 37
26: 32 35 36
27: 24 30 34
28: 24 29 33
29: 23 28 34
30: 23 27 33
31: 11 25 36
32: 12 26 37
33: 12 28 30
34: 11 27 29
35: 9 25 26
36: 10 26 31
37: 10 25 32
38: 7 16 44
39: 6 15 43
40: 5 46 47
41: 5 9 52
42: 9 10 51
43: 7 39 48
44: 6 38 48
45: 6 7 47
46: 40 49 50
47: 4 40 45
48: 4 43 44
49: 3 46 52
50: 2 46 51
51: 3 42 50
52: 2 41 49

1: 2 3 4
2: 1 47 52
3: 1 48 51
4: 1 49 50
5: 6 38 46
6: 5 39 40
7: 8 9 41
8: 7 37 43
9: 7 36 42
10: 12 14 44
11: 13 15 45
12: 10 15 17
13: 11 14 17
14: 10 13 16
15: 11 12 16
16: 14 15 18
17: 12 13 19
18: 16 20 22
19: 17 21 23
20: 18 23 25
21: 19 22 25
22: 18 21 24
23: 19 20 24
24: 22 23 27
25: 20 21 26
26: 25 30 32
27: 24 31 33
28: 29 30 31
29: 28 32 33
30: 26 28 34
31: 27 28 35
32: 26 29 35
33: 27 29 34
34: 30 33 37
35: 31 32 36
36: 9 35 43
37: 8 34 42
38: 5 41 52
39: 6 45 50
40: 6 44 49
41: 7 38 47
42: 9 37 48
43: 8 36 48
44: 10 40 50
45: 11 39 49
46: 5 47 51
47: 2 41 46
48: 3 42 43
49: 4 40 45
50: 4 39 44
51: 3 46 52
52: 2 38 51

1: 2 3 4
2: 1 49 50
3: 1 47 52
4: 1 48 51
5: 6 7 46
6: 5 41 45
7: 5 40 44
8: 11 12 42
9: 10 12 43
10: 9 14 42
11: 8 14 43
12: 8 9 13
13: 12 17 21
14: 10 11 20
15: 16 18 21
16: 15 19 20
17: 13 18 19
18: 15 17 23
19: 16 17 22
20: 14 16 23
21: 13 15 22
22: 19 21 25
23: 18 20 24
24: 23 28 29
25: 22 26 27
26: 25 29 30
27: 25 28 31
28: 24 27 30
29: 24 26 31
30: 26 28 32
31: 27 29 33
32: 30 36 37
33: 31 34 35
34: 33 37 38
35: 33 36 39
36: 32 35 38
37: 32 34 39
38: 34 36 40
39: 35 37 41
40: 7 38 45
41: 6 39 44
42: 8 10 50
43: 9 11 47
44: 7 41 48
45: 6 40 48
46: 5 47 49
47: 3 43 46
48: 4 44 45
49: 2 46 52
50: 2 42 51
51: 4 50 52
52: 3 49 51

1: 2 3 4
2: 1 48 51
3: 1 47 52
4: 1 49 50
5: 8 9 12
6: 7 10 12
7: 6 9 11
8: 5 10 11
9: 5 7 13
10: 6 8 14
11: 7 8 15
12: 5 6 16
13: 9 21 22
14: 10 19 20
15: 11 17 23
16: 12 18 24
17: 15 24 25
18: 16 23 25
19: 14 22 26
20: 14 21 27
21: 13 20 26
22: 13 19 27
23: 15 18 28
24: 16 17 28
25: 17 18 29
26: 19 21 31
27: 20 22 32
28: 23 24 30
29: 25 37 43
30: 28 40 46
31: 26 39 45
32: 27 38 44
33: 34 40 43
34: 33 37 46
35: 36 38 45
36: 35 39 44
37: 29 34 41
38: 32 35 42
39: 31 36 42
40: 30 33 41
41: 37 40 50
42: 38 39 49
43: 29 33 47
44: 32 36 48
45: 31 35 48
46: 30 34 47
47: 3 43 46
48: 2 44 45
49: 4 42 52
50: 4 41 51
51: 2 50 52
52: 3 49 51

1: 2 3 4
2: 1 47 48
3: 1 50 52
4: 1 49 51
5: 6 7 44
6: 5 8 23
7: 5 9 22
8: 6 16 45
9: 7 17 46
10: 14 15 29
11: 12 13 28
12: 11 18 34
13: 11 19 35
14: 10 20 36
15: 10 21 37
16: 8 18 19
17: 9 20 21
18: 12 16 24
19: 13 16 25
20: 14 17 26
21: 15 17 27
22: 7 26 27
23: 6 24 25
24: 18 23 31
25: 19 23 30
26: 20 22 33
27: 21 22 32
28: 11 30 31
29: 10 32 33
30: 25 28 43
31: 24 28 42
32: 27 29 41
33: 26 29 40
34: 12 39 43
35: 13 39 42
36: 14 38 41
37: 15 38 40
38: 36 37 50
39: 34 35 49
40: 33 37 52
41: 32 36 52
42: 31 35 51
43: 30 34 51
44: 5 47 48
45: 8 48 50
46: 9 47 49
47: 2 44 46
48: 2 44 45
49: 4 39 46
50: 3 38 45
51: 4 42 43
52: 3 40 41

1: 11 12 34
2: 9 10 16
3: 5 23 33
4: 6 12 28
5: 3 13 21
6: 4 11 20
7: 8 9 17
8: 7 10 19
9: 2 7 22
10: 2 8 29
11: 1 6 18
12: 1 4 27
13: 5 24 26
14: 15 17 18
15: 14 19 20
16: 2 25 30
17: 7 14 42
18: 11 14 35
19: 8 15 39
20: 6 15 38
21: 5 31 37
22: 9 25 43
23: 3 24 46
24: 13 23 47
25: 16 22 48
26: 13 31 45
27: 12 32 36
28: 4 32 38
29: 10 30 39
30: 16 29 44
31: 21 26 40
32: 27 28 40
33: 3 37 41
34: 1 35 36
35: 18 34 52
36: 27 34 51
37: 21 33 51
38: 20 28 50
39: 19 29 50
40: 31 32 51
41: 33 46 52
42: 17 43 52
43: 22 42 49
44: 30 48 50
45: 26 47 50
46: 23 41 49
47: 24 45 49
48: 25 44 49
49: 43 46 47 48
50: 38 39 44 45
51: 36 37 40 52
52: 35 41 42 51

1: 37 38 47
2: 35 36 38
3: 4 19 47
4: 3 7 37
5: 6 36 42
6: 5 7 35
7: 4 6 8
8: 7 9 42
9: 8 10 11
10: 9 34 46
11: 9 32 33
12: 13 14 46
13: 12 31 45
14: 12 30 34
15: 16 31 39
16: 15 17 40
17: 16 23 30
18: 24 29 41
19: 3 27 44
20: 21 22 44
21: 20 29 43
22: 20 27 28
23: 17 32 34
24: 18 25 26
25: 24 32 40
26: 24 28 33
27: 19 22 33
28: 22 26 29
29: 18 21 28
30: 14 17 31
31: 13 15 30
32: 11 23 25
33: 11 26 27
34: 10 14 23
35: 2 6 37
36: 2 5 48
37: 1 4 35
38: 1 2 52
39: 15 45 51
40: 16 25 51
41: 18 43 51
42: 5 8 49
43: 21 41 50
44: 19 20 50
45: 13 39 49
46: 10 12 49
47: 1 3 50
48: 36 49 52
49: 42 45 46 48
50: 43 44 47 52
51: 39 40 41 52
52: 38 48 50 51

1: 2 3 48
2: 1 35 47
3: 1 34 46
4: 5 6 24
5: 4 15 23
6: 4 13 14
7: 15 16 18
8: 9 19 21
9: 8 12 25
10: 11 22 27
11: 10 12 21
12: 9 11 28
13: 6 15 20
14: 6 17 19
15: 5 7 13
16: 7 23 44
17: 14 25 40
18: 7 20 43
19: 8 14 41
20: 13 18 41
21: 8 11 42
22: 10 26 42
23: 5 16 39
24: 4 39 40
25: 9 17 37
26: 22 29 38
27: 10 28 38
28: 12 27 37
29: 26 31 36
30: 33 36 47
31: 29 32 33
32: 31 34 45
33: 30 31 35
34: 3 32 35
35: 2 33 34
36: 29 30 52
37: 25 28 52
38: 26 27 52
39: 23 24 49
40: 17 24 51
41: 19 20 50
42: 21 22 50
43: 18 44 50
44: 16 43 49
45: 32 46 50
46: 3 45 49
47: 2 30 51
48: 1 49 51
49: 39 44 46 48
50: 41 42 43 45
51: 40 47 48 52
52: 36 37 38 51

1: 11 12 17
2: 9 10 12
3: 4 16 21
4: 3 7 29
5: 6 8 22
6: 5 7 30
7: 4 6 20
8: 5 13 18
9: 2 11 26
10: 2 15 19
11: 1 9 25
12: 1 2 31
13: 8 27 28
14: 18 22 47
15: 10 21 32
16: 3 19 20
17: 1 23 24
18: 8 14 41
19: 10 16 35
20: 7 16 36
21: 3 15 40
22: 5 14 39
23: 17 25 44
24: 17 31 43
25: 11 23 38
26: 9 32 38
27: 13 33 41
28: 13 34 36
29: 4 30 40
30: 6 29 39
31: 12 24 35
32: 15 26 37
33: 27 34 45
34: 28 33 42
35: 19 31 52
36: 20 28 52
37: 32 48 51
38: 25 26 50
39: 22 30 51
40: 21 29 51
41: 18 27 49
42: 34 46 52
43: 24 44 52
44: 23 43 50
45: 33 46 49
46: 42 45 50
47: 14 49 51
48: 37 49 50
49: 41 45 47 48
50: 38 44 46 48
51: 37 39 40 47
52: 35 36 42 43

1: 15 21 22
2: 11 16 23
3: 9 26 28
4: 10 18 24
5: 8 11 17
6: 7 11 25
7: 6 8 29
8: 5 7 27
9: 3 10 19
10: 4 9 20
11: 2 5 6
12: 29 32 40
13: 14 27 38
14: 13 28 39
15: 1 26 44
16: 2 17 45
17: 5 16 35
18: 4 19 34
19: 9 18 33
20: 10 21 36
21: 1 20 37
22: 1 30 48
23: 2 25 46
24: 4 31 36
25: 6 23 40
26: 3 15 39
27: 8 13 35
28: 3 14 33
29: 7 12 38
30: 22 37 43
31: 24 34 47
32: 12 41 42
33: 19 28 50
34: 18 31 50
35: 17 27 52
36: 20 24 49
37: 21 30 49
38: 13 29 50
39: 14 26 52
40: 12 25 51
41: 32 47 50
42: 32 43 49
43: 30 42 51
44: 15 48 52
45: 16 46 52
46: 23 45 51
47: 31 41 49
48: 22 44 51
49: 36 37 42 47
50: 33 34 38 41
51: 40 43 46 48
52: 35 39 44 45

1: 42 49 52
2: 43 48 52
3: 46 47 52
4: 45 51 52
5: 44 50 52
6: 9 11 12
7: 9 10 13
8: 9 14 15
9: 6 7 8
10: 7 11 19
11: 6 10 18
12: 6 14 20
13: 7 15 21
14: 8 12 23
15: 8 13 22
16: 19 21 31
17: 18 20 30
18: 11 17 25
19: 10 16 24
20: 12 17 27
21: 13 16 26
22: 15 23 29
23: 14 22 28
24: 19 25 37
25: 18 24 36
26: 21 29 41
27: 20 28 40
28: 23 27 39
29: 22 26 38
30: 17 33 35
31: 16 32 34
32: 31 37 49
33: 30 36 48
34: 31 41 50
35: 30 40 51
36: 25 33 43
37: 24 32 42
38: 29 39 47
39: 28 38 46
40: 27 35 45
41: 26 34 44
42: 1 37 43
43: 2 36 42
44: 5 41 47
45: 4 40 46
46: 3 39 45
47: 3 38 44
48: 2 33 51
49: 1 32 50
50: 5 34 49
51: 4 35 48
52: 1 2 3 4 5

