1: 2 3
2: 1 16
3: 1 16
4: 5 6
5: 4 15
6: 4 15
7: 8 9
8: 7 14
9: 7 14
10: 11 12
11: 10 13
12: 10 13
13: 11 12
14: 8 9
15: 5 6
16: 2 3

1: 2 3 4
2: 1 11 12
3: 1 13 14
4: 1 15 16
5: 6 11 12
6: 5 11 12
7: 8 13 14
8: 7 13 14
9: 10 15 16
10: 9 15 16
11: 2 5 6 12
12: 2 5 6 11
13: 3 7 8 14
14: 3 7 8 13
15: 4 9 10 16
16: 4 9 10 15

1: 9 10 16
2: 8 11 16
3: 6 14 16
4: 7 15 16
5: 12 13 16
6: 3 7 13
7: 4 6 12
8: 2 9 14
9: 1 8 15
10: 1 13 14
11: 2 12 15
12: 5 7 11 14
13: 5 6 10 15
14: 3 8 10 12
15: 4 9 11 13
16: 1 2 3 4 5

1: 2 3 4
2: 1 14 15
3: 1 14 16
4: 1 15 16
5: 6 7 8
6: 5 10 11
7: 5 10 12
8: 5 11 12
9: 10 11 12
10: 6 7 9
11: 6 8 9
12: 7 8 9
13: 14 15 16
14: 2 3 13
15: 2 4 13
16: 3 4 13

1: 2 3
2: 1 15
3: 1 16
4: 5 6
5: 4 10
6: 4 11
7: 8 9
8: 7 10
9: 7 11
10: 5 8
11: 6 9
12: 13 14
13: 12 15
14: 12 16
15: 2 13
16: 3 14

1: 2 3
2: 1 4
3: 1 5
4: 2 5
5: 3 4
6: 7 10
7: 6 13
8: 9 11
9: 8 12
10: 6 14 16
11: 8 15 16
12: 9 15 16
13: 7 14 16
14: 10 13 15
15: 11 12 14
16: 10 11 12 13

1: 2 9
2: 1 16
3: 4 12
4: 3 15
5: 6 13
6: 5 14
7: 8 10
8: 7 11
9: 1 10 11
10: 7 9 16
11: 8 9 16
12: 3 13 14
13: 5 12 15
14: 6 12 15
15: 4 13 14
16: 2 10 11

1: 2 3 4
2: 1 15 16
3: 1 12 16
4: 1 13 14
5: 6 7 15
6: 5 10 11
7: 5 10 11
8: 9 13 14
9: 8 13 14
10: 6 7 11
11: 6 7 10
12: 3 15 16
13: 4 8 9
14: 4 8 9
15: 2 5 12
16: 2 3 12

1: 14
2: 16
3: 15
4: 11 14
5: 12 14
6: 13 16
7: 13 15
8: 11 16
9: 12 15
10: 11 12 13
11: 4 8 10
12: 5 9 10
13: 6 7 10
14: 1 4 5
15: 3 7 9
16: 2 6 8

1: 6 12 16
2: 7 13 16
3: 10 11 16
4: 8 15 16
5: 9 14 16
6: 1 7 11
7: 2 6 10
8: 4 9 12
9: 5 8 13
10: 3 7 15
11: 3 6 14
12: 1 8 14
13: 2 9 15
14: 5 11 12 15
15: 4 10 13 14
16: 1 2 3 4 5

1: 6 7 16
2: 8 13 16
3: 9 12 16
4: 10 14 16
5: 11 15 16
6: 1 13 15
7: 1 12 14
8: 2 9 10
9: 3 8 11
10: 4 8 12
11: 5 9 13
12: 3 7 10
13: 2 6 11
14: 4 7 15
15: 5 6 14
16: 1 2 3 4 5

1: 2 3 14
2: 1 12 15
3: 1 11 16
4: 7 8 14
5: 9 12 14
6: 10 11 14
7: 4 10 15
8: 4 9 16
9: 5 8 15
10: 6 7 16
11: 3 6 15
12: 2 5 16
13: 14 15 16
14: 1 4 5 6 13
15: 2 7 9 11 13
16: 3 8 10 12 13

1: 10
2: 9
3: 5 11
4: 6 12
5: 3 14
6: 4 13
7: 11 16
8: 12 15
9: 2 16
10: 1 15
11: 3 7 13
12: 4 8 14
13: 6 11 16
14: 5 12 15
15: 8 10 14
16: 7 9 13

1: 2 3 4
2: 1 15 16
3: 1 15 16
4: 1 13 14
5: 6 7 8
6: 5 7 8
7: 5 6 10
8: 5 6 10
9: 12 15 16
10: 7 8 11
11: 10 13 14
12: 9 13 14
13: 4 11 12
14: 4 11 12
15: 2 3 9
16: 2 3 9

1: 2 3 4
2: 1 13 15
3: 1 14 16
4: 1 11 12
5: 6 7 12
6: 5 8 11
7: 5 9 11
8: 6 10 12
9: 7 15 16
10: 8 13 14
11: 4 6 7
12: 4 5 8
13: 2 10 16
14: 3 10 15
15: 2 9 14
16: 3 9 13

1: 2 3 4
2: 1 11 14
3: 1 12 16
4: 1 13 15
5: 8 9 10
6: 7 9 10
7: 6 8 12
8: 5 7 13
9: 5 6 11
10: 5 6 11
11: 2 9 10
12: 3 7 15
13: 4 8 16
14: 2 15 16
15: 4 12 14
16: 3 13 14

1: 2 3 4
2: 1 15 16
3: 1 13 15
4: 1 14 16
5: 6 15 16
6: 5 7 8
7: 6 9 11
8: 6 10 12
9: 7 12 14
10: 8 11 14
11: 7 10 13
12: 8 9 13
13: 3 11 12
14: 4 9 10
15: 2 3 5
16: 2 4 5

1: 2 3 4
2: 1 15 16
3: 1 15 16
4: 1 13 14
5: 6 15 16
6: 5 7 8
7: 6 9 11
8: 6 10 12
9: 7 10 13
10: 8 9 14
11: 7 12 14
12: 8 11 13
13: 4 9 12
14: 4 10 11
15: 2 3 5
16: 2 3 5

1: 15
2: 14
3: 13 16
4: 13 16
5: 12 16
6: 11 16
7: 8 11
8: 7 10
9: 12 15
10: 8 14
11: 6 7
12: 5 9
13: 3 4
14: 2 10
15: 1 9
16: 3 4 5 6

1: 9 13
2: 9 13
3: 12 14
4: 12 14
5: 10 16
6: 10 16
7: 11 15
8: 11 15
9: 1 2 16
10: 5 6 13
11: 7 8 14
12: 3 4 15
13: 1 2 10 14
14: 3 4 11 13
15: 7 8 12 16
16: 5 6 9 15

1: 11 12 13
2: 11 12 14
3: 11 13 16
4: 12 13 15
5: 13 14 16
6: 13 14 15
7: 11 14 15
8: 12 14 16
9: 11 15 16
10: 12 15 16
11: 1 2 3 7 9
12: 1 2 4 8 10
13: 1 3 4 5 6
14: 2 5 6 7 8
15: 4 6 7 9 10
16: 3 5 8 9 10

1: 2 3 4
2: 1 11 12
3: 1 13 16
4: 1 14 15
5: 6 11 12
6: 5 11 12
7: 8 13 16
8: 7 13 16
9: 10 14 15
10: 9 14 15
11: 2 5 6
12: 2 5 6
13: 3 7 8
14: 4 9 10
15: 4 9 10
16: 3 7 8

1: 12 13
2: 11 14
3: 13 16
4: 14 15
5: 10 12
6: 9 11
7: 9 13 15
8: 10 14 16
9: 6 7 10
10: 5 8 9
11: 2 6 16
12: 1 5 15
13: 1 3 7
14: 2 4 8
15: 4 7 12 16
16: 3 8 11 15

1: 13 16
2: 14 15
3: 7 13
4: 8 14
5: 7 12
6: 8 11
7: 3 5 15
8: 4 6 16
9: 12 14 16
10: 11 13 15
11: 6 10 12
12: 5 9 11
13: 1 3 10 14
14: 2 4 9 13
15: 2 7 10 16
16: 1 8 9 15

1: 11 16
2: 12 15
3: 9 14
4: 10 13
5: 14 16
6: 13 15
7: 9 11 15
8: 10 12 16
9: 3 7 10
10: 4 8 9
11: 1 7 13
12: 2 8 14
13: 4 6 11
14: 3 5 12
15: 2 6 7 16
16: 1 5 8 15

