1: 2 3 4
2: 1 35 40
3: 1 36 38
4: 1 37 39
5: 27 28 34
6: 25 26 33
7: 23 24 26
8: 14 15 25
9: 24 31 32
10: 11 12 23
11: 10 19 22
12: 10 20 21
13: 14 17 28
14: 8 13 16
15: 8 17 29
16: 14 20 29
17: 13 15 22
18: 21 30 31
19: 11 20 32
20: 12 16 19
21: 12 18 22
22: 11 17 21
23: 7 10 25
24: 7 9 30
25: 6 8 23
26: 6 7 40
27: 5 33 38
28: 5 13 36
29: 15 16 38
30: 18 24 37
31: 9 18 35
32: 9 19 37
33: 6 27 36
34: 5 35 39
35: 2 31 34
36: 3 28 33
37: 4 30 32
38: 3 27 29
39: 4 34 40
40: 2 26 39

1: 2 3 4
2: 1 39 40
3: 1 36 40
4: 1 37 38
5: 6 7 40
6: 5 35 39
7: 5 34 39
8: 13 36 38
9: 12 36 37
10: 11 19 37
11: 10 14 16
12: 9 19 38
13: 8 15 18
14: 11 17 18
15: 13 16 17
16: 11 15 21
17: 14 15 20
18: 13 14 21
19: 10 12 20
20: 17 19 23
21: 16 18 22
22: 21 23 25
23: 20 22 24
24: 23 25 27
25: 22 24 26
26: 25 28 29
27: 24 28 29
28: 26 27 30
29: 26 27 31
30: 28 32 34
31: 29 33 35
32: 30 33 35
33: 31 32 34
34: 7 30 33
35: 6 31 32
36: 3 8 9
37: 4 9 10
38: 4 8 12
39: 2 6 7
40: 2 3 5

1: 2 3 4
2: 1 39 40
3: 1 36 40
4: 1 37 38
5: 6 7 40
6: 5 35 39
7: 5 34 39
8: 11 13 38
9: 15 18 36
10: 14 19 38
11: 8 19 37
12: 13 16 36
13: 8 12 17
14: 10 18 37
15: 9 16 17
16: 12 15 21
17: 13 15 20
18: 9 14 21
19: 10 11 20
20: 17 19 23
21: 16 18 22
22: 21 23 25
23: 20 22 24
24: 23 25 27
25: 22 24 26
26: 25 28 29
27: 24 28 29
28: 26 27 30
29: 26 27 31
30: 28 32 34
31: 29 33 35
32: 30 33 35
33: 31 32 34
34: 7 30 33
35: 6 31 32
36: 3 9 12
37: 4 11 14
38: 4 8 10
39: 2 6 7
40: 2 3 5

1: 2 3 4
2: 1 39 40
3: 1 36 40
4: 1 37 38
5: 6 7 40
6: 5 35 39
7: 5 34 39
8: 13 15 38
9: 11 12 37
10: 14 16 36
11: 9 19 38
12: 9 18 36
13: 8 19 37
14: 10 17 18
15: 8 16 17
16: 10 15 21
17: 14 15 20
18: 12 14 21
19: 11 13 20
20: 17 19 23
21: 16 18 22
22: 21 23 25
23: 20 22 24
24: 23 25 27
25: 22 24 26
26: 25 28 29
27: 24 28 29
28: 26 27 30
29: 26 27 31
30: 28 32 34
31: 29 33 35
32: 30 33 35
33: 31 32 34
34: 7 30 33
35: 6 31 32
36: 3 10 12
37: 4 9 13
38: 4 8 11
39: 2 6 7
40: 2 3 5

1: 2 3 4
2: 1 39 40
3: 1 36 40
4: 1 37 38
5: 6 7 40
6: 5 35 39
7: 5 34 39
8: 9 10 38
9: 8 11 37
10: 8 12 36
11: 9 13 36
12: 10 14 37
13: 11 15 38
14: 12 18 19
15: 13 16 17
16: 15 19 20
17: 15 18 21
18: 14 17 20
19: 14 16 21
20: 16 18 22
21: 17 19 23
22: 20 23 25
23: 21 22 24
24: 23 25 27
25: 22 24 26
26: 25 28 29
27: 24 28 29
28: 26 27 30
29: 26 27 31
30: 28 32 34
31: 29 33 35
32: 30 33 35
33: 31 32 34
34: 7 30 33
35: 6 31 32
36: 3 10 11
37: 4 9 12
38: 4 8 13
39: 2 6 7
40: 2 3 5

1: 2 3 4
2: 1 35 40
3: 1 37 38
4: 1 36 39
5: 6 7 18
6: 5 17 19
7: 5 15 16
8: 9 10 14
9: 8 11 13
10: 8 13 20
11: 9 14 21
12: 20 21 27
13: 9 10 16
14: 8 11 15
15: 7 14 17
16: 7 13 17
17: 6 15 16
18: 5 19 33
19: 6 18 25
20: 10 12 24
21: 11 12 24
22: 23 26 34
23: 22 28 32
24: 20 21 30
25: 19 26 32
26: 22 25 31
27: 12 29 30
28: 23 29 31
29: 27 28 37
30: 24 27 37
31: 26 28 36
32: 23 25 36
33: 18 35 39
34: 22 35 38
35: 2 33 34
36: 4 31 32
37: 3 29 30
38: 3 34 40
39: 4 33 40
40: 2 38 39

1: 2 3 4
2: 1 39 40
3: 1 36 40
4: 1 37 38
5: 6 7 40
6: 5 35 39
7: 5 34 39
8: 9 10 38
9: 8 11 36
10: 8 13 37
11: 9 12 37
12: 11 15 38
13: 10 14 36
14: 13 18 19
15: 12 16 17
16: 15 19 20
17: 15 18 21
18: 14 17 20
19: 14 16 21
20: 16 18 22
21: 17 19 23
22: 20 23 25
23: 21 22 24
24: 23 25 27
25: 22 24 26
26: 25 28 29
27: 24 28 29
28: 26 27 30
29: 26 27 31
30: 28 32 34
31: 29 33 35
32: 30 33 35
33: 31 32 34
34: 7 30 33
35: 6 31 32
36: 3 9 13
37: 4 10 11
38: 4 8 12
39: 2 6 7
40: 2 3 5

1: 2 3 4
2: 1 39 40
3: 1 36 40
4: 1 37 38
5: 6 36 40
6: 5 37 38
7: 34 35 39
8: 33 35 39
9: 10 19 20
10: 9 13 21
11: 13 17 20
12: 15 16 18
13: 10 11 14
14: 13 15 34
15: 12 14 33
16: 12 22 25
17: 11 21 24
18: 12 19 23
19: 9 18 25
20: 9 11 26
21: 10 17 26
22: 16 23 24
23: 18 22 28
24: 17 22 27
25: 16 19 28
26: 20 21 27
27: 24 26 30
28: 23 25 29
29: 28 30 32
30: 27 29 31
31: 30 32 38
32: 29 31 37
33: 8 15 34
34: 7 14 33
35: 7 8 36
36: 3 5 35
37: 4 6 32
38: 4 6 31
39: 2 7 8
40: 2 3 5

1: 2 3 4
2: 1 39 40
3: 1 36 40
4: 1 37 38
5: 6 36 40
6: 5 37 38
7: 34 35 39
8: 33 35 39
9: 12 21 22
10: 11 12 33
11: 10 14 34
12: 9 10 13
13: 12 17 18
14: 11 15 16
15: 14 18 19
16: 14 17 20
17: 13 16 19
18: 13 15 20
19: 15 17 23
20: 16 18 24
21: 9 24 25
22: 9 23 26
23: 19 22 28
24: 20 21 27
25: 21 26 28
26: 22 25 27
27: 24 26 30
28: 23 25 29
29: 28 30 32
30: 27 29 31
31: 30 32 38
32: 29 31 37
33: 8 10 34
34: 7 11 33
35: 7 8 36
36: 3 5 35
37: 4 6 32
38: 4 6 31
39: 2 7 8
40: 2 3 5

1: 2 3 4
2: 1 38 40
3: 1 37 39
4: 1 35 36
5: 26 28 29
6: 25 27 29
7: 10 11 24
8: 23 32 33
9: 21 22 33
10: 7 20 31
11: 7 18 19
12: 13 14 17
13: 12 15 16
14: 12 16 21
15: 13 17 22
16: 13 14 19
17: 12 15 18
18: 11 17 20
19: 11 16 20
20: 10 18 19
21: 9 14 23
22: 9 15 23
23: 8 21 22
24: 7 27 31
25: 6 28 34
26: 5 27 34
27: 6 24 26
28: 5 25 30
29: 5 6 39
30: 28 32 37
31: 10 24 38
32: 8 30 35
33: 8 9 35
34: 25 26 36
35: 4 32 33
36: 4 34 40
37: 3 30 40
38: 2 31 39
39: 3 29 38
40: 2 36 37

1: 2 3 4
2: 1 39 40
3: 1 38 40
4: 1 37 39
5: 12 16 17
6: 11 15 18
7: 10 13 18
8: 9 14 17
9: 8 10 16
10: 7 9 15
11: 6 13 19
12: 5 14 19
13: 7 11 22
14: 8 12 21
15: 6 10 22
16: 5 9 21
17: 5 8 20
18: 6 7 20
19: 11 12 25
20: 17 18 23
21: 14 16 26
22: 13 15 24
23: 20 24 27
24: 22 23 28
25: 19 26 30
26: 21 25 29
27: 23 28 33
28: 24 27 36
29: 26 30 35
30: 25 29 34
31: 33 36 40
32: 34 35 39
33: 27 31 37
34: 30 32 38
35: 29 32 38
36: 28 31 37
37: 4 33 36
38: 3 34 35
39: 2 4 32
40: 2 3 31

1: 2 3 4
2: 1 39 40
3: 1 36 40
4: 1 37 38
5: 6 7 40
6: 5 32 35
7: 5 33 34
8: 9 10 13
9: 8 11 12
10: 8 12 37
11: 9 13 38
12: 9 10 15
13: 8 11 14
14: 13 16 17
15: 12 16 17
16: 14 15 19
17: 14 15 18
18: 17 19 21
19: 16 18 20
20: 19 21 31
21: 18 20 30
22: 23 26 28
23: 22 27 29
24: 29 35 39
25: 28 34 39
26: 22 30 34
27: 23 31 35
28: 22 25 33
29: 23 24 32
30: 21 26 33
31: 20 27 32
32: 6 29 31
33: 7 28 30
34: 7 25 26
35: 6 24 27
36: 3 37 38
37: 4 10 36
38: 4 11 36
39: 2 24 25
40: 2 3 5

1: 15 17 19
2: 4 10 29
3: 5 16 24
4: 2 11 24
5: 3 17 21
6: 9 12 23
7: 8 20 23
8: 7 9 22
9: 6 8 13
10: 2 27 35
11: 4 16 35
12: 6 18 40
13: 9 14 40
14: 13 22 34
15: 1 18 38
16: 3 11 39
17: 1 5 39
18: 12 15 33
19: 1 21 33
20: 7 28 31
21: 5 19 32
22: 8 14 31
23: 6 7 33
24: 3 4 32
25: 26 34 35
26: 25 36 37
27: 10 31 34
28: 20 32 33
29: 2 31 32
30: 36 37 38
31: 20 22 27 29
32: 21 24 28 29
33: 18 19 23 28
34: 14 25 27 37
35: 10 11 25 36
36: 26 30 35 39
37: 26 30 34 40
38: 15 30 39 40
39: 16 17 36 38
40: 12 13 37 38

1: 4 8 13
2: 13 16 20
3: 7 17 28
4: 1 9 20
5: 6 11 23
6: 5 12 22
7: 3 14 22
8: 1 10 21
9: 4 19 21
10: 8 27 40
11: 5 15 35
12: 6 14 35
13: 1 2 40
14: 7 12 39
15: 11 24 34
16: 2 18 38
17: 3 18 39
18: 16 17 33
19: 9 29 33
20: 2 4 33
21: 8 9 31
22: 6 7 32
23: 5 24 32
24: 15 23 31
25: 26 34 35
26: 25 36 37
27: 10 31 34
28: 3 32 33
29: 19 31 32
30: 36 37 38
31: 21 24 27 29
32: 22 23 28 29
33: 18 19 20 28
34: 15 25 27 37
35: 11 12 25 36
36: 26 30 35 39
37: 26 30 34 40
38: 16 30 39 40
39: 14 17 36 38
40: 10 13 37 38

1: 2 15 23
2: 1 4 16
3: 5 12 20
4: 2 10 18
5: 3 14 21
6: 7 13 14
7: 6 8 21
8: 7 9 28
9: 8 13 26
10: 4 22 23
11: 16 18 40
12: 3 17 39
13: 6 9 36
14: 5 6 39
15: 1 27 35
16: 2 11 35
17: 12 19 34
18: 4 11 32
19: 17 20 31
20: 3 19 33
21: 5 7 33
22: 10 29 32
23: 1 10 31
24: 25 37 38
25: 24 34 35
26: 9 32 40
27: 15 31 34
28: 8 32 33
29: 22 31 33
30: 36 37 38
31: 19 23 27 29
32: 18 22 26 28
33: 20 21 28 29
34: 17 25 27 38
35: 15 16 25 37
36: 13 30 39 40
37: 24 30 35 40
38: 24 30 34 39
39: 12 14 36 38
40: 11 26 36 37

1: 6 12 13
2: 8 10 19
3: 4 11 29
4: 3 14 21
5: 7 13 14
6: 1 7 20
7: 5 6 21
8: 2 22 23
9: 10 16 22
10: 2 9 15
11: 3 27 39
12: 1 18 40
13: 1 5 36
14: 4 5 39
15: 10 17 35
16: 9 26 35
17: 15 19 34
18: 12 20 32
19: 2 17 31
20: 6 18 33
21: 4 7 33
22: 8 9 32
23: 8 28 31
24: 25 37 38
25: 24 34 35
26: 16 32 40
27: 11 31 34
28: 23 32 33
29: 3 31 33
30: 36 37 38
31: 19 23 27 29
32: 18 22 26 28
33: 20 21 28 29
34: 17 25 27 38
35: 15 16 25 37
36: 13 30 39 40
37: 24 30 35 40
38: 24 30 34 39
39: 11 14 36 38
40: 12 26 36 37

1: 15 30 40
2: 4 19 40
3: 23 27 39
4: 2 16 39
5: 6 7 32
6: 5 14 29
7: 5 17 18
8: 9 25 29
9: 8 26 28
10: 13 20 22
11: 12 22 24
12: 11 13 23
13: 10 12 27
14: 6 17 25
15: 1 21 26
16: 4 38 40
17: 7 14 38
18: 7 36 39
19: 2 33 39
20: 10 30 33
21: 15 28 34
22: 10 11 34
23: 3 12 36
24: 11 31 36
25: 8 14 37
26: 9 15 37
27: 3 13 33
28: 9 21 35
29: 6 8 35
30: 1 20 34
31: 24 34 35
32: 5 35 36
33: 19 20 27 40
34: 21 22 30 31
35: 28 29 31 32
36: 18 23 24 32
37: 25 26 38 40
38: 16 17 37 39
39: 3 4 18 19 38
40: 1 2 16 33 37

1: 15 30 40
2: 4 19 40
3: 9 24 39
4: 2 16 39
5: 6 7 22
6: 5 14 29
7: 5 21 28
8: 12 20 31
9: 3 10 17
10: 9 11 26
11: 10 13 27
12: 8 25 27
13: 11 17 25
14: 6 23 28
15: 1 22 29
16: 4 38 40
17: 9 13 38
18: 23 36 39
19: 2 33 39
20: 8 30 37
21: 7 32 34
22: 5 15 34
23: 14 18 33
24: 3 26 36
25: 12 13 37
26: 10 24 35
27: 11 12 35
28: 7 14 36
29: 6 15 33
30: 1 20 34
31: 8 34 35
32: 21 35 36
33: 19 23 29 40
34: 21 22 30 31
35: 26 27 31 32
36: 18 24 28 32
37: 20 25 38 40
38: 16 17 37 39
39: 3 4 18 19 38
40: 1 2 16 33 37

1: 5 19 40
2: 15 16 40
3: 14 32 39
4: 12 13 39
5: 1 17 39
6: 7 22 31
7: 6 23 24
8: 9 16 25
9: 8 15 23
10: 11 21 27
11: 10 13 29
12: 4 18 29
13: 4 11 14
14: 3 13 21
15: 2 9 24
16: 2 8 26
17: 5 38 40
18: 12 28 38
19: 1 33 39
20: 25 26 34
21: 10 14 34
22: 6 28 37
23: 7 9 36
24: 7 15 37
25: 8 20 36
26: 16 20 33
27: 10 30 35
28: 18 22 35
29: 11 12 35
30: 27 34 36
31: 6 35 36
32: 3 33 34
33: 19 26 32 40
34: 20 21 30 32
35: 27 28 29 31
36: 23 25 30 31
37: 22 24 38 40
38: 17 18 37 39
39: 3 4 5 19 38
40: 1 2 17 33 37

1: 15 30 40
2: 5 18 40
3: 13 27 39
4: 11 12 39
5: 2 16 39
6: 7 8 21
7: 6 14 29
8: 6 20 28
9: 10 19 31
10: 9 25 27
11: 4 13 26
12: 4 17 23
13: 3 11 25
14: 7 22 28
15: 1 21 29
16: 5 38 40
17: 12 24 38
18: 2 33 39
19: 9 30 33
20: 8 32 34
21: 6 15 34
22: 14 24 37
23: 12 26 36
24: 17 22 36
25: 10 13 35
26: 11 23 35
27: 3 10 33
28: 8 14 36
29: 7 15 37
30: 1 19 34
31: 9 34 35
32: 20 35 36
33: 18 19 27 40
34: 20 21 30 31
35: 25 26 31 32
36: 23 24 28 32
37: 22 29 38 40
38: 16 17 37 39
39: 3 4 5 18 38
40: 1 2 16 33 37

1: 5 19 40
2: 15 16 40
3: 14 29 39
4: 13 28 39
5: 1 17 39
6: 12 22 27
7: 9 24 25
8: 18 20 25
9: 7 23 26
10: 11 15 31
11: 10 16 23
12: 6 14 21
13: 4 14 27
14: 3 12 13
15: 2 10 32
16: 2 11 26
17: 5 38 40
18: 8 28 38
19: 1 33 39
20: 8 24 34
21: 12 29 35
22: 6 30 35
23: 9 11 36
24: 7 20 36
25: 7 8 37
26: 9 16 37
27: 6 13 34
28: 4 18 34
29: 3 21 33
30: 22 34 36
31: 10 35 36
32: 15 33 35
33: 19 29 32 40
34: 20 27 28 30
35: 21 22 31 32
36: 23 24 30 31
37: 25 26 38 40
38: 17 18 37 39
39: 3 4 5 19 38
40: 1 2 17 33 37

1: 15 30 40
2: 5 18 40
3: 6 24 39
4: 7 28 39
5: 2 16 39
6: 3 7 32
7: 4 6 22
8: 14 21 26
9: 13 19 21
10: 11 22 28
11: 10 23 29
12: 17 25 27
13: 9 14 27
14: 8 13 25
15: 1 20 23
16: 5 38 40
17: 12 24 38
18: 2 33 39
19: 9 30 37
20: 15 29 34
21: 8 9 34
22: 7 10 35
23: 11 15 33
24: 3 17 36
25: 12 14 36
26: 8 31 36
27: 12 13 37
28: 4 10 33
29: 11 20 35
30: 1 19 34
31: 26 34 35
32: 6 35 36
33: 18 23 28 40
34: 20 21 30 31
35: 22 29 31 32
36: 24 25 26 32
37: 19 27 38 40
38: 16 17 37 39
39: 3 4 5 18 38
40: 1 2 16 33 37

1: 24 32 40
2: 23 33 40
3: 10 11 31
4: 11 21 38
5: 18 30 38
6: 19 20 38
7: 27 29 38
8: 14 26 39
9: 15 20 39
10: 3 21 22
11: 3 4 29
12: 13 26 30
13: 12 14 18
14: 8 13 15
15: 9 14 19
16: 17 21 28
17: 16 22 33
18: 5 13 19
19: 6 15 18
20: 6 9 27
21: 4 10 16
22: 10 17 23
23: 2 22 31
24: 1 25 39
25: 24 37 40
26: 8 12 35
27: 7 20 37
28: 16 36 38
29: 7 11 34
30: 5 12 36
31: 3 23 34
32: 1 35 39
33: 2 17 36
34: 29 31 37 40
35: 26 32 36 40
36: 28 30 33 35
37: 25 27 34 39
38: 4 5 6 7 28
39: 8 9 24 32 37
40: 1 2 25 34 35

1: 24 39 40
2: 25 31 40
3: 23 30 40
4: 28 29 40
5: 26 27 40
6: 7 33 39
7: 6 8 24
8: 7 9 10
9: 8 22 31
10: 8 21 33
11: 12 13 23
12: 11 20 30
13: 11 19 32
14: 15 20 26
15: 14 27 34
16: 17 32 33
17: 16 37 38
18: 36 37 38
19: 13 20 34
20: 12 14 19
21: 10 22 35
22: 9 21 25
23: 3 11 39
24: 1 7 31
25: 2 22 28
26: 5 14 30
27: 5 15 29
28: 4 25 35
29: 4 27 36
30: 3 12 26
31: 2 9 24
32: 13 16 37 39
33: 6 10 16 38
34: 15 19 36 37
35: 21 28 36 38
36: 18 29 34 35
37: 17 18 32 34
38: 17 18 33 35
39: 1 6 23 32
40: 1 2 3 4 5

1: 5 10 23
2: 9 17 38
3: 6 14 38
4: 13 17 39
5: 1 6 20
6: 3 5 22
7: 8 9 18
8: 7 15 21
9: 2 7 16
10: 1 22 33
11: 19 29 40
12: 15 26 40
13: 4 28 38
14: 3 20 28
15: 8 12 31
16: 9 21 27
17: 2 4 27
18: 7 31 38
19: 11 25 39
20: 5 14 24
21: 8 16 26
22: 6 10 30
23: 1 24 32
24: 20 23 37
25: 19 35 40
26: 12 21 35
27: 16 17 35
28: 13 14 37
29: 11 36 39
30: 22 34 38
31: 15 18 34
32: 23 33 36
33: 10 32 34
34: 30 31 33 40
35: 25 26 27 39
36: 29 32 37 40
37: 24 28 36 39
38: 2 3 13 18 30
39: 4 19 29 35 37
40: 11 12 25 34 36

1: 4 20 40
2: 11 19 40
3: 31 32 40
4: 1 5 28
5: 4 6 7
6: 5 21 23
7: 5 20 22
8: 17 24 27
9: 16 24 39
10: 12 26 29
11: 2 26 39
12: 10 15 39
13: 14 15 29
14: 13 17 30
15: 12 13 16
16: 9 15 17
17: 8 14 16
18: 19 22 39
19: 2 18 20
20: 1 7 19
21: 6 22 25
22: 7 18 21
23: 6 28 35
24: 8 9 35
25: 21 35 39
26: 10 11 34
27: 8 30 38
28: 4 23 33
29: 10 13 36
30: 14 27 36
31: 3 34 37
32: 3 33 37
33: 28 32 38 40
34: 26 31 36 40
35: 23 24 25 38
36: 29 30 34 37
37: 31 32 36 38
38: 27 33 35 37
39: 9 11 12 18 25
40: 1 2 3 33 34

1: 2 3 40
2: 1 19 29
3: 1 18 28
4: 5 15 22
5: 4 14 30
6: 11 23 39
7: 13 25 39
8: 9 23 24
9: 8 10 11
10: 9 12 26
11: 6 9 13
12: 10 13 27
13: 7 11 12
14: 5 16 28
15: 4 16 17
16: 14 15 18
17: 15 19 39
18: 3 16 19
19: 2 17 18
20: 32 38 40
21: 31 38 40
22: 4 36 39
23: 6 8 36
24: 8 26 37
25: 7 27 33
26: 10 24 35
27: 12 25 35
28: 3 14 34
29: 2 33 39
30: 5 34 36
31: 21 34 37
32: 20 33 35
33: 25 29 32 40
34: 28 30 31 40
35: 26 27 32 38
36: 22 23 30 37
37: 24 31 36 38
38: 20 21 35 37
39: 6 7 17 22 29
40: 1 20 21 33 34

1: 31 39 40
2: 30 38 40
3: 25 26 40
4: 24 27 40
5: 28 29 40
6: 14 15 35
7: 9 34 37
8: 32 33 36
9: 7 32 33
10: 12 13 37
11: 17 35 39
12: 10 23 34
13: 10 19 20
14: 6 16 21
15: 6 17 22
16: 14 30 36
17: 11 15 31
18: 19 25 37
19: 13 18 26
20: 13 23 27
21: 14 22 29
22: 15 21 28
23: 12 20 24
24: 4 23 39
25: 3 18 38
26: 3 19 27
27: 4 20 26
28: 5 22 31
29: 5 21 30
30: 2 16 29
31: 1 17 28
32: 8 9 34 35
33: 8 9 37 38
34: 7 12 32 39
35: 6 11 32 36
36: 8 16 35 38
37: 7 10 18 33
38: 2 25 33 36
39: 1 11 24 34
40: 1 2 3 4 5

1: 5 23 40
2: 9 24 39
3: 18 26 39
4: 15 16 39
5: 1 10 27
6: 7 21 24
7: 6 8 9
8: 7 17 30
9: 2 7 18
10: 5 11 12
11: 10 13 23
12: 10 14 16
13: 11 16 22
14: 12 15 27
15: 4 14 29
16: 4 12 13
17: 8 18 28
18: 3 9 17
19: 31 38 40
20: 32 38 40
21: 6 30 34
22: 13 35 39
23: 1 11 35
24: 2 6 35
25: 29 37 39
26: 3 28 37
27: 5 14 33
28: 17 26 36
29: 15 25 33
30: 8 21 36
31: 19 34 36
32: 20 33 37
33: 27 29 32 40
34: 21 31 35 40
35: 22 23 24 34
36: 28 30 31 38
37: 25 26 32 38
38: 19 20 36 37
39: 2 3 4 22 25
40: 1 19 20 33 34

1: 26 39 40
2: 29 38 40
3: 27 28 40
4: 25 31 40
5: 24 30 40
6: 11 17 37
7: 15 35 39
8: 9 10 35
9: 8 21 22
10: 8 23 36
11: 6 13 14
12: 14 19 38
13: 11 18 19
14: 11 12 33
15: 7 32 34
16: 32 33 34
17: 6 18 27
18: 13 17 28
19: 12 13 29
20: 21 24 35
21: 9 20 30
22: 9 23 31
23: 10 22 25
24: 5 20 39
25: 4 23 38
26: 1 27 37
27: 3 17 26
28: 3 18 29
29: 2 19 28
30: 5 21 31
31: 4 22 30
32: 15 16 37 39
33: 14 16 36 37
34: 15 16 35 36
35: 7 8 20 34
36: 10 33 34 38
37: 6 26 32 33
38: 2 12 25 36
39: 1 7 24 32
40: 1 2 3 4 5

1: 29 30 40
2: 28 31 40
3: 26 27 40
4: 19 36 38
5: 16 37 38
6: 13 15 35
7: 11 18 35
8: 17 34 36
9: 13 14 36
10: 11 12 37
11: 7 10 15
12: 10 14 16
13: 6 9 34
14: 9 12 15
15: 6 11 14
16: 5 12 36
17: 8 19 20
18: 7 21 37
19: 4 17 24
20: 17 29 33
21: 18 28 32
22: 25 31 38
23: 24 30 38
24: 19 23 29
25: 22 28 37
26: 3 33 39
27: 3 32 39
28: 2 21 25
29: 1 20 24
30: 1 23 31
31: 2 22 30
32: 21 27 35 40
33: 20 26 34 40
34: 8 13 33 39
35: 6 7 32 39
36: 4 8 9 16
37: 5 10 18 25
38: 4 5 22 23
39: 26 27 34 35
40: 1 2 3 32 33

1: 28 30 40
2: 29 31 40
3: 26 27 40
4: 14 36 37
5: 8 18 37
6: 15 35 36
7: 8 19 35
8: 5 7 36
9: 10 11 36
10: 9 15 17
11: 9 14 16
12: 17 20 34
13: 16 20 38
14: 4 11 38
15: 6 10 34
16: 11 13 17
17: 10 12 16
18: 5 19 25
19: 7 18 23
20: 12 13 22
21: 30 37 38
22: 20 28 33
23: 19 29 32
24: 25 31 37
25: 18 24 29
26: 3 33 39
27: 3 32 39
28: 1 22 38
29: 2 23 25
30: 1 21 31
31: 2 24 30
32: 23 27 35 40
33: 22 26 34 40
34: 12 15 33 39
35: 6 7 32 39
36: 4 6 8 9
37: 4 5 21 24
38: 13 14 21 28
39: 26 27 34 35
40: 1 2 3 32 33

1: 28 31 40
2: 26 27 40
3: 29 30 40
4: 15 36 37
5: 8 20 37
6: 16 17 35
7: 15 18 35
8: 5 36 38
9: 12 17 36
10: 13 14 36
11: 13 19 34
12: 9 13 16
13: 10 11 12
14: 10 19 38
15: 4 7 17
16: 6 12 34
17: 6 9 15
18: 7 23 37
19: 11 14 22
20: 5 21 25
21: 20 31 38
22: 19 28 33
23: 18 29 32
24: 25 29 37
25: 20 24 30
26: 2 33 39
27: 2 32 39
28: 1 22 38
29: 3 23 24
30: 3 25 31
31: 1 21 30
32: 23 27 35 40
33: 22 26 34 40
34: 11 16 33 39
35: 6 7 32 39
36: 4 8 9 10
37: 4 5 18 24
38: 8 14 21 28
39: 26 27 34 35
40: 1 2 3 32 33

1: 31 39 40
2: 30 39 40
3: 28 29 40
4: 18 37 38
5: 19 36 38
6: 7 8 18
7: 6 17 37
8: 6 15 16
9: 11 19 32
10: 12 33 37
11: 9 34 36
12: 10 17 35
13: 14 16 35
14: 13 15 34
15: 8 14 36
16: 8 13 17
17: 7 12 16
18: 4 6 36
19: 5 9 22
20: 23 27 38
21: 22 26 38
22: 19 21 25
23: 20 24 37
24: 23 29 33
25: 22 28 32
26: 21 27 28
27: 20 26 29
28: 3 25 26
29: 3 24 27
30: 2 33 35
31: 1 32 34
32: 9 25 31 40
33: 10 24 30 40
34: 11 14 31 39
35: 12 13 30 39
36: 5 11 15 18
37: 4 7 10 23
38: 4 5 20 21
39: 1 2 34 35
40: 1 2 3 32 33

1: 31 39 40
2: 30 39 40
3: 28 29 40
4: 10 20 38
5: 6 9 38
6: 5 8 33
7: 15 17 35
8: 6 11 35
9: 5 10 11
10: 4 9 19
11: 8 9 15
12: 13 18 34
13: 12 14 32
14: 13 16 22
15: 7 11 19
16: 14 18 37
17: 7 34 36
18: 12 16 36
19: 10 15 36
20: 4 36 37
21: 26 37 38
22: 14 23 25
23: 22 27 37
24: 29 33 38
25: 22 28 32
26: 21 27 29
27: 23 26 28
28: 3 25 27
29: 3 24 26
30: 2 33 35
31: 1 32 34
32: 13 25 31 40
33: 6 24 30 40
34: 12 17 31 39
35: 7 8 30 39
36: 17 18 19 20
37: 16 20 21 23
38: 4 5 21 24
39: 1 2 34 35
40: 1 2 3 32 33

1: 31 39 40
2: 30 39 40
3: 28 29 40
4: 11 24 38
5: 6 37 38
6: 5 13 27
7: 9 19 33
8: 18 22 35
9: 7 35 36
10: 11 12 25
11: 4 10 23
12: 10 19 26
13: 6 15 21
14: 16 17 21
15: 13 16 32
16: 14 15 34
17: 14 18 20
18: 8 17 34
19: 7 12 23
20: 17 22 37
21: 13 14 37
22: 8 20 36
23: 11 19 36
24: 4 36 37
25: 10 29 38
26: 12 29 33
27: 6 28 32
28: 3 27 38
29: 3 25 26
30: 2 33 35
31: 1 32 34
32: 15 27 31 40
33: 7 26 30 40
34: 16 18 31 39
35: 8 9 30 39
36: 9 22 23 24
37: 5 20 21 24
38: 4 5 25 28
39: 1 2 34 35
40: 1 2 3 32 33

1: 31 39 40
2: 30 39 40
3: 28 29 40
4: 6 16 38
5: 20 36 38
6: 4 15 27
7: 9 12 33
8: 10 22 35
9: 7 11 35
10: 8 11 24
11: 9 10 19
12: 7 13 19
13: 12 23 26
14: 15 18 32
15: 6 14 17
16: 4 17 20
17: 15 16 21
18: 14 21 34
19: 11 12 36
20: 5 16 37
21: 17 18 37
22: 8 34 37
23: 13 25 36
24: 10 36 37
25: 23 29 38
26: 13 29 33
27: 6 28 32
28: 3 27 38
29: 3 25 26
30: 2 33 35
31: 1 32 34
32: 14 27 31 40
33: 7 26 30 40
34: 18 22 31 39
35: 8 9 30 39
36: 5 19 23 24
37: 20 21 22 24
38: 4 5 25 28
39: 1 2 34 35
40: 1 2 3 32 33

1: 2 3 4
2: 1 37 38
3: 1 35 40
4: 1 36 39
5: 9 10 23
6: 7 8 15
7: 6 9 16
8: 6 10 17
9: 5 7 14
10: 5 8 13
11: 14 17 19
12: 13 16 19
13: 10 12 21
14: 9 11 21
15: 6 18 22
16: 7 12 20
17: 8 11 20
18: 15 24 32
19: 11 12 28
20: 16 17 27
21: 13 14 26
22: 15 25 27
23: 5 25 26
24: 18 28 31
25: 22 23 37
26: 21 23 40
27: 20 22 40
28: 19 24 36
29: 32 33 39
30: 31 34 38
31: 24 30 39
32: 18 29 38
33: 29 35 37
34: 30 35 36
35: 3 33 34
36: 4 28 34
37: 2 25 33
38: 2 30 32
39: 4 29 31
40: 3 26 27

1: 2 3 4
2: 1 35 38
3: 1 37 40
4: 1 36 39
5: 9 13 23
6: 9 11 12
7: 10 11 17
8: 10 12 18
9: 5 6 16
10: 7 8 16
11: 6 7 15
12: 6 8 14
13: 5 14 15
14: 12 13 20
15: 11 13 19
16: 9 10 22
17: 7 20 21
18: 8 19 21
19: 15 18 26
20: 14 17 26
21: 17 18 32
22: 16 24 31
23: 5 25 27
24: 22 25 29
25: 23 24 37
26: 19 20 38
27: 23 31 38
28: 32 34 40
29: 24 30 40
30: 29 33 39
31: 22 27 36
32: 21 28 39
33: 30 35 37
34: 28 35 36
35: 2 33 34
36: 4 31 34
37: 3 25 33
38: 2 26 27
39: 4 30 32
40: 3 28 29

1: 2 3 4
2: 1 35 38
3: 1 39 40
4: 1 36 37
5: 11 12 24
6: 9 10 11
7: 9 15 22
8: 10 15 23
9: 6 7 17
10: 6 8 16
11: 5 6 14
12: 5 16 17
13: 14 20 21
14: 11 13 32
15: 7 8 31
16: 10 12 27
17: 9 12 26
18: 20 30 33
19: 21 30 34
20: 13 18 29
21: 13 19 28
22: 7 25 27
23: 8 25 26
24: 5 28 29
25: 22 23 39
26: 17 23 40
27: 16 22 40
28: 21 24 37
29: 20 24 36
30: 18 19 38
31: 15 32 38
32: 14 31 39
33: 18 35 37
34: 19 35 36
35: 2 33 34
36: 4 29 34
37: 4 28 33
38: 2 30 31
39: 3 25 32
40: 3 26 27

1: 2 3 4
2: 1 35 38
3: 1 36 39
4: 1 37 40
5: 6 7 25
6: 5 20 30
7: 5 21 22
8: 9 30 33
9: 8 10 11
10: 9 18 21
11: 9 19 22
12: 15 16 23
13: 16 22 24
14: 15 21 24
15: 12 14 19
16: 12 13 18
17: 18 19 29
18: 10 16 17
19: 11 15 17
20: 6 31 32
21: 7 10 14
22: 7 11 13
23: 12 28 29
24: 13 14 28
25: 5 26 27
26: 25 32 37
27: 25 31 36
28: 23 24 35
29: 17 23 38
30: 6 8 38
31: 20 27 40
32: 20 26 39
33: 8 39 40
34: 35 36 37
35: 2 28 34
36: 3 27 34
37: 4 26 34
38: 2 29 30
39: 3 32 33
40: 4 31 33

1: 2 3 4
2: 1 35 36
3: 1 38 40
4: 1 37 39
5: 21 22 24
6: 19 20 22
7: 17 18 24
8: 17 19 21
9: 18 20 21
10: 14 23 25
11: 12 13 23
12: 11 16 18
13: 11 15 17
14: 10 15 16
15: 13 14 20
16: 12 14 19
17: 7 8 13
18: 7 9 12
19: 6 8 16
20: 6 9 15
21: 5 8 9
22: 5 6 28
23: 10 11 32
24: 5 7 31
25: 10 27 28
26: 27 29 30
27: 25 26 36
28: 22 25 35
29: 26 32 38
30: 26 31 37
31: 24 30 40
32: 23 29 39
33: 35 39 40
34: 36 37 38
35: 2 28 33
36: 2 27 34
37: 4 30 34
38: 3 29 34
39: 4 32 33
40: 3 31 33

1: 2 3 4
2: 1 36 38
3: 1 37 40
4: 1 35 39
5: 6 7 24
6: 5 22 23
7: 5 16 17
8: 9 18 21
9: 8 10 33
10: 9 19 20
11: 13 15 19
12: 14 15 20
13: 11 17 23
14: 12 17 22
15: 11 12 16
16: 7 15 21
17: 7 13 14
18: 8 30 34
19: 10 11 26
20: 10 12 25
21: 8 16 29
22: 6 14 26
23: 6 13 25
24: 5 27 28
25: 20 23 39
26: 19 22 39
27: 24 32 37
28: 24 31 36
29: 21 32 40
30: 18 31 38
31: 28 30 40
32: 27 29 38
33: 9 35 37
34: 18 35 36
35: 4 33 34
36: 2 28 34
37: 3 27 33
38: 2 30 32
39: 4 25 26
40: 3 29 31

1: 2 3 4
2: 1 36 37
3: 1 35 38
4: 1 39 40
5: 6 7 34
6: 5 21 22
7: 5 20 23
8: 13 25 28
9: 14 26 28
10: 13 14 27
11: 16 24 26
12: 15 24 25
13: 8 10 16
14: 9 10 15
15: 12 14 19
16: 11 13 19
17: 21 29 32
18: 20 29 31
19: 15 16 23
20: 7 18 33
21: 6 17 33
22: 6 30 31
23: 7 19 32
24: 11 12 38
25: 8 12 40
26: 9 11 40
27: 10 30 39
28: 8 9 39
29: 17 18 38
30: 22 27 36
31: 18 22 37
32: 17 23 37
33: 20 21 35
34: 5 35 36
35: 3 33 34
36: 2 30 34
37: 2 31 32
38: 3 24 29
39: 4 27 28
40: 4 25 26

1: 2 3 4
2: 1 36 40
3: 1 38 39
4: 1 35 37
5: 6 7 17
6: 5 14 22
7: 5 15 19
8: 9 20 22
9: 8 10 15
10: 9 14 21
11: 12 15 18
12: 11 13 14
13: 12 19 20
14: 6 10 12
15: 7 9 11
16: 24 25 34
17: 5 25 33
18: 11 21 26
19: 7 13 26
20: 8 13 27
21: 10 18 28
22: 6 8 28
23: 24 27 32
24: 16 23 29
25: 16 17 30
26: 18 19 40
27: 20 23 37
28: 21 22 36
29: 24 31 39
30: 25 31 38
31: 29 30 40
32: 23 35 38
33: 17 35 39
34: 16 36 37
35: 4 32 33
36: 2 28 34
37: 4 27 34
38: 3 30 32
39: 3 29 33
40: 2 26 31

1: 2 3 4
2: 1 39 40
3: 1 35 37
4: 1 36 38
5: 12 13 33
6: 7 11 23
7: 6 15 24
8: 9 10 17
9: 8 12 21
10: 8 11 20
11: 6 10 19
12: 5 9 18
13: 5 16 17
14: 16 18 19
15: 7 25 34
16: 13 14 25
17: 8 13 28
18: 12 14 27
19: 11 14 26
20: 10 22 27
21: 9 22 26
22: 20 21 28
23: 6 31 32
24: 7 29 30
25: 15 16 39
26: 19 21 40
27: 18 20 40
28: 17 22 39
29: 24 32 36
30: 24 31 35
31: 23 30 38
32: 23 29 37
33: 5 37 38
34: 15 35 36
35: 3 30 34
36: 4 29 34
37: 3 32 33
38: 4 31 33
39: 2 25 28
40: 2 26 27

1: 2 3 4
2: 1 37 40
3: 1 36 38
4: 1 35 39
5: 6 7 24
6: 5 16 22
7: 5 17 23
8: 9 15 33
9: 8 18 19
10: 14 21 23
11: 13 21 22
12: 13 14 20
13: 11 12 17
14: 10 12 16
15: 8 16 17
16: 6 14 15
17: 7 13 15
18: 9 30 34
19: 9 20 29
20: 12 19 25
21: 10 11 25
22: 6 11 26
23: 7 10 26
24: 5 27 28
25: 20 21 39
26: 22 23 39
27: 24 32 37
28: 24 31 36
29: 19 32 40
30: 18 31 38
31: 28 30 40
32: 27 29 38
33: 8 35 37
34: 18 35 36
35: 4 33 34
36: 3 28 34
37: 2 27 33
38: 3 30 32
39: 4 25 26
40: 2 29 31

1: 2 3 4
2: 1 35 40
3: 1 36 38
4: 1 37 39
5: 7 9 22
6: 9 10 14
7: 5 8 13
8: 7 10 11
9: 5 6 12
10: 6 8 15
11: 8 17 20
12: 9 17 21
13: 7 16 21
14: 6 16 31
15: 10 18 22
16: 13 14 19
17: 11 12 19
18: 15 20 24
19: 16 17 24
20: 11 18 23
21: 12 13 26
22: 5 15 25
23: 20 30 32
24: 18 19 28
25: 22 26 28
26: 21 25 27
27: 26 34 40
28: 24 25 39
29: 30 33 39
30: 23 29 40
31: 14 36 37
32: 23 35 36
33: 29 35 38
34: 27 37 38
35: 2 32 33
36: 3 31 32
37: 4 31 34
38: 3 33 34
39: 4 28 29
40: 2 27 30

1: 2 3 4
2: 1 38 40
3: 1 35 39
4: 1 36 37
5: 15 16 17
6: 12 19 22
7: 11 20 21
8: 9 10 23
9: 8 12 24
10: 8 11 18
11: 7 10 22
12: 6 9 21
13: 16 30 33
14: 17 30 34
15: 5 18 31
16: 5 13 29
17: 5 14 28
18: 10 15 27
19: 6 20 26
20: 7 19 32
21: 7 12 27
22: 6 11 25
23: 8 28 29
24: 9 25 26
25: 22 24 40
26: 19 24 38
27: 18 21 40
28: 17 23 37
29: 16 23 36
30: 13 14 39
31: 15 32 38
32: 20 31 39
33: 13 35 37
34: 14 35 36
35: 3 33 34
36: 4 29 34
37: 4 28 33
38: 2 26 31
39: 3 30 32
40: 2 25 27

1: 2 3 4
2: 1 37 40
3: 1 36 38
4: 1 35 39
5: 6 22 31
6: 5 12 13
7: 9 14 15
8: 10 14 16
9: 7 11 13
10: 8 11 12
11: 9 10 21
12: 6 10 19
13: 6 9 18
14: 7 8 20
15: 7 17 19
16: 8 17 18
17: 15 16 26
18: 13 16 24
19: 12 15 24
20: 14 21 26
21: 11 20 25
22: 5 23 25
23: 22 28 32
24: 18 19 28
25: 21 22 30
26: 17 20 27
27: 26 34 40
28: 23 24 39
29: 30 33 39
30: 25 29 40
31: 5 36 37
32: 23 35 36
33: 29 37 38
34: 27 35 38
35: 4 32 34
36: 3 31 32
37: 2 31 33
38: 3 33 34
39: 4 28 29
40: 2 27 30

1: 2 3 4
2: 1 35 38
3: 1 36 40
4: 1 37 39
5: 6 7 18
6: 5 14 16
7: 5 15 17
8: 10 11 23
9: 12 13 21
10: 8 13 15
11: 8 12 14
12: 9 11 17
13: 9 10 16
14: 6 11 24
15: 7 10 24
16: 6 13 22
17: 7 12 22
18: 5 27 33
19: 20 27 32
20: 19 25 31
21: 9 23 29
22: 16 17 29
23: 8 21 28
24: 14 15 26
25: 20 26 28
26: 24 25 38
27: 18 19 40
28: 23 25 37
29: 21 22 39
30: 31 34 40
31: 20 30 39
32: 19 36 38
33: 18 35 36
34: 30 35 37
35: 2 33 34
36: 3 32 33
37: 4 28 34
38: 2 26 32
39: 4 29 31
40: 3 27 30

1: 2 3 4
2: 1 35 40
3: 1 36 38
4: 1 37 39
5: 6 7 19
6: 5 18 24
7: 5 16 17
8: 11 13 23
9: 11 21 22
10: 13 20 21
11: 8 9 24
12: 14 15 18
13: 8 10 17
14: 12 17 33
15: 12 16 20
16: 7 15 23
17: 7 13 14
18: 6 12 22
19: 5 31 32
20: 10 15 30
21: 9 10 29
22: 9 18 30
23: 8 16 29
24: 6 11 26
25: 26 27 28
26: 24 25 35
27: 25 32 37
28: 25 31 36
29: 21 23 40
30: 20 22 40
31: 19 28 39
32: 19 27 38
33: 14 38 39
34: 35 36 37
35: 2 26 34
36: 3 28 34
37: 4 27 34
38: 3 32 33
39: 4 31 33
40: 2 29 30

1: 2 3 4
2: 1 35 38
3: 1 36 37
4: 1 39 40
5: 6 7 8
6: 5 12 21
7: 5 10 18
8: 5 11 19
9: 13 14 22
10: 7 20 24
11: 8 20 23
12: 6 15 17
13: 9 16 17
14: 9 18 19
15: 12 28 33
16: 13 28 34
17: 12 13 29
18: 7 14 27
19: 8 14 26
20: 10 11 32
21: 6 22 31
22: 9 21 30
23: 11 25 27
24: 10 25 26
25: 23 24 39
26: 19 24 40
27: 18 23 40
28: 15 16 38
29: 17 30 38
30: 22 29 36
31: 21 32 37
32: 20 31 39
33: 15 35 37
34: 16 35 36
35: 2 33 34
36: 3 30 34
37: 3 31 33
38: 2 28 29
39: 4 25 32
40: 4 26 27

1: 2 3 4
2: 1 36 38
3: 1 35 40
4: 1 37 39
5: 6 8 16
6: 5 7 11
7: 6 10 17
8: 5 9 12
9: 8 15 23
10: 7 14 22
11: 6 13 15
12: 8 13 14
13: 11 12 19
14: 10 12 21
15: 9 11 20
16: 5 18 21
17: 7 19 20
18: 16 24 32
19: 13 17 28
20: 15 17 27
21: 14 16 26
22: 10 27 28
23: 9 25 26
24: 18 25 31
25: 23 24 37
26: 21 23 40
27: 20 22 40
28: 19 22 36
29: 32 34 39
30: 31 33 38
31: 24 30 39
32: 18 29 38
33: 30 35 37
34: 29 35 36
35: 3 33 34
36: 2 28 34
37: 4 25 33
38: 2 30 32
39: 4 29 31
40: 3 26 27

1: 2 3 4
2: 1 35 40
3: 1 37 39
4: 1 36 38
5: 6 7 18
6: 5 15 17
7: 5 14 16
8: 9 12 20
9: 8 17 21
10: 11 17 23
11: 10 16 22
12: 8 15 16
13: 14 15 21
14: 7 13 19
15: 6 12 13
16: 7 11 12
17: 6 9 10
18: 5 24 31
19: 14 22 29
20: 8 23 26
21: 9 13 25
22: 11 19 26
23: 10 20 25
24: 18 27 28
25: 21 23 40
26: 20 22 37
27: 24 29 36
28: 24 30 38
29: 19 27 40
30: 28 34 39
31: 18 32 39
32: 31 33 38
33: 32 35 37
34: 30 35 36
35: 2 33 34
36: 4 27 34
37: 3 26 33
38: 4 28 32
39: 3 30 31
40: 2 25 29

1: 2 3 4
2: 1 36 38
3: 1 37 40
4: 1 35 39
5: 7 12 13
6: 8 9 22
7: 5 14 33
8: 6 10 18
9: 6 11 19
10: 8 15 17
11: 9 15 16
12: 5 17 19
13: 5 16 18
14: 7 24 26
15: 10 11 28
16: 11 13 30
17: 10 12 30
18: 8 13 29
19: 9 12 29
20: 21 27 34
21: 20 23 25
22: 6 27 28
23: 21 26 32
24: 14 25 31
25: 21 24 37
26: 14 23 36
27: 20 22 40
28: 15 22 39
29: 18 19 40
30: 16 17 39
31: 24 32 38
32: 23 31 35
33: 7 37 38
34: 20 35 36
35: 4 32 34
36: 2 26 34
37: 3 25 33
38: 2 31 33
39: 4 28 30
40: 3 27 29

1: 2 3 4
2: 1 39 40
3: 1 35 37
4: 1 36 38
5: 6 7 34
6: 5 10 23
7: 5 15 18
8: 11 14 19
9: 13 19 22
10: 6 21 24
11: 8 12 17
12: 11 13 18
13: 9 12 16
14: 8 20 33
15: 7 16 17
16: 13 15 28
17: 11 15 26
18: 7 12 27
19: 8 9 27
20: 14 21 28
21: 10 20 25
22: 9 25 26
23: 6 29 30
24: 10 31 32
25: 21 22 40
26: 17 22 39
27: 18 19 40
28: 16 20 39
29: 23 32 36
30: 23 31 35
31: 24 30 38
32: 24 29 37
33: 14 37 38
34: 5 35 36
35: 3 30 34
36: 4 29 34
37: 3 32 33
38: 4 31 33
39: 2 26 28
40: 2 25 27

1: 2 3 4
2: 1 35 36
3: 1 37 39
4: 1 38 40
5: 6 7 20
6: 5 10 13
7: 5 11 12
8: 12 13 18
9: 11 17 19
10: 6 14 17
11: 7 9 16
12: 7 8 14
13: 6 8 25
14: 10 12 23
15: 19 21 26
16: 11 18 23
17: 9 10 22
18: 8 16 24
19: 9 15 24
20: 5 21 22
21: 15 20 28
22: 17 20 27
23: 14 16 28
24: 18 19 27
25: 13 31 32
26: 15 29 30
27: 22 24 36
28: 21 23 35
29: 26 32 40
30: 26 31 39
31: 25 30 38
32: 25 29 37
33: 35 39 40
34: 36 37 38
35: 2 28 33
36: 2 27 34
37: 3 32 34
38: 4 31 34
39: 3 30 33
40: 4 29 33

1: 2 3 4
2: 1 35 37
3: 1 38 40
4: 1 36 39
5: 6 9 11
6: 5 10 12
7: 10 24 25
8: 9 13 16
9: 5 8 17
10: 6 7 15
11: 5 14 19
12: 6 16 18
13: 8 14 15
14: 11 13 21
15: 10 13 20
16: 8 12 23
17: 9 18 21
18: 12 17 22
19: 11 20 23
20: 15 19 30
21: 14 17 30
22: 18 26 29
23: 16 19 28
24: 7 29 31
25: 7 27 28
26: 22 27 32
27: 25 26 40
28: 23 25 36
29: 22 24 37
30: 20 21 35
31: 24 32 38
32: 26 31 39
33: 35 39 40
34: 36 37 38
35: 2 30 33
36: 4 28 34
37: 2 29 34
38: 3 31 34
39: 4 32 33
40: 3 27 33

1: 2 3 4
2: 1 36 40
3: 1 35 38
4: 1 37 39
5: 18 19 25
6: 16 17 19
7: 14 15 25
8: 14 18 24
9: 12 13 24
10: 11 12 18
11: 10 15 17
12: 9 10 16
13: 9 17 23
14: 7 8 16
15: 7 11 22
16: 6 12 14
17: 6 11 13
18: 5 8 10
19: 5 6 33
20: 21 22 31
21: 20 23 27
22: 15 20 30
23: 13 21 29
24: 8 9 28
25: 5 7 28
26: 29 30 32
27: 21 34 39
28: 24 25 40
29: 23 26 40
30: 22 26 39
31: 20 36 38
32: 26 35 37
33: 19 37 38
34: 27 35 36
35: 3 32 34
36: 2 31 34
37: 4 32 33
38: 3 31 33
39: 4 27 30
40: 2 28 29

1: 2 3 4
2: 1 35 38
3: 1 36 40
4: 1 37 39
5: 8 14 17
6: 10 15 17
7: 10 13 19
8: 5 9 16
9: 8 10 18
10: 6 7 9
11: 12 16 25
12: 11 15 21
13: 7 14 21
14: 5 13 23
15: 6 12 23
16: 8 11 24
17: 5 6 20
18: 9 20 22
19: 7 22 25
20: 17 18 26
21: 12 13 27
22: 18 19 27
23: 14 15 26
24: 16 30 32
25: 11 19 31
26: 20 23 38
27: 21 22 37
28: 31 34 40
29: 30 33 39
30: 24 29 40
31: 25 28 39
32: 24 36 38
33: 29 35 36
34: 28 35 37
35: 2 33 34
36: 3 32 33
37: 4 27 34
38: 2 26 32
39: 4 29 31
40: 3 28 30

1: 2 3 4
2: 1 35 38
3: 1 39 40
4: 1 36 37
5: 6 12 22
6: 5 9 17
7: 13 16 23
8: 11 17 24
9: 6 10 15
10: 9 11 16
11: 8 10 14
12: 5 18 19
13: 7 14 15
14: 11 13 26
15: 9 13 25
16: 7 10 30
17: 6 8 30
18: 12 20 27
19: 12 21 28
20: 18 29 34
21: 19 29 33
22: 5 26 32
23: 7 27 28
24: 8 25 31
25: 15 24 40
26: 14 22 40
27: 18 23 37
28: 19 23 36
29: 20 21 38
30: 16 17 39
31: 24 32 39
32: 22 31 38
33: 21 35 37
34: 20 35 36
35: 2 33 34
36: 4 28 34
37: 4 27 33
38: 2 29 32
39: 3 30 31
40: 3 25 26

