1: 2 3 4
2: 1 19 21
3: 1 20 22
4: 1 23 24
5: 6 9 14
6: 5 10 15
7: 8 11 16
8: 7 12 13
9: 5 13 17
10: 6 16 18
11: 7 15 18
12: 8 14 17
13: 8 9 22
14: 5 12 19
15: 6 11 20
16: 7 10 21
17: 9 12 24
18: 10 11 23
19: 2 14 20
20: 3 15 19
21: 2 16 22
22: 3 13 21
23: 4 18 24
24: 4 17 23

1: 2 3 17
2: 1 7 24
3: 1 6 18
4: 5 6 17
5: 4 16 24
6: 3 4 19
7: 2 16 18
8: 9 10 20
9: 8 14 23
10: 8 15 22
11: 12 15 20
12: 11 13 23
13: 12 14 21
14: 9 13 22
15: 10 11 21
16: 5 7 19
17: 1 4 18 19
18: 3 7 17 24
19: 6 16 17 24
20: 8 11 21 22
21: 13 15 20 23
22: 10 14 20 23
23: 9 12 21 22
24: 2 5 18 19

1: 2 3 4
2: 1 22 23
3: 1 21 24
4: 1 19 20
5: 7 9 17
6: 8 10 18
7: 5 8 12
8: 6 7 11
9: 5 14 16
10: 6 13 15
11: 8 14 22
12: 7 13 21
13: 10 12 24
14: 9 11 23
15: 10 19 24
16: 9 20 23
17: 5 20 22
18: 6 19 21
19: 4 15 18
20: 4 16 17
21: 3 12 18
22: 2 11 17
23: 2 14 16
24: 3 13 15

1: 5 6
2: 9 12
3: 10 11
4: 7 8
5: 1 17
6: 1 17
7: 4 18
8: 4 18
9: 2 19
10: 3 20
11: 3 20
12: 2 19
13: 17 21
14: 18 24
15: 20 23
16: 19 22
17: 5 6 13
18: 7 8 14
19: 9 12 16
20: 10 11 15
21: 13 22 23
22: 16 21 24
23: 15 21 24
24: 14 22 23

1: 24
2: 15
3: 23 24
4: 22 24
5: 15 17
6: 17 23
7: 14 17
8: 12 18
9: 21 22
10: 13 21
11: 13 21
12: 8 20
13: 10 11
14: 7 19
15: 2 5
16: 18 22 23 24
17: 5 6 7 19
18: 8 16 19 20
19: 14 17 18 23
20: 12 18 21 22
21: 9 10 11 20
22: 4 9 16 20
23: 3 6 16 19
24: 1 3 4 16

1: 2 3 4
2: 1 19 22
3: 1 20 21
4: 1 23 24
5: 7 8 17
6: 7 8 17
7: 5 6 18
8: 5 6 18
9: 11 12 19
10: 11 12 19
11: 9 10 22
12: 9 10 22
13: 14 15 20
14: 13 16 21
15: 13 16 21
16: 14 15 20
17: 5 6 23
18: 7 8 24
19: 2 9 10
20: 3 13 16
21: 3 14 15
22: 2 11 12
23: 4 17 24
24: 4 18 23

1: 2 3 4
2: 1 23 24
3: 1 23 24
4: 1 21 22
5: 6 7 20
6: 5 18 19
7: 5 18 19
8: 10 11 12
9: 10 11 12
10: 8 9 13
11: 8 9 13
12: 8 9 23
13: 10 11 24
14: 15 16 17
15: 14 16 17
16: 14 15 18
17: 14 15 19
18: 6 7 16
19: 6 7 17
20: 5 21 22
21: 4 20 22
22: 4 20 21
23: 2 3 12
24: 2 3 13

1: 2 3 4
2: 1 23 24
3: 1 23 24
4: 1 21 22
5: 6 7 20
6: 5 7 19
7: 5 6 19
8: 9 10 24
9: 8 17 18
10: 8 17 18
11: 13 14 15
12: 13 14 15
13: 11 12 16
14: 11 12 16
15: 11 12 17
16: 13 14 18
17: 9 10 15
18: 9 10 16
19: 6 7 23
20: 5 21 22
21: 4 20 22
22: 4 20 21
23: 2 3 19
24: 2 3 8

1: 2 3 4
2: 1 23 24
3: 1 21 24
4: 1 22 24
5: 6 7 10
6: 5 8 9
7: 5 8 11
8: 6 7 12
9: 6 10 12
10: 5 9 11
11: 7 10 14
12: 8 9 13
13: 12 14 16
14: 11 13 15
15: 14 16 23
16: 13 15 23
17: 19 20 21
18: 19 20 21
19: 17 18 22
20: 17 18 22
21: 3 17 18
22: 4 19 20
23: 2 15 16
24: 2 3 4

1: 2 3 4
2: 1 23 24
3: 1 23 24
4: 1 21 22
5: 6 7 18
6: 5 14 15
7: 5 16 17
8: 10 11 23
9: 12 13 24
10: 8 14 15
11: 8 14 15
12: 9 16 17
13: 9 16 17
14: 6 10 11
15: 6 10 11
16: 7 12 13
17: 7 12 13
18: 5 19 20
19: 18 21 22
20: 18 21 22
21: 4 19 20
22: 4 19 20
23: 2 3 8
24: 2 3 9

1: 2 3 4
2: 1 19 24
3: 1 20 22
4: 1 21 23
5: 16 17 18
6: 8 9 10
7: 8 9 10
8: 6 7 11
9: 6 7 11
10: 6 7 12
11: 8 9 13
12: 10 14 15
13: 11 14 15
14: 12 13 19
15: 12 13 19
16: 5 20 21
17: 5 20 23
18: 5 21 22
19: 2 14 15
20: 3 16 17
21: 4 16 18
22: 3 18 24
23: 4 17 24
24: 2 22 23

1: 2 3 4
2: 1 19 22
3: 1 20 21
4: 1 23 24
5: 7 8 17
6: 7 8 17
7: 5 6 18
8: 5 6 18
9: 15 16 19
10: 15 16 19
11: 13 14 22
12: 13 14 22
13: 11 12 20
14: 11 12 20
15: 9 10 21
16: 9 10 21
17: 5 6 23
18: 7 8 24
19: 2 9 10
20: 3 13 14
21: 3 15 16
22: 2 11 12
23: 4 17 24
24: 4 18 23

1: 2 3 4
2: 1 22 24
3: 1 23 24
4: 1 20 21
5: 6 20 24
6: 5 7 8
7: 6 8 22
8: 6 7 23
9: 20 22 23
10: 18 19 21
11: 18 19 21
12: 14 15 16
13: 14 15 16
14: 12 13 17
15: 12 13 17
16: 12 13 18
17: 14 15 19
18: 10 11 16
19: 10 11 17
20: 4 5 9
21: 4 10 11
22: 2 7 9
23: 3 8 9
24: 2 3 5

1: 2 3 4
2: 1 23 24
3: 1 21 24
4: 1 22 24
5: 6 7 10
6: 5 8 9
7: 5 11 12
8: 6 11 13
9: 6 12 14
10: 5 13 14
11: 7 8 15
12: 7 9 16
13: 8 10 16
14: 9 10 15
15: 11 14 23
16: 12 13 23
17: 19 20 21
18: 19 20 21
19: 17 18 22
20: 17 18 22
21: 3 17 18
22: 4 19 20
23: 2 15 16
24: 2 3 4

1: 2 3 4
2: 1 21 22
3: 1 4 23
4: 1 3 24
5: 6 7 20
6: 5 18 19
7: 5 18 19
8: 10 11 23
9: 10 11 23
10: 8 9 24
11: 8 9 24
12: 14 15 16
13: 14 15 16
14: 12 13 17
15: 12 13 17
16: 12 13 18
17: 14 15 19
18: 6 7 16
19: 6 7 17
20: 5 21 22
21: 2 20 22
22: 2 20 21
23: 3 8 9
24: 4 10 11

1: 2 3 4
2: 1 23 24
3: 1 23 24
4: 1 21 22
5: 6 7 9
6: 5 8 10
7: 5 8 13
8: 6 7 14
9: 5 10 14
10: 6 9 13
11: 15 16 23
12: 15 16 24
13: 7 10 17
14: 8 9 17
15: 11 12 18
16: 11 12 18
17: 13 14 20
18: 15 16 19
19: 18 21 22
20: 17 21 22
21: 4 19 20
22: 4 19 20
23: 2 3 11
24: 2 3 12

1: 2 3 4
2: 1 23 24
3: 1 21 24
4: 1 22 24
5: 6 7 10
6: 5 8 9
7: 5 11 12
8: 6 13 14
9: 6 13 14
10: 5 11 12
11: 7 10 15
12: 7 10 15
13: 8 9 16
14: 8 9 16
15: 11 12 23
16: 13 14 23
17: 19 20 21
18: 19 20 21
19: 17 18 22
20: 17 18 22
21: 3 17 18
22: 4 19 20
23: 2 15 16
24: 2 3 4

1: 2 3 4
2: 1 4 23
3: 1 4 24
4: 1 2 3
5: 6 7 16
6: 5 14 15
7: 5 14 15
8: 10 11 12
9: 10 11 12
10: 8 9 13
11: 8 9 13
12: 8 9 14
13: 10 11 15
14: 6 7 12
15: 6 7 13
16: 5 19 20
17: 20 21 22
18: 19 21 22
19: 16 18 23
20: 16 17 24
21: 17 18 23
22: 17 18 24
23: 2 19 21
24: 3 20 22

1: 2 3 4
2: 1 23 24
3: 1 23 24
4: 1 21 22
5: 18 19 20
6: 7 8 24
7: 6 15 16
8: 6 15 16
9: 11 12 13
10: 11 12 13
11: 9 10 14
12: 9 10 14
13: 9 10 15
14: 11 12 16
15: 7 8 13
16: 7 8 14
17: 18 19 23
18: 5 17 21
19: 5 17 22
20: 5 21 22
21: 4 18 20
22: 4 19 20
23: 2 3 17
24: 2 3 6

1: 2 3 4
2: 1 21 24
3: 1 22 24
4: 1 23 24
5: 7 8 10
6: 7 8 9
7: 5 6 11
8: 5 6 12
9: 6 11 12
10: 5 13 14
11: 7 9 15
12: 8 9 15
13: 10 14 16
14: 10 13 16
15: 11 12 21
16: 13 14 21
17: 19 20 22
18: 19 20 22
19: 17 18 23
20: 17 18 23
21: 2 15 16
22: 3 17 18
23: 4 19 20
24: 2 3 4

1: 2 3 4
2: 1 22 24
3: 1 23 24
4: 1 23 24
5: 20 21 22
6: 18 19 22
7: 8 9 10
8: 7 9 10
9: 7 8 11
10: 7 8 12
11: 9 13 14
12: 10 13 14
13: 11 12 21
14: 11 12 21
15: 16 17 20
16: 15 18 19
17: 15 18 19
18: 6 16 17
19: 6 16 17
20: 5 15 23
21: 5 13 14
22: 2 5 6
23: 3 4 20
24: 2 3 4

1: 2 3 4
2: 1 23 24
3: 1 21 24
4: 1 22 24
5: 12 13 14
6: 8 9 10
7: 8 9 10
8: 6 7 11
9: 6 7 11
10: 6 7 12
11: 8 9 13
12: 5 10 16
13: 5 11 15
14: 5 15 16
15: 13 14 23
16: 12 14 23
17: 19 20 21
18: 19 20 21
19: 17 18 22
20: 17 18 22
21: 3 17 18
22: 4 19 20
23: 2 15 16
24: 2 3 4

1: 2 3 4
2: 1 23 24
3: 1 21 24
4: 1 22 24
5: 6 9 10
6: 5 9 10
7: 8 11 12
8: 7 11 12
9: 5 6 13
10: 5 6 14
11: 7 8 14
12: 7 8 13
13: 9 12 16
14: 10 11 15
15: 14 16 23
16: 13 15 23
17: 19 20 21
18: 19 20 21
19: 17 18 22
20: 17 18 22
21: 3 17 18
22: 4 19 20
23: 2 15 16
24: 2 3 4

1: 2 3 4
2: 1 23 24
3: 1 23 24
4: 1 21 22
5: 6 7 10
6: 5 8 9
7: 5 8 11
8: 6 7 14
9: 6 10 12
10: 5 9 13
11: 7 12 15
12: 9 11 15
13: 10 14 16
14: 8 13 16
15: 11 12 18
16: 13 14 18
17: 20 23 24
18: 15 16 19
19: 18 21 22
20: 17 21 22
21: 4 19 20
22: 4 19 20
23: 2 3 17
24: 2 3 17

1: 2 3 4
2: 1 23 24
3: 1 23 24
4: 1 21 22
5: 6 7 9
6: 5 8 10
7: 5 8 11
8: 6 7 12
9: 5 10 13
10: 6 9 14
11: 7 12 14
12: 8 11 13
13: 9 12 16
14: 10 11 15
15: 14 16 18
16: 13 15 18
17: 20 23 24
18: 15 16 19
19: 18 21 22
20: 17 21 22
21: 4 19 20
22: 4 19 20
23: 2 3 17
24: 2 3 17

1: 12 13
2: 11 13
3: 8 14
4: 7 14
5: 10 15
6: 9 16
7: 4 15
8: 3 16
9: 6 18
10: 5 17
11: 2 18
12: 1 17
13: 1 2 19
14: 3 4 22
15: 5 7 23
16: 6 8 24
17: 10 12 21
18: 9 11 20
19: 13 20 21
20: 18 19 24
21: 17 19 23
22: 14 23 24
23: 15 21 22
24: 16 20 22

1: 2 3 4
2: 1 22 24
3: 1 23 24
4: 1 23 24
5: 18 21 22
6: 19 20 22
7: 8 9 23
8: 7 12 13
9: 7 14 15
10: 12 13 16
11: 14 15 17
12: 8 10 18
13: 8 10 21
14: 9 11 19
15: 9 11 20
16: 10 18 21
17: 11 19 20
18: 5 12 16
19: 6 14 17
20: 6 15 17
21: 5 13 16
22: 2 5 6
23: 3 4 7
24: 2 3 4

1: 2 3 4
2: 1 19 24
3: 1 21 23
4: 1 20 22
5: 11 15 17
6: 12 16 18
7: 9 14 18
8: 10 13 17
9: 7 10 16
10: 8 9 15
11: 5 13 19
12: 6 14 19
13: 8 11 21
14: 7 12 20
15: 5 10 21
16: 6 9 20
17: 5 8 23
18: 6 7 22
19: 2 11 12
20: 4 14 16
21: 3 13 15
22: 4 18 24
23: 3 17 24
24: 2 22 23

1: 22
2: 20
3: 21
4: 19
5: 24
6: 23
7: 18
8: 17
9: 13
10: 14
11: 16
12: 15
13: 9 17 18
14: 10 19 21
15: 12 22 24
16: 11 20 23
17: 8 13 18 24
18: 7 13 17 23
19: 4 14 20 22
20: 2 16 19 21
21: 3 14 20 24
22: 1 15 19 23
23: 6 16 18 22
24: 5 15 17 21

