1: 2 3 4
2: 1 51 52
3: 1 49 53
4: 1 50 54
5: 26 28 33
6: 27 28 34
7: 8 9 25
8: 7 22 34
9: 7 21 33
10: 11 12 20
11: 10 18 32
12: 10 19 31
13: 17 23 24
14: 29 30 41
15: 18 29 31
16: 19 30 32
17: 13 18 19
18: 11 15 17
19: 12 16 17
20: 10 21 22
21: 9 20 24
22: 8 20 23
23: 13 22 26
24: 13 21 27
25: 7 26 27
26: 5 23 25
27: 6 24 25
28: 5 6 35
29: 14 15 36
30: 14 16 37
31: 12 15 37
32: 11 16 36
33: 5 9 38
34: 6 8 38
35: 28 39 42
36: 29 32 40
37: 30 31 40
38: 33 34 39
39: 35 38 48
40: 36 37 47
41: 14 45 46
42: 35 43 44
43: 42 49 52
44: 42 50 51
45: 41 52 54
46: 41 51 53
47: 40 53 54
48: 39 49 50
49: 3 43 48
50: 4 44 48
51: 2 44 46
52: 2 43 45
53: 3 46 47
54: 4 45 47

1: 43 45
2: 44 49
3: 46 47
4: 48 53
5: 50 54
6: 51 52
7: 8 43
8: 7 44
9: 10 45
10: 9 46
11: 12 47
12: 11 48
13: 14 49
14: 13 50
15: 16 54
16: 15 51
17: 18 52
18: 17 53
19: 20 21 25
20: 19 24 27
21: 19 23 26
22: 23 24 29
23: 21 22 30
24: 20 22 28
25: 19 31 33
26: 21 32 39
27: 20 34 35
28: 24 36 40
29: 22 41 42
30: 23 37 38
31: 25 32 43
32: 26 31 44
33: 25 34 45
34: 27 33 46
35: 27 36 47
36: 28 35 48
37: 30 39 50
38: 30 42 54
39: 26 37 49
40: 28 41 53
41: 29 40 52
42: 29 38 51
43: 1 7 31
44: 2 8 32
45: 1 9 33
46: 3 10 34
47: 3 11 35
48: 4 12 36
49: 2 13 39
50: 5 14 37
51: 6 16 42
52: 6 17 41
53: 4 18 40
54: 5 15 38

1: 43
2: 42
3: 23 24
4: 20 21
5: 12 13
6: 10 11
7: 28 29
8: 18 54
9: 16 53
10: 6 54
11: 6 54
12: 5 53
13: 5 53
14: 15 52
15: 14 47
16: 9 47
17: 26 51
18: 8 51
19: 25 46
20: 4 46
21: 4 46
22: 27 49
23: 3 50
24: 3 50
25: 19 48
26: 17 44
27: 22 44
28: 7 45
29: 7 45
30: 48 49
31: 44 45
32: 35 54
33: 34 53
34: 33 37
35: 32 36
36: 35 39
37: 34 38
38: 37 41
39: 36 40
40: 39 43
41: 38 42
42: 2 41
43: 1 40
44: 26 27 31 51
45: 28 29 31 51
46: 19 20 21 48
47: 15 16 50 52
48: 25 30 46 52
49: 22 30 50 52
50: 23 24 47 49
51: 17 18 44 45
52: 14 47 48 49
53: 9 12 13 33
54: 8 10 11 32

