1:
2:
3:
4:
5:
6:
7:
8:
9:
10:
11:
12:
13:
14:
15:
16:
17:
18:
19:
20:
21:
22:
23:
24:
25:
26:
27:
28:
29:
30:
31:
32:
33:
34:
35:
36:
37: 100
38: 94
39: 96
40: 96
41: 96
42: 97
43: 95
44: 45
45: 44
46: 47
47: 46
48: 49
49: 48
50: 51
51: 50
52: 53
53: 52
54: 55
55: 54
56: 57
57: 56
58: 59
59: 58
60: 61
61: 60
62: 63
63: 62
64: 65
65: 64
66: 67
67: 66
68: 85
69: 86
70: 86
71: 87
72: 88
73: 88
74: 87
75: 91
76: 92
77: 84
78: 81
79: 82
80: 99 100
81: 78 100
82: 79 100
83: 94 99
84: 77 99
85: 68 98
86: 69 70
87: 71 74
88: 72 73
89: 93 98
90: 93 97
91: 75 92
92: 76 91
93: 89 90
94: 38 83
95: 43 97 98
96: 39 40 41
97: 42 90 95
98: 85 89 95
99: 80 83 84
100: 37 80 81 82

1:
2:
3:
4:
5:
6:
7:
8:
9:
10:
11:
12:
13:
14:
15:
16:
17:
18:
19:
20:
21:
22:
23:
24:
25:
26: 100
27: 90
28: 97
29: 97
30: 97
31: 89
32: 89
33: 91
34: 35
35: 34
36: 37
37: 36
38: 39
39: 38
40: 41
41: 40
42: 43
43: 42
44: 45
45: 44
46: 86
47: 87
48: 99
49: 99
50: 99
51: 98
52: 98
53: 98
54: 79
55: 75
56: 76
57: 77
58: 77
59: 76
60: 80
61: 81
62: 82
63: 83
64: 84
65: 85
66: 96 100
67: 88 100
68: 86 96
69: 87 96
70: 90 94
71: 93 95
72: 92 95
73: 94 95
74: 88 94
75: 55 92
76: 56 59
77: 57 58
78: 93 99
79: 54 98
80: 60 81
81: 61 80
82: 62 83
83: 63 82
84: 64 85
85: 65 84
86: 46 68
87: 47 69
88: 67 74
89: 31 32 100
90: 27 70 100
91: 33 92 93
92: 72 75 91
93: 71 78 91
94: 70 73 74
95: 71 72 73
96: 66 68 69
97: 28 29 30 100
98: 51 52 53 79
99: 48 49 50 78
100: 26 66 67 89 90 97

1:
2:
3:
4:
5:
6:
7:
8:
9:
10:
11:
12:
13:
14:
15:
16: 100
17: 100
18: 74
19: 42
20: 95
21: 95
22: 88
23: 89
24: 51
25: 92
26: 98
27: 52
28: 55
29: 55
30: 53
31: 54
32: 33
33: 32
34: 35
35: 34
36: 68
37: 80
38: 96 100
39: 40 73
40: 39 91
41: 42 74
42: 19 41
43: 53 93
44: 54 93
45: 50 97
46: 51 97
47: 66 97
48: 88 91
49: 50 89
50: 45 49
51: 24 46
52: 27 98
53: 30 43
54: 31 44
55: 28 29
56: 65 90
57: 63 91
58: 84 96
59: 83 96
60: 84 99
61: 85 99
62: 79 93
63: 57 80
64: 80 90
65: 56 75
66: 47 76
67: 78 92
68: 36 86
69: 79 98
70: 77 79
71: 75 87
72: 73 90 100
73: 39 72 74
74: 18 41 73
75: 65 71 94
76: 66 89 94
77: 70 96 98
78: 67 98 99
79: 62 69 70
80: 37 63 64
81: 84 94 95
82: 86 96 99
83: 59 85 97
84: 58 60 81
85: 61 83 87
86: 68 82 87
87: 71 85 86
88: 22 48 94 100
89: 23 49 76 100
90: 56 64 72 93
91: 40 48 57 92
92: 25 67 91 99
93: 43 44 62 90
94: 75 76 81 88
95: 20 21 81 97 100
96: 38 58 59 77 82
97: 45 46 47 83 95
98: 26 52 69 77 78
99: 60 61 78 82 92
100: 16 17 38 72 88 89 95

