1: 13 14 37
2: 16 19 38
3: 17 18 40
4: 15 20 39
5: 6 13 25
6: 5 14 24
7: 8 16 21
8: 7 19 23
9: 10 18 26
10: 9 17 28
11: 12 20 22
12: 11 15 27
13: 1 5 29
14: 1 6 31
15: 4 12 34
16: 2 7 36
17: 3 10 35
18: 3 9 30
19: 2 8 32
20: 4 11 33
21: 7 22 49
22: 11 21 52
23: 8 24 49
24: 6 23 50
25: 5 26 50
26: 9 25 51
27: 12 28 52
28: 10 27 51
29: 13 30 41
30: 18 29 42
31: 14 32 45
32: 19 31 48
33: 20 36 44
34: 15 35 47
35: 17 34 46
36: 16 33 43
37: 1 41 45
38: 2 43 48
39: 4 44 47
40: 3 42 46
41: 29 37 54
42: 30 40 54
43: 36 38 57
44: 33 39 57
45: 31 37 55
46: 35 40 56
47: 34 39 56
48: 32 38 55
49: 21 23 53
50: 24 25 53
51: 26 28 53
52: 22 27 53
53: 49 50 51 52
54: 41 42 55 56
55: 45 48 54 57
56: 46 47 54 57
57: 43 44 55 56

1: 55
2: 54
3: 52
4: 53
5: 49
6: 48
7: 12 28
8: 11 27
9: 14 26
10: 13 25
11: 8 22
12: 7 21
13: 10 24
14: 9 23
15: 17 18
16: 19 20
17: 15 57
18: 15 57
19: 16 56
20: 16 56
21: 12 57
22: 11 56
23: 14 57
24: 13 56
25: 10 55
26: 9 54
27: 8 52
28: 7 53
29: 30 31
30: 29 32
31: 29 33
32: 30 36
33: 31 37
34: 50 52
35: 50 53
36: 32 51
37: 33 51
38: 41 55
39: 40 54
40: 39 43
41: 38 42
42: 41 45
43: 40 44
44: 43 47
45: 42 46
46: 45 49
47: 44 48
48: 6 47
49: 5 46
50: 34 35 51
51: 36 37 50
52: 3 27 34
53: 4 28 35
54: 2 26 39
55: 1 25 38
56: 19 20 22 24
57: 17 18 21 23

