1: 42 45 69
2: 43 47 70
3: 44 46 70
4: 41 48 69
5: 50 57 71
6: 51 60 72
7: 52 59 72
8: 49 58 71
9: 18 61 65
10: 19 64 66
11: 20 63 66
12: 17 62 65
13: 22 53 67
14: 23 55 68
15: 24 54 68
16: 21 56 67
17: 12 33 61
18: 9 36 62
19: 10 34 63
20: 11 35 64
21: 16 37 53
22: 13 40 56
23: 14 38 54
24: 15 39 55
25: 28 41 45 69
26: 27 43 46 70
27: 26 44 47 70
28: 25 42 48 69
29: 32 49 57 71
30: 31 51 59 72
31: 30 52 60 72
32: 29 50 58 71
33: 17 36 61 65
34: 19 35 63 66
35: 20 34 64 66
36: 18 33 62 65
37: 21 40 53 67
38: 23 39 54 68
39: 24 38 55 68
40: 22 37 56 67
41: 4 25 42 45
42: 1 28 41 48
43: 2 26 44 46
44: 3 27 43 47
45: 1 25 41 69
46: 3 26 43 70
47: 2 27 44 70
48: 4 28 42 69
49: 8 29 50 57
50: 5 32 49 58
51: 6 30 52 59
52: 7 31 51 60
53: 13 21 37 67
54: 15 23 38 68
55: 14 24 39 68
56: 16 22 40 67
57: 5 29 49 58 71
58: 8 32 50 57 71
59: 7 30 51 60 72
60: 6 31 52 59 72
61: 9 17 33 62 65
62: 12 18 36 61 65
63: 11 19 34 64 66
64: 10 20 35 63 66
65: 9 12 33 36 61 62
66: 10 11 34 35 63 64
67: 13 16 37 40 53 56
68: 14 15 38 39 54 55
69: 1 4 25 28 45 48
70: 2 3 26 27 46 47
71: 5 8 29 32 57 58
72: 6 7 30 31 59 60

