1: 42 43
2: 44 58
3: 50 62
4: 21 45
5: 21 45
6: 46 49
7: 30 61
8: 49 53
9: 50 51
10: 52 54
11: 28 53
12: 28 53
13: 54 56
14: 27 55
15: 27 55
16: 17 56
17: 16 57
18: 26 57
19: 26 57
20: 23 24
21: 4 5
22: 25 59
23: 20 59
24: 20 59
25: 22 58
26: 18 19
27: 14 15
28: 11 12
29: 45 64
30: 7 40
31: 32 67
32: 31 37
33: 37 66
34: 36 65
35: 36 64
36: 34 35 68
37: 32 33 67
38: 41 42 43 68
39: 60 62 63 66
40: 30 61 63 66
41: 38 60 63 65
42: 1 38 46 60
43: 1 38 45 64
44: 2 61 63 65
45: 4 5 29 43
46: 6 42 47 48
47: 46 50 60 62
48: 46 49 50 51
49: 6 8 48 52
50: 3 9 47 48
51: 9 48 52 54
52: 10 49 51 53
53: 8 11 12 52
54: 10 13 51 55
55: 14 15 54 56
56: 13 16 55 57
57: 17 18 19 56
58: 2 25 59 61
59: 22 23 24 58
60: 39 41 42 47
61: 7 40 44 58
62: 3 39 47 67
63: 39 40 41 44
64: 29 35 43 68
65: 34 41 44 68
66: 33 39 40 67
67: 31 37 62 66
68: 36 38 64 65

