1: 2 3 4
2: 1 33 35
3: 1 34 36
4: 1 31 32
5: 9 12 30
6: 10 11 29
7: 8 13 14
8: 7 15 16
9: 5 13 17
10: 6 15 18
11: 6 16 19
12: 5 14 20
13: 7 9 20
14: 7 12 17
15: 8 10 19
16: 8 11 18
17: 9 14 21
18: 10 16 22
19: 11 15 22
20: 12 13 21
21: 17 20 24
22: 18 19 23
23: 22 27 28
24: 21 25 26
25: 24 27 31
26: 24 28 32
27: 23 25 32
28: 23 26 31
29: 6 35 36
30: 5 33 34
31: 4 25 28
32: 4 26 27
33: 2 30 36
34: 3 30 35
35: 2 29 34
36: 3 29 33

1: 2 3 4
2: 1 31 36
3: 1 33 35
4: 1 32 34
5: 12 26 30
6: 10 11 28
7: 9 13 30
8: 16 25 29
9: 7 18 27
10: 6 12 17
11: 6 14 29
12: 5 10 15
13: 7 20 25
14: 11 19 26
15: 12 16 21
16: 8 15 22
17: 10 18 22
18: 9 17 21
19: 14 24 28
20: 13 24 27
21: 15 18 23
22: 16 17 23
23: 21 22 31
24: 19 20 31
25: 8 13 33
26: 5 14 32
27: 9 20 33
28: 6 19 32
29: 8 11 35
30: 5 7 34
31: 2 23 24
32: 4 26 28
33: 3 25 27
34: 4 30 36
35: 3 29 36
36: 2 34 35

1: 2 3 4
2: 1 31 36
3: 1 33 35
4: 1 32 34
5: 12 26 30
6: 10 11 28
7: 9 13 30
8: 18 25 29
9: 7 16 27
10: 6 12 17
11: 6 14 29
12: 5 10 15
13: 7 20 25
14: 11 19 26
15: 12 16 21
16: 9 15 22
17: 10 18 22
18: 8 17 21
19: 14 24 28
20: 13 24 27
21: 15 18 23
22: 16 17 23
23: 21 22 31
24: 19 20 31
25: 8 13 33
26: 5 14 32
27: 9 20 33
28: 6 19 32
29: 8 11 35
30: 5 7 34
31: 2 23 24
32: 4 26 28
33: 3 25 27
34: 4 30 36
35: 3 29 36
36: 2 34 35

1: 2 3 4
2: 1 31 34
3: 1 33 36
4: 1 32 35
5: 13 15 17
6: 14 16 18
7: 10 12 26
8: 9 11 25
9: 8 14 21
10: 7 13 22
11: 8 15 20
12: 7 16 19
13: 5 10 27
14: 6 9 28
15: 5 11 30
16: 6 12 29
17: 5 20 24
18: 6 19 23
19: 12 18 36
20: 11 17 35
21: 9 22 33
22: 10 21 32
23: 18 30 34
24: 17 29 34
25: 8 28 33
26: 7 27 32
27: 13 26 31
28: 14 25 31
29: 16 24 36
30: 15 23 35
31: 2 27 28
32: 4 22 26
33: 3 21 25
34: 2 23 24
35: 4 20 30
36: 3 19 29

1: 2 3 4
2: 1 31 36
3: 1 33 35
4: 1 32 34
5: 18 26 27
6: 14 15 29
7: 9 18 25
8: 10 17 30
9: 7 12 16
10: 8 13 28
11: 17 20 27
12: 9 19 26
13: 10 22 29
14: 6 22 28
15: 6 16 20
16: 9 15 21
17: 8 11 21
18: 5 7 19
19: 12 18 23
20: 11 15 24
21: 16 17 24
22: 13 14 23
23: 19 22 31
24: 20 21 31
25: 7 30 33
26: 5 12 33
27: 5 11 32
28: 10 14 32
29: 6 13 35
30: 8 25 34
31: 2 23 24
32: 4 27 28
33: 3 25 26
34: 4 30 36
35: 3 29 36
36: 2 34 35

1: 2 3 4
2: 1 31 36
3: 1 33 35
4: 1 32 34
5: 10 17 28
6: 13 25 27
7: 8 15 26
8: 7 16 29
9: 11 15 30
10: 5 12 29
11: 9 14 18
12: 10 19 27
13: 6 18 22
14: 11 21 26
15: 7 9 21
16: 8 17 22
17: 5 16 20
18: 11 13 20
19: 12 24 28
20: 17 18 23
21: 14 15 24
22: 13 16 23
23: 20 22 31
24: 19 21 31
25: 6 30 33
26: 7 14 33
27: 6 12 32
28: 5 19 32
29: 8 10 35
30: 9 25 34
31: 2 23 24
32: 4 27 28
33: 3 25 26
34: 4 30 36
35: 3 29 36
36: 2 34 35

1: 2 3 4
2: 1 33 35
3: 1 34 36
4: 1 31 32
5: 15 20 22
6: 14 17 21
7: 8 18 20
8: 7 16 19
9: 11 13 24
10: 15 16 28
11: 9 12 27
12: 11 14 30
13: 9 19 26
14: 6 12 23
15: 5 10 24
16: 8 10 29
17: 6 18 25
18: 7 17 26
19: 8 13 25
20: 5 7 23
21: 6 27 30
22: 5 28 29
23: 14 20 33
24: 9 15 34
25: 17 19 32
26: 13 18 32
27: 11 21 36
28: 10 22 31
29: 16 22 35
30: 12 21 31
31: 4 28 30
32: 4 25 26
33: 2 23 34
34: 3 24 33
35: 2 29 36
36: 3 27 35

1: 2 3 4
2: 1 33 35
3: 1 34 36
4: 1 31 32
5: 16 19 20
6: 14 17 21
7: 8 18 20
8: 7 15 22
9: 11 13 24
10: 15 16 28
11: 9 12 27
12: 11 14 30
13: 9 19 26
14: 6 12 23
15: 8 10 24
16: 5 10 29
17: 6 18 25
18: 7 17 26
19: 5 13 25
20: 5 7 23
21: 6 27 30
22: 8 28 29
23: 14 20 33
24: 9 15 34
25: 17 19 32
26: 13 18 32
27: 11 21 36
28: 10 22 31
29: 16 22 35
30: 12 21 31
31: 4 28 30
32: 4 25 26
33: 2 23 34
34: 3 24 33
35: 2 29 36
36: 3 27 35

1: 2 3 4
2: 1 31 36
3: 1 33 35
4: 1 32 34
5: 9 10 30
6: 11 14 29
7: 8 9 14
8: 7 11 13
9: 5 7 12
10: 5 16 25
11: 6 8 18
12: 9 15 25
13: 8 17 26
14: 6 7 17
15: 12 21 30
16: 10 19 28
17: 13 14 22
18: 11 20 27
19: 16 20 23
20: 18 19 24
21: 15 22 24
22: 17 21 23
23: 19 22 31
24: 20 21 31
25: 10 12 33
26: 13 29 32
27: 18 28 33
28: 16 27 32
29: 6 26 35
30: 5 15 34
31: 2 23 24
32: 4 26 28
33: 3 25 27
34: 4 30 36
35: 3 29 36
36: 2 34 35

1: 2 3 4
2: 1 34 36
3: 1 32 33
4: 1 31 35
5: 9 17 20
6: 9 13 29
7: 8 16 30
8: 7 14 15
9: 5 6 19
10: 12 15 26
11: 12 17 22
12: 10 11 28
13: 6 16 24
14: 8 18 25
15: 8 10 27
16: 7 13 25
17: 5 11 23
18: 14 21 23
19: 9 24 26
20: 5 21 22
21: 18 20 32
22: 11 20 36
23: 17 18 36
24: 13 19 34
25: 14 16 31
26: 10 19 35
27: 15 28 33
28: 12 27 35
29: 6 33 34
30: 7 31 32
31: 4 25 30
32: 3 21 30
33: 3 27 29
34: 2 24 29
35: 4 26 28
36: 2 22 23

1: 2 3 4
2: 1 31 36
3: 1 33 34
4: 1 32 35
5: 6 13 28
6: 5 12 27
7: 13 17 27
8: 9 11 26
9: 8 12 18
10: 11 12 25
11: 8 10 16
12: 6 9 10
13: 5 7 30
14: 15 16 30
15: 14 17 29
16: 11 14 21
17: 7 15 22
18: 9 20 25
19: 20 24 28
20: 18 19 23
21: 16 22 24
22: 17 21 23
23: 20 22 31
24: 19 21 31
25: 10 18 33
26: 8 29 33
27: 6 7 32
28: 5 19 32
29: 15 26 35
30: 13 14 34
31: 2 23 24
32: 4 27 28
33: 3 25 26
34: 3 30 36
35: 4 29 36
36: 2 34 35

1: 2 3 4
2: 1 31 36
3: 1 33 34
4: 1 32 35
5: 9 25 28
6: 7 18 26
7: 6 8 10
8: 7 11 15
9: 5 12 30
10: 7 16 30
11: 8 14 29
12: 9 19 27
13: 16 21 27
14: 11 20 26
15: 8 17 21
16: 10 13 22
17: 15 22 25
18: 6 20 29
19: 12 24 28
20: 14 18 24
21: 13 15 23
22: 16 17 23
23: 21 22 31
24: 19 20 31
25: 5 17 33
26: 6 14 33
27: 12 13 32
28: 5 19 32
29: 11 18 35
30: 9 10 34
31: 2 23 24
32: 4 27 28
33: 3 25 26
34: 3 30 36
35: 4 29 36
36: 2 34 35

1: 2 3 4
2: 1 31 36
3: 1 33 34
4: 1 32 35
5: 9 25 28
6: 7 18 26
7: 6 8 10
8: 7 11 15
9: 5 12 30
10: 7 17 30
11: 8 14 29
12: 9 19 27
13: 15 21 27
14: 11 20 26
15: 8 13 22
16: 17 22 25
17: 10 16 21
18: 6 20 29
19: 12 24 28
20: 14 18 24
21: 13 17 23
22: 15 16 23
23: 21 22 31
24: 19 20 31
25: 5 16 33
26: 6 14 33
27: 12 13 32
28: 5 19 32
29: 11 18 35
30: 9 10 34
31: 2 23 24
32: 4 27 28
33: 3 25 26
34: 3 30 36
35: 4 29 36
36: 2 34 35

1: 2 3 4
2: 1 31 36
3: 1 33 34
4: 1 32 35
5: 9 25 28
6: 7 18 26
7: 6 8 17
8: 7 10 15
9: 5 12 30
10: 8 11 30
11: 10 14 29
12: 9 19 27
13: 15 21 27
14: 11 20 26
15: 8 13 22
16: 17 22 25
17: 7 16 21
18: 6 20 29
19: 12 24 28
20: 14 18 24
21: 13 17 23
22: 15 16 23
23: 21 22 31
24: 19 20 31
25: 5 16 33
26: 6 14 33
27: 12 13 32
28: 5 19 32
29: 11 18 35
30: 9 10 34
31: 2 23 24
32: 4 27 28
33: 3 25 26
34: 3 30 36
35: 4 29 36
36: 2 34 35

1: 2 3 4
2: 1 31 36
3: 1 32 34
4: 1 33 35
5: 19 21 23
6: 20 22 23
7: 10 14 29
8: 9 13 24
9: 8 10 12
10: 7 9 11
11: 10 16 27
12: 9 18 25
13: 8 17 25
14: 7 15 27
15: 14 22 26
16: 11 19 29
17: 13 20 28
18: 12 21 24
19: 5 16 20
20: 6 17 19
21: 5 18 22
22: 6 15 21
23: 5 6 36
24: 8 18 32
25: 12 13 34
26: 15 28 34
27: 11 14 33
28: 17 26 33
29: 7 16 31
30: 31 32 35
31: 2 29 30
32: 3 24 30
33: 4 27 28
34: 3 25 26
35: 4 30 36
36: 2 23 35

1: 2 3 4
2: 1 31 36
3: 1 33 35
4: 1 32 34
5: 11 16 28
6: 7 14 26
7: 6 8 15
8: 7 9 10
9: 8 13 30
10: 8 17 29
11: 5 12 29
12: 11 19 27
13: 9 21 26
14: 6 21 30
15: 7 18 22
16: 5 17 22
17: 10 16 20
18: 15 20 25
19: 12 24 28
20: 17 18 23
21: 13 14 24
22: 15 16 23
23: 20 22 31
24: 19 21 31
25: 18 27 33
26: 6 13 33
27: 12 25 32
28: 5 19 32
29: 10 11 35
30: 9 14 34
31: 2 23 24
32: 4 27 28
33: 3 25 26
34: 4 30 36
35: 3 29 36
36: 2 34 35

1: 2 3 4
2: 1 31 36
3: 1 33 35
4: 1 32 34
5: 11 16 28
6: 7 14 26
7: 6 8 15
8: 7 9 10
9: 8 13 30
10: 8 17 29
11: 5 12 29
12: 11 19 27
13: 9 21 26
14: 6 21 30
15: 7 16 20
16: 5 15 22
17: 10 18 22
18: 17 20 25
19: 12 24 28
20: 15 18 23
21: 13 14 24
22: 16 17 23
23: 20 22 31
24: 19 21 31
25: 18 27 33
26: 6 13 33
27: 12 25 32
28: 5 19 32
29: 10 11 35
30: 9 14 34
31: 2 23 24
32: 4 27 28
33: 3 25 26
34: 4 30 36
35: 3 29 36
36: 2 34 35

1: 2 3 4
2: 1 31 36
3: 1 33 34
4: 1 32 35
5: 6 13 28
6: 5 10 27
7: 13 18 27
8: 11 12 26
9: 10 12 15
10: 6 9 11
11: 8 10 17
12: 8 9 16
13: 5 7 30
14: 16 25 30
15: 9 17 29
16: 12 14 22
17: 11 15 21
18: 7 20 25
19: 22 24 28
20: 18 21 23
21: 17 20 24
22: 16 19 23
23: 20 22 31
24: 19 21 31
25: 14 18 33
26: 8 29 33
27: 6 7 32
28: 5 19 32
29: 15 26 35
30: 13 14 34
31: 2 23 24
32: 4 27 28
33: 3 25 26
34: 3 30 36
35: 4 29 36
36: 2 34 35

1: 2 3 4
2: 1 31 36
3: 1 33 34
4: 1 32 35
5: 6 13 28
6: 5 10 27
7: 13 18 27
8: 11 12 26
9: 10 12 15
10: 6 9 11
11: 8 10 17
12: 8 9 16
13: 5 7 30
14: 16 25 30
15: 9 17 29
16: 12 14 21
17: 11 15 22
18: 7 20 25
19: 22 24 28
20: 18 21 23
21: 16 20 24
22: 17 19 23
23: 20 22 31
24: 19 21 31
25: 14 18 33
26: 8 29 33
27: 6 7 32
28: 5 19 32
29: 15 26 35
30: 13 14 34
31: 2 23 24
32: 4 27 28
33: 3 25 26
34: 3 30 36
35: 4 29 36
36: 2 34 35

1: 2 3 4
2: 1 31 36
3: 1 33 35
4: 1 32 34
5: 6 12 30
6: 5 11 28
7: 10 14 30
8: 12 18 26
9: 17 25 29
10: 7 15 27
11: 6 13 29
12: 5 8 16
13: 11 20 26
14: 7 19 25
15: 10 16 21
16: 12 15 22
17: 9 18 22
18: 8 17 21
19: 14 23 27
20: 13 23 28
21: 15 18 24
22: 16 17 24
23: 19 20 31
24: 21 22 31
25: 9 14 33
26: 8 13 32
27: 10 19 33
28: 6 20 32
29: 9 11 35
30: 5 7 34
31: 2 23 24
32: 4 26 28
33: 3 25 27
34: 4 30 36
35: 3 29 36
36: 2 34 35

1: 2 3 4
2: 1 31 36
3: 1 33 34
4: 1 32 35
5: 6 9 26
6: 5 8 28
7: 9 13 27
8: 6 10 30
9: 5 7 11
10: 8 16 26
11: 9 18 29
12: 17 25 30
13: 7 17 29
14: 15 16 25
15: 14 21 28
16: 10 14 19
17: 12 13 22
18: 11 20 27
19: 16 20 23
20: 18 19 24
21: 15 22 24
22: 17 21 23
23: 19 22 31
24: 20 21 31
25: 12 14 33
26: 5 10 32
27: 7 18 33
28: 6 15 32
29: 11 13 35
30: 8 12 34
31: 2 23 24
32: 4 26 28
33: 3 25 27
34: 3 30 36
35: 4 29 36
36: 2 34 35

1: 2 3 4
2: 1 31 36
3: 1 33 34
4: 1 32 35
5: 9 25 28
6: 7 18 26
7: 6 10 16
8: 10 11 15
9: 5 12 30
10: 7 8 30
11: 8 14 29
12: 9 19 27
13: 16 21 27
14: 11 20 26
15: 8 17 21
16: 7 13 22
17: 15 22 25
18: 6 20 29
19: 12 24 28
20: 14 18 24
21: 13 15 23
22: 16 17 23
23: 21 22 31
24: 19 20 31
25: 5 17 33
26: 6 14 33
27: 12 13 32
28: 5 19 32
29: 11 18 35
30: 9 10 34
31: 2 23 24
32: 4 27 28
33: 3 25 26
34: 3 30 36
35: 4 29 36
36: 2 34 35

1: 2 3 4
2: 1 31 36
3: 1 33 34
4: 1 32 35
5: 9 25 28
6: 7 18 26
7: 6 10 17
8: 10 11 15
9: 5 12 30
10: 7 8 30
11: 8 14 29
12: 9 19 27
13: 15 21 27
14: 11 20 26
15: 8 13 22
16: 17 22 25
17: 7 16 21
18: 6 20 29
19: 12 24 28
20: 14 18 24
21: 13 17 23
22: 15 16 23
23: 21 22 31
24: 19 20 31
25: 5 16 33
26: 6 14 33
27: 12 13 32
28: 5 19 32
29: 11 18 35
30: 9 10 34
31: 2 23 24
32: 4 27 28
33: 3 25 26
34: 3 30 36
35: 4 29 36
36: 2 34 35

1: 2 3 4
2: 1 31 36
3: 1 33 35
4: 1 32 34
5: 6 9 30
6: 5 8 13
7: 8 11 14
8: 6 7 12
9: 5 16 25
10: 16 28 29
11: 7 18 27
12: 8 18 26
13: 6 15 25
14: 7 17 26
15: 13 21 30
16: 9 10 19
17: 14 22 28
18: 11 12 20
19: 16 20 23
20: 18 19 24
21: 15 22 24
22: 17 21 23
23: 19 22 31
24: 20 21 31
25: 9 13 33
26: 12 14 32
27: 11 29 32
28: 10 17 33
29: 10 27 35
30: 5 15 34
31: 2 23 24
32: 4 26 27
33: 3 25 28
34: 4 30 36
35: 3 29 36
36: 2 34 35

1: 2 3 4
2: 1 31 36
3: 1 33 35
4: 1 32 34
5: 6 9 30
6: 5 8 13
7: 8 11 12
8: 6 7 14
9: 5 16 25
10: 16 27 28
11: 7 18 26
12: 7 17 29
13: 6 15 25
14: 8 17 26
15: 13 21 30
16: 9 10 19
17: 12 14 22
18: 11 20 28
19: 16 20 23
20: 18 19 24
21: 15 22 24
22: 17 21 23
23: 19 22 31
24: 20 21 31
25: 9 13 33
26: 11 14 32
27: 10 29 32
28: 10 18 33
29: 12 27 35
30: 5 15 34
31: 2 23 24
32: 4 26 27
33: 3 25 28
34: 4 30 36
35: 3 29 36
36: 2 34 35

1: 2 3 4
2: 1 31 36
3: 1 33 35
4: 1 32 34
5: 6 9 30
6: 5 8 13
7: 8 11 12
8: 6 7 14
9: 5 16 25
10: 16 28 29
11: 7 18 26
12: 7 17 27
13: 6 15 25
14: 8 17 26
15: 13 21 30
16: 9 10 19
17: 12 14 22
18: 11 20 28
19: 16 20 23
20: 18 19 24
21: 15 22 24
22: 17 21 23
23: 19 22 31
24: 20 21 31
25: 9 13 33
26: 11 14 32
27: 12 29 32
28: 10 18 33
29: 10 27 35
30: 5 15 34
31: 2 23 24
32: 4 26 27
33: 3 25 28
34: 4 30 36
35: 3 29 36
36: 2 34 35

1: 2 3 4
2: 1 31 36
3: 1 32 35
4: 1 33 34
5: 6 7 30
6: 5 21 29
7: 5 27 28
8: 20 21 26
9: 18 19 21
10: 11 12 26
11: 10 20 25
12: 10 19 24
13: 17 18 22
14: 16 18 23
15: 16 17 19
16: 14 15 22
17: 13 15 27
18: 9 13 14
19: 9 12 15
20: 8 11 24
21: 6 8 9
22: 13 16 36
23: 14 29 33
24: 12 20 32
25: 11 28 34
26: 8 10 31
27: 7 17 34
28: 7 25 33
29: 6 23 32
30: 5 31 35
31: 2 26 30
32: 3 24 29
33: 4 23 28
34: 4 25 27
35: 3 30 36
36: 2 22 35

1: 2 3 4
2: 1 31 36
3: 1 32 35
4: 1 33 34
5: 6 7 30
6: 5 21 29
7: 5 27 28
8: 20 21 26
9: 18 19 21
10: 11 12 26
11: 10 20 25
12: 10 19 24
13: 17 18 28
14: 16 18 22
15: 16 17 19
16: 14 15 23
17: 13 15 22
18: 9 13 14
19: 9 12 15
20: 8 11 24
21: 6 8 9
22: 14 17 36
23: 16 29 34
24: 12 20 32
25: 11 27 33
26: 8 10 31
27: 7 25 34
28: 7 13 33
29: 6 23 32
30: 5 31 35
31: 2 26 30
32: 3 24 29
33: 4 25 28
34: 4 23 27
35: 3 30 36
36: 2 22 35

1: 2 3 4
2: 1 31 36
3: 1 32 34
4: 1 33 35
5: 6 7 30
6: 5 21 29
7: 5 20 28
8: 9 14 26
9: 8 17 25
10: 11 12 28
11: 10 16 22
12: 10 13 15
13: 12 14 24
14: 8 13 23
15: 12 19 22
16: 11 19 23
17: 9 18 24
18: 17 20 26
19: 15 16 21
20: 7 18 29
21: 6 19 27
22: 11 15 36
23: 14 16 34
24: 13 17 33
25: 9 27 31
26: 8 18 33
27: 21 25 34
28: 7 10 32
29: 6 20 32
30: 5 31 35
31: 2 25 30
32: 3 28 29
33: 4 24 26
34: 3 23 27
35: 4 30 36
36: 2 22 35

1: 2 3 4
2: 1 31 36
3: 1 32 34
4: 1 33 35
5: 6 7 30
6: 5 21 29
7: 5 20 28
8: 9 13 26
9: 8 17 25
10: 11 12 28
11: 10 16 22
12: 10 14 15
13: 8 16 23
14: 12 23 24
15: 12 19 22
16: 11 13 19
17: 9 18 24
18: 17 20 26
19: 15 16 21
20: 7 18 29
21: 6 19 27
22: 11 15 36
23: 13 14 34
24: 14 17 33
25: 9 27 31
26: 8 18 33
27: 21 25 34
28: 7 10 32
29: 6 20 32
30: 5 31 35
31: 2 25 30
32: 3 28 29
33: 4 24 26
34: 3 23 27
35: 4 30 36
36: 2 22 35

1: 2 3 4
2: 1 31 36
3: 1 32 34
4: 1 33 35
5: 6 7 30
6: 5 21 29
7: 5 20 28
8: 9 13 26
9: 8 17 25
10: 11 12 28
11: 10 16 22
12: 10 13 15
13: 8 12 14
14: 13 23 24
15: 12 19 22
16: 11 19 23
17: 9 18 24
18: 17 20 26
19: 15 16 21
20: 7 18 29
21: 6 19 27
22: 11 15 36
23: 14 16 34
24: 14 17 33
25: 9 27 31
26: 8 18 33
27: 21 25 34
28: 7 10 32
29: 6 20 32
30: 5 31 35
31: 2 25 30
32: 3 28 29
33: 4 24 26
34: 3 23 27
35: 4 30 36
36: 2 22 35

1: 2 3 4
2: 1 31 36
3: 1 32 35
4: 1 33 34
5: 6 7 30
6: 5 21 29
7: 5 27 28
8: 20 21 26
9: 18 19 21
10: 16 28 29
11: 12 13 26
12: 11 20 25
13: 11 19 23
14: 17 22 24
15: 16 18 22
16: 10 15 17
17: 14 16 19
18: 9 15 24
19: 9 13 17
20: 8 12 23
21: 6 8 9
22: 14 15 36
23: 13 20 32
24: 14 18 34
25: 12 27 33
26: 8 11 31
27: 7 25 34
28: 7 10 33
29: 6 10 32
30: 5 31 35
31: 2 26 30
32: 3 23 29
33: 4 25 28
34: 4 24 27
35: 3 30 36
36: 2 22 35

1: 2 3 4
2: 1 33 36
3: 1 31 34
4: 1 32 35
5: 6 8 16
6: 5 9 11
7: 10 11 15
8: 5 12 27
9: 6 12 21
10: 7 17 29
11: 6 7 24
12: 8 9 22
13: 14 20 25
14: 13 26 28
15: 7 23 30
16: 5 19 22
17: 10 23 24
18: 19 20 21
19: 16 18 31
20: 13 18 34
21: 9 18 33
22: 12 16 36
23: 15 17 36
24: 11 17 35
25: 13 29 31
26: 14 30 32
27: 8 28 32
28: 14 27 35
29: 10 25 34
30: 15 26 33
31: 3 19 25
32: 4 26 27
33: 2 21 30
34: 3 20 29
35: 4 24 28
36: 2 22 23

1: 2 3 4
2: 1 31 36
3: 1 32 34
4: 1 33 35
5: 6 7 30
6: 5 21 29
7: 5 20 28
8: 12 24 27
9: 10 15 22
10: 9 11 16
11: 10 14 26
12: 8 13 25
13: 12 17 26
14: 11 19 22
15: 9 19 24
16: 10 18 23
17: 13 20 27
18: 16 21 28
19: 14 15 21
20: 7 17 29
21: 6 18 19
22: 9 14 36
23: 16 25 34
24: 8 15 34
25: 12 23 31
26: 11 13 33
27: 8 17 33
28: 7 18 32
29: 6 20 32
30: 5 31 35
31: 2 25 30
32: 3 28 29
33: 4 26 27
34: 3 23 24
35: 4 30 36
36: 2 22 35

1: 2 3 4
2: 1 31 36
3: 1 32 35
4: 1 33 34
5: 6 7 30
6: 5 28 29
7: 5 20 21
8: 9 10 25
9: 8 23 24
10: 8 15 27
11: 14 17 22
12: 13 17 29
13: 12 16 22
14: 11 16 26
15: 10 19 23
16: 13 14 19
17: 11 12 18
18: 17 21 25
19: 15 16 21
20: 7 26 27
21: 7 18 19
22: 11 13 36
23: 9 15 32
24: 9 28 33
25: 8 18 32
26: 14 20 34
27: 10 20 31
28: 6 24 34
29: 6 12 33
30: 5 31 35
31: 2 27 30
32: 3 23 25
33: 4 24 29
34: 4 26 28
35: 3 30 36
36: 2 22 35

1: 2 3 4
2: 1 31 36
3: 1 33 35
4: 1 32 34
5: 6 11 30
6: 5 12 28
7: 10 14 30
8: 11 16 26
9: 17 25 29
10: 7 15 27
11: 5 8 18
12: 6 13 29
13: 12 20 26
14: 7 19 25
15: 10 16 21
16: 8 15 22
17: 9 18 22
18: 11 17 21
19: 14 23 27
20: 13 23 28
21: 15 18 24
22: 16 17 24
23: 19 20 31
24: 21 22 31
25: 9 14 33
26: 8 13 32
27: 10 19 33
28: 6 20 32
29: 9 12 35
30: 5 7 34
31: 2 23 24
32: 4 26 28
33: 3 25 27
34: 4 30 36
35: 3 29 36
36: 2 34 35

1: 2 3 4
2: 1 31 36
3: 1 33 35
4: 1 32 34
5: 8 9 18
6: 7 10 17
7: 6 8 16
8: 5 7 15
9: 5 12 14
10: 6 11 13
11: 10 12 24
12: 9 11 23
13: 10 16 20
14: 9 15 19
15: 8 14 26
16: 7 13 25
17: 6 20 22
18: 5 19 21
19: 14 18 36
20: 13 17 36
21: 18 28 35
22: 17 26 34
23: 12 30 32
24: 11 29 35
25: 16 27 32
26: 15 22 33
27: 25 30 31
28: 21 29 31
29: 24 28 33
30: 23 27 34
31: 2 27 28
32: 4 23 25
33: 3 26 29
34: 4 22 30
35: 3 21 24
36: 2 19 20

1: 2 3 4
2: 1 31 36
3: 1 33 35
4: 1 32 34
5: 8 13 30
6: 7 8 27
7: 6 9 28
8: 5 6 11
9: 7 10 29
10: 9 16 27
11: 8 15 25
12: 18 26 29
13: 5 18 25
14: 16 17 26
15: 11 22 30
16: 10 14 19
17: 14 21 28
18: 12 13 20
19: 16 20 23
20: 18 19 24
21: 17 22 24
22: 15 21 23
23: 19 22 31
24: 20 21 31
25: 11 13 33
26: 12 14 33
27: 6 10 32
28: 7 17 32
29: 9 12 35
30: 5 15 34
31: 2 23 24
32: 4 27 28
33: 3 25 26
34: 4 30 36
35: 3 29 36
36: 2 34 35

1: 2 3 4
2: 1 31 36
3: 1 33 34
4: 1 32 35
5: 7 13 28
6: 9 18 26
7: 5 12 30
8: 9 14 30
9: 6 8 15
10: 11 16 18
11: 10 15 29
12: 7 19 27
13: 5 16 20
14: 8 17 20
15: 9 11 21
16: 10 13 22
17: 14 22 25
18: 6 10 21
19: 12 24 28
20: 13 14 23
21: 15 18 24
22: 16 17 23
23: 20 22 31
24: 19 21 31
25: 17 27 33
26: 6 29 33
27: 12 25 32
28: 5 19 32
29: 11 26 35
30: 7 8 34
31: 2 23 24
32: 4 27 28
33: 3 25 26
34: 3 30 36
35: 4 29 36
36: 2 34 35

1: 2 3 4
2: 1 31 36
3: 1 33 35
4: 1 32 34
5: 8 17 28
6: 13 25 27
7: 15 16 26
8: 5 12 29
9: 11 16 30
10: 11 18 29
11: 9 10 14
12: 8 19 27
13: 6 15 20
14: 11 21 26
15: 7 13 22
16: 7 9 21
17: 5 18 22
18: 10 17 20
19: 12 24 28
20: 13 18 23
21: 14 16 24
22: 15 17 23
23: 20 22 31
24: 19 21 31
25: 6 30 33
26: 7 14 33
27: 6 12 32
28: 5 19 32
29: 8 10 35
30: 9 25 34
31: 2 23 24
32: 4 27 28
33: 3 25 26
34: 4 30 36
35: 3 29 36
36: 2 34 35

1: 2 3 4
2: 1 31 36
3: 1 33 35
4: 1 32 34
5: 7 9 28
6: 14 15 26
7: 5 12 29
8: 11 13 30
9: 5 10 16
10: 9 18 25
11: 8 17 29
12: 7 19 27
13: 8 21 26
14: 6 21 30
15: 6 18 22
16: 9 17 22
17: 11 16 20
18: 10 15 20
19: 12 24 28
20: 17 18 23
21: 13 14 24
22: 15 16 23
23: 20 22 31
24: 19 21 31
25: 10 27 33
26: 6 13 33
27: 12 25 32
28: 5 19 32
29: 7 11 35
30: 8 14 34
31: 2 23 24
32: 4 27 28
33: 3 25 26
34: 4 30 36
35: 3 29 36
36: 2 34 35

1: 2 3 4
2: 1 31 36
3: 1 33 34
4: 1 32 35
5: 7 14 28
6: 13 27 29
7: 5 12 30
8: 9 15 30
9: 8 10 16
10: 9 18 26
11: 17 18 25
12: 7 19 27
13: 6 15 20
14: 5 17 22
15: 8 13 22
16: 9 21 25
17: 11 14 20
18: 10 11 21
19: 12 24 28
20: 13 17 23
21: 16 18 24
22: 14 15 23
23: 20 22 31
24: 19 21 31
25: 11 16 33
26: 10 29 33
27: 6 12 32
28: 5 19 32
29: 6 26 35
30: 7 8 34
31: 2 23 24
32: 4 27 28
33: 3 25 26
34: 3 30 36
35: 4 29 36
36: 2 34 35

1: 2 3 4
2: 1 31 36
3: 1 33 35
4: 1 32 34
5: 7 8 26
6: 8 12 28
7: 5 10 27
8: 5 6 11
9: 11 12 25
10: 7 17 30
11: 8 9 15
12: 6 9 18
13: 14 18 30
14: 13 16 29
15: 11 19 28
16: 14 22 27
17: 10 20 26
18: 12 13 21
19: 15 20 23
20: 17 19 24
21: 18 22 24
22: 16 21 23
23: 19 22 31
24: 20 21 31
25: 9 29 32
26: 5 17 33
27: 7 16 33
28: 6 15 32
29: 14 25 35
30: 10 13 34
31: 2 23 24
32: 4 25 28
33: 3 26 27
34: 4 30 36
35: 3 29 36
36: 2 34 35

1: 2 3 4
2: 1 32 33
3: 1 31 34
4: 1 35 36
5: 7 11 14
6: 7 8 18
7: 5 6 15
8: 6 9 13
9: 8 10 17
10: 9 12 19
11: 5 12 16
12: 10 11 21
13: 8 24 29
14: 5 20 23
15: 7 16 28
16: 11 15 23
17: 9 18 24
18: 6 17 22
19: 10 25 26
20: 14 22 27
21: 12 30 33
22: 18 20 32
23: 14 16 36
24: 13 17 36
25: 19 28 35
26: 19 27 34
27: 20 26 35
28: 15 25 34
29: 13 31 33
30: 21 31 32
31: 3 29 30
32: 2 22 30
33: 2 21 29
34: 3 26 28
35: 4 25 27
36: 4 23 24

1: 2 3 4
2: 1 32 33
3: 1 34 36
4: 1 31 35
5: 7 11 14
6: 7 8 18
7: 5 6 15
8: 6 9 13
9: 8 10 17
10: 9 12 19
11: 5 12 16
12: 10 11 21
13: 8 24 29
14: 5 20 23
15: 7 16 28
16: 11 15 23
17: 9 18 24
18: 6 17 22
19: 10 25 26
20: 14 22 27
21: 12 30 33
22: 18 20 32
23: 14 16 36
24: 13 17 36
25: 19 28 35
26: 19 27 34
27: 20 26 35
28: 15 25 34
29: 13 31 33
30: 21 31 32
31: 4 29 30
32: 2 22 30
33: 2 21 29
34: 3 26 28
35: 4 25 27
36: 3 23 24

1: 2 3 4
2: 1 34 36
3: 1 33 35
4: 1 31 32
5: 21 23 29
6: 20 22 29
7: 8 9 16
8: 7 12 13
9: 7 11 14
10: 17 18 28
11: 9 13 15
12: 8 14 15
13: 8 11 17
14: 9 12 18
15: 11 12 25
16: 7 25 26
17: 10 13 23
18: 10 14 22
19: 20 21 27
20: 6 19 23
21: 5 19 22
22: 6 18 21
23: 5 17 20
24: 27 30 31
25: 15 16 36
26: 16 28 35
27: 19 24 32
28: 10 26 32
29: 5 6 31
30: 24 33 34
31: 4 24 29
32: 4 27 28
33: 3 30 36
34: 2 30 35
35: 3 26 34
36: 2 25 33

1: 2 3 4
2: 1 32 35
3: 1 33 34
4: 1 31 36
5: 6 7 24
6: 5 17 19
7: 5 16 18
8: 14 15 22
9: 11 13 15
10: 13 14 20
11: 9 12 20
12: 11 14 21
13: 9 10 21
14: 8 10 12
15: 8 9 18
16: 7 19 23
17: 6 18 23
18: 7 15 17
19: 6 16 22
20: 10 11 30
21: 12 13 28
22: 8 19 29
23: 16 17 27
24: 5 25 26
25: 24 27 34
26: 24 29 31
27: 23 25 31
28: 21 30 32
29: 22 26 32
30: 20 28 33
31: 4 26 27
32: 2 28 29
33: 3 30 36
34: 3 25 35
35: 2 34 36
36: 4 33 35

1: 2 3 4
2: 1 34 36
3: 1 33 35
4: 1 31 32
5: 21 23 29
6: 20 22 29
7: 10 17 28
8: 10 14 16
9: 11 13 16
10: 7 8 13
11: 9 14 18
12: 13 14 15
13: 9 10 12
14: 8 11 12
15: 12 26 28
16: 8 9 25
17: 7 18 23
18: 11 17 22
19: 20 21 27
20: 6 19 23
21: 5 19 22
22: 6 18 21
23: 5 17 20
24: 27 30 31
25: 16 26 36
26: 15 25 35
27: 19 24 32
28: 7 15 32
29: 5 6 31
30: 24 33 34
31: 4 24 29
32: 4 27 28
33: 3 30 36
34: 2 30 35
35: 3 26 34
36: 2 25 33

1: 2 3 4
2: 1 33 34
3: 1 32 36
4: 1 31 35
5: 6 7 30
6: 5 25 29
7: 5 24 26
8: 9 10 29
9: 8 21 23
10: 8 20 22
11: 15 18 28
12: 16 17 28
13: 16 18 27
14: 17 19 24
15: 11 16 19
16: 12 13 15
17: 12 14 18
18: 11 13 17
19: 14 15 22
20: 10 23 25
21: 9 22 25
22: 10 19 21
23: 9 20 24
24: 7 14 23
25: 6 20 21
26: 7 27 34
27: 13 26 32
28: 11 12 32
29: 6 8 31
30: 5 31 33
31: 4 29 30
32: 3 27 28
33: 2 30 36
34: 2 26 35
35: 4 34 36
36: 3 33 35

1: 2 3 4
2: 1 32 34
3: 1 35 36
4: 1 31 33
5: 6 7 30
6: 5 26 29
7: 5 27 28
8: 14 15 29
9: 11 13 16
10: 11 12 17
11: 9 10 28
12: 10 16 20
13: 9 17 20
14: 8 19 23
15: 8 18 22
16: 9 12 24
17: 10 13 25
18: 15 21 23
19: 14 21 22
20: 12 13 34
21: 18 19 33
22: 15 19 36
23: 14 18 35
24: 16 25 36
25: 17 24 35
26: 6 27 32
27: 7 26 31
28: 7 11 34
29: 6 8 33
30: 5 31 32
31: 4 27 30
32: 2 26 30
33: 4 21 29
34: 2 20 28
35: 3 23 25
36: 3 22 24

1: 2 3 4
2: 1 33 34
3: 1 32 36
4: 1 31 35
5: 6 27 30
6: 5 7 8
7: 6 23 25
8: 6 22 24
9: 10 11 26
10: 9 14 15
11: 9 13 16
12: 13 14 28
13: 11 12 15
14: 10 12 16
15: 10 13 18
16: 11 14 19
17: 18 19 27
18: 15 17 21
19: 16 17 20
20: 19 21 25
21: 18 20 24
22: 8 25 29
23: 7 24 29
24: 8 21 23
25: 7 20 22
26: 9 28 34
27: 5 17 32
28: 12 26 32
29: 22 23 31
30: 5 31 33
31: 4 29 30
32: 3 27 28
33: 2 30 36
34: 2 26 35
35: 4 34 36
36: 3 33 35

1: 2 3 4
2: 1 32 35
3: 1 31 36
4: 1 33 34
5: 6 7 24
6: 5 15 17
7: 5 14 16
8: 12 20 22
9: 13 21 23
10: 15 18 20
11: 14 19 21
12: 8 17 18
13: 9 16 19
14: 7 11 23
15: 6 10 22
16: 7 13 17
17: 6 12 16
18: 10 12 26
19: 11 13 25
20: 8 10 30
21: 9 11 29
22: 8 15 26
23: 9 14 25
24: 5 27 28
25: 19 23 32
26: 18 22 31
27: 24 30 34
28: 24 29 33
29: 21 28 32
30: 20 27 31
31: 3 26 30
32: 2 25 29
33: 4 28 36
34: 4 27 35
35: 2 34 36
36: 3 33 35

1: 2 3 4
2: 1 31 32
3: 1 34 36
4: 1 33 35
5: 6 7 27
6: 5 15 19
7: 5 16 17
8: 12 13 15
9: 11 14 15
10: 11 12 18
11: 9 10 13
12: 8 10 14
13: 8 11 16
14: 9 12 17
15: 6 8 9
16: 7 13 29
17: 7 14 28
18: 10 19 24
19: 6 18 23
20: 21 22 27
21: 20 24 26
22: 20 23 25
23: 19 22 26
24: 18 21 25
25: 22 24 32
26: 21 23 32
27: 5 20 31
28: 17 29 36
29: 16 28 35
30: 31 33 34
31: 2 27 30
32: 2 25 26
33: 4 30 36
34: 3 30 35
35: 4 29 34
36: 3 28 33

1: 2 3 4
2: 1 31 32
3: 1 34 36
4: 1 33 35
5: 6 7 30
6: 5 23 29
7: 5 27 28
8: 20 22 23
9: 19 21 23
10: 11 13 17
11: 10 14 15
12: 13 15 16
13: 10 12 26
14: 11 16 26
15: 11 12 25
16: 12 14 22
17: 10 21 25
18: 19 20 24
19: 9 18 22
20: 8 18 21
21: 9 17 20
22: 8 16 19
23: 6 8 9
24: 18 28 32
25: 15 17 36
26: 13 14 35
27: 7 29 32
28: 7 24 31
29: 6 27 31
30: 5 33 34
31: 2 28 29
32: 2 24 27
33: 4 30 36
34: 3 30 35
35: 4 26 34
36: 3 25 33

1: 2 3 4
2: 1 34 36
3: 1 33 35
4: 1 31 32
5: 21 23 29
6: 20 22 29
7: 14 17 18
8: 12 13 18
9: 10 12 15
10: 9 13 14
11: 12 14 16
12: 8 9 11
13: 8 10 16
14: 7 10 11
15: 9 25 28
16: 11 13 26
17: 7 23 28
18: 7 8 22
19: 20 21 27
20: 6 19 23
21: 5 19 22
22: 6 18 21
23: 5 17 20
24: 27 30 31
25: 15 26 36
26: 16 25 35
27: 19 24 32
28: 15 17 32
29: 5 6 31
30: 24 33 34
31: 4 24 29
32: 4 27 28
33: 3 30 36
34: 2 30 35
35: 3 26 34
36: 2 25 33

1: 2 3 4
2: 1 31 32
3: 1 34 36
4: 1 33 35
5: 6 7 10
6: 5 9 18
7: 5 8 19
8: 7 11 18
9: 6 11 19
10: 5 20 21
11: 8 9 21
12: 16 17 23
13: 14 15 22
14: 13 17 24
15: 13 16 25
16: 12 15 24
17: 12 14 25
18: 6 8 22
19: 7 9 23
20: 10 26 27
21: 10 11 31
22: 13 18 32
23: 12 19 32
24: 14 16 35
25: 15 17 36
26: 20 30 34
27: 20 29 33
28: 29 30 31
29: 27 28 34
30: 26 28 33
31: 2 21 28
32: 2 22 23
33: 4 27 30
34: 3 26 29
35: 4 24 36
36: 3 25 35

1: 2 3 4
2: 1 34 36
3: 1 33 35
4: 1 31 32
5: 8 9 24
6: 23 28 29
7: 22 27 29
8: 5 18 21
9: 5 19 20
10: 12 15 16
11: 12 14 17
12: 10 11 13
13: 12 18 22
14: 11 16 21
15: 10 17 21
16: 10 14 19
17: 11 15 20
18: 8 13 23
19: 9 16 26
20: 9 17 25
21: 8 14 15
22: 7 13 28
23: 6 18 27
24: 5 30 31
25: 20 26 36
26: 19 25 35
27: 7 23 32
28: 6 22 32
29: 6 7 31
30: 24 33 34
31: 4 24 29
32: 4 27 28
33: 3 30 36
34: 2 30 35
35: 3 26 34
36: 2 25 33

1: 2 3 4
2: 1 33 34
3: 1 32 36
4: 1 31 35
5: 6 27 30
6: 5 7 8
7: 6 23 25
8: 6 22 24
9: 10 11 17
10: 9 13 15
11: 9 12 14
12: 11 15 16
13: 10 14 16
14: 11 13 26
15: 10 12 28
16: 12 13 18
17: 9 18 19
18: 16 17 21
19: 17 20 27
20: 19 21 25
21: 18 20 24
22: 8 25 29
23: 7 24 29
24: 8 21 23
25: 7 20 22
26: 14 28 34
27: 5 19 32
28: 15 26 32
29: 22 23 31
30: 5 31 33
31: 4 29 30
32: 3 27 28
33: 2 30 36
34: 2 26 35
35: 4 34 36
36: 3 33 35

1: 2 3 4
2: 1 31 36
3: 1 33 34
4: 1 32 35
5: 6 8 9
6: 5 7 10
7: 6 11 12
8: 5 11 13
9: 5 12 14
10: 6 13 14
11: 7 8 21
12: 7 9 23
13: 8 10 24
14: 9 10 22
15: 17 18 30
16: 19 20 29
17: 15 21 25
18: 15 22 28
19: 16 24 27
20: 16 23 26
21: 11 17 28
22: 14 18 25
23: 12 20 27
24: 13 19 26
25: 17 22 32
26: 20 24 33
27: 19 23 33
28: 18 21 32
29: 16 31 35
30: 15 31 34
31: 2 29 30
32: 4 25 28
33: 3 26 27
34: 3 30 36
35: 4 29 36
36: 2 34 35

1: 2 3 4
2: 1 33 34
3: 1 31 36
4: 1 32 35
5: 11 12 22
6: 9 10 21
7: 9 11 23
8: 10 12 24
9: 6 7 12
10: 6 8 11
11: 5 7 10
12: 5 8 9
13: 14 17 28
14: 13 18 27
15: 16 19 30
16: 15 20 29
17: 13 22 26
18: 14 21 26
19: 15 24 25
20: 16 23 25
21: 6 18 28
22: 5 17 27
23: 7 20 30
24: 8 19 29
25: 19 20 34
26: 17 18 32
27: 14 22 32
28: 13 21 33
29: 16 24 31
30: 15 23 31
31: 3 29 30
32: 4 26 27
33: 2 28 36
34: 2 25 35
35: 4 34 36
36: 3 33 35

1: 2 3 4
2: 1 32 35
3: 1 31 36
4: 1 33 34
5: 6 7 24
6: 5 15 17
7: 5 14 16
8: 12 20 22
9: 13 21 23
10: 15 18 20
11: 14 19 21
12: 8 17 18
13: 9 16 19
14: 7 11 23
15: 6 10 22
16: 7 13 17
17: 6 12 16
18: 10 12 26
19: 11 13 25
20: 8 10 29
21: 9 11 30
22: 8 15 26
23: 9 14 25
24: 5 27 28
25: 19 23 32
26: 18 22 31
27: 24 30 32
28: 24 29 31
29: 20 28 34
30: 21 27 33
31: 3 26 28
32: 2 25 27
33: 4 30 36
34: 4 29 35
35: 2 34 36
36: 3 33 35

1: 2 3 4
2: 1 33 34
3: 1 32 36
4: 1 31 35
5: 6 7 30
6: 5 23 29
7: 5 24 25
8: 9 10 29
9: 8 22 25
10: 8 21 24
11: 15 16 28
12: 14 17 28
13: 14 15 27
14: 12 13 16
15: 11 13 17
16: 11 14 19
17: 12 15 20
18: 19 20 23
19: 16 18 22
20: 17 18 21
21: 10 20 25
22: 9 19 24
23: 6 18 26
24: 7 10 22
25: 7 9 21
26: 23 27 34
27: 13 26 32
28: 11 12 32
29: 6 8 31
30: 5 31 33
31: 4 29 30
32: 3 27 28
33: 2 30 36
34: 2 26 35
35: 4 34 36
36: 3 33 35

1: 2 3 4
2: 1 32 35
3: 1 31 36
4: 1 33 34
5: 6 7 24
6: 5 14 17
7: 5 15 16
8: 12 20 22
9: 13 21 23
10: 15 18 20
11: 14 19 21
12: 8 17 18
13: 9 16 19
14: 6 11 23
15: 7 10 22
16: 7 13 17
17: 6 12 16
18: 10 12 26
19: 11 13 25
20: 8 10 29
21: 9 11 30
22: 8 15 26
23: 9 14 25
24: 5 27 28
25: 19 23 32
26: 18 22 31
27: 24 30 32
28: 24 29 31
29: 20 28 34
30: 21 27 33
31: 3 26 28
32: 2 25 27
33: 4 30 36
34: 4 29 35
35: 2 34 36
36: 3 33 35

1: 2 3 4
2: 1 31 34
3: 1 32 35
4: 1 33 36
5: 8 16 17
6: 7 16 18
7: 6 15 17
8: 5 15 18
9: 11 13 23
10: 12 14 24
11: 9 14 22
12: 10 13 22
13: 9 12 21
14: 10 11 21
15: 7 8 24
16: 5 6 23
17: 5 7 25
18: 6 8 26
19: 26 28 30
20: 25 27 29
21: 13 14 36
22: 11 12 35
23: 9 16 31
24: 10 15 31
25: 17 20 34
26: 18 19 34
27: 20 30 33
28: 19 29 33
29: 20 28 32
30: 19 27 32
31: 2 23 24
32: 3 29 30
33: 4 27 28
34: 2 25 26
35: 3 22 36
36: 4 21 35

1: 2 3 4
2: 1 34 36
3: 1 33 35
4: 1 31 32
5: 8 9 24
6: 22 28 29
7: 23 27 29
8: 5 25 26
9: 5 20 21
10: 12 14 25
11: 13 15 26
12: 10 15 17
13: 11 14 17
14: 10 13 16
15: 11 12 16
16: 14 15 19
17: 12 13 18
18: 17 19 21
19: 16 18 20
20: 9 19 22
21: 9 18 23
22: 6 20 27
23: 7 21 28
24: 5 30 31
25: 8 10 36
26: 8 11 35
27: 7 22 32
28: 6 23 32
29: 6 7 31
30: 24 33 34
31: 4 24 29
32: 4 27 28
33: 3 30 36
34: 2 30 35
35: 3 26 34
36: 2 25 33

1: 2 3 4
2: 1 31 32
3: 1 33 36
4: 1 34 35
5: 9 10 11
6: 8 10 15
7: 9 12 15
8: 6 9 13
9: 5 7 8
10: 5 6 12
11: 5 14 19
12: 7 10 21
13: 8 16 21
14: 11 17 20
15: 6 7 20
16: 13 26 27
17: 14 24 25
18: 19 22 23
19: 11 18 31
20: 14 15 31
21: 12 13 32
22: 18 25 36
23: 18 24 35
24: 17 23 36
25: 17 22 35
26: 16 30 33
27: 16 29 34
28: 29 30 32
29: 27 28 33
30: 26 28 34
31: 2 19 20
32: 2 21 28
33: 3 26 29
34: 4 27 30
35: 4 23 25
36: 3 22 24

1: 2 3 4
2: 1 34 36
3: 1 33 35
4: 1 31 32
5: 8 9 24
6: 23 28 29
7: 22 27 29
8: 5 25 26
9: 5 20 21
10: 12 15 25
11: 13 16 26
12: 10 14 16
13: 11 14 15
14: 12 13 19
15: 10 13 17
16: 11 12 17
17: 15 16 21
18: 19 20 22
19: 14 18 21
20: 9 18 23
21: 9 17 19
22: 7 18 28
23: 6 20 27
24: 5 30 31
25: 8 10 36
26: 8 11 35
27: 7 23 32
28: 6 22 32
29: 6 7 31
30: 24 33 34
31: 4 24 29
32: 4 27 28
33: 3 30 36
34: 2 30 35
35: 3 26 34
36: 2 25 33

1: 2 3 4
2: 1 35 36
3: 1 31 34
4: 1 32 33
5: 6 12 13
6: 5 11 14
7: 8 9 24
8: 7 10 23
9: 7 13 21
10: 8 14 22
11: 6 17 22
12: 5 18 21
13: 5 9 19
14: 6 10 20
15: 16 28 29
16: 15 27 30
17: 11 20 26
18: 12 19 25
19: 13 18 36
20: 14 17 35
21: 9 12 36
22: 10 11 35
23: 8 28 32
24: 7 27 31
25: 18 30 34
26: 17 29 33
27: 16 24 34
28: 15 23 33
29: 15 26 32
30: 16 25 31
31: 3 24 30
32: 4 23 29
33: 4 26 28
34: 3 25 27
35: 2 20 22
36: 2 19 21

1: 2 3 4
2: 1 31 34
3: 1 35 36
4: 1 32 33
5: 9 10 14
6: 7 8 13
7: 6 10 11
8: 6 9 12
9: 5 8 11
10: 5 7 12
11: 7 9 18
12: 8 10 19
13: 6 15 17
14: 5 15 16
15: 13 14 23
16: 14 17 21
17: 13 16 22
18: 11 20 25
19: 12 20 24
20: 18 19 23
21: 16 29 32
22: 17 30 33
23: 15 20 34
24: 19 28 36
25: 18 27 35
26: 27 28 34
27: 25 26 36
28: 24 26 35
29: 21 31 33
30: 22 31 32
31: 2 29 30
32: 4 21 30
33: 4 22 29
34: 2 23 26
35: 3 25 28
36: 3 24 27

1: 2 3 4
2: 1 33 34
3: 1 32 36
4: 1 31 35
5: 6 27 30
6: 5 7 28
7: 6 15 16
8: 9 10 29
9: 8 23 25
10: 8 22 24
11: 19 20 27
12: 13 14 28
13: 12 16 17
14: 12 15 18
15: 7 14 17
16: 7 13 18
17: 13 15 19
18: 14 16 20
19: 11 17 25
20: 11 18 24
21: 22 23 26
22: 10 21 25
23: 9 21 24
24: 10 20 23
25: 9 19 22
26: 21 29 34
27: 5 11 32
28: 6 12 31
29: 8 26 32
30: 5 31 33
31: 4 28 30
32: 3 27 29
33: 2 30 36
34: 2 26 35
35: 4 34 36
36: 3 33 35

1: 2 3 4
2: 1 31 36
3: 1 33 35
4: 1 32 34
5: 15 26 30
6: 14 25 30
7: 10 11 16
8: 9 11 17
9: 8 13 16
10: 7 13 17
11: 7 8 12
12: 11 15 29
13: 9 10 14
14: 6 13 26
15: 5 12 25
16: 7 9 19
17: 8 10 20
18: 19 20 29
19: 16 18 22
20: 17 18 21
21: 20 24 28
22: 19 23 27
23: 22 28 31
24: 21 27 31
25: 6 15 33
26: 5 14 33
27: 22 24 32
28: 21 23 32
29: 12 18 35
30: 5 6 34
31: 2 23 24
32: 4 27 28
33: 3 25 26
34: 4 30 36
35: 3 29 36
36: 2 34 35

1: 2 3 4
2: 1 33 34
3: 1 32 36
4: 1 31 35
5: 6 7 17
6: 5 13 15
7: 5 12 14
8: 10 19 21
9: 11 20 22
10: 8 15 23
11: 9 14 23
12: 7 15 18
13: 6 14 18
14: 7 11 13
15: 6 10 12
16: 17 24 28
17: 5 16 30
18: 12 13 28
19: 8 22 26
20: 9 21 26
21: 8 20 27
22: 9 19 27
23: 10 11 25
24: 16 25 29
25: 23 24 32
26: 19 20 34
27: 21 22 32
28: 16 18 31
29: 24 30 31
30: 17 29 33
31: 4 28 29
32: 3 25 27
33: 2 30 36
34: 2 26 35
35: 4 34 36
36: 3 33 35

1: 2 3 4
2: 1 32 35
3: 1 31 36
4: 1 33 34
5: 6 7 24
6: 5 10 16
7: 5 11 15
8: 9 10 14
9: 8 11 13
10: 6 8 15
11: 7 9 16
12: 13 14 23
13: 9 12 19
14: 8 12 18
15: 7 10 17
16: 6 11 17
17: 15 16 25
18: 14 22 28
19: 13 21 27
20: 21 22 26
21: 19 20 28
22: 18 20 27
23: 12 26 30
24: 5 25 29
25: 17 24 31
26: 20 23 33
27: 19 22 32
28: 18 21 32
29: 24 30 34
30: 23 29 31
31: 3 25 30
32: 2 27 28
33: 4 26 36
34: 4 29 35
35: 2 34 36
36: 3 33 35

1: 2 3 4
2: 1 32 35
3: 1 33 34
4: 1 31 36
5: 6 7 17
6: 5 13 15
7: 5 12 14
8: 10 18 20
9: 11 19 21
10: 8 15 22
11: 9 14 22
12: 7 15 23
13: 6 14 23
14: 7 11 13
15: 6 10 12
16: 17 24 26
17: 5 16 30
18: 8 21 28
19: 9 20 28
20: 8 19 27
21: 9 18 27
22: 10 11 26
23: 12 13 25
24: 16 25 29
25: 23 24 31
26: 16 22 32
27: 20 21 32
28: 18 19 33
29: 24 30 34
30: 17 29 31
31: 4 25 30
32: 2 26 27
33: 3 28 36
34: 3 29 35
35: 2 34 36
36: 4 33 35

1: 2 3 4
2: 1 32 35
3: 1 33 34
4: 1 31 36
5: 8 9 10
6: 7 9 12
7: 6 8 11
8: 5 7 14
9: 5 6 13
10: 5 11 12
11: 7 10 16
12: 6 10 15
13: 9 17 24
14: 8 18 23
15: 12 21 25
16: 11 19 29
17: 13 22 30
18: 14 21 28
19: 16 20 30
20: 19 22 26
21: 15 18 27
22: 17 20 29
23: 14 25 27
24: 13 26 28
25: 15 23 32
26: 20 24 34
27: 21 23 33
28: 18 24 32
29: 16 22 31
30: 17 19 31
31: 4 29 30
32: 2 25 28
33: 3 27 36
34: 3 26 35
35: 2 34 36
36: 4 33 35

1: 2 3 4
2: 1 33 34
3: 1 32 36
4: 1 31 35
5: 6 7 30
6: 5 22 23
7: 5 24 25
8: 11 26 27
9: 10 13 27
10: 9 12 26
11: 8 12 13
12: 10 11 21
13: 9 11 20
14: 15 18 19
15: 14 16 17
16: 15 23 29
17: 15 22 28
18: 14 21 25
19: 14 20 24
20: 13 19 25
21: 12 18 24
22: 6 17 29
23: 6 16 28
24: 7 19 21
25: 7 18 20
26: 8 10 34
27: 8 9 32
28: 17 23 33
29: 16 22 31
30: 5 31 32
31: 4 29 30
32: 3 27 30
33: 2 28 36
34: 2 26 35
35: 4 34 36
36: 3 33 35

1: 2 3 4
2: 1 34 36
3: 1 33 35
4: 1 31 32
5: 21 23 29
6: 20 22 29
7: 8 9 15
8: 7 12 26
9: 7 10 11
10: 9 13 26
11: 9 12 25
12: 8 11 13
13: 10 12 17
14: 16 25 27
15: 7 16 17
16: 14 15 19
17: 13 15 18
18: 17 19 23
19: 16 18 22
20: 6 23 28
21: 5 22 28
22: 6 19 21
23: 5 18 20
24: 27 30 31
25: 11 14 36
26: 8 10 35
27: 14 24 32
28: 20 21 32
29: 5 6 31
30: 24 33 34
31: 4 24 29
32: 4 27 28
33: 3 30 36
34: 2 30 35
35: 3 26 34
36: 2 25 33

1: 2 3 4
2: 1 31 32
3: 1 33 36
4: 1 34 35
5: 8 12 14
6: 9 13 15
7: 8 9 18
8: 5 7 15
9: 6 7 14
10: 13 17 21
11: 12 16 20
12: 5 11 21
13: 6 10 20
14: 5 9 19
15: 6 8 19
16: 11 26 27
17: 10 24 25
18: 7 22 23
19: 14 15 31
20: 11 13 32
21: 10 12 32
22: 18 30 36
23: 18 29 35
24: 17 27 33
25: 17 26 34
26: 16 25 33
27: 16 24 34
28: 29 30 31
29: 23 28 36
30: 22 28 35
31: 2 19 28
32: 2 20 21
33: 3 24 26
34: 4 25 27
35: 4 23 30
36: 3 22 29

1: 2 3 4
2: 1 34 35
3: 1 31 36
4: 1 32 33
5: 15 16 19
6: 13 14 16
7: 11 14 18
8: 9 12 18
9: 8 10 14
10: 9 11 20
11: 7 10 12
12: 8 11 13
13: 6 12 15
14: 6 7 9
15: 5 13 17
16: 5 6 25
17: 15 22 24
18: 7 8 27
19: 5 21 23
20: 10 25 28
21: 19 24 26
22: 17 23 26
23: 19 22 34
24: 17 21 34
25: 16 20 36
26: 21 22 35
27: 18 30 33
28: 20 29 32
29: 28 31 33
30: 27 31 32
31: 3 29 30
32: 4 28 30
33: 4 27 29
34: 2 23 24
35: 2 26 36
36: 3 25 35

1: 2 3 4
2: 1 31 36
3: 1 33 35
4: 1 32 34
5: 10 13 27
6: 15 25 27
7: 11 18 28
8: 9 10 18
9: 8 13 14
10: 5 8 12
11: 7 12 13
12: 10 11 14
13: 5 9 11
14: 9 12 16
15: 6 26 29
16: 14 17 26
17: 16 25 29
18: 7 8 22
19: 22 24 30
20: 21 23 30
21: 20 24 28
22: 18 19 23
23: 20 22 31
24: 19 21 31
25: 6 17 33
26: 15 16 33
27: 5 6 32
28: 7 21 32
29: 15 17 35
30: 19 20 34
31: 2 23 24
32: 4 27 28
33: 3 25 26
34: 4 30 36
35: 3 29 36
36: 2 34 35

1: 2 3 4
2: 1 31 32
3: 1 34 36
4: 1 33 35
5: 6 7 30
6: 5 23 29
7: 5 22 28
8: 12 24 26
9: 10 12 25
10: 9 11 24
11: 10 19 26
12: 8 9 19
13: 15 18 25
14: 17 18 27
15: 13 16 17
16: 15 21 27
17: 14 15 20
18: 13 14 21
19: 11 12 20
20: 17 19 23
21: 16 18 22
22: 7 21 29
23: 6 20 28
24: 8 10 31
25: 9 13 36
26: 8 11 35
27: 14 16 31
28: 7 23 32
29: 6 22 32
30: 5 33 34
31: 2 24 27
32: 2 28 29
33: 4 30 36
34: 3 30 35
35: 4 26 34
36: 3 25 33

1: 2 3 4
2: 1 31 36
3: 1 33 35
4: 1 32 34
5: 7 11 18
6: 10 13 18
7: 5 10 25
8: 12 15 25
9: 10 11 28
10: 6 7 9
11: 5 9 13
12: 8 13 17
13: 6 11 12
14: 17 27 29
15: 8 16 27
16: 15 26 29
17: 12 14 26
18: 5 6 21
19: 22 24 30
20: 21 23 30
21: 18 20 24
22: 19 23 28
23: 20 22 31
24: 19 21 31
25: 7 8 33
26: 16 17 32
27: 14 15 32
28: 9 22 33
29: 14 16 35
30: 19 20 34
31: 2 23 24
32: 4 26 27
33: 3 25 28
34: 4 30 36
35: 3 29 36
36: 2 34 35

1: 2 3 4
2: 1 32 35
3: 1 31 36
4: 1 33 34
5: 6 7 24
6: 5 10 13
7: 5 11 12
8: 9 12 21
9: 8 13 20
10: 6 12 18
11: 7 13 19
12: 7 8 10
13: 6 9 11
14: 20 23 30
15: 21 22 29
16: 19 22 27
17: 18 23 28
18: 10 17 30
19: 11 16 29
20: 9 14 28
21: 8 15 27
22: 15 16 26
23: 14 17 25
24: 5 25 26
25: 23 24 34
26: 22 24 33
27: 16 21 32
28: 17 20 31
29: 15 19 32
30: 14 18 31
31: 3 28 30
32: 2 27 29
33: 4 26 36
34: 4 25 35
35: 2 34 36
36: 3 33 35

1: 2 3 4
2: 1 31 32
3: 1 34 36
4: 1 33 35
5: 6 24 30
6: 5 7 8
7: 6 21 23
8: 6 20 22
9: 13 26 27
10: 12 15 28
11: 15 16 29
12: 10 14 16
13: 9 17 28
14: 12 18 29
15: 10 11 18
16: 11 12 17
17: 13 16 23
18: 14 15 22
19: 20 21 25
20: 8 19 23
21: 7 19 22
22: 8 18 21
23: 7 17 20
24: 5 26 31
25: 19 27 32
26: 9 24 32
27: 9 25 31
28: 10 13 36
29: 11 14 35
30: 5 33 34
31: 2 24 27
32: 2 25 26
33: 4 30 36
34: 3 30 35
35: 4 29 34
36: 3 28 33

1: 2 3 4
2: 1 32 35
3: 1 33 34
4: 1 31 36
5: 6 7 16
6: 5 15 23
7: 5 13 14
8: 11 12 15
9: 12 14 17
10: 11 14 21
11: 8 10 17
12: 8 9 21
13: 7 15 20
14: 7 9 10
15: 6 8 13
16: 5 24 28
17: 9 11 30
18: 19 22 28
19: 18 23 27
20: 13 22 27
21: 10 12 25
22: 18 20 26
23: 6 19 26
24: 16 25 29
25: 21 24 31
26: 22 23 32
27: 19 20 32
28: 16 18 33
29: 24 30 34
30: 17 29 31
31: 4 25 30
32: 2 26 27
33: 3 28 36
34: 3 29 35
35: 2 34 36
36: 4 33 35

1: 2 3 4
2: 1 32 35
3: 1 33 34
4: 1 31 36
5: 10 15 18
6: 10 23 24
7: 8 16 17
8: 7 9 18
9: 8 10 14
10: 5 6 9
11: 12 13 20
12: 11 17 22
13: 11 16 21
14: 9 15 19
15: 5 14 20
16: 7 13 22
17: 7 12 21
18: 5 8 19
19: 14 18 25
20: 11 15 26
21: 13 17 29
22: 12 16 30
23: 6 26 27
24: 6 25 28
25: 19 24 32
26: 20 23 31
27: 23 28 32
28: 24 27 33
29: 21 30 34
30: 22 29 31
31: 4 26 30
32: 2 25 27
33: 3 28 36
34: 3 29 35
35: 2 34 36
36: 4 33 35

1: 2 3 4
2: 1 31 36
3: 1 33 35
4: 1 32 34
5: 8 9 26
6: 17 19 30
7: 16 18 30
8: 5 13 15
9: 5 12 14
10: 11 15 19
11: 10 14 25
12: 9 15 20
13: 8 14 20
14: 9 11 13
15: 8 10 12
16: 7 19 29
17: 6 18 29
18: 7 17 25
19: 6 10 16
20: 12 13 22
21: 24 26 28
22: 20 23 27
23: 22 28 31
24: 21 27 31
25: 11 18 32
26: 5 21 32
27: 22 24 33
28: 21 23 33
29: 16 17 35
30: 6 7 34
31: 2 23 24
32: 4 25 26
33: 3 27 28
34: 4 30 36
35: 3 29 36
36: 2 34 35

1: 2 3 4
2: 1 33 34
3: 1 32 36
4: 1 31 35
5: 6 7 30
6: 5 22 25
7: 5 23 24
8: 11 13 27
9: 10 13 26
10: 9 12 27
11: 8 12 26
12: 10 11 21
13: 8 9 20
14: 17 19 29
15: 16 19 28
16: 15 18 29
17: 14 18 28
18: 16 17 25
19: 14 15 23
20: 13 22 23
21: 12 22 24
22: 6 20 21
23: 7 19 20
24: 7 21 25
25: 6 18 24
26: 9 11 34
27: 8 10 32
28: 15 17 33
29: 14 16 31
30: 5 31 32
31: 4 29 30
32: 3 27 30
33: 2 28 36
34: 2 26 35
35: 4 34 36
36: 3 33 35

1: 2 3 4
2: 1 31 36
3: 1 33 35
4: 1 32 34
5: 13 17 27
6: 11 12 27
7: 10 12 28
8: 9 10 13
9: 8 12 18
10: 7 8 11
11: 6 10 18
12: 6 7 9
13: 5 8 16
14: 17 26 29
15: 16 25 29
16: 13 15 26
17: 5 14 25
18: 9 11 22
19: 22 24 30
20: 21 23 30
21: 20 24 28
22: 18 19 23
23: 20 22 31
24: 19 21 31
25: 15 17 33
26: 14 16 33
27: 5 6 32
28: 7 21 32
29: 14 15 35
30: 19 20 34
31: 2 23 24
32: 4 27 28
33: 3 25 26
34: 4 30 36
35: 3 29 36
36: 2 34 35

1: 2 3 4
2: 1 31 36
3: 1 32 34
4: 1 33 35
5: 6 7 30
6: 5 21 29
7: 5 19 20
8: 14 20 21
9: 13 18 21
10: 17 22 28
11: 16 22 27
12: 13 14 25
13: 9 12 20
14: 8 12 18
15: 16 18 19
16: 11 15 28
17: 10 19 27
18: 9 14 15
19: 7 15 17
20: 7 8 13
21: 6 8 9
22: 10 11 36
23: 26 29 34
24: 25 26 32
25: 12 24 34
26: 23 24 31
27: 11 17 33
28: 10 16 33
29: 6 23 32
30: 5 31 35
31: 2 26 30
32: 3 24 29
33: 4 27 28
34: 3 23 25
35: 4 30 36
36: 2 22 35

1: 2 3 4
2: 1 31 36
3: 1 33 35
4: 1 32 34
5: 6 10 29
6: 5 7 9
7: 6 8 11
8: 7 26 28
9: 6 25 27
10: 5 13 15
11: 7 12 14
12: 11 15 16
13: 10 14 16
14: 11 13 18
15: 10 12 18
16: 12 13 17
17: 16 22 29
18: 14 15 21
19: 22 24 30
20: 21 23 30
21: 18 20 24
22: 17 19 23
23: 20 22 31
24: 19 21 31
25: 9 28 33
26: 8 27 33
27: 9 26 32
28: 8 25 32
29: 5 17 35
30: 19 20 34
31: 2 23 24
32: 4 27 28
33: 3 25 26
34: 4 30 36
35: 3 29 36
36: 2 34 35

1: 2 3 4
2: 1 31 32
3: 1 34 36
4: 1 33 35
5: 6 18 27
6: 5 16 29
7: 14 15 19
8: 10 12 19
9: 10 11 17
10: 8 9 14
11: 9 15 16
12: 8 13 15
13: 12 14 18
14: 7 10 13
15: 7 11 12
16: 6 11 28
17: 9 28 29
18: 5 13 24
19: 7 8 23
20: 21 22 27
21: 20 24 26
22: 20 23 25
23: 19 22 26
24: 18 21 25
25: 22 24 32
26: 21 23 32
27: 5 20 31
28: 16 17 36
29: 6 17 35
30: 31 33 34
31: 2 27 30
32: 2 25 26
33: 4 30 36
34: 3 30 35
35: 4 29 34
36: 3 28 33

1: 2 3 4
2: 1 32 33
3: 1 35 36
4: 1 31 34
5: 6 7 30
6: 5 19 29
7: 5 18 28
8: 9 13 23
9: 8 12 22
10: 14 20 24
11: 15 21 25
12: 9 17 27
13: 8 16 26
14: 10 18 25
15: 11 18 24
16: 13 19 27
17: 12 19 26
18: 7 14 15
19: 6 16 17
20: 10 23 36
21: 11 22 36
22: 9 21 35
23: 8 20 35
24: 10 15 34
25: 11 14 34
26: 13 17 33
27: 12 16 33
28: 7 29 32
29: 6 28 31
30: 5 31 32
31: 4 29 30
32: 2 28 30
33: 2 26 27
34: 4 24 25
35: 3 22 23
36: 3 20 21

1: 2 3 4
2: 1 33 34
3: 1 31 36
4: 1 32 35
5: 9 20 28
6: 11 12 27
7: 12 16 29
8: 11 15 29
9: 5 21 22
10: 13 17 26
11: 6 8 16
12: 6 7 15
13: 10 14 16
14: 13 15 25
15: 8 12 14
16: 7 11 13
17: 10 19 25
18: 19 24 26
19: 17 18 23
20: 5 30 35
21: 9 24 34
22: 9 23 33
23: 19 22 34
24: 18 21 33
25: 14 17 36
26: 10 18 36
27: 6 28 35
28: 5 27 32
29: 7 8 31
30: 20 31 32
31: 3 29 30
32: 4 28 30
33: 2 22 24
34: 2 21 23
35: 4 20 27
36: 3 25 26

1: 2 3 4
2: 1 32 36
3: 1 33 34
4: 1 31 35
5: 6 8 13
6: 5 7 11
7: 6 9 14
8: 5 9 10
9: 7 8 15
10: 8 12 21
11: 6 12 15
12: 10 11 20
13: 5 18 19
14: 7 16 17
15: 9 11 29
16: 14 19 26
17: 14 18 27
18: 13 17 26
19: 13 16 27
20: 12 23 28
21: 10 22 25
22: 21 24 28
23: 20 24 25
24: 22 23 30
25: 21 23 31
26: 16 18 32
27: 17 19 34
28: 20 22 31
29: 15 30 32
30: 24 29 33
31: 4 25 28
32: 2 26 29
33: 3 30 36
34: 3 27 35
35: 4 34 36
36: 2 33 35

1: 2 3 4
2: 1 31 32
3: 1 34 36
4: 1 33 35
5: 6 7 30
6: 5 23 29
7: 5 22 28
8: 9 10 27
9: 8 18 19
10: 8 17 20
11: 14 25 26
12: 16 24 26
13: 15 24 25
14: 11 15 16
15: 13 14 19
16: 12 14 20
17: 10 19 21
18: 9 20 21
19: 9 15 17
20: 10 16 18
21: 17 18 23
22: 7 27 29
23: 6 21 28
24: 12 13 31
25: 11 13 36
26: 11 12 35
27: 8 22 31
28: 7 23 32
29: 6 22 32
30: 5 33 34
31: 2 24 27
32: 2 28 29
33: 4 30 36
34: 3 30 35
35: 4 26 34
36: 3 25 33

1: 2 3 4
2: 1 33 34
3: 1 32 36
4: 1 31 35
5: 6 7 30
6: 5 23 25
7: 5 22 24
8: 11 16 29
9: 10 17 29
10: 9 16 28
11: 8 17 28
12: 15 19 27
13: 14 18 27
14: 13 19 26
15: 12 18 26
16: 8 10 20
17: 9 11 21
18: 13 15 23
19: 12 14 22
20: 16 21 25
21: 17 20 24
22: 7 19 25
23: 6 18 24
24: 7 21 23
25: 6 20 22
26: 14 15 34
27: 12 13 32
28: 10 11 33
29: 8 9 31
30: 5 31 32
31: 4 29 30
32: 3 27 30
33: 2 28 36
34: 2 26 35
35: 4 34 36
36: 3 33 35

1: 2 3 4
2: 1 35 36
3: 1 33 34
4: 1 31 32
5: 6 7 30
6: 5 16 24
7: 5 15 23
8: 17 18 29
9: 10 14 19
10: 9 13 20
11: 13 19 21
12: 14 20 22
13: 10 11 16
14: 9 12 15
15: 7 14 24
16: 6 13 23
17: 8 22 28
18: 8 21 27
19: 9 11 26
20: 10 12 26
21: 11 18 28
22: 12 17 27
23: 7 16 25
24: 6 15 25
25: 23 24 36
26: 19 20 31
27: 18 22 32
28: 17 21 32
29: 8 33 35
30: 5 31 34
31: 4 26 30
32: 4 27 28
33: 3 29 36
34: 3 30 35
35: 2 29 34
36: 2 25 33

1: 2 3 4
2: 1 34 36
3: 1 33 35
4: 1 31 32
5: 6 7 30
6: 5 23 29
7: 5 27 28
8: 19 22 23
9: 20 21 23
10: 11 12 29
11: 10 16 17
12: 10 15 18
13: 14 20 22
14: 13 19 21
15: 12 17 24
16: 11 18 24
17: 11 15 21
18: 12 16 22
19: 8 14 26
20: 9 13 25
21: 9 14 17
22: 8 13 18
23: 6 8 9
24: 15 16 36
25: 20 28 32
26: 19 27 31
27: 7 26 32
28: 7 25 31
29: 6 10 35
30: 5 33 34
31: 4 26 28
32: 4 25 27
33: 3 30 36
34: 2 30 35
35: 3 29 34
36: 2 24 33

1: 2 3 4
2: 1 33 36
3: 1 32 35
4: 1 31 34
5: 6 7 30
6: 5 19 29
7: 5 18 28
8: 9 13 23
9: 8 12 22
10: 14 20 24
11: 15 21 25
12: 9 16 27
13: 8 17 26
14: 10 19 26
15: 11 18 27
16: 12 18 25
17: 13 19 24
18: 7 15 16
19: 6 14 17
20: 10 22 36
21: 11 23 36
22: 9 20 33
23: 8 21 33
24: 10 17 35
25: 11 16 34
26: 13 14 35
27: 12 15 34
28: 7 29 32
29: 6 28 31
30: 5 31 32
31: 4 29 30
32: 3 28 30
33: 2 22 23
34: 4 25 27
35: 3 24 26
36: 2 20 21

1: 2 3 4
2: 1 32 36
3: 1 31 35
4: 1 33 34
5: 6 7 30
6: 5 23 25
7: 5 22 24
8: 9 10 21
9: 8 16 17
10: 8 15 18
11: 17 19 26
12: 18 20 27
13: 15 20 29
14: 16 19 28
15: 10 13 27
16: 9 14 26
17: 9 11 28
18: 10 12 29
19: 11 14 25
20: 12 13 24
21: 8 22 23
22: 7 21 25
23: 6 21 24
24: 7 20 23
25: 6 19 22
26: 11 16 32
27: 12 15 31
28: 14 17 34
29: 13 18 33
30: 5 31 32
31: 3 27 30
32: 2 26 30
33: 4 29 36
34: 4 28 35
35: 3 34 36
36: 2 33 35

1: 2 3 4
2: 1 34 36
3: 1 33 35
4: 1 31 32
5: 6 7 30
6: 5 28 29
7: 5 22 23
8: 10 11 24
9: 17 25 26
10: 8 15 19
11: 8 14 18
12: 13 14 17
13: 12 15 16
14: 11 12 19
15: 10 13 18
16: 13 20 25
17: 9 12 20
18: 11 15 21
19: 10 14 21
20: 16 17 23
21: 18 19 22
22: 7 21 27
23: 7 20 26
24: 8 28 31
25: 9 16 35
26: 9 23 36
27: 22 29 32
28: 6 24 32
29: 6 27 31
30: 5 33 34
31: 4 24 29
32: 4 27 28
33: 3 30 36
34: 2 30 35
35: 3 25 34
36: 2 26 33

1: 2 3 4
2: 1 33 34
3: 1 32 36
4: 1 31 35
5: 6 7 30
6: 5 22 25
7: 5 23 24
8: 12 13 27
9: 11 13 26
10: 11 12 20
11: 9 10 27
12: 8 10 26
13: 8 9 18
14: 17 19 29
15: 16 19 28
16: 15 25 29
17: 14 25 28
18: 13 21 24
19: 14 15 23
20: 10 22 24
21: 18 22 23
22: 6 20 21
23: 7 19 21
24: 7 18 20
25: 6 16 17
26: 9 12 34
27: 8 11 32
28: 15 17 33
29: 14 16 31
30: 5 31 32
31: 4 29 30
32: 3 27 30
33: 2 28 36
34: 2 26 35
35: 4 34 36
36: 3 33 35

1: 2 3 4
2: 1 33 34
3: 1 32 36
4: 1 31 35
5: 6 7 30
6: 5 22 25
7: 5 23 24
8: 9 17 21
9: 8 10 11
10: 9 16 29
11: 9 15 28
12: 19 20 27
13: 18 20 26
14: 15 16 17
15: 11 14 29
16: 10 14 28
17: 8 14 25
18: 13 23 27
19: 12 23 26
20: 12 13 22
21: 8 22 24
22: 6 20 21
23: 7 18 19
24: 7 21 25
25: 6 17 24
26: 13 19 34
27: 12 18 32
28: 11 16 33
29: 10 15 31
30: 5 31 32
31: 4 29 30
32: 3 27 30
33: 2 28 36
34: 2 26 35
35: 4 34 36
36: 3 33 35

1: 2 3 4
2: 1 33 34
3: 1 31 36
4: 1 32 35
5: 9 20 28
6: 13 15 27
7: 14 15 29
8: 12 13 29
9: 5 21 22
10: 11 12 17
11: 10 16 26
12: 8 10 15
13: 6 8 14
14: 7 13 16
15: 6 7 12
16: 11 14 25
17: 10 18 19
18: 17 24 26
19: 17 23 25
20: 5 30 35
21: 9 24 34
22: 9 23 33
23: 19 22 34
24: 18 21 33
25: 16 19 36
26: 11 18 36
27: 6 28 35
28: 5 27 32
29: 7 8 31
30: 20 31 32
31: 3 29 30
32: 4 28 30
33: 2 22 24
34: 2 21 23
35: 4 20 27
36: 3 25 26

1: 2 3 4
2: 1 33 34
3: 1 35 36
4: 1 31 32
5: 8 9 15
6: 9 14 17
7: 12 13 17
8: 5 19 21
9: 5 6 12
10: 12 14 16
11: 13 18 20
12: 7 9 10
13: 7 11 14
14: 6 10 13
15: 5 16 28
16: 10 15 30
17: 6 7 29
18: 11 21 24
19: 8 20 24
20: 11 19 23
21: 8 18 23
22: 25 26 27
23: 20 21 36
24: 18 19 35
25: 22 28 33
26: 22 30 32
27: 22 29 31
28: 15 25 34
29: 17 27 32
30: 16 26 31
31: 4 27 30
32: 4 26 29
33: 2 25 36
34: 2 28 35
35: 3 24 34
36: 3 23 33

1: 2 3 4
2: 1 35 36
3: 1 33 34
4: 1 31 32
5: 6 7 30
6: 5 16 24
7: 5 15 23
8: 18 19 29
9: 10 11 21
10: 9 12 17
11: 9 14 22
12: 10 13 14
13: 12 16 22
14: 11 12 15
15: 7 14 24
16: 6 13 23
17: 10 20 26
18: 8 21 28
19: 8 20 27
20: 17 19 28
21: 9 18 27
22: 11 13 26
23: 7 16 25
24: 6 15 25
25: 23 24 36
26: 17 22 31
27: 19 21 32
28: 18 20 32
29: 8 33 35
30: 5 31 34
31: 4 26 30
32: 4 27 28
33: 3 29 36
34: 3 30 35
35: 2 29 34
36: 2 25 33

1: 2 3 4
2: 1 34 36
3: 1 33 35
4: 1 31 32
5: 6 7 30
6: 5 23 29
7: 5 27 28
8: 21 22 23
9: 19 20 23
10: 11 12 29
11: 10 16 18
12: 10 15 17
13: 14 22 26
14: 13 20 21
15: 12 18 24
16: 11 17 24
17: 12 16 19
18: 11 15 20
19: 9 17 22
20: 9 14 18
21: 8 14 25
22: 8 13 19
23: 6 8 9
24: 15 16 36
25: 21 28 32
26: 13 27 31
27: 7 26 32
28: 7 25 31
29: 6 10 35
30: 5 33 34
31: 4 26 28
32: 4 25 27
33: 3 30 36
34: 2 30 35
35: 3 29 34
36: 2 24 33

1: 2 3 4
2: 1 33 34
3: 1 31 36
4: 1 32 35
5: 9 20 28
6: 13 14 27
7: 12 14 29
8: 10 13 29
9: 5 21 22
10: 8 14 26
11: 15 16 25
12: 7 13 16
13: 6 8 12
14: 6 7 10
15: 11 19 26
16: 11 12 18
17: 18 19 25
18: 16 17 24
19: 15 17 23
20: 5 30 35
21: 9 24 34
22: 9 23 33
23: 19 22 34
24: 18 21 33
25: 11 17 36
26: 10 15 36
27: 6 28 35
28: 5 27 32
29: 7 8 31
30: 20 31 32
31: 3 29 30
32: 4 28 30
33: 2 22 24
34: 2 21 23
35: 4 20 27
36: 3 25 26

1: 2 3 4
2: 1 32 35
3: 1 33 34
4: 1 31 36
5: 6 14 18
6: 5 7 8
7: 6 11 13
8: 6 9 10
9: 8 13 15
10: 8 11 12
11: 7 10 15
12: 10 16 23
13: 7 9 22
14: 5 24 27
15: 9 11 27
16: 12 19 30
17: 20 21 30
18: 5 19 25
19: 16 18 26
20: 17 23 29
21: 17 22 28
22: 13 21 29
23: 12 20 28
24: 14 25 26
25: 18 24 34
26: 19 24 31
27: 14 15 31
28: 21 23 32
29: 20 22 32
30: 16 17 33
31: 4 26 27
32: 2 28 29
33: 3 30 36
34: 3 25 35
35: 2 34 36
36: 4 33 35

1: 2 3 4
2: 1 31 32
3: 1 34 36
4: 1 33 35
5: 6 7 30
6: 5 23 29
7: 5 22 28
8: 9 10 27
9: 8 18 20
10: 8 17 19
11: 12 13 24
12: 11 16 26
13: 11 14 15
14: 13 16 25
15: 13 20 26
16: 12 14 19
17: 10 20 21
18: 9 19 21
19: 10 16 18
20: 9 15 17
21: 17 18 23
22: 7 27 29
23: 6 21 28
24: 11 25 36
25: 14 24 31
26: 12 15 35
27: 8 22 31
28: 7 23 32
29: 6 22 32
30: 5 33 34
31: 2 25 27
32: 2 28 29
33: 4 30 36
34: 3 30 35
35: 4 26 34
36: 3 24 33

1: 2 3 4
2: 1 31 32
3: 1 33 36
4: 1 34 35
5: 6 12 18
6: 5 10 11
7: 8 9 22
8: 7 14 24
9: 7 15 23
10: 6 17 21
11: 6 16 20
12: 5 13 26
13: 12 19 22
14: 8 23 29
15: 9 24 30
16: 11 21 28
17: 10 20 27
18: 5 19 25
19: 13 18 31
20: 11 17 32
21: 10 16 32
22: 7 13 33
23: 9 14 36
24: 8 15 36
25: 18 26 33
26: 12 25 31
27: 17 30 35
28: 16 29 34
29: 14 28 35
30: 15 27 34
31: 2 19 26
32: 2 20 21
33: 3 22 25
34: 4 28 30
35: 4 27 29
36: 3 23 24

1: 2 3 4
2: 1 32 35
3: 1 33 34
4: 1 31 36
5: 6 7 16
6: 5 15 23
7: 5 14 22
8: 11 12 17
9: 10 13 17
10: 9 12 21
11: 8 13 21
12: 8 10 14
13: 9 11 15
14: 7 12 15
15: 6 13 14
16: 5 24 28
17: 8 9 30
18: 19 20 28
19: 18 23 27
20: 18 22 26
21: 10 11 25
22: 7 20 27
23: 6 19 26
24: 16 25 29
25: 21 24 31
26: 20 23 32
27: 19 22 32
28: 16 18 33
29: 24 30 34
30: 17 29 31
31: 4 25 30
32: 2 26 27
33: 3 28 36
34: 3 29 35
35: 2 34 36
36: 4 33 35

1: 2 3 4
2: 1 31 36
3: 1 33 35
4: 1 32 34
5: 11 14 18
6: 10 13 18
7: 12 14 25
8: 15 25 26
9: 10 11 28
10: 6 9 14
11: 5 9 13
12: 7 13 16
13: 6 11 12
14: 5 7 10
15: 8 27 29
16: 12 17 27
17: 16 26 29
18: 5 6 21
19: 22 24 30
20: 21 23 30
21: 18 20 24
22: 19 23 28
23: 20 22 31
24: 19 21 31
25: 7 8 33
26: 8 17 32
27: 15 16 32
28: 9 22 33
29: 15 17 35
30: 19 20 34
31: 2 23 24
32: 4 26 27
33: 3 25 28
34: 4 30 36
35: 3 29 36
36: 2 34 35

1: 2 3 4
2: 1 31 36
3: 1 33 35
4: 1 32 34
5: 12 18 28
6: 9 10 18
7: 9 11 25
8: 15 25 26
9: 6 7 13
10: 6 11 14
11: 7 10 12
12: 5 11 13
13: 9 12 14
14: 10 13 16
15: 8 27 29
16: 14 17 27
17: 16 26 29
18: 5 6 21
19: 22 24 30
20: 21 23 30
21: 18 20 24
22: 19 23 28
23: 20 22 31
24: 19 21 31
25: 7 8 33
26: 8 17 32
27: 15 16 32
28: 5 22 33
29: 15 17 35
30: 19 20 34
31: 2 23 24
32: 4 26 27
33: 3 25 28
34: 4 30 36
35: 3 29 36
36: 2 34 35

1: 2 3 4
2: 1 33 34
3: 1 32 36
4: 1 31 35
5: 6 7 30
6: 5 19 29
7: 5 18 28
8: 9 10 22
9: 8 12 21
10: 8 13 20
11: 17 22 26
12: 9 15 27
13: 10 16 25
14: 18 23 27
15: 12 18 24
16: 13 19 26
17: 11 19 25
18: 7 14 15
19: 6 16 17
20: 10 21 33
21: 9 20 34
22: 8 11 33
23: 14 24 34
24: 15 23 35
25: 13 17 36
26: 11 16 36
27: 12 14 35
28: 7 29 32
29: 6 28 31
30: 5 31 32
31: 4 29 30
32: 3 28 30
33: 2 20 22
34: 2 21 23
35: 4 24 27
36: 3 25 26

1: 2 3 4
2: 1 31 36
3: 1 33 35
4: 1 32 34
5: 11 12 26
6: 7 8 30
7: 6 17 19
8: 6 16 18
9: 12 13 20
10: 11 14 20
11: 5 10 13
12: 5 9 14
13: 9 11 25
14: 10 12 18
15: 16 17 29
16: 8 15 19
17: 7 15 18
18: 8 14 17
19: 7 16 25
20: 9 10 22
21: 24 26 28
22: 20 23 27
23: 22 28 31
24: 21 27 31
25: 13 19 32
26: 5 21 32
27: 22 24 33
28: 21 23 33
29: 15 30 35
30: 6 29 34
31: 2 23 24
32: 4 25 26
33: 3 27 28
34: 4 30 36
35: 3 29 36
36: 2 34 35

1: 2 3 4
2: 1 31 36
3: 1 32 35
4: 1 33 34
5: 6 7 22
6: 5 21 29
7: 5 19 20
8: 18 20 21
9: 16 17 21
10: 13 15 28
11: 14 19 28
12: 16 18 26
13: 10 14 17
14: 11 13 24
15: 10 19 24
16: 9 12 20
17: 9 13 18
18: 8 12 17
19: 7 11 15
20: 7 8 16
21: 6 8 9
22: 5 30 32
23: 25 27 36
24: 14 15 32
25: 23 29 34
26: 12 27 34
27: 23 26 33
28: 10 11 31
29: 6 25 33
30: 22 31 35
31: 2 28 30
32: 3 22 24
33: 4 27 29
34: 4 25 26
35: 3 30 36
36: 2 23 35

1: 2 3 4
2: 1 31 36
3: 1 33 35
4: 1 32 34
5: 10 11 26
6: 9 11 25
7: 13 25 27
8: 11 12 16
9: 6 10 16
10: 5 9 12
11: 5 6 8
12: 8 10 14
13: 7 28 29
14: 12 15 28
15: 14 27 29
16: 8 9 18
17: 18 22 26
18: 16 17 21
19: 22 24 30
20: 21 23 30
21: 18 20 24
22: 17 19 23
23: 20 22 31
24: 19 21 31
25: 6 7 33
26: 5 17 33
27: 7 15 32
28: 13 14 32
29: 13 15 35
30: 19 20 34
31: 2 23 24
32: 4 27 28
33: 3 25 26
34: 4 30 36
35: 3 29 36
36: 2 34 35

1: 2 3 4
2: 1 31 32
3: 1 34 36
4: 1 33 35
5: 6 18 27
6: 5 12 17
7: 11 13 19
8: 10 14 19
9: 10 11 18
10: 8 9 13
11: 7 9 14
12: 6 15 16
13: 7 10 15
14: 8 11 16
15: 12 13 29
16: 12 14 28
17: 6 28 29
18: 5 9 24
19: 7 8 23
20: 21 22 27
21: 20 24 26
22: 20 23 25
23: 19 22 26
24: 18 21 25
25: 22 24 32
26: 21 23 32
27: 5 20 31
28: 16 17 36
29: 15 17 35
30: 31 33 34
31: 2 27 30
32: 2 25 26
33: 4 30 36
34: 3 30 35
35: 4 29 34
36: 3 28 33

1: 2 3 4
2: 1 31 32
3: 1 34 36
4: 1 33 35
5: 6 7 30
6: 5 22 29
7: 5 23 28
8: 10 24 26
9: 11 24 25
10: 8 12 14
11: 9 13 15
12: 10 15 17
13: 11 14 17
14: 10 13 16
15: 11 12 16
16: 14 15 19
17: 12 13 18
18: 17 21 27
19: 16 20 27
20: 19 21 22
21: 18 20 23
22: 6 20 28
23: 7 21 29
24: 8 9 31
25: 9 26 36
26: 8 25 35
27: 18 19 31
28: 7 22 32
29: 6 23 32
30: 5 33 34
31: 2 24 27
32: 2 28 29
33: 4 30 36
34: 3 30 35
35: 4 26 34
36: 3 25 33

1: 2 3 4
2: 1 32 35
3: 1 31 36
4: 1 33 34
5: 9 10 24
6: 11 12 23
7: 9 11 13
8: 10 12 14
9: 5 7 14
10: 5 8 13
11: 6 7 16
12: 6 8 15
13: 7 10 17
14: 8 9 17
15: 12 16 19
16: 11 15 18
17: 13 14 25
18: 16 22 28
19: 15 21 27
20: 21 22 26
21: 19 20 28
22: 18 20 27
23: 6 26 30
24: 5 25 29
25: 17 24 31
26: 20 23 33
27: 19 22 32
28: 18 21 32
29: 24 30 34
30: 23 29 31
31: 3 25 30
32: 2 27 28
33: 4 26 36
34: 4 29 35
35: 2 34 36
36: 3 33 35

1: 2 3 4
2: 1 31 32
3: 1 33 36
4: 1 34 35
5: 8 12 14
6: 9 13 15
7: 8 9 18
8: 5 7 15
9: 6 7 14
10: 11 17 21
11: 10 16 20
12: 5 13 21
13: 6 12 20
14: 5 9 19
15: 6 8 19
16: 11 26 27
17: 10 24 25
18: 7 22 23
19: 14 15 31
20: 11 13 32
21: 10 12 32
22: 18 30 36
23: 18 29 35
24: 17 27 33
25: 17 26 34
26: 16 25 33
27: 16 24 34
28: 29 30 31
29: 23 28 36
30: 22 28 35
31: 2 19 28
32: 2 20 21
33: 3 24 26
34: 4 25 27
35: 4 23 30
36: 3 22 29

1: 2 3 4
2: 1 31 36
3: 1 32 35
4: 1 33 34
5: 6 9 16
6: 5 10 14
7: 8 11 15
8: 7 12 13
9: 5 13 17
10: 6 15 18
11: 7 14 18
12: 8 16 17
13: 8 9 23
14: 6 11 24
15: 7 10 24
16: 5 12 23
17: 9 12 28
18: 10 11 27
19: 20 22 25
20: 19 21 26
21: 20 30 36
22: 19 29 35
23: 13 16 34
24: 14 15 33
25: 19 28 32
26: 20 27 31
27: 18 26 36
28: 17 25 35
29: 22 32 34
30: 21 31 33
31: 2 26 30
32: 3 25 29
33: 4 24 30
34: 4 23 29
35: 3 22 28
36: 2 21 27

1: 2 3 4
2: 1 31 36
3: 1 33 34
4: 1 32 35
5: 6 28 30
6: 5 7 27
7: 6 8 14
8: 7 9 18
9: 8 15 16
10: 17 26 29
11: 12 16 26
12: 11 25 29
13: 19 27 30
14: 7 15 21
15: 9 14 22
16: 9 11 20
17: 10 20 25
18: 8 21 22
19: 13 23 28
20: 16 17 24
21: 14 18 24
22: 15 18 23
23: 19 22 31
24: 20 21 31
25: 12 17 33
26: 10 11 33
27: 6 13 32
28: 5 19 32
29: 10 12 35
30: 5 13 34
31: 2 23 24
32: 4 27 28
33: 3 25 26
34: 3 30 36
35: 4 29 36
36: 2 34 35

1: 2 3 4
2: 1 33 34
3: 1 32 36
4: 1 31 35
5: 6 7 30
6: 5 25 29
7: 5 23 24
8: 13 20 28
9: 12 19 28
10: 17 24 25
11: 18 23 25
12: 9 20 26
13: 8 19 26
14: 15 16 27
15: 14 20 22
16: 14 19 21
17: 10 21 23
18: 11 22 24
19: 9 13 16
20: 8 12 15
21: 16 17 22
22: 15 18 21
23: 7 11 17
24: 7 10 18
25: 6 10 11
26: 12 13 34
27: 14 29 32
28: 8 9 32
29: 6 27 31
30: 5 31 33
31: 4 29 30
32: 3 27 28
33: 2 30 36
34: 2 26 35
35: 4 34 36
36: 3 33 35

1: 2 3 4
2: 1 34 35
3: 1 31 36
4: 1 32 33
5: 9 11 13
6: 10 12 14
7: 14 18 20
8: 13 18 19
9: 5 12 15
10: 6 11 15
11: 5 10 16
12: 6 9 16
13: 5 8 17
14: 6 7 17
15: 9 10 28
16: 11 12 21
17: 13 14 22
18: 7 8 22
19: 8 25 27
20: 7 24 26
21: 16 29 32
22: 17 18 34
23: 28 30 33
24: 20 27 36
25: 19 26 36
26: 20 25 35
27: 19 24 35
28: 15 23 34
29: 21 31 33
30: 23 31 32
31: 3 29 30
32: 4 21 30
33: 4 23 29
34: 2 22 28
35: 2 26 27
36: 3 24 25

1: 2 3 4
2: 1 31 36
3: 1 33 35
4: 1 32 34
5: 20 23 29
6: 21 22 29
7: 13 14 26
8: 17 24 28
9: 11 24 27
10: 13 15 25
11: 9 25 28
12: 14 16 17
13: 7 10 16
14: 7 12 15
15: 10 14 18
16: 12 13 18
17: 8 12 27
18: 15 16 22
19: 21 23 30
20: 5 21 26
21: 6 19 20
22: 6 18 23
23: 5 19 22
24: 8 9 31
25: 10 11 33
26: 7 20 33
27: 9 17 32
28: 8 11 32
29: 5 6 34
30: 19 31 35
31: 2 24 30
32: 4 27 28
33: 3 25 26
34: 4 29 36
35: 3 30 36
36: 2 34 35

1: 2 3 4
2: 1 33 36
3: 1 32 35
4: 1 31 34
5: 6 7 30
6: 5 19 29
7: 5 18 28
8: 9 13 23
9: 8 12 22
10: 14 20 24
11: 15 21 25
12: 9 16 27
13: 8 17 26
14: 10 19 26
15: 11 18 27
16: 12 18 25
17: 13 19 24
18: 7 15 16
19: 6 14 17
20: 10 23 36
21: 11 22 36
22: 9 21 33
23: 8 20 33
24: 10 17 35
25: 11 16 34
26: 13 14 35
27: 12 15 34
28: 7 29 32
29: 6 28 31
30: 5 31 32
31: 4 29 30
32: 3 28 30
33: 2 22 23
34: 4 25 27
35: 3 24 26
36: 2 20 21

1: 2 3 4
2: 1 31 32
3: 1 33 34
4: 1 35 36
5: 8 12 14
6: 9 13 15
7: 8 9 20
8: 5 7 11
9: 6 7 10
10: 9 11 22
11: 8 10 21
12: 5 16 23
13: 6 19 24
14: 5 17 26
15: 6 18 25
16: 12 26 28
17: 14 23 28
18: 15 24 27
19: 13 25 27
20: 7 21 22
21: 11 20 36
22: 10 20 35
23: 12 17 31
24: 13 18 34
25: 15 19 33
26: 14 16 32
27: 18 19 36
28: 16 17 35
29: 30 31 34
30: 29 32 33
31: 2 23 29
32: 2 26 30
33: 3 25 30
34: 3 24 29
35: 4 22 28
36: 4 21 27

1: 2 3 4
2: 1 34 35
3: 1 31 36
4: 1 32 33
5: 15 16 19
6: 14 16 18
7: 8 9 20
8: 7 11 12
9: 7 10 13
10: 9 12 17
11: 8 13 17
12: 8 10 14
13: 9 11 15
14: 6 12 15
15: 5 13 14
16: 5 6 25
17: 10 11 27
18: 6 22 24
19: 5 21 23
20: 7 25 28
21: 19 24 26
22: 18 23 26
23: 19 22 34
24: 18 21 34
25: 16 20 36
26: 21 22 35
27: 17 30 33
28: 20 29 32
29: 28 31 33
30: 27 31 32
31: 3 29 30
32: 4 28 30
33: 4 27 29
34: 2 23 24
35: 2 26 36
36: 3 25 35

1: 2 3 4
2: 1 32 35
3: 1 33 34
4: 1 31 36
5: 6 14 18
6: 5 7 8
7: 6 11 13
8: 6 9 10
9: 8 13 15
10: 8 11 12
11: 7 10 15
12: 10 16 23
13: 7 9 22
14: 5 24 27
15: 9 11 27
16: 12 19 30
17: 20 21 30
18: 5 19 26
19: 16 18 25
20: 17 23 29
21: 17 22 28
22: 13 21 29
23: 12 20 28
24: 14 25 26
25: 19 24 34
26: 18 24 31
27: 14 15 31
28: 21 23 32
29: 20 22 32
30: 16 17 33
31: 4 26 27
32: 2 28 29
33: 3 30 36
34: 3 25 35
35: 2 34 36
36: 4 33 35

1: 2 3 4
2: 1 31 36
3: 1 32 34
4: 1 33 35
5: 6 7 30
6: 5 21 29
7: 5 19 20
8: 19 21 22
9: 10 11 20
10: 9 18 25
11: 9 16 17
12: 15 24 28
13: 14 17 28
14: 13 15 27
15: 12 14 26
16: 11 23 25
17: 11 13 18
18: 10 17 23
19: 7 8 29
20: 7 9 21
21: 6 8 20
22: 8 26 36
23: 16 18 32
24: 12 27 34
25: 10 16 34
26: 15 22 31
27: 14 24 33
28: 12 13 33
29: 6 19 32
30: 5 31 35
31: 2 26 30
32: 3 23 29
33: 4 27 28
34: 3 24 25
35: 4 30 36
36: 2 22 35

1: 2 3 4
2: 1 32 36
3: 1 33 34
4: 1 31 35
5: 6 8 13
6: 5 7 11
7: 6 12 14
8: 5 9 10
9: 8 11 15
10: 8 12 20
11: 6 9 21
12: 7 10 15
13: 5 18 19
14: 7 16 17
15: 9 12 29
16: 14 19 26
17: 14 18 27
18: 13 17 26
19: 13 16 27
20: 10 23 28
21: 11 22 25
22: 21 24 28
23: 20 24 25
24: 22 23 30
25: 21 23 31
26: 16 18 32
27: 17 19 34
28: 20 22 31
29: 15 30 32
30: 24 29 33
31: 4 25 28
32: 2 26 29
33: 3 30 36
34: 3 27 35
35: 4 34 36
36: 2 33 35

1: 2 3 4
2: 1 31 36
3: 1 33 34
4: 1 32 35
5: 10 11 28
6: 9 26 27
7: 11 15 27
8: 12 16 26
9: 6 16 25
10: 5 13 15
11: 5 7 14
12: 8 13 25
13: 10 12 14
14: 11 13 17
15: 7 10 17
16: 8 9 29
17: 14 15 20
18: 21 22 30
19: 22 24 28
20: 17 21 23
21: 18 20 24
22: 18 19 23
23: 20 22 31
24: 19 21 31
25: 9 12 33
26: 6 8 33
27: 6 7 32
28: 5 19 32
29: 16 30 35
30: 18 29 34
31: 2 23 24
32: 4 27 28
33: 3 25 26
34: 3 30 36
35: 4 29 36
36: 2 34 35

1: 2 3 4
2: 1 31 36
3: 1 32 35
4: 1 33 34
5: 6 7 10
6: 5 9 17
7: 5 8 18
8: 7 9 16
9: 6 8 15
10: 5 15 16
11: 13 19 29
12: 14 20 30
13: 11 22 28
14: 12 21 27
15: 9 10 26
16: 8 10 25
17: 6 19 28
18: 7 20 27
19: 11 17 24
20: 12 18 23
21: 14 23 26
22: 13 24 25
23: 20 21 34
24: 19 22 33
25: 16 22 32
26: 15 21 31
27: 14 18 34
28: 13 17 33
29: 11 32 36
30: 12 31 35
31: 2 26 30
32: 3 25 29
33: 4 24 28
34: 4 23 27
35: 3 30 36
36: 2 29 35

1: 2 3 4
2: 1 31 36
3: 1 32 34
4: 1 33 35
5: 22 23 26
6: 21 23 25
7: 8 12 29
8: 7 9 16
9: 8 17 18
10: 11 14 17
11: 10 16 18
12: 7 13 27
13: 12 24 28
14: 10 15 28
15: 14 24 27
16: 8 11 20
17: 9 10 20
18: 9 11 19
19: 18 22 29
20: 16 17 21
21: 6 20 26
22: 5 19 25
23: 5 6 36
24: 13 15 32
25: 6 22 34
26: 5 21 34
27: 12 15 33
28: 13 14 33
29: 7 19 31
30: 31 32 35
31: 2 29 30
32: 3 24 30
33: 4 27 28
34: 3 25 26
35: 4 30 36
36: 2 23 35

1: 2 3 4
2: 1 31 36
3: 1 33 35
4: 1 32 34
5: 6 28 30
6: 5 7 27
7: 6 8 14
8: 7 9 18
9: 8 15 16
10: 17 26 29
11: 12 16 26
12: 11 25 29
13: 19 27 30
14: 7 15 21
15: 9 14 22
16: 9 11 20
17: 10 20 25
18: 8 21 22
19: 13 23 28
20: 16 17 24
21: 14 18 24
22: 15 18 23
23: 19 22 31
24: 20 21 31
25: 12 17 33
26: 10 11 33
27: 6 13 32
28: 5 19 32
29: 10 12 35
30: 5 13 34
31: 2 23 24
32: 4 27 28
33: 3 25 26
34: 4 30 36
35: 3 29 36
36: 2 34 35

1: 2 3 4
2: 1 34 36
3: 1 33 35
4: 1 31 32
5: 21 23 29
6: 20 22 29
7: 9 12 13
8: 10 11 13
9: 7 11 14
10: 8 12 15
11: 8 9 18
12: 7 10 18
13: 7 8 17
14: 9 15 26
15: 10 14 25
16: 25 26 28
17: 13 23 28
18: 11 12 22
19: 20 21 27
20: 6 19 23
21: 5 19 22
22: 6 18 21
23: 5 17 20
24: 27 30 31
25: 15 16 36
26: 14 16 35
27: 19 24 32
28: 16 17 32
29: 5 6 31
30: 24 33 34
31: 4 24 29
32: 4 27 28
33: 3 30 36
34: 2 30 35
35: 3 26 34
36: 2 25 33

1: 2 3 4
2: 1 31 36
3: 1 33 35
4: 1 32 34
5: 6 7 29
6: 5 8 11
7: 5 9 10
8: 6 25 27
9: 7 26 28
10: 7 13 15
11: 6 12 14
12: 11 15 16
13: 10 14 16
14: 11 13 18
15: 10 12 18
16: 12 13 17
17: 16 22 29
18: 14 15 21
19: 22 24 30
20: 21 23 30
21: 18 20 24
22: 17 19 23
23: 20 22 31
24: 19 21 31
25: 8 28 33
26: 9 27 33
27: 8 26 32
28: 9 25 32
29: 5 17 35
30: 19 20 34
31: 2 23 24
32: 4 27 28
33: 3 25 26
34: 4 30 36
35: 3 29 36
36: 2 34 35

1: 2 3 4
2: 1 31 36
3: 1 33 35
4: 1 32 34
5: 6 12 29
6: 5 8 9
7: 10 11 13
8: 6 11 14
9: 6 10 15
10: 7 9 14
11: 7 8 15
12: 5 26 28
13: 7 25 27
14: 8 10 17
15: 9 11 18
16: 17 18 29
17: 14 16 22
18: 15 16 21
19: 22 24 30
20: 21 23 30
21: 18 20 24
22: 17 19 23
23: 20 22 31
24: 19 21 31
25: 13 28 33
26: 12 27 33
27: 13 26 32
28: 12 25 32
29: 5 16 35
30: 19 20 34
31: 2 23 24
32: 4 27 28
33: 3 25 26
34: 4 30 36
35: 3 29 36
36: 2 34 35

1: 2 3 4
2: 1 31 36
3: 1 33 35
4: 1 32 34
5: 12 17 27
6: 13 16 27
7: 8 9 28
8: 7 11 12
9: 7 10 13
10: 9 12 18
11: 8 13 18
12: 5 8 10
13: 6 9 11
14: 17 26 29
15: 16 25 29
16: 6 15 26
17: 5 14 25
18: 10 11 22
19: 22 24 30
20: 21 23 30
21: 20 24 28
22: 18 19 23
23: 20 22 31
24: 19 21 31
25: 15 17 33
26: 14 16 33
27: 5 6 32
28: 7 21 32
29: 14 15 35
30: 19 20 34
31: 2 23 24
32: 4 27 28
33: 3 25 26
34: 4 30 36
35: 3 29 36
36: 2 34 35

1: 2 3 4
2: 1 33 35
3: 1 34 36
4: 1 31 32
5: 6 7 13
6: 5 9 10
7: 5 8 11
8: 7 10 12
9: 6 11 12
10: 6 8 16
11: 7 9 17
12: 8 9 15
13: 5 18 19
14: 15 20 21
15: 12 14 23
16: 10 22 27
17: 11 22 26
18: 13 21 25
19: 13 20 24
20: 14 19 25
21: 14 18 24
22: 16 17 23
23: 15 22 33
24: 19 21 36
25: 18 20 35
26: 17 30 32
27: 16 29 31
28: 29 30 34
29: 27 28 32
30: 26 28 31
31: 4 27 30
32: 4 26 29
33: 2 23 34
34: 3 28 33
35: 2 25 36
36: 3 24 35

1: 2 3 4
2: 1 32 35
3: 1 31 36
4: 1 33 34
5: 6 7 24
6: 5 10 13
7: 5 11 12
8: 9 13 21
9: 8 12 20
10: 6 12 18
11: 7 13 19
12: 7 9 10
13: 6 8 11
14: 20 23 30
15: 21 22 29
16: 19 22 27
17: 18 23 28
18: 10 17 30
19: 11 16 29
20: 9 14 28
21: 8 15 27
22: 15 16 26
23: 14 17 25
24: 5 25 26
25: 23 24 34
26: 22 24 33
27: 16 21 32
28: 17 20 31
29: 15 19 32
30: 14 18 31
31: 3 28 30
32: 2 27 29
33: 4 26 36
34: 4 25 35
35: 2 34 36
36: 3 33 35

1: 2 3 4
2: 1 32 35
3: 1 33 34
4: 1 31 36
5: 6 7 16
6: 5 15 23
7: 5 13 14
8: 9 10 15
9: 8 12 14
10: 8 11 13
11: 10 14 22
12: 9 13 17
13: 7 10 12
14: 7 9 11
15: 6 8 20
16: 5 24 28
17: 12 22 30
18: 19 21 28
19: 18 23 27
20: 15 21 27
21: 18 20 26
22: 11 17 25
23: 6 19 26
24: 16 25 29
25: 22 24 31
26: 21 23 32
27: 19 20 32
28: 16 18 33
29: 24 30 34
30: 17 29 31
31: 4 25 30
32: 2 26 27
33: 3 28 36
34: 3 29 35
35: 2 34 36
36: 4 33 35

1: 2 3 4
2: 1 31 32
3: 1 33 36
4: 1 34 35
5: 6 12 18
6: 5 10 11
7: 8 9 22
8: 7 14 24
9: 7 15 23
10: 6 17 21
11: 6 16 20
12: 5 13 26
13: 12 19 22
14: 8 23 29
15: 9 24 30
16: 11 21 28
17: 10 20 27
18: 5 19 25
19: 13 18 31
20: 11 17 32
21: 10 16 32
22: 7 13 33
23: 9 14 36
24: 8 15 36
25: 18 26 33
26: 12 25 31
27: 17 28 35
28: 16 27 34
29: 14 30 35
30: 15 29 34
31: 2 19 26
32: 2 20 21
33: 3 22 25
34: 4 28 30
35: 4 27 29
36: 3 23 24

1: 21 30 35
2: 22 29 35
3: 23 26 36
4: 24 25 36
5: 9 32 33
6: 10 31 33
7: 11 28 34
8: 12 27 34
9: 5 17 31
10: 6 18 32
11: 7 19 27
12: 8 20 28
13: 14 21 29 35
14: 13 22 30 35
15: 16 23 25 36
16: 15 24 26 36
17: 9 18 31 33
18: 10 17 32 33
19: 11 20 27 34
20: 12 19 28 34
21: 1 13 22 29
22: 2 14 21 30
23: 3 15 24 25
24: 4 16 23 26
25: 4 15 23 36
26: 3 16 24 36
27: 8 11 19 34
28: 7 12 20 34
29: 2 13 21 30 35
30: 1 14 22 29 35
31: 6 9 17 32 33
32: 5 10 18 31 33
33: 5 6 17 18 31 32
34: 7 8 19 20 27 28
35: 1 2 13 14 29 30
36: 3 4 15 16 25 26

1: 12
2: 11
3: 20 22
4: 19 21
5: 24 26
6: 23 25
7: 10 30
8: 9 29
9: 8 28
10: 7 27
11: 2 18
12: 1 17
13: 23 30 33
14: 24 29 34
15: 18 26 36
16: 17 25 35
17: 12 16 28
18: 11 15 27
19: 4 34 36
20: 3 33 35
21: 4 30 33
22: 3 29 34
23: 6 13 31
24: 5 14 32
25: 6 16 31
26: 5 15 32
27: 10 18 36
28: 9 17 35
29: 8 14 22
30: 7 13 21
31: 23 25 33 35
32: 24 26 34 36
33: 13 20 21 31
34: 14 19 22 32
35: 16 20 28 31
36: 15 19 27 32

