1: 25
2: 10
3: 9
4: 23 24
5: 21 24
6: 22 23
7: 19 20
8: 21 22
9: 3 18
10: 2 17
11: 16 24 25
12: 16 20 25
13: 16 19 21
14: 15 19 22
15: 14 17 18
16: 11 12 13
17: 10 15 23
18: 9 15 20
19: 7 13 14
20: 7 12 18
21: 5 8 13
22: 6 8 14
23: 4 6 17
24: 4 5 11
25: 1 11 12

1: 2 3 22
2: 1 7 25
3: 1 8 24
4: 5 8 22
5: 4 6 25
6: 5 7 23
7: 2 6 24
8: 3 4 23
9: 10 11 12 13
10: 9 14 18 19
11: 9 16 19 21
12: 9 17 20 21
13: 9 15 18 20
14: 10 15 16 20
15: 13 14 17 21
16: 11 14 17 18
17: 12 15 16 19
18: 10 13 16 21
19: 10 11 17 20
20: 12 13 14 19
21: 11 12 15 18
22: 1 4 23 24
23: 6 8 22 25
24: 3 7 22 25
25: 2 5 23 24

1: 2 3 21
2: 1 20 25
3: 1 19 24
4: 13 15 21
5: 14 16 21
6: 17 18 21
7: 10 14 23
8: 9 13 23
9: 8 16 22
10: 7 15 22
11: 17 19 22
12: 18 20 23
13: 4 8 24
14: 5 7 24
15: 4 10 25
16: 5 9 25
17: 6 11 25
18: 6 12 24
19: 3 11 23
20: 2 12 22
21: 1 4 5 6
22: 9 10 11 20
23: 7 8 12 19
24: 3 13 14 18
25: 2 15 16 17

1: 9 10
2: 11 12
3: 13 14
4: 15 16
5: 8 20
6: 7 19
7: 6 24
8: 5 25
9: 1 22
10: 1 22
11: 2 21
12: 2 21
13: 3 20
14: 3 20
15: 4 19
16: 4 19
17: 23 24
18: 23 25
19: 6 15 16 24
20: 5 13 14 25
21: 11 12 23 24
22: 9 10 23 25
23: 17 18 21 22
24: 7 17 19 21
25: 8 18 20 22

1: 11
2: 10
3: 18 19
4: 21 23
5: 20 22
6: 9 17
7: 8 16
8: 7 15
9: 6 14
10: 2 13
11: 1 12
12: 11 17 23
13: 10 16 22
14: 9 18 20
15: 8 19 21
16: 7 13 24
17: 6 12 25
18: 3 14 24
19: 3 15 25
20: 5 14 24
21: 4 15 25
22: 5 13 24
23: 4 12 25
24: 16 18 20 22
25: 17 19 21 23

1: 8 10 24 25
2: 7 9 24 25
3: 11 15 22 24
4: 13 18 23 25
5: 12 17 22 25
6: 14 16 23 24
7: 2 9 23 25
8: 1 10 22 25
9: 2 7 23 24
10: 1 8 22 24
11: 3 15 21 24
12: 5 17 21 25
13: 4 18 20 25
14: 6 16 20 24
15: 3 11 21 22
16: 6 14 20 23
17: 5 12 21 22
18: 4 13 20 23
19: 20 21 24 25
20: 13 14 16 18 19 23 24 25
21: 11 12 15 17 19 22 24 25
22: 3 5 8 10 15 17 21 24 25
23: 4 6 7 9 16 18 20 24 25
24: 1 2 3 6 9 10 11 14 19 20 21 22 23 25
25: 1 2 4 5 7 8 12 13 19 20 21 22 23 24

1: 4 12 22 25
2: 3 11 22 25
3: 2 11 23 25
4: 1 12 24 25
5: 8 13 23 25
6: 7 14 24 25
7: 6 14 21 25
8: 5 13 20 25
9: 10 16 21 25
10: 9 16 20 25
11: 2 3 22 23
12: 1 4 22 24
13: 5 8 20 23
14: 6 7 21 24
15: 20 21 23 24
16: 9 10 20 21
17: 18 19 22 23
18: 17 19 22 24
19: 17 18 23 24
20: 8 10 13 15 16 21 23 25
21: 7 9 14 15 16 20 24 25
22: 1 2 11 12 17 18 23 24 25
23: 3 5 11 13 15 17 19 20 22 24 25
24: 4 6 12 14 15 18 19 21 22 23 25
25: 1 2 3 4 5 6 7 8 9 10 20 21 22 23 24

1: 8 10 24 25
2: 7 9 24 25
3: 11 15 22 24
4: 13 17 23 25
5: 12 18 22 25
6: 14 16 23 24
7: 2 9 23 25
8: 1 10 22 25
9: 2 7 23 24
10: 1 8 22 24
11: 3 15 21 24
12: 5 18 20 25
13: 4 17 20 25
14: 6 16 21 24
15: 3 11 21 22
16: 6 14 21 23
17: 4 13 20 23
18: 5 12 20 22
19: 20 21 22 23
20: 12 13 17 18 19 22 23 25
21: 11 14 15 16 19 22 23 24
22: 3 5 8 10 15 18 19 20 21 24 25
23: 4 6 7 9 16 17 19 20 21 24 25
24: 1 2 3 6 9 10 11 14 21 22 23 25
25: 1 2 4 5 7 8 12 13 20 22 23 24

