1: 2 3 4
2: 1 51 56
3: 1 52 55
4: 1 53 54
5: 7 9 14
6: 8 10 13
7: 5 12 16
8: 6 11 15
9: 5 13 17
10: 6 14 18
11: 8 16 20
12: 7 15 19
13: 6 9 34
14: 5 10 34
15: 8 12 33
16: 7 11 33
17: 9 21 29
18: 10 22 32
19: 12 24 31
20: 11 23 30
21: 17 25 32
22: 18 26 29
23: 20 28 31
24: 19 27 30
25: 21 35 39
26: 22 36 42
27: 24 38 41
28: 23 37 40
29: 17 22 43
30: 20 24 44
31: 19 23 44
32: 18 21 43
33: 15 16 50
34: 13 14 49
35: 25 42 45
36: 26 39 47
37: 28 41 48
38: 27 40 46
39: 25 36 51
40: 28 38 52
41: 27 37 52
42: 26 35 51
43: 29 32 56
44: 30 31 55
45: 35 46 53
46: 38 45 54
47: 36 48 54
48: 37 47 53
49: 34 50 56
50: 33 49 55
51: 2 39 42
52: 3 40 41
53: 4 45 48
54: 4 46 47
55: 3 44 50
56: 2 43 49

1: 39
2: 40
3: 49
4: 55
5: 47
6: 48
7: 42
8: 43
9: 41
10: 21
11: 26
12: 27
13: 28
14: 29
15: 30
16: 31
17: 23
18: 24
19: 35
20: 36
21: 10 49
22: 44 52
23: 17 53
24: 18 53
25: 45 52
26: 11 47
27: 12 48
28: 13 50
29: 14 50
30: 15 51
31: 16 51
32: 38 56
33: 38 54
34: 35 54
35: 19 34
36: 20 37
37: 36 46
38: 32 33
39: 1 40 56
40: 2 39 47
41: 9 43 49
42: 7 43 55
43: 8 41 42
44: 22 45 56
45: 25 44 46
46: 37 45 53
47: 5 26 40
48: 6 27 55
49: 3 21 41
50: 28 29 56
51: 30 31 54
52: 22 25 55
53: 23 24 46
54: 33 34 51
55: 4 42 48 52
56: 32 39 44 50

