1: 2 3 4
2: 1 23 26
3: 1 24 28
4: 1 25 27
5: 8 11 19
6: 9 13 22
7: 10 14 21
8: 5 15 18
9: 6 16 17
10: 7 12 20
11: 5 12 23
12: 10 11 25
13: 6 14 23
14: 7 13 24
15: 8 16 24
16: 9 15 25
17: 9 20 26
18: 8 21 26
19: 5 22 28
20: 10 17 28
21: 7 18 27
22: 6 19 27
23: 2 11 13
24: 3 14 15
25: 4 12 16
26: 2 17 18
27: 4 21 22
28: 3 19 20

1: 2 3 4
2: 1 23 24
3: 1 26 28
4: 1 25 27
5: 8 9 13
6: 7 10 13
7: 6 12 14
8: 5 11 14
9: 5 15 19
10: 6 15 22
11: 8 16 21
12: 7 16 20
13: 5 6 18
14: 7 8 17
15: 9 10 27
16: 11 12 28
17: 14 18 28
18: 13 17 27
19: 9 23 25
20: 12 23 26
21: 11 24 26
22: 10 24 25
23: 2 19 20
24: 2 21 22
25: 4 19 22
26: 3 20 21
27: 4 15 18
28: 3 16 17

1: 17 18 19
2: 24 27 28
3: 25 26 28
4: 21 23 24
5: 20 23 25
6: 20 22 27
7: 21 22 26
8: 17 20 21
9: 17 24 25
10: 17 26 27
11: 18 22 24
12: 19 23 27
13: 18 23 26
14: 19 22 25
15: 19 21 28
16: 18 20 28
17: 1 8 9 10
18: 1 11 13 16
19: 1 12 14 15
20: 5 6 8 16
21: 4 7 8 15
22: 6 7 11 14
23: 4 5 12 13
24: 2 4 9 11
25: 3 5 9 14
26: 3 7 10 13
27: 2 6 10 12
28: 2 3 15 16

1: 2 3 4
2: 1 23 24
3: 1 26 28
4: 1 25 27
5: 6 7 22
6: 5 20 21
7: 5 14 15
8: 9 11 13
9: 8 10 21
10: 9 12 19
11: 8 16 18
12: 10 16 17
13: 8 14 20
14: 7 13 17
15: 7 18 19
16: 11 12 23
17: 12 14 24
18: 11 15 24
19: 10 15 27
20: 6 13 28
21: 6 9 23
22: 5 25 26
23: 2 16 21
24: 2 17 18
25: 4 22 28
26: 3 22 27
27: 4 19 26
28: 3 20 25

1: 2 3 4
2: 1 27 28
3: 1 23 25
4: 1 24 26
5: 6 9 10
6: 5 7 21
7: 6 8 11
8: 7 12 14
9: 5 14 15
10: 5 13 16
11: 7 19 20
12: 8 17 18
13: 10 22 28
14: 8 9 27
15: 9 16 28
16: 10 15 27
17: 12 20 24
18: 12 19 23
19: 11 18 26
20: 11 17 25
21: 6 25 26
22: 13 23 24
23: 3 18 22
24: 4 17 22
25: 3 20 21
26: 4 19 21
27: 2 14 16
28: 2 13 15

1: 2 3 4
2: 1 25 26
3: 1 23 28
4: 1 24 27
5: 6 7 22
6: 5 14 16
7: 5 15 17
8: 12 13 18
9: 10 11 19
10: 9 13 15
11: 9 12 14
12: 8 11 17
13: 8 10 16
14: 6 11 20
15: 7 10 20
16: 6 13 21
17: 7 12 21
18: 8 19 26
19: 9 18 24
20: 14 15 24
21: 16 17 23
22: 5 23 25
23: 3 21 22
24: 4 19 20
25: 2 22 28
26: 2 18 27
27: 4 26 28
28: 3 25 27

1: 2 3 4
2: 1 23 24
3: 1 25 26
4: 1 27 28
5: 6 7 10
6: 5 9 22
7: 5 8 21
8: 7 9 14
9: 6 8 13
10: 5 13 14
11: 15 17 19
12: 16 18 20
13: 9 10 28
14: 8 10 27
15: 11 16 24
16: 12 15 23
17: 11 20 26
18: 12 19 25
19: 11 18 28
20: 12 17 27
21: 7 24 26
22: 6 23 25
23: 2 16 22
24: 2 15 21
25: 3 18 22
26: 3 17 21
27: 4 14 20
28: 4 13 19

1: 2 3 4
2: 1 25 26
3: 1 24 28
4: 1 23 27
5: 6 16 22
6: 5 12 20
7: 9 15 21
8: 10 15 18
9: 7 10 14
10: 8 9 11
11: 10 17 20
12: 6 19 26
13: 16 21 26
14: 9 18 25
15: 7 8 25
16: 5 13 27
17: 11 19 28
18: 8 14 28
19: 12 17 27
20: 6 11 24
21: 7 13 23
22: 5 23 24
23: 4 21 22
24: 3 20 22
25: 2 14 15
26: 2 12 13
27: 4 16 19
28: 3 17 18

1: 2 3 4
2: 1 25 26
3: 1 24 28
4: 1 23 27
5: 6 16 22
6: 5 12 20
7: 9 15 21
8: 10 15 18
9: 7 10 11
10: 8 9 13
11: 9 17 20
12: 6 19 26
13: 10 21 25
14: 16 18 26
15: 7 8 25
16: 5 14 27
17: 11 19 28
18: 8 14 28
19: 12 17 27
20: 6 11 24
21: 7 13 23
22: 5 23 24
23: 4 21 22
24: 3 20 22
25: 2 13 15
26: 2 12 14
27: 4 16 19
28: 3 17 18

1: 2 3 4
2: 1 23 24
3: 1 26 28
4: 1 25 27
5: 7 10 12
6: 7 9 11
7: 5 6 8
8: 7 13 16
9: 6 12 18
10: 5 11 18
11: 6 10 17
12: 5 9 15
13: 8 17 20
14: 15 16 19
15: 12 14 24
16: 8 14 25
17: 11 13 28
18: 9 10 27
19: 14 20 26
20: 13 19 23
21: 23 27 28
22: 24 25 26
23: 2 20 21
24: 2 15 22
25: 4 16 22
26: 3 19 22
27: 4 18 21
28: 3 17 21

1: 2 3 4
2: 1 26 28
3: 1 25 27
4: 1 23 24
5: 6 7 22
6: 5 15 21
7: 5 13 14
8: 11 16 17
9: 12 16 18
10: 11 12 13
11: 8 10 20
12: 9 10 19
13: 7 10 21
14: 7 19 20
15: 6 17 18
16: 8 9 28
17: 8 15 24
18: 9 15 23
19: 12 14 24
20: 11 14 23
21: 6 13 27
22: 5 25 26
23: 4 18 20
24: 4 17 19
25: 3 22 28
26: 2 22 27
27: 3 21 26
28: 2 16 25

1: 2 3 4
2: 1 23 28
3: 1 24 27
4: 1 25 26
5: 10 16 18
6: 9 15 17
7: 8 10 14
8: 7 9 13
9: 6 8 18
10: 5 7 17
11: 14 16 22
12: 13 15 21
13: 8 12 19
14: 7 11 19
15: 6 12 20
16: 5 11 20
17: 6 10 22
18: 5 9 21
19: 13 14 26
20: 15 16 23
21: 12 18 24
22: 11 17 25
23: 2 20 24
24: 3 21 23
25: 4 22 28
26: 4 19 27
27: 3 26 28
28: 2 25 27

1: 2 3 4
2: 1 26 28
3: 1 24 27
4: 1 23 25
5: 6 14 22
6: 5 15 16
7: 9 14 19
8: 10 16 21
9: 7 15 21
10: 8 11 12
11: 10 13 18
12: 10 17 20
13: 11 17 19
14: 5 7 27
15: 6 9 28
16: 6 8 25
17: 12 13 26
18: 11 20 26
19: 7 13 24
20: 12 18 25
21: 8 9 23
22: 5 23 24
23: 4 21 22
24: 3 19 22
25: 4 16 20
26: 2 17 18
27: 3 14 28
28: 2 15 27

1: 2 3 4
2: 1 24 27
3: 1 26 28
4: 1 23 25
5: 10 13 22
6: 9 10 21
7: 8 12 18
8: 7 11 16
9: 6 14 20
10: 5 6 16
11: 8 17 19
12: 7 15 17
13: 5 14 15
14: 9 13 28
15: 12 13 26
16: 8 10 28
17: 11 12 27
18: 7 19 27
19: 11 18 25
20: 9 23 26
21: 6 24 25
22: 5 23 24
23: 4 20 22
24: 2 21 22
25: 4 19 21
26: 3 15 20
27: 2 17 18
28: 3 14 16

1: 2 3 4
2: 1 23 28
3: 1 26 27
4: 1 24 25
5: 6 7 19
6: 5 9 12
7: 5 8 11
8: 7 10 12
9: 6 10 11
10: 8 9 16
11: 7 9 14
12: 6 8 13
13: 12 18 22
14: 11 17 20
15: 16 18 21
16: 10 15 17
17: 14 16 28
18: 13 15 27
19: 5 23 24
20: 14 23 25
21: 15 25 26
22: 13 24 26
23: 2 19 20
24: 4 19 22
25: 4 20 21
26: 3 21 22
27: 3 18 28
28: 2 17 27

1: 2 3 4
2: 1 24 28
3: 1 26 27
4: 1 23 25
5: 6 8 13
6: 5 10 11
7: 9 11 19
8: 5 14 17
9: 7 18 20
10: 6 18 22
11: 6 7 16
12: 13 17 21
13: 5 12 15
14: 8 15 16
15: 13 14 28
16: 11 14 27
17: 8 12 28
18: 9 10 27
19: 7 23 24
20: 9 23 26
21: 12 24 25
22: 10 25 26
23: 4 19 20
24: 2 19 21
25: 4 21 22
26: 3 20 22
27: 3 16 18
28: 2 15 17

1: 2 3 4
2: 1 24 28
3: 1 23 26
4: 1 25 27
5: 13 14 22
6: 11 12 14
7: 8 9 18
8: 7 10 17
9: 7 12 16
10: 8 16 20
11: 6 15 21
12: 6 9 17
13: 5 15 19
14: 5 6 18
15: 11 13 27
16: 9 10 28
17: 8 12 28
18: 7 14 27
19: 13 25 26
20: 10 24 26
21: 11 23 25
22: 5 23 24
23: 3 21 22
24: 2 20 22
25: 4 19 21
26: 3 19 20
27: 4 15 18
28: 2 16 17

1: 2 3 4
2: 1 23 24
3: 1 26 27
4: 1 25 28
5: 6 9 13
6: 5 8 14
7: 8 9 12
8: 6 7 11
9: 5 7 10
10: 9 11 16
11: 8 10 15
12: 7 15 16
13: 5 17 19
14: 6 18 20
15: 11 12 28
16: 10 12 27
17: 13 18 24
18: 14 17 23
19: 13 20 26
20: 14 19 25
21: 24 26 28
22: 23 25 27
23: 2 18 22
24: 2 17 21
25: 4 20 22
26: 3 19 21
27: 3 16 22
28: 4 15 21

1: 2 3 4
2: 1 23 24
3: 1 27 28
4: 1 25 26
5: 6 7 10
6: 5 8 22
7: 5 9 21
8: 6 11 13
9: 7 12 14
10: 5 15 16
11: 8 14 18
12: 9 13 17
13: 8 12 26
14: 9 11 25
15: 10 20 28
16: 10 19 27
17: 12 20 24
18: 11 19 23
19: 16 18 28
20: 15 17 27
21: 7 24 26
22: 6 23 25
23: 2 18 22
24: 2 17 21
25: 4 14 22
26: 4 13 21
27: 3 16 20
28: 3 15 19

1: 2 3 4
2: 1 23 24
3: 1 25 27
4: 1 26 28
5: 6 10 13
6: 5 7 12
7: 6 8 9
8: 7 10 11
9: 7 14 16
10: 5 8 15
11: 8 12 16
12: 6 11 15
13: 5 19 20
14: 9 17 18
15: 10 12 24
16: 9 11 23
17: 14 20 26
18: 14 19 25
19: 13 18 28
20: 13 17 27
21: 23 27 28
22: 24 25 26
23: 2 16 21
24: 2 15 22
25: 3 18 22
26: 4 17 22
27: 3 20 21
28: 4 19 21

1: 2 3 4
2: 1 26 28
3: 1 25 27
4: 1 23 24
5: 10 11 22
6: 8 9 21
7: 12 13 20
8: 6 11 14
9: 6 10 17
10: 5 9 16
11: 5 8 15
12: 7 14 16
13: 7 15 17
14: 8 12 18
15: 11 13 19
16: 10 12 19
17: 9 13 18
18: 14 17 24
19: 15 16 23
20: 7 25 26
21: 6 24 28
22: 5 23 27
23: 4 19 22
24: 4 18 21
25: 3 20 28
26: 2 20 27
27: 3 22 26
28: 2 21 25

1: 2 3 4
2: 1 23 26
3: 1 25 28
4: 1 24 27
5: 8 11 12
6: 7 12 14
7: 6 11 13
8: 5 13 14
9: 10 18 20
10: 9 17 19
11: 5 7 15
12: 5 6 16
13: 7 8 18
14: 6 8 17
15: 11 21 27
16: 12 22 28
17: 10 14 28
18: 9 13 27
19: 10 25 26
20: 9 24 26
21: 15 23 25
22: 16 23 24
23: 2 21 22
24: 4 20 22
25: 3 19 21
26: 2 19 20
27: 4 15 18
28: 3 16 17

1: 2 3 4
2: 1 26 28
3: 1 25 27
4: 1 23 24
5: 10 21 22
6: 10 15 20
7: 10 16 19
8: 9 18 22
9: 8 17 21
10: 5 6 7
11: 13 17 25
12: 14 18 26
13: 11 20 28
14: 12 19 27
15: 6 16 24
16: 7 15 23
17: 9 11 26
18: 8 12 25
19: 7 14 24
20: 6 13 23
21: 5 9 28
22: 5 8 27
23: 4 16 20
24: 4 15 19
25: 3 11 18
26: 2 12 17
27: 3 14 22
28: 2 13 21

1: 2 3 4
2: 1 23 24
3: 1 27 28
4: 1 25 26
5: 7 9 10
6: 7 8 11
7: 5 6 14
8: 6 9 16
9: 5 8 15
10: 5 12 17
11: 6 13 18
12: 10 18 20
13: 11 17 19
14: 7 15 16
15: 9 14 24
16: 8 14 23
17: 10 13 28
18: 11 12 27
19: 13 20 26
20: 12 19 25
21: 24 26 28
22: 23 25 27
23: 2 16 22
24: 2 15 21
25: 4 20 22
26: 4 19 21
27: 3 18 22
28: 3 17 21

1: 2 3 4
2: 1 23 28
3: 1 25 27
4: 1 24 26
5: 7 9 21
6: 8 10 22
7: 5 8 15
8: 6 7 16
9: 5 10 12
10: 6 9 13
11: 12 13 14
12: 9 11 20
13: 10 11 19
14: 11 17 18
15: 7 17 20
16: 8 18 19
17: 14 15 25
18: 14 16 24
19: 13 16 25
20: 12 15 24
21: 5 23 27
22: 6 23 26
23: 2 21 22
24: 4 18 20
25: 3 17 19
26: 4 22 28
27: 3 21 28
28: 2 26 27

1: 2 3 4
2: 1 26 28
3: 1 24 25
4: 1 23 27
5: 11 12 13
6: 9 10 12
7: 8 18 21
8: 7 14 20
9: 6 11 19
10: 6 13 15
11: 5 9 15
12: 5 6 17
13: 5 10 14
14: 8 13 28
15: 10 11 25
16: 18 22 28
17: 12 19 26
18: 7 16 27
19: 9 17 27
20: 8 24 26
21: 7 23 24
22: 16 23 25
23: 4 21 22
24: 3 20 21
25: 3 15 22
26: 2 17 20
27: 4 18 19
28: 2 14 16

1: 2 3 4
2: 1 23 28
3: 1 25 27
4: 1 24 26
5: 6 9 12
6: 5 10 14
7: 8 15 22
8: 7 10 17
9: 5 19 21
10: 6 8 16
11: 12 13 16
12: 5 11 17
13: 11 18 20
14: 6 15 18
15: 7 14 26
16: 10 11 26
17: 8 12 25
18: 13 14 24
19: 9 20 28
20: 13 19 23
21: 9 23 27
22: 7 24 25
23: 2 20 21
24: 4 18 22
25: 3 17 22
26: 4 15 16
27: 3 21 28
28: 2 19 27

1: 2 3 4
2: 1 25 26
3: 1 23 28
4: 1 24 27
5: 6 7 22
6: 5 17 21
7: 5 15 16
8: 9 10 21
9: 8 11 13
10: 8 12 14
11: 9 18 20
12: 10 18 19
13: 9 16 17
14: 10 15 17
15: 7 14 20
16: 7 13 19
17: 6 13 14
18: 11 12 26
19: 12 16 24
20: 11 15 24
21: 6 8 23
22: 5 23 25
23: 3 21 22
24: 4 19 20
25: 2 22 28
26: 2 18 27
27: 4 26 28
28: 3 25 27

1: 2 3 4
2: 1 26 28
3: 1 25 27
4: 1 23 24
5: 6 16 22
6: 5 7 17
7: 6 8 9
8: 7 15 21
9: 7 13 14
10: 15 19 20
11: 13 15 17
12: 13 18 19
13: 9 11 12
14: 9 16 20
15: 8 10 11
16: 5 14 28
17: 6 11 24
18: 12 21 23
19: 10 12 24
20: 10 14 23
21: 8 18 27
22: 5 25 26
23: 4 18 20
24: 4 17 19
25: 3 22 28
26: 2 22 27
27: 3 21 26
28: 2 16 25

1: 2 3 4
2: 1 26 28
3: 1 24 27
4: 1 23 25
5: 6 14 22
6: 5 15 16
7: 9 14 20
8: 10 16 21
9: 7 15 21
10: 8 11 12
11: 10 13 18
12: 10 17 19
13: 11 17 20
14: 5 7 27
15: 6 9 28
16: 6 8 25
17: 12 13 26
18: 11 19 26
19: 12 18 24
20: 7 13 25
21: 8 9 23
22: 5 23 24
23: 4 21 22
24: 3 19 22
25: 4 16 20
26: 2 17 18
27: 3 14 28
28: 2 15 27

1: 2 3 4
2: 1 26 27
3: 1 23 28
4: 1 24 25
5: 6 7 10
6: 5 11 12
7: 5 17 22
8: 9 10 13
9: 8 14 21
10: 5 8 18
11: 6 15 16
12: 6 13 19
13: 8 12 25
14: 9 20 28
15: 11 20 27
16: 11 17 26
17: 7 16 27
18: 10 19 28
19: 12 18 24
20: 14 15 26
21: 9 23 25
22: 7 23 24
23: 3 21 22
24: 4 19 22
25: 4 13 21
26: 2 16 20
27: 2 15 17
28: 3 14 18

1: 2 3 4
2: 1 23 26
3: 1 25 28
4: 1 24 27
5: 9 14 20
6: 8 11 12
7: 8 10 13
8: 6 7 14
9: 5 15 19
10: 7 12 16
11: 6 13 16
12: 6 10 18
13: 7 11 15
14: 5 8 17
15: 9 13 28
16: 10 11 27
17: 14 22 28
18: 12 21 27
19: 9 23 25
20: 5 23 24
21: 18 25 26
22: 17 24 26
23: 2 19 20
24: 4 20 22
25: 3 19 21
26: 2 21 22
27: 4 16 18
28: 3 15 17

1: 2 3 4
2: 1 24 27
3: 1 23 28
4: 1 25 26
5: 6 21 22
6: 5 13 14
7: 8 9 18
8: 7 10 17
9: 7 11 15
10: 8 12 16
11: 9 14 16
12: 10 13 15
13: 6 12 20
14: 6 11 19
15: 9 12 26
16: 10 11 25
17: 8 20 24
18: 7 19 23
19: 14 18 26
20: 13 17 25
21: 5 24 28
22: 5 23 27
23: 3 18 22
24: 2 17 21
25: 4 16 20
26: 4 15 19
27: 2 22 28
28: 3 21 27

1: 2 3 4
2: 1 25 26
3: 1 23 28
4: 1 24 27
5: 8 12 16
6: 8 11 14
7: 11 12 15
8: 5 6 21
9: 10 13 22
10: 9 14 18
11: 6 7 17
12: 5 7 19
13: 9 15 19
14: 6 10 20
15: 7 13 20
16: 5 17 18
17: 11 16 25
18: 10 16 23
19: 12 13 26
20: 14 15 24
21: 8 22 23
22: 9 21 24
23: 3 18 21
24: 4 20 22
25: 2 17 28
26: 2 19 27
27: 4 26 28
28: 3 25 27

1: 2 3 4
2: 1 23 28
3: 1 25 26
4: 1 24 27
5: 6 7 20
6: 5 12 19
7: 5 9 11
8: 9 10 12
9: 7 8 14
10: 8 11 13
11: 7 10 16
12: 6 8 15
13: 10 14 18
14: 9 13 16
15: 12 21 27
16: 11 14 28
17: 18 22 28
18: 13 17 27
19: 6 23 26
20: 5 24 26
21: 15 23 25
22: 17 24 25
23: 2 19 21
24: 4 20 22
25: 3 21 22
26: 3 19 20
27: 4 15 18
28: 2 16 17

1: 2 3 4
2: 1 24 28
3: 1 23 27
4: 1 25 26
5: 17 19 21
6: 18 20 22
7: 9 14 20
8: 10 13 19
9: 7 16 22
10: 8 15 21
11: 12 16 28
12: 11 15 27
13: 8 17 24
14: 7 18 23
15: 10 12 26
16: 9 11 25
17: 5 13 28
18: 6 14 27
19: 5 8 26
20: 6 7 25
21: 5 10 24
22: 6 9 23
23: 3 14 22
24: 2 13 21
25: 4 16 20
26: 4 15 19
27: 3 12 18
28: 2 11 17

1: 2 3 4
2: 1 24 27
3: 1 23 28
4: 1 25 26
5: 10 13 14
6: 11 12 14
7: 9 16 17
8: 9 15 22
9: 7 8 18
10: 5 12 20
11: 6 13 21
12: 6 10 19
13: 5 11 19
14: 5 6 17
15: 8 18 20
16: 7 21 22
17: 7 14 23
18: 9 15 24
19: 12 13 24
20: 10 15 26
21: 11 16 25
22: 8 16 23
23: 3 17 22
24: 2 18 19
25: 4 21 28
26: 4 20 27
27: 2 26 28
28: 3 25 27

1: 2 3 4
2: 1 23 26
3: 1 25 28
4: 1 24 27
5: 14 15 20
6: 15 19 20
7: 8 9 15
8: 7 17 18
9: 7 12 13
10: 11 14 16
11: 10 12 13
12: 9 11 16
13: 9 11 18
14: 5 10 17
15: 5 6 7
16: 10 12 26
17: 8 14 26
18: 8 13 23
19: 6 21 24
20: 5 6 27
21: 19 25 28
22: 23 24 25
23: 2 18 22
24: 4 19 22
25: 3 21 22
26: 2 16 17
27: 4 20 28
28: 3 21 27

1: 2 3 4
2: 1 24 28
3: 1 23 25
4: 1 26 27
5: 9 11 22
6: 8 10 20
7: 10 12 16
8: 6 9 19
9: 5 8 16
10: 6 7 15
11: 5 18 21
12: 7 14 17
13: 14 15 17
14: 12 13 28
15: 10 13 28
16: 7 9 24
17: 12 13 25
18: 11 19 27
19: 8 18 26
20: 6 24 25
21: 11 23 27
22: 5 23 26
23: 3 21 22
24: 2 16 20
25: 3 17 20
26: 4 19 22
27: 4 18 21
28: 2 14 15

1: 2 3 4
2: 1 23 26
3: 1 25 28
4: 1 24 27
5: 9 10 17
6: 8 10 17
7: 8 13 19
8: 6 7 11
9: 5 12 18
10: 5 6 11
11: 8 10 15
12: 9 14 19
13: 7 15 18
14: 12 20 24
15: 11 13 25
16: 20 21 27
17: 5 6 28
18: 9 13 28
19: 7 12 27
20: 14 16 26
21: 16 23 26
22: 23 24 25
23: 2 21 22
24: 4 14 22
25: 3 15 22
26: 2 20 21
27: 4 16 19
28: 3 17 18

1: 2 3 4
2: 1 27 28
3: 1 26 28
4: 1 25 27
5: 10 11 14
6: 7 9 13
7: 6 8 12
8: 7 9 11
9: 6 8 10
10: 5 9 19
11: 5 8 20
12: 7 13 16
13: 6 12 15
14: 5 15 16
15: 13 14 22
16: 12 14 21
17: 19 23 27
18: 20 24 28
19: 10 17 21
20: 11 18 22
21: 16 19 26
22: 15 20 25
23: 17 24 25
24: 18 23 26
25: 4 22 23
26: 3 21 24
27: 2 4 17
28: 2 3 18

1: 2 3 4
2: 1 25 26
3: 1 27 28
4: 1 23 24
5: 8 11 22
6: 7 12 21
7: 6 8 13
8: 5 7 14
9: 10 15 20
10: 9 12 16
11: 5 17 19
12: 6 10 15
13: 7 14 16
14: 8 13 18
15: 9 12 25
16: 10 13 26
17: 11 18 28
18: 14 17 27
19: 11 24 28
20: 9 23 25
21: 6 23 26
22: 5 24 27
23: 4 20 21
24: 4 19 22
25: 2 15 20
26: 2 16 21
27: 3 18 22
28: 3 17 19

1: 2 3 4
2: 1 23 26
3: 1 25 28
4: 1 24 27
5: 7 15 18
6: 12 20 21
7: 5 13 19
8: 9 12 15
9: 8 11 21
10: 11 12 14
11: 9 10 20
12: 6 8 10
13: 7 17 25
14: 10 16 24
15: 5 8 23
16: 14 17 28
17: 13 16 27
18: 5 19 26
19: 7 18 28
20: 6 11 26
21: 6 9 27
22: 23 24 25
23: 2 15 22
24: 4 14 22
25: 3 13 22
26: 2 18 20
27: 4 17 21
28: 3 16 19

1: 2 3 4
2: 1 26 28
3: 1 25 27
4: 1 23 24
5: 7 13 14
6: 8 13 14
7: 5 11 21
8: 6 12 22
9: 10 18 20
10: 9 17 19
11: 7 12 16
12: 8 11 15
13: 5 6 16
14: 5 6 15
15: 12 14 26
16: 11 13 25
17: 10 18 28
18: 9 17 27
19: 10 24 28
20: 9 23 27
21: 7 24 26
22: 8 23 25
23: 4 20 22
24: 4 19 21
25: 3 16 22
26: 2 15 21
27: 3 18 20
28: 2 17 19

1: 2 3 4
2: 1 23 24
3: 1 26 28
4: 1 25 27
5: 7 11 21
6: 8 12 22
7: 5 9 10
8: 6 9 10
9: 7 8 16
10: 7 8 15
11: 5 12 16
12: 6 11 15
13: 14 18 20
14: 13 17 19
15: 10 12 26
16: 9 11 25
17: 14 20 24
18: 13 19 23
19: 14 18 28
20: 13 17 27
21: 5 24 26
22: 6 23 25
23: 2 18 22
24: 2 17 21
25: 4 16 22
26: 3 15 21
27: 4 20 28
28: 3 19 27

1: 2 3 4
2: 1 23 28
3: 1 26 27
4: 1 24 25
5: 6 8 22
6: 5 11 12
7: 10 11 12
8: 5 9 15
9: 8 10 18
10: 7 9 16
11: 6 7 18
12: 6 7 15
13: 17 19 21
14: 16 17 20
15: 8 12 26
16: 10 14 26
17: 13 14 25
18: 9 11 24
19: 13 20 28
20: 14 19 23
21: 13 23 27
22: 5 24 25
23: 2 20 21
24: 4 18 22
25: 4 17 22
26: 3 15 16
27: 3 21 28
28: 2 19 27

1: 2 3 4
2: 1 27 28
3: 1 24 28
4: 1 25 26
5: 6 7 28
6: 5 21 23
7: 5 20 22
8: 12 24 26
9: 11 24 25
10: 11 15 16
11: 9 10 12
12: 8 11 13
13: 12 14 26
14: 13 15 25
15: 10 14 17
16: 10 17 18
17: 15 16 23
18: 16 19 21
19: 18 20 22
20: 7 19 27
21: 6 18 27
22: 7 19 23
23: 6 17 22
24: 3 8 9
25: 4 9 14
26: 4 8 13
27: 2 20 21
28: 2 3 5

1: 2 3 4
2: 1 26 28
3: 1 25 27
4: 1 23 24
5: 6 7 22
6: 5 14 21
7: 5 15 20
8: 10 16 18
9: 11 17 19
10: 8 13 20
11: 9 12 21
12: 11 14 16
13: 10 15 17
14: 6 12 19
15: 7 13 18
16: 8 12 28
17: 9 13 27
18: 8 15 24
19: 9 14 23
20: 7 10 24
21: 6 11 23
22: 5 25 26
23: 4 19 21
24: 4 18 20
25: 3 22 28
26: 2 22 27
27: 3 17 26
28: 2 16 25

1: 2 3 4
2: 1 25 28
3: 1 27 28
4: 1 24 26
5: 6 7 28
6: 5 26 27
7: 5 22 23
8: 9 24 27
9: 8 10 11
10: 9 20 21
11: 9 17 18
12: 14 15 19
13: 15 16 19
14: 12 20 24
15: 12 13 18
16: 13 17 18
17: 11 16 21
18: 11 15 16
19: 12 13 23
20: 10 14 23
21: 10 17 22
22: 7 21 25
23: 7 19 20
24: 4 8 14
25: 2 22 26
26: 4 6 25
27: 3 6 8
28: 2 3 5

1: 2 3 4
2: 1 25 28
3: 1 27 28
4: 1 24 26
5: 6 7 28
6: 5 26 27
7: 5 22 23
8: 9 24 27
9: 8 10 11
10: 9 18 24
11: 9 17 18
12: 13 18 19
13: 12 14 20
14: 13 15 17
15: 14 20 21
16: 17 19 21
17: 11 14 16
18: 10 11 12
19: 12 16 23
20: 13 15 23
21: 15 16 22
22: 7 21 25
23: 7 19 20
24: 4 8 10
25: 2 22 26
26: 4 6 25
27: 3 6 8
28: 2 3 5

1: 2 3 4
2: 1 25 26
3: 1 23 28
4: 1 24 27
5: 6 7 22
6: 5 17 21
7: 5 15 16
8: 9 15 17
9: 8 10 11
10: 9 14 20
11: 9 18 19
12: 13 14 20
13: 12 16 19
14: 10 12 18
15: 7 8 21
16: 7 13 17
17: 6 8 16
18: 11 14 26
19: 11 13 24
20: 10 12 24
21: 6 15 23
22: 5 23 25
23: 3 21 22
24: 4 19 20
25: 2 22 28
26: 2 18 27
27: 4 26 28
28: 3 25 27

1: 2 3 4
2: 1 23 24
3: 1 26 28
4: 1 25 27
5: 6 7 12
6: 5 9 11
7: 5 8 10
8: 7 9 21
9: 6 8 22
10: 7 11 14
11: 6 10 13
12: 5 13 14
13: 11 12 16
14: 10 12 15
15: 14 16 26
16: 13 15 25
17: 18 20 24
18: 17 19 23
19: 18 20 28
20: 17 19 27
21: 8 23 25
22: 9 24 26
23: 2 18 21
24: 2 17 22
25: 4 16 21
26: 3 15 22
27: 4 20 28
28: 3 19 27

1: 2 3 4
2: 1 27 28
3: 1 26 28
4: 1 25 27
5: 6 7 10
6: 5 9 13
7: 5 8 14
8: 7 9 12
9: 6 8 11
10: 5 11 12
11: 9 10 15
12: 8 10 16
13: 6 15 19
14: 7 16 20
15: 11 13 21
16: 12 14 22
17: 20 24 28
18: 19 23 27
19: 13 18 22
20: 14 17 21
21: 15 20 26
22: 16 19 25
23: 18 24 26
24: 17 23 25
25: 4 22 24
26: 3 21 23
27: 2 4 18
28: 2 3 17

1: 2 3 4
2: 1 23 26
3: 1 25 28
4: 1 24 27
5: 6 7 10
6: 5 9 17
7: 5 8 9
8: 7 13 19
9: 6 7 12
10: 5 11 18
11: 10 15 19
12: 9 15 17
13: 8 14 18
14: 13 20 25
15: 11 12 24
16: 20 21 28
17: 6 12 27
18: 10 13 28
19: 8 11 27
20: 14 16 26
21: 16 23 26
22: 23 24 25
23: 2 21 22
24: 4 15 22
25: 3 14 22
26: 2 20 21
27: 4 17 19
28: 3 16 18

1: 2 3 4
2: 1 25 28
3: 1 26 27
4: 1 23 24
5: 6 7 10
6: 5 8 9
7: 5 11 19
8: 6 12 20
9: 6 10 14
10: 5 9 13
11: 7 16 22
12: 8 15 21
13: 10 14 18
14: 9 13 17
15: 12 18 26
16: 11 17 25
17: 14 16 28
18: 13 15 27
19: 7 24 28
20: 8 23 27
21: 12 23 26
22: 11 24 25
23: 4 20 21
24: 4 19 22
25: 2 16 22
26: 3 15 21
27: 3 18 20
28: 2 17 19

1: 2 3 4
2: 1 27 28
3: 1 25 28
4: 1 24 26
5: 6 7 28
6: 5 23 27
7: 5 21 22
8: 20 22 23
9: 15 19 23
10: 11 12 24
11: 10 17 19
12: 10 18 20
13: 14 15 25
14: 13 19 26
15: 9 13 17
16: 18 21 25
17: 11 15 26
18: 12 16 22
19: 9 11 14
20: 8 12 21
21: 7 16 20
22: 7 8 18
23: 6 8 9
24: 4 10 27
25: 3 13 16
26: 4 14 17
27: 2 6 24
28: 2 3 5

1: 2 3 4
2: 1 24 28
3: 1 26 28
4: 1 25 27
5: 6 7 28
6: 5 23 27
7: 5 21 22
8: 16 23 25
9: 14 15 23
10: 11 12 24
11: 10 17 20
12: 10 18 19
13: 15 16 26
14: 9 16 21
15: 9 13 25
16: 8 13 14
17: 11 18 26
18: 12 17 22
19: 12 20 21
20: 11 19 22
21: 7 14 19
22: 7 18 20
23: 6 8 9
24: 2 10 27
25: 4 8 15
26: 3 13 17
27: 4 6 24
28: 2 3 5

1: 2 3 4
2: 1 27 28
3: 1 24 28
4: 1 25 26
5: 6 7 28
6: 5 26 27
7: 5 22 23
8: 13 17 24
9: 11 16 26
10: 12 16 25
11: 9 14 25
12: 10 14 24
13: 8 15 21
14: 11 12 19
15: 13 18 27
16: 9 10 19
17: 8 18 20
18: 15 17 22
19: 14 16 23
20: 17 21 23
21: 13 20 22
22: 7 18 21
23: 7 19 20
24: 3 8 12
25: 4 10 11
26: 4 6 9
27: 2 6 15
28: 2 3 5

1: 2 3 4
2: 1 26 28
3: 1 25 27
4: 1 23 24
5: 6 7 22
6: 5 10 19
7: 5 11 18
8: 10 14 16
9: 11 15 17
10: 6 8 21
11: 7 9 20
12: 17 20 27
13: 16 21 28
14: 8 18 28
15: 9 19 27
16: 8 13 26
17: 9 12 25
18: 7 14 26
19: 6 15 25
20: 11 12 24
21: 10 13 23
22: 5 23 24
23: 4 21 22
24: 4 20 22
25: 3 17 19
26: 2 16 18
27: 3 12 15
28: 2 13 14

1: 2 3 4
2: 1 27 28
3: 1 27 28
4: 1 25 26
5: 7 8 9
6: 7 8 9
7: 5 6 10
8: 5 6 10
9: 5 6 11
10: 7 8 12
11: 9 12 14
12: 10 11 13
13: 12 14 22
14: 11 13 21
15: 16 17 19
16: 15 18 20
17: 15 18 20
18: 16 17 19
19: 15 18 23
20: 16 17 23
21: 14 22 24
22: 13 21 24
23: 19 20 26
24: 21 22 26
25: 4 27 28
26: 4 23 24
27: 2 3 25
28: 2 3 25

1: 2 3 4
2: 1 27 28
3: 1 27 28
4: 1 25 26
5: 7 8 9
6: 7 8 9
7: 5 6 10
8: 5 6 10
9: 5 6 11
10: 7 8 12
11: 9 12 20
12: 10 11 19
13: 14 15 17
14: 13 16 18
15: 13 16 18
16: 14 15 17
17: 13 16 21
18: 14 15 21
19: 12 20 22
20: 11 19 22
21: 17 18 24
22: 19 20 24
23: 26 27 28
24: 21 22 25
25: 4 24 26
26: 4 23 25
27: 2 3 23
28: 2 3 23

1: 2 3 4
2: 1 25 26
3: 1 4 27
4: 1 3 28
5: 7 8 27
6: 7 8 27
7: 5 6 28
8: 5 6 28
9: 15 16 17
10: 15 16 17
11: 13 14 18
12: 13 14 18
13: 11 12 19
14: 11 12 19
15: 9 10 20
16: 9 10 20
17: 9 10 21
18: 11 12 23
19: 13 14 24
20: 15 16 22
21: 17 22 25
22: 20 21 25
23: 18 24 26
24: 19 23 26
25: 2 21 22
26: 2 23 24
27: 3 5 6
28: 4 7 8

1: 2 3 4
2: 1 27 28
3: 1 26 28
4: 1 25 28
5: 7 8 17
6: 7 8 17
7: 5 6 18
8: 5 6 18
9: 11 12 19
10: 11 12 19
11: 9 10 22
12: 9 10 22
13: 14 15 20
14: 13 16 21
15: 13 16 21
16: 14 15 20
17: 5 6 23
18: 7 8 24
19: 9 10 25
20: 13 16 26
21: 14 15 26
22: 11 12 25
23: 17 24 27
24: 18 23 27
25: 4 19 22
26: 3 20 21
27: 2 23 24
28: 2 3 4

1: 2 3 4
2: 1 23 24
3: 1 25 26
4: 1 27 28
5: 11 12 13
6: 11 12 13
7: 8 9 14
8: 7 10 15
9: 7 10 15
10: 8 9 14
11: 5 6 16
12: 5 6 16
13: 5 6 17
14: 7 10 18
15: 8 9 18
16: 11 12 17
17: 13 16 20
18: 14 15 19
19: 18 22 23
20: 17 21 23
21: 20 22 24
22: 19 21 24
23: 2 19 20
24: 2 21 22
25: 3 27 28
26: 3 27 28
27: 4 25 26
28: 4 25 26

1: 2 3 4
2: 1 27 28
3: 1 27 28
4: 1 25 26
5: 6 7 9
6: 5 8 10
7: 5 8 11
8: 6 7 12
9: 5 10 12
10: 6 9 11
11: 7 10 14
12: 8 9 14
13: 16 27 28
14: 11 12 15
15: 14 19 20
16: 13 17 18
17: 16 21 22
18: 16 21 22
19: 15 23 24
20: 15 23 24
21: 17 18 25
22: 17 18 25
23: 19 20 26
24: 19 20 26
25: 4 21 22
26: 4 23 24
27: 2 3 13
28: 2 3 13

1: 2 3 4
2: 1 27 28
3: 1 26 28
4: 1 24 25
5: 24 25 28
6: 7 23 26
7: 6 10 11
8: 10 11 27
9: 10 11 27
10: 7 8 9
11: 7 8 9
12: 13 14 26
13: 12 21 22
14: 12 21 22
15: 17 18 19
16: 17 18 19
17: 15 16 20
18: 15 16 20
19: 15 16 21
20: 17 18 22
21: 13 14 19
22: 13 14 20
23: 6 24 25
24: 4 5 23
25: 4 5 23
26: 3 6 12
27: 2 8 9
28: 2 3 5

1: 2 3 4
2: 1 26 28
3: 1 27 28
4: 1 27 28
5: 24 25 26
6: 24 25 26
7: 8 9 23
8: 7 21 22
9: 7 21 22
10: 11 12 27
11: 10 15 16
12: 10 15 16
13: 14 17 18
14: 13 17 18
15: 11 12 19
16: 11 12 19
17: 13 14 20
18: 13 14 20
19: 15 16 22
20: 17 18 21
21: 8 9 20
22: 8 9 19
23: 7 24 25
24: 5 6 23
25: 5 6 23
26: 2 5 6
27: 3 4 10
28: 2 3 4

1: 2 3 4
2: 1 26 28
3: 1 27 28
4: 1 27 28
5: 24 25 26
6: 24 25 26
7: 19 20 23
8: 21 22 23
9: 10 11 12
10: 9 11 12
11: 9 10 13
12: 9 10 14
13: 11 15 16
14: 12 17 18
15: 13 19 20
16: 13 19 20
17: 14 21 22
18: 14 21 22
19: 7 15 16
20: 7 15 16
21: 8 17 18
22: 8 17 18
23: 7 8 24
24: 5 6 23
25: 5 6 27
26: 2 5 6
27: 3 4 25
28: 2 3 4

1: 2 3 4
2: 1 27 28
3: 1 27 28
4: 1 25 26
5: 16 27 28
6: 8 10 13
7: 9 10 13
8: 6 11 12
9: 7 11 12
10: 6 7 14
11: 8 9 15
12: 8 9 15
13: 6 7 14
14: 10 13 20
15: 11 12 19
16: 5 17 18
17: 16 21 22
18: 16 21 22
19: 15 23 24
20: 14 23 24
21: 17 18 25
22: 17 18 25
23: 19 20 26
24: 19 20 26
25: 4 21 22
26: 4 23 24
27: 2 3 5
28: 2 3 5

1: 2 3 4
2: 1 27 28
3: 1 27 28
4: 1 25 26
5: 6 27 28
6: 5 11 12
7: 9 10 13
8: 9 10 13
9: 7 8 14
10: 7 8 14
11: 6 15 16
12: 6 15 16
13: 7 8 17
14: 9 10 18
15: 11 12 19
16: 11 12 20
17: 13 21 22
18: 14 21 22
19: 15 23 24
20: 16 23 24
21: 17 18 25
22: 17 18 25
23: 19 20 26
24: 19 20 26
25: 4 21 22
26: 4 23 24
27: 2 3 5
28: 2 3 5

1: 2 3 4
2: 1 27 28
3: 1 27 28
4: 1 25 26
5: 6 22 24
6: 5 9 10
7: 19 20 23
8: 19 20 23
9: 6 17 18
10: 6 17 18
11: 13 14 15
12: 13 14 15
13: 11 12 16
14: 11 12 16
15: 11 12 19
16: 13 14 20
17: 9 10 18
18: 9 10 17
19: 7 8 15
20: 7 8 16
21: 22 27 28
22: 5 21 26
23: 7 8 25
24: 5 25 26
25: 4 23 24
26: 4 22 24
27: 2 3 21
28: 2 3 21

1: 2 3 4
2: 1 24 28
3: 1 25 28
4: 1 26 27
5: 24 25 28
6: 7 8 23
7: 6 20 22
8: 6 21 22
9: 20 21 22
10: 18 19 26
11: 18 19 26
12: 14 15 16
13: 14 15 16
14: 12 13 17
15: 12 13 17
16: 12 13 18
17: 14 15 19
18: 10 11 16
19: 10 11 17
20: 7 9 27
21: 8 9 27
22: 7 8 9
23: 6 24 25
24: 2 5 23
25: 3 5 23
26: 4 10 11
27: 4 20 21
28: 2 3 5

1: 2 3 4
2: 1 24 28
3: 1 25 28
4: 1 26 27
5: 6 7 28
6: 5 22 23
7: 5 22 23
8: 9 10 24
9: 8 26 27
10: 8 26 27
11: 19 20 25
12: 19 20 25
13: 15 16 17
14: 15 16 17
15: 13 14 18
16: 13 14 18
17: 13 14 19
18: 15 16 20
19: 11 12 17
20: 11 12 18
21: 22 23 24
22: 6 7 21
23: 6 7 21
24: 2 8 21
25: 3 11 12
26: 4 9 10
27: 4 9 10
28: 2 3 5

1: 2 3 4
2: 1 27 28
3: 1 27 28
4: 1 25 26
5: 6 7 10
6: 5 8 9
7: 5 8 9
8: 6 7 28
9: 6 7 20
10: 5 11 12
11: 10 15 16
12: 10 15 16
13: 14 17 18
14: 13 17 18
15: 11 12 23
16: 11 12 23
17: 13 14 24
18: 13 14 24
19: 21 22 27
20: 9 21 22
21: 19 20 26
22: 19 20 26
23: 15 16 25
24: 17 18 25
25: 4 23 24
26: 4 21 22
27: 2 3 19
28: 2 3 8

1: 2 3 4
2: 1 27 28
3: 1 26 28
4: 1 25 28
5: 7 9 10
6: 8 9 11
7: 5 11 12
8: 6 10 12
9: 5 6 13
10: 5 8 14
11: 6 7 14
12: 7 8 13
13: 9 12 24
14: 10 11 23
15: 17 19 22
16: 18 19 22
17: 15 20 21
18: 16 20 21
19: 15 16 25
20: 17 18 26
21: 17 18 26
22: 15 16 25
23: 14 24 27
24: 13 23 27
25: 4 19 22
26: 3 20 21
27: 2 23 24
28: 2 3 4

1: 2 3 4
2: 1 25 26
3: 1 4 28
4: 1 3 27
5: 6 7 27
6: 5 18 19
7: 5 18 19
8: 10 12 15
9: 11 12 15
10: 8 13 14
11: 9 13 14
12: 8 9 16
13: 10 11 17
14: 10 11 17
15: 8 9 16
16: 12 15 19
17: 13 14 18
18: 6 7 17
19: 6 7 16
20: 23 24 27
21: 23 25 28
22: 24 26 28
23: 20 21 26
24: 20 22 25
25: 2 21 24
26: 2 22 23
27: 4 5 20
28: 3 21 22

1: 2 3 4
2: 1 27 28
3: 1 27 28
4: 1 25 26
5: 6 7 27
6: 5 20 21
7: 5 20 21
8: 10 11 22
9: 12 13 22
10: 8 12 13
11: 8 12 13
12: 9 10 11
13: 9 10 11
14: 16 17 18
15: 16 17 18
16: 14 15 19
17: 14 15 19
18: 14 15 20
19: 16 17 21
20: 6 7 18
21: 6 7 19
22: 8 9 24
23: 25 26 28
24: 22 25 26
25: 4 23 24
26: 4 23 24
27: 2 3 5
28: 2 3 23

1: 2 3 4
2: 1 26 28
3: 1 27 28
4: 1 24 25
5: 24 25 28
6: 7 8 23
7: 6 19 20
8: 6 21 22
9: 11 12 26
10: 11 12 26
11: 9 10 27
12: 9 10 27
13: 14 15 18
14: 13 16 17
15: 13 19 20
16: 14 21 22
17: 14 21 22
18: 13 19 20
19: 7 15 18
20: 7 15 18
21: 8 16 17
22: 8 16 17
23: 6 24 25
24: 4 5 23
25: 4 5 23
26: 2 9 10
27: 3 11 12
28: 2 3 5

1: 2 3 4
2: 1 27 28
3: 1 27 28
4: 1 25 26
5: 6 7 11
6: 5 8 12
7: 5 8 12
8: 6 7 11
9: 10 13 14
10: 9 13 14
11: 5 8 15
12: 6 7 15
13: 9 10 16
14: 9 10 16
15: 11 12 28
16: 13 14 27
17: 19 20 21
18: 19 20 21
19: 17 18 22
20: 17 18 22
21: 17 18 23
22: 19 20 24
23: 21 25 26
24: 22 25 26
25: 4 23 24
26: 4 23 24
27: 2 3 16
28: 2 3 15

1: 2 3 4
2: 1 27 28
3: 1 27 28
4: 1 25 26
5: 6 7 10
6: 5 8 9
7: 5 11 12
8: 6 13 14
9: 6 13 14
10: 5 11 12
11: 7 10 15
12: 7 10 15
13: 8 9 16
14: 8 9 16
15: 11 12 28
16: 13 14 27
17: 19 20 21
18: 19 20 21
19: 17 18 22
20: 17 18 22
21: 17 18 23
22: 19 20 24
23: 21 25 26
24: 22 25 26
25: 4 23 24
26: 4 23 24
27: 2 3 16
28: 2 3 15

1: 2 3 4
2: 1 25 28
3: 1 26 27
4: 1 23 24
5: 7 9 12
6: 8 9 12
7: 5 10 11
8: 6 10 11
9: 5 6 13
10: 7 8 14
11: 7 8 14
12: 5 6 13
13: 9 12 22
14: 10 11 21
15: 16 17 19
16: 15 18 20
17: 15 18 25
18: 16 17 26
19: 15 20 28
20: 16 19 27
21: 14 23 24
22: 13 23 24
23: 4 21 22
24: 4 21 22
25: 2 17 26
26: 3 18 25
27: 3 20 28
28: 2 19 27

1: 2 3 4
2: 1 27 28
3: 1 27 28
4: 1 25 26
5: 6 7 27
6: 5 8 10
7: 5 8 10
8: 6 7 9
9: 8 16 28
10: 6 7 15
11: 12 13 19
12: 11 14 20
13: 11 14 20
14: 12 13 19
15: 10 17 18
16: 9 17 18
17: 15 16 21
18: 15 16 21
19: 11 14 22
20: 12 13 22
21: 17 18 24
22: 19 20 23
23: 22 25 26
24: 21 25 26
25: 4 23 24
26: 4 23 24
27: 2 3 5
28: 2 3 9

1: 2 3 4
2: 1 27 28
3: 1 24 28
4: 1 25 26
5: 24 25 28
6: 7 8 23
7: 6 20 22
8: 6 21 22
9: 20 21 22
10: 18 19 26
11: 18 19 26
12: 14 15 16
13: 14 15 16
14: 12 13 17
15: 12 13 17
16: 12 13 18
17: 14 15 19
18: 10 11 16
19: 10 11 17
20: 7 9 27
21: 8 9 27
22: 7 8 9
23: 6 24 25
24: 3 5 23
25: 4 5 23
26: 4 10 11
27: 2 20 21
28: 2 3 5

1: 2 3 4
2: 1 27 28
3: 1 27 28
4: 1 25 26
5: 6 7 16
6: 5 14 15
7: 5 14 15
8: 10 11 12
9: 10 11 12
10: 8 9 13
11: 8 9 13
12: 8 9 14
13: 10 11 15
14: 6 7 12
15: 6 7 13
16: 5 27 28
17: 19 20 21
18: 19 20 21
19: 17 18 22
20: 17 18 22
21: 17 18 23
22: 19 20 24
23: 21 25 26
24: 22 25 26
25: 4 23 24
26: 4 23 24
27: 2 3 16
28: 2 3 16

1: 2 3 4
2: 1 26 28
3: 1 27 28
4: 1 27 28
5: 24 25 26
6: 24 25 26
7: 8 22 23
8: 7 22 23
9: 10 11 22
10: 9 20 21
11: 9 20 21
12: 13 14 17
13: 12 15 16
14: 12 15 18
15: 13 14 19
16: 13 17 19
17: 12 16 18
18: 14 17 21
19: 15 16 20
20: 10 11 19
21: 10 11 18
22: 7 8 9
23: 7 8 24
24: 5 6 23
25: 5 6 27
26: 2 5 6
27: 3 4 25
28: 2 3 4

1: 2 3 4
2: 1 27 28
3: 1 27 28
4: 1 25 26
5: 6 7 24
6: 5 22 23
7: 5 21 23
8: 21 22 23
9: 11 12 13
10: 11 12 13
11: 9 10 14
12: 9 10 14
13: 9 10 27
14: 11 12 28
15: 17 18 19
16: 17 18 19
17: 15 16 20
18: 15 16 20
19: 15 16 21
20: 17 18 22
21: 7 8 19
22: 6 8 20
23: 6 7 8
24: 5 25 26
25: 4 24 26
26: 4 24 25
27: 2 3 13
28: 2 3 14

1: 2 3 4
2: 1 27 28
3: 1 27 28
4: 1 25 26
5: 7 8 9
6: 7 8 9
7: 5 6 10
8: 5 6 10
9: 5 6 11
10: 7 8 12
11: 9 15 16
12: 10 15 16
13: 14 17 18
14: 13 17 18
15: 11 12 23
16: 11 12 23
17: 13 14 24
18: 13 14 24
19: 20 21 22
20: 19 21 22
21: 19 20 26
22: 19 20 26
23: 15 16 25
24: 17 18 25
25: 4 23 24
26: 4 21 22
27: 2 3 28
28: 2 3 27

1: 2 3 4
2: 1 27 28
3: 1 27 28
4: 1 25 26
5: 6 22 24
6: 5 7 8
7: 6 20 23
8: 6 20 23
9: 10 11 20
10: 9 18 19
11: 9 18 19
12: 14 15 16
13: 14 15 16
14: 12 13 17
15: 12 13 17
16: 12 13 18
17: 14 15 19
18: 10 11 16
19: 10 11 17
20: 7 8 9
21: 22 27 28
22: 5 21 26
23: 7 8 25
24: 5 25 26
25: 4 23 24
26: 4 22 24
27: 2 3 21
28: 2 3 21

1: 2 3 4
2: 1 27 28
3: 1 27 28
4: 1 25 26
5: 6 7 11
6: 5 8 12
7: 5 8 13
8: 6 7 14
9: 10 11 14
10: 9 12 13
11: 5 9 15
12: 6 10 16
13: 7 10 16
14: 8 9 15
15: 11 14 28
16: 12 13 27
17: 19 20 21
18: 19 20 21
19: 17 18 22
20: 17 18 22
21: 17 18 23
22: 19 20 24
23: 21 25 26
24: 22 25 26
25: 4 23 24
26: 4 23 24
27: 2 3 16
28: 2 3 15

1: 2 3 4
2: 1 27 28
3: 1 26 28
4: 1 24 25
5: 24 25 28
6: 7 8 21
7: 6 19 20
8: 6 19 20
9: 11 12 26
10: 11 12 26
11: 9 10 12
12: 9 10 11
13: 15 16 17
14: 15 16 17
15: 13 14 18
16: 13 14 18
17: 13 14 19
18: 15 16 20
19: 7 8 17
20: 7 8 18
21: 6 22 23
22: 21 24 27
23: 21 25 27
24: 4 5 22
25: 4 5 23
26: 3 9 10
27: 2 22 23
28: 2 3 5

1: 2 3 4
2: 1 23 28
3: 1 24 25
4: 1 26 27
5: 11 12 15
6: 11 12 15
7: 9 10 18
8: 9 10 18
9: 7 8 16
10: 7 8 16
11: 5 6 17
12: 5 6 17
13: 14 19 20
14: 13 19 20
15: 5 6 26
16: 9 10 27
17: 11 12 27
18: 7 8 26
19: 13 14 28
20: 13 14 28
21: 23 24 25
22: 23 24 25
23: 2 21 22
24: 3 21 22
25: 3 21 22
26: 4 15 18
27: 4 16 17
28: 2 19 20

1: 2 3 4
2: 1 27 28
3: 1 25 28
4: 1 26 28
5: 7 8 9
6: 7 8 9
7: 5 6 10
8: 5 6 10
9: 5 6 13
10: 7 8 14
11: 15 16 19
12: 15 16 20
13: 9 17 18
14: 10 17 18
15: 11 12 23
16: 11 12 23
17: 13 14 24
18: 13 14 24
19: 11 21 22
20: 12 21 22
21: 19 20 25
22: 19 20 25
23: 15 16 27
24: 17 18 26
25: 3 21 22
26: 4 24 27
27: 2 23 26
28: 2 3 4

1: 2 3 4
2: 1 27 28
3: 1 27 28
4: 1 25 26
5: 22 23 24
6: 8 9 10
7: 8 9 10
8: 6 7 11
9: 6 7 11
10: 6 7 27
11: 8 9 28
12: 14 16 19
13: 15 16 19
14: 12 17 18
15: 13 17 18
16: 12 13 20
17: 14 15 21
18: 14 15 21
19: 12 13 20
20: 16 19 23
21: 17 18 22
22: 5 21 26
23: 5 20 25
24: 5 25 26
25: 4 23 24
26: 4 22 24
27: 2 3 10
28: 2 3 11

1: 2 3 4
2: 1 27 28
3: 1 27 28
4: 1 25 26
5: 10 11 24
6: 10 11 24
7: 8 9 27
8: 7 20 21
9: 7 20 21
10: 5 6 12
11: 5 6 13
12: 10 22 23
13: 11 22 23
14: 16 17 18
15: 16 17 18
16: 14 15 19
17: 14 15 19
18: 14 15 20
19: 16 17 21
20: 8 9 18
21: 8 9 19
22: 12 13 26
23: 12 13 26
24: 5 6 25
25: 4 24 28
26: 4 22 23
27: 2 3 7
28: 2 3 25

1: 2 3 4
2: 1 25 28
3: 1 24 28
4: 1 26 27
5: 6 7 28
6: 5 22 23
7: 5 22 23
8: 14 15 16
9: 14 15 16
10: 12 13 19
11: 12 13 19
12: 10 11 17
13: 10 11 17
14: 8 9 18
15: 8 9 18
16: 8 9 24
17: 12 13 25
18: 14 15 25
19: 10 11 24
20: 22 26 27
21: 23 26 27
22: 6 7 20
23: 6 7 21
24: 3 16 19
25: 2 17 18
26: 4 20 21
27: 4 20 21
28: 2 3 5

1: 2 3 4
2: 1 27 28
3: 1 27 28
4: 1 25 26
5: 7 8 9
6: 7 8 9
7: 5 6 10
8: 5 6 10
9: 5 6 11
10: 7 8 12
11: 9 13 14
12: 10 13 14
13: 11 12 20
14: 11 12 20
15: 16 17 18
16: 15 17 18
17: 15 16 22
18: 15 16 22
19: 21 27 28
20: 13 14 21
21: 19 20 24
22: 17 18 23
23: 22 25 26
24: 21 25 26
25: 4 23 24
26: 4 23 24
27: 2 3 19
28: 2 3 19

1: 2 3 4
2: 1 27 28
3: 1 25 28
4: 1 26 28
5: 6 7 10
6: 5 8 9
7: 5 8 9
8: 6 7 14
9: 6 7 13
10: 5 11 12
11: 10 15 18
12: 10 16 17
13: 9 15 18
14: 8 16 17
15: 11 13 19
16: 12 14 20
17: 12 14 20
18: 11 13 19
19: 15 18 27
20: 16 17 27
21: 23 24 25
22: 23 24 25
23: 21 22 26
24: 21 22 26
25: 3 21 22
26: 4 23 24
27: 2 19 20
28: 2 3 4

1: 2 3 4
2: 1 25 26
3: 1 27 28
4: 1 23 24
5: 7 9 10
6: 8 9 10
7: 5 11 12
8: 6 11 12
9: 5 6 14
10: 5 6 14
11: 7 8 13
12: 7 8 13
13: 11 12 16
14: 9 10 15
15: 14 19 22
16: 13 20 21
17: 18 19 22
18: 17 20 21
19: 15 17 23
20: 16 18 24
21: 16 18 24
22: 15 17 23
23: 4 19 22
24: 4 20 21
25: 2 27 28
26: 2 27 28
27: 3 25 26
28: 3 25 26

1: 2 3 4
2: 1 27 28
3: 1 27 28
4: 1 25 26
5: 6 7 10
6: 5 8 9
7: 5 11 12
8: 6 13 14
9: 6 13 14
10: 5 11 12
11: 7 10 17
12: 7 10 17
13: 8 9 18
14: 8 9 18
15: 19 20 23
16: 23 27 28
17: 11 12 24
18: 13 14 24
19: 15 21 22
20: 15 21 22
21: 19 20 26
22: 19 20 26
23: 15 16 25
24: 17 18 25
25: 4 23 24
26: 4 21 22
27: 2 3 16
28: 2 3 16

1: 2 3 4
2: 1 27 28
3: 1 27 28
4: 1 25 26
5: 7 8 9
6: 7 8 9
7: 5 6 10
8: 5 6 10
9: 5 6 11
10: 7 8 12
11: 9 13 14
12: 10 13 14
13: 11 12 16
14: 11 12 16
15: 18 27 28
16: 13 14 17
17: 16 23 24
18: 15 21 22
19: 20 21 22
20: 19 23 24
21: 18 19 25
22: 18 19 25
23: 17 20 26
24: 17 20 26
25: 4 21 22
26: 4 23 24
27: 2 3 15
28: 2 3 15

1: 2 3 4
2: 1 27 28
3: 1 23 24
4: 1 25 26
5: 7 8 9
6: 7 8 9
7: 5 6 10
8: 5 6 10
9: 5 6 19
10: 7 8 20
11: 12 13 18
12: 11 14 15
13: 11 14 15
14: 12 13 17
15: 12 13 17
16: 21 22 28
17: 14 15 27
18: 11 27 28
19: 9 25 26
20: 10 25 26
21: 16 23 24
22: 16 23 24
23: 3 21 22
24: 3 21 22
25: 4 19 20
26: 4 19 20
27: 2 17 18
28: 2 16 18

1: 2 3 4
2: 1 27 28
3: 1 26 28
4: 1 25 28
5: 7 8 11
6: 9 10 11
7: 5 9 10
8: 5 9 10
9: 6 7 8
10: 6 7 8
11: 5 6 16
12: 13 14 15
13: 12 21 22
14: 12 21 22
15: 12 23 24
16: 11 19 20
17: 18 23 24
18: 17 19 20
19: 16 18 27
20: 16 18 27
21: 13 14 25
22: 13 14 25
23: 15 17 26
24: 15 17 26
25: 4 21 22
26: 3 23 24
27: 2 19 20
28: 2 3 4

1: 2 3 4
2: 1 23 26
3: 1 24 25
4: 1 27 28
5: 6 7 16
6: 5 12 13
7: 5 12 13
8: 10 11 14
9: 10 11 14
10: 8 9 15
11: 8 9 15
12: 6 7 13
13: 6 7 12
14: 8 9 19
15: 10 11 20
16: 5 17 18
17: 16 23 26
18: 16 24 25
19: 14 27 28
20: 15 27 28
21: 22 23 26
22: 21 24 25
23: 2 17 21
24: 3 18 22
25: 3 18 22
26: 2 17 21
27: 4 19 20
28: 4 19 20

1: 2 3 4
2: 1 27 28
3: 1 25 28
4: 1 26 28
5: 7 8 10
6: 7 8 10
7: 5 6 9
8: 5 6 9
9: 7 8 12
10: 5 6 11
11: 10 15 18
12: 9 16 17
13: 14 15 18
14: 13 16 17
15: 11 13 19
16: 12 14 20
17: 12 14 20
18: 11 13 19
19: 15 18 27
20: 16 17 27
21: 23 24 25
22: 23 24 25
23: 21 22 26
24: 21 22 26
25: 3 21 22
26: 4 23 24
27: 2 19 20
28: 2 3 4

1: 2 3 4
2: 1 27 28
3: 1 27 28
4: 1 25 26
5: 6 7 16
6: 5 14 15
7: 5 14 15
8: 9 10 13
9: 8 11 12
10: 8 11 12
11: 9 10 12
12: 9 10 11
13: 8 14 15
14: 6 7 13
15: 6 7 13
16: 5 27 28
17: 19 20 21
18: 19 20 21
19: 17 18 22
20: 17 18 22
21: 17 18 23
22: 19 20 24
23: 21 25 26
24: 22 25 26
25: 4 23 24
26: 4 23 24
27: 2 3 16
28: 2 3 16

1: 2 3 4
2: 1 27 28
3: 1 23 24
4: 1 25 26
5: 6 7 10
6: 5 8 9
7: 5 8 9
8: 6 7 9
9: 6 7 8
10: 5 11 12
11: 10 12 13
12: 10 11 14
13: 11 17 18
14: 12 17 18
15: 19 22 27
16: 20 21 27
17: 13 14 28
18: 13 14 28
19: 15 23 24
20: 16 25 26
21: 16 25 26
22: 15 23 24
23: 3 19 22
24: 3 19 22
25: 4 20 21
26: 4 20 21
27: 2 15 16
28: 2 17 18

1: 2 3 4
2: 1 27 28
3: 1 27 28
4: 1 25 26
5: 6 7 10
6: 5 8 9
7: 5 11 12
8: 6 13 14
9: 6 13 14
10: 5 11 12
11: 7 10 15
12: 7 10 16
13: 8 9 15
14: 8 9 16
15: 11 13 27
16: 12 14 28
17: 19 20 21
18: 19 20 21
19: 17 18 22
20: 17 18 22
21: 17 18 23
22: 19 20 24
23: 21 25 26
24: 22 25 26
25: 4 23 24
26: 4 23 24
27: 2 3 15
28: 2 3 16

1: 2 3 4
2: 1 23 24
3: 1 25 26
4: 1 27 28
5: 6 7 10
6: 5 8 9
7: 5 8 9
8: 6 7 15
9: 6 7 16
10: 5 11 12
11: 10 13 14
12: 10 13 14
13: 11 12 21
14: 11 12 22
15: 8 17 18
16: 9 19 20
17: 15 23 24
18: 15 23 24
19: 16 25 26
20: 16 25 26
21: 13 27 28
22: 14 27 28
23: 2 17 18
24: 2 17 18
25: 3 19 20
26: 3 19 20
27: 4 21 22
28: 4 21 22

1: 2 3 4
2: 1 27 28
3: 1 27 28
4: 1 25 26
5: 6 7 16
6: 5 12 13
7: 5 12 13
8: 10 11 14
9: 10 11 14
10: 8 9 15
11: 8 9 15
12: 6 7 13
13: 6 7 12
14: 8 9 19
15: 10 11 20
16: 5 17 18
17: 16 21 22
18: 16 21 22
19: 14 23 24
20: 15 23 24
21: 17 18 25
22: 17 18 25
23: 19 20 26
24: 19 20 26
25: 4 21 22
26: 4 23 24
27: 2 3 28
28: 2 3 27

1: 2 3 4
2: 1 23 26
3: 1 24 25
4: 1 27 28
5: 6 7 16
6: 5 14 15
7: 5 14 15
8: 10 11 12
9: 10 11 12
10: 8 9 13
11: 8 9 13
12: 8 9 14
13: 10 11 15
14: 6 7 12
15: 6 7 13
16: 5 17 18
17: 16 27 28
18: 16 27 28
19: 20 23 26
20: 19 23 26
21: 22 24 25
22: 21 24 25
23: 2 19 20
24: 3 21 22
25: 3 21 22
26: 2 19 20
27: 4 17 18
28: 4 17 18

1: 2 3 4
2: 1 23 26
3: 1 24 25
4: 1 27 28
5: 9 10 21
6: 11 12 22
7: 11 12 22
8: 9 10 21
9: 5 8 10
10: 5 8 9
11: 6 7 12
12: 6 7 11
13: 19 20 23
14: 19 20 23
15: 17 18 26
16: 17 18 26
17: 15 16 24
18: 15 16 24
19: 13 14 25
20: 13 14 25
21: 5 8 28
22: 6 7 27
23: 2 13 14
24: 3 17 18
25: 3 19 20
26: 2 15 16
27: 4 22 28
28: 4 21 27

1: 2 3 4
2: 1 25 28
3: 1 27 28
4: 1 26 28
5: 7 8 9
6: 7 8 9
7: 5 6 10
8: 5 6 10
9: 5 6 15
10: 7 8 16
11: 12 13 14
12: 11 13 14
13: 11 12 24
14: 11 12 24
15: 9 22 23
16: 10 22 23
17: 19 20 21
18: 19 20 21
19: 17 18 25
20: 17 18 26
21: 17 18 26
22: 15 16 27
23: 15 16 27
24: 13 14 25
25: 2 19 24
26: 4 20 21
27: 3 22 23
28: 2 3 4

1: 2 3 4
2: 1 27 28
3: 1 27 28
4: 1 25 26
5: 7 8 9
6: 7 8 9
7: 5 6 10
8: 5 6 10
9: 5 6 11
10: 7 8 12
11: 9 12 28
12: 10 11 27
13: 19 20 21
14: 19 20 21
15: 17 18 24
16: 17 18 24
17: 15 16 22
18: 15 16 22
19: 13 14 23
20: 13 14 23
21: 13 14 25
22: 17 18 26
23: 19 20 26
24: 15 16 25
25: 4 21 24
26: 4 22 23
27: 2 3 12
28: 2 3 11

1: 2 3 4
2: 1 4 28
3: 1 4 28
4: 1 2 3
5: 6 7 28
6: 5 26 27
7: 5 24 25
8: 10 11 12
9: 10 11 12
10: 8 9 13
11: 8 9 13
12: 8 9 16
13: 10 11 17
14: 18 19 22
15: 18 19 23
16: 12 20 21
17: 13 20 21
18: 14 15 26
19: 14 15 26
20: 16 17 27
21: 16 17 27
22: 14 24 25
23: 15 24 25
24: 7 22 23
25: 7 22 23
26: 6 18 19
27: 6 20 21
28: 2 3 5

1: 2 3 4
2: 1 23 26
3: 1 24 25
4: 1 27 28
5: 6 7 16
6: 5 14 15
7: 5 14 15
8: 10 11 12
9: 10 11 12
10: 8 9 13
11: 8 9 13
12: 8 9 14
13: 10 11 15
14: 6 7 12
15: 6 7 13
16: 5 17 18
17: 16 27 28
18: 16 27 28
19: 21 23 26
20: 22 23 26
21: 19 24 25
22: 20 24 25
23: 2 19 20
24: 3 21 22
25: 3 21 22
26: 2 19 20
27: 4 17 18
28: 4 17 18

1: 2 3 4
2: 1 27 28
3: 1 27 28
4: 1 25 26
5: 7 13 24
6: 7 13 24
7: 5 6 27
8: 9 10 13
9: 8 11 12
10: 8 11 12
11: 9 10 12
12: 9 10 11
13: 5 6 8
14: 16 17 18
15: 16 17 18
16: 14 15 19
17: 14 15 19
18: 14 15 20
19: 16 17 21
20: 18 22 23
21: 19 22 23
22: 20 21 26
23: 20 21 26
24: 5 6 25
25: 4 24 28
26: 4 22 23
27: 2 3 7
28: 2 3 25

1: 2 3 4
2: 1 27 28
3: 1 27 28
4: 1 25 26
5: 6 7 12
6: 5 8 9
7: 5 10 11
8: 6 10 11
9: 6 10 11
10: 7 8 9
11: 7 8 9
12: 5 27 28
13: 15 17 20
14: 16 17 20
15: 13 18 19
16: 14 18 19
17: 13 14 21
18: 15 16 22
19: 15 16 22
20: 13 14 21
21: 17 20 24
22: 18 19 23
23: 22 25 26
24: 21 25 26
25: 4 23 24
26: 4 23 24
27: 2 3 12
28: 2 3 12

1: 2 3 4
2: 1 24 28
3: 1 26 28
4: 1 25 27
5: 6 7 28
6: 5 22 23
7: 5 22 23
8: 9 10 24
9: 8 26 27
10: 8 26 27
11: 19 20 25
12: 19 20 25
13: 15 16 17
14: 15 16 17
15: 13 14 18
16: 13 14 18
17: 13 14 19
18: 15 16 20
19: 11 12 17
20: 11 12 18
21: 22 23 24
22: 6 7 21
23: 6 7 21
24: 2 8 21
25: 4 11 12
26: 3 9 10
27: 4 9 10
28: 2 3 5

1: 2 3 4
2: 1 27 28
3: 1 27 28
4: 1 25 26
5: 7 8 9
6: 7 8 9
7: 5 6 8
8: 5 6 7
9: 5 6 11
10: 11 12 13
11: 9 10 15
12: 10 14 16
13: 10 14 16
14: 12 13 15
15: 11 14 28
16: 12 13 27
17: 19 20 21
18: 19 20 21
19: 17 18 22
20: 17 18 22
21: 17 18 23
22: 19 20 24
23: 21 25 26
24: 22 25 26
25: 4 23 24
26: 4 23 24
27: 2 3 16
28: 2 3 15

1: 2 3 4
2: 1 4 28
3: 1 4 28
4: 1 2 3
5: 6 7 28
6: 5 26 27
7: 5 26 27
8: 9 10 19
9: 8 17 18
10: 8 17 18
11: 13 14 15
12: 13 14 15
13: 11 12 16
14: 11 12 16
15: 11 12 17
16: 13 14 18
17: 9 10 15
18: 9 10 16
19: 8 20 21
20: 19 22 23
21: 19 22 23
22: 20 21 24
23: 20 21 25
24: 22 25 26
25: 23 24 27
26: 6 7 24
27: 6 7 25
28: 2 3 5

1: 2 3 4
2: 1 27 28
3: 1 26 28
4: 1 25 27
5: 7 8 9
6: 7 8 9
7: 5 6 10
8: 5 6 10
9: 5 6 11
10: 7 8 12
11: 9 13 14
12: 10 13 14
13: 11 12 16
14: 11 12 16
15: 18 27 28
16: 13 14 17
17: 16 21 22
18: 15 21 22
19: 20 23 24
20: 19 23 24
21: 17 18 25
22: 17 18 25
23: 19 20 26
24: 19 20 26
25: 4 21 22
26: 3 23 24
27: 2 4 15
28: 2 3 15

1: 2 3 4
2: 1 27 28
3: 1 27 28
4: 1 25 26
5: 7 8 9
6: 7 8 9
7: 5 6 10
8: 5 6 10
9: 5 6 11
10: 7 8 12
11: 9 15 16
12: 10 15 16
13: 14 17 18
14: 13 17 18
15: 11 12 23
16: 11 12 23
17: 13 14 24
18: 13 14 24
19: 21 22 27
20: 21 22 28
21: 19 20 26
22: 19 20 26
23: 15 16 25
24: 17 18 25
25: 4 23 24
26: 4 21 22
27: 2 3 19
28: 2 3 20

1: 2 3 4
2: 1 27 28
3: 1 27 28
4: 1 25 26
5: 6 7 11
6: 5 8 12
7: 5 8 12
8: 6 7 11
9: 13 14 28
10: 13 14 16
11: 5 8 19
12: 6 7 19
13: 9 10 20
14: 9 10 20
15: 17 18 27
16: 10 17 18
17: 15 16 22
18: 15 16 22
19: 11 12 21
20: 13 14 21
21: 19 20 24
22: 17 18 23
23: 22 25 26
24: 21 25 26
25: 4 23 24
26: 4 23 24
27: 2 3 15
28: 2 3 9

1: 2 3 4
2: 1 27 28
3: 1 27 28
4: 1 25 26
5: 6 7 20
6: 5 16 19
7: 5 17 18
8: 14 15 16
9: 14 15 16
10: 12 13 19
11: 12 13 19
12: 10 11 17
13: 10 11 17
14: 8 9 18
15: 8 9 18
16: 6 8 9
17: 7 12 13
18: 7 14 15
19: 6 10 11
20: 5 21 22
21: 20 23 27
22: 20 24 28
23: 21 25 26
24: 22 25 26
25: 4 23 24
26: 4 23 24
27: 2 3 21
28: 2 3 22

1: 2 3 4
2: 1 27 28
3: 1 25 28
4: 1 26 28
5: 6 7 9
6: 5 8 14
7: 5 8 14
8: 6 7 13
9: 5 11 12
10: 11 12 13
11: 9 10 16
12: 9 10 16
13: 8 10 15
14: 6 7 15
15: 13 14 18
16: 11 12 17
17: 16 19 20
18: 15 19 20
19: 17 18 27
20: 17 18 27
21: 23 24 25
22: 23 24 25
23: 21 22 26
24: 21 22 26
25: 3 21 22
26: 4 23 24
27: 2 19 20
28: 2 3 4

1: 2 3 4
2: 1 27 28
3: 1 27 28
4: 1 25 26
5: 6 7 10
6: 5 8 9
7: 5 11 12
8: 6 11 12
9: 6 13 14
10: 5 13 14
11: 7 8 15
12: 7 8 15
13: 9 10 16
14: 9 10 16
15: 11 12 28
16: 13 14 27
17: 19 20 21
18: 19 20 21
19: 17 18 22
20: 17 18 22
21: 17 18 23
22: 19 20 24
23: 21 25 26
24: 22 25 26
25: 4 23 24
26: 4 23 24
27: 2 3 16
28: 2 3 15

1: 2 3 4
2: 1 27 28
3: 1 26 28
4: 1 25 27
5: 6 7 16
6: 5 14 15
7: 5 14 15
8: 10 11 12
9: 10 11 12
10: 8 9 13
11: 8 9 13
12: 8 9 14
13: 10 11 15
14: 6 7 12
15: 6 7 13
16: 5 17 18
17: 16 21 24
18: 16 22 23
19: 21 24 28
20: 22 23 27
21: 17 19 25
22: 18 20 26
23: 18 20 26
24: 17 19 25
25: 4 21 24
26: 3 22 23
27: 2 4 20
28: 2 3 19

1: 2 3 4
2: 1 25 28
3: 1 27 28
4: 1 26 28
5: 7 8 9
6: 7 8 9
7: 5 6 10
8: 5 6 10
9: 5 6 11
10: 7 8 12
11: 9 13 14
12: 10 13 14
13: 11 12 16
14: 11 12 16
15: 17 18 22
16: 13 14 21
17: 15 19 20
18: 15 19 20
19: 17 18 27
20: 17 18 27
21: 16 24 26
22: 15 23 25
23: 22 24 26
24: 21 23 25
25: 2 22 24
26: 4 21 23
27: 3 19 20
28: 2 3 4

1: 2 3 4
2: 1 23 24
3: 1 25 26
4: 1 27 28
5: 7 8 9
6: 7 8 9
7: 5 6 8
8: 5 6 7
9: 5 6 18
10: 11 19 22
11: 10 20 21
12: 14 15 16
13: 14 15 16
14: 12 13 17
15: 12 13 17
16: 12 13 27
17: 14 15 28
18: 9 27 28
19: 10 23 24
20: 11 25 26
21: 11 25 26
22: 10 23 24
23: 2 19 22
24: 2 19 22
25: 3 20 21
26: 3 20 21
27: 4 16 18
28: 4 17 18

1: 2 3 4
2: 1 27 28
3: 1 27 28
4: 1 25 26
5: 7 8 9
6: 7 8 9
7: 5 6 10
8: 5 6 10
9: 5 6 19
10: 7 8 20
11: 15 18 28
12: 16 17 27
13: 14 15 18
14: 13 16 17
15: 11 13 23
16: 12 14 24
17: 12 14 24
18: 11 13 23
19: 9 21 22
20: 10 21 22
21: 19 20 25
22: 19 20 25
23: 15 18 26
24: 16 17 26
25: 4 21 22
26: 4 23 24
27: 2 3 12
28: 2 3 11

1: 2 3 4
2: 1 27 28
3: 1 25 28
4: 1 26 28
5: 6 7 18
6: 5 14 15
7: 5 16 17
8: 9 23 24
9: 8 12 13
10: 11 14 15
11: 10 14 15
12: 9 16 17
13: 9 16 17
14: 6 10 11
15: 6 10 11
16: 7 12 13
17: 7 12 13
18: 5 19 20
19: 18 21 22
20: 18 21 22
21: 19 20 27
22: 19 20 27
23: 8 25 26
24: 8 25 26
25: 3 23 24
26: 4 23 24
27: 2 21 22
28: 2 3 4

1: 2 3 4
2: 1 26 28
3: 1 27 28
4: 1 24 25
5: 6 7 24
6: 5 25 26
7: 5 25 27
8: 9 10 23
9: 8 21 22
10: 8 21 22
11: 13 15 18
12: 14 15 18
13: 11 16 17
14: 12 16 17
15: 11 12 19
16: 13 14 20
17: 13 14 20
18: 11 12 19
19: 15 18 22
20: 16 17 21
21: 9 10 20
22: 9 10 19
23: 8 26 27
24: 4 5 28
25: 4 6 7
26: 2 6 23
27: 3 7 23
28: 2 3 24

1: 2 3 4
2: 1 27 28
3: 1 27 28
4: 1 25 26
5: 7 12 24
6: 7 13 24
7: 5 6 27
8: 10 11 12
9: 10 11 12
10: 8 9 13
11: 8 9 13
12: 5 8 9
13: 6 10 11
14: 16 17 18
15: 16 17 18
16: 14 15 19
17: 14 15 19
18: 14 15 20
19: 16 17 21
20: 18 22 23
21: 19 22 23
22: 20 21 26
23: 20 21 26
24: 5 6 25
25: 4 24 28
26: 4 22 23
27: 2 3 7
28: 2 3 25

1: 2 3 4
2: 1 4 28
3: 1 4 28
4: 1 2 3
5: 6 7 28
6: 5 24 25
7: 5 26 27
8: 14 15 16
9: 14 15 16
10: 12 13 17
11: 12 13 17
12: 10 11 18
13: 10 11 18
14: 8 9 19
15: 8 9 19
16: 8 9 20
17: 10 11 22
18: 12 13 23
19: 14 15 21
20: 16 24 25
21: 19 24 25
22: 17 26 27
23: 18 26 27
24: 6 20 21
25: 6 20 21
26: 7 22 23
27: 7 22 23
28: 2 3 5

1: 2 3 4
2: 1 27 28
3: 1 27 28
4: 1 25 26
5: 7 8 9
6: 7 8 9
7: 5 6 10
8: 5 6 10
9: 5 6 11
10: 7 8 12
11: 9 15 16
12: 10 15 16
13: 14 17 18
14: 13 17 18
15: 11 12 19
16: 11 12 19
17: 13 14 20
18: 13 14 20
19: 15 16 22
20: 17 18 21
21: 20 22 24
22: 19 21 23
23: 22 25 26
24: 21 25 26
25: 4 23 24
26: 4 23 24
27: 2 3 28
28: 2 3 27

1: 2 3 4
2: 1 27 28
3: 1 27 28
4: 1 25 26
5: 22 23 24
6: 8 9 10
7: 8 9 10
8: 6 7 11
9: 6 7 11
10: 6 7 12
11: 8 9 13
12: 10 16 17
13: 11 16 17
14: 15 18 19
15: 14 18 19
16: 12 13 20
17: 12 13 20
18: 14 15 21
19: 14 15 21
20: 16 17 23
21: 18 19 22
22: 5 21 26
23: 5 20 25
24: 5 25 26
25: 4 23 24
26: 4 22 24
27: 2 3 28
28: 2 3 27

1: 2 3 4
2: 1 27 28
3: 1 27 28
4: 1 25 26
5: 10 11 24
6: 10 11 24
7: 8 9 27
8: 7 20 21
9: 7 20 21
10: 5 6 11
11: 5 6 10
12: 13 22 23
13: 12 22 23
14: 16 17 18
15: 16 17 18
16: 14 15 19
17: 14 15 19
18: 14 15 20
19: 16 17 21
20: 8 9 18
21: 8 9 19
22: 12 13 26
23: 12 13 26
24: 5 6 25
25: 4 24 28
26: 4 22 23
27: 2 3 7
28: 2 3 25

1: 2 3 4
2: 1 27 28
3: 1 25 28
4: 1 26 28
5: 11 12 13
6: 11 12 13
7: 9 10 16
8: 9 10 16
9: 7 8 14
10: 7 8 14
11: 5 6 15
12: 5 6 15
13: 5 6 17
14: 9 10 18
15: 11 12 18
16: 7 8 17
17: 13 16 24
18: 14 15 23
19: 20 21 22
20: 19 21 22
21: 19 20 27
22: 19 20 27
23: 18 25 26
24: 17 25 26
25: 3 23 24
26: 4 23 24
27: 2 21 22
28: 2 3 4

1: 2 3 4
2: 1 23 28
3: 1 24 27
4: 1 25 26
5: 8 11 20
6: 9 12 21
7: 10 13 22
8: 5 9 15
9: 6 8 16
10: 7 11 19
11: 5 10 14
12: 6 13 17
13: 7 12 18
14: 11 15 23
15: 8 14 24
16: 9 17 25
17: 12 16 28
18: 13 19 27
19: 10 18 26
20: 5 23 24
21: 6 25 28
22: 7 26 27
23: 2 14 20
24: 3 15 20
25: 4 16 21
26: 4 19 22
27: 3 18 22
28: 2 17 21

1: 2 3 4
2: 1 25 27
3: 1 26 28
4: 1 23 24
5: 9 10 22
6: 11 12 21
7: 8 13 14
8: 7 15 16
9: 5 13 17
10: 5 14 20
11: 6 15 18
12: 6 16 19
13: 7 9 20
14: 7 10 17
15: 8 11 19
16: 8 12 18
17: 9 14 23
18: 11 16 24
19: 12 15 24
20: 10 13 23
21: 6 27 28
22: 5 25 26
23: 4 17 20
24: 4 18 19
25: 2 22 28
26: 3 22 27
27: 2 21 26
28: 3 21 25

1: 2 3 4
2: 1 23 26
3: 1 24 27
4: 1 25 28
5: 6 7 22
6: 5 18 21
7: 5 19 20
8: 9 12 14
9: 8 13 15
10: 11 12 15
11: 10 13 14
12: 8 10 17
13: 9 11 17
14: 8 11 16
15: 9 10 16
16: 14 15 18
17: 12 13 19
18: 6 16 20
19: 7 17 21
20: 7 18 23
21: 6 19 23
22: 5 24 25
23: 2 20 21
24: 3 22 28
25: 4 22 27
26: 2 27 28
27: 3 25 26
28: 4 24 26

1: 2 3 4
2: 1 27 28
3: 1 23 25
4: 1 24 26
5: 7 9 10
6: 8 11 12
7: 5 15 16
8: 6 13 14
9: 5 11 17
10: 5 12 18
11: 6 9 18
12: 6 10 17
13: 8 15 19
14: 8 16 20
15: 7 13 20
16: 7 14 19
17: 9 12 22
18: 10 11 22
19: 13 16 21
20: 14 15 21
21: 19 20 23
22: 17 18 24
23: 3 21 27
24: 4 22 28
25: 3 26 28
26: 4 25 27
27: 2 23 26
28: 2 24 25

1: 2 3 4
2: 1 26 27
3: 1 4 28
4: 1 3 28
5: 6 7 28
6: 5 22 23
7: 5 24 25
8: 9 12 14
9: 8 13 15
10: 11 12 15
11: 10 13 14
12: 8 10 17
13: 9 11 17
14: 8 11 16
15: 9 10 16
16: 14 15 20
17: 12 13 21
18: 20 23 26
19: 21 22 26
20: 16 18 22
21: 17 19 23
22: 6 19 20
23: 6 18 21
24: 7 25 27
25: 7 24 27
26: 2 18 19
27: 2 24 25
28: 3 4 5

1: 2 3 4
2: 1 25 27
3: 1 26 28
4: 1 23 24
5: 6 7 14
6: 5 10 12
7: 5 11 13
8: 10 11 21
9: 12 13 22
10: 6 8 13
11: 7 8 12
12: 6 9 11
13: 7 9 10
14: 5 15 16
15: 14 17 18
16: 14 19 20
17: 15 18 23
18: 15 17 23
19: 16 20 24
20: 16 19 24
21: 8 27 28
22: 9 25 26
23: 4 17 18
24: 4 19 20
25: 2 22 28
26: 3 22 27
27: 2 21 26
28: 3 21 25

1: 2 3 4
2: 1 25 26
3: 1 27 28
4: 1 23 24
5: 6 11 16
6: 5 11 16
7: 8 12 13
8: 7 12 13
9: 10 14 15
10: 9 14 15
11: 5 6 17
12: 7 8 17
13: 7 8 19
14: 9 10 19
15: 9 10 18
16: 5 6 18
17: 11 12 20
18: 15 16 22
19: 13 14 21
20: 17 23 24
21: 19 27 28
22: 18 25 26
23: 4 20 24
24: 4 20 23
25: 2 22 26
26: 2 22 25
27: 3 21 28
28: 3 21 27

1: 2 3 4
2: 1 26 27
3: 1 4 28
4: 1 3 28
5: 6 7 28
6: 5 22 23
7: 5 24 25
8: 9 10 21
9: 8 17 20
10: 8 18 19
11: 12 13 14
12: 11 13 26
13: 11 12 26
14: 11 15 16
15: 14 17 19
16: 14 18 20
17: 9 15 18
18: 10 16 17
19: 10 15 20
20: 9 16 19
21: 8 24 25
22: 6 23 27
23: 6 22 27
24: 7 21 25
25: 7 21 24
26: 2 12 13
27: 2 22 23
28: 3 4 5

1: 2 3 4
2: 1 26 27
3: 1 4 28
4: 1 3 28
5: 6 7 28
6: 5 22 25
7: 5 23 24
8: 9 10 19
9: 8 10 18
10: 8 9 18
11: 12 13 18
12: 11 14 16
13: 11 15 17
14: 12 15 26
15: 13 14 27
16: 12 17 27
17: 13 16 26
18: 9 10 11
19: 8 20 21
20: 19 22 24
21: 19 23 25
22: 6 20 23
23: 7 21 22
24: 7 20 25
25: 6 21 24
26: 2 14 17
27: 2 15 16
28: 3 4 5

1: 2 3 4
2: 1 26 27
3: 1 4 28
4: 1 3 28
5: 6 7 28
6: 5 22 23
7: 5 24 25
8: 9 12 14
9: 8 12 14
10: 11 13 15
11: 10 13 15
12: 8 9 17
13: 10 11 17
14: 8 9 16
15: 10 11 16
16: 14 15 20
17: 12 13 21
18: 20 23 26
19: 21 22 26
20: 16 18 22
21: 17 19 23
22: 6 19 20
23: 6 18 21
24: 7 25 27
25: 7 24 27
26: 2 18 19
27: 2 24 25
28: 3 4 5

1: 2 3 4
2: 1 26 27
3: 1 4 28
4: 1 3 28
5: 6 7 28
6: 5 22 23
7: 5 24 25
8: 9 10 21
9: 8 17 18
10: 8 19 20
11: 12 13 14
12: 11 13 26
13: 11 12 26
14: 11 15 16
15: 14 17 18
16: 14 19 20
17: 9 15 18
18: 9 15 17
19: 10 16 20
20: 10 16 19
21: 8 24 25
22: 6 23 27
23: 6 22 27
24: 7 21 25
25: 7 21 24
26: 2 12 13
27: 2 22 23
28: 3 4 5

