1: 76
2: 54
3: 58
4: 61
5: 67
6: 64
7: 65
8: 66
9: 60
10: 59
11: 57
12: 56
13: 29
14: 30
15: 31
16: 32
17: 33
18: 36
19: 37
20: 38
21: 41
22: 39
23: 40
24: 34
25: 35
26: 47
27: 43
28: 69 73
29: 13 74
30: 14 67
31: 15 64
32: 16 65
33: 17 66
34: 24 68
35: 25 68
36: 18 70
37: 19 70
38: 20 71
39: 22 72
40: 23 72
41: 21 71
42: 50 77
43: 27 53
44: 45 69
45: 44 73
46: 47 74
47: 26 46
48: 49 63
49: 48 62
50: 42 51
51: 50 52
52: 51 53
53: 43 52
54: 2 58 77
55: 62 63 74
56: 12 63 76
57: 11 61 76
58: 3 54 65
59: 10 61 67
60: 9 66 73
61: 4 57 59
62: 49 55 75
63: 48 55 56
64: 6 31 76
65: 7 32 58
66: 8 33 60
67: 5 30 59
68: 34 35 77
69: 28 44 77
70: 36 37 75
71: 38 41 75
72: 39 40 75
73: 28 45 60
74: 29 46 55
75: 62 70 71 72
76: 1 56 57 64
77: 42 54 68 69

