1: 11 13 39
2: 12 14 40
3: 4 15 16
4: 3 17 18
5: 16 18 30
6: 15 17 29
7: 9 12 36
8: 10 11 35
9: 7 14 28
10: 8 13 27
11: 1 8 31
12: 2 7 32
13: 1 10 23
14: 2 9 24
15: 3 6 33
16: 3 5 34
17: 4 6 26
18: 4 5 25
19: 22 27 30
20: 21 28 29
21: 20 24 26
22: 19 23 25
23: 13 22 44
24: 14 21 43
25: 18 22 50
26: 17 21 50
27: 10 19 49
28: 9 20 48
29: 6 20 47
30: 5 19 46
31: 11 38 42
32: 12 37 41
33: 15 34 47
34: 16 33 46
35: 8 38 49
36: 7 37 48
37: 32 36 45
38: 31 35 45
39: 1 42 44
40: 2 41 43
41: 32 40 53
42: 31 39 53
43: 24 40 52
44: 23 39 52
45: 37 38 53
46: 30 34 51
47: 29 33 51
48: 28 36 51
49: 27 35 51
50: 25 26 52
51: 46 47 48 49
52: 43 44 50 53
53: 41 42 45 52

1: 2 30 40
2: 1 3 26
3: 2 4 31
4: 3 32 33
5: 7 15 39
6: 7 8 38
7: 5 6 23
8: 6 21 22
9: 13 17 36
10: 14 16 17
11: 18 29 35
12: 14 15 18
13: 9 14 29
14: 10 12 13
15: 5 12 16
16: 10 15 25
17: 9 10 24
18: 11 12 23
19: 20 21 34
20: 19 22 35
21: 8 19 37
22: 8 20 23
23: 7 18 22
24: 17 25 28
25: 16 24 27
26: 2 32 41
27: 25 39 42
28: 24 36 42
29: 11 13 50
30: 1 31 49
31: 3 30 43
32: 4 26 46
33: 4 34 43
34: 19 33 44
35: 11 20 44
36: 9 28 48
37: 21 38 46
38: 6 37 45
39: 5 27 45
40: 1 41 47
41: 26 40 52
42: 27 28 53
43: 31 33 51
44: 34 35 51
45: 38 39 52
46: 32 37 52
47: 40 49 53
48: 36 50 53
49: 30 47 51
50: 29 48 51
51: 43 44 49 50
52: 41 45 46 53
53: 42 47 48 52

1: 2 3 50
2: 1 33 49
3: 1 32 38
4: 5 6 49
5: 4 31 33
6: 4 30 48
7: 8 9 33
8: 7 29 31
9: 7 27 28
10: 29 30 47
11: 27 29 45
12: 20 28 32
13: 16 19 28
14: 32 34 35
15: 16 17 27
16: 13 15 26
17: 15 24 25
18: 21 23 37
19: 13 21 36
20: 12 34 36
21: 18 19 26
22: 23 24 46
23: 18 22 25
24: 17 22 45
25: 17 23 26
26: 16 21 25
27: 9 11 15
28: 9 12 13
29: 8 10 11
30: 6 10 31
31: 5 8 30
32: 3 12 14
33: 2 5 7
34: 14 20 42
35: 14 38 41
36: 19 20 40
37: 18 40 46
38: 3 35 39
39: 38 44 50
40: 36 37 43
41: 35 42 44
42: 34 41 43
43: 40 42 53
44: 39 41 53
45: 11 24 52
46: 22 37 52
47: 10 48 52
48: 6 47 51
49: 2 4 51
50: 1 39 51
51: 48 49 50 53
52: 45 46 47 53
53: 43 44 51 52

1: 8 12 17
2: 7 11 14
3: 8 13 15
4: 5 6 17
5: 4 7 21
6: 4 8 16
7: 2 5 20
8: 1 3 6
9: 10 14 29
10: 9 18 32
11: 2 19 24
12: 1 13 28
13: 3 12 33
14: 2 9 25
15: 3 16 34
16: 6 15 23
17: 1 4 22
18: 10 27 30
19: 11 26 31
20: 7 22 25
21: 5 23 24
22: 17 20 41
23: 16 21 46
24: 11 21 45
25: 14 20 42
26: 19 37 45
27: 18 38 43
28: 12 35 41
29: 9 30 42
30: 18 29 39
31: 19 32 40
32: 10 31 43
33: 13 34 44
34: 15 33 46
35: 28 36 44
36: 35 47 50
37: 26 40 48
38: 27 39 49
39: 30 38 51
40: 31 37 52
41: 22 28 51
42: 25 29 51
43: 27 32 52
44: 33 35 53
45: 24 26 53
46: 23 34 53
47: 36 49 51
48: 37 50 53
49: 38 47 52
50: 36 48 52
51: 39 41 42 47
52: 40 43 49 50
53: 44 45 46 48

1: 2 3 25
2: 1 6 9
3: 1 7 10
4: 6 10 24
5: 8 9 12
6: 2 4 8
7: 3 13 16
8: 5 6 19
9: 2 5 21
10: 3 4 15
11: 14 16 39
12: 5 18 22
13: 7 14 15
14: 11 13 33
15: 10 13 34
16: 7 11 28
17: 23 35 40
18: 12 19 38
19: 8 18 30
20: 23 26 36
21: 9 22 29
22: 12 21 37
23: 17 20 32
24: 4 27 30
25: 1 28 29
26: 20 27 31
27: 24 26 46
28: 16 25 42
29: 21 25 48
30: 19 24 45
31: 26 32 44
32: 23 31 41
33: 14 34 43
34: 15 33 44
35: 17 36 49
36: 20 35 46
37: 22 38 50
38: 18 37 45
39: 11 42 43
40: 17 41 47
41: 32 40 52
42: 28 39 53
43: 33 39 52
44: 31 34 52
45: 30 38 51
46: 27 36 51
47: 40 49 53
48: 29 50 53
49: 35 47 51
50: 37 48 51
51: 45 46 49 50
52: 41 43 44 53
53: 42 47 48 52

1: 5 7 8
2: 4 5 11
3: 4 9 10
4: 2 3 23
5: 1 2 17
6: 12 16 39
7: 1 14 22
8: 1 18 21
9: 3 12 20
10: 3 13 19
11: 2 13 14
12: 6 9 27
13: 10 11 33
14: 7 11 34
15: 16 24 29
16: 6 15 31
17: 5 18 26
18: 8 17 37
19: 10 20 32
20: 9 19 30
21: 8 22 36
22: 7 21 35
23: 4 26 27
24: 15 25 28
25: 24 40 46
26: 17 23 44
27: 12 23 41
28: 24 31 42
29: 15 30 46
30: 20 29 47
31: 16 28 43
32: 19 33 47
33: 13 32 48
34: 14 38 48
35: 22 38 45
36: 21 37 45
37: 18 36 44
38: 34 35 50
39: 6 41 43
40: 25 42 49
41: 27 39 53
42: 28 40 52
43: 31 39 52
44: 26 37 53
45: 35 36 53
46: 25 29 51
47: 30 32 51
48: 33 34 51
49: 40 50 51
50: 38 49 52
51: 46 47 48 49
52: 42 43 50 53
53: 41 44 45 52

1: 2 3 50
2: 1 39 49
3: 1 38 48
4: 5 21 27
5: 4 6 31
6: 5 7 44
7: 6 8 20
8: 7 22 45
9: 10 40 47
10: 9 11 12
11: 10 26 42
12: 10 25 46
13: 14 15 42
14: 13 23 26
15: 13 24 41
16: 17 25 26
17: 16 18 23
18: 17 19 22
19: 18 20 24
20: 7 19 21
21: 4 20 41
22: 8 18 25
23: 14 17 24
24: 15 19 23
25: 12 16 22
26: 11 14 16
27: 4 33 43
28: 30 32 40
29: 31 34 44
30: 28 35 47
31: 5 29 33
32: 28 36 43
33: 27 31 37
34: 29 37 48
35: 30 36 49
36: 32 35 39
37: 33 34 38
38: 3 37 39
39: 2 36 38
40: 9 28 53
41: 15 21 53
42: 11 13 53
43: 27 32 53
44: 6 29 52
45: 8 46 52
46: 12 45 51
47: 9 30 51
48: 3 34 52
49: 2 35 51
50: 1 51 52
51: 46 47 49 50
52: 44 45 48 50
53: 40 41 42 43

1: 8 9 17
2: 3 10 13
3: 2 11 12
4: 10 23 37
5: 6 16 27
6: 5 7 20
7: 6 12 35
8: 1 15 30
9: 1 11 31
10: 2 4 28
11: 3 9 29
12: 3 7 34
13: 2 14 33
14: 13 23 32
15: 8 19 21
16: 5 22 26
17: 1 20 21
18: 22 24 25
19: 15 38 45
20: 6 17 42
21: 15 17 39
22: 16 18 42
23: 4 14 41
24: 18 26 46
25: 18 36 41
26: 16 24 43
27: 5 35 43
28: 10 29 40
29: 11 28 44
30: 8 31 45
31: 9 30 44
32: 14 36 47
33: 13 34 47
34: 12 33 48
35: 7 27 48
36: 25 32 46
37: 4 40 50
38: 19 39 49
39: 21 38 51
40: 28 37 53
41: 23 25 51
42: 20 22 51
43: 26 27 52
44: 29 31 53
45: 19 30 53
46: 24 36 52
47: 32 33 52
48: 34 35 52
49: 38 50 53
50: 37 49 51
51: 39 41 42 50
52: 43 46 47 48
53: 40 44 45 49

1: 2 3 40
2: 1 21 39
3: 1 37 38
4: 21 22 23
5: 9 19 26
6: 7 18 19
7: 6 8 9
8: 7 17 36
9: 5 7 16
10: 17 28 29
11: 12 15 35
12: 11 13 34
13: 12 14 31
14: 13 30 32
15: 11 29 31
16: 9 17 27
17: 8 10 16
18: 6 25 36
19: 5 6 24
20: 23 24 25
21: 2 4 37
22: 4 39 49
23: 4 20 50
24: 19 20 46
25: 18 20 49
26: 5 27 46
27: 16 26 44
28: 10 35 43
29: 10 15 44
30: 14 33 45
31: 13 15 45
32: 14 34 48
33: 30 38 48
34: 12 32 47
35: 11 28 47
36: 8 18 43
37: 3 21 50
38: 3 33 42
39: 2 22 41
40: 1 41 42
41: 39 40 53
42: 38 40 52
43: 28 36 53
44: 27 29 51
45: 30 31 51
46: 24 26 51
47: 34 35 52
48: 32 33 52
49: 22 25 53
50: 23 37 51
51: 44 45 46 50
52: 42 47 48 53
53: 41 43 49 52

