1: 2 3 4
2: 1 40 43
3: 1 41 44
4: 1 39 42
5: 22 23 30
6: 7 21 27
7: 6 15 28
8: 9 10 28
9: 8 20 26
10: 8 18 19
11: 14 17 25
12: 13 16 25
13: 12 15 27
14: 11 20 24
15: 7 13 18
16: 12 17 18
17: 11 16 19
18: 10 15 16
19: 10 17 20
20: 9 14 19
21: 6 23 29
22: 5 29 37
23: 5 21 38
24: 14 26 32
25: 11 12 32
26: 9 24 36
27: 6 13 31
28: 7 8 35
29: 21 22 31
30: 5 33 34
31: 27 29 40
32: 24 25 39
33: 30 38 44
34: 30 37 43
35: 28 36 42
36: 26 35 39
37: 22 34 40
38: 23 33 41
39: 4 32 36
40: 2 31 37
41: 3 38 42
42: 4 35 41
43: 2 34 44
44: 3 33 43

1: 2 3 4
2: 1 40 43
3: 1 41 44
4: 1 39 42
5: 6 7 21
6: 5 14 20
7: 5 13 19
8: 18 20 30
9: 15 17 29
10: 11 12 15
11: 10 14 18
12: 10 13 17
13: 7 12 14
14: 6 11 13
15: 9 10 27
16: 19 24 28
17: 9 12 25
18: 8 11 26
19: 7 16 23
20: 6 8 22
21: 5 22 23
22: 20 21 32
23: 19 21 33
24: 16 25 37
25: 17 24 31
26: 18 27 38
27: 15 26 34
28: 16 33 36
29: 9 31 34
30: 8 32 35
31: 25 29 40
32: 22 30 41
33: 23 28 44
34: 27 29 39
35: 30 38 42
36: 28 37 43
37: 24 36 40
38: 26 35 39
39: 4 34 38
40: 2 31 37
41: 3 32 42
42: 4 35 41
43: 2 36 44
44: 3 33 43

1: 2 3 4
2: 1 43 44
3: 1 40 41
4: 1 39 42
5: 10 13 14
6: 9 11 12
7: 8 15 17
8: 7 16 18
9: 6 15 16
10: 5 17 18
11: 6 14 19
12: 6 13 20
13: 5 12 19
14: 5 11 20
15: 7 9 21
16: 8 9 22
17: 7 10 22
18: 8 10 21
19: 11 13 23
20: 12 14 24
21: 15 18 26
22: 16 17 25
23: 19 29 30
24: 20 27 28
25: 22 33 34
26: 21 31 32
27: 24 30 35
28: 24 29 36
29: 23 28 35
30: 23 27 36
31: 26 34 38
32: 26 33 37
33: 25 32 38
34: 25 31 37
35: 27 29 39
36: 28 30 40
37: 32 34 42
38: 31 33 41
39: 4 35 44
40: 3 36 43
41: 3 38 44
42: 4 37 43
43: 2 40 42
44: 2 39 41

1: 4 11 16
2: 4 12 15
3: 4 9 10
4: 1 2 3
5: 6 10 18
6: 5 9 17
7: 8 11 19
8: 7 12 20
9: 3 6 26
10: 3 5 25
11: 1 7 27
12: 2 8 28
13: 19 20 40
14: 17 18 39
15: 2 21 24
16: 1 22 23
17: 6 14 32
18: 5 14 31
19: 7 13 30
20: 8 13 29
21: 15 28 33
22: 16 27 34
23: 16 26 36
24: 15 25 35
25: 10 24 31
26: 9 23 32
27: 11 22 30
28: 12 21 29
29: 20 28 42
30: 19 27 41
31: 18 25 44
32: 17 26 43
33: 21 35 42
34: 22 36 41
35: 24 33 44
36: 23 34 43
37: 38 42 44
38: 37 41 43
39: 14 43 44
40: 13 41 42
41: 30 34 38 40
42: 29 33 37 40
43: 32 36 38 39
44: 31 35 37 39

1: 2 3 4
2: 1 40 44
3: 1 41 42
4: 1 39 43
5: 9 14 15
6: 8 12 17
7: 8 13 16
8: 6 7 19
9: 5 18 29
10: 14 16 23
11: 15 17 24
12: 6 13 22
13: 7 12 21
14: 5 10 24
15: 5 11 23
16: 7 10 22
17: 6 11 21
18: 9 30 31
19: 8 28 32
20: 25 26 27
21: 13 17 38
22: 12 16 38
23: 10 15 37
24: 11 14 37
25: 20 32 36
26: 20 31 35
27: 20 30 34
28: 19 29 36
29: 9 28 33
30: 18 27 35
31: 18 26 34
32: 19 25 33
33: 29 32 39
34: 27 31 40
35: 26 30 42
36: 25 28 39
37: 23 24 40
38: 21 22 41
39: 4 33 36
40: 2 34 37
41: 3 38 44
42: 3 35 43
43: 4 42 44
44: 2 41 43

1: 2 3 4
2: 1 42 44
3: 1 41 43
4: 1 39 40
5: 6 7 38
6: 5 35 36
7: 5 34 37
8: 9 23 27
9: 8 10 11
10: 9 22 26
11: 9 20 21
12: 13 14 26
13: 12 22 25
14: 12 19 24
15: 17 19 21
16: 18 19 20
17: 15 20 34
18: 16 21 35
19: 14 15 16
20: 11 16 17
21: 11 15 18
22: 10 13 24
23: 8 25 31
24: 14 22 29
25: 13 23 28
26: 10 12 29
27: 8 28 30
28: 25 27 32
29: 24 26 33
30: 27 31 33
31: 23 30 32
32: 28 31 44
33: 29 30 43
34: 7 17 40
35: 6 18 39
36: 6 37 40
37: 7 36 39
38: 5 41 42
39: 4 35 37
40: 4 34 36
41: 3 38 44
42: 2 38 43
43: 3 33 42
44: 2 32 41

1: 2 3 4
2: 1 39 40
3: 1 42 44
4: 1 41 43
5: 6 7 38
6: 5 31 37
7: 5 35 36
8: 28 30 31
9: 27 29 31
10: 11 12 34
11: 10 20 22
12: 10 19 21
13: 14 15 25
14: 13 16 24
15: 13 17 23
16: 14 18 23
17: 15 21 24
18: 16 22 25
19: 12 22 33
20: 11 21 33
21: 12 17 20
22: 11 18 19
23: 15 16 27
24: 14 17 28
25: 13 18 28
26: 27 30 32
27: 9 23 26
28: 8 24 25
29: 9 30 34
30: 8 26 29
31: 6 8 9
32: 26 36 40
33: 19 20 44
34: 10 29 43
35: 7 37 40
36: 7 32 39
37: 6 35 39
38: 5 41 42
39: 2 36 37
40: 2 32 35
41: 4 38 44
42: 3 38 43
43: 4 34 42
44: 3 33 41

1: 2 3 4
2: 1 39 40
3: 1 42 44
4: 1 41 43
5: 6 7 38
6: 5 31 37
7: 5 35 36
8: 28 30 31
9: 27 29 31
10: 17 18 25
11: 16 19 25
12: 13 21 24
13: 12 14 20
14: 13 16 22
15: 17 20 24
16: 11 14 23
17: 10 15 21
18: 10 19 23
19: 11 18 22
20: 13 15 34
21: 12 17 34
22: 14 19 33
23: 16 18 33
24: 12 15 30
25: 10 11 29
26: 27 28 32
27: 9 26 30
28: 8 26 29
29: 9 25 28
30: 8 24 27
31: 6 8 9
32: 26 36 40
33: 22 23 44
34: 20 21 43
35: 7 37 40
36: 7 32 39
37: 6 35 39
38: 5 41 42
39: 2 36 37
40: 2 32 35
41: 4 38 44
42: 3 38 43
43: 4 34 42
44: 3 33 41

1: 2 3 4
2: 1 42 44
3: 1 41 43
4: 1 39 40
5: 6 7 38
6: 5 29 31
7: 5 28 30
8: 9 10 27
9: 8 24 37
10: 8 22 23
11: 12 22 24
12: 11 13 32
13: 12 33 34
14: 15 18 20
15: 14 19 21
16: 18 19 36
17: 20 21 35
18: 14 16 25
19: 15 16 26
20: 14 17 26
21: 15 17 25
22: 10 11 37
23: 10 24 32
24: 9 11 23
25: 18 21 31
26: 19 20 30
27: 8 28 29
28: 7 27 31
29: 6 27 30
30: 7 26 29
31: 6 25 28
32: 12 23 44
33: 13 36 40
34: 13 35 39
35: 17 34 40
36: 16 33 39
37: 9 22 43
38: 5 41 42
39: 4 34 36
40: 4 33 35
41: 3 38 44
42: 2 38 43
43: 3 37 42
44: 2 32 41

1: 2 3 4
2: 1 39 44
3: 1 41 42
4: 1 40 43
5: 6 30 38
6: 5 31 32
7: 8 9 33
8: 7 29 35
9: 7 28 34
10: 16 17 37
11: 13 18 21
12: 13 19 20
13: 11 12 36
14: 16 20 24
15: 17 21 25
16: 10 14 25
17: 10 15 24
18: 11 19 23
19: 12 18 22
20: 12 14 23
21: 11 15 22
22: 19 21 26
23: 18 20 26
24: 14 17 27
25: 15 16 27
26: 22 23 29
27: 24 25 28
28: 9 27 35
29: 8 26 34
30: 5 33 44
31: 6 37 42
32: 6 36 41
33: 7 30 39
34: 9 29 40
35: 8 28 40
36: 13 32 42
37: 10 31 41
38: 5 39 43
39: 2 33 38
40: 4 34 35
41: 3 32 37
42: 3 31 36
43: 4 38 44
44: 2 30 43

1: 2 3 4
2: 1 41 42
3: 1 40 44
4: 1 39 43
5: 6 22 30
6: 5 9 10
7: 10 21 31
8: 19 20 31
9: 6 15 16
10: 6 7 19
11: 19 21 23
12: 13 14 20
13: 12 16 18
14: 12 15 17
15: 9 14 18
16: 9 13 17
17: 14 16 26
18: 13 15 24
19: 8 10 11
20: 8 12 21
21: 7 11 20
22: 5 32 35
23: 11 30 35
24: 18 29 36
25: 27 28 36
26: 17 28 38
27: 25 29 38
28: 25 26 37
29: 24 27 37
30: 5 23 34
31: 7 8 33
32: 22 33 34
33: 31 32 42
34: 30 32 40
35: 22 23 40
36: 24 25 41
37: 28 29 39
38: 26 27 39
39: 4 37 38
40: 3 34 35
41: 2 36 44
42: 2 33 43
43: 4 42 44
44: 3 41 43

1: 2 3 4
2: 1 42 44
3: 1 41 43
4: 1 39 40
5: 30 32 33
6: 29 31 33
7: 14 28 37
8: 16 28 36
9: 13 27 34
10: 12 26 34
11: 12 13 35
12: 10 11 27
13: 9 11 26
14: 7 15 36
15: 14 17 20
16: 8 21 37
17: 15 22 23
18: 19 20 22
19: 18 21 23
20: 15 18 24
21: 16 19 25
22: 17 18 25
23: 17 19 24
24: 20 23 27
25: 21 22 26
26: 10 13 25
27: 9 12 24
28: 7 8 31
29: 6 32 38
30: 5 31 38
31: 6 28 30
32: 5 29 35
33: 5 6 43
34: 9 10 41
35: 11 32 42
36: 8 14 39
37: 7 16 39
38: 29 30 40
39: 4 36 37
40: 4 38 44
41: 3 34 44
42: 2 35 43
43: 3 33 42
44: 2 40 41

1: 2 3 4
2: 1 39 40
3: 1 42 44
4: 1 41 43
5: 6 7 38
6: 5 31 37
7: 5 35 36
8: 28 30 31
9: 27 29 31
10: 17 18 25
11: 16 19 25
12: 13 21 24
13: 12 18 23
14: 19 22 24
15: 16 17 20
16: 11 15 22
17: 10 15 23
18: 10 13 20
19: 11 14 21
20: 15 18 33
21: 12 19 34
22: 14 16 34
23: 13 17 33
24: 12 14 30
25: 10 11 29
26: 27 28 32
27: 9 26 30
28: 8 26 29
29: 9 25 28
30: 8 24 27
31: 6 8 9
32: 26 36 40
33: 20 23 44
34: 21 22 43
35: 7 37 40
36: 7 32 39
37: 6 35 39
38: 5 41 42
39: 2 36 37
40: 2 32 35
41: 4 38 44
42: 3 38 43
43: 4 34 42
44: 3 33 41

1: 2 3 4
2: 1 41 42
3: 1 40 44
4: 1 39 43
5: 6 7 38
6: 5 33 37
7: 5 32 36
8: 11 12 35
9: 10 12 34
10: 9 14 35
11: 8 14 34
12: 8 9 13
13: 12 17 21
14: 10 11 20
15: 16 18 21
16: 15 19 20
17: 13 18 19
18: 15 17 23
19: 16 17 22
20: 14 16 23
21: 13 15 22
22: 19 21 25
23: 18 20 24
24: 23 28 29
25: 22 26 27
26: 25 29 31
27: 25 28 30
28: 24 27 31
29: 24 26 30
30: 27 29 33
31: 26 28 32
32: 7 31 37
33: 6 30 36
34: 9 11 42
35: 8 10 40
36: 7 33 41
37: 6 32 39
38: 5 39 40
39: 4 37 38
40: 3 35 38
41: 2 36 44
42: 2 34 43
43: 4 42 44
44: 3 41 43

1: 2 3 4
2: 1 39 40
3: 1 42 44
4: 1 41 43
5: 6 7 38
6: 5 31 37
7: 5 35 36
8: 28 30 31
9: 27 29 31
10: 11 18 25
11: 10 12 15
12: 11 16 24
13: 15 17 24
14: 19 22 25
15: 11 13 23
16: 12 17 23
17: 13 16 21
18: 10 20 22
19: 14 20 21
20: 18 19 34
21: 17 19 33
22: 14 18 33
23: 15 16 34
24: 12 13 30
25: 10 14 29
26: 27 28 32
27: 9 26 30
28: 8 26 29
29: 9 25 28
30: 8 24 27
31: 6 8 9
32: 26 36 40
33: 21 22 44
34: 20 23 43
35: 7 37 40
36: 7 32 39
37: 6 35 39
38: 5 41 42
39: 2 36 37
40: 2 32 35
41: 4 38 44
42: 3 38 43
43: 4 34 42
44: 3 33 41

1: 2 3 4
2: 1 39 40
3: 1 42 44
4: 1 41 43
5: 6 32 38
6: 5 7 33
7: 6 8 9
8: 7 29 31
9: 7 28 30
10: 11 15 18
11: 10 16 17
12: 13 15 16
13: 12 14 17
14: 13 19 35
15: 10 12 34
16: 11 12 35
17: 11 13 34
18: 10 21 24
19: 14 20 23
20: 19 24 25
21: 18 23 25
22: 26 33 36
23: 19 21 27
24: 18 20 27
25: 20 21 26
26: 22 25 31
27: 23 24 30
28: 9 31 37
29: 8 30 37
30: 9 27 29
31: 8 26 28
32: 5 36 40
33: 6 22 40
34: 15 17 44
35: 14 16 43
36: 22 32 39
37: 28 29 39
38: 5 41 42
39: 2 36 37
40: 2 32 33
41: 4 38 44
42: 3 38 43
43: 4 35 42
44: 3 34 41

1: 2 3 4
2: 1 42 44
3: 1 41 43
4: 1 39 40
5: 6 7 38
6: 5 31 37
7: 5 30 36
8: 9 10 35
9: 8 28 34
10: 8 27 33
11: 14 15 29
12: 13 15 32
13: 12 17 29
14: 11 17 32
15: 11 12 16
16: 15 20 24
17: 13 14 23
18: 19 21 24
19: 18 22 23
20: 16 21 22
21: 18 20 26
22: 19 20 25
23: 17 19 26
24: 16 18 25
25: 22 24 28
26: 21 23 27
27: 10 26 34
28: 9 25 33
29: 11 13 31
30: 7 35 37
31: 6 29 36
32: 12 14 44
33: 10 28 39
34: 9 27 39
35: 8 30 43
36: 7 31 40
37: 6 30 40
38: 5 41 42
39: 4 33 34
40: 4 36 37
41: 3 38 44
42: 2 38 43
43: 3 35 42
44: 2 32 41

1: 2 3 4
2: 1 40 43
3: 1 41 42
4: 1 39 44
5: 11 12 17
6: 10 16 18
7: 10 13 14
8: 9 15 18
9: 8 16 17
10: 6 7 15
11: 5 14 22
12: 5 13 21
13: 7 12 22
14: 7 11 21
15: 8 10 19
16: 6 9 19
17: 5 9 20
18: 6 8 20
19: 15 16 23
20: 17 18 24
21: 12 14 25
22: 11 13 26
23: 19 32 35
24: 20 31 34
25: 21 28 38
26: 22 30 37
27: 29 30 38
28: 25 29 36
29: 27 28 37
30: 26 27 36
31: 24 33 35
32: 23 33 34
33: 31 32 42
34: 24 32 39
35: 23 31 39
36: 28 30 40
37: 26 29 40
38: 25 27 41
39: 4 34 35
40: 2 36 37
41: 3 38 44
42: 3 33 43
43: 2 42 44
44: 4 41 43

1: 2 3 4
2: 1 39 40
3: 1 42 44
4: 1 41 43
5: 6 7 38
6: 5 31 37
7: 5 30 36
8: 9 17 35
9: 8 13 33
10: 11 12 18
11: 10 16 34
12: 10 14 15
13: 9 14 16
14: 12 13 34
15: 12 16 33
16: 11 13 15
17: 8 20 32
18: 10 19 32
19: 18 27 35
20: 17 23 26
21: 22 24 27
22: 21 25 26
23: 20 24 25
24: 21 23 29
25: 22 23 28
26: 20 22 29
27: 19 21 28
28: 25 27 31
29: 24 26 30
30: 7 29 37
31: 6 28 36
32: 17 18 39
33: 9 15 44
34: 11 14 43
35: 8 19 39
36: 7 31 40
37: 6 30 40
38: 5 41 42
39: 2 32 35
40: 2 36 37
41: 4 38 44
42: 3 38 43
43: 4 34 42
44: 3 33 41

1: 2 3 4
2: 1 41 42
3: 1 39 44
4: 1 40 43
5: 6 7 38
6: 5 33 37
7: 5 32 36
8: 10 14 15
9: 11 12 14
10: 8 11 13
11: 9 10 17
12: 9 13 19
13: 10 12 18
14: 8 9 18
15: 8 16 17
16: 15 20 35
17: 11 15 22
18: 13 14 23
19: 12 21 34
20: 16 29 34
21: 19 29 35
22: 17 25 28
23: 18 24 27
24: 23 26 28
25: 22 26 27
26: 24 25 30
27: 23 25 31
28: 22 24 31
29: 20 21 30
30: 26 29 33
31: 27 28 32
32: 7 31 37
33: 6 30 36
34: 19 20 42
35: 16 21 39
36: 7 33 40
37: 6 32 40
38: 5 39 41
39: 3 35 38
40: 4 36 37
41: 2 38 44
42: 2 34 43
43: 4 42 44
44: 3 41 43

1: 2 3 4
2: 1 40 43
3: 1 39 44
4: 1 41 42
5: 8 11 19
6: 9 10 16
7: 10 13 17
8: 5 14 18
9: 6 11 13
10: 6 7 12
11: 5 9 12
12: 10 11 22
13: 7 9 22
14: 8 15 31
15: 14 20 23
16: 6 21 25
17: 7 27 30
18: 8 23 28
19: 5 26 29
20: 15 21 24
21: 16 20 33
22: 12 13 36
23: 15 18 34
24: 20 32 36
25: 16 32 37
26: 19 30 38
27: 17 29 38
28: 18 31 37
29: 19 27 35
30: 17 26 35
31: 14 28 34
32: 24 25 33
33: 21 32 39
34: 23 31 40
35: 29 30 40
36: 22 24 42
37: 25 28 39
38: 26 27 41
39: 3 33 37
40: 2 34 35
41: 4 38 44
42: 4 36 43
43: 2 42 44
44: 3 41 43

1: 2 3 4
2: 1 41 42
3: 1 40 44
4: 1 39 43
5: 10 14 18
6: 9 13 18
7: 8 16 20
8: 7 17 19
9: 6 10 15
10: 5 9 12
11: 14 17 23
12: 10 13 21
13: 6 12 27
14: 5 11 26
15: 9 16 22
16: 7 15 24
17: 8 11 25
18: 5 6 21
19: 8 23 29
20: 7 22 28
21: 12 18 33
22: 15 20 38
23: 11 19 37
24: 16 28 38
25: 17 29 37
26: 14 32 36
27: 13 30 34
28: 20 24 33
29: 19 25 35
30: 27 31 36
31: 30 32 35
32: 26 31 34
33: 21 28 41
34: 27 32 42
35: 29 31 40
36: 26 30 40
37: 23 25 39
38: 22 24 39
39: 4 37 38
40: 3 35 36
41: 2 33 44
42: 2 34 43
43: 4 42 44
44: 3 41 43

1: 2 3 4
2: 1 39 40
3: 1 42 44
4: 1 41 43
5: 6 7 38
6: 5 31 37
7: 5 30 36
8: 9 10 12
9: 8 11 13
10: 8 14 32
11: 9 14 33
12: 8 15 33
13: 9 15 32
14: 10 11 17
15: 12 13 16
16: 15 19 35
17: 14 18 34
18: 17 21 35
19: 16 20 34
20: 19 26 27
21: 18 24 25
22: 23 25 26
23: 22 24 27
24: 21 23 28
25: 21 22 29
26: 20 22 28
27: 20 23 29
28: 24 26 30
29: 25 27 31
30: 7 28 37
31: 6 29 36
32: 10 13 44
33: 11 12 43
34: 17 19 40
35: 16 18 40
36: 7 31 39
37: 6 30 39
38: 5 41 42
39: 2 36 37
40: 2 34 35
41: 4 38 44
42: 3 38 43
43: 4 33 42
44: 3 32 41

1: 2 3 4
2: 1 42 44
3: 1 41 43
4: 1 39 40
5: 6 7 38
6: 5 29 31
7: 5 28 30
8: 9 27 32
9: 8 10 33
10: 9 11 34
11: 10 12 35
12: 11 13 14
13: 12 24 37
14: 12 23 36
15: 16 17 19
16: 15 18 20
17: 15 21 25
18: 16 21 26
19: 15 22 26
20: 16 22 25
21: 17 18 24
22: 19 20 23
23: 14 22 37
24: 13 21 36
25: 17 20 31
26: 18 19 30
27: 8 28 29
28: 7 27 31
29: 6 27 30
30: 7 26 29
31: 6 25 28
32: 8 34 43
33: 9 35 39
34: 10 32 39
35: 11 33 44
36: 14 24 40
37: 13 23 40
38: 5 41 42
39: 4 33 34
40: 4 36 37
41: 3 38 44
42: 2 38 43
43: 3 32 42
44: 2 35 41

1: 2 3 4
2: 1 39 44
3: 1 40 43
4: 1 41 42
5: 6 30 38
6: 5 7 8
7: 6 27 29
8: 6 26 28
9: 25 31 32
10: 11 12 37
11: 10 13 33
12: 10 15 35
13: 11 14 34
14: 13 17 20
15: 12 19 33
16: 18 22 36
17: 14 21 22
18: 16 20 21
19: 15 24 37
20: 14 18 23
21: 17 18 24
22: 16 17 23
23: 20 22 29
24: 19 21 28
25: 9 26 27
26: 8 25 29
27: 7 25 28
28: 8 24 27
29: 7 23 26
30: 5 35 44
31: 9 36 42
32: 9 34 41
33: 11 15 40
34: 13 32 42
35: 12 30 39
36: 16 31 41
37: 10 19 40
38: 5 39 43
39: 2 35 38
40: 3 33 37
41: 4 32 36
42: 4 31 34
43: 3 38 44
44: 2 30 43

1: 2 3 4
2: 1 40 43
3: 1 39 44
4: 1 41 42
5: 30 37 38
6: 8 11 22
7: 9 10 12
8: 6 12 13
9: 7 11 13
10: 7 14 23
11: 6 9 15
12: 7 8 15
13: 8 9 14
14: 10 13 17
15: 11 12 16
16: 15 20 21
17: 14 18 19
18: 17 21 24
19: 17 20 25
20: 16 19 24
21: 16 18 25
22: 6 28 29
23: 10 26 27
24: 18 20 35
25: 19 21 36
26: 23 29 31
27: 23 28 32
28: 22 27 31
29: 22 26 32
30: 5 33 34
31: 26 28 39
32: 27 29 40
33: 30 36 42
34: 30 35 41
35: 24 34 42
36: 25 33 41
37: 5 40 44
38: 5 39 43
39: 3 31 38
40: 2 32 37
41: 4 34 36
42: 4 33 35
43: 2 38 44
44: 3 37 43

1: 2 3 4
2: 1 39 44
3: 1 41 43
4: 1 40 42
5: 6 7 38
6: 5 17 19
7: 5 16 18
8: 9 10 12
9: 8 11 13
10: 8 14 20
11: 9 14 21
12: 8 15 21
13: 9 15 20
14: 10 11 19
15: 12 13 18
16: 7 19 22
17: 6 18 22
18: 7 15 17
19: 6 14 16
20: 10 13 32
21: 11 12 31
22: 16 17 29
23: 28 30 37
24: 25 26 27
25: 24 30 36
26: 24 32 35
27: 24 31 34
28: 23 29 36
29: 22 28 33
30: 23 25 33
31: 21 27 35
32: 20 26 34
33: 29 30 40
34: 27 32 41
35: 26 31 41
36: 25 28 40
37: 23 39 43
38: 5 39 42
39: 2 37 38
40: 4 33 36
41: 3 34 35
42: 4 38 44
43: 3 37 44
44: 2 42 43

1: 2 3 4
2: 1 41 42
3: 1 40 44
4: 1 39 43
5: 6 7 38
6: 5 33 37
7: 5 32 36
8: 9 10 12
9: 8 11 13
10: 8 14 16
11: 9 14 17
12: 8 15 17
13: 9 15 16
14: 10 11 23
15: 12 13 22
16: 10 13 25
17: 11 12 24
18: 23 27 35
19: 22 26 35
20: 25 29 34
21: 24 28 34
22: 15 19 27
23: 14 18 26
24: 17 21 29
25: 16 20 28
26: 19 23 30
27: 18 22 30
28: 21 25 31
29: 20 24 31
30: 26 27 33
31: 28 29 32
32: 7 31 37
33: 6 30 36
34: 20 21 42
35: 18 19 40
36: 7 33 39
37: 6 32 41
38: 5 39 40
39: 4 36 38
40: 3 35 38
41: 2 37 44
42: 2 34 43
43: 4 42 44
44: 3 41 43

1: 2 3 4
2: 1 41 42
3: 1 40 43
4: 1 39 44
5: 30 37 38
6: 7 15 17
7: 6 10 22
8: 11 14 16
9: 10 12 16
10: 7 9 14
11: 8 12 23
12: 9 11 13
13: 12 14 15
14: 8 10 13
15: 6 13 21
16: 8 9 20
17: 6 18 19
18: 17 21 25
19: 17 20 24
20: 16 19 25
21: 15 18 24
22: 7 28 29
23: 11 26 27
24: 19 21 36
25: 18 20 35
26: 23 29 31
27: 23 28 32
28: 22 27 31
29: 22 26 32
30: 5 33 34
31: 26 28 39
32: 27 29 40
33: 30 36 42
34: 30 35 41
35: 25 34 42
36: 24 33 41
37: 5 40 44
38: 5 39 43
39: 4 31 38
40: 3 32 37
41: 2 34 36
42: 2 33 35
43: 3 38 44
44: 4 37 43

1: 2 3 4
2: 1 43 44
3: 1 41 42
4: 1 39 40
5: 6 26 38
6: 5 7 32
7: 6 8 9
8: 7 23 25
9: 7 22 24
10: 27 28 29
11: 12 15 17
12: 11 16 18
13: 15 16 31
14: 17 18 30
15: 11 13 19
16: 12 13 20
17: 11 14 20
18: 12 14 19
19: 15 18 25
20: 16 17 24
21: 22 23 37
22: 9 21 25
23: 8 21 24
24: 9 20 23
25: 8 19 22
26: 5 27 34
27: 10 26 33
28: 10 31 36
29: 10 30 35
30: 14 29 36
31: 13 28 35
32: 6 33 34
33: 27 32 44
34: 26 32 39
35: 29 31 40
36: 28 30 40
37: 21 41 43
38: 5 39 42
39: 4 34 38
40: 4 35 36
41: 3 37 44
42: 3 38 43
43: 2 37 42
44: 2 33 41

1: 2 3 4
2: 1 39 44
3: 1 41 43
4: 1 40 42
5: 29 31 37
6: 28 30 37
7: 8 9 38
8: 7 10 36
9: 7 33 35
10: 8 11 35
11: 10 14 15
12: 15 16 34
13: 14 17 34
14: 11 13 16
15: 11 12 17
16: 12 14 18
17: 13 15 19
18: 16 24 25
19: 17 22 23
20: 21 23 24
21: 20 22 25
22: 19 21 26
23: 19 20 27
24: 18 20 26
25: 18 21 27
26: 22 24 30
27: 23 25 31
28: 6 31 32
29: 5 30 32
30: 6 26 29
31: 5 27 28
32: 28 29 39
33: 9 36 41
34: 12 13 41
35: 9 10 40
36: 8 33 40
37: 5 6 42
38: 7 39 43
39: 2 32 38
40: 4 35 36
41: 3 33 34
42: 4 37 44
43: 3 38 44
44: 2 42 43

1: 2 3 4
2: 1 40 43
3: 1 39 44
4: 1 41 42
5: 23 27 31
6: 22 26 31
7: 8 9 30
8: 7 10 29
9: 7 11 28
10: 8 12 28
11: 9 13 29
12: 10 18 19
13: 11 16 17
14: 15 17 18
15: 14 16 19
16: 13 15 20
17: 13 14 21
18: 12 14 20
19: 12 15 21
20: 16 18 22
21: 17 19 23
22: 6 20 27
23: 5 21 26
24: 25 32 35
25: 24 30 38
26: 6 23 34
27: 5 22 34
28: 9 10 36
29: 8 11 36
30: 7 25 33
31: 5 6 35
32: 24 33 37
33: 30 32 39
34: 26 27 40
35: 24 31 42
36: 28 29 41
37: 32 38 40
38: 25 37 39
39: 3 33 38
40: 2 34 37
41: 4 36 44
42: 4 35 43
43: 2 42 44
44: 3 41 43

1: 2 3 4
2: 1 39 40
3: 1 42 44
4: 1 41 43
5: 6 7 38
6: 5 31 37
7: 5 30 36
8: 9 10 23
9: 8 16 22
10: 8 15 21
11: 15 19 32
12: 16 20 33
13: 15 18 35
14: 16 17 34
15: 10 11 13
16: 9 12 14
17: 14 27 33
18: 13 26 32
19: 11 26 35
20: 12 27 34
21: 10 22 25
22: 9 21 24
23: 8 24 25
24: 22 23 29
25: 21 23 28
26: 18 19 29
27: 17 20 28
28: 25 27 31
29: 24 26 30
30: 7 29 37
31: 6 28 36
32: 11 18 40
33: 12 17 40
34: 14 20 44
35: 13 19 43
36: 7 31 39
37: 6 30 39
38: 5 41 42
39: 2 36 37
40: 2 32 33
41: 4 38 44
42: 3 38 43
43: 4 35 42
44: 3 34 41

1: 2 3 4
2: 1 41 42
3: 1 40 44
4: 1 39 43
5: 10 14 18
6: 9 13 18
7: 8 16 20
8: 7 17 19
9: 6 10 15
10: 5 9 12
11: 14 17 23
12: 10 13 21
13: 6 12 27
14: 5 11 26
15: 9 16 22
16: 7 15 24
17: 8 11 25
18: 5 6 21
19: 8 23 29
20: 7 22 28
21: 12 18 33
22: 15 20 38
23: 11 19 37
24: 16 28 38
25: 17 29 37
26: 14 31 36
27: 13 30 35
28: 20 24 33
29: 19 25 34
30: 27 32 36
31: 26 32 35
32: 30 31 34
33: 21 28 41
34: 29 32 42
35: 27 31 40
36: 26 30 40
37: 23 25 39
38: 22 24 39
39: 4 37 38
40: 3 35 36
41: 2 33 44
42: 2 34 43
43: 4 42 44
44: 3 41 43

1: 32
2: 31
3: 4 38
4: 3 38
5: 6 37
6: 5 37
7: 8 36
8: 7 36
9: 10 35
10: 9 35
11: 20 40
12: 19 39
13: 22 38
14: 21 37
15: 24 32
16: 23 31
17: 28 39
18: 27 40
19: 12 33 37 39
20: 11 34 38 40
21: 14 33 37 41
22: 13 34 38 42
23: 16 31 36 42
24: 15 32 35 41
25: 29 36 42 44
26: 30 35 41 43
27: 18 29 40 44
28: 17 30 39 43
29: 25 27 30 44
30: 26 28 29 43
31: 2 16 23 36
32: 1 15 24 35
33: 19 21 37 39 41 43
34: 20 22 38 40 42 44
35: 9 10 24 26 32 41
36: 7 8 23 25 31 42
37: 5 6 14 19 21 33
38: 3 4 13 20 22 34
39: 12 17 19 28 33 43
40: 11 18 20 27 34 44
41: 21 24 26 33 35 43
42: 22 23 25 34 36 44
43: 26 28 30 33 39 41
44: 25 27 29 34 40 42

1: 18
2: 17
3: 4 40
4: 3 40
5: 6 39
6: 5 39
7: 8 38
8: 7 38
9: 10 37
10: 9 37
11: 30 31
12: 29 32
13: 20 44
14: 19 43
15: 21 38
16: 22 37
17: 2 32
18: 1 31
19: 14 35 41 43
20: 13 36 42 44
21: 15 33 36 38
22: 16 34 35 37
23: 25 40 41 43
24: 26 39 42 44
25: 23 33 38 41
26: 24 34 37 42
27: 30 31 39 44
28: 29 32 40 43
29: 12 28 32 40
30: 11 27 31 39
31: 11 18 27 30
32: 12 17 28 29
33: 21 25 35 36 38 41
34: 22 26 35 36 37 42
35: 19 22 33 34 36 41
36: 20 21 33 34 35 42
37: 9 10 16 22 26 34
38: 7 8 15 21 25 33
39: 5 6 24 27 30 44
40: 3 4 23 28 29 43
41: 19 23 25 33 35 43
42: 20 24 26 34 36 44
43: 14 19 23 28 40 41
44: 13 20 24 27 39 42

1: 23
2: 22
3: 4 44
4: 3 24
5: 6 25
6: 5 26
7: 30 31
8: 31 38
9: 15 32
10: 32 38
11: 12 33
12: 11 36
13: 30 34
14: 34 37
15: 9 35
16: 17 39
17: 16 40
18: 20 37
19: 20 37
20: 18 19
21: 23 32
22: 2 44
23: 1 21
24: 4 27 40 44
25: 5 26 27 44
26: 6 25 28 33
27: 24 25 28 29
28: 26 27 42 43
29: 27 40 41 43
30: 7 13 42 43
31: 7 8 41 43
32: 9 10 21 35
33: 11 26 36 42
34: 13 14 36 42
35: 15 32 38 39
36: 12 33 34 37
37: 14 18 19 36
38: 8 10 35 41
39: 16 35 40 41
40: 17 24 29 39
41: 29 31 38 39
42: 28 30 33 34
43: 28 29 30 31
44: 3 22 24 25

1: 2 3 4
2: 1 39 40
3: 1 41 44
4: 1 42 43
5: 6 7 8
6: 5 12 13
7: 5 14 15
8: 5 16 17
9: 12 13 18
10: 14 15 19
11: 16 17 20
12: 6 9 21
13: 6 9 22
14: 7 10 23
15: 7 10 24
16: 8 11 25
17: 8 11 26
18: 9 21 22
19: 10 23 24
20: 11 25 26
21: 12 18 30
22: 13 18 31
23: 14 19 32
24: 15 19 33
25: 16 20 34
26: 17 20 35
27: 30 31 36
28: 32 33 37
29: 34 35 38
30: 21 27 39
31: 22 27 40
32: 23 28 41
33: 24 28 44
34: 25 29 43
35: 26 29 42
36: 27 39 40
37: 28 41 44
38: 29 42 43
39: 2 30 36
40: 2 31 36
41: 3 32 37
42: 4 35 38
43: 4 34 38
44: 3 33 37

