1: 23 28 29
2: 24 27 30
3: 17 26 28
4: 18 25 27
5: 19 23 29
6: 20 24 30
7: 21 26 32
8: 22 25 31
9: 17 21 29
10: 18 22 30
11: 20 22 31
12: 19 21 32
13: 15 23 32
14: 16 24 31
15: 13 28 32 33
16: 14 27 31 33
17: 3 9 26 29
18: 4 10 25 30
19: 5 12 29 32
20: 6 11 30 31
21: 7 9 12 26
22: 8 10 11 25
23: 1 5 13 28
24: 2 6 14 27
25: 4 8 18 22 33
26: 3 7 17 21 33
27: 2 4 16 24 33
28: 1 3 15 23 33
29: 1 5 9 17 19
30: 2 6 10 18 20
31: 8 11 14 16 20
32: 7 12 13 15 19
33: 15 16 25 26 27 28

1: 21 26 33
2: 22 25 33
3: 24 28 33
4: 23 27 33
5: 21 26 29
6: 22 25 30
7: 23 27 32
8: 24 28 31
9: 17 29 30
10: 18 29 30
11: 19 31 32
12: 20 31 32
13: 17 21 25
14: 18 22 26
15: 19 24 27
16: 20 23 28
17: 9 13 25 29
18: 10 14 26 30
19: 11 15 27 31
20: 12 16 28 32
21: 1 5 13 29
22: 2 6 14 30
23: 4 7 16 32
24: 3 8 15 31
25: 2 6 13 17 33
26: 1 5 14 18 33
27: 4 7 15 19 33
28: 3 8 16 20 33
29: 5 9 10 17 21
30: 6 9 10 18 22
31: 8 11 12 19 24
32: 7 11 12 20 23
33: 1 2 3 4 25 26 27 28

1: 33
2: 33
3: 12
4: 28 33
5: 32 33
6: 30 33
7: 31 33
8: 28 32
9: 28 30
10: 28 31
11: 12 23
12: 3 11 19
13: 21 22 27
14: 27 30 32
15: 22 31 32
16: 21 30 31
17: 18 23 27
18: 17 19 26
19: 12 18 23 25
20: 21 22 25 31
21: 13 16 20 26
22: 13 15 20 24
23: 11 17 19 24
24: 22 23 25 27 32
25: 19 20 24 26 29
26: 18 21 25 27 30
27: 13 14 17 24 26
28: 4 8 9 10 29
29: 25 28 30 31 32 33
30: 6 9 14 16 26 29
31: 7 10 15 16 20 29
32: 5 8 14 15 24 29
33: 1 2 4 5 6 7 29

