1: 2 3
2: 1 3
3: 1 2
4: 5 6
5: 4 6
6: 4 5
7: 8 9
8: 7 9
9: 7 8
10: 11 12
11: 10 12
12: 10 11
13: 14 15
14: 13 15
15: 13 14

1: 2 3
2: 1 14
3: 1 15
4: 5 6
5: 4 12
6: 4 13
7: 8 9
8: 7 10
9: 7 11
10: 8 11
11: 9 10
12: 5 13
13: 6 12
14: 2 15
15: 3 14

1: 2 3 13
2: 1 12 14
3: 1 11 15
4: 7 9 13
5: 8 10 13
6: 11 12 13
7: 4 10 14
8: 5 9 14
9: 4 8 15
10: 5 7 15
11: 3 6 14
12: 2 6 15
13: 1 4 5 6
14: 2 7 8 11
15: 3 9 10 12

1: 8
2: 9
3: 10
4: 15
5: 14
6: 14
7: 13
8: 1 9
9: 2 8 10
10: 3 9 11
11: 10 12 13
12: 11 13 15
13: 7 11 12
14: 5 6 15
15: 4 12 14

1: 12
2: 11
3: 6
4: 9
5: 10
6: 3 12
7: 13 14
8: 13 14
9: 4 15
10: 5 15
11: 2 12 13
12: 1 6 11
13: 7 8 11
14: 7 8 15
15: 9 10 14

