1: 2 3 4
2: 1 67 68
3: 1 69 70
4: 1 65 66
5: 6 17 28
6: 5 17 28
7: 8 18 27
8: 7 18 27
9: 10 19 26
10: 9 19 26
11: 12 20 25
12: 11 20 25
13: 14 21 22
14: 13 21 22
15: 16 23 24
16: 15 23 24
17: 5 6 29
18: 7 8 29
19: 9 10 30
20: 11 12 31
21: 13 14 32
22: 13 14 34
23: 15 16 34
24: 15 16 33
25: 11 12 33
26: 9 10 32
27: 7 8 31
28: 5 6 30
29: 17 18 35
30: 19 28 36
31: 20 27 37
32: 21 26 38
33: 24 25 40
34: 22 23 39
35: 29 41 42
36: 30 43 44
37: 31 45 46
38: 32 49 50
39: 34 51 52
40: 33 47 48
41: 35 42 58
42: 35 41 58
43: 36 44 57
44: 36 43 57
45: 37 46 55
46: 37 45 55
47: 40 48 56
48: 40 47 56
49: 38 50 54
50: 38 49 54
51: 39 52 53
52: 39 51 53
53: 51 52 59
54: 49 50 61
55: 45 46 61
56: 47 48 60
57: 43 44 60
58: 41 42 59
59: 53 58 62
60: 56 57 64
61: 54 55 63
62: 59 65 66
63: 61 69 70
64: 60 67 68
65: 4 62 66
66: 4 62 65
67: 2 64 68
68: 2 64 67
69: 3 63 70
70: 3 63 69

