1: 65
2: 64
3: 8 10
4: 7 9
5: 22 65
6: 21 64
7: 4 14
8: 3 13
9: 4 16
10: 3 15
11: 18 20
12: 17 19
13: 8 26
14: 7 25
15: 10 28
16: 9 27
17: 12 32
18: 11 31
19: 12 33
20: 11 34
21: 6 30
22: 5 29
23: 63 65
24: 62 64
25: 14 61
26: 13 60
27: 16 57
28: 15 56
29: 22 61
30: 21 60
31: 18 63
32: 17 62
33: 19 59
34: 20 58
35: 50 51
36: 51 59
37: 50 58
38: 50 52
39: 51 53
40: 52 63
41: 53 62
42: 55 61
43: 54 60
44: 52 55
45: 53 54
46: 57 59
47: 56 58
48: 55 57
49: 54 56
50: 35 37 38
51: 35 36 39
52: 38 40 44
53: 39 41 45
54: 43 45 49
55: 42 44 48
56: 28 47 49
57: 27 46 48
58: 34 37 47
59: 33 36 46
60: 26 30 43
61: 25 29 42
62: 24 32 41
63: 23 31 40
64: 2 6 24
65: 1 5 23