1: 2 3 4
2: 1 9 14
3: 1 11 12
4: 1 10 13
5: 7 8 14
6: 7 8 14
7: 5 6 12
8: 5 6 13
9: 2 10 11
10: 4 9 12
11: 3 9 13
12: 3 7 10
13: 4 8 11
14: 2 5 6

1: 9 10 11
2: 9 10 12
3: 9 11 13
4: 10 11 14
5: 10 12 14
6: 9 12 13
7: 11 13 14
8: 12 13 14
9: 1 2 3 6
10: 1 2 4 5
11: 1 3 4 7
12: 2 5 6 8
13: 3 6 7 8
14: 4 5 7 8

1: 9 10 11
2: 9 10 12
3: 9 11 13
4: 10 11 14
5: 9 12 13
6: 10 12 14
7: 11 13 14
8: 12 13 14
9: 1 2 3 5 10 11 12 13
10: 1 2 4 6 9 11 12 14
11: 1 3 4 7 9 10 13 14
12: 2 5 6 8 9 10 13 14
13: 3 5 7 8 9 11 12 14
14: 4 6 7 8 10 11 12 13

1: 2 3
2: 1 13
3: 1 14
4: 5 6
5: 4 9
6: 4 10
7: 8 9
8: 7 10
9: 5 7
10: 6 8
11: 12 13
12: 11 14
13: 2 11
14: 3 12

1: 2 3
2: 1 4
3: 1 4
4: 2 3
5: 6 7 8
6: 5 9 10
7: 5 11 14
8: 5 12 13
9: 6 11 13
10: 6 12 14
11: 7 9 12
12: 8 10 11
13: 8 9 14
14: 7 10 13

1: 11
2: 10
3: 4 14
4: 3 12
5: 8 13
6: 8 13
7: 12 13
8: 5 6
9: 11 12
10: 2 14
11: 1 9
12: 4 7 9 14
13: 5 6 7 14
14: 3 10 12 13

1: 14
2: 5 9
3: 6 10
4: 7 8
5: 2 11
6: 3 11
7: 4 13
8: 4 12
9: 2 13
10: 3 12
11: 5 6 14
12: 8 10 14
13: 7 9 14
14: 1 11 12 13

1: 13
2: 14
3: 5 13
4: 6 14
5: 3 12
6: 4 11
7: 9 12
8: 10 11
9: 7 10 13
10: 8 9 14
11: 6 8 12 13
12: 5 7 11 14
13: 1 3 9 11 14
14: 2 4 10 12 13

1: 2 3 4
2: 1 12 13
3: 1 4 14
4: 1 3 14
5: 6 7 14
6: 5 8 10
7: 5 9 11
8: 6 9 12
9: 7 8 13
10: 6 11 13
11: 7 10 12
12: 2 8 11
13: 2 9 10
14: 3 4 5

1: 7
2: 4 12
3: 5 13
4: 2 7 14
5: 3 7 14
6: 8 9 14
7: 1 4 5
8: 6 10 13
9: 6 10 12
10: 8 9 11
11: 10 12 13
12: 2 9 11 14
13: 3 8 11 14
14: 4 5 6 12 13

1: 10
2: 9
3: 6 13
4: 5 14
5: 4 12
6: 3 11
7: 10 13
8: 9 14
9: 2 8
10: 1 7
11: 6 12 13
12: 5 11 14
13: 3 7 11
14: 4 8 12

1: 14
2: 9
3: 8
4: 10 11
5: 6 13
6: 5 12
7: 9 12
8: 3 11
9: 2 7
10: 4 13 14
11: 4 8 14
12: 6 7 13
13: 5 10 12
14: 1 10 11

1: 11
2: 6
3: 7
4: 8
5: 9
6: 2 14
7: 3 14
8: 4 12
9: 5 13
10: 12 13 14
11: 1 12 13
12: 8 10 11
13: 9 10 11
14: 6 7 10

1: 5 14
2: 4 14
3: 10 13
4: 2 12
5: 1 10
6: 9 13 14
7: 8 9 13
8: 7 11 12
9: 6 7 12
10: 3 5 11
11: 8 10 13 14
12: 4 8 9 14
13: 3 6 7 11
14: 1 2 6 11 12

1: 2 7 8 13
2: 1 7 8 14
3: 5 9 10 14
4: 6 11 12 14
5: 3 9 10 13
6: 4 11 12 13
7: 1 2 13 14
8: 1 2 13 14
9: 3 5 13 14
10: 3 5 13 14
11: 4 6 13 14
12: 4 6 13 14
13: 1 5 6 7 8 9 10 11 12 14
14: 2 3 4 7 8 9 10 11 12 13

1: 2 7 8 13
2: 1 7 8 14
3: 5 9 10 14
4: 6 11 12 14
5: 3 9 10 13
6: 4 11 12 13
7: 1 2 13 14
8: 1 2 13 14
9: 3 5 13 14
10: 3 5 13 14
11: 4 6 13 14
12: 4 6 13 14
13: 1 5 6 7 8 9 10 11 12
14: 2 3 4 7 8 9 10 11 12

1: 2 7 10
2: 1 7 10
3: 4 8 11
4: 3 8 11
5: 6 9 12
6: 5 9 12
7: 1 2 13
8: 3 4 14
9: 5 6 14
10: 1 2 14
11: 3 4 13
12: 5 6 13
13: 7 11 12 14
14: 8 9 10 13

