1: 99
2: 89
3: 98
4: 86
5: 84
6: 85
7: 87
8: 88
9: 71
10: 72
11: 73
12: 70
13: 78
14: 75
15: 74
16: 77
17: 76
18: 41
19: 44
20: 45
21: 46
22: 47
23: 48
24: 51
25: 52
26: 53
27: 54
28: 49
29: 50
30: 42
31: 43
32: 56
33: 66
34: 68
35: 67
36: 38
37: 39
38: 36 101
39: 37 101
40: 94 95
41: 18 89
42: 30 93
43: 31 93
44: 19 86
45: 20 84
46: 21 85
47: 22 87
48: 23 88
49: 28 90
50: 29 90
51: 24 91
52: 25 91
53: 26 92
54: 27 92
55: 69 96
56: 32 69
57: 58 96
58: 57 80
59: 60 95
60: 59 94
61: 62 82
62: 61 83
63: 66 79
64: 68 81
65: 67 100
66: 33 63
67: 35 65
68: 34 64
69: 55 56
70: 12 95 99
71: 9 80 98
72: 10 73 99
73: 11 72 87
74: 15 78 98
75: 14 78 88
76: 17 77 89
77: 16 76 83
78: 13 74 75
79: 63 91 96
80: 58 71 97
81: 64 82 92
82: 61 81 97
83: 62 77 97
84: 5 45 99
85: 6 46 98
86: 4 44 100
87: 7 47 73
88: 8 48 75
89: 2 41 76
90: 49 50 101
91: 51 52 79
92: 53 54 81
93: 42 43 100
94: 40 60 100
95: 40 59 70
96: 55 57 79
97: 80 82 83 101
98: 3 71 74 85
99: 1 70 72 84
100: 65 86 93 94
101: 38 39 90 97

1: 73
2: 72
3: 41 42
4: 43 44
5: 39 40
6: 38 101
7: 37 100
8: 49 50
9: 51 52
10: 47 48
11: 45 46
12: 35 36
13: 17 101
14: 17 101
15: 18 100
16: 18 100
17: 13 14
18: 15 16
19: 20 97
20: 19 93
21: 23 79
22: 34 88
23: 21 93
24: 33 92
25: 30 87
26: 29 91
27: 32 90
28: 31 89
29: 26 80
30: 25 81
31: 28 81
32: 27 80
33: 24 78
34: 22 77
35: 12 74
36: 12 74
37: 7 90
38: 6 89
39: 5 82
40: 5 82
41: 3 84
42: 3 84
43: 4 83
44: 4 83
45: 11 78
46: 11 78
47: 10 77
48: 10 77
49: 8 76
50: 8 76
51: 9 75
52: 9 75
53: 79 96
54: 79 86
55: 91 95
56: 74 86
57: 87 88
58: 85 92
59: 85 94
60: 76 81
61: 75 80
62: 65 101
63: 64 100
64: 63 67
65: 62 66
66: 65 69
67: 64 68
68: 67 71
69: 66 70
70: 69 73
71: 68 72
72: 2 71
73: 1 70
74: 35 36 56 95
75: 51 52 61 90
76: 49 50 60 89
77: 34 47 48 88
78: 33 45 46 92
79: 21 53 54 98
80: 29 32 61 90
81: 30 31 60 89
82: 39 40 85 92
83: 43 44 87 93
84: 41 42 91 94
85: 58 59 82 96
86: 54 56 95 98
87: 25 57 83 97
88: 22 57 77 97
89: 28 38 76 81
90: 27 37 75 80
91: 26 55 84 99
92: 24 58 78 82
93: 20 23 83 97
94: 59 84 96 99
95: 55 74 86 99
96: 53 85 94 98
97: 19 87 88 93
98: 79 86 96 99
99: 91 94 95 98
100: 7 15 16 63
101: 6 13 14 62

