1: 2 3 4
2: 1 24 26
3: 1 22 25
4: 1 21 23
5: 9 13 15
6: 7 9 14
7: 6 10 15
8: 11 12 16
9: 5 6 19
10: 7 11 19
11: 8 10 18
12: 8 20 23
13: 5 14 26
14: 6 13 22
15: 5 7 22
16: 8 17 21
17: 16 18 23
18: 11 17 24
19: 9 10 24
20: 12 21 25
21: 4 16 20
22: 3 14 15
23: 4 12 17
24: 2 18 19
25: 3 20 26
26: 2 13 25

1: 2 3 4
2: 1 22 26
3: 1 23 24
4: 1 21 25
5: 6 7 10
6: 5 14 17
7: 5 13 18
8: 9 12 18
9: 8 13 20
10: 5 11 15
11: 10 12 17
12: 8 11 19
13: 7 9 16
14: 6 15 16
15: 10 14 24
16: 13 14 21
17: 6 11 22
18: 7 8 21
19: 12 20 22
20: 9 19 23
21: 4 16 18
22: 2 17 19
23: 3 20 26
24: 3 15 25
25: 4 24 26
26: 2 23 25

1: 15 24 26
2: 15 23 25
3: 16 18 20
4: 17 19 20
5: 16 22 26
6: 19 22 25
7: 18 21 24
8: 17 21 23
9: 15 22 25 26
10: 15 21 23 24
11: 16 18 24 26
12: 17 19 23 25
13: 16 19 20 22
14: 17 18 20 21
15: 1 2 9 10
16: 3 5 11 13
17: 4 8 12 14
18: 3 7 11 14
19: 4 6 12 13
20: 3 4 13 14
21: 7 8 10 14
22: 5 6 9 13
23: 2 8 10 12
24: 1 7 10 11
25: 2 6 9 12
26: 1 5 9 11

1: 2 3 4
2: 1 21 26
3: 1 22 24
4: 1 23 25
5: 6 7 20
6: 5 15 19
7: 5 14 18
8: 9 10 13
9: 8 16 17
10: 8 11 12
11: 10 15 17
12: 10 14 16
13: 8 14 15
14: 7 12 13
15: 6 11 13
16: 9 12 22
17: 9 11 23
18: 7 21 25
19: 6 21 24
20: 5 22 23
21: 2 18 19
22: 3 16 20
23: 4 17 20
24: 3 19 26
25: 4 18 26
26: 2 24 25

1: 2 3 4 5
2: 1 19 23 24
3: 1 21 24 26
4: 1 22 25 26
5: 1 20 23 25
6: 7 8 9 10
7: 6 11 15 16
8: 6 13 16 18
9: 6 14 17 18
10: 6 12 15 17
11: 7 12 13 17
12: 10 11 14 18
13: 8 11 14 15
14: 9 12 13 16
15: 7 10 13 18
16: 7 8 14 17
17: 9 10 11 16
18: 8 9 12 15
19: 2 20 21 25
20: 5 19 22 26
21: 3 19 22 23
22: 4 20 21 24
23: 2 5 21 26
24: 2 3 22 25
25: 4 5 19 24
26: 3 4 20 23

1: 2 3 4
2: 1 24 26
3: 1 23 25
4: 1 21 22
5: 6 16 18
6: 5 9 20
7: 12 17 19
8: 10 13 19
9: 6 10 11
10: 8 9 15
11: 9 13 14
12: 7 13 15
13: 8 11 12
14: 11 15 18
15: 10 12 14
16: 5 17 25
17: 7 16 21
18: 5 14 21
19: 7 8 22
20: 6 23 24
21: 4 17 18
22: 4 19 26
23: 3 20 26
24: 2 20 25
25: 3 16 24
26: 2 22 23

1: 2 3 4
2: 1 25 26
3: 1 23 24
4: 1 21 22
5: 6 10 20
6: 5 7 11
7: 6 12 13
8: 9 14 19
9: 8 11 13
10: 5 12 17
11: 6 9 15
12: 7 10 15
13: 7 9 16
14: 8 16 18
15: 11 12 26
16: 13 14 22
17: 10 18 22
18: 14 17 21
19: 8 23 25
20: 5 21 24
21: 4 18 20
22: 4 16 17
23: 3 19 26
24: 3 20 25
25: 2 19 24
26: 2 15 23

1: 2 3 4
2: 1 21 26
3: 1 23 25
4: 1 22 24
5: 13 14 20
6: 8 9 12
7: 10 11 19
8: 6 13 15
9: 6 10 16
10: 7 9 18
11: 7 12 17
12: 6 11 18
13: 5 8 17
14: 5 15 16
15: 8 14 23
16: 9 14 22
17: 11 13 23
18: 10 12 22
19: 7 21 25
20: 5 21 24
21: 2 19 20
22: 4 16 18
23: 3 15 17
24: 4 20 26
25: 3 19 26
26: 2 24 25

1: 2 3 4
2: 1 22 26
3: 1 24 25
4: 1 21 23
5: 8 15 16
6: 8 11 14
7: 8 12 13
8: 5 6 7
9: 13 16 20
10: 14 15 19
11: 6 12 18
12: 7 11 17
13: 7 9 18
14: 6 10 17
15: 5 10 20
16: 5 9 19
17: 12 14 22
18: 11 13 21
19: 10 16 24
20: 9 15 23
21: 4 18 25
22: 2 17 24
23: 4 20 26
24: 3 19 22
25: 3 21 26
26: 2 23 25

1: 2 3 4
2: 1 22 26
3: 1 24 25
4: 1 21 23
5: 8 15 16
6: 8 11 14
7: 8 12 13
8: 5 6 7
9: 14 16 20
10: 13 15 19
11: 6 12 18
12: 7 11 17
13: 7 10 18
14: 6 9 17
15: 5 10 20
16: 5 9 19
17: 12 14 22
18: 11 13 21
19: 10 16 24
20: 9 15 23
21: 4 18 25
22: 2 17 24
23: 4 20 26
24: 3 19 22
25: 3 21 26
26: 2 23 25

1: 2 3 4
2: 1 23 24
3: 1 25 26
4: 1 21 22
5: 6 7 14
6: 5 8 13
7: 5 9 19
8: 6 10 20
9: 7 12 15
10: 8 11 16
11: 10 12 18
12: 9 11 17
13: 6 16 18
14: 5 15 17
15: 9 14 22
16: 10 13 21
17: 12 14 26
18: 11 13 25
19: 7 22 24
20: 8 21 23
21: 4 16 20
22: 4 15 19
23: 2 20 26
24: 2 19 25
25: 3 18 24
26: 3 17 23

1: 2 3 4
2: 1 21 22
3: 1 24 26
4: 1 23 25
5: 6 7 20
6: 5 13 18
7: 5 17 19
8: 9 10 13
9: 8 12 19
10: 8 11 15
11: 10 12 16
12: 9 11 14
13: 6 8 14
14: 12 13 25
15: 10 18 26
16: 11 17 21
17: 7 16 22
18: 6 15 22
19: 7 9 21
20: 5 23 24
21: 2 16 19
22: 2 17 18
23: 4 20 26
24: 3 20 25
25: 4 14 24
26: 3 15 23

1: 2 3 4
2: 1 23 24
3: 1 21 26
4: 1 22 25
5: 7 9 19
6: 8 10 20
7: 5 8 14
8: 6 7 13
9: 5 12 13
10: 6 11 14
11: 10 16 18
12: 9 15 17
13: 8 9 24
14: 7 10 24
15: 12 18 23
16: 11 17 23
17: 12 16 22
18: 11 15 21
19: 5 22 26
20: 6 21 25
21: 3 18 20
22: 4 17 19
23: 2 15 16
24: 2 13 14
25: 4 20 26
26: 3 19 25

1: 2 3 4
2: 1 24 26
3: 1 23 25
4: 1 21 22
5: 6 7 20
6: 5 18 19
7: 5 12 13
8: 9 14 15
9: 8 10 11
10: 9 13 16
11: 9 12 17
12: 7 11 19
13: 7 10 18
14: 8 16 22
15: 8 17 21
16: 10 14 25
17: 11 15 26
18: 6 13 22
19: 6 12 21
20: 5 23 24
21: 4 15 19
22: 4 14 18
23: 3 20 26
24: 2 20 25
25: 3 16 24
26: 2 17 23

1: 2 3 4
2: 1 22 26
3: 1 21 24
4: 1 23 25
5: 6 8 19
6: 5 7 10
7: 6 11 12
8: 5 9 14
9: 8 13 20
10: 6 13 14
11: 7 15 17
12: 7 16 18
13: 9 10 26
14: 8 10 21
15: 11 16 23
16: 12 15 24
17: 11 18 24
18: 12 17 22
19: 5 21 23
20: 9 22 25
21: 3 14 19
22: 2 18 20
23: 4 15 19
24: 3 16 17
25: 4 20 26
26: 2 13 25

1: 2 3 4
2: 1 22 26
3: 1 23 24
4: 1 21 25
5: 8 11 12
6: 12 14 16
7: 10 13 20
8: 5 9 16
9: 8 10 17
10: 7 9 18
11: 5 13 18
12: 5 6 17
13: 7 11 15
14: 6 15 19
15: 13 14 21
16: 6 8 22
17: 9 12 24
18: 10 11 23
19: 14 20 22
20: 7 19 21
21: 4 15 20
22: 2 16 19
23: 3 18 26
24: 3 17 25
25: 4 24 26
26: 2 23 25

1: 2 3 4
2: 1 22 26
3: 1 21 25
4: 1 23 24
5: 6 7 20
6: 5 12 15
7: 5 13 14
8: 9 16 17
9: 8 10 11
10: 9 12 14
11: 9 13 15
12: 6 10 18
13: 7 11 19
14: 7 10 15
15: 6 11 14
16: 8 19 24
17: 8 18 23
18: 12 17 22
19: 13 16 21
20: 5 21 22
21: 3 19 20
22: 2 18 20
23: 4 17 26
24: 4 16 25
25: 3 24 26
26: 2 23 25

1: 2 3 4
2: 1 24 26
3: 1 21 25
4: 1 22 23
5: 10 16 18
6: 10 15 17
7: 9 11 13
8: 9 12 14
9: 7 8 20
10: 5 6 19
11: 7 12 24
12: 8 11 21
13: 7 14 21
14: 8 13 22
15: 6 18 23
16: 5 17 23
17: 6 16 25
18: 5 15 22
19: 10 20 26
20: 9 19 24
21: 3 12 13
22: 4 14 18
23: 4 15 16
24: 2 11 20
25: 3 17 26
26: 2 19 25

1: 2 3 4
2: 1 23 24
3: 1 21 26
4: 1 22 25
5: 6 7 20
6: 5 15 19
7: 5 14 16
8: 13 15 18
9: 10 11 18
10: 9 13 17
11: 9 12 16
12: 11 13 14
13: 8 10 12
14: 7 12 19
15: 6 8 17
16: 7 11 24
17: 10 15 22
18: 8 9 22
19: 6 14 21
20: 5 21 23
21: 3 19 20
22: 4 17 18
23: 2 20 26
24: 2 16 25
25: 4 24 26
26: 3 23 25

1: 2 3 4
2: 1 22 26
3: 1 23 24
4: 1 21 25
5: 6 7 20
6: 5 18 19
7: 5 14 15
8: 9 10 17
9: 8 13 16
10: 8 11 12
11: 10 15 16
12: 10 13 14
13: 9 12 15
14: 7 12 19
15: 7 11 13
16: 9 11 22
17: 8 18 23
18: 6 17 24
19: 6 14 21
20: 5 21 22
21: 4 19 20
22: 2 16 20
23: 3 17 26
24: 3 18 25
25: 4 24 26
26: 2 23 25

1: 2 3 4
2: 1 23 24
3: 1 21 26
4: 1 22 25
5: 6 7 20
6: 5 15 19
7: 5 14 16
8: 9 10 19
9: 8 13 18
10: 8 12 15
11: 12 14 18
12: 10 11 13
13: 9 12 17
14: 7 11 17
15: 6 10 16
16: 7 15 24
17: 13 14 22
18: 9 11 22
19: 6 8 21
20: 5 21 23
21: 3 19 20
22: 4 17 18
23: 2 20 26
24: 2 16 25
25: 4 24 26
26: 3 23 25

1: 2 3 4
2: 1 24 26
3: 1 23 25
4: 1 21 22
5: 6 8 14
6: 5 9 11
7: 8 10 11
8: 5 7 13
9: 6 10 13
10: 7 9 12
11: 6 7 18
12: 10 15 19
13: 8 9 15
14: 5 16 17
15: 12 13 26
16: 14 20 22
17: 14 18 21
18: 11 17 22
19: 12 23 24
20: 16 21 25
21: 4 17 20
22: 4 16 18
23: 3 19 26
24: 2 19 25
25: 3 20 24
26: 2 15 23

1: 2 3 4
2: 1 24 26
3: 1 23 25
4: 1 21 22
5: 7 9 19
6: 9 10 11
7: 5 8 11
8: 7 10 13
9: 5 6 13
10: 6 8 12
11: 6 7 18
12: 10 14 15
13: 8 9 15
14: 12 16 17
15: 12 13 26
16: 14 20 22
17: 14 18 21
18: 11 17 22
19: 5 23 24
20: 16 21 25
21: 4 17 20
22: 4 16 18
23: 3 19 26
24: 2 19 25
25: 3 20 24
26: 2 15 23

1: 2 3 4
2: 1 23 24
3: 1 21 26
4: 1 22 25
5: 6 7 20
6: 5 18 19
7: 5 14 15
8: 9 16 17
9: 8 12 13
10: 13 15 18
11: 12 14 17
12: 9 11 15
13: 9 10 14
14: 7 11 13
15: 7 10 12
16: 8 19 24
17: 8 11 22
18: 6 10 21
19: 6 16 23
20: 5 21 22
21: 3 18 20
22: 4 17 20
23: 2 19 26
24: 2 16 25
25: 4 24 26
26: 3 23 25

1: 2 3 4
2: 1 24 26
3: 1 23 25
4: 1 21 22
5: 6 7 16
6: 5 13 14
7: 5 12 15
8: 9 11 19
9: 8 10 20
10: 9 14 18
11: 8 12 13
12: 7 11 14
13: 6 11 15
14: 6 10 12
15: 7 13 17
16: 5 17 25
17: 15 16 21
18: 10 19 22
19: 8 18 21
20: 9 23 24
21: 4 17 19
22: 4 18 26
23: 3 20 26
24: 2 20 25
25: 3 16 24
26: 2 22 23

1: 2 3 4
2: 1 21 22
3: 1 23 25
4: 1 24 26
5: 8 9 10
6: 7 9 12
7: 6 8 11
8: 5 7 14
9: 5 6 13
10: 5 11 12
11: 7 10 18
12: 6 10 17
13: 9 14 20
14: 8 13 19
15: 16 17 18
16: 15 19 20
17: 12 15 22
18: 11 15 21
19: 14 16 23
20: 13 16 24
21: 2 18 26
22: 2 17 25
23: 3 19 24
24: 4 20 23
25: 3 22 26
26: 4 21 25

1: 2 3 4
2: 1 21 25
3: 1 22 26
4: 1 23 24
5: 8 9 10
6: 7 9 12
7: 6 8 11
8: 5 7 14
9: 5 6 13
10: 5 11 12
11: 7 10 18
12: 6 10 17
13: 9 14 20
14: 8 13 19
15: 16 17 18
16: 15 19 20
17: 12 15 21
18: 11 15 22
19: 14 16 24
20: 13 16 23
21: 2 17 22
22: 3 18 21
23: 4 20 26
24: 4 19 25
25: 2 24 26
26: 3 23 25

1: 2 3 4
2: 1 24 26
3: 1 23 25
4: 1 21 22
5: 7 9 14
6: 9 10 11
7: 5 8 11
8: 7 10 13
9: 5 6 13
10: 6 8 12
11: 6 7 16
12: 10 17 19
13: 8 9 18
14: 5 15 16
15: 14 20 22
16: 11 14 21
17: 12 18 26
18: 13 17 22
19: 12 23 24
20: 15 21 25
21: 4 16 20
22: 4 15 18
23: 3 19 26
24: 2 19 25
25: 3 20 24
26: 2 17 23

1: 2 3 4
2: 1 23 24
3: 1 21 26
4: 1 22 25
5: 6 8 10
6: 5 7 9
7: 6 11 14
8: 5 12 13
9: 6 12 16
10: 5 11 15
11: 7 10 20
12: 8 9 19
13: 8 16 18
14: 7 15 17
15: 10 14 22
16: 9 13 21
17: 14 20 21
18: 13 19 23
19: 12 18 24
20: 11 17 22
21: 3 16 17
22: 4 15 20
23: 2 18 26
24: 2 19 25
25: 4 24 26
26: 3 23 25

1: 2 3 4
2: 1 23 24
3: 1 21 26
4: 1 22 25
5: 6 7 20
6: 5 18 19
7: 5 14 15
8: 11 16 17
9: 10 13 17
10: 9 12 16
11: 8 12 13
12: 10 11 15
13: 9 11 14
14: 7 13 19
15: 7 12 18
16: 8 10 24
17: 8 9 22
18: 6 15 21
19: 6 14 23
20: 5 21 22
21: 3 18 20
22: 4 17 20
23: 2 19 26
24: 2 16 25
25: 4 24 26
26: 3 23 25

1: 2 3 4
2: 1 22 26
3: 1 23 24
4: 1 21 25
5: 11 12 14
6: 9 10 12
7: 8 13 18
8: 7 10 20
9: 6 11 15
10: 6 8 17
11: 5 9 17
12: 5 6 18
13: 7 16 19
14: 5 15 16
15: 9 14 22
16: 13 14 23
17: 10 11 22
18: 7 12 21
19: 13 20 24
20: 8 19 21
21: 4 18 20
22: 2 15 17
23: 3 16 26
24: 3 19 25
25: 4 24 26
26: 2 23 25

1: 2 3 4
2: 1 22 25
3: 1 21 26
4: 1 23 24
5: 6 7 20
6: 5 15 19
7: 5 13 14
8: 12 17 18
9: 11 14 18
10: 11 13 15
11: 9 10 12
12: 8 11 16
13: 7 10 19
14: 7 9 16
15: 6 10 17
16: 12 14 22
17: 8 15 24
18: 8 9 23
19: 6 13 21
20: 5 21 22
21: 3 19 20
22: 2 16 20
23: 4 18 26
24: 4 17 25
25: 2 24 26
26: 3 23 25

1: 2 3 4
2: 1 21 26
3: 1 23 25
4: 1 22 24
5: 8 13 19
6: 12 17 18
7: 10 14 18
8: 5 9 20
9: 8 15 16
10: 7 11 17
11: 10 12 13
12: 6 11 14
13: 5 11 16
14: 7 12 21
15: 9 19 22
16: 9 13 23
17: 6 10 23
18: 6 7 22
19: 5 15 24
20: 8 21 25
21: 2 14 20
22: 4 15 18
23: 3 16 17
24: 4 19 26
25: 3 20 26
26: 2 24 25

1: 2 3 4
2: 1 21 25
3: 1 22 26
4: 1 23 24
5: 6 7 20
6: 5 18 19
7: 5 14 15
8: 11 16 17
9: 10 13 17
10: 9 12 16
11: 8 12 13
12: 10 11 15
13: 9 11 14
14: 7 13 19
15: 7 12 18
16: 8 10 24
17: 8 9 23
18: 6 15 22
19: 6 14 21
20: 5 21 22
21: 2 19 20
22: 3 18 20
23: 4 17 26
24: 4 16 25
25: 2 24 26
26: 3 23 25

1: 2 3 4
2: 1 21 26
3: 1 22 24
4: 1 23 25
5: 8 10 11
6: 7 9 10
7: 6 12 19
8: 5 9 16
9: 6 8 14
10: 5 6 17
11: 5 14 15
12: 7 13 18
13: 12 20 24
14: 9 11 23
15: 11 16 26
16: 8 15 21
17: 10 18 24
18: 12 17 22
19: 7 21 25
20: 13 22 23
21: 2 16 19
22: 3 18 20
23: 4 14 20
24: 3 13 17
25: 4 19 26
26: 2 15 25

1: 2 3 4
2: 1 22 26
3: 1 21 25
4: 1 23 24
5: 6 7 12
6: 5 11 19
7: 5 10 20
8: 9 13 19
9: 8 11 20
10: 7 14 18
11: 6 9 17
12: 5 15 18
13: 8 16 17
14: 10 15 16
15: 12 14 22
16: 13 14 23
17: 11 13 24
18: 10 12 21
19: 6 8 22
20: 7 9 21
21: 3 18 20
22: 2 15 19
23: 4 16 26
24: 4 17 25
25: 3 24 26
26: 2 23 25

1: 2 3 4
2: 1 22 26
3: 1 23 24
4: 1 21 25
5: 9 10 14
6: 7 8 10
7: 6 12 13
8: 6 11 20
9: 5 12 18
10: 5 6 16
11: 8 13 16
12: 7 9 15
13: 7 11 19
14: 5 15 17
15: 12 14 24
16: 10 11 21
17: 14 18 21
18: 9 17 22
19: 13 20 22
20: 8 19 23
21: 4 16 17
22: 2 18 19
23: 3 20 26
24: 3 15 25
25: 4 24 26
26: 2 23 25

1: 2 3 4
2: 1 23 24
3: 1 22 26
4: 1 21 25
5: 6 7 8
6: 5 12 15
7: 5 10 20
8: 5 9 19
9: 8 11 20
10: 7 11 19
11: 9 10 18
12: 6 16 17
13: 14 15 16
14: 13 17 18
15: 6 13 23
16: 12 13 22
17: 12 14 21
18: 11 14 24
19: 8 10 22
20: 7 9 21
21: 4 17 20
22: 3 16 19
23: 2 15 26
24: 2 18 25
25: 4 24 26
26: 3 23 25

1: 2 3 4
2: 1 23 24
3: 1 22 26
4: 1 21 25
5: 6 7 12
6: 5 11 19
7: 5 10 20
8: 9 13 19
9: 8 11 20
10: 7 14 18
11: 6 9 17
12: 5 15 18
13: 8 16 17
14: 10 15 16
15: 12 14 24
16: 13 14 21
17: 11 13 22
18: 10 12 23
19: 6 8 22
20: 7 9 21
21: 4 16 20
22: 3 17 19
23: 2 18 26
24: 2 15 25
25: 4 24 26
26: 3 23 25

1: 2 3 4
2: 1 23 24
3: 1 22 26
4: 1 21 25
5: 6 7 8
6: 5 12 15
7: 5 10 20
8: 5 9 19
9: 8 11 20
10: 7 11 19
11: 9 10 18
12: 6 16 17
13: 14 15 16
14: 13 17 18
15: 6 13 23
16: 12 13 24
17: 12 14 21
18: 11 14 22
19: 8 10 22
20: 7 9 21
21: 4 17 20
22: 3 18 19
23: 2 15 26
24: 2 16 25
25: 4 24 26
26: 3 23 25

1: 2 3 4
2: 1 23 24
3: 1 21 26
4: 1 22 25
5: 6 7 20
6: 5 15 19
7: 5 14 16
8: 9 10 19
9: 8 13 18
10: 8 12 15
11: 12 13 16
12: 10 11 14
13: 9 11 17
14: 7 12 17
15: 6 10 18
16: 7 11 24
17: 13 14 21
18: 9 15 22
19: 6 8 22
20: 5 21 23
21: 3 17 20
22: 4 18 19
23: 2 20 26
24: 2 16 25
25: 4 24 26
26: 3 23 25

1: 2 3 4
2: 1 23 24
3: 1 21 26
4: 1 22 25
5: 6 7 20
6: 5 18 19
7: 5 14 15
8: 9 16 17
9: 8 12 13
10: 13 15 18
11: 12 14 16
12: 9 11 15
13: 9 10 14
14: 7 11 13
15: 7 10 12
16: 8 11 24
17: 8 19 22
18: 6 10 23
19: 6 17 21
20: 5 21 22
21: 3 19 20
22: 4 17 20
23: 2 18 26
24: 2 16 25
25: 4 24 26
26: 3 23 25

1: 2 3 4
2: 1 24 26
3: 1 23 25
4: 1 21 22
5: 13 15 16
6: 12 14 16
7: 8 11 18
8: 7 9 17
9: 8 10 20
10: 9 13 18
11: 7 14 15
12: 6 15 19
13: 5 10 14
14: 6 11 13
15: 5 11 12
16: 5 6 25
17: 8 19 21
18: 7 10 21
19: 12 17 22
20: 9 23 24
21: 4 17 18
22: 4 19 26
23: 3 20 26
24: 2 20 25
25: 3 16 24
26: 2 22 23

1: 2 3 4
2: 1 23 26
3: 1 21 25
4: 1 22 24
5: 7 11 19
6: 7 8 14
7: 5 6 18
8: 6 11 13
9: 10 16 20
10: 9 12 13
11: 5 8 15
12: 10 14 17
13: 8 10 26
14: 6 12 24
15: 11 18 23
16: 9 17 24
17: 12 16 22
18: 7 15 21
19: 5 21 23
20: 9 22 25
21: 3 18 19
22: 4 17 20
23: 2 15 19
24: 4 14 16
25: 3 20 26
26: 2 13 25

1: 2 3 4
2: 1 23 24
3: 1 22 26
4: 1 21 25
5: 6 7 20
6: 5 18 19
7: 5 14 15
8: 9 10 17
9: 8 13 16
10: 8 11 12
11: 10 15 16
12: 10 13 14
13: 9 12 15
14: 7 12 19
15: 7 11 13
16: 9 11 22
17: 8 18 21
18: 6 17 24
19: 6 14 23
20: 5 21 22
21: 4 17 20
22: 3 16 20
23: 2 19 26
24: 2 18 25
25: 4 24 26
26: 3 23 25

1: 2 3 4
2: 1 25 26
3: 1 22 24
4: 1 21 23
5: 10 13 15
6: 10 12 18
7: 10 11 17
8: 9 14 16
9: 8 17 18
10: 5 6 7
11: 7 13 22
12: 6 14 21
13: 5 11 24
14: 8 12 23
15: 5 20 22
16: 8 19 21
17: 7 9 26
18: 6 9 25
19: 16 23 26
20: 15 24 25
21: 4 12 16
22: 3 11 15
23: 4 14 19
24: 3 13 20
25: 2 18 20
26: 2 17 19

1: 2 3 4
2: 1 22 26
3: 1 21 25
4: 1 23 24
5: 9 11 19
6: 10 12 20
7: 8 10 14
8: 7 9 13
9: 5 8 18
10: 6 7 17
11: 5 13 15
12: 6 14 16
13: 8 11 24
14: 7 12 23
15: 11 18 22
16: 12 17 21
17: 10 16 26
18: 9 15 25
19: 5 22 24
20: 6 21 23
21: 3 16 20
22: 2 15 19
23: 4 14 20
24: 4 13 19
25: 3 18 26
26: 2 17 25

1: 2 3 4
2: 1 22 26
3: 1 21 24
4: 1 23 25
5: 8 17 20
6: 9 15 19
7: 9 11 16
8: 5 10 14
9: 6 7 12
10: 8 13 18
11: 7 18 19
12: 9 14 22
13: 10 17 21
14: 8 12 26
15: 6 16 25
16: 7 15 23
17: 5 13 24
18: 10 11 24
19: 6 11 23
20: 5 21 22
21: 3 13 20
22: 2 12 20
23: 4 16 19
24: 3 17 18
25: 4 15 26
26: 2 14 25

1: 2 3 4
2: 1 21 23
3: 1 22 24
4: 1 25 26
5: 9 11 20
6: 9 12 18
7: 10 17 18
8: 10 15 16
9: 5 6 14
10: 7 8 13
11: 5 12 23
12: 6 11 21
13: 10 14 22
14: 9 13 24
15: 8 17 26
16: 8 19 25
17: 7 15 25
18: 6 7 23
19: 16 24 26
20: 5 21 22
21: 2 12 20
22: 3 13 20
23: 2 11 18
24: 3 14 19
25: 4 16 17
26: 4 15 19

1: 2 3 4
2: 1 24 26
3: 1 23 25
4: 1 21 22
5: 9 12 13
6: 9 11 14
7: 10 16 17
8: 10 15 18
9: 5 6 20
10: 7 8 19
11: 6 12 24
12: 5 11 23
13: 5 15 25
14: 6 16 26
15: 8 13 22
16: 7 14 21
17: 7 18 22
18: 8 17 21
19: 10 25 26
20: 9 23 24
21: 4 16 18
22: 4 15 17
23: 3 12 20
24: 2 11 20
25: 3 13 19
26: 2 14 19

1: 2 3 4
2: 1 22 26
3: 1 21 25
4: 1 23 24
5: 6 7 20
6: 5 13 14
7: 5 12 15
8: 9 10 11
9: 8 16 19
10: 8 17 18
11: 8 12 13
12: 7 11 14
13: 6 11 15
14: 6 12 18
15: 7 13 19
16: 9 17 22
17: 10 16 21
18: 10 14 24
19: 9 15 23
20: 5 21 22
21: 3 17 20
22: 2 16 20
23: 4 19 26
24: 4 18 25
25: 3 24 26
26: 2 23 25

1: 2 3 4
2: 1 25 26
3: 1 23 24
4: 1 21 22
5: 8 9 20
6: 9 11 13
7: 10 12 19
8: 5 13 18
9: 5 6 16
10: 7 11 16
11: 6 10 17
12: 7 14 17
13: 6 8 15
14: 12 15 18
15: 13 14 26
16: 9 10 22
17: 11 12 22
18: 8 14 21
19: 7 23 25
20: 5 21 24
21: 4 18 20
22: 4 16 17
23: 3 19 26
24: 3 20 25
25: 2 19 24
26: 2 15 23

1: 2 3 4
2: 1 21 26
3: 1 23 25
4: 1 22 24
5: 8 18 19
6: 10 12 17
7: 11 13 17
8: 5 9 20
9: 8 10 16
10: 6 9 11
11: 7 10 14
12: 6 13 14
13: 7 12 15
14: 11 12 21
15: 13 19 22
16: 9 18 23
17: 6 7 23
18: 5 16 22
19: 5 15 24
20: 8 21 25
21: 2 14 20
22: 4 15 18
23: 3 16 17
24: 4 19 26
25: 3 20 26
26: 2 24 25

1: 2 3 4
2: 1 21 26
3: 1 22 24
4: 1 23 25
5: 7 13 20
6: 7 11 12
7: 5 6 19
8: 9 10 17
9: 8 12 15
10: 8 11 14
11: 6 10 15
12: 6 9 14
13: 5 16 18
14: 10 12 21
15: 9 11 23
16: 13 17 24
17: 8 16 22
18: 13 22 26
19: 7 23 24
20: 5 21 25
21: 2 14 20
22: 3 17 18
23: 4 15 19
24: 3 16 19
25: 4 20 26
26: 2 18 25

1: 2 3 4
2: 1 22 26
3: 1 23 24
4: 1 21 25
5: 10 12 19
6: 7 8 20
7: 6 11 16
8: 6 9 15
9: 8 13 16
10: 5 13 18
11: 7 14 15
12: 5 14 17
13: 9 10 26
14: 11 12 21
15: 8 11 24
16: 7 9 24
17: 12 18 23
18: 10 17 22
19: 5 21 23
20: 6 22 25
21: 4 14 19
22: 2 18 20
23: 3 17 19
24: 3 15 16
25: 4 20 26
26: 2 13 25

1: 2 3 4
2: 1 22 26
3: 1 21 25
4: 1 23 24
5: 6 7 20
6: 5 13 14
7: 5 12 15
8: 9 10 11
9: 8 16 19
10: 8 17 18
11: 8 12 13
12: 7 11 14
13: 6 11 15
14: 6 12 18
15: 7 13 19
16: 9 17 24
17: 10 16 23
18: 10 14 22
19: 9 15 21
20: 5 21 22
21: 3 19 20
22: 2 18 20
23: 4 17 26
24: 4 16 25
25: 3 24 26
26: 2 23 25

1: 2 3 4
2: 1 21 22
3: 1 24 26
4: 1 23 25
5: 7 8 9
6: 7 11 19
7: 5 6 13
8: 5 10 18
9: 5 11 12
10: 8 15 20
11: 6 9 14
12: 9 13 15
13: 7 12 14
14: 11 13 17
15: 10 12 16
16: 15 17 22
17: 14 16 21
18: 8 22 26
19: 6 21 25
20: 10 23 24
21: 2 17 19
22: 2 16 18
23: 4 20 26
24: 3 20 25
25: 4 19 24
26: 3 18 23

1: 2 3 4
2: 1 23 24
3: 1 22 26
4: 1 21 25
5: 6 7 20
6: 5 18 19
7: 5 14 15
8: 9 11 12
9: 8 10 16
10: 9 13 18
11: 8 15 17
12: 8 13 14
13: 10 12 15
14: 7 12 17
15: 7 11 13
16: 9 19 24
17: 11 14 23
18: 6 10 22
19: 6 16 21
20: 5 21 22
21: 4 19 20
22: 3 18 20
23: 2 17 26
24: 2 16 25
25: 4 24 26
26: 3 23 25

1: 2 3 4
2: 1 25 26
3: 1 23 24
4: 1 21 22
5: 6 10 19
6: 5 7 11
7: 6 12 13
8: 9 11 13
9: 8 12 14
10: 5 17 20
11: 6 8 16
12: 7 9 16
13: 7 8 15
14: 9 15 18
15: 13 14 26
16: 11 12 22
17: 10 18 22
18: 14 17 21
19: 5 23 25
20: 10 21 24
21: 4 18 20
22: 4 16 17
23: 3 19 26
24: 3 20 25
25: 2 19 24
26: 2 15 23

1: 2 3 4
2: 1 22 25
3: 1 21 26
4: 1 23 24
5: 6 7 20
6: 5 15 19
7: 5 13 14
8: 12 14 18
9: 11 17 18
10: 11 13 15
11: 9 10 12
12: 8 11 16
13: 7 10 19
14: 7 8 15
15: 6 10 14
16: 12 17 22
17: 9 16 24
18: 8 9 23
19: 6 13 21
20: 5 21 22
21: 3 19 20
22: 2 16 20
23: 4 18 26
24: 4 17 25
25: 2 24 26
26: 3 23 25

1: 2 3 4
2: 1 21 26
3: 1 23 25
4: 1 22 24
5: 13 14 20
6: 10 11 12
7: 14 16 19
8: 9 12 18
9: 8 11 16
10: 6 13 18
11: 6 9 15
12: 6 8 17
13: 5 10 17
14: 5 7 15
15: 11 14 23
16: 7 9 23
17: 12 13 22
18: 8 10 22
19: 7 21 25
20: 5 21 24
21: 2 19 20
22: 4 17 18
23: 3 15 16
24: 4 20 26
25: 3 19 26
26: 2 24 25

1: 2 3 4
2: 1 23 24
3: 1 21 26
4: 1 22 25
5: 6 7 20
6: 5 15 19
7: 5 14 18
8: 11 16 17
9: 10 13 17
10: 9 12 16
11: 8 12 13
12: 10 11 15
13: 9 11 14
14: 7 13 15
15: 6 12 14
16: 8 10 24
17: 8 9 22
18: 7 19 23
19: 6 18 21
20: 5 21 22
21: 3 19 20
22: 4 17 20
23: 2 18 26
24: 2 16 25
25: 4 24 26
26: 3 23 25

1: 2 3 4
2: 1 23 26
3: 1 21 24
4: 1 22 25
5: 6 7 20
6: 5 13 19
7: 5 11 12
8: 9 11 13
9: 8 10 14
10: 9 15 16
11: 7 8 19
12: 7 13 15
13: 6 8 12
14: 9 17 24
15: 10 12 26
16: 10 18 25
17: 14 18 21
18: 16 17 22
19: 6 11 22
20: 5 21 23
21: 3 17 20
22: 4 18 19
23: 2 20 24
24: 3 14 23
25: 4 16 26
26: 2 15 25

1: 2 3 4
2: 1 21 26
3: 1 23 24
4: 1 22 25
5: 10 12 19
6: 7 8 20
7: 6 11 16
8: 6 9 15
9: 8 13 16
10: 5 13 18
11: 7 14 15
12: 5 14 17
13: 9 10 26
14: 11 12 21
15: 8 11 24
16: 7 9 24
17: 12 18 23
18: 10 17 22
19: 5 22 23
20: 6 21 25
21: 2 14 20
22: 4 18 19
23: 3 17 19
24: 3 15 16
25: 4 20 26
26: 2 13 25

1: 2 3 4
2: 1 21 22
3: 1 24 26
4: 1 23 25
5: 6 7 20
6: 5 13 19
7: 5 12 18
8: 9 15 17
9: 8 10 11
10: 9 12 16
11: 9 13 14
12: 7 10 19
13: 6 11 17
14: 11 15 22
15: 8 14 26
16: 10 18 25
17: 8 13 22
18: 7 16 21
19: 6 12 21
20: 5 23 24
21: 2 18 19
22: 2 14 17
23: 4 20 26
24: 3 20 25
25: 4 16 24
26: 3 15 23

1: 2 3 4
2: 1 25 26
3: 1 23 24
4: 1 21 22
5: 6 10 20
6: 5 7 11
7: 6 8 14
8: 7 12 13
9: 10 12 19
10: 5 9 17
11: 6 13 15
12: 8 9 18
13: 8 11 16
14: 7 15 16
15: 11 14 26
16: 13 14 22
17: 10 18 21
18: 12 17 22
19: 9 23 25
20: 5 21 24
21: 4 17 20
22: 4 16 18
23: 3 19 26
24: 3 20 25
25: 2 19 24
26: 2 15 23

1: 2 3 4
2: 1 23 24
3: 1 22 26
4: 1 21 25
5: 6 14 20
6: 5 10 11
7: 9 13 19
8: 9 16 17
9: 7 8 18
10: 6 13 24
11: 6 12 23
12: 11 15 24
13: 7 10 23
14: 5 18 26
15: 12 17 25
16: 8 19 25
17: 8 15 26
18: 9 14 22
19: 7 16 21
20: 5 21 22
21: 4 19 20
22: 3 18 20
23: 2 11 13
24: 2 10 12
25: 4 15 16
26: 3 14 17

1: 2 3 4
2: 1 21 26
3: 1 22 25
4: 1 23 24
5: 6 11 17
6: 5 12 13
7: 10 14 18
8: 9 17 18
9: 8 10 16
10: 7 9 15
11: 5 16 25
12: 6 14 24
13: 6 19 23
14: 7 12 23
15: 10 20 21
16: 9 11 22
17: 5 8 22
18: 7 8 21
19: 13 24 26
20: 15 25 26
21: 2 15 18
22: 3 16 17
23: 4 13 14
24: 4 12 19
25: 3 11 20
26: 2 19 20

1: 2 3 4
2: 1 23 24
3: 1 21 26
4: 1 22 25
5: 9 10 14
6: 7 8 13
7: 6 10 15
8: 6 9 16
9: 5 8 15
10: 5 7 16
11: 12 18 20
12: 11 17 19
13: 6 17 18
14: 5 19 20
15: 7 9 25
16: 8 10 26
17: 12 13 22
18: 11 13 21
19: 12 14 24
20: 11 14 23
21: 3 18 22
22: 4 17 21
23: 2 20 26
24: 2 19 25
25: 4 15 24
26: 3 16 23

1: 2 3 4
2: 1 21 26
3: 1 23 25
4: 1 22 24
5: 12 18 19
6: 11 13 19
7: 11 14 18
8: 10 13 16
9: 10 15 17
10: 8 9 14
11: 6 7 12
12: 5 11 20
13: 6 8 15
14: 7 10 21
15: 9 13 23
16: 8 17 23
17: 9 16 22
18: 5 7 22
19: 5 6 24
20: 12 21 25
21: 2 14 20
22: 4 17 18
23: 3 15 16
24: 4 19 26
25: 3 20 26
26: 2 24 25

1: 2 3 4
2: 1 23 26
3: 1 21 24
4: 1 22 25
5: 10 12 19
6: 7 8 14
7: 6 11 16
8: 6 9 15
9: 8 10 16
10: 5 9 13
11: 7 15 18
12: 5 14 17
13: 10 20 24
14: 6 12 22
15: 8 11 23
16: 7 9 23
17: 12 18 24
18: 11 17 21
19: 5 22 26
20: 13 21 25
21: 3 18 20
22: 4 14 19
23: 2 15 16
24: 3 13 17
25: 4 20 26
26: 2 19 25

1: 2 3 4
2: 1 23 26
3: 1 21 24
4: 1 22 25
5: 8 9 10
6: 7 18 19
7: 6 8 13
8: 5 7 17
9: 5 12 15
10: 5 11 14
11: 10 15 16
12: 9 14 16
13: 7 20 24
14: 10 12 22
15: 9 11 23
16: 11 12 21
17: 8 18 24
18: 6 17 23
19: 6 22 26
20: 13 21 25
21: 3 16 20
22: 4 14 19
23: 2 15 18
24: 3 13 17
25: 4 20 26
26: 2 19 25

1: 2 3 4
2: 1 23 24
3: 1 22 26
4: 1 21 25
5: 6 7 20
6: 5 15 19
7: 5 14 18
8: 9 10 17
9: 8 13 16
10: 8 11 12
11: 10 15 16
12: 10 13 14
13: 9 12 15
14: 7 12 19
15: 6 11 13
16: 9 11 24
17: 8 18 22
18: 7 17 21
19: 6 14 23
20: 5 21 22
21: 4 18 20
22: 3 17 20
23: 2 19 26
24: 2 16 25
25: 4 24 26
26: 3 23 25

1: 2 3 4
2: 1 21 26
3: 1 23 25
4: 1 22 24
5: 8 12 14
6: 7 12 13
7: 6 10 14
8: 5 11 13
9: 10 17 19
10: 7 9 16
11: 8 18 20
12: 5 6 16
13: 6 8 15
14: 5 7 15
15: 13 14 23
16: 10 12 22
17: 9 18 23
18: 11 17 22
19: 9 21 25
20: 11 21 24
21: 2 19 20
22: 4 16 18
23: 3 15 17
24: 4 20 26
25: 3 19 26
26: 2 24 25

1: 2 3 4
2: 1 22 26
3: 1 21 25
4: 1 23 24
5: 6 7 20
6: 5 16 18
7: 5 17 19
8: 11 13 15
9: 10 12 15
10: 9 13 14
11: 8 12 14
12: 9 11 16
13: 8 10 17
14: 10 11 19
15: 8 9 18
16: 6 12 21
17: 7 13 22
18: 6 15 24
19: 7 14 23
20: 5 21 22
21: 3 16 20
22: 2 17 20
23: 4 19 26
24: 4 18 25
25: 3 24 26
26: 2 23 25

1: 2 3 4
2: 1 25 26
3: 1 21 23
4: 1 22 24
5: 8 9 10
6: 7 9 12
7: 6 8 11
8: 5 7 14
9: 5 6 13
10: 5 11 12
11: 7 10 18
12: 6 10 17
13: 9 14 20
14: 8 13 19
15: 16 17 18
16: 15 19 20
17: 12 15 22
18: 11 15 21
19: 14 16 24
20: 13 16 23
21: 3 18 25
22: 4 17 25
23: 3 20 26
24: 4 19 26
25: 2 21 22
26: 2 23 24

1: 2 3 4
2: 1 21 25
3: 1 22 26
4: 1 23 24
5: 6 7 20
6: 5 16 17
7: 5 18 19
8: 11 12 13
9: 10 13 15
10: 9 12 14
11: 8 14 15
12: 8 10 17
13: 8 9 16
14: 10 11 19
15: 9 11 18
16: 6 13 22
17: 6 12 21
18: 7 15 24
19: 7 14 23
20: 5 21 22
21: 2 17 20
22: 3 16 20
23: 4 19 26
24: 4 18 25
25: 2 24 26
26: 3 23 25

1: 2 3 4
2: 1 21 26
3: 1 23 25
4: 1 22 24
5: 13 14 20
6: 10 11 12
7: 12 14 18
8: 9 16 19
9: 8 11 17
10: 6 13 15
11: 6 9 18
12: 6 7 17
13: 5 10 16
14: 5 7 15
15: 10 14 23
16: 8 13 23
17: 9 12 22
18: 7 11 22
19: 8 21 25
20: 5 21 24
21: 2 19 20
22: 4 17 18
23: 3 15 16
24: 4 20 26
25: 3 19 26
26: 2 24 25

1: 2 3 4
2: 1 23 24
3: 1 21 25
4: 1 22 26
5: 10 16 18
6: 10 15 17
7: 9 13 14
8: 9 17 18
9: 7 8 20
10: 5 6 12
11: 14 19 24
12: 10 13 23
13: 7 12 24
14: 7 11 23
15: 6 16 26
16: 5 15 25
17: 6 8 22
18: 5 8 21
19: 11 25 26
20: 9 21 22
21: 3 18 20
22: 4 17 20
23: 2 12 14
24: 2 11 13
25: 3 16 19
26: 4 15 19

1: 2 3 4
2: 1 21 26
3: 1 22 24
4: 1 23 25
5: 6 15 19
6: 5 13 14
7: 10 16 20
8: 9 19 20
9: 8 10 18
10: 7 9 17
11: 12 16 21
12: 11 13 22
13: 6 12 24
14: 6 18 22
15: 5 17 25
16: 7 11 23
17: 10 15 23
18: 9 14 24
19: 5 8 26
20: 7 8 21
21: 2 11 20
22: 3 12 14
23: 4 16 17
24: 3 13 18
25: 4 15 26
26: 2 19 25

1: 2 3 4
2: 1 22 25
3: 1 21 26
4: 1 23 24
5: 6 12 17
6: 5 9 20
7: 8 10 19
8: 7 11 18
9: 6 10 15
10: 7 9 16
11: 8 12 16
12: 5 11 15
13: 14 17 18
14: 13 19 20
15: 9 12 24
16: 10 11 23
17: 5 13 21
18: 8 13 22
19: 7 14 22
20: 6 14 21
21: 3 17 20
22: 2 18 19
23: 4 16 26
24: 4 15 25
25: 2 24 26
26: 3 23 25

1: 2 3 4
2: 1 21 26
3: 1 23 25
4: 1 22 24
5: 12 14 20
6: 9 11 13
7: 8 10 19
8: 7 11 16
9: 6 12 15
10: 7 13 18
11: 6 8 18
12: 5 9 17
13: 6 10 17
14: 5 15 16
15: 9 14 23
16: 8 14 22
17: 12 13 23
18: 10 11 22
19: 7 21 25
20: 5 21 24
21: 2 19 20
22: 4 16 18
23: 3 15 17
24: 4 20 26
25: 3 19 26
26: 2 24 25

1: 2 3 4
2: 1 23 24
3: 1 21 26
4: 1 22 25
5: 6 7 20
6: 5 16 19
7: 5 14 15
8: 13 15 18
9: 10 11 15
10: 9 13 14
11: 9 12 16
12: 11 13 17
13: 8 10 12
14: 7 10 18
15: 7 8 9
16: 6 11 24
17: 12 19 21
18: 8 14 22
19: 6 17 22
20: 5 21 23
21: 3 17 20
22: 4 18 19
23: 2 20 26
24: 2 16 25
25: 4 24 26
26: 3 23 25

1: 2 3 4
2: 1 21 26
3: 1 23 25
4: 1 22 24
5: 6 12 20
6: 5 8 9
7: 10 11 16
8: 6 11 14
9: 6 10 13
10: 7 9 14
11: 7 8 13
12: 5 15 19
13: 9 11 23
14: 8 10 24
15: 12 18 26
16: 7 17 24
17: 16 18 22
18: 15 17 21
19: 12 21 25
20: 5 22 23
21: 2 18 19
22: 4 17 20
23: 3 13 20
24: 4 14 16
25: 3 19 26
26: 2 15 25

1: 2 3 4
2: 1 21 26
3: 1 23 25
4: 1 22 24
5: 13 16 19
6: 11 12 19
7: 11 13 14
8: 9 14 18
9: 8 10 17
10: 9 15 20
11: 6 7 16
12: 6 13 17
13: 5 7 12
14: 7 8 21
15: 10 18 23
16: 5 11 23
17: 9 12 22
18: 8 15 22
19: 5 6 24
20: 10 21 25
21: 2 14 20
22: 4 17 18
23: 3 15 16
24: 4 19 26
25: 3 20 26
26: 2 24 25

1: 2 3 4
2: 1 21 26
3: 1 23 25
4: 1 22 24
5: 12 18 19
6: 11 13 19
7: 8 9 18
8: 7 13 14
9: 7 12 20
10: 11 14 15
11: 6 10 16
12: 5 9 17
13: 6 8 15
14: 8 10 21
15: 10 13 23
16: 11 17 23
17: 12 16 22
18: 5 7 22
19: 5 6 24
20: 9 21 25
21: 2 14 20
22: 4 17 18
23: 3 15 16
24: 4 19 26
25: 3 20 26
26: 2 24 25

1: 2 3 4
2: 1 21 26
3: 1 22 24
4: 1 23 25
5: 10 12 20
6: 8 9 19
7: 8 10 13
8: 6 7 14
9: 6 11 17
10: 5 7 18
11: 9 13 14
12: 5 15 16
13: 7 11 26
14: 8 11 24
15: 12 18 22
16: 12 17 23
17: 9 16 25
18: 10 15 21
19: 6 23 24
20: 5 21 22
21: 2 18 20
22: 3 15 20
23: 4 16 19
24: 3 14 19
25: 4 17 26
26: 2 13 25

1: 2 3 4
2: 1 21 22
3: 1 24 26
4: 1 23 25
5: 6 7 20
6: 5 13 19
7: 5 12 18
8: 14 16 18
9: 11 14 15
10: 11 12 16
11: 9 10 13
12: 7 10 19
13: 6 11 17
14: 8 9 22
15: 9 17 26
16: 8 10 25
17: 13 15 22
18: 7 8 21
19: 6 12 21
20: 5 23 24
21: 2 18 19
22: 2 14 17
23: 4 20 26
24: 3 20 25
25: 4 16 24
26: 3 15 23

1: 2 3 4
2: 1 23 24
3: 1 21 26
4: 1 22 25
5: 6 7 16
6: 5 8 15
7: 5 10 18
8: 6 9 17
9: 8 12 16
10: 7 11 15
11: 10 14 20
12: 9 13 19
13: 12 17 20
14: 11 18 19
15: 6 10 24
16: 5 9 22
17: 8 13 23
18: 7 14 21
19: 12 14 22
20: 11 13 21
21: 3 18 20
22: 4 16 19
23: 2 17 26
24: 2 15 25
25: 4 24 26
26: 3 23 25

1: 2 3 4
2: 1 21 26
3: 1 23 25
4: 1 22 24
5: 11 18 19
6: 7 16 18
7: 6 13 17
8: 9 10 17
9: 8 13 16
10: 8 12 14
11: 5 12 20
12: 10 11 15
13: 7 9 14
14: 10 13 21
15: 12 19 22
16: 6 9 23
17: 7 8 23
18: 5 6 22
19: 5 15 24
20: 11 21 25
21: 2 14 20
22: 4 15 18
23: 3 16 17
24: 4 19 26
25: 3 20 26
26: 2 24 25

1: 2 3 4
2: 1 22 26
3: 1 21 25
4: 1 23 24
5: 6 11 12
6: 5 13 14
7: 9 11 17
8: 10 12 18
9: 7 14 19
10: 8 13 20
11: 5 7 15
12: 5 8 16
13: 6 10 16
14: 6 9 15
15: 11 14 22
16: 12 13 21
17: 7 18 22
18: 8 17 21
19: 9 20 24
20: 10 19 23
21: 3 16 18
22: 2 15 17
23: 4 20 26
24: 4 19 25
25: 3 24 26
26: 2 23 25

1: 2 3 4
2: 1 22 25
3: 1 21 26
4: 1 23 24
5: 9 11 15
6: 8 10 15
7: 10 12 16
8: 6 9 17
9: 5 8 16
10: 6 7 19
11: 5 14 17
12: 7 13 18
13: 12 19 20
14: 11 18 20
15: 5 6 24
16: 7 9 23
17: 8 11 21
18: 12 14 22
19: 10 13 22
20: 13 14 21
21: 3 17 20
22: 2 18 19
23: 4 16 26
24: 4 15 25
25: 2 24 26
26: 3 23 25

1: 2 3 4
2: 1 21 26
3: 1 24 25
4: 1 22 23
5: 16 17 20
6: 8 9 12
7: 10 11 13
8: 6 11 15
9: 6 18 19
10: 7 15 18
11: 7 8 14
12: 6 13 26
13: 7 12 21
14: 11 17 24
15: 8 10 24
16: 5 19 23
17: 5 14 22
18: 9 10 23
19: 9 16 22
20: 5 21 25
21: 2 13 20
22: 4 17 19
23: 4 16 18
24: 3 14 15
25: 3 20 26
26: 2 12 25

1: 2 3 4
2: 1 21 26
3: 1 23 24
4: 1 22 25
5: 10 12 20
6: 8 9 19
7: 8 11 13
8: 6 7 14
9: 6 10 13
10: 5 9 14
11: 7 17 18
12: 5 15 16
13: 7 9 23
14: 8 10 23
15: 12 18 24
16: 12 17 22
17: 11 16 24
18: 11 15 21
19: 6 22 26
20: 5 21 25
21: 2 18 20
22: 4 16 19
23: 3 13 14
24: 3 15 17
25: 4 20 26
26: 2 19 25

1: 2 3 4
2: 1 21 25
3: 1 22 26
4: 1 23 24
5: 6 16 20
6: 5 7 8
7: 6 13 15
8: 6 12 14
9: 12 13 17
10: 11 18 19
11: 10 14 15
12: 8 9 22
13: 7 9 21
14: 8 11 26
15: 7 11 25
16: 5 18 23
17: 9 19 24
18: 10 16 24
19: 10 17 23
20: 5 21 22
21: 2 13 20
22: 3 12 20
23: 4 16 19
24: 4 17 18
25: 2 15 26
26: 3 14 25

1: 2 3 4
2: 1 23 24
3: 1 21 26
4: 1 22 25
5: 6 8 10
6: 5 7 9
7: 6 11 14
8: 5 12 13
9: 6 12 16
10: 5 11 15
11: 7 10 20
12: 8 9 19
13: 8 16 18
14: 7 15 17
15: 10 14 24
16: 9 13 22
17: 14 20 22
18: 13 19 21
19: 12 18 23
20: 11 17 21
21: 3 18 20
22: 4 16 17
23: 2 19 26
24: 2 15 25
25: 4 24 26
26: 3 23 25

1: 2 3 4
2: 1 21 26
3: 1 23 24
4: 1 22 25
5: 6 9 12
6: 5 7 19
7: 6 16 20
8: 10 12 14
9: 5 11 14
10: 8 11 15
11: 9 10 13
12: 5 8 13
13: 11 12 24
14: 8 9 22
15: 10 18 26
16: 7 17 24
17: 16 18 23
18: 15 17 21
19: 6 21 25
20: 7 22 23
21: 2 18 19
22: 4 14 20
23: 3 17 20
24: 3 13 16
25: 4 19 26
26: 2 15 25

1: 2 3 4
2: 1 21 26
3: 1 23 25
4: 1 22 24
5: 10 13 19
6: 11 12 19
7: 9 16 18
8: 9 14 17
9: 7 8 20
10: 5 11 18
11: 6 10 15
12: 6 13 14
13: 5 12 15
14: 8 12 21
15: 11 13 23
16: 7 17 23
17: 8 16 22
18: 7 10 22
19: 5 6 24
20: 9 21 25
21: 2 14 20
22: 4 17 18
23: 3 15 16
24: 4 19 26
25: 3 20 26
26: 2 24 25

1: 2 3 4
2: 1 21 26
3: 1 23 25
4: 1 22 24
5: 12 13 19
6: 10 11 19
7: 9 13 18
8: 9 14 17
9: 7 8 20
10: 6 13 15
11: 6 12 16
12: 5 11 15
13: 5 7 10
14: 8 18 21
15: 10 12 23
16: 11 17 23
17: 8 16 22
18: 7 14 22
19: 5 6 24
20: 9 21 25
21: 2 14 20
22: 4 17 18
23: 3 15 16
24: 4 19 26
25: 3 20 26
26: 2 24 25

1: 2 3 4
2: 1 22 26
3: 1 21 25
4: 1 23 24
5: 6 7 20
6: 5 14 15
7: 5 10 11
8: 9 12 13
9: 8 18 19
10: 7 13 17
11: 7 12 15
12: 8 11 26
13: 8 10 25
14: 6 16 21
15: 6 11 22
16: 14 19 24
17: 10 18 23
18: 9 17 24
19: 9 16 23
20: 5 21 22
21: 3 14 20
22: 2 15 20
23: 4 17 19
24: 4 16 18
25: 3 13 26
26: 2 12 25

1: 2 3 4
2: 1 23 24
3: 1 22 26
4: 1 21 25
5: 6 7 12
6: 5 11 19
7: 5 10 20
8: 9 13 19
9: 8 11 20
10: 7 14 18
11: 6 9 17
12: 5 15 18
13: 8 16 17
14: 10 15 16
15: 12 14 22
16: 13 14 21
17: 11 13 24
18: 10 12 23
19: 6 8 22
20: 7 9 21
21: 4 16 20
22: 3 15 19
23: 2 18 26
24: 2 17 25
25: 4 24 26
26: 3 23 25

1: 2 3 4
2: 1 21 26
3: 1 23 24
4: 1 22 25
5: 6 10 20
6: 5 9 12
7: 8 10 14
8: 7 9 13
9: 6 8 18
10: 5 7 15
11: 14 16 19
12: 6 13 17
13: 8 12 22
14: 7 11 23
15: 10 16 23
16: 11 15 24
17: 12 18 24
18: 9 17 21
19: 11 22 26
20: 5 21 25
21: 2 18 20
22: 4 13 19
23: 3 14 15
24: 3 16 17
25: 4 20 26
26: 2 19 25

1: 2 3 4
2: 1 22 26
3: 1 21 25
4: 1 23 24
5: 6 7 16
6: 5 8 15
7: 5 9 17
8: 6 10 18
9: 7 12 15
10: 8 11 16
11: 10 13 20
12: 9 14 19
13: 11 18 19
14: 12 17 20
15: 6 9 24
16: 5 10 23
17: 7 14 22
18: 8 13 21
19: 12 13 22
20: 11 14 21
21: 3 18 20
22: 2 17 19
23: 4 16 26
24: 4 15 25
25: 3 24 26
26: 2 23 25

1: 2 3 4
2: 1 21 22
3: 1 24 26
4: 1 23 25
5: 6 7 20
6: 5 13 19
7: 5 12 18
8: 9 16 17
9: 8 11 14
10: 11 12 16
11: 9 10 13
12: 7 10 19
13: 6 11 17
14: 9 15 22
15: 14 18 26
16: 8 10 25
17: 8 13 22
18: 7 15 21
19: 6 12 21
20: 5 23 24
21: 2 18 19
22: 2 14 17
23: 4 20 26
24: 3 20 25
25: 4 16 24
26: 3 15 23

1: 2 3 4
2: 1 23 25
3: 1 24 26
4: 1 21 22
5: 6 7 20
6: 5 13 19
7: 5 11 12
8: 9 13 14
9: 8 10 18
10: 9 12 16
11: 7 15 19
12: 7 10 17
13: 6 8 15
14: 8 16 24
15: 11 13 26
16: 10 14 22
17: 12 18 25
18: 9 17 22
19: 6 11 21
20: 5 21 23
21: 4 19 20
22: 4 16 18
23: 2 20 24
24: 3 14 23
25: 2 17 26
26: 3 15 25

1: 2 3 4
2: 1 22 26
3: 1 21 25
4: 1 23 24
5: 8 10 20
6: 9 11 12
7: 8 13 19
8: 5 7 14
9: 6 10 14
10: 5 9 13
11: 6 15 18
12: 6 16 17
13: 7 10 24
14: 8 9 24
15: 11 16 26
16: 12 15 21
17: 12 18 23
18: 11 17 22
19: 7 21 23
20: 5 22 25
21: 3 16 19
22: 2 18 20
23: 4 17 19
24: 4 13 14
25: 3 20 26
26: 2 15 25

1: 2 3 4
2: 1 23 24
3: 1 22 26
4: 1 21 25
5: 6 14 20
6: 5 10 11
7: 12 15 18
8: 9 13 19
9: 8 16 17
10: 6 12 24
11: 6 13 23
12: 7 10 23
13: 8 11 24
14: 5 19 25
15: 7 17 26
16: 9 18 26
17: 9 15 25
18: 7 16 22
19: 8 14 21
20: 5 21 22
21: 4 19 20
22: 3 18 20
23: 2 11 12
24: 2 10 13
25: 4 14 17
26: 3 15 16

1: 2 3 4
2: 1 21 22
3: 1 24 26
4: 1 23 25
5: 6 7 20
6: 5 17 19
7: 5 16 18
8: 12 13 17
9: 10 11 13
10: 9 12 16
11: 9 15 18
12: 8 10 15
13: 8 9 14
14: 13 19 26
15: 11 12 25
16: 7 10 22
17: 6 8 22
18: 7 11 21
19: 6 14 21
20: 5 23 24
21: 2 18 19
22: 2 16 17
23: 4 20 26
24: 3 20 25
25: 4 15 24
26: 3 14 23

1: 2 3 4
2: 1 23 24
3: 1 21 26
4: 1 22 25
5: 8 9 12
6: 7 10 11
7: 6 17 18
8: 5 11 15
9: 5 10 16
10: 6 9 15
11: 6 8 16
12: 5 13 14
13: 12 20 24
14: 12 19 23
15: 8 10 25
16: 9 11 26
17: 7 22 26
18: 7 21 25
19: 14 22 24
20: 13 21 23
21: 3 18 20
22: 4 17 19
23: 2 14 20
24: 2 13 19
25: 4 15 18
26: 3 16 17

1: 2 3 4
2: 1 23 24
3: 1 21 26
4: 1 22 25
5: 7 9 19
6: 8 10 20
7: 5 8 14
8: 6 7 13
9: 5 11 13
10: 6 12 14
11: 9 16 18
12: 10 15 17
13: 8 9 24
14: 7 10 24
15: 12 18 23
16: 11 17 23
17: 12 16 22
18: 11 15 21
19: 5 22 26
20: 6 21 25
21: 3 18 20
22: 4 17 19
23: 2 15 16
24: 2 13 14
25: 4 20 26
26: 3 19 25

1: 2 3 4
2: 1 24 26
3: 1 23 25
4: 1 21 22
5: 6 7 20
6: 5 18 19
7: 5 16 17
8: 9 10 16
9: 8 12 17
10: 8 11 13
11: 10 14 18
12: 9 13 14
13: 10 12 15
14: 11 12 26
15: 13 19 22
16: 7 8 25
17: 7 9 21
18: 6 11 22
19: 6 15 21
20: 5 23 24
21: 4 17 19
22: 4 15 18
23: 3 20 26
24: 2 20 25
25: 3 16 24
26: 2 14 23

1: 2 3 4
2: 1 24 26
3: 1 23 25
4: 1 21 22
5: 6 7 13
6: 5 8 14
7: 5 9 19
8: 6 10 20
9: 7 11 16
10: 8 12 15
11: 9 12 18
12: 10 11 17
13: 5 16 18
14: 6 15 17
15: 10 14 21
16: 9 13 22
17: 12 14 26
18: 11 13 25
19: 7 22 24
20: 8 21 23
21: 4 15 20
22: 4 16 19
23: 3 20 24
24: 2 19 23
25: 3 18 26
26: 2 17 25

1: 2 3 4
2: 1 24 26
3: 1 23 25
4: 1 21 22
5: 6 7 20
6: 5 16 18
7: 5 17 19
8: 9 10 16
9: 8 12 17
10: 8 11 13
11: 10 14 18
12: 9 13 14
13: 10 12 15
14: 11 12 26
15: 13 19 22
16: 6 8 25
17: 7 9 22
18: 6 11 21
19: 7 15 21
20: 5 23 24
21: 4 18 19
22: 4 15 17
23: 3 20 26
24: 2 20 25
25: 3 16 24
26: 2 14 23

1: 2 3 4
2: 1 23 24
3: 1 22 26
4: 1 21 25
5: 10 11 20
6: 13 16 17
7: 9 17 18
8: 9 16 19
9: 7 8 12
10: 5 13 24
11: 5 12 23
12: 9 11 24
13: 6 10 23
14: 15 18 26
15: 14 19 25
16: 6 8 26
17: 6 7 25
18: 7 14 21
19: 8 15 22
20: 5 21 22
21: 4 18 20
22: 3 19 20
23: 2 11 13
24: 2 10 12
25: 4 15 17
26: 3 14 16

1: 2 3 4
2: 1 21 26
3: 1 22 25
4: 1 23 24
5: 9 11 12
6: 10 11 12
7: 8 9 14
8: 7 10 13
9: 5 7 15
10: 6 8 16
11: 5 6 14
12: 5 6 13
13: 8 12 18
14: 7 11 17
15: 9 18 20
16: 10 17 19
17: 14 16 21
18: 13 15 22
19: 16 22 24
20: 15 21 23
21: 2 17 20
22: 3 18 19
23: 4 20 26
24: 4 19 25
25: 3 24 26
26: 2 23 25

1: 2 3 4
2: 1 25 26
3: 1 24 26
4: 1 23 25
5: 8 9 12
6: 7 9 11
7: 6 8 10
8: 5 7 15
9: 5 6 16
10: 7 11 14
11: 6 10 13
12: 5 13 14
13: 11 12 20
14: 10 12 19
15: 8 17 19
16: 9 18 20
17: 15 22 25
18: 16 21 26
19: 14 15 24
20: 13 16 23
21: 18 22 24
22: 17 21 23
23: 4 20 22
24: 3 19 21
25: 2 4 17
26: 2 3 18

1: 2 3 4
2: 1 24 26
3: 1 23 25
4: 1 21 22
5: 7 11 17
6: 8 12 18
7: 5 9 10
8: 6 9 10
9: 7 8 14
10: 7 8 13
11: 5 12 14
12: 6 11 13
13: 10 12 24
14: 9 11 23
15: 16 20 26
16: 15 19 25
17: 5 22 24
18: 6 21 23
19: 16 22 26
20: 15 21 25
21: 4 18 20
22: 4 17 19
23: 3 14 18
24: 2 13 17
25: 3 16 20
26: 2 15 19

1: 2 3 4
2: 1 25 26
3: 1 22 26
4: 1 23 24
5: 6 7 26
6: 5 19 21
7: 5 18 20
8: 10 22 24
9: 13 22 23
10: 8 11 13
11: 10 12 24
12: 11 14 23
13: 9 10 15
14: 12 15 16
15: 13 14 21
16: 14 17 19
17: 16 18 20
18: 7 17 25
19: 6 16 25
20: 7 17 21
21: 6 15 20
22: 3 8 9
23: 4 9 12
24: 4 8 11
25: 2 18 19
26: 2 3 5

1: 2 3 4
2: 1 21 22
3: 1 23 24
4: 1 25 26
5: 7 8 9
6: 7 8 9
7: 5 6 10
8: 5 6 10
9: 5 6 11
10: 7 8 12
11: 9 12 20
12: 10 11 19
13: 14 15 17
14: 13 16 18
15: 13 16 18
16: 14 15 17
17: 13 16 21
18: 14 15 21
19: 12 20 22
20: 11 19 22
21: 2 17 18
22: 2 19 20
23: 3 25 26
24: 3 25 26
25: 4 23 24
26: 4 23 24

1: 2 3 4
2: 1 23 24
3: 1 4 26
4: 1 3 25
5: 17 18 25
6: 19 20 25
7: 9 10 15
8: 9 10 15
9: 7 8 16
10: 7 8 16
11: 12 13 17
12: 11 14 18
13: 11 14 18
14: 12 13 17
15: 7 8 19
16: 9 10 20
17: 5 11 14
18: 5 12 13
19: 6 15 20
20: 6 16 19
21: 23 24 26
22: 23 24 26
23: 2 21 22
24: 2 21 22
25: 4 5 6
26: 3 21 22

1: 2 3 4
2: 1 25 26
3: 1 25 26
4: 1 23 24
5: 11 12 13
6: 11 12 13
7: 8 9 14
8: 7 10 15
9: 7 10 15
10: 8 9 14
11: 5 6 16
12: 5 6 16
13: 5 6 17
14: 7 10 18
15: 8 9 18
16: 11 12 17
17: 13 16 26
18: 14 15 25
19: 20 21 23
20: 19 22 24
21: 19 22 24
22: 20 21 23
23: 4 19 22
24: 4 20 21
25: 2 3 18
26: 2 3 17

1: 26
2: 24
3: 19
4: 18
5: 23
6: 24 26
7: 24 26
8: 23 26
9: 25 26
10: 22 24
11: 19 23
12: 22 23
13: 22 25
14: 22 25
15: 24 25 26
16: 18 19 25
17: 19 23 25
18: 4 16 20 21
19: 3 11 16 17
20: 18 22 24 25 26
21: 18 22 23 25 26
22: 10 12 13 14 20 21
23: 5 8 11 12 17 21
24: 2 6 7 10 15 20
25: 9 13 14 15 16 17 20 21
26: 1 6 7 8 9 15 20 21

1: 2 3 4
2: 1 21 22
3: 1 23 26
4: 1 24 25
5: 6 7 8
6: 5 12 13
7: 5 14 15
8: 5 16 17
9: 12 13 18
10: 14 15 19
11: 16 17 20
12: 6 9 21
13: 6 9 22
14: 7 10 23
15: 7 10 26
16: 8 11 24
17: 8 11 25
18: 9 21 22
19: 10 23 26
20: 11 24 25
21: 2 12 18
22: 2 13 18
23: 3 14 19
24: 4 16 20
25: 4 17 20
26: 3 15 19

1: 6 12 23 26
2: 5 11 23 26
3: 8 13 24 26
4: 7 14 25 26
5: 2 11 24 26
6: 1 12 25 26
7: 4 14 22 26
8: 3 13 21 26
9: 10 15 22 26
10: 9 15 21 26
11: 2 5 23 24
12: 1 6 23 25
13: 3 8 21 24
14: 4 7 22 25
15: 9 10 21 22
16: 21 22 24 25
17: 19 20 23 24
18: 19 20 23 25
19: 17 18 20 23
20: 17 18 19 24 25
21: 8 10 13 15 16 22 24 26
22: 7 9 14 15 16 21 25 26
23: 1 2 11 12 17 18 19 24 25 26
24: 3 5 11 13 16 17 20 21 23 25 26
25: 4 6 12 14 16 18 20 22 23 24 26
26: 1 2 3 4 5 6 7 8 9 10 21 22 23 24 25

1: 6 12 23 26
2: 4 11 23 26
3: 10 13 24 26
4: 2 11 24 26
5: 7 14 25 26
6: 1 12 25 26
7: 5 14 22 26
8: 9 16 22 26
9: 8 16 21 26
10: 3 13 21 26
11: 2 4 23 24
12: 1 6 23 25
13: 3 10 21 24
14: 5 7 22 25
15: 21 22 24 25
16: 8 9 21 22
17: 19 20 23 25
18: 19 20 24 25
19: 17 18 20 25
20: 17 18 19 23 24
21: 9 10 13 15 16 22 24 26
22: 7 8 14 15 16 21 25 26
23: 1 2 11 12 17 20 24 25 26
24: 3 4 11 13 15 18 20 21 23 25 26
25: 5 6 12 14 15 17 18 19 22 23 24 26
26: 1 2 3 4 5 6 7 8 9 10 21 22 23 24 25

1: 3 20 21 26
2: 3 20 24 26
3: 1 2 20 26
4: 11 14 25 26
5: 9 13 25 26
6: 10 15 21 26
7: 8 16 23 26
8: 7 16 24 26
9: 5 13 22 26
10: 6 15 22 26
11: 4 14 23 26
12: 21 22 24 25
13: 5 9 22 25
14: 4 11 23 25
15: 6 10 21 22
16: 7 8 23 24
17: 18 19 23 25
18: 17 19 24 25
19: 17 18 23 24
20: 1 2 3 21 24
21: 1 6 12 15 20 22 24 26
22: 9 10 12 13 15 21 25 26
23: 7 11 14 16 17 19 24 25 26
24: 2 8 12 16 18 19 20 21 23 25 26
25: 4 5 12 13 14 17 18 22 23 24 26
26: 1 2 3 4 5 6 7 8 9 10 11 21 22 23 24 25

1: 15 20 25 26
2: 9 17 22 26
3: 8 16 22 26
4: 7 19 23 26
5: 6 18 23 26
6: 5 18 24 26
7: 4 19 25 26
8: 3 16 21 26
9: 2 17 24 26
10: 21 22 24 25
11: 15 20 21 25
12: 13 14 23 24
13: 12 14 23 25
14: 12 13 24 25
15: 1 11 20 25
16: 3 8 21 22
17: 2 9 22 24
18: 5 6 23 24
19: 4 7 23 25
20: 1 11 15 21 26
21: 8 10 11 16 20 22 25 26
22: 2 3 10 16 17 21 24 26
23: 4 5 12 13 18 19 24 25 26
24: 6 9 10 12 14 17 18 22 23 25 26
25: 1 7 10 11 13 14 15 19 21 23 24 26
26: 1 2 3 4 5 6 7 8 9 20 21 22 23 24 25

1: 15 20 23 26
2: 9 17 25 26
3: 7 16 25 26
4: 8 18 23 26
5: 6 19 22 26
6: 5 19 24 26
7: 3 16 21 26
8: 4 18 21 26
9: 2 17 22 26
10: 21 23 24 25
11: 12 14 22 25
12: 11 14 24 25
13: 15 20 23 24
14: 11 12 22 24
15: 1 13 20 23
16: 3 7 21 25
17: 2 9 22 25
18: 4 8 21 23
19: 5 6 22 24
20: 1 13 15 24 26
21: 7 8 10 16 18 23 25 26
22: 5 9 11 14 17 19 24 25 26
23: 1 4 10 13 15 18 21 24 26
24: 6 10 12 13 14 19 20 22 23 25 26
25: 2 3 10 11 12 16 17 21 22 24 26
26: 1 2 3 4 5 6 7 8 9 20 21 22 23 24 25

1: 15 20 22 26
2: 9 17 23 26
3: 8 16 23 26
4: 7 18 21 26
5: 6 19 22 26
6: 5 19 25 26
7: 4 18 24 26
8: 3 16 25 26
9: 2 17 24 26
10: 15 20 21 22
11: 12 14 23 25
12: 11 14 23 24
13: 21 22 24 25
14: 11 12 24 25
15: 1 10 20 22
16: 3 8 23 25
17: 2 9 23 24
18: 4 7 21 24
19: 5 6 22 25
20: 1 10 15 21 26
21: 4 10 13 18 20 22 24 26
22: 1 5 10 13 15 19 21 25 26
23: 2 3 11 12 16 17 24 25 26
24: 7 9 12 13 14 17 18 21 23 25 26
25: 6 8 11 13 14 16 19 22 23 24 26
26: 1 2 3 4 5 6 7 8 9 20 21 22 23 24 25

1: 15 20 25 26
2: 3 16 23 26
3: 2 16 24 26
4: 9 17 24 26
5: 8 18 25 26
6: 7 19 22 26
7: 6 19 21 26
8: 5 18 22 26
9: 4 17 21 26
10: 15 20 23 25
11: 12 13 23 24
12: 11 13 23 25
13: 11 12 24 25
14: 21 22 24 25
15: 1 10 20 25
16: 2 3 23 24
17: 4 9 21 24
18: 5 8 22 25
19: 6 7 21 22
20: 1 10 15 23 26
21: 7 9 14 17 19 22 24 26
22: 6 8 14 18 19 21 25 26
23: 2 10 11 12 16 20 24 25 26
24: 3 4 11 13 14 16 17 21 23 25 26
25: 1 5 10 12 13 14 15 18 22 23 24 26
26: 1 2 3 4 5 6 7 8 9 20 21 22 23 24 25

1: 15 20 23 26
2: 8 16 25 26
3: 9 17 25 26
4: 7 19 22 26
5: 6 18 22 26
6: 5 18 21 26
7: 4 19 24 26
8: 2 16 21 26
9: 3 17 23 26
10: 21 22 24 25
11: 12 14 23 25
12: 11 14 24 25
13: 15 20 23 24
14: 11 12 23 24
15: 1 13 20 23
16: 2 8 21 25
17: 3 9 23 25
18: 5 6 21 22
19: 4 7 22 24
20: 1 13 15 24 26
21: 6 8 10 16 18 22 25 26
22: 4 5 10 18 19 21 24 26
23: 1 9 11 13 14 15 17 24 25 26
24: 7 10 12 13 14 19 20 22 23 25 26
25: 2 3 10 11 12 16 17 21 23 24 26
26: 1 2 3 4 5 6 7 8 9 20 21 22 23 24 25

1: 3 20 23 26
2: 3 20 24 26
3: 1 2 20 26
4: 9 14 25 26
5: 8 13 25 26
6: 11 16 22 26
7: 10 15 22 26
8: 5 13 21 26
9: 4 14 23 26
10: 7 15 21 26
11: 6 16 24 26
12: 21 22 24 25
13: 5 8 21 25
14: 4 9 23 25
15: 7 10 21 22
16: 6 11 22 24
17: 18 19 23 25
18: 17 19 24 25
19: 17 18 23 24
20: 1 2 3 23 24
21: 8 10 12 13 15 22 25 26
22: 6 7 12 15 16 21 24 26
23: 1 9 14 17 19 20 24 25 26
24: 2 11 12 16 18 19 20 22 23 25 26
25: 4 5 12 13 14 17 18 21 23 24 26
26: 1 2 3 4 5 6 7 8 9 10 11 21 22 23 24 25

1: 3 20 22 26
2: 3 20 21 26
3: 1 2 20 26
4: 9 13 23 26
5: 8 12 23 26
6: 11 14 24 26
7: 10 15 25 26
8: 5 12 24 26
9: 4 13 25 26
10: 7 15 22 26
11: 6 14 21 26
12: 5 8 23 24
13: 4 9 23 25
14: 6 11 21 24
15: 7 10 22 25
16: 21 22 24 25
17: 18 19 23 24
18: 17 19 23 25
19: 17 18 24 25
20: 1 2 3 21 22
21: 2 11 14 16 20 22 24 26
22: 1 10 15 16 20 21 25 26
23: 4 5 12 13 17 18 24 25 26
24: 6 8 12 14 16 17 19 21 23 25 26
25: 7 9 13 15 16 18 19 22 23 24 26
26: 1 2 3 4 5 6 7 8 9 10 11 21 22 23 24 25

1: 6 12 21 26
2: 5 11 21 26
3: 8 13 24 26
4: 7 14 25 26
5: 2 11 24 26
6: 1 12 25 26
7: 4 14 23 26
8: 3 13 22 26
9: 10 15 23 26
10: 9 15 22 26
11: 2 5 21 24
12: 1 6 21 25
13: 3 8 22 24
14: 4 7 23 25
15: 9 10 22 23
16: 22 23 24 25
17: 18 19 20 24
18: 17 19 20 25
19: 17 18 24 25
20: 17 18 21 24 25
21: 1 2 11 12 20 24 25 26
22: 8 10 13 15 16 23 24 26
23: 7 9 14 15 16 22 25 26
24: 3 5 11 13 16 17 19 20 21 22 25 26
25: 4 6 12 14 16 18 19 20 21 23 24 26
26: 1 2 3 4 5 6 7 8 9 10 21 22 23 24 25

1: 4 11 23 26
2: 3 12 20 26
3: 2 12 25 26
4: 1 11 24 26
5: 10 13 24 26
6: 9 14 25 26
7: 8 16 22 26
8: 7 16 21 26
9: 6 14 22 26
10: 5 13 21 26
11: 1 4 23 24
12: 2 3 20 25
13: 5 10 21 24
14: 6 9 22 25
15: 21 22 24 25
16: 7 8 21 22
17: 18 19 23 24
18: 17 19 23 25
19: 17 18 24 25
20: 2 12 23 25 26
21: 8 10 13 15 16 22 24 26
22: 7 9 14 15 16 21 25 26
23: 1 11 17 18 20 24 25 26
24: 4 5 11 13 15 17 19 21 23 25 26
25: 3 6 12 14 15 18 19 20 22 23 24 26
26: 1 2 3 4 5 6 7 8 9 10 20 21 22 23 24 25

1: 10 12 23 26
2: 9 11 23 26
3: 4 13 20 26
4: 3 13 22 26
5: 8 16 21 26
6: 7 15 21 26
7: 6 15 22 26
8: 5 16 25 26
9: 2 11 24 26
10: 1 12 25 26
11: 2 9 23 24
12: 1 10 23 25
13: 3 4 20 22
14: 21 22 24 25
15: 6 7 21 22
16: 5 8 21 25
17: 18 19 23 24
18: 17 19 23 25
19: 17 18 24 25
20: 3 13 22 24 26
21: 5 6 14 15 16 22 25 26
22: 4 7 13 14 15 20 21 24 26
23: 1 2 11 12 17 18 24 25 26
24: 9 11 14 17 19 20 22 23 25 26
25: 8 10 12 14 16 18 19 21 23 24 26
26: 1 2 3 4 5 6 7 8 9 10 20 21 22 23 24 25

1: 6 12 24 26
2: 4 11 24 26
3: 10 13 23 26
4: 2 11 23 26
5: 7 14 25 26
6: 1 12 25 26
7: 5 14 22 26
8: 9 16 22 26
9: 8 16 21 26
10: 3 13 21 26
11: 2 4 23 24
12: 1 6 24 25
13: 3 10 21 23
14: 5 7 22 25
15: 21 22 23 25
16: 8 9 21 22
17: 18 19 20 24
18: 17 19 24 25
19: 17 18 20 25
20: 17 19 23 24 25
21: 9 10 13 15 16 22 23 26
22: 7 8 14 15 16 21 25 26
23: 3 4 11 13 15 20 21 24 25 26
24: 1 2 11 12 17 18 20 23 25 26
25: 5 6 12 14 15 18 19 20 22 23 24 26
26: 1 2 3 4 5 6 7 8 9 10 21 22 23 24 25

1: 2 11 20 26
2: 1 11 23 26
3: 9 13 24 26
4: 10 15 22 26
5: 8 14 22 26
6: 7 16 23 26
7: 6 16 25 26
8: 5 14 21 26
9: 3 13 21 26
10: 4 15 25 26
11: 1 2 20 23
12: 21 22 24 25
13: 3 9 21 24
14: 5 8 21 22
15: 4 10 22 25
16: 6 7 23 25
17: 18 19 23 24
18: 17 19 24 25
19: 17 18 23 25
20: 1 11 23 24 26
21: 8 9 12 13 14 22 24 26
22: 4 5 12 14 15 21 25 26
23: 2 6 11 16 17 19 20 24 25 26
24: 3 12 13 17 18 20 21 23 25 26
25: 7 10 12 15 16 18 19 22 23 24 26
26: 1 2 3 4 5 6 7 8 9 10 20 21 22 23 24 25

1: 2 16 23 26
2: 1 16 24 26
3: 8 17 24 26
4: 7 18 25 26
5: 6 19 22 26
6: 5 19 21 26
7: 4 18 22 26
8: 3 17 21 26
9: 10 15 20 23
10: 9 15 20 25
11: 12 13 23 24
12: 11 13 23 25
13: 11 12 24 25
14: 21 22 24 25
15: 9 10 23 25
16: 1 2 23 24
17: 3 8 21 24
18: 4 7 22 25
19: 5 6 21 22
20: 9 10 23 25 26
21: 6 8 14 17 19 22 24 26
22: 5 7 14 18 19 21 25 26
23: 1 9 11 12 15 16 20 24 25 26
24: 2 3 11 13 14 16 17 21 23 25 26
25: 4 10 12 13 14 15 18 20 22 23 24 26
26: 1 2 3 4 5 6 7 8 20 21 22 23 24 25

1: 3 16 23 26
2: 8 17 23 26
3: 1 16 24 26
4: 7 18 24 26
5: 6 19 21 26
6: 5 19 22 26
7: 4 18 21 26
8: 2 17 25 26
9: 10 11 23 24
10: 9 11 23 25
11: 9 10 24 25
12: 21 22 24 25
13: 14 15 20 22
14: 13 15 20 25
15: 13 14 22 25
16: 1 3 23 24
17: 2 8 23 25
18: 4 7 21 24
19: 5 6 21 22
20: 13 14 22 25 26
21: 5 7 12 18 19 22 24 26
22: 6 12 13 15 19 20 21 25 26
23: 1 2 9 10 16 17 24 25 26
24: 3 4 9 11 12 16 18 21 23 25 26
25: 8 10 11 12 14 15 17 20 22 23 24 26
26: 1 2 3 4 5 6 7 8 20 21 22 23 24 25

1: 8 17 23 26
2: 7 16 23 26
3: 6 19 22 26
4: 5 18 21 26
5: 4 18 24 26
6: 3 19 25 26
7: 2 16 24 26
8: 1 17 25 26
9: 10 15 23 24
10: 9 15 23 25
11: 12 13 20 22
12: 11 13 20 21
13: 11 12 21 22
14: 21 22 24 25
15: 9 10 24 25
16: 2 7 23 24
17: 1 8 23 25
18: 4 5 21 24
19: 3 6 22 25
20: 11 12 21 22 26
21: 4 12 13 14 18 20 22 24 26
22: 3 11 13 14 19 20 21 25 26
23: 1 2 9 10 16 17 24 25 26
24: 5 7 9 14 15 16 18 21 23 25 26
25: 6 8 10 14 15 17 19 22 23 24 26
26: 1 2 3 4 5 6 7 8 20 21 22 23 24 25

1: 2 11 20 26
2: 1 11 25 26
3: 4 12 21 26
4: 3 12 22 26
5: 6 14 22 26
6: 5 14 24 26
7: 9 15 23 26
8: 10 16 23 26
9: 7 15 24 26
10: 8 16 25 26
11: 1 2 20 25
12: 3 4 21 22
13: 21 22 24 25
14: 5 6 22 24
15: 7 9 23 24
16: 8 10 23 25
17: 18 19 23 24
18: 17 19 23 25
19: 17 18 24 25
20: 1 11 21 25 26
21: 3 12 13 20 22 25 26
22: 4 5 12 13 14 21 24 26
23: 7 8 15 16 17 18 24 25 26
24: 6 9 13 14 15 17 19 22 23 25 26
25: 2 10 11 13 16 18 19 20 21 23 24 26
26: 1 2 3 4 5 6 7 8 9 10 20 21 22 23 24 25

1: 10 12 23 26
2: 9 11 23 26
3: 4 13 20 26
4: 3 13 22 26
5: 8 15 21 26
6: 7 16 25 26
7: 6 16 22 26
8: 5 15 24 26
9: 2 11 25 26
10: 1 12 24 26
11: 2 9 23 25
12: 1 10 23 24
13: 3 4 20 22
14: 21 22 24 25
15: 5 8 21 24
16: 6 7 22 25
17: 18 19 23 25
18: 17 19 23 24
19: 17 18 24 25
20: 3 13 21 22 26
21: 5 14 15 20 22 24 26
22: 4 7 13 14 16 20 21 25 26
23: 1 2 11 12 17 18 24 25 26
24: 8 10 12 14 15 18 19 21 23 25 26
25: 6 9 11 14 16 17 19 22 23 24 26
26: 1 2 3 4 5 6 7 8 9 10 20 21 22 23 24 25

1: 21 22 23 26
2: 3 17 23 24
3: 2 17 23 25
4: 7 18 23 24
5: 6 19 23 25
6: 5 19 22 23
7: 4 18 21 23
8: 10 20 24 26
9: 10 20 25 26
10: 8 9 20 26
11: 14 15 24 26
12: 13 16 25 26
13: 12 16 22 26
14: 11 15 21 26
15: 11 14 21 24
16: 12 13 22 25
17: 2 3 24 25
18: 4 7 21 24
19: 5 6 22 25
20: 8 9 10 24 25
21: 1 7 14 15 18 23 24 26
22: 1 6 13 16 19 23 25 26
23: 1 2 3 4 5 6 7 21 22 24 25
24: 2 4 8 11 15 17 18 20 21 23 25 26
25: 3 5 9 12 16 17 19 20 22 23 24 26
26: 1 8 9 10 11 12 13 14 21 22 24 25

1: 21 22 23 26
2: 7 18 23 25
3: 6 17 23 25
4: 5 19 21 23
5: 4 19 23 24
6: 3 17 22 23
7: 2 18 23 24
8: 9 20 21 26
9: 8 10 20 26
10: 9 20 24 26
11: 14 16 25 26
12: 13 15 25 26
13: 12 15 22 26
14: 11 16 24 26
15: 12 13 22 25
16: 11 14 24 25
17: 3 6 22 25
18: 2 7 24 25
19: 4 5 21 24
20: 8 9 10 21 24
21: 1 4 8 19 20 23 24 26
22: 1 6 13 15 17 23 25 26
23: 1 2 3 4 5 6 7 21 22 24 25
24: 5 7 10 14 16 18 19 20 21 23 25 26
25: 2 3 11 12 15 16 17 18 22 23 24 26
26: 1 8 9 10 11 12 13 14 21 22 24 25

1: 2 20 21 26
2: 1 6 20 26
3: 9 19 25 26
4: 7 15 21 26
5: 8 16 25 26
6: 2 20 23 26
7: 4 15 24 26
8: 5 16 24 26
9: 3 19 23 26
10: 13 18 22 25
11: 12 17 22 25
12: 11 17 22 24
13: 10 18 22 23
14: 21 22 23 24
15: 4 7 21 24
16: 5 8 24 25
17: 11 12 24 25
18: 10 13 23 25
19: 3 9 23 25
20: 1 2 6 21 23
21: 1 4 14 15 20 23 24 26
22: 10 11 12 13 14 23 24 25
23: 6 9 13 14 18 19 20 21 22 25 26
24: 7 8 12 14 15 16 17 21 22 25 26
25: 3 5 10 11 16 17 18 19 22 23 24 26
26: 1 2 3 4 5 6 7 8 9 21 23 24 25

1: 21 22 23 24
2: 3 19 22 23
3: 2 19 22 25
4: 6 20 22 24
5: 6 20 22 25
6: 4 5 20 22
7: 14 16 24 26
8: 13 15 24 26
9: 12 17 21 26
10: 11 18 23 26
11: 10 18 25 26
12: 9 17 23 26
13: 8 15 21 26
14: 7 16 25 26
15: 8 13 21 24
16: 7 14 24 25
17: 9 12 21 23
18: 10 11 23 25
19: 2 3 23 25
20: 4 5 6 24 25
21: 1 9 13 15 17 23 24 26
22: 1 2 3 4 5 6 23 24 25
23: 1 2 10 12 17 18 19 21 22 25 26
24: 1 4 7 8 15 16 20 21 22 25 26
25: 3 5 11 14 16 18 19 20 22 23 24 26
26: 7 8 9 10 11 12 13 14 21 23 24 25

1: 2 20 25 26
2: 1 6 20 26
3: 9 19 21 26
4: 7 15 21 26
5: 8 16 25 26
6: 2 20 23 26
7: 4 15 24 26
8: 5 16 24 26
9: 3 19 23 26
10: 13 18 22 25
11: 12 17 22 25
12: 11 17 22 24
13: 10 18 22 23
14: 21 22 23 24
15: 4 7 21 24
16: 5 8 24 25
17: 11 12 24 25
18: 10 13 23 25
19: 3 9 21 23
20: 1 2 6 23 25
21: 3 4 14 15 19 23 24 26
22: 10 11 12 13 14 23 24 25
23: 6 9 13 14 18 19 20 21 22 25 26
24: 7 8 12 14 15 16 17 21 22 25 26
25: 1 5 10 11 16 17 18 20 22 23 24 26
26: 1 2 3 4 5 6 7 8 9 21 23 24 25

1: 6 16 20 26
2: 8 18 25 26
3: 7 17 25 26
4: 5 19 21 26
5: 4 19 23 26
6: 1 16 24 26
7: 3 17 23 26
8: 2 18 24 26
9: 12 15 22 25
10: 11 14 22 25
11: 10 14 23 25
12: 9 15 24 25
13: 21 22 23 24
14: 10 11 22 23
15: 9 12 22 24
16: 1 6 20 24
17: 3 7 23 25
18: 2 8 24 25
19: 4 5 21 23
20: 1 16 21 24 26
21: 4 13 19 20 23 24 26
22: 9 10 13 14 15 23 24 25
23: 5 7 11 13 14 17 19 21 22 25 26
24: 6 8 12 13 15 16 18 20 21 22 25 26
25: 2 3 9 10 11 12 17 18 22 23 24 26
26: 1 2 3 4 5 6 7 8 20 21 23 24 25

1: 21 22 24 25
2: 5 18 22 24
3: 4 19 20 22
4: 3 19 22 25
5: 2 18 22 23
6: 13 15 24 26
7: 12 14 24 26
8: 11 16 21 26
9: 10 17 23 26
10: 9 17 25 26
11: 8 16 25 26
12: 7 14 21 26
13: 6 15 23 26
14: 7 12 21 24
15: 6 13 23 24
16: 8 11 21 25
17: 9 10 23 25
18: 2 5 23 24
19: 3 4 20 25
20: 3 19 22 23 25
21: 1 8 12 14 16 24 25 26
22: 1 2 3 4 5 20 23 24 25
23: 5 9 13 15 17 18 20 22 24 25 26
24: 1 2 6 7 14 15 18 21 22 23 26
25: 1 4 10 11 16 17 19 20 21 22 23 26
26: 6 7 8 9 10 11 12 13 21 23 24 25

1: 5 15 25 26
2: 4 14 25 26
3: 7 17 21 26
4: 2 14 20 26
5: 1 15 21 26
6: 8 18 24 26
7: 3 17 24 26
8: 6 18 23 26
9: 13 16 22 25
10: 21 22 24 25
11: 12 19 22 24
12: 11 19 22 23
13: 9 16 22 23
14: 2 4 20 25
15: 1 5 21 25
16: 9 13 23 25
17: 3 7 21 24
18: 6 8 23 24
19: 11 12 23 24
20: 4 14 23 25 26
21: 3 5 10 15 17 24 25 26
22: 9 10 11 12 13 23 24 25
23: 8 12 13 16 18 19 20 22 24 25 26
24: 6 7 10 11 17 18 19 21 22 23 26
25: 1 2 9 10 14 15 16 20 21 22 23 26
26: 1 2 3 4 5 6 7 8 20 21 23 24 25

1: 2 16 20 26
2: 1 16 22 26
3: 4 17 22 26
4: 3 17 24 26
5: 8 18 23 26
6: 7 19 24 26
7: 6 19 25 26
8: 5 18 25 26
9: 21 22 23 24
10: 11 14 21 23
11: 10 14 21 25
12: 13 15 21 24
13: 12 15 21 25
14: 10 11 23 25
15: 12 13 24 25
16: 1 2 20 22
17: 3 4 22 24
18: 5 8 23 25
19: 6 7 24 25
20: 1 16 22 23 26
21: 9 10 11 12 13 23 24 25
22: 2 3 9 16 17 20 23 24 26
23: 5 9 10 14 18 20 21 22 25 26
24: 4 6 9 12 15 17 19 21 22 25 26
25: 7 8 11 13 14 15 18 19 21 23 24 26
26: 1 2 3 4 5 6 7 8 20 22 23 24 25

1: 7 17 22 24
2: 6 16 21 24
3: 21 22 23 24
4: 5 19 24 25
5: 4 19 24 26
6: 2 16 24 25
7: 1 17 24 26
8: 13 15 22 23
9: 12 14 21 23
10: 11 18 20 25
11: 10 18 20 26
12: 9 14 23 25
13: 8 15 23 26
14: 9 12 21 25
15: 8 13 22 26
16: 2 6 21 25
17: 1 7 22 26
18: 10 11 25 26
19: 4 5 25 26
20: 10 11 23 25 26
21: 2 3 9 14 16 23 24 25
22: 1 3 8 15 17 23 24 26
23: 3 8 9 12 13 20 21 22 25 26
24: 1 2 3 4 5 6 7 21 22 25 26
25: 4 6 10 12 14 16 18 19 20 21 23 24 26
26: 5 7 11 13 15 17 18 19 20 22 23 24 25

1: 3 20 21 26
2: 3 20 23 26
3: 1 2 20 26
4: 21 22 25 26
5: 10 12 24 26
6: 9 11 24 26
7: 8 13 23 26
8: 7 13 25 26
9: 6 11 22 26
10: 5 12 25 26
11: 6 9 22 24
12: 5 10 24 25
13: 7 8 23 25
14: 15 19 22 24
15: 14 19 24 25
16: 17 18 21 23
17: 16 18 21 25
18: 16 17 23 25
19: 14 15 22 25
20: 1 2 3 21 23
21: 1 4 16 17 20 23 25 26
22: 4 9 11 14 19 24 25 26
23: 2 7 13 16 18 20 21 25 26
24: 5 6 11 12 14 15 22 25 26
25: 4 8 10 12 13 15 17 18 19 21 22 23 24 26
26: 1 2 3 4 5 6 7 8 9 10 21 22 23 24 25

1: 21 22 25 26
2: 4 20 23 26
3: 4 20 25 26
4: 2 3 20 26
5: 10 12 24 26
6: 9 11 24 26
7: 8 13 22 26
8: 7 13 23 26
9: 6 11 21 26
10: 5 12 25 26
11: 6 9 21 24
12: 5 10 24 25
13: 7 8 22 23
14: 15 19 21 24
15: 14 19 24 25
16: 17 18 22 23
17: 16 18 22 25
18: 16 17 23 25
19: 14 15 21 25
20: 2 3 4 23 25
21: 1 9 11 14 19 24 25 26
22: 1 7 13 16 17 23 25 26
23: 2 8 13 16 18 20 22 25 26
24: 5 6 11 12 14 15 21 25 26
25: 1 3 10 12 15 17 18 19 20 21 22 23 24 26
26: 1 2 3 4 5 6 7 8 9 10 21 22 23 24 25

1: 4 5 20 24
2: 7 18 21 24
3: 6 17 21 24
4: 1 20 24 25
5: 1 20 24 26
6: 3 17 24 25
7: 2 18 24 26
8: 11 16 22 23
9: 10 15 22 23
10: 9 15 22 25
11: 8 16 22 26
12: 21 22 25 26
13: 14 19 23 25
14: 13 19 23 26
15: 9 10 23 25
16: 8 11 23 26
17: 3 6 21 25
18: 2 7 21 26
19: 13 14 25 26
20: 1 4 5 25 26
21: 2 3 12 17 18 24 25 26
22: 8 9 10 11 12 23 25 26
23: 8 9 13 14 15 16 22 25 26
24: 1 2 3 4 5 6 7 21 25 26
25: 4 6 10 12 13 15 17 19 20 21 22 23 24 26
26: 5 7 11 12 14 16 18 19 20 21 22 23 24 25

1: 4 17 21 24
2: 3 6 20 24
3: 2 20 21 24
4: 1 17 24 25
5: 7 19 24 26
6: 2 20 24 26
7: 5 19 24 25
8: 11 15 22 23
9: 10 14 22 23
10: 9 14 22 26
11: 8 15 22 25
12: 21 22 25 26
13: 16 18 23 26
14: 9 10 23 26
15: 8 11 23 25
16: 13 18 23 25
17: 1 4 21 25
18: 13 16 25 26
19: 5 7 25 26
20: 2 3 6 21 26
21: 1 3 12 17 20 24 25 26
22: 8 9 10 11 12 23 25 26
23: 8 9 13 14 15 16 22 25 26
24: 1 2 3 4 5 6 7 21 25 26
25: 4 7 11 12 15 16 17 18 19 21 22 23 24 26
26: 5 6 10 12 13 14 18 19 20 21 22 23 24 25

1: 4 9 21 22
2: 3 8 21 22
3: 2 8 21 26
4: 1 9 21 25
5: 21 23 25 26
6: 7 11 22 26
7: 6 11 22 25
8: 2 3 22 26
9: 1 4 22 25
10: 13 14 25 26
11: 6 7 25 26
12: 17 19 24 25
13: 10 14 24 26
14: 10 13 24 25
15: 16 18 20 23
16: 15 20 23 26
17: 12 19 23 25
18: 15 20 23 24
19: 12 17 23 24
20: 15 16 18 24 26
21: 1 2 3 4 5 22 25 26
22: 1 2 6 7 8 9 21 25 26
23: 5 15 16 17 18 19 24 25 26
24: 12 13 14 18 19 20 23 25 26
25: 4 5 7 9 10 11 12 14 17 21 22 23 24 26
26: 3 5 6 8 10 11 13 16 20 21 22 23 24 25

1: 21 22 25 26
2: 3 16 20 26
3: 2 16 24 26
4: 5 17 22 26
5: 4 17 23 26
6: 9 18 23 26
7: 8 19 24 26
8: 7 19 25 26
9: 6 18 25 26
10: 11 15 21 24
11: 10 15 21 25
12: 13 14 22 23
13: 12 14 22 25
14: 12 13 23 25
15: 10 11 24 25
16: 2 3 20 24
17: 4 5 22 23
18: 6 9 23 25
19: 7 8 24 25
20: 2 16 21 24 26
21: 1 10 11 20 24 25 26
22: 1 4 12 13 17 23 25 26
23: 5 6 12 14 17 18 22 25 26
24: 3 7 10 15 16 19 20 21 25 26
25: 1 8 9 11 13 14 15 18 19 21 22 23 24 26
26: 1 2 3 4 5 6 7 8 9 20 21 22 23 24 25

1: 22 24 25 26
2: 5 16 22 26
3: 4 17 24 26
4: 3 17 20 26
5: 2 16 23 26
6: 9 18 21 26
7: 8 19 23 26
8: 7 19 25 26
9: 6 18 25 26
10: 11 15 22 23
11: 10 15 22 25
12: 13 14 21 24
13: 12 14 24 25
14: 12 13 21 25
15: 10 11 23 25
16: 2 5 22 23
17: 3 4 20 24
18: 6 9 21 25
19: 7 8 23 25
20: 4 17 21 24 26
21: 6 12 14 18 20 24 25 26
22: 1 2 10 11 16 23 25 26
23: 5 7 10 15 16 19 22 25 26
24: 1 3 12 13 17 20 21 25 26
25: 1 8 9 11 13 14 15 18 19 21 22 23 24 26
26: 1 2 3 4 5 6 7 8 9 20 21 22 23 24 25

1: 6 16 21 24
2: 5 15 21 24
3: 4 19 24 25
4: 3 19 24 26
5: 2 15 24 25
6: 1 16 24 26
7: 12 14 22 23
8: 11 13 22 23
9: 10 18 20 25
10: 9 18 20 26
11: 8 13 23 25
12: 7 14 23 26
13: 8 11 22 25
14: 7 12 22 26
15: 2 5 21 25
16: 1 6 21 26
17: 21 23 25 26
18: 9 10 25 26
19: 3 4 25 26
20: 9 10 22 25 26
21: 1 2 15 16 17 24 25 26
22: 7 8 13 14 20 23 25 26
23: 7 8 11 12 17 22 25 26
24: 1 2 3 4 5 6 21 25 26
25: 3 5 9 11 13 15 17 18 19 20 21 22 23 24 26
26: 4 6 10 12 14 16 17 18 19 20 21 22 23 24 25

1: 21 22 25 26
2: 9 17 23 26
3: 6 16 23 26
4: 8 19 24 26
5: 7 18 24 26
6: 3 16 25 26
7: 5 18 25 26
8: 4 19 22 26
9: 2 17 21 26
10: 11 14 23 25
11: 10 14 21 23
12: 13 15 20 24
13: 12 15 22 24
14: 10 11 21 25
15: 12 13 20 22
16: 3 6 23 25
17: 2 9 21 23
18: 5 7 24 25
19: 4 8 22 24
20: 12 15 22 24 25
21: 1 9 11 14 17 23 25 26
22: 1 8 13 15 19 20 24 25 26
23: 2 3 10 11 16 17 21 25 26
24: 4 5 12 13 18 19 20 22 25 26
25: 1 6 7 10 14 16 18 20 21 22 23 24 26
26: 1 2 3 4 5 6 7 8 9 21 22 23 24 25

1: 21 22 25 26
2: 3 16 20 26
3: 2 16 24 26
4: 5 17 23 26
5: 4 17 25 26
6: 9 18 23 26
7: 8 19 24 26
8: 7 19 22 26
9: 6 18 21 26
10: 12 15 23 25
11: 13 14 24 25
12: 10 15 21 23
13: 11 14 22 24
14: 11 13 22 25
15: 10 12 21 25
16: 2 3 20 24
17: 4 5 23 25
18: 6 9 21 23
19: 7 8 22 24
20: 2 16 24 25 26
21: 1 9 12 15 18 23 25 26
22: 1 8 13 14 19 24 25 26
23: 4 6 10 12 17 18 21 25 26
24: 3 7 11 13 16 19 20 22 25 26
25: 1 5 10 11 14 15 17 20 21 22 23 24 26
26: 1 2 3 4 5 6 7 8 9 20 21 22 23 24 25

1:
2:
3:
4:
5:
6:
7:
8:
9:
10:
11:
12:
13:
14:
15:
16:
17:
18:
19:
20:
21:
22:
23:
24:
25:
26:

