1: 11 12
2: 13 14
3: 15 16
4: 17 18
5: 19 20
6: 21 22
7: 10 42
8: 9 41
9: 8 34
10: 7 33
11: 1 38
12: 1 38
13: 2 37
14: 2 37
15: 3 34
16: 3 34
17: 4 33
18: 4 33
19: 5 32
20: 5 32
21: 6 31
22: 6 31
23: 39 46
24: 40 45
25: 39 42
26: 40 41
27: 35 44
28: 36 43
29: 32 36
30: 31 35
31: 21 22 30 46
32: 19 20 29 45
33: 10 17 18 42
34: 9 15 16 41
35: 27 30 46 47
36: 28 29 45 47
37: 13 14 39 42
38: 11 12 40 41
39: 23 25 37 43
40: 24 26 38 44
41: 8 26 34 38
42: 7 25 33 37
43: 28 39 46 47
44: 27 40 45 47
45: 24 32 36 44
46: 23 31 35 43
47: 35 36 43 44

1: 2 3 44
2: 1 33 43
3: 1 32 42
4: 5 6 29
5: 4 28 41
6: 4 25 26
7: 8 16 42
8: 7 19 27
9: 10 11 22
10: 9 26 27
11: 9 14 15
12: 13 15 20
13: 12 14 25
14: 11 13 26
15: 11 12 21
16: 7 17 38
17: 16 19 34
18: 20 35 40
19: 8 17 36
20: 12 18 37
21: 15 22 37
22: 9 21 36
23: 24 35 39
24: 23 34 38
25: 6 13 41
26: 6 10 14
27: 8 10 31
28: 5 30 43
29: 4 30 31
30: 28 29 33
31: 27 29 32
32: 3 31 33
33: 2 30 32
34: 17 24 47
35: 18 23 47
36: 19 22 47
37: 20 21 47
38: 16 24 46
39: 23 40 46
40: 18 39 45
41: 5 25 45
42: 3 7 46
43: 2 28 45
44: 1 45 46
45: 40 41 43 44
46: 38 39 42 44
47: 34 35 36 37

1: 2 3 4
2: 1 8 9
3: 1 7 10
4: 1 5 6
5: 4 18 21
6: 4 17 22
7: 3 8 20
8: 2 7 19
9: 2 14 15
10: 3 13 16
11: 12 24 44
12: 11 23 43
13: 10 20 30
14: 9 19 29
15: 9 18 32
16: 10 17 31
17: 6 16 34
18: 5 15 33
19: 8 14 24
20: 7 13 23
21: 5 26 28
22: 6 25 27
23: 12 20 37
24: 11 19 38
25: 22 34 39
26: 21 33 40
27: 22 28 42
28: 21 27 41
29: 14 32 38
30: 13 31 37
31: 16 30 35
32: 15 29 36
33: 18 26 36
34: 17 25 35
35: 31 34 46
36: 32 33 47
37: 23 30 46
38: 24 29 47
39: 25 42 46
40: 26 41 47
41: 28 40 45
42: 27 39 45
43: 12 45 46
44: 11 45 47
45: 41 42 43 44
46: 35 37 39 43
47: 36 38 40 44

1: 2 21 22
2: 1 5 6
3: 6 7 10
4: 5 8 9
5: 2 4 18
6: 2 3 17
7: 3 8 20
8: 4 7 19
9: 4 14 15
10: 3 13 16
11: 12 24 44
12: 11 23 43
13: 10 20 30
14: 9 19 29
15: 9 18 32
16: 10 17 31
17: 6 16 34
18: 5 15 33
19: 8 14 24
20: 7 13 23
21: 1 26 28
22: 1 25 27
23: 12 20 37
24: 11 19 38
25: 22 34 39
26: 21 33 40
27: 22 28 42
28: 21 27 41
29: 14 32 38
30: 13 31 37
31: 16 30 35
32: 15 29 36
33: 18 26 36
34: 17 25 35
35: 31 34 46
36: 32 33 47
37: 23 30 46
38: 24 29 47
39: 25 42 46
40: 26 41 47
41: 28 40 45
42: 27 39 45
43: 12 45 46
44: 11 45 47
45: 41 42 43 44
46: 35 37 39 43
47: 36 38 40 44

1: 6 7 9
2: 5 7 8
3: 5 10 12
4: 5 11 13
5: 2 3 4
6: 1 14 17
7: 1 2 19
8: 2 11 20
9: 1 10 18
10: 3 9 23
11: 4 8 24
12: 3 13 22
13: 4 12 21
14: 6 15 16
15: 14 26 38
16: 14 27 40
17: 6 18 38
18: 9 17 39
19: 7 25 40
20: 8 28 41
21: 13 24 42
22: 12 23 42
23: 10 22 39
24: 11 21 41
25: 19 28 35
26: 15 27 34
27: 16 26 36
28: 20 25 37
29: 32 33 44
30: 31 33 43
31: 30 34 36
32: 29 35 37
33: 29 30 47
34: 26 31 45
35: 25 32 47
36: 27 31 47
37: 28 32 46
38: 15 17 45
39: 18 23 45
40: 16 19 47
41: 20 24 46
42: 21 22 46
43: 30 44 45
44: 29 43 46
45: 34 38 39 43
46: 37 41 42 44
47: 33 35 36 40

1: 3 6 10
2: 3 7 9
3: 1 2 5
4: 12 21 22
5: 3 8 11
6: 1 7 20
7: 2 6 15
8: 5 12 17
9: 2 16 18
10: 1 11 19
11: 5 10 30
12: 4 8 29
13: 14 23 44
14: 13 24 43
15: 7 16 24
16: 9 15 34
17: 8 18 32
18: 9 17 31
19: 10 20 33
20: 6 19 23
21: 4 25 28
22: 4 26 27
23: 13 20 38
24: 14 15 36
25: 21 29 40
26: 22 32 39
27: 22 28 42
28: 21 27 41
29: 12 25 35
30: 11 33 35
31: 18 34 37
32: 17 26 37
33: 19 30 38
34: 16 31 36
35: 29 30 46
36: 24 34 47
37: 31 32 47
38: 23 33 46
39: 26 42 47
40: 25 41 46
41: 28 40 45
42: 27 39 45
43: 14 45 47
44: 13 45 46
45: 41 42 43 44
46: 35 38 40 44
47: 36 37 39 43

1: 36 46 47
2: 35 37 47
3: 40 43 47
4: 41 42 47
5: 38 39 47
6: 34 45 46
7: 32 33 46
8: 10 28 45
9: 25 26 45
10: 8 31 34
11: 12 13 33
12: 11 31 32
13: 11 29 30
14: 15 26 39
15: 14 16 17
16: 15 24 43
17: 15 22 23
18: 19 20 27
19: 18 21 42
20: 18 37 44
21: 19 22 41
22: 17 21 24
23: 17 25 27
24: 16 22 40
25: 9 23 28
26: 9 14 38
27: 18 23 29
28: 8 25 30
29: 13 27 44
30: 13 28 31
31: 10 12 30
32: 7 12 34
33: 7 11 44
34: 6 10 32
35: 2 44 46
36: 1 38 45
37: 2 20 42
38: 5 26 36
39: 5 14 43
40: 3 24 41
41: 4 21 40
42: 4 19 37
43: 3 16 39
44: 20 29 33 35
45: 6 8 9 36
46: 1 6 7 35
47: 1 2 3 4 5

1: 2 3 14
2: 1 7 37
3: 1 6 38
4: 5 35 36
5: 4 31 32
6: 3 7 36
7: 2 6 35
8: 10 16 38
9: 11 15 37
10: 8 12 42
11: 9 13 41
12: 10 19 40
13: 11 20 39
14: 1 17 18
15: 9 18 20
16: 8 17 19
17: 14 16 22
18: 14 15 21
19: 12 16 24
20: 13 15 23
21: 18 23 28
22: 17 24 27
23: 20 21 26
24: 19 22 25
25: 24 30 40
26: 23 29 39
27: 22 28 30
28: 21 27 29
29: 26 28 47
30: 25 27 47
31: 5 33 43
32: 5 34 44
33: 31 34 46
34: 32 33 45
35: 4 7 43
36: 4 6 44
37: 2 9 43
38: 3 8 44
39: 13 26 46
40: 12 25 45
41: 11 43 46
42: 10 44 45
43: 31 35 37 41
44: 32 36 38 42
45: 34 40 42 47
46: 33 39 41 47
47: 29 30 45 46

1: 37 38 47
2: 39 40 47
3: 41 43 47
4: 36 42 47
5: 15 22 46
6: 16 21 46
7: 14 15 44
8: 9 29 30
9: 8 10 45
10: 9 11 12
11: 10 24 25
12: 10 23 26
13: 14 27 45
14: 7 13 19
15: 5 7 20
16: 6 18 35
17: 18 33 34
18: 16 17 26
19: 14 20 24
20: 15 19 25
21: 6 22 26
22: 5 21 25
23: 12 31 32
24: 11 19 45
25: 11 20 22
26: 12 18 21
27: 13 37 44
28: 29 37 45
29: 8 28 38
30: 8 31 39
31: 23 30 40
32: 23 33 41
33: 17 32 43
34: 17 35 42
35: 16 34 36
36: 4 35 46
37: 1 27 28
38: 1 29 39
39: 2 30 38
40: 2 31 41
41: 3 32 40
42: 4 34 43
43: 3 33 42
44: 7 27 46 47
45: 9 13 24 28
46: 5 6 36 44
47: 1 2 3 4 44

1: 2 3 42
2: 1 28 40
3: 1 27 39
4: 29 30 34
5: 11 15 37
6: 10 14 32
7: 12 19 32
8: 9 33 41
9: 8 35 36
10: 6 11 31
11: 5 10 13
12: 7 20 30
13: 11 14 18
14: 6 13 19
15: 5 18 39
16: 17 21 35
17: 16 24 36
18: 13 15 23
19: 7 14 23
20: 12 22 34
21: 16 25 40
22: 20 26 38
23: 18 19 26
24: 17 25 38
25: 21 24 28
26: 22 23 27
27: 3 26 28
28: 2 25 27
29: 4 33 47
30: 4 12 46
31: 10 37 46
32: 6 7 46
33: 8 29 44
34: 4 20 44
35: 9 16 43
36: 9 17 44
37: 5 31 45
38: 22 24 44
39: 3 15 45
40: 2 21 43
41: 8 43 47
42: 1 43 45
43: 35 40 41 42
44: 33 34 36 38
45: 37 39 42 47
46: 30 31 32 47
47: 29 41 45 46

1: 37 38 47
2: 39 40 47
3: 41 43 47
4: 36 42 47
5: 13 15 46
6: 17 18 46
7: 18 26 44
8: 9 10 28
9: 8 26 27
10: 8 24 25
11: 21 29 30
12: 21 31 32
13: 5 16 17
14: 15 16 45
15: 5 14 34
16: 13 14 20
17: 6 13 19
18: 6 7 23
19: 17 20 23
20: 16 19 22
21: 11 12 24
22: 20 24 45
23: 18 19 25
24: 10 21 22
25: 10 23 26
26: 7 9 25
27: 9 37 44
28: 8 29 37
29: 11 28 38
30: 11 31 39
31: 12 30 40
32: 12 33 41
33: 32 43 45
34: 15 35 36
35: 34 42 45
36: 4 34 46
37: 1 27 28
38: 1 29 39
39: 2 30 38
40: 2 31 41
41: 3 32 40
42: 4 35 43
43: 3 33 42
44: 7 27 46 47
45: 14 22 33 35
46: 5 6 36 44
47: 1 2 3 4 44

1: 4 5 13
2: 6 7 12
3: 9 13 14
4: 1 9 34
5: 1 6 35
6: 2 5 36
7: 2 8 37
8: 7 11 33
9: 3 4 32
10: 14 15 32
11: 8 12 18
12: 2 11 19
13: 1 3 19
14: 3 10 20
15: 10 21 31
16: 17 18 33
17: 16 24 40
18: 11 16 25
19: 12 13 26
20: 14 21 27
21: 15 20 23
22: 28 38 40
23: 21 29 39
24: 17 25 28
25: 18 24 30
26: 19 27 30
27: 20 26 29
28: 22 24 47
29: 23 27 47
30: 25 26 47
31: 15 39 44
32: 9 10 44
33: 8 16 45
34: 4 35 44
35: 5 34 43
36: 6 37 43
37: 7 36 45
38: 22 41 46
39: 23 31 46
40: 17 22 45
41: 38 43 45
42: 43 44 46
43: 35 36 41 42
44: 31 32 34 42
45: 33 37 40 41
46: 38 39 42 47
47: 28 29 30 46

1: 12 13 16
2: 3 11 25
3: 2 15 17
4: 7 14 18
5: 6 20 41
6: 5 19 40
7: 4 19 20
8: 16 18 33
9: 10 17 29
10: 9 15 32
11: 2 21 26
12: 1 22 36
13: 1 14 37
14: 4 13 34
15: 3 10 30
16: 1 8 28
17: 3 9 26
18: 4 8 35
19: 6 7 34
20: 5 7 35
21: 11 27 38
22: 12 29 32
23: 24 28 33
24: 23 27 39
25: 2 30 31
26: 11 17 47
27: 21 24 47
28: 16 23 47
29: 9 22 47
30: 15 25 46
31: 25 42 43
32: 10 22 46
33: 8 23 45
34: 14 19 44
35: 18 20 45
36: 12 37 46
37: 13 36 44
38: 21 39 43
39: 24 38 45
40: 6 43 44
41: 5 43 45
42: 31 44 46
43: 31 38 40 41
44: 34 37 40 42
45: 33 35 39 41
46: 30 32 36 42
47: 26 27 28 29

1: 38 46 47
2: 37 39 47
3: 40 43 47
4: 41 42 47
5: 34 35 46
6: 33 36 46
7: 8 9 26
8: 7 18 20
9: 7 17 19
10: 11 14 45
11: 10 39 44
12: 19 42 44
13: 18 27 45
14: 10 15 18
15: 14 20 44
16: 17 21 41
17: 9 16 42
18: 8 13 14
19: 9 12 20
20: 8 15 19
21: 16 22 24
22: 21 23 40
23: 22 30 43
24: 21 26 30
25: 28 39 45
26: 7 24 29
27: 13 29 32
28: 25 34 37
29: 26 27 36
30: 23 24 33
31: 32 34 45
32: 27 31 35
33: 6 30 38
34: 5 28 31
35: 5 32 36
36: 6 29 35
37: 2 28 46
38: 1 33 43
39: 2 11 25
40: 3 22 41
41: 4 16 40
42: 4 12 17
43: 3 23 38
44: 11 12 15 47
45: 10 13 25 31
46: 1 5 6 37
47: 1 2 3 4 44

1: 2 9 13
2: 1 5 8
3: 7 9 25
4: 8 11 12
5: 2 6 22
6: 5 7 16
7: 3 6 14
8: 2 4 24
9: 1 3 21
10: 14 16 41
11: 4 18 23
12: 4 17 19
13: 1 15 20
14: 7 10 31
15: 13 27 32
16: 6 10 33
17: 12 22 39
18: 11 19 37
19: 12 18 36
20: 13 21 28
21: 9 20 29
22: 5 17 33
23: 11 24 38
24: 8 23 32
25: 3 29 31
26: 30 34 40
27: 15 28 35
28: 20 27 47
29: 21 25 47
30: 26 42 46
31: 14 25 46
32: 15 24 45
33: 16 22 43
34: 26 35 47
35: 27 34 45
36: 19 39 44
37: 18 38 44
38: 23 37 45
39: 17 36 43
40: 26 44 45
41: 10 43 46
42: 30 43 44
43: 33 39 41 42
44: 36 37 40 42
45: 32 35 38 40
46: 30 31 41 47
47: 28 29 34 46

1: 36 42 47
2: 37 38 47
3: 34 39 47
4: 35 41 47
5: 40 43 47
6: 14 21 46
7: 13 19 46
8: 9 14 15
9: 8 10 44
10: 9 11 45
11: 10 15 16
12: 16 20 45
13: 7 14 44
14: 6 8 13
15: 8 11 26
16: 11 12 27
17: 33 44 45
18: 19 31 44
19: 7 18 32
20: 12 28 29
21: 6 24 25
22: 32 41 46
23: 25 40 46
24: 21 26 42
25: 21 23 43
26: 15 24 36
27: 16 28 37
28: 20 27 38
29: 20 30 39
30: 29 34 45
31: 18 33 35
32: 19 22 35
33: 17 31 34
34: 3 30 33
35: 4 31 32
36: 1 26 37
37: 2 27 36
38: 2 28 39
39: 3 29 38
40: 5 23 41
41: 4 22 40
42: 1 24 43
43: 5 25 42
44: 9 13 17 18
45: 10 12 17 30
46: 6 7 22 23
47: 1 2 3 4 5

1: 2 8 11
2: 1 6 10
3: 9 20 27
4: 5 6 18
5: 4 10 17
6: 2 4 16
7: 8 9 23
8: 1 7 22
9: 3 7 21
10: 2 5 15
11: 1 19 24
12: 16 18 39
13: 15 17 40
14: 28 32 41
15: 10 13 34
16: 6 12 30
17: 5 13 36
18: 4 12 36
19: 11 26 34
20: 3 23 38
21: 9 22 29
22: 8 21 30
23: 7 20 35
24: 11 25 35
25: 24 26 33
26: 19 25 31
27: 3 29 37
28: 14 31 33
29: 21 27 47
30: 16 22 47
31: 26 28 45
32: 14 42 45
33: 25 28 44
34: 15 19 45
35: 23 24 44
36: 17 18 43
37: 27 38 46
38: 20 37 44
39: 12 43 47
40: 13 43 45
41: 14 44 46
42: 32 43 46
43: 36 39 40 42
44: 33 35 38 41
45: 31 32 34 40
46: 37 41 42 47
47: 29 30 39 46

1: 36 46 47
2: 35 43 47
3: 37 39 47
4: 40 42 47
5: 38 41 47
6: 34 45 46
7: 32 33 46
8: 21 23 45
9: 10 22 45
10: 9 31 34
11: 29 33 35
12: 13 14 33
13: 12 31 32
14: 12 29 30
15: 16 26 37
16: 15 17 39
17: 16 18 19
18: 17 25 42
19: 17 24 26
20: 23 28 44
21: 8 38 44
22: 9 23 27
23: 8 20 22
24: 19 25 44
25: 18 24 40
26: 15 19 30
27: 22 28 31
28: 20 27 30
29: 11 14 43
30: 14 26 28
31: 10 13 27
32: 7 13 34
33: 7 11 12
34: 6 10 32
35: 2 11 46
36: 1 38 45
37: 3 15 43
38: 5 21 36
39: 3 16 42
40: 4 25 41
41: 5 40 44
42: 4 18 39
43: 2 29 37
44: 20 21 24 41
45: 6 8 9 36
46: 1 6 7 35
47: 1 2 3 4 5

1: 2 18 20
2: 1 3 7
3: 2 15 19
4: 14 19 39
5: 6 18 40
6: 5 8 42
7: 2 8 9
8: 6 7 38
9: 7 16 17
10: 11 17 33
11: 10 16 37
12: 13 34 36
13: 12 33 37
14: 4 15 41
15: 3 14 32
16: 9 11 38
17: 9 10 32
18: 1 5 24
19: 3 4 23
20: 1 21 22
21: 20 24 28
22: 20 23 27
23: 19 22 26
24: 18 21 25
25: 24 30 40
26: 23 29 39
27: 22 28 29
28: 21 27 30
29: 26 27 47
30: 25 28 47
31: 34 35 46
32: 15 17 44
33: 10 13 44
34: 12 31 44
35: 31 36 45
36: 12 35 43
37: 11 13 43
38: 8 16 43
39: 4 26 46
40: 5 25 45
41: 14 44 46
42: 6 43 45
43: 36 37 38 42
44: 32 33 34 41
45: 35 40 42 47
46: 31 39 41 47
47: 29 30 45 46

1: 2 3 42
2: 1 28 40
3: 1 27 39
4: 29 30 34
5: 6 16 31
6: 5 20 32
7: 8 33 41
8: 7 36 37
9: 14 19 38
10: 13 19 39
11: 12 17 30
12: 11 18 34
13: 10 14 37
14: 9 13 36
15: 16 21 35
16: 5 15 24
17: 11 23 32
18: 12 22 38
19: 9 10 22
20: 6 23 24
21: 15 25 40
22: 18 19 26
23: 17 20 26
24: 16 20 25
25: 21 24 28
26: 22 23 27
27: 3 26 28
28: 2 25 27
29: 4 33 47
30: 4 11 46
31: 5 35 46
32: 6 17 46
33: 7 29 44
34: 4 12 44
35: 15 31 45
36: 8 14 44
37: 8 13 43
38: 9 18 44
39: 3 10 43
40: 2 21 45
41: 7 43 47
42: 1 43 45
43: 37 39 41 42
44: 33 34 36 38
45: 35 40 42 47
46: 30 31 32 47
47: 29 41 45 46

1: 2 3 42
2: 1 28 40
3: 1 27 39
4: 5 6 24
5: 4 23 38
6: 4 21 32
7: 12 21 22
8: 11 17 31
9: 29 31 37
10: 13 18 22
11: 8 12 30
12: 7 11 16
13: 10 15 39
14: 20 35 41
15: 13 19 34
16: 12 17 36
17: 8 16 37
18: 10 19 36
19: 15 18 33
20: 14 33 34
21: 6 7 30
22: 7 10 26
23: 5 25 40
24: 4 25 26
25: 23 24 28
26: 22 24 27
27: 3 26 28
28: 2 25 27
29: 9 35 47
30: 11 21 46
31: 8 9 46
32: 6 38 46
33: 19 20 44
34: 15 20 43
35: 14 29 44
36: 16 18 44
37: 9 17 44
38: 5 32 45
39: 3 13 43
40: 2 23 45
41: 14 43 47
42: 1 43 45
43: 34 39 41 42
44: 33 35 36 37
45: 38 40 42 47
46: 30 31 32 47
47: 29 41 45 46

1: 2 4 6
2: 1 3 9
3: 2 11 12
4: 1 8 25
5: 9 13 24
6: 1 7 22
7: 6 8 16
8: 4 7 14
9: 2 5 21
10: 14 16 41
11: 3 18 23
12: 3 17 19
13: 5 15 20
14: 8 10 31
15: 13 27 32
16: 7 10 33
17: 12 22 39
18: 11 19 37
19: 12 18 36
20: 13 21 28
21: 9 20 29
22: 6 17 33
23: 11 24 38
24: 5 23 32
25: 4 29 31
26: 30 34 40
27: 15 28 35
28: 20 27 47
29: 21 25 47
30: 26 42 46
31: 14 25 46
32: 15 24 45
33: 16 22 43
34: 26 35 47
35: 27 34 45
36: 19 39 44
37: 18 38 44
38: 23 37 45
39: 17 36 43
40: 26 44 45
41: 10 43 46
42: 30 43 44
43: 33 39 41 42
44: 36 37 40 42
45: 32 35 38 40
46: 30 31 41 47
47: 28 29 34 46

1: 6 11 12
2: 4 5 6
3: 8 9 25
4: 2 7 8
5: 2 13 24
6: 1 2 22
7: 4 9 16
8: 3 4 21
9: 3 7 14
10: 14 16 41
11: 1 18 23
12: 1 17 19
13: 5 15 20
14: 9 10 31
15: 13 27 32
16: 7 10 33
17: 12 22 39
18: 11 19 37
19: 12 18 36
20: 13 21 28
21: 8 20 29
22: 6 17 33
23: 11 24 38
24: 5 23 32
25: 3 29 31
26: 30 34 40
27: 15 28 35
28: 20 27 47
29: 21 25 47
30: 26 42 46
31: 14 25 46
32: 15 24 45
33: 16 22 43
34: 26 35 47
35: 27 34 45
36: 19 39 44
37: 18 38 44
38: 23 37 45
39: 17 36 43
40: 26 44 45
41: 10 43 46
42: 30 43 44
43: 33 39 41 42
44: 36 37 40 42
45: 32 35 38 40
46: 30 31 41 47
47: 28 29 34 46

1: 2 6 12
2: 1 4 9
3: 8 9 25
4: 2 5 11
5: 4 13 23
6: 1 7 22
7: 6 8 16
8: 3 7 14
9: 2 3 21
10: 14 16 41
11: 4 18 24
12: 1 17 19
13: 5 15 20
14: 8 10 31
15: 13 27 32
16: 7 10 33
17: 12 22 39
18: 11 19 37
19: 12 18 36
20: 13 21 28
21: 9 20 29
22: 6 17 33
23: 5 24 32
24: 11 23 38
25: 3 29 31
26: 30 34 40
27: 15 28 35
28: 20 27 47
29: 21 25 47
30: 26 42 46
31: 14 25 46
32: 15 23 45
33: 16 22 43
34: 26 35 47
35: 27 34 45
36: 19 39 44
37: 18 38 44
38: 24 37 45
39: 17 36 43
40: 26 44 45
41: 10 43 46
42: 30 43 44
43: 33 39 41 42
44: 36 37 40 42
45: 32 35 38 40
46: 30 31 41 47
47: 28 29 34 46

1: 36 46 47
2: 35 37 47
3: 38 40 47
4: 41 43 47
5: 39 42 47
6: 32 34 46
7: 31 33 46
8: 26 37 45
9: 24 25 45
10: 11 27 38
11: 10 12 40
12: 11 13 14
13: 12 21 43
14: 12 20 27
15: 16 17 21
16: 15 42 44
17: 15 18 20
18: 17 23 44
19: 22 28 29
20: 14 17 28
21: 13 15 41
22: 19 23 24
23: 18 22 25
24: 9 22 30
25: 9 23 26
26: 8 25 44
27: 10 14 32
28: 19 20 34
29: 19 30 33
30: 24 29 31
31: 7 30 45
32: 6 27 36
33: 7 29 34
34: 6 28 33
35: 2 45 46
36: 1 32 38
37: 2 8 39
38: 3 10 36
39: 5 37 44
40: 3 11 43
41: 4 21 42
42: 5 16 41
43: 4 13 40
44: 16 18 26 39
45: 8 9 31 35
46: 1 6 7 35
47: 1 2 3 4 5

1: 2 25 26
2: 1 3 5
3: 2 10 20
4: 9 17 18
5: 2 8 9
6: 7 8 19
7: 6 14 21
8: 5 6 13
9: 4 5 15
10: 3 16 22
11: 12 18 38
12: 11 17 39
13: 8 14 35
14: 7 13 34
15: 9 16 37
16: 10 15 36
17: 4 12 37
18: 4 11 35
19: 6 26 29
20: 3 25 28
21: 7 23 29
22: 10 24 28
23: 21 31 34
24: 22 30 36
25: 1 20 32
26: 1 19 33
27: 38 39 43
28: 20 22 45
29: 19 21 44
30: 24 41 45
31: 23 40 44
32: 25 33 45
33: 26 32 44
34: 14 23 47
35: 13 18 47
36: 16 24 46
37: 15 17 46
38: 11 27 47
39: 12 27 46
40: 31 43 47
41: 30 43 46
42: 43 44 45
43: 27 40 41 42
44: 29 31 33 42
45: 28 30 32 42
46: 36 37 39 41
47: 34 35 38 40

1: 37 38 47
2: 39 40 47
3: 41 43 47
4: 36 42 47
5: 19 21 46
6: 17 20 46
7: 17 26 44
8: 9 10 28
9: 8 26 27
10: 8 24 25
11: 13 23 32
12: 16 21 45
13: 11 14 45
14: 13 15 16
15: 14 18 20
16: 12 14 19
17: 6 7 18
18: 15 17 22
19: 5 16 20
20: 6 15 19
21: 5 12 34
22: 18 23 26
23: 11 22 24
24: 10 23 31
25: 10 29 30
26: 7 9 22
27: 9 37 44
28: 8 29 37
29: 25 28 38
30: 25 31 39
31: 24 30 40
32: 11 33 41
33: 32 43 45
34: 21 35 36
35: 34 42 45
36: 4 34 46
37: 1 27 28
38: 1 29 39
39: 2 30 38
40: 2 31 41
41: 3 32 40
42: 4 35 43
43: 3 33 42
44: 7 27 46 47
45: 12 13 33 35
46: 5 6 36 44
47: 1 2 3 4 44

1: 37 38 47
2: 39 40 47
3: 41 43 47
4: 36 42 47
5: 15 17 46
6: 16 18 46
7: 15 26 44
8: 9 10 28
9: 8 26 27
10: 8 24 25
11: 21 29 30
12: 13 14 21
13: 12 20 45
14: 12 18 19
15: 5 7 23
16: 6 19 34
17: 5 18 22
18: 6 14 17
19: 14 16 45
20: 13 31 32
21: 11 12 24
22: 17 23 24
23: 15 22 25
24: 10 21 22
25: 10 23 26
26: 7 9 25
27: 9 37 44
28: 8 29 37
29: 11 28 38
30: 11 31 39
31: 20 30 40
32: 20 33 41
33: 32 43 45
34: 16 35 36
35: 34 42 45
36: 4 34 46
37: 1 27 28
38: 1 29 39
39: 2 30 38
40: 2 31 41
41: 3 32 40
42: 4 35 43
43: 3 33 42
44: 7 27 46 47
45: 13 19 33 35
46: 5 6 36 44
47: 1 2 3 4 44

1: 14 15 16
2: 3 5 18
3: 2 4 17
4: 3 24 26
5: 2 19 26
6: 13 38 41
7: 17 18 36
8: 9 16 33
9: 8 14 27
10: 11 15 28
11: 10 20 29
12: 13 23 30
13: 6 12 34
14: 1 9 28
15: 1 10 40
16: 1 8 39
17: 3 7 31
18: 2 7 32
19: 5 32 37
20: 11 35 36
21: 22 30 34
22: 21 29 35
23: 12 27 33
24: 4 25 31
25: 24 42 45
26: 4 5 45
27: 9 23 47
28: 10 14 47
29: 11 22 47
30: 12 21 47
31: 17 24 44
32: 18 19 46
33: 8 23 43
34: 13 21 46
35: 20 22 46
36: 7 20 44
37: 19 38 45
38: 6 37 46
39: 16 40 43
40: 15 39 44
41: 6 43 45
42: 25 43 44
43: 33 39 41 42
44: 31 36 40 42
45: 25 26 37 41
46: 32 34 35 38
47: 27 28 29 30

1: 16 19 41
2: 17 18 40
3: 4 11 19
4: 3 14 15
5: 6 13 17
6: 5 12 18
7: 9 14 37
8: 10 12 32
9: 7 15 29
10: 8 20 31
11: 3 16 27
12: 6 8 35
13: 5 21 35
14: 4 7 36
15: 4 9 27
16: 1 11 30
17: 2 5 33
18: 2 6 32
19: 1 3 36
20: 10 26 30
21: 13 33 34
22: 25 28 38
23: 24 28 39
24: 23 29 37
25: 22 26 31
26: 20 25 47
27: 11 15 47
28: 22 23 47
29: 9 24 47
30: 16 20 45
31: 10 25 46
32: 8 18 46
33: 17 21 44
34: 21 42 45
35: 12 13 45
36: 14 19 43
37: 7 24 43
38: 22 39 46
39: 23 38 44
40: 2 44 46
41: 1 43 45
42: 34 43 44
43: 36 37 41 42
44: 33 39 40 42
45: 30 34 35 41
46: 31 32 38 40
47: 26 27 28 29

1: 2 3 42
2: 1 28 40
3: 1 27 39
4: 5 6 24
5: 4 19 38
6: 4 20 21
7: 8 9 38
8: 7 18 37
9: 7 17 21
10: 29 30 37
11: 15 21 32
12: 13 33 36
13: 12 34 41
14: 20 23 35
15: 11 20 31
16: 19 22 33
17: 9 18 32
18: 8 17 30
19: 5 16 36
20: 6 14 15
21: 6 9 11
22: 16 26 40
23: 14 25 39
24: 4 25 26
25: 23 24 27
26: 22 24 28
27: 3 25 28
28: 2 26 27
29: 10 34 47
30: 10 18 46
31: 15 35 46
32: 11 17 46
33: 12 16 43
34: 13 29 44
35: 14 31 45
36: 12 19 44
37: 8 10 44
38: 5 7 44
39: 3 23 45
40: 2 22 43
41: 13 43 47
42: 1 43 45
43: 33 40 41 42
44: 34 36 37 38
45: 35 39 42 47
46: 30 31 32 47
47: 29 41 45 46

1: 2 24 42
2: 1 3 25
3: 2 4 5
4: 3 40 41
5: 3 22 23
6: 7 28 39
7: 6 26 32
8: 27 33 34
9: 10 12 24
10: 9 15 38
11: 18 36 38
12: 9 13 29
13: 12 14 15
14: 13 19 37
15: 10 13 18
16: 17 26 31
17: 16 30 33
18: 11 15 37
19: 14 29 35
20: 21 23 39
21: 20 22 28
22: 5 21 41
23: 5 20 25
24: 1 9 46
25: 2 23 43
26: 7 16 45
27: 8 40 45
28: 6 21 45
29: 12 19 44
30: 17 35 44
31: 16 32 44
32: 7 31 43
33: 8 17 47
34: 8 36 46
35: 19 30 47
36: 11 34 47
37: 14 18 47
38: 10 11 46
39: 6 20 43
40: 4 27 46
41: 4 22 45
42: 1 43 44
43: 25 32 39 42
44: 29 30 31 42
45: 26 27 28 41
46: 24 34 38 40
47: 33 35 36 37

1: 36 46 47
2: 35 38 47
3: 37 43 47
4: 39 40 47
5: 41 42 47
6: 34 45 46
7: 32 33 46
8: 15 25 45
9: 10 26 45
10: 9 31 34
11: 16 33 35
12: 13 14 33
13: 12 31 32
14: 12 29 30
15: 8 37 44
16: 11 27 38
17: 21 24 28
18: 25 28 44
19: 20 27 39
20: 19 21 40
21: 17 20 22
22: 21 23 41
23: 22 24 42
24: 17 23 44
25: 8 18 26
26: 9 25 30
27: 16 19 29
28: 17 18 29
29: 14 27 28
30: 14 26 31
31: 10 13 30
32: 7 13 34
33: 7 11 12
34: 6 10 32
35: 2 11 46
36: 1 37 45
37: 3 15 36
38: 2 16 39
39: 4 19 38
40: 4 20 41
41: 5 22 40
42: 5 23 43
43: 3 42 44
44: 15 18 24 43
45: 6 8 9 36
46: 1 6 7 35
47: 1 2 3 4 5

1: 2 6 37
2: 1 3 9
3: 2 4 10
4: 3 5 6
5: 4 7 35
6: 1 4 36
7: 5 10 34
8: 9 12 32
9: 2 8 31
10: 3 7 14
11: 13 15 32
12: 8 14 15
13: 11 19 33
14: 10 12 21
15: 11 12 20
16: 17 18 34
17: 16 27 40
18: 16 21 26
19: 13 20 23
20: 15 19 25
21: 14 18 24
22: 29 38 40
23: 19 30 39
24: 21 25 28
25: 20 24 30
26: 18 27 28
27: 17 26 29
28: 24 26 47
29: 22 27 47
30: 23 25 47
31: 9 37 44
32: 8 11 44
33: 13 39 44
34: 7 16 45
35: 5 36 45
36: 6 35 43
37: 1 31 43
38: 22 41 46
39: 23 33 46
40: 17 22 45
41: 38 43 45
42: 43 44 46
43: 36 37 41 42
44: 31 32 33 42
45: 34 35 40 41
46: 38 39 42 47
47: 28 29 30 46

1: 2 25 26
2: 1 3 4
3: 2 10 19
4: 2 9 20
5: 8 17 18
6: 7 8 9
7: 6 15 22
8: 5 6 16
9: 4 6 14
10: 3 13 21
11: 12 17 39
12: 11 18 38
13: 10 14 37
14: 9 13 34
15: 7 16 36
16: 8 15 35
17: 5 11 34
18: 5 12 35
19: 3 25 29
20: 4 26 28
21: 10 24 29
22: 7 23 28
23: 22 30 36
24: 21 31 37
25: 1 19 33
26: 1 20 32
27: 38 39 43
28: 20 22 45
29: 19 21 44
30: 23 40 45
31: 24 41 44
32: 26 33 45
33: 25 32 44
34: 14 17 46
35: 16 18 47
36: 15 23 47
37: 13 24 46
38: 12 27 47
39: 11 27 46
40: 30 43 47
41: 31 43 46
42: 43 44 45
43: 27 40 41 42
44: 29 31 33 42
45: 28 30 32 42
46: 34 37 39 41
47: 35 36 38 40

1: 36 46 47
2: 35 37 47
3: 42 43 47
4: 38 39 47
5: 40 41 47
6: 34 45 46
7: 32 33 46
8: 10 26 45
9: 24 25 45
10: 8 31 34
11: 12 13 33
12: 11 31 32
13: 11 29 30
14: 19 26 27
15: 16 25 39
16: 15 17 24
17: 16 18 40
18: 17 19 41
19: 14 18 20
20: 19 21 42
21: 20 22 43
22: 21 23 28
23: 22 37 44
24: 9 16 26
25: 9 15 38
26: 8 14 24
27: 14 28 30
28: 22 27 29
29: 13 28 44
30: 13 27 31
31: 10 12 30
32: 7 12 34
33: 7 11 44
34: 6 10 32
35: 2 44 46
36: 1 38 45
37: 2 23 43
38: 4 25 36
39: 4 15 40
40: 5 17 39
41: 5 18 42
42: 3 20 41
43: 3 21 37
44: 23 29 33 35
45: 6 8 9 36
46: 1 6 7 35
47: 1 2 3 4 5

1: 4 5 6
2: 4 7 8
3: 4 10 13
4: 1 2 3
5: 1 10 34
6: 1 7 35
7: 2 6 36
8: 2 9 37
9: 8 12 33
10: 3 5 32
11: 14 16 32
12: 9 13 19
13: 3 12 18
14: 11 21 31
15: 17 19 33
16: 11 18 20
17: 15 24 40
18: 13 16 26
19: 12 15 25
20: 16 21 27
21: 14 20 23
22: 28 38 40
23: 21 29 39
24: 17 25 28
25: 19 24 30
26: 18 27 30
27: 20 26 29
28: 22 24 47
29: 23 27 47
30: 25 26 47
31: 14 39 44
32: 10 11 44
33: 9 15 45
34: 5 35 44
35: 6 34 43
36: 7 37 43
37: 8 36 45
38: 22 41 46
39: 23 31 46
40: 17 22 45
41: 38 43 45
42: 43 44 46
43: 35 36 41 42
44: 31 32 34 42
45: 33 37 40 41
46: 38 39 42 47
47: 28 29 30 46

1: 36 46 47
2: 35 37 47
3: 38 40 47
4: 41 43 47
5: 39 42 47
6: 32 34 46
7: 31 33 46
8: 26 37 45
9: 24 25 45
10: 11 27 38
11: 10 12 40
12: 11 13 14
13: 12 21 43
14: 12 19 20
15: 16 18 21
16: 15 42 44
17: 18 22 44
18: 15 17 19
19: 14 18 23
20: 14 28 29
21: 13 15 41
22: 17 23 25
23: 19 22 24
24: 9 23 30
25: 9 22 26
26: 8 25 44
27: 10 28 32
28: 20 27 34
29: 20 30 33
30: 24 29 31
31: 7 30 45
32: 6 27 36
33: 7 29 34
34: 6 28 33
35: 2 45 46
36: 1 32 38
37: 2 8 39
38: 3 10 36
39: 5 37 44
40: 3 11 43
41: 4 21 42
42: 5 16 41
43: 4 13 40
44: 16 17 26 39
45: 8 9 31 35
46: 1 6 7 35
47: 1 2 3 4 5

1: 2 3 20
2: 1 15 17
3: 1 14 16
4: 5 35 36
5: 4 31 32
6: 8 18 40
7: 9 19 39
8: 6 10 42
9: 7 11 41
10: 8 15 38
11: 9 14 37
12: 13 17 36
13: 12 16 35
14: 3 11 19
15: 2 10 18
16: 3 13 37
17: 2 12 38
18: 6 15 24
19: 7 14 23
20: 1 21 22
21: 20 23 28
22: 20 24 27
23: 19 21 26
24: 18 22 25
25: 24 30 40
26: 23 29 39
27: 22 28 30
28: 21 27 29
29: 26 28 47
30: 25 27 47
31: 5 33 43
32: 5 34 44
33: 31 34 46
34: 32 33 45
35: 4 13 43
36: 4 12 44
37: 11 16 43
38: 10 17 44
39: 7 26 46
40: 6 25 45
41: 9 43 46
42: 8 44 45
43: 31 35 37 41
44: 32 36 38 42
45: 34 40 42 47
46: 33 39 41 47
47: 29 30 45 46

1: 2 5 37
2: 1 6 36
3: 5 7 31
4: 6 9 34
5: 1 3 11
6: 2 4 11
7: 3 12 32
8: 10 13 32
9: 4 17 35
10: 8 21 33
11: 5 6 20
12: 7 13 19
13: 8 12 18
14: 15 16 35
15: 14 26 40
16: 14 17 27
17: 9 16 24
18: 13 21 25
19: 12 20 25
20: 11 19 24
21: 10 18 23
22: 30 38 40
23: 21 28 39
24: 17 20 29
25: 18 19 28
26: 15 27 30
27: 16 26 29
28: 23 25 47
29: 24 27 47
30: 22 26 47
31: 3 37 44
32: 7 8 44
33: 10 39 44
34: 4 36 45
35: 9 14 45
36: 2 34 43
37: 1 31 43
38: 22 41 46
39: 23 33 46
40: 15 22 45
41: 38 43 45
42: 43 44 46
43: 36 37 41 42
44: 31 32 33 42
45: 34 35 40 41
46: 38 39 42 47
47: 28 29 30 46

1: 36 46 47
2: 35 37 47
3: 38 40 47
4: 41 43 47
5: 39 42 47
6: 32 34 46
7: 31 33 46
8: 25 37 45
9: 24 26 45
10: 11 27 38
11: 10 12 40
12: 11 13 28
13: 12 14 15
14: 13 23 29
15: 13 20 21
16: 17 42 44
17: 16 19 21
18: 21 22 44
19: 17 20 41
20: 15 19 43
21: 15 17 18
22: 18 23 26
23: 14 22 24
24: 9 23 30
25: 8 26 44
26: 9 22 25
27: 10 28 32
28: 12 27 34
29: 14 30 33
30: 24 29 31
31: 7 30 45
32: 6 27 36
33: 7 29 34
34: 6 28 33
35: 2 45 46
36: 1 32 38
37: 2 8 39
38: 3 10 36
39: 5 37 44
40: 3 11 43
41: 4 19 42
42: 5 16 41
43: 4 20 40
44: 16 18 25 39
45: 8 9 31 35
46: 1 6 7 35
47: 1 2 3 4 5

1: 36 46 47
2: 35 41 47
3: 37 42 47
4: 38 39 47
5: 40 43 47
6: 34 45 46
7: 32 33 46
8: 15 17 45
9: 10 16 45
10: 9 31 34
11: 22 33 35
12: 13 14 33
13: 12 31 32
14: 12 29 30
15: 8 37 44
16: 9 17 24
17: 8 16 18
18: 17 25 44
19: 20 28 38
20: 19 26 39
21: 23 27 43
22: 11 27 41
23: 21 26 40
24: 16 25 31
25: 18 24 29
26: 20 23 30
27: 21 22 30
28: 19 29 44
29: 14 25 28
30: 14 26 27
31: 10 13 24
32: 7 13 34
33: 7 11 12
34: 6 10 32
35: 2 11 46
36: 1 37 45
37: 3 15 36
38: 4 19 42
39: 4 20 40
40: 5 23 39
41: 2 22 43
42: 3 38 44
43: 5 21 41
44: 15 18 28 42
45: 6 8 9 36
46: 1 6 7 35
47: 1 2 3 4 5

1: 2 3 42
2: 1 27 40
3: 1 28 39
4: 5 20 33
5: 4 6 7
6: 5 15 32
7: 5 13 14
8: 11 13 31
9: 29 31 36
10: 12 37 41
11: 8 14 36
12: 10 34 35
13: 7 8 32
14: 7 11 33
15: 6 16 30
16: 15 17 22
17: 16 24 38
18: 19 21 34
19: 18 23 35
20: 4 21 22
21: 18 20 26
22: 16 20 25
23: 19 26 40
24: 17 25 39
25: 22 24 28
26: 21 23 27
27: 2 26 28
28: 3 25 27
29: 9 37 47
30: 15 38 46
31: 8 9 46
32: 6 13 46
33: 4 14 44
34: 12 18 44
35: 12 19 43
36: 9 11 44
37: 10 29 44
38: 17 30 45
39: 3 24 45
40: 2 23 43
41: 10 43 47
42: 1 43 45
43: 35 40 41 42
44: 33 34 36 37
45: 38 39 42 47
46: 30 31 32 47
47: 29 41 45 46

