1: 54
2: 53
3: 31 32
4: 33 34
5: 35 36
6: 37 38
7: 39 40
8: 41 42
9: 13 90
10: 13 90
11: 14 89
12: 14 89
13: 9 10
14: 11 12
15: 18 68
16: 17 67
17: 16 74
18: 15 73
19: 22 70
20: 21 69
21: 20 72
22: 19 71
23: 29 58
24: 30 58
25: 27 57
26: 28 57
27: 25 56
28: 26 56
29: 23 55
30: 24 55
31: 3 64
32: 3 64
33: 4 63
34: 4 63
35: 5 66
36: 5 66
37: 6 65
38: 6 65
39: 7 62
40: 7 62
41: 8 61
42: 8 61
43: 80 82
44: 79 81
45: 59 78
46: 60 77
47: 59 76
48: 60 75
49: 52 90
50: 51 89
51: 50 54
52: 49 53
53: 2 52
54: 1 51
55: 29 30 58 90
56: 27 28 57 89
57: 25 26 56 59
58: 23 24 55 60
59: 45 47 57 87
60: 46 48 58 88
61: 41 42 74 82
62: 39 40 73 81
63: 33 34 66 78
64: 31 32 65 77
65: 37 38 64 72
66: 35 36 63 71
67: 16 74 76 84
68: 15 73 75 83
69: 20 72 80 88
70: 19 71 79 87
71: 22 66 70 78
72: 21 65 69 77
73: 18 62 68 86
74: 17 61 67 85
75: 48 68 80 88
76: 47 67 79 87
77: 46 64 72 88
78: 45 63 71 87
79: 44 70 76 84
80: 43 69 75 83
81: 44 62 84 86
82: 43 61 83 85
83: 68 80 82 86
84: 67 79 81 85
85: 74 82 84 86
86: 73 81 83 85
87: 59 70 76 78
88: 60 69 75 77
89: 11 12 50 56
90: 9 10 49 55

