1: 7 33 37
2: 5 34 36
3: 8 38 40
4: 6 35 39
5: 2 29 30
6: 4 30 31
7: 1 29 32
8: 3 31 32
9: 10 21 33
10: 9 22 37
11: 12 25 34
12: 11 28 36
13: 16 24 39
14: 15 27 40
15: 14 26 38
16: 13 23 35
17: 21 25 41
18: 23 28 42
19: 24 26 44
20: 22 27 43
21: 9 17 45
22: 10 20 45
23: 16 18 48
24: 13 19 48
25: 11 17 46
26: 15 19 47
27: 14 20 47
28: 12 18 46
29: 5 7 41
30: 5 6 42
31: 6 8 44
32: 7 8 43
33: 1 9 41
34: 2 11 41
35: 4 16 42
36: 2 12 42
37: 1 10 43
38: 3 15 44
39: 4 13 44
40: 3 14 43
41: 17 29 33 34
42: 18 30 35 36
43: 20 32 37 40
44: 19 31 38 39
45: 21 22 46 47
46: 25 28 45 48
47: 26 27 45 48
48: 23 24 46 47

1: 2 13 16
2: 1 17 18
3: 6 19 21
4: 5 20 22
5: 4 23 24
6: 3 14 15
7: 13 18 38
8: 16 17 39
9: 15 21 40
10: 20 23 42
11: 22 24 41
12: 14 19 37
13: 1 7 25
14: 6 12 27
15: 6 9 28
16: 1 8 26
17: 2 8 31
18: 2 7 33
19: 3 12 34
20: 4 10 35
21: 3 9 30
22: 4 11 29
23: 5 10 36
24: 5 11 32
25: 13 26 43
26: 16 25 44
27: 14 28 43
28: 15 27 44
29: 22 35 45
30: 21 34 45
31: 17 33 48
32: 24 36 48
33: 18 31 46
34: 19 30 47
35: 20 29 47
36: 23 32 46
37: 12 43 47
38: 7 43 46
39: 8 44 48
40: 9 44 45
41: 11 45 48
42: 10 46 47
43: 25 27 37 38
44: 26 28 39 40
45: 29 30 40 41
46: 33 36 38 42
47: 34 35 37 42
48: 31 32 39 41

