1: 2 3
2: 1 4
3: 1 5
4: 2 5
5: 3 4
6: 7 10
7: 6 13
8: 9 11
9: 8 12
10: 6 11 12
11: 8 10 13
12: 9 10 13
13: 7 11 12

1: 6
2: 7
3: 8
4: 13
5: 13
6: 1 7
7: 2 6 8
8: 3 7 9
9: 8 10 11
10: 9 11 12
11: 9 10 12
12: 10 11 13
13: 4 5 12

1: 7 8
2: 9 10
3: 5 13
4: 6 13
5: 3 11
6: 4 12
7: 1 12
8: 1 12
9: 2 11
10: 2 11
11: 5 9 10 13
12: 6 7 8 13
13: 3 4 11 12

1: 2 3 11
2: 1 8 13
3: 1 9 12
4: 6 8 11
5: 7 9 11
6: 4 7 13
7: 5 6 12
8: 2 4 12
9: 3 5 13
10: 11 12 13
11: 1 4 5 10
12: 3 7 8 10
13: 2 6 9 10

1: 4 8
2: 5 9
3: 6 7
4: 1 10
5: 2 10
6: 3 12
7: 3 11
8: 1 12
9: 2 11
10: 4 5 13
11: 7 9 13
12: 6 8 13
13: 10 11 12

1: 2 3 4 5
2: 1 6 10 11
3: 1 7 10 11
4: 1 8 12 13
5: 1 9 12 13
6: 2 7 10 11
7: 3 6 10 11
8: 4 9 12 13
9: 5 8 12 13
10: 2 3 6 7
11: 2 3 6 7
12: 4 5 8 9
13: 4 5 8 9

