1: 2 3
2: 1 4
3: 1 5
4: 2 5
5: 3 4
6: 7 8 14
7: 6 12 17
8: 6 13 16
9: 10 13 14
10: 9 11 17
11: 10 12 15
12: 7 11 16
13: 8 9 15
14: 6 9 15 16
15: 11 13 14 17
16: 8 12 14 17
17: 7 10 15 16

1: 10 11 17
2: 7 12 17
3: 6 15 17
4: 8 13 17
5: 9 14 17
6: 3 12 16
7: 2 15 16
8: 4 14 16
9: 5 13 16
10: 1 12 15
11: 1 13 14
12: 2 6 10
13: 4 9 11
14: 5 8 11
15: 3 7 10
16: 6 7 8 9
17: 1 2 3 4 5

1: 3 6 15
2: 4 5 15
3: 1 7 8
4: 2 11 13
5: 2 12 14
6: 1 9 10
7: 3 10 16
8: 3 9 17
9: 6 8 16
10: 6 7 17
11: 4 14 16
12: 5 13 16
13: 4 12 17
14: 5 11 17
15: 1 2 16 17
16: 7 9 11 12 15
17: 8 10 13 14 15

1: 4 15
2: 8 17
3: 8 17
4: 1 14
5: 7 14
6: 7 14
7: 5 6
8: 2 3
9: 11 16
10: 13 15
11: 9 12
12: 11 16 17
13: 10 16 17
14: 4 5 6 15
15: 1 10 14 16
16: 9 12 13 15
17: 2 3 12 13

1: 16 17
2: 14 17
3: 10 11
4: 12 15
5: 13 14
6: 9 13
7: 10 12 17
8: 11 15 17
9: 6 12 16
10: 3 7 16
11: 3 8 13
12: 4 7 9
13: 5 6 11
14: 2 5 15
15: 4 8 14 16
16: 1 9 10 15
17: 1 2 7 8

1: 14 17
2: 15 16
3: 8 14
4: 9 15
5: 8 13
6: 10 12
7: 9 12
8: 3 5 16
9: 4 7 17
10: 6 14 16
11: 13 15 17
12: 6 7 13
13: 5 11 12
14: 1 3 10 15
15: 2 4 11 14
16: 2 8 10 17
17: 1 9 11 16

1: 2 16
2: 1 15
3: 14 17
4: 8 15
5: 9 14
6: 9 13
7: 8 12
8: 4 7 17
9: 5 6 16
10: 13 15 17
11: 12 14 16
12: 7 11 13
13: 6 10 12
14: 3 5 11 15
15: 2 4 10 14
16: 1 9 11 17
17: 3 8 10 16

1: 14 17
2: 10 14
3: 12 16
4: 15 16
5: 11 15
6: 7 17
7: 6 13
8: 11 12 17
9: 10 13 16
10: 2 9 11
11: 5 8 10
12: 3 8 14
13: 7 9 15
14: 1 2 12
15: 4 5 13
16: 3 4 9 17
17: 1 6 8 16

1: 16 17
2: 15 17
3: 14 16
4: 9 11
5: 10 13
6: 12 14
7: 9 13 17
8: 10 11 17
9: 4 7 16
10: 5 8 15
11: 4 8 12
12: 6 11 15
13: 5 7 14
14: 3 6 13
15: 2 10 12
16: 1 3 9
17: 1 2 7 8

1: 12 14
2: 11 12
3: 13 15
4: 14 16
5: 10 13
6: 7 17
7: 6 15
8: 10 14 17
9: 11 15 16
10: 5 8 11
11: 2 9 10
12: 1 2 17
13: 3 5 16
14: 1 4 8
15: 3 7 9
16: 4 9 13 17
17: 6 8 12 16

1: 15 17
2: 11 17
3: 15 16
4: 12 14
5: 10 12
6: 13 14
7: 9 13
8: 11 12 16
9: 7 10 17
10: 5 9 15
11: 2 8 14
12: 4 5 8
13: 6 7 16
14: 4 6 11
15: 1 3 10
16: 3 8 13 17
17: 1 2 9 16

1: 14 17
2: 12 17
3: 13 14
4: 9 15
5: 10 16
6: 11 13
7: 9 16 17
8: 10 15 17
9: 4 7 14
10: 5 8 12
11: 6 12 15
12: 2 10 11
13: 3 6 16
14: 1 3 9
15: 4 8 11 16
16: 5 7 13 15
17: 1 2 7 8

1: 13 17
2: 11 17
3: 14 16
4: 10 14
5: 9 12
6: 13 15
7: 10 12 16
8: 11 14 15
9: 5 16 17
10: 4 7 11
11: 2 8 10
12: 5 7 15
13: 1 6 16
14: 3 4 8
15: 6 8 12 17
16: 3 7 9 13
17: 1 2 9 15

1: 14 15
2: 13 17
3: 8 14
4: 8 16
5: 10 13
6: 9 11
7: 10 11
8: 3 4 17
9: 6 14 17
10: 5 7 15
11: 6 7 16
12: 13 15 16
13: 2 5 12
14: 1 3 9 16
15: 1 10 12 17
16: 4 11 12 14
17: 2 8 9 15

1: 14 15
2: 13 16
3: 12 17
4: 10 16
5: 8 9
6: 8 10
7: 15 16 17
8: 5 6 17
9: 5 13 14
10: 4 6 15
11: 12 14 16
12: 3 11 13
13: 2 9 12 15
14: 1 9 11 17
15: 1 7 10 13
16: 2 4 7 11
17: 3 7 8 14

1: 16 17
2: 15 17
3: 14 16
4: 13 15
5: 12 14
6: 8 10 16
7: 9 11 17
8: 6 13 17
9: 7 12 16
10: 6 12 15
11: 7 13 14
12: 5 9 10
13: 4 8 11
14: 3 5 11
15: 2 4 10
16: 1 3 6 9
17: 1 2 7 8

1: 10 17
2: 10 15
3: 8 14
4: 7 16
5: 13 14
6: 8 12
7: 4 14 17
8: 3 6 17
9: 15 16 17
10: 1 2 11
11: 10 12 13
12: 6 11 16
13: 5 11 15
14: 3 5 7
15: 2 9 13
16: 4 9 12
17: 1 7 8 9

1: 11 17
2: 12 15
3: 9 12
4: 15 16
5: 11 13
6: 13 14
7: 10 14
8: 9 11 16
9: 3 8 14
10: 7 15 17
11: 1 5 8
12: 2 3 17
13: 5 6 16
14: 6 7 9
15: 2 4 10
16: 4 8 13 17
17: 1 10 12 16

1: 16 17
2: 14 17
3: 9 11
4: 10 13
5: 12 14
6: 13 15
7: 10 11 17
8: 12 13 16
9: 3 15 17
10: 4 7 16
11: 3 7 12
12: 5 8 11
13: 4 6 8
14: 2 5 15
15: 6 9 14 16
16: 1 8 10 15
17: 1 2 7 9

1: 14 16
2: 12 14
3: 15 17
4: 9 13
5: 11 17
6: 10 16
7: 11 13 15
8: 10 12 17
9: 4 15 16
10: 6 8 11
11: 5 7 10
12: 2 8 13
13: 4 7 12
14: 1 2 15
15: 3 7 9 14
16: 1 6 9 17
17: 3 5 8 16

1: 16 17
2: 13 17
3: 10 14
4: 12 13
5: 8 11
6: 14 15
7: 10 11 17
8: 5 15 17
9: 12 14 16
10: 3 7 16
11: 5 7 12
12: 4 9 11
13: 2 4 15
14: 3 6 9 17
15: 6 8 13 16
16: 1 9 10 15
17: 1 2 7 8 14

1: 16 17
2: 15 17
3: 13 16
4: 10 14
5: 12 14
6: 8 11
7: 11 12 17
8: 6 10 17
9: 13 14 15
10: 4 8 16
11: 6 7 13
12: 5 7 15
13: 3 9 11
14: 4 5 9
15: 2 9 12
16: 1 3 10
17: 1 2 7 8

1: 13 17
2: 9 17
3: 12 16
4: 11 14
5: 14 15
6: 15 16
7: 10 13
8: 9 10 16
9: 2 8 15
10: 7 8 14
11: 4 12 17
12: 3 11 13
13: 1 7 12
14: 4 5 10
15: 5 6 9
16: 3 6 8 17
17: 1 2 11 16

1: 15 17
2: 14 17
3: 13 15
4: 10 16
5: 12 16
6: 8 11
7: 11 12 17
8: 6 10 17
9: 13 14 16
10: 4 8 15
11: 6 7 13
12: 5 7 14
13: 3 9 11
14: 2 9 12
15: 1 3 10
16: 4 5 9 17
17: 1 2 7 8 16

1: 16 17
2: 10 17
3: 13 15
4: 12 14
5: 9 11
6: 12 13 17
7: 14 15 17
8: 9 10 16
9: 5 8 15
10: 2 8 14
11: 5 12 16
12: 4 6 11
13: 3 6 16
14: 4 7 10
15: 3 7 9
16: 1 8 11 13
17: 1 2 6 7

1: 14 17
2: 10 17
3: 12 16
4: 13 15
5: 9 11
6: 13 16 17
7: 12 15 17
8: 9 10 14
9: 5 8 16
10: 2 8 13
11: 5 14 15
12: 3 7 14
13: 4 6 10
14: 1 8 11 12
15: 4 7 11 16
16: 3 6 9 15
17: 1 2 6 7

