1: 2 3 4
2: 1 87 88
3: 1 4 88
4: 1 3 88
5: 84 85 87
6: 83 86 87
7: 8 23 24
8: 7 23 24
9: 10 27 30
10: 9 27 30
11: 12 28 29
12: 11 28 29
13: 14 25 26
14: 13 25 26
15: 16 31 32
16: 15 31 32
17: 18 35 38
18: 17 35 38
19: 20 36 37
20: 19 36 37
21: 22 33 34
22: 21 33 34
23: 7 8 39
24: 7 8 39
25: 13 14 42
26: 13 14 42
27: 9 10 40
28: 11 12 41
29: 11 12 41
30: 9 10 40
31: 15 16 43
32: 15 16 43
33: 21 22 46
34: 21 22 46
35: 17 18 44
36: 19 20 45
37: 19 20 45
38: 17 18 44
39: 23 24 71
40: 27 30 72
41: 28 29 72
42: 25 26 71
43: 31 32 73
44: 35 38 74
45: 36 37 74
46: 33 34 73
47: 48 59 62
48: 47 59 62
49: 50 60 61
50: 49 60 61
51: 52 63 66
52: 51 63 66
53: 54 64 65
54: 53 64 65
55: 56 67 68
56: 55 67 68
57: 58 69 70
58: 57 69 70
59: 47 48 75
60: 49 50 76
61: 49 50 76
62: 47 48 75
63: 51 52 77
64: 53 54 78
65: 53 54 78
66: 51 52 77
67: 55 56 80
68: 55 56 80
69: 57 58 79
70: 57 58 79
71: 39 42 82
72: 40 41 82
73: 43 46 81
74: 44 45 81
75: 59 62 84
76: 60 61 84
77: 63 66 83
78: 64 65 83
79: 69 70 85
80: 67 68 86
81: 73 74 85
82: 71 72 86
83: 6 77 78
84: 5 75 76
85: 5 79 81
86: 6 80 82
87: 2 5 6
88: 2 3 4

