1: 2 3 4
2: 1 48 49
3: 1 47 50
4: 1 45 46
5: 6 7 30
6: 5 27 35
7: 5 26 36
8: 9 18 19
9: 8 12 13
10: 14 17 28
11: 15 16 29
12: 9 14 16
13: 9 15 17
14: 10 12 20
15: 11 13 22
16: 11 12 21
17: 10 13 23
18: 8 20 22
19: 8 21 23
20: 14 18 24
21: 16 19 25
22: 15 18 25
23: 17 19 24
24: 20 23 27
25: 21 22 26
26: 7 25 29
27: 6 24 28
28: 10 27 32
29: 11 26 31
30: 5 31 32
31: 29 30 38
32: 28 30 37
33: 40 42 44
34: 39 41 43
35: 6 38 40
36: 7 37 39
37: 32 36 48
38: 31 35 47
39: 34 36 49
40: 33 35 50
41: 34 45 48
42: 33 45 47
43: 34 46 50
44: 33 46 49
45: 4 41 42
46: 4 43 44
47: 3 38 42
48: 2 37 41
49: 2 39 44
50: 3 40 43

1: 2 3 4
2: 1 47 48
3: 1 46 49
4: 1 45 50
5: 6 7 9
6: 5 14 15
7: 5 12 16
8: 10 43 44
9: 5 10 13
10: 8 9 19
11: 18 35 36
12: 7 13 19
13: 9 12 17
14: 6 18 22
15: 6 21 23
16: 7 17 20
17: 13 16 29
18: 11 14 31
19: 10 12 29
20: 16 28 33
21: 15 22 31
22: 14 21 34
23: 15 24 34
24: 23 25 32
25: 24 26 30
26: 25 27 33
27: 26 28 32
28: 20 27 30
29: 17 19 37
30: 25 28 38
31: 18 21 39
32: 24 27 40
33: 20 26 40
34: 22 23 39
35: 11 38 41
36: 11 37 42
37: 29 36 48
38: 30 35 47
39: 31 34 46
40: 32 33 45
41: 35 42 48
42: 36 41 47
43: 8 46 50
44: 8 45 49
45: 4 40 44
46: 3 39 43
47: 2 38 42
48: 2 37 41
49: 3 44 50
50: 4 43 49

1: 2 3 4
2: 1 47 48
3: 1 45 50
4: 1 46 49
5: 6 7 44
6: 5 37 39
7: 5 36 38
8: 9 33 35
9: 8 14 15
10: 23 26 34
11: 24 25 34
12: 15 21 40
13: 20 22 40
14: 9 21 29
15: 9 12 16
16: 15 20 29
17: 25 31 32
18: 19 31 33
19: 18 25 30
20: 13 16 21
21: 12 14 20
22: 13 23 27
23: 10 22 28
24: 11 26 28
25: 11 17 19
26: 10 24 27
27: 22 26 43
28: 23 24 43
29: 14 16 41
30: 19 32 42
31: 17 18 42
32: 17 30 41
33: 8 18 39
34: 10 11 38
35: 8 36 37
36: 7 35 39
37: 6 35 38
38: 7 34 37
39: 6 33 36
40: 12 13 48
41: 29 32 46
42: 30 31 46
43: 27 28 45
44: 5 45 47
45: 3 43 44
46: 4 41 42
47: 2 44 50
48: 2 40 49
49: 4 48 50
50: 3 47 49

1: 2 3 46
2: 1 33 45
3: 1 32 44
4: 5 37 40
5: 4 20 41
6: 7 19 22
7: 6 8 39
8: 7 9 23
9: 8 10 11
10: 9 16 39
11: 9 15 17
12: 14 21 43
13: 18 38 41
14: 12 17 25
15: 11 23 25
16: 10 17 43
17: 11 14 16
18: 13 20 35
19: 6 35 38
20: 5 18 34
21: 12 29 42
22: 6 27 44
23: 8 15 27
24: 26 36 42
25: 14 15 28
26: 24 30 45
27: 22 23 31
28: 25 29 31
29: 21 28 30
30: 26 29 33
31: 27 28 32
32: 3 31 33
33: 2 30 32
34: 20 37 48
35: 18 19 48
36: 24 40 47
37: 4 34 47
38: 13 19 49
39: 7 10 49
40: 4 36 50
41: 5 13 50
42: 21 24 50
43: 12 16 49
44: 3 22 48
45: 2 26 47
46: 1 47 48
47: 36 37 45 46
48: 34 35 44 46
49: 38 39 43 50
50: 40 41 42 49

1: 2 3 46
2: 1 33 44
3: 1 43 45
4: 5 33 34
5: 4 6 44
6: 5 7 36
7: 6 11 12
8: 13 14 37
9: 15 28 39
10: 35 39 41
11: 7 16 22
12: 7 31 34
13: 8 15 18
14: 8 16 36
15: 9 13 38
16: 11 14 17
17: 16 18 19
18: 13 17 26
19: 17 25 27
20: 21 22 31
21: 20 23 30
22: 11 20 27
23: 21 24 27
24: 23 25 29
25: 19 24 32
26: 18 28 32
27: 19 22 23
28: 9 26 41
29: 24 30 40
30: 21 29 42
31: 12 20 42
32: 25 26 40
33: 2 4 43
34: 4 12 49
35: 10 45 49
36: 6 14 48
37: 8 38 48
38: 15 37 47
39: 9 10 47
40: 29 32 50
41: 10 28 50
42: 30 31 50
43: 3 33 49
44: 2 5 48
45: 3 35 47
46: 1 47 48
47: 38 39 45 46
48: 36 37 44 46
49: 34 35 43 50
50: 40 41 42 49

1: 2 32 46
2: 1 33 34
3: 31 36 40
4: 5 37 41
5: 4 6 38
6: 5 24 42
7: 10 17 39
8: 11 26 39
9: 18 19 25
10: 7 16 25
11: 8 15 23
12: 13 21 23
13: 12 14 15
14: 13 18 20
15: 11 13 17
16: 10 24 38
17: 7 15 18
18: 9 14 17
19: 9 27 35
20: 14 21 27
21: 12 20 29
22: 26 30 36
23: 11 12 28
24: 6 16 45
25: 9 10 45
26: 8 22 44
27: 19 20 43
28: 23 29 44
29: 21 28 43
30: 22 31 34
31: 3 30 33
32: 1 35 49
33: 2 31 48
34: 2 30 49
35: 19 32 47
36: 3 22 50
37: 4 40 50
38: 5 16 50
39: 7 8 50
40: 3 37 48
41: 4 42 48
42: 6 41 47
43: 27 29 49
44: 26 28 49
45: 24 25 47
46: 1 47 48
47: 35 42 45 46
48: 33 40 41 46
49: 32 34 43 44
50: 36 37 38 39

1: 2 18 27
2: 1 3 19
3: 2 4 5
4: 3 13 22
5: 3 11 12
6: 14 22 23
7: 10 13 14
8: 9 12 20
9: 8 10 11
10: 7 9 21
11: 5 9 13
12: 5 8 18
13: 4 7 11
14: 6 7 17
15: 16 17 46
16: 15 23 38
17: 14 15 34
18: 1 12 33
19: 2 28 35
20: 8 21 33
21: 10 20 34
22: 4 6 35
23: 6 16 36
24: 29 37 44
25: 26 32 37
26: 25 36 38
27: 1 31 45
28: 19 31 43
29: 24 32 42
30: 39 40 41
31: 27 28 50
32: 25 29 47
33: 18 20 49
34: 17 21 49
35: 19 22 47
36: 23 26 47
37: 24 25 48
38: 16 26 48
39: 30 45 50
40: 30 46 49
41: 30 44 48
42: 29 43 50
43: 28 42 47
44: 24 41 50
45: 27 39 49
46: 15 40 48
47: 32 35 36 43
48: 37 38 41 46
49: 33 34 40 45
50: 31 39 42 44

1: 2 3 46
2: 1 33 44
3: 1 43 45
4: 5 33 34
5: 4 6 44
6: 5 7 36
7: 6 11 12
8: 13 14 37
9: 15 28 39
10: 35 39 41
11: 7 31 34
12: 7 25 27
13: 8 15 18
14: 8 16 17
15: 9 13 38
16: 14 26 32
17: 14 27 36
18: 13 28 32
19: 20 25 31
20: 19 21 30
21: 20 22 23
22: 21 24 25
23: 21 26 29
24: 22 26 27
25: 12 19 22
26: 16 23 24
27: 12 17 24
28: 9 18 41
29: 23 30 40
30: 20 29 42
31: 11 19 42
32: 16 18 40
33: 2 4 43
34: 4 11 49
35: 10 45 49
36: 6 17 48
37: 8 38 48
38: 15 37 47
39: 9 10 47
40: 29 32 50
41: 10 28 50
42: 30 31 50
43: 3 33 49
44: 2 5 48
45: 3 35 47
46: 1 47 48
47: 38 39 45 46
48: 36 37 44 46
49: 34 35 43 50
50: 40 41 42 49

1: 8 13 19
2: 6 10 11
3: 6 12 14
4: 5 13 14
5: 4 6 9
6: 2 3 5
7: 17 22 34
8: 1 18 23
9: 5 10 29
10: 2 9 30
11: 2 12 31
12: 3 11 26
13: 1 4 28
14: 3 4 21
15: 22 24 45
16: 23 25 46
17: 7 24 27
18: 8 20 25
19: 1 20 21
20: 18 19 44
21: 14 19 40
22: 7 15 43
23: 8 16 39
24: 15 17 38
25: 16 18 42
26: 12 33 40
27: 17 32 35
28: 13 29 39
29: 9 28 37
30: 10 31 37
31: 11 30 36
32: 27 33 38
33: 26 32 36
34: 7 35 41
35: 27 34 50
36: 31 33 50
37: 29 30 50
38: 24 32 48
39: 23 28 49
40: 21 26 48
41: 34 43 49
42: 25 44 47
43: 22 41 47
44: 20 42 48
45: 15 47 48
46: 16 47 49
47: 42 43 45 46
48: 38 40 44 45
49: 39 41 46 50
50: 35 36 37 49

1: 2 4 6
2: 1 7 8
3: 6 8 9
4: 1 5 11
5: 4 10 29
6: 1 3 12
7: 2 10 16
8: 2 3 14
9: 3 13 15
10: 5 7 22
11: 4 17 28
12: 6 13 17
13: 9 12 19
14: 8 15 18
15: 9 14 20
16: 7 18 21
17: 11 12 40
18: 14 16 44
19: 13 20 40
20: 15 19 46
21: 16 26 36
22: 10 26 39
23: 25 32 35
24: 25 31 38
25: 23 24 45
26: 21 22 37
27: 30 36 37
28: 11 33 43
29: 5 33 39
30: 27 34 35
31: 24 41 42
32: 23 34 38
33: 28 29 50
34: 30 32 49
35: 23 30 48
36: 21 27 48
37: 26 27 49
38: 24 32 50
39: 22 29 49
40: 17 19 47
41: 31 45 47
42: 31 43 50
43: 28 42 47
44: 18 46 48
45: 25 41 48
46: 20 44 47
47: 40 41 43 46
48: 35 36 44 45
49: 34 37 39 50
50: 33 38 42 49

1: 2 3 6
2: 1 5 12
3: 1 4 11
4: 3 5 8
5: 2 4 7
6: 1 9 10
7: 5 14 23
8: 4 13 22
9: 6 12 21
10: 6 11 20
11: 3 10 17
12: 2 9 16
13: 8 17 19
14: 7 15 16
15: 14 31 37
16: 12 14 41
17: 11 13 45
18: 25 32 36
19: 13 24 40
20: 10 21 46
21: 9 20 41
22: 8 23 42
23: 7 22 39
24: 19 26 42
25: 18 26 40
26: 24 25 38
27: 28 34 44
28: 27 35 37
29: 30 33 36
30: 29 34 43
31: 15 35 39
32: 18 33 38
33: 29 32 50
34: 27 30 50
35: 28 31 50
36: 18 29 48
37: 15 28 47
38: 26 32 49
39: 23 31 49
40: 19 25 48
41: 16 21 47
42: 22 24 49
43: 30 44 48
44: 27 43 47
45: 17 46 48
46: 20 45 47
47: 37 41 44 46
48: 36 40 43 45
49: 38 39 42 50
50: 33 34 35 49

1: 3 4 28
2: 5 6 27
3: 1 6 9
4: 1 5 11
5: 2 4 10
6: 2 3 12
7: 9 12 15
8: 10 11 14
9: 3 7 25
10: 5 8 24
11: 4 8 23
12: 6 7 22
13: 16 17 26
14: 8 18 19
15: 7 20 21
16: 13 25 40
17: 13 21 39
18: 14 23 35
19: 14 24 36
20: 15 22 38
21: 15 17 37
22: 12 20 32
23: 11 18 30
24: 10 19 31
25: 9 16 29
26: 13 33 34
27: 2 31 32
28: 1 29 30
29: 25 28 41
30: 23 28 44
31: 24 27 46
32: 22 27 42
33: 26 40 48
34: 26 39 45
35: 18 36 44
36: 19 35 47
37: 21 38 43
38: 20 37 42
39: 17 34 43
40: 16 33 41
41: 29 40 49
42: 32 38 50
43: 37 39 50
44: 30 35 49
45: 34 48 50
46: 31 47 50
47: 36 46 49
48: 33 45 49
49: 41 44 47 48
50: 42 43 45 46

1: 6 7 8
2: 3 5 6
3: 2 7 17
4: 9 15 28
5: 2 9 16
6: 1 2 13
7: 1 3 12
8: 1 10 11
9: 4 5 18
10: 8 13 27
11: 8 12 24
12: 7 11 25
13: 6 10 19
14: 21 22 29
15: 4 20 23
16: 5 19 20
17: 3 18 26
18: 9 17 37
19: 13 16 43
20: 15 16 35
21: 14 30 42
22: 14 32 45
23: 15 31 36
24: 11 27 38
25: 12 26 38
26: 17 25 46
27: 10 24 44
28: 4 36 37
29: 14 33 34
30: 21 33 39
31: 23 35 41
32: 22 34 40
33: 29 30 50
34: 29 32 49
35: 20 31 48
36: 23 28 50
37: 18 28 49
38: 24 25 47
39: 30 41 48
40: 32 46 47
41: 31 39 50
42: 21 45 48
43: 19 44 48
44: 27 43 47
45: 22 42 47
46: 26 40 49
47: 38 40 44 45
48: 35 39 42 43
49: 34 37 46 50
50: 33 36 41 49

1: 4 10 11
2: 5 9 11
3: 5 6 7
4: 1 5 8
5: 2 3 4
6: 3 8 23
7: 3 9 24
8: 4 6 18
9: 2 7 17
10: 1 14 25
11: 1 2 16
12: 13 19 29
13: 12 20 26
14: 10 18 20
15: 16 17 28
16: 11 15 40
17: 9 15 39
18: 8 14 45
19: 12 32 38
20: 13 14 38
21: 27 30 37
22: 27 31 35
23: 6 24 46
24: 7 23 39
25: 10 26 40
26: 13 25 36
27: 21 22 44
28: 15 34 37
29: 12 33 36
30: 21 34 35
31: 22 42 43
32: 19 33 41
33: 29 32 50
34: 28 30 49
35: 22 30 50
36: 26 29 49
37: 21 28 47
38: 19 20 48
39: 17 24 47
40: 16 25 49
41: 32 43 48
42: 31 44 48
43: 31 41 50
44: 27 42 47
45: 18 46 48
46: 23 45 47
47: 37 39 44 46
48: 38 41 42 45
49: 34 36 40 50
50: 33 35 43 49

