1: 13 24
2: 13 23
3: 20 21
4: 19 22
5: 23 24
6: 16 18
7: 16 17
8: 17 18
9: 15 20
10: 14 19
11: 15 21
12: 14 22
13: 1 2 26
14: 10 12 26
15: 9 11 26
16: 6 7 27
17: 7 8 29
18: 6 8 28
19: 4 10 27
20: 3 9 27
21: 3 11 28
22: 4 12 29
23: 2 5 29
24: 1 5 28
25: 26 27 28 29
26: 13 14 15 25
27: 16 19 20 25
28: 18 21 24 25
29: 17 22 23 25

1: 25
2: 24
3: 12 29
4: 13 28
5: 7 28
6: 7 28
7: 5 6
8: 10 11
9: 27 29
10: 8 27
11: 8 27
12: 3 26
13: 4 26
14: 17 29
15: 16 28
16: 15 19
17: 14 18
18: 17 21
19: 16 20
20: 19 23
21: 18 22
22: 21 25
23: 20 24
24: 2 23
25: 1 22
26: 12 13 27 29
27: 9 10 11 26
28: 4 5 6 15
29: 3 9 14 26

1: 16 22 28
2: 17 23 29
3: 18 24 29
4: 18 27 29
5: 19 26 29
6: 17 22 29
7: 19 25 29
8: 16 23 28
9: 20 24 28
10: 21 26 28
11: 21 25 28
12: 20 27 28
13: 23 24 28 29
14: 26 27 28 29
15: 22 25 28 29
16: 1 8 17 22 23 28
17: 2 6 16 22 23 29
18: 3 4 20 24 27 29
19: 5 7 21 25 26 29
20: 9 12 18 24 27 28
21: 10 11 19 25 26 28
22: 1 6 15 16 17 28 29
23: 2 8 13 16 17 28 29
24: 3 9 13 18 20 28 29
25: 7 11 15 19 21 28 29
26: 5 10 14 19 21 28 29
27: 4 12 14 18 20 28 29
28: 1 8 9 10 11 12 13 14 15 16 20 21 22 23 24 25 26 27
29: 2 3 4 5 6 7 13 14 15 17 18 19 22 23 24 25 26 27

