1: 10 11 16
2: 9 17 18
3: 8 12 13
4: 5 10 20
5: 4 11 19
6: 7 13 22
7: 6 12 21
8: 3 9 34
9: 2 8 33
10: 1 4 27
11: 1 5 28
12: 3 7 32
13: 3 6 31
14: 15 20 22
15: 14 19 21
16: 1 24 25
17: 2 23 29
18: 2 26 30
19: 5 15 37
20: 4 14 43
21: 7 15 36
22: 6 14 38
23: 17 32 39
24: 16 28 41
25: 16 27 42
26: 18 33 44
27: 10 25 46
28: 11 24 37
29: 17 30 40
30: 18 29 45
31: 13 34 38
32: 12 23 36
33: 9 26 35
34: 8 31 35
35: 33 34 49
36: 21 32 47
37: 19 28 47
38: 22 31 49
39: 23 40 47
40: 29 39 48
41: 24 42 47
42: 25 41 48
43: 20 46 49
44: 26 45 49
45: 30 44 48
46: 27 43 48
47: 36 37 39 41
48: 40 42 45 46
49: 35 38 43 44

1: 8 17 18
2: 6 15 16
3: 5 8 13
4: 7 8 12
5: 3 7 11
6: 2 7 14
7: 4 5 6
8: 1 3 4
9: 10 16 30
10: 9 14 40
11: 5 15 25
12: 4 17 28
13: 3 18 25
14: 6 10 28
15: 2 11 31
16: 2 9 26
17: 1 12 39
18: 1 13 38
19: 22 27 34
20: 21 26 30
21: 20 27 29
22: 19 29 36
23: 32 33 37
24: 35 41 42
25: 11 13 47
26: 16 20 45
27: 19 21 45
28: 12 14 48
29: 21 22 49
30: 9 20 49
31: 15 32 45
32: 23 31 47
33: 23 34 45
34: 19 33 46
35: 24 44 46
36: 22 41 46
37: 23 43 46
38: 18 39 47
39: 17 38 48
40: 10 42 49
41: 24 36 49
42: 24 40 48
43: 37 44 47
44: 35 43 48
45: 26 27 31 33
46: 34 35 36 37
47: 25 32 38 43
48: 28 39 42 44
49: 29 30 40 41

1: 24 26 44
2: 8 16 25
3: 5 9 17
4: 23 27 43
5: 3 10 20
6: 7 18 21
7: 6 15 25
8: 2 9 18
9: 3 8 11
10: 5 11 12
11: 9 10 19
12: 10 13 14
13: 12 19 35
14: 12 20 36
15: 7 22 42
16: 2 17 41
17: 3 16 31
18: 6 8 30
19: 11 13 30
20: 5 14 31
21: 6 22 29
22: 15 21 34
23: 4 24 32
24: 1 23 33
25: 2 7 40
26: 1 32 39
27: 4 33 37
28: 29 34 38
29: 21 28 49
30: 18 19 49
31: 17 20 45
32: 23 26 48
33: 24 27 47
34: 22 28 46
35: 13 36 49
36: 14 35 45
37: 27 41 45
38: 28 39 48
39: 26 38 46
40: 25 42 47
41: 16 37 47
42: 15 40 46
43: 4 45 48
44: 1 46 47
45: 31 36 37 43
46: 34 39 42 44
47: 33 40 41 44
48: 32 38 43 49
49: 29 30 35 48

1: 2 3 44
2: 1 25 43
3: 1 26 27
4: 5 28 43
5: 4 6 25
6: 5 7 31
7: 6 28 32
8: 25 26 31
9: 10 11 27
10: 9 21 24
11: 9 22 23
12: 13 15 37
13: 12 16 36
14: 15 29 39
15: 12 14 30
16: 13 30 38
17: 18 20 35
18: 17 24 34
19: 20 22 41
20: 17 19 23
21: 10 26 42
22: 11 19 33
23: 11 20 24
24: 10 18 23
25: 2 5 8
26: 3 8 21
27: 3 9 33
28: 4 7 49
29: 14 32 49
30: 15 16 49
31: 6 8 46
32: 7 29 46
33: 22 27 45
34: 18 42 47
35: 17 41 47
36: 13 40 47
37: 12 39 47
38: 16 40 48
39: 14 37 46
40: 36 38 45
41: 19 35 45
42: 21 34 46
43: 2 4 48
44: 1 45 48
45: 33 40 41 44
46: 31 32 39 42
47: 34 35 36 37
48: 38 43 44 49
49: 28 29 30 48

1: 6 20 22
2: 5 6 18
3: 4 6 21
4: 3 5 23
5: 2 4 19
6: 1 2 3
7: 8 25 28
8: 7 10 29
9: 12 26 31
10: 8 11 33
11: 10 19 30
12: 9 14 39
13: 14 15 31
14: 12 13 41
15: 13 16 42
16: 15 23 34
17: 24 27 43
18: 2 20 30
19: 5 11 34
20: 1 18 38
21: 3 22 32
22: 1 21 40
23: 4 16 32
24: 17 28 29
25: 7 33 36
26: 9 35 37
27: 17 44 49
28: 7 24 47
29: 8 24 49
30: 11 18 49
31: 9 13 48
32: 21 23 46
33: 10 25 48
34: 16 19 48
35: 26 39 47
36: 25 37 47
37: 26 36 48
38: 20 40 49
39: 12 35 45
40: 22 38 46
41: 14 42 45
42: 15 41 46
43: 17 45 47
44: 27 45 46
45: 39 41 43 44
46: 32 40 42 44
47: 28 35 36 43
48: 31 33 34 37
49: 27 29 30 38

1: 2 18 25
2: 1 17 19
3: 8 13 14
4: 5 7 19
5: 4 8 15
6: 7 8 16
7: 4 6 18
8: 3 5 6
9: 11 24 33
10: 12 17 28
11: 9 12 34
12: 10 11 29
13: 3 16 39
14: 3 15 40
15: 5 14 44
16: 6 13 30
17: 2 10 34
18: 1 7 30
19: 2 4 41
20: 22 27 37
21: 23 32 42
22: 20 32 43
23: 21 31 33
24: 9 29 31
25: 1 28 38
26: 27 35 36
27: 20 26 48
28: 10 25 49
29: 12 24 49
30: 16 18 45
31: 23 24 48
32: 21 22 48
33: 9 23 47
34: 11 17 47
35: 26 38 49
36: 26 37 45
37: 20 36 46
38: 25 35 45
39: 13 40 45
40: 14 39 46
41: 19 44 47
42: 21 43 47
43: 22 42 46
44: 15 41 46
45: 30 36 38 39
46: 37 40 43 44
47: 33 34 41 42
48: 27 31 32 49
49: 28 29 35 48

1: 2 28 36
2: 1 8 43
3: 4 29 37
4: 3 5 6
5: 4 27 38
6: 4 25 26
7: 10 13 14
8: 2 19 21
9: 10 11 15
10: 7 9 12
11: 9 13 23
12: 10 16 17
13: 7 11 18
14: 7 16 42
15: 9 17 39
16: 12 14 40
17: 12 15 41
18: 13 24 33
19: 8 20 32
20: 19 31 34
21: 8 31 36
22: 26 30 35
23: 11 27 39
24: 18 25 27
25: 6 24 35
26: 6 22 29
27: 5 23 24
28: 1 44 46
29: 3 26 49
30: 22 34 49
31: 20 21 49
32: 19 43 47
33: 18 42 47
34: 20 30 47
35: 22 25 47
36: 1 21 48
37: 3 38 48
38: 5 37 45
39: 15 23 45
40: 16 41 46
41: 17 40 45
42: 14 33 46
43: 2 32 46
44: 28 45 48
45: 38 39 41 44
46: 28 40 42 43
47: 32 33 34 35
48: 36 37 44 49
49: 29 30 31 48

1: 5 14 16
2: 8 13 20
3: 4 7 13
4: 3 5 12
5: 1 4 6
6: 5 7 15
7: 3 6 19
8: 2 10 19
9: 10 21 29
10: 8 9 32
11: 18 25 34
12: 4 14 33
13: 2 3 33
14: 1 12 39
15: 6 16 42
16: 1 15 40
17: 18 22 31
18: 11 17 38
19: 7 8 37
20: 2 21 28
21: 9 20 27
22: 17 30 34
23: 24 30 31
24: 23 29 32
25: 11 36 41
26: 27 28 35
27: 21 26 49
28: 20 26 47
29: 9 24 49
30: 22 23 49
31: 17 23 46
32: 10 24 46
33: 12 13 47
34: 11 22 48
35: 26 43 48
36: 25 44 48
37: 19 42 46
38: 18 41 46
39: 14 40 47
40: 16 39 45
41: 25 38 45
42: 15 37 45
43: 35 44 47
44: 36 43 45
45: 40 41 42 44
46: 31 32 37 38
47: 28 33 39 43
48: 34 35 36 49
49: 27 29 30 48

1: 25 26 44
2: 19 27 28
3: 12 17 18
4: 5 20 25
5: 4 26 29
6: 7 28 42
7: 6 27 43
8: 11 12 24
9: 10 12 23
10: 9 11 21
11: 8 10 22
12: 3 8 9
13: 14 21 31
14: 13 20 34
15: 16 19 33
16: 15 22 35
17: 3 24 37
18: 3 23 36
19: 2 15 39
20: 4 14 30
21: 10 13 35
22: 11 16 32
23: 9 18 31
24: 8 17 32
25: 1 4 34
26: 1 5 38
27: 2 7 41
28: 2 6 33
29: 5 30 40
30: 20 29 49
31: 13 23 49
32: 22 24 47
33: 15 28 47
34: 14 25 46
35: 16 21 46
36: 18 37 49
37: 17 36 47
38: 26 40 45
39: 19 41 46
40: 29 38 48
41: 27 39 45
42: 6 47 48
43: 7 45 48
44: 1 45 46
45: 38 41 43 44
46: 34 35 39 44
47: 32 33 37 42
48: 40 42 43 49
49: 30 31 36 48

