1: 2 3 4
2: 1 81 82
3: 1 84 86
4: 1 83 85
5: 15 16 25
6: 17 20 26
7: 17 18 27
8: 16 19 21
9: 15 18 19
10: 13 21 29
11: 13 20 28
12: 13 30 31
13: 10 11 12
14: 32 46 69
15: 5 9 45
16: 5 8 44
17: 6 7 37
18: 7 9 38
19: 8 9 41
20: 6 11 42
21: 8 10 34
22: 33 44 70
23: 36 43 50
24: 37 38 71
25: 5 32 33
26: 6 35 39
27: 7 39 45
28: 11 34 35
29: 10 40 41
30: 12 40 43
31: 12 36 42
32: 14 25 59
33: 22 25 53
34: 21 28 60
35: 26 28 54
36: 23 31 58
37: 17 24 62
38: 18 24 61
39: 26 27 57
40: 29 30 56
41: 19 29 61
42: 20 31 62
43: 23 30 55
44: 16 22 60
45: 15 27 59
46: 14 52 53
47: 55 56 80
48: 54 57 79
49: 51 58 78
50: 23 51 52
51: 49 50 63
52: 46 50 66
53: 33 46 63
54: 35 48 64
55: 43 47 66
56: 40 47 67
57: 39 48 68
58: 36 49 65
59: 32 45 68
60: 34 44 64
61: 38 41 67
62: 37 42 65
63: 51 53 72
64: 54 60 73
65: 58 62 77
66: 52 55 74
67: 56 61 75
68: 57 59 76
69: 14 74 76
70: 22 72 73
71: 24 75 77
72: 63 70 81
73: 64 70 82
74: 66 69 84
75: 67 71 83
76: 68 69 86
77: 65 71 85
78: 49 81 85
79: 48 82 86
80: 47 83 84
81: 2 72 78
82: 2 73 79
83: 4 75 80
84: 3 74 80
85: 4 77 78
86: 3 76 79

1: 2 3 4
2: 1 83 84
3: 1 81 85
4: 1 82 86
5: 12 14 20
6: 12 13 18
7: 13 14 19
8: 11 22 24
9: 11 21 26
10: 11 23 25
11: 8 9 10
12: 5 6 47
13: 6 7 45
14: 5 7 46
15: 42 45 69
16: 44 47 71
17: 43 46 70
18: 6 39 44
19: 7 40 42
20: 5 41 43
21: 9 30 34
22: 8 32 33
23: 10 31 35
24: 8 30 38
25: 10 32 36
26: 9 31 37
27: 33 38 39
28: 35 36 41
29: 34 37 40
30: 21 24 55
31: 23 26 56
32: 22 25 54
33: 22 27 52
34: 21 29 53
35: 23 28 51
36: 25 28 57
37: 26 29 59
38: 24 27 58
39: 18 27 60
40: 19 29 62
41: 20 28 61
42: 15 19 59
43: 17 20 57
44: 16 18 58
45: 13 15 60
46: 14 17 62
47: 12 16 61
48: 51 56 78
49: 53 55 80
50: 52 54 79
51: 35 48 65
52: 33 50 64
53: 34 49 63
54: 32 50 68
55: 30 49 67
56: 31 48 66
57: 36 43 68
58: 38 44 67
59: 37 42 66
60: 39 45 64
61: 41 47 65
62: 40 46 63
63: 53 62 74
64: 52 60 72
65: 51 61 73
66: 56 59 75
67: 55 58 77
68: 54 57 76
69: 15 72 75
70: 17 74 76
71: 16 73 77
72: 64 69 83
73: 65 71 81
74: 63 70 82
75: 66 69 84
76: 68 70 86
77: 67 71 85
78: 48 81 84
79: 50 83 86
80: 49 82 85
81: 3 73 78
82: 4 74 80
83: 2 72 79
84: 2 75 78
85: 3 77 80
86: 4 76 79

