1: 2 3 4
2: 1 79 81
3: 1 80 84
4: 1 82 83
5: 6 7 78
6: 5 65 67
7: 5 64 66
8: 9 63 68
9: 8 10 11
10: 9 56 77
11: 9 54 55
12: 16 58 77
13: 21 22 56
14: 56 57 69
15: 40 54 68
16: 12 28 50
17: 18 19 69
18: 17 43 46
19: 17 42 45
20: 33 37 47
21: 13 31 36
22: 13 26 32
23: 25 29 55
24: 31 32 34
25: 23 34 45
26: 22 27 71
27: 26 28 47
28: 16 27 72
29: 23 44 51
30: 31 52 53
31: 21 24 30
32: 22 24 76
33: 20 55 75
34: 24 25 75
35: 38 54 70
36: 21 41 70
37: 20 39 73
38: 35 42 50
39: 37 43 53
40: 15 43 52
41: 36 42 48
42: 19 38 41
43: 18 39 40
44: 29 57 74
45: 19 25 60
46: 18 60 71
47: 20 27 62
48: 41 62 73
49: 59 74 76
50: 16 38 59
51: 29 61 72
52: 30 40 61
53: 30 39 58
54: 11 15 35
55: 11 23 33
56: 10 13 14
57: 14 44 66
58: 12 53 67
59: 49 50 67
60: 45 46 65
61: 51 52 66
62: 47 48 64
63: 8 64 65
64: 7 62 63
65: 6 60 63
66: 7 57 61
67: 6 58 59
68: 8 15 82
69: 14 17 81
70: 35 36 80
71: 26 46 84
72: 28 51 84
73: 37 48 83
74: 44 49 83
75: 33 34 79
76: 32 49 82
77: 10 12 81
78: 5 79 80
79: 2 75 78
80: 3 70 78
81: 2 69 77
82: 4 68 76
83: 4 73 74
84: 3 71 72

1: 2 3 4
2: 1 83 84
3: 1 82 84
4: 1 80 81
5: 6 7 84
6: 5 78 79
7: 5 77 79
8: 9 10 79
9: 8 74 76
10: 8 75 76
11: 12 13 76
12: 11 72 73
13: 11 71 73
14: 15 16 73
15: 14 69 70
16: 14 68 70
17: 70 80 81
18: 22 35 78
19: 52 74 82
20: 53 74 82
21: 34 71 77
22: 18 26 80
23: 24 25 81
24: 23 32 72
25: 23 33 72
26: 22 30 78
27: 31 71 77
28: 30 33 46
29: 31 32 47
30: 26 28 38
31: 27 29 39
32: 24 29 39
33: 25 28 38
34: 21 36 37
35: 18 36 37
36: 34 35 44
37: 34 35 45
38: 30 33 43
39: 31 32 42
40: 42 45 58
41: 43 44 59
42: 39 40 50
43: 38 41 51
44: 36 41 51
45: 37 40 50
46: 28 48 49
47: 29 48 49
48: 46 47 56
49: 46 47 57
50: 42 45 55
51: 43 44 54
52: 19 54 57
53: 20 55 56
54: 51 52 62
55: 50 53 63
56: 48 53 63
57: 49 52 62
58: 40 60 61
59: 41 60 61
60: 58 59 65
61: 58 59 66
62: 54 57 67
63: 55 56 64
64: 63 68 83
65: 60 68 83
66: 61 69 75
67: 62 69 75
68: 16 64 65
69: 15 66 67
70: 15 16 17
71: 13 21 27
72: 12 24 25
73: 12 13 14
74: 9 19 20
75: 10 66 67
76: 9 10 11
77: 7 21 27
78: 6 18 26
79: 6 7 8
80: 4 17 22
81: 4 17 23
82: 3 19 20
83: 2 64 65
84: 2 3 5

1: 2 3 4
2: 1 79 80
3: 1 81 84
4: 1 82 83
5: 7 9 13
6: 8 29 32
7: 5 30 36
8: 6 10 12
9: 5 14 28
10: 8 15 35
11: 16 31 33
12: 8 16 18
13: 5 15 17
14: 9 22 66
15: 10 13 23
16: 11 12 24
17: 13 20 21
18: 12 19 22
19: 18 25 37
20: 17 27 41
21: 17 26 39
22: 14 18 27
23: 15 25 40
24: 16 26 38
25: 19 23 62
26: 21 24 64
27: 20 22 63
28: 9 47 52
29: 6 51 64
30: 7 48 55
31: 11 45 61
32: 6 49 52
33: 11 56 60
34: 53 55 65
35: 10 57 58
36: 7 46 51
37: 19 46 50
38: 24 47 59
39: 21 53 58
40: 23 59 60
41: 20 54 56
42: 48 57 63
43: 54 61 62
44: 45 49 50
45: 31 44 70
46: 36 37 71
47: 28 38 71
48: 30 42 72
49: 32 44 78
50: 37 44 68
51: 29 36 73
52: 28 32 74
53: 34 39 74
54: 41 43 75
55: 30 34 75
56: 33 41 76
57: 35 42 76
58: 35 39 77
59: 38 40 78
60: 33 40 67
61: 31 43 77
62: 25 43 72
63: 27 42 73
64: 26 29 69
65: 34 69 70
66: 14 67 68
67: 60 66 80
68: 50 66 84
69: 64 65 82
70: 45 65 79
71: 46 47 79
72: 48 62 80
73: 51 63 81
74: 52 53 81
75: 54 55 84
76: 56 57 82
77: 58 61 83
78: 49 59 83
79: 2 70 71
80: 2 67 72
81: 3 73 74
82: 4 69 76
83: 4 77 78
84: 3 68 75

1: 2 3 4
2: 1 80 83
3: 1 79 84
4: 1 81 82
5: 7 15 38
6: 7 16 37
7: 5 6 8
8: 7 13 14
9: 11 13 17
10: 12 14 18
11: 9 28 48
12: 10 27 47
13: 8 9 29
14: 8 10 30
15: 5 26 27
16: 6 25 28
17: 9 24 26
18: 10 23 25
19: 22 23 29
20: 21 24 30
21: 20 34 60
22: 19 33 59
23: 18 19 35
24: 17 20 36
25: 16 18 36
26: 15 17 35
27: 12 15 34
28: 11 16 33
29: 13 19 32
30: 14 20 31
31: 30 46 50
32: 29 45 49
33: 22 28 41
34: 21 27 42
35: 23 26 44
36: 24 25 43
37: 6 44 45
38: 5 43 46
39: 55 64 65
40: 56 63 66
41: 33 57 62
42: 34 58 61
43: 36 38 54
44: 35 37 53
45: 32 37 57
46: 31 38 58
47: 12 51 54
48: 11 52 53
49: 32 52 56
50: 31 51 55
51: 47 50 78
52: 48 49 77
53: 44 48 72
54: 43 47 71
55: 39 50 76
56: 40 49 75
57: 41 45 74
58: 42 46 73
59: 22 72 75
60: 21 71 76
61: 42 70 78
62: 41 69 77
63: 40 68 74
64: 39 67 73
65: 39 68 69
66: 40 67 70
67: 64 66 84
68: 63 65 83
69: 62 65 82
70: 61 66 81
71: 54 60 80
72: 53 59 79
73: 58 64 80
74: 57 63 79
75: 56 59 82
76: 55 60 81
77: 52 62 84
78: 51 61 83
79: 3 72 74
80: 2 71 73
81: 4 70 76
82: 4 69 75
83: 2 68 78
84: 3 67 77

1: 2 3 4
2: 1 83 84
3: 1 80 82
4: 1 79 81
5: 8 9 10
6: 45 46 67
7: 11 12 13
8: 5 12 30
9: 5 11 29
10: 5 25 26
11: 7 9 17
12: 7 8 18
13: 7 15 16
14: 21 22 31
15: 13 22 24
16: 13 21 23
17: 11 19 23
18: 12 20 24
19: 17 41 48
20: 18 40 47
21: 14 16 37
22: 14 15 36
23: 16 17 39
24: 15 18 38
25: 10 33 35
26: 10 32 34
27: 37 39 69
28: 36 38 68
29: 9 35 41
30: 8 34 40
31: 14 32 33
32: 26 31 60
33: 25 31 59
34: 26 30 58
35: 25 29 57
36: 22 28 60
37: 21 27 59
38: 24 28 56
39: 23 27 55
40: 20 30 54
41: 19 29 53
42: 54 58 78
43: 53 57 77
44: 51 52 76
45: 6 50 52
46: 6 49 51
47: 20 50 56
48: 19 49 55
49: 46 48 66
50: 45 47 65
51: 44 46 64
52: 44 45 63
53: 41 43 66
54: 40 42 65
55: 39 48 64
56: 38 47 63
57: 35 43 62
58: 34 42 61
59: 33 37 62
60: 32 36 61
61: 58 60 71
62: 57 59 70
63: 52 56 75
64: 51 55 74
65: 50 54 73
66: 49 53 72
67: 6 72 73
68: 28 71 75
69: 27 70 74
70: 62 69 80
71: 61 68 79
72: 66 67 84
73: 65 67 83
74: 64 69 82
75: 63 68 81
76: 44 81 82
77: 43 80 84
78: 42 79 83
79: 4 71 78
80: 3 70 77
81: 4 75 76
82: 3 74 76
83: 2 73 78
84: 2 72 77

1: 2 3 4
2: 1 79 84
3: 1 80 83
4: 1 81 82
5: 13 14 64
6: 11 22 63
7: 12 19 20
8: 44 45 46
9: 10 11 18
10: 9 32 38
11: 6 9 37
12: 7 26 43
13: 5 35 36
14: 5 30 37
15: 33 34 39
16: 29 34 40
17: 27 30 42
18: 9 31 35
19: 7 31 33
20: 7 27 32
21: 24 36 41
22: 6 25 28
23: 24 25 26
24: 21 23 62
25: 22 23 60
26: 12 23 59
27: 17 20 62
28: 22 52 66
29: 16 61 65
30: 14 17 61
31: 18 19 55
32: 10 20 56
33: 15 19 53
34: 15 16 51
35: 13 18 57
36: 13 21 58
37: 11 14 54
38: 10 49 52
39: 15 58 60
40: 16 47 55
41: 21 51 56
42: 17 47 50
43: 12 48 57
44: 8 54 59
45: 8 49 50
46: 8 48 53
47: 40 42 78
48: 43 46 73
49: 38 45 75
50: 42 45 77
51: 34 41 70
52: 28 38 74
53: 33 46 71
54: 37 44 78
55: 31 40 74
56: 32 41 77
57: 35 43 76
58: 36 39 72
59: 26 44 69
60: 25 39 75
61: 29 30 76
62: 24 27 68
63: 6 67 69
64: 5 67 70
65: 29 68 71
66: 28 72 73
67: 63 64 82
68: 62 65 79
69: 59 63 79
70: 51 64 80
71: 53 65 81
72: 58 66 84
73: 48 66 83
74: 52 55 80
75: 49 60 81
76: 57 61 84
77: 50 56 82
78: 47 54 83
79: 2 68 69
80: 3 70 74
81: 4 71 75
82: 4 67 77
83: 3 73 78
84: 2 72 76

1: 2 3 4
2: 1 79 80
3: 1 82 84
4: 1 81 83
5: 14 15 23
6: 13 15 24
7: 12 13 14
8: 11 21 22
9: 11 25 26
10: 11 12 20
11: 8 9 10
12: 7 10 43
13: 6 7 44
14: 5 7 41
15: 5 6 42
16: 35 36 48
17: 37 40 67
18: 39 42 68
19: 38 44 69
20: 10 29 41
21: 8 29 35
22: 8 32 36
23: 5 31 37
24: 6 38 39
25: 9 34 43
26: 9 32 33
27: 30 31 40
28: 30 33 34
29: 20 21 49
30: 27 28 53
31: 23 27 58
32: 22 26 54
33: 26 28 59
34: 25 28 55
35: 16 21 56
36: 16 22 52
37: 17 23 57
38: 19 24 50
39: 18 24 51
40: 17 27 59
41: 14 20 57
42: 15 18 58
43: 12 25 60
44: 13 19 60
45: 49 56 76
46: 53 55 78
47: 52 54 77
48: 16 50 51
49: 29 45 61
50: 38 48 62
51: 39 48 63
52: 36 47 62
53: 30 46 64
54: 32 47 66
55: 34 46 65
56: 35 45 63
57: 37 41 61
58: 31 42 64
59: 33 40 66
60: 43 44 65
61: 49 57 70
62: 50 52 74
63: 51 56 75
64: 53 58 73
65: 55 60 72
66: 54 59 71
67: 17 70 71
68: 18 73 75
69: 19 72 74
70: 61 67 79
71: 66 67 80
72: 65 69 82
73: 64 68 81
74: 62 69 84
75: 63 68 83
76: 45 79 83
77: 47 80 84
78: 46 81 82
79: 2 70 76
80: 2 71 77
81: 4 73 78
82: 3 72 78
83: 4 75 76
84: 3 74 77

1: 2 3 4
2: 1 79 80
3: 1 82 84
4: 1 81 83
5: 14 15 22
6: 16 18 23
7: 15 17 24
8: 14 16 17
9: 12 18 28
10: 12 25 26
11: 12 27 29
12: 9 10 11
13: 30 44 67
14: 5 8 41
15: 5 7 42
16: 6 8 43
17: 7 8 36
18: 6 9 32
19: 31 42 68
20: 33 34 48
21: 36 43 69
22: 5 30 31
23: 6 38 41
24: 7 37 39
25: 10 32 33
26: 10 34 35
27: 11 35 37
28: 9 38 40
29: 11 39 40
30: 13 22 57
31: 19 22 51
32: 18 25 58
33: 20 25 52
34: 20 26 53
35: 26 27 54
36: 17 21 60
37: 24 27 60
38: 23 28 56
39: 24 29 59
40: 28 29 55
41: 14 23 57
42: 15 19 59
43: 16 21 58
44: 13 50 51
45: 53 54 78
46: 49 52 76
47: 55 56 77
48: 20 49 50
49: 46 48 61
50: 44 48 64
51: 31 44 61
52: 33 46 62
53: 34 45 64
54: 35 45 65
55: 40 47 66
56: 38 47 63
57: 30 41 63
58: 32 43 62
59: 39 42 66
60: 36 37 65
61: 49 51 70
62: 52 58 74
63: 56 57 75
64: 50 53 73
65: 54 60 72
66: 55 59 71
67: 13 73 75
68: 19 70 71
69: 21 72 74
70: 61 68 79
71: 66 68 80
72: 65 69 82
73: 64 67 81
74: 62 69 84
75: 63 67 83
76: 46 79 84
77: 47 80 83
78: 45 81 82
79: 2 70 76
80: 2 71 77
81: 4 73 78
82: 3 72 78
83: 4 75 77
84: 3 74 76

1: 2 3 4
2: 1 79 80
3: 1 81 84
4: 1 82 83
5: 6 9 12
6: 5 7 25
7: 6 10 11
8: 44 47 68
9: 5 17 26
10: 7 21 29
11: 7 20 28
12: 5 18 21
13: 16 19 23
14: 19 20 22
15: 16 17 18
16: 13 15 39
17: 9 15 37
18: 12 15 38
19: 13 14 42
20: 11 14 41
21: 10 12 40
22: 14 35 36
23: 13 35 38
24: 39 42 69
25: 6 34 41
26: 9 31 34
27: 32 40 67
28: 11 33 36
29: 10 32 33
30: 31 37 43
31: 26 30 53
32: 27 29 52
33: 28 29 57
34: 25 26 54
35: 22 23 56
36: 22 28 55
37: 17 30 59
38: 18 23 60
39: 16 24 59
40: 21 27 60
41: 20 25 58
42: 19 24 58
43: 30 49 50
44: 8 49 51
45: 50 51 76
46: 53 54 78
47: 8 52 57
48: 55 56 77
49: 43 44 66
50: 43 45 65
51: 44 45 61
52: 32 47 61
53: 31 46 66
54: 34 46 63
55: 36 48 62
56: 35 48 64
57: 33 47 62
58: 41 42 63
59: 37 39 65
60: 38 40 64
61: 51 52 70
62: 55 57 72
63: 54 58 75
64: 56 60 71
65: 50 59 73
66: 49 53 74
67: 27 70 71
68: 8 72 74
69: 24 73 75
70: 61 67 79
71: 64 67 80
72: 62 68 83
73: 65 69 84
74: 66 68 82
75: 63 69 81
76: 45 79 84
77: 48 80 83
78: 46 81 82
79: 2 70 76
80: 2 71 77
81: 3 75 78
82: 4 74 78
83: 4 72 77
84: 3 73 76

1: 2 3 4
2: 1 79 80
3: 1 82 84
4: 1 81 83
5: 12 14 21
6: 12 13 22
7: 13 14 25
8: 11 19 24
9: 11 20 23
10: 11 26 27
11: 8 9 10
12: 5 6 44
13: 6 7 43
14: 5 7 42
15: 37 38 48
16: 41 42 69
17: 40 44 68
18: 39 43 67
19: 8 36 38
20: 9 34 35
21: 5 32 34
22: 6 39 40
23: 9 32 33
24: 8 33 37
25: 7 30 41
26: 10 31 36
27: 10 29 35
28: 29 30 31
29: 27 28 56
30: 25 28 59
31: 26 28 60
32: 21 23 58
33: 23 24 55
34: 20 21 57
35: 20 27 52
36: 19 26 51
37: 15 24 53
38: 15 19 54
39: 18 22 49
40: 17 22 50
41: 16 25 60
42: 14 16 58
43: 13 18 59
44: 12 17 57
45: 52 56 76
46: 51 54 78
47: 53 55 77
48: 15 49 50
49: 39 48 66
50: 40 48 63
51: 36 46 62
52: 35 45 64
53: 37 47 66
54: 38 46 63
55: 33 47 65
56: 29 45 61
57: 34 44 64
58: 32 42 65
59: 30 43 61
60: 31 41 62
61: 56 59 70
62: 51 60 72
63: 50 54 73
64: 52 57 75
65: 55 58 74
66: 49 53 71
67: 18 70 71
68: 17 73 75
69: 16 72 74
70: 61 67 79
71: 66 67 80
72: 62 69 82
73: 63 68 81
74: 65 69 84
75: 64 68 83
76: 45 79 83
77: 47 80 84
78: 46 81 82
79: 2 70 76
80: 2 71 77
81: 4 73 78
82: 3 72 78
83: 4 75 76
84: 3 74 77

1: 2 3 4
2: 1 79 83
3: 1 80 81
4: 1 82 84
5: 24 37 42
6: 22 38 41
7: 23 39 40
8: 22 25 43
9: 24 28 45
10: 24 29 44
11: 23 27 46
12: 23 30 48
13: 22 26 47
14: 20 33 43
15: 20 31 46
16: 21 34 47
17: 21 36 48
18: 21 35 44
19: 20 32 45
20: 14 15 19
21: 16 17 18
22: 6 8 13
23: 7 11 12
24: 5 9 10
25: 8 31 50
26: 13 35 54
27: 11 32 53
28: 9 33 52
29: 10 36 49
30: 12 34 51
31: 15 25 56
32: 19 27 59
33: 14 28 58
34: 16 30 57
35: 18 26 60
36: 17 29 55
37: 5 38 54
38: 6 37 52
39: 7 42 49
40: 7 41 50
41: 6 40 51
42: 5 39 53
43: 8 14 61
44: 10 18 63
45: 9 19 64
46: 11 15 66
47: 13 16 62
48: 12 17 65
49: 29 39 73
50: 25 40 74
51: 30 41 75
52: 28 38 76
53: 27 42 78
54: 26 37 77
55: 36 58 67
56: 31 60 68
57: 34 59 69
58: 33 55 70
59: 32 57 72
60: 35 56 71
61: 43 62 67
62: 47 61 72
63: 44 64 68
64: 45 63 69
65: 48 66 70
66: 46 65 71
67: 55 61 79
68: 56 63 80
69: 57 64 81
70: 58 65 82
71: 60 66 84
72: 59 62 83
73: 49 74 79
74: 50 73 80
75: 51 76 81
76: 52 75 82
77: 54 78 84
78: 53 77 83
79: 2 67 73
80: 3 68 74
81: 3 69 75
82: 4 70 76
83: 2 72 78
84: 4 71 77

1: 2 3 4 5 6 7
2: 1 76 79 81 83 84
3: 1 77 78 80 82 84
4: 1 65 66 67 82 83
5: 1 64 70 71 80 81
6: 1 68 73 75 76 77
7: 1 69 72 74 78 79
8: 24 55 57 78 79 84
9: 25 54 56 76 77 84
10: 13 31 39 41 47 58
11: 12 30 39 40 46 58
12: 11 29 38 43 45 59
13: 10 28 38 42 44 59
14: 18 32 40 48 52 60
15: 20 35 43 50 53 61
16: 21 34 42 51 53 61
17: 19 33 41 49 52 60
18: 14 20 22 44 49 63
19: 17 21 22 45 48 63
20: 15 18 23 47 51 62
21: 16 19 23 46 50 62
22: 18 19 23 25 37 52
23: 20 21 22 24 36 53
24: 8 23 27 39 46 47
25: 9 22 26 38 44 45
26: 25 42 43 53 59 65
27: 24 40 41 52 58 65
28: 13 34 49 57 74 78
29: 12 35 48 57 74 79
30: 11 32 50 56 75 76
31: 10 33 51 56 75 77
32: 14 30 35 54 73 77
33: 17 31 34 54 73 76
34: 16 28 33 55 72 79
35: 15 29 32 55 72 78
36: 23 50 51 56 61 64
37: 22 48 49 57 60 64
38: 12 13 25 39 57 70
39: 10 11 24 38 56 71
40: 11 14 27 47 71 80
41: 10 17 27 46 71 81
42: 13 16 26 45 70 81
43: 12 15 26 44 70 80
44: 13 18 25 43 68 77
45: 12 19 25 42 68 76
46: 11 21 24 41 69 79
47: 10 20 24 40 69 78
48: 14 19 29 37 67 83
49: 17 18 28 37 67 82
50: 15 21 30 36 66 83
51: 16 20 31 36 66 82
52: 14 17 22 27 54 67
53: 15 16 23 26 55 66
54: 9 32 33 52 55 75
55: 8 34 35 53 54 74
56: 9 30 31 36 39 73
57: 8 28 29 37 38 72
58: 10 11 27 59 69 75
59: 12 13 26 58 68 74
60: 14 17 37 63 71 73
61: 15 16 36 62 70 72
62: 20 21 61 63 66 69
63: 18 19 60 62 67 68
64: 5 36 37 82 83 84
65: 4 26 27 80 81 84
66: 4 50 51 53 62 75
67: 4 48 49 52 63 74
68: 6 44 45 59 63 70
69: 7 46 47 58 62 71
70: 5 38 42 43 61 68
71: 5 39 40 41 60 69
72: 7 34 35 57 61 73
73: 6 32 33 56 60 72
74: 7 28 29 55 59 67
75: 6 30 31 54 58 66
76: 2 6 9 30 33 45
77: 3 6 9 31 32 44
78: 3 7 8 28 35 47
79: 2 7 8 29 34 46
80: 3 5 40 43 65 83
81: 2 5 41 42 65 82
82: 3 4 49 51 64 81
83: 2 4 48 50 64 80
84: 2 3 8 9 64 65

1: 2 3 4 5 6 7
2: 1 76 79 80 82 83
3: 1 76 77 78 81 84
4: 1 66 69 70 77 80
5: 1 67 68 71 78 79
6: 1 7 74 75 83 84
7: 1 6 72 73 81 82
8: 30 31 34 40 64 75
9: 32 33 35 41 65 74
10: 34 41 58 76 77 80
11: 35 40 59 76 78 79
12: 13 50 51 76 81 82
13: 12 44 45 76 83 84
14: 18 22 50 54 72 81
15: 21 25 50 57 72 82
16: 20 24 51 56 73 82
17: 19 23 51 55 73 81
18: 14 20 22 37 42 47
19: 17 21 23 36 43 49
20: 16 18 24 36 43 46
21: 15 19 25 37 42 48
22: 14 18 28 39 52 60
23: 17 19 29 38 53 61
24: 16 20 27 38 53 63
25: 15 21 26 39 52 62
26: 25 30 44 46 75 84
27: 24 33 45 48 74 84
28: 22 31 44 49 75 83
29: 23 32 45 47 74 83
30: 8 26 32 46 55 65
31: 8 28 33 49 56 65
32: 9 29 30 47 57 64
33: 9 27 31 48 54 64
34: 8 10 36 46 49 75
35: 9 11 37 47 48 74
36: 19 20 34 42 51 53
37: 18 21 35 43 50 52
38: 23 24 43 45 58 73
39: 22 25 42 44 59 72
40: 8 11 55 56 59 73
41: 9 10 54 57 58 72
42: 18 21 36 39 67 72
43: 19 20 37 38 66 73
44: 13 26 28 39 65 66
45: 13 27 29 38 64 67
46: 20 26 30 34 66 80
47: 18 29 32 35 67 78
48: 21 27 33 35 67 79
49: 19 28 31 34 66 77
50: 12 14 15 37 52 69
51: 12 16 17 36 53 68
52: 22 25 37 50 71 75
53: 23 24 36 51 70 74
54: 14 33 41 61 69 80
55: 17 30 40 60 68 79
56: 16 31 40 62 68 78
57: 15 32 41 63 69 77
58: 10 38 41 61 63 71
59: 11 39 40 60 62 70
60: 22 55 59 63 71 79
61: 23 54 58 62 70 80
62: 25 56 59 61 71 78
63: 24 57 58 60 70 77
64: 8 32 33 45 67 69
65: 9 30 31 44 66 68
66: 4 43 44 46 49 65
67: 5 42 45 47 48 64
68: 5 51 55 56 65 71
69: 4 50 54 57 64 70
70: 4 53 59 61 63 69
71: 5 52 58 60 62 68
72: 7 14 15 39 41 42
73: 7 16 17 38 40 43
74: 6 9 27 29 35 53
75: 6 8 26 28 34 52
76: 2 3 10 11 12 13
77: 3 4 10 49 57 63
78: 3 5 11 47 56 62
79: 2 5 11 48 55 60
80: 2 4 10 46 54 61
81: 3 7 12 14 17 84
82: 2 7 12 15 16 83
83: 2 6 13 28 29 82
84: 3 6 13 26 27 81

1: 2 3 4 5 6 7
2: 1 73 75 77 80 81
3: 1 74 76 78 79 82
4: 1 6 61 63 70 83
5: 1 7 62 64 69 83
6: 1 4 65 68 71 84
7: 1 5 66 67 72 84
8: 17 18 20 24 27 60
9: 16 19 21 25 26 60
10: 11 42 44 51 57 58
11: 10 43 45 50 56 59
12: 23 38 40 47 49 52
13: 22 39 41 46 48 53
14: 15 16 34 35 42 44
15: 14 17 36 37 43 45
16: 9 14 30 33 47 49
17: 8 15 31 32 46 48
18: 8 21 22 24 36 77
19: 9 20 23 25 35 78
20: 8 19 22 27 37 80
21: 9 18 23 26 34 79
22: 13 18 20 77 80 84
23: 12 19 21 78 79 84
24: 8 18 28 30 42 73
25: 9 19 29 32 43 76
26: 9 21 29 31 45 74
27: 8 20 28 33 44 75
28: 24 27 50 73 75 83
29: 25 26 51 74 76 83
30: 16 24 31 49 51 63
31: 17 26 30 48 50 61
32: 17 25 33 46 50 64
33: 16 27 32 47 51 62
34: 14 21 42 48 52 65
35: 14 19 44 46 52 67
36: 15 18 45 49 53 68
37: 15 20 43 47 53 66
38: 12 39 49 63 77 82
39: 13 38 48 61 79 81
40: 12 41 47 62 80 82
41: 13 40 46 64 78 81
42: 10 14 24 34 57 70
43: 11 15 25 37 59 69
44: 10 14 27 35 58 69
45: 11 15 26 36 56 70
46: 13 17 32 35 41 72
47: 12 16 33 37 40 72
48: 13 17 31 34 39 71
49: 12 16 30 36 38 71
50: 11 28 31 32 61 64
51: 10 29 30 33 62 63
52: 12 34 35 53 65 67
53: 13 36 37 52 66 68
54: 55 57 58 65 67 82
55: 54 56 59 66 68 81
56: 11 45 55 63 68 73
57: 10 42 54 61 65 74
58: 10 44 54 64 67 76
59: 11 43 55 62 66 75
60: 8 9 69 70 71 72
61: 4 31 39 50 57 81
62: 5 33 40 51 59 82
63: 4 30 38 51 56 82
64: 5 32 41 50 58 81
65: 6 34 52 54 57 77
66: 7 37 53 55 59 78
67: 7 35 52 54 58 80
68: 6 36 53 55 56 79
69: 5 43 44 60 72 83
70: 4 42 45 60 71 83
71: 6 48 49 60 70 84
72: 7 46 47 60 69 84
73: 2 24 28 56 74 77
74: 3 26 29 57 73 79
75: 2 27 28 59 76 80
76: 3 25 29 58 75 78
77: 2 18 22 38 65 73
78: 3 19 23 41 66 76
79: 3 21 23 39 68 74
80: 2 20 22 40 67 75
81: 2 39 41 55 61 64
82: 3 38 40 54 62 63
83: 4 5 28 29 69 70
84: 6 7 22 23 71 72

