1: 2 3 4 5 6 7 8 9 10 11 12 13 14 15 16 17 18 19 20 21 22 23 24 25 26 27 28 29
2: 1 57 58 61 62 63 64 65 66 67 68 69 70 71 72 73 74 75 76 77 78 79 80 81 82 83 84 85
3: 1 56 59 60 62 63 64 65 66 67 68 69 70 71 72 73 74 75 76 77 78 79 80 81 82 83 84 85
4: 1 55 59 60 61 63 64 65 66 67 68 69 70 71 72 73 74 75 76 77 78 79 80 81 82 83 84 85
5: 1 54 58 60 61 62 64 65 66 67 68 69 70 71 72 73 74 75 76 77 78 79 80 81 82 83 84 85
6: 1 53 57 59 61 62 63 65 66 67 68 69 70 71 72 73 74 75 76 77 78 79 80 81 82 83 84 85
7: 1 52 56 58 60 62 63 64 66 67 68 69 70 71 72 73 74 75 76 77 78 79 80 81 82 83 84 85
8: 1 51 55 57 59 61 63 64 65 67 68 69 70 71 72 73 74 75 76 77 78 79 80 81 82 83 84 85
9: 1 50 54 56 58 60 62 64 65 66 68 69 70 71 72 73 74 75 76 77 78 79 80 81 82 83 84 85
10: 1 49 53 55 57 59 61 63 65 66 67 69 70 71 72 73 74 75 76 77 78 79 80 81 82 83 84 85
11: 1 48 52 54 56 58 60 62 64 66 67 68 70 71 72 73 74 75 76 77 78 79 80 81 82 83 84 85
12: 1 47 51 53 55 57 59 61 63 65 67 68 69 71 72 73 74 75 76 77 78 79 80 81 82 83 84 85
13: 1 46 50 52 54 56 58 60 62 64 66 68 69 70 72 73 74 75 76 77 78 79 80 81 82 83 84 85
14: 1 45 49 51 53 55 57 59 61 63 65 67 69 70 71 73 74 75 76 77 78 79 80 81 82 83 84 85
15: 1 44 48 50 52 54 56 58 60 62 64 66 68 70 71 72 74 75 76 77 78 79 80 81 82 83 84 85
16: 1 43 47 49 51 53 55 57 59 61 63 65 67 69 71 72 73 75 76 77 78 79 80 81 82 83 84 85
17: 1 42 46 48 50 52 54 56 58 60 62 64 66 68 70 72 73 74 76 77 78 79 80 81 82 83 84 85
18: 1 41 45 47 49 51 53 55 57 59 61 63 65 67 69 71 73 74 75 77 78 79 80 81 82 83 84 85
19: 1 40 44 46 48 50 52 54 56 58 60 62 64 66 68 70 72 74 75 76 78 79 80 81 82 83 84 85
20: 1 39 43 45 47 49 51 53 55 57 59 61 63 65 67 69 71 73 75 76 77 79 80 81 82 83 84 85
21: 1 38 42 44 46 48 50 52 54 56 58 60 62 64 66 68 70 72 74 76 77 78 80 81 82 83 84 85
22: 1 37 41 43 45 47 49 51 53 55 57 59 61 63 65 67 69 71 73 75 77 78 79 81 82 83 84 85
23: 1 36 40 42 44 46 48 50 52 54 56 58 60 62 64 66 68 70 72 74 76 78 79 80 82 83 84 85
24: 1 33 37 39 41 43 45 47 49 51 53 55 57 59 61 63 65 67 69 71 73 75 77 79 81 83 84 85
25: 1 32 36 38 40 42 44 46 48 50 52 54 56 58 60 62 64 66 68 70 72 74 76 78 80 82 84 85
26: 1 35 39 41 43 45 47 49 51 53 55 57 59 61 63 65 67 69 71 73 75 77 79 80 81 82 83 85
27: 1 34 38 40 42 44 46 48 50 52 54 56 58 60 62 64 66 68 70 72 74 76 78 80 81 82 83 84
28: 1 30 32 34 36 38 40 42 44 46 48 50 52 54 56 58 60 62 64 66 68 70 72 74 76 78 80 84
29: 1 31 33 35 37 39 41 43 45 47 49 51 53 55 57 59 61 63 65 67 69 71 73 75 77 79 81 85
30: 28 35 37 39 41 43 45 47 49 51 53 55 57 59 61 63 65 67 69 71 73 75 77 79 81 82 83 85
31: 29 34 36 38 40 42 44 46 48 50 52 54 56 58 60 62 64 66 68 70 72 74 76 78 80 82 83 84
32: 25 28 33 35 37 39 41 43 45 47 49 51 53 55 57 59 61 63 65 67 69 71 73 75 77 79 81 83
33: 24 29 32 34 36 38 40 42 44 46 48 50 52 54 56 58 60 62 64 66 68 70 72 74 76 78 80 82
34: 27 28 31 33 35 37 39 41 43 45 47 49 51 53 55 57 59 61 63 65 67 69 71 73 75 77 79 85
35: 26 29 30 32 34 36 38 40 42 44 46 48 50 52 54 56 58 60 62 64 66 68 70 72 74 76 78 84
36: 23 25 28 31 33 35 37 39 41 43 45 47 49 51 53 55 57 59 61 63 65 67 69 71 73 75 77 81
37: 22 24 29 30 32 34 36 38 40 42 44 46 48 50 52 54 56 58 60 62 64 66 68 70 72 74 76 80
38: 21 25 27 28 31 33 35 37 39 41 43 45 47 49 51 53 55 57 59 61 63 65 67 69 71 73 75 79
39: 20 24 26 29 30 32 34 36 38 40 42 44 46 48 50 52 54 56 58 60 62 64 66 68 70 72 74 78
40: 19 23 25 27 28 31 33 35 37 39 41 43 45 47 49 51 53 55 57 59 61 63 65 67 69 71 73 77
41: 18 22 24 26 29 30 32 34 36 38 40 42 44 46 48 50 52 54 56 58 60 62 64 66 68 70 72 76
42: 17 21 23 25 27 28 31 33 35 37 39 41 43 45 47 49 51 53 55 57 59 61 63 65 67 69 71 75
43: 16 20 22 24 26 29 30 32 34 36 38 40 42 44 46 48 50 52 54 56 58 60 62 64 66 68 70 74
44: 15 19 21 23 25 27 28 31 33 35 37 39 41 43 45 47 49 51 53 55 57 59 61 63 65 67 69 73
45: 14 18 20 22 24 26 29 30 32 34 36 38 40 42 44 46 48 50 52 54 56 58 60 62 64 66 68 72
46: 13 17 19 21 23 25 27 28 31 33 35 37 39 41 43 45 47 49 51 53 55 57 59 61 63 65 67 71
47: 12 16 18 20 22 24 26 29 30 32 34 36 38 40 42 44 46 48 50 52 54 56 58 60 62 64 66 70
48: 11 15 17 19 21 23 25 27 28 31 33 35 37 39 41 43 45 47 49 51 53 55 57 59 61 63 65 69
49: 10 14 16 18 20 22 24 26 29 30 32 34 36 38 40 42 44 46 48 50 52 54 56 58 60 62 64 68
50: 9 13 15 17 19 21 23 25 27 28 31 33 35 37 39 41 43 45 47 49 51 53 55 57 59 61 63 67
51: 8 12 14 16 18 20 22 24 26 29 30 32 34 36 38 40 42 44 46 48 50 52 54 56 58 60 62 66
52: 7 11 13 15 17 19 21 23 25 27 28 31 33 35 37 39 41 43 45 47 49 51 53 55 57 59 61 65
53: 6 10 12 14 16 18 20 22 24 26 29 30 32 34 36 38 40 42 44 46 48 50 52 54 56 58 60 64
54: 5 9 11 13 15 17 19 21 23 25 27 28 31 33 35 37 39 41 43 45 47 49 51 53 55 57 59 63
55: 4 8 10 12 14 16 18 20 22 24 26 29 30 32 34 36 38 40 42 44 46 48 50 52 54 56 58 62
56: 3 7 9 11 13 15 17 19 21 23 25 27 28 31 33 35 37 39 41 43 45 47 49 51 53 55 57 61
57: 2 6 8 10 12 14 16 18 20 22 24 26 29 30 32 34 36 38 40 42 44 46 48 50 52 54 56 60
58: 2 5 7 9 11 13 15 17 19 21 23 25 27 28 31 33 35 37 39 41 43 45 47 49 51 53 55 59
59: 3 4 6 8 10 12 14 16 18 20 22 24 26 29 30 32 34 36 38 40 42 44 46 48 50 52 54 58
60: 3 4 5 7 9 11 13 15 17 19 21 23 25 27 28 31 33 35 37 39 41 43 45 47 49 51 53 57
61: 2 4 5 6 8 10 12 14 16 18 20 22 24 26 29 30 32 34 36 38 40 42 44 46 48 50 52 56
62: 2 3 5 6 7 9 11 13 15 17 19 21 23 25 27 28 31 33 35 37 39 41 43 45 47 49 51 55
63: 2 3 4 6 7 8 10 12 14 16 18 20 22 24 26 29 30 32 34 36 38 40 42 44 46 48 50 54
64: 2 3 4 5 7 8 9 11 13 15 17 19 21 23 25 27 28 31 33 35 37 39 41 43 45 47 49 53
65: 2 3 4 5 6 8 9 10 12 14 16 18 20 22 24 26 29 30 32 34 36 38 40 42 44 46 48 52
66: 2 3 4 5 6 7 9 10 11 13 15 17 19 21 23 25 27 28 31 33 35 37 39 41 43 45 47 51
67: 2 3 4 5 6 7 8 10 11 12 14 16 18 20 22 24 26 29 30 32 34 36 38 40 42 44 46 50
68: 2 3 4 5 6 7 8 9 11 12 13 15 17 19 21 23 25 27 28 31 33 35 37 39 41 43 45 49
69: 2 3 4 5 6 7 8 9 10 12 13 14 16 18 20 22 24 26 29 30 32 34 36 38 40 42 44 48
70: 2 3 4 5 6 7 8 9 10 11 13 14 15 17 19 21 23 25 27 28 31 33 35 37 39 41 43 47
71: 2 3 4 5 6 7 8 9 10 11 12 14 15 16 18 20 22 24 26 29 30 32 34 36 38 40 42 46
72: 2 3 4 5 6 7 8 9 10 11 12 13 15 16 17 19 21 23 25 27 28 31 33 35 37 39 41 45
73: 2 3 4 5 6 7 8 9 10 11 12 13 14 16 17 18 20 22 24 26 29 30 32 34 36 38 40 44
74: 2 3 4 5 6 7 8 9 10 11 12 13 14 15 17 18 19 21 23 25 27 28 31 33 35 37 39 43
75: 2 3 4 5 6 7 8 9 10 11 12 13 14 15 16 18 19 20 22 24 26 29 30 32 34 36 38 42
76: 2 3 4 5 6 7 8 9 10 11 12 13 14 15 16 17 19 20 21 23 25 27 28 31 33 35 37 41
77: 2 3 4 5 6 7 8 9 10 11 12 13 14 15 16 17 18 20 21 22 24 26 29 30 32 34 36 40
78: 2 3 4 5 6 7 8 9 10 11 12 13 14 15 16 17 18 19 21 22 23 25 27 28 31 33 35 39
79: 2 3 4 5 6 7 8 9 10 11 12 13 14 15 16 17 18 19 20 22 23 24 26 29 30 32 34 38
80: 2 3 4 5 6 7 8 9 10 11 12 13 14 15 16 17 18 19 20 21 23 25 26 27 28 31 33 37
81: 2 3 4 5 6 7 8 9 10 11 12 13 14 15 16 17 18 19 20 21 22 24 26 27 29 30 32 36
82: 2 3 4 5 6 7 8 9 10 11 12 13 14 15 16 17 18 19 20 21 22 23 25 26 27 30 31 33
83: 2 3 4 5 6 7 8 9 10 11 12 13 14 15 16 17 18 19 20 21 22 23 24 26 27 30 31 32
84: 2 3 4 5 6 7 8 9 10 11 12 13 14 15 16 17 18 19 20 21 22 23 24 25 27 28 31 35
85: 2 3 4 5 6 7 8 9 10 11 12 13 14 15 16 17 18 19 20 21 22 23 24 25 26 29 30 34

