1: 2 3 4 5 6 7
2: 1 13 23 24 25 26
3: 1 18 31 32 33 34
4: 1 16 20 29 37 39
5: 1 17 21 28 35 40
6: 1 15 22 27 36 42
7: 1 14 19 30 38 41
8: 13 18 19 20 21 22
9: 14 23 27 31 35 39
10: 16 26 28 33 38 42
11: 17 24 29 34 36 41
12: 15 25 30 32 37 40
13: 2 8 14 15 16 17
14: 7 9 13 33 36 40
15: 6 12 13 34 38 39
16: 4 10 13 32 35 41
17: 5 11 13 31 37 42
18: 3 8 39 40 41 42
19: 7 8 23 28 34 37
20: 4 8 26 30 31 36
21: 5 8 24 27 32 38
22: 6 8 25 29 33 35
23: 2 9 19 29 32 42
24: 2 11 21 30 33 39
25: 2 12 22 28 31 41
26: 2 10 20 27 34 40
27: 6 9 21 26 37 41
28: 5 10 19 25 36 39
29: 4 11 22 23 38 40
30: 7 12 20 24 35 42
31: 3 9 17 20 25 38
32: 3 12 16 21 23 36
33: 3 10 14 22 24 37
34: 3 11 15 19 26 35
35: 5 9 16 22 30 34
36: 6 11 14 20 28 32
37: 4 12 17 19 27 33
38: 7 10 15 21 29 31
39: 4 9 15 18 24 28
40: 5 12 14 18 26 29
41: 7 11 16 18 25 27
42: 6 10 17 18 23 30

1: 27 35 41
2: 28 38 39
3: 30 37 42
4: 29 36 40
5: 21 35 41
6: 22 38 39
7: 22 37 42
8: 21 36 40
9: 25 31 41
10: 23 32 39
11: 24 33 42
12: 26 34 40
13: 23 32 35
14: 25 31 38
15: 24 33 36
16: 26 34 37
17: 27 31 32
18: 28 31 32
19: 30 33 34
20: 29 33 34
21: 5 8 39 42
22: 6 7 40 41
23: 10 13 35 39
24: 11 15 36 42
25: 9 14 38 41
26: 12 16 37 40
27: 1 17 31 35
28: 2 18 32 38
29: 4 20 34 36
30: 3 19 33 37
31: 9 14 17 18 27
32: 10 13 17 18 28
33: 11 15 19 20 30
34: 12 16 19 20 29
35: 1 5 13 23 27
36: 4 8 15 24 29
37: 3 7 16 26 30
38: 2 6 14 25 28
39: 2 6 10 21 23
40: 4 8 12 22 26
41: 1 5 9 22 25
42: 3 7 11 21 24

1: 21 22 42
2: 29 39 42
3: 25 38 42
4: 29 32 42
5: 21 22 38
6: 26 31 41
7: 27 31 41
8: 28 31 36
9: 28 31 40
10: 23 30 34
11: 24 27 35
12: 19 24 37
13: 20 25 39
14: 18 26 40
15: 23 30 33
16: 34 36 37 40
17: 32 34 37 39
18: 14 34 35 41
19: 12 33 35 37
20: 13 33 37 38
21: 1 5 38 42
22: 1 5 32 33
23: 10 15 34 35
24: 11 12 35 36
25: 3 13 38 39
26: 6 14 40 41
27: 7 11 36 41
28: 8 9 36 40
29: 2 4 32 39
30: 10 15 32 33
31: 6 7 8 9
32: 4 17 22 29 30
33: 15 19 20 22 30
34: 10 16 17 18 23
35: 11 18 19 23 24
36: 8 16 24 27 28
37: 12 16 17 19 20
38: 3 5 20 21 25
39: 2 13 17 25 29
40: 9 14 16 26 28
41: 6 7 18 26 27
42: 1 2 3 4 21

1: 30 31 40
2: 29 31 41
3: 30 31 37
4: 26 35 42
5: 21 26 42
6: 22 28 42
7: 23 24 40
8: 23 24 41
9: 29 32 41
10: 19 25 33
11: 17 25 34
12: 21 38 39
13: 22 28 38
14: 18 27 39
15: 20 27 36
16: 32 33 35 36
17: 11 33 37 40
18: 14 36 38 39
19: 10 34 35 39
20: 15 32 34 37
21: 5 12 38 42
22: 6 13 38 42
23: 7 8 40 41
24: 7 8 32 33
25: 10 11 33 34
26: 4 5 35 39
27: 14 15 34 36
28: 6 13 35 36
29: 2 9 32 37
30: 1 3 37 40
31: 1 2 3 41
32: 9 16 20 24 29
33: 10 16 17 24 25
34: 11 19 20 25 27
35: 4 16 19 26 28
36: 15 16 18 27 28
37: 3 17 20 29 30
38: 12 13 18 21 22
39: 12 14 18 19 26
40: 1 7 17 23 30
41: 2 8 9 23 31
42: 4 5 6 21 22

1: 2 3 4
2: 1 38 42
3: 1 37 41
4: 1 39 40
5: 6 8 12
6: 5 10 11
7: 8 15 28
8: 5 7 13
9: 14 16 27
10: 6 13 14
11: 6 16 18
12: 5 15 17
13: 8 10 25
14: 9 10 26
15: 7 12 22
16: 9 11 21
17: 12 18 24
18: 11 17 23
19: 22 24 35
20: 21 23 36
21: 16 20 32
22: 15 19 31
23: 18 20 34
24: 17 19 33
25: 13 26 30
26: 14 25 29
27: 9 29 32
28: 7 30 31
29: 26 27 41
30: 25 28 42
31: 22 28 38
32: 21 27 37
33: 24 34 40
34: 23 33 39
35: 19 38 40
36: 20 37 39
37: 3 32 36
38: 2 31 35
39: 4 34 36
40: 4 33 35
41: 3 29 42
42: 2 30 41

1: 2 3 4
2: 1 37 39
3: 1 40 41
4: 1 38 42
5: 6 7 28
6: 5 21 27
7: 5 20 26
8: 9 10 19
9: 8 16 18
10: 8 24 25
11: 13 14 18
12: 17 27 36
13: 11 15 26
14: 11 16 22
15: 13 22 35
16: 9 14 23
17: 12 21 24
18: 9 11 20
19: 8 20 21
20: 7 18 19
21: 6 17 19
22: 14 15 31
23: 16 25 32
24: 10 17 34
25: 10 23 33
26: 7 13 30
27: 6 12 29
28: 5 29 30
29: 27 28 39
30: 26 28 37
31: 22 32 40
32: 23 31 41
33: 25 34 42
34: 24 33 38
35: 15 37 40
36: 12 38 39
37: 2 30 35
38: 4 34 36
39: 2 29 36
40: 3 31 35
41: 3 32 42
42: 4 33 41

1: 2 3 4
2: 1 37 41
3: 1 39 40
4: 1 38 42
5: 6 7 26
6: 5 14 20
7: 5 13 16
8: 9 14 17
9: 8 10 27
10: 9 11 18
11: 10 12 13
12: 11 16 19
13: 7 11 14
14: 6 8 13
15: 19 23 35
16: 7 12 23
17: 8 20 24
18: 10 22 28
19: 12 15 22
20: 6 17 25
21: 24 25 36
22: 18 19 34
23: 15 16 30
24: 17 21 32
25: 20 21 31
26: 5 30 31
27: 9 29 32
28: 18 29 33
29: 27 28 42
30: 23 26 40
31: 25 26 39
32: 24 27 38
33: 28 34 41
34: 22 33 37
35: 15 37 40
36: 21 38 39
37: 2 34 35
38: 4 32 36
39: 3 31 36
40: 3 30 35
41: 2 33 42
42: 4 29 41

1: 2 3 4
2: 1 37 39
3: 1 40 41
4: 1 38 42
5: 6 7 28
6: 5 21 27
7: 5 20 26
8: 9 10 19
9: 8 16 25
10: 8 15 18
11: 15 25 35
12: 14 23 36
13: 18 22 24
14: 12 17 26
15: 10 11 24
16: 9 17 23
17: 14 16 20
18: 10 13 21
19: 8 20 21
20: 7 17 19
21: 6 18 19
22: 13 27 34
23: 12 16 32
24: 13 15 33
25: 9 11 31
26: 7 14 30
27: 6 22 29
28: 5 29 30
29: 27 28 42
30: 26 28 38
31: 25 32 37
32: 23 31 39
33: 24 34 40
34: 22 33 41
35: 11 37 40
36: 12 38 39
37: 2 31 35
38: 4 30 36
39: 2 32 36
40: 3 33 35
41: 3 34 42
42: 4 29 41

1: 2 3 4
2: 1 37 38
3: 1 39 42
4: 1 40 41
5: 6 7 27
6: 5 19 26
7: 5 18 20
8: 24 26 35
9: 10 22 36
10: 9 11 23
11: 10 12 13
12: 11 17 22
13: 11 19 20
14: 16 18 25
15: 21 25 34
16: 14 20 23
17: 12 19 24
18: 7 14 21
19: 6 13 17
20: 7 13 16
21: 15 18 29
22: 9 12 33
23: 10 16 31
24: 8 17 32
25: 14 15 30
26: 6 8 28
27: 5 28 29
28: 26 27 38
29: 21 27 37
30: 25 31 41
31: 23 30 40
32: 24 33 42
33: 22 32 39
34: 15 37 41
35: 8 38 42
36: 9 39 40
37: 2 29 34
38: 2 28 35
39: 3 33 36
40: 4 31 36
41: 4 30 34
42: 3 32 35

1: 2 3 4
2: 1 37 39
3: 1 40 41
4: 1 38 42
5: 6 7 28
6: 5 21 27
7: 5 20 26
8: 11 12 24
9: 12 22 25
10: 14 23 36
11: 8 17 23
12: 8 9 16
13: 15 26 35
14: 10 18 27
15: 13 19 25
16: 12 17 19
17: 11 16 18
18: 14 17 21
19: 15 16 20
20: 7 19 21
21: 6 18 20
22: 9 24 32
23: 10 11 34
24: 8 22 33
25: 9 15 31
26: 7 13 30
27: 6 14 29
28: 5 29 30
29: 27 28 39
30: 26 28 37
31: 25 32 40
32: 22 31 41
33: 24 34 42
34: 23 33 38
35: 13 37 40
36: 10 38 39
37: 2 30 35
38: 4 34 36
39: 2 29 36
40: 3 31 35
41: 3 32 42
42: 4 33 41

1: 2 3 4
2: 1 37 41
3: 1 39 40
4: 1 38 42
5: 6 7 27
6: 5 20 26
7: 5 19 25
8: 9 18 21
9: 8 10 34
10: 9 16 22
11: 15 22 24
12: 14 24 35
13: 23 25 36
14: 12 15 26
15: 11 14 16
16: 10 15 20
17: 19 21 23
18: 8 19 20
19: 7 17 18
20: 6 16 18
21: 8 17 33
22: 10 11 31
23: 13 17 32
24: 11 12 30
25: 7 13 29
26: 6 14 28
27: 5 28 29
28: 26 27 42
29: 25 27 38
30: 24 31 37
31: 22 30 41
32: 23 33 39
33: 21 32 40
34: 9 40 41
35: 12 37 42
36: 13 38 39
37: 2 30 35
38: 4 29 36
39: 3 32 36
40: 3 33 34
41: 2 31 34
42: 4 28 35

1: 2 3 4
2: 1 38 39
3: 1 40 42
4: 1 37 41
5: 6 7 36
6: 5 27 28
7: 5 26 29
8: 9 10 21
9: 8 18 19
10: 8 17 20
11: 19 33 35
12: 13 20 32
13: 12 16 31
14: 15 16 30
15: 14 18 33
16: 13 14 17
17: 10 16 18
18: 9 15 17
19: 9 11 25
20: 10 12 24
21: 8 22 23
22: 21 25 29
23: 21 24 28
24: 20 23 27
25: 19 22 26
26: 7 25 35
27: 6 24 34
28: 6 23 29
29: 7 22 28
30: 14 31 40
31: 13 30 42
32: 12 34 41
33: 11 15 39
34: 27 32 37
35: 11 26 38
36: 5 37 38
37: 4 34 36
38: 2 35 36
39: 2 33 40
40: 3 30 39
41: 4 32 42
42: 3 31 41

1: 2 3 4
2: 1 37 38
3: 1 40 42
4: 1 39 41
5: 11 17 21
6: 10 14 15
7: 9 11 19
8: 10 11 18
9: 7 10 16
10: 6 8 9
11: 5 7 8
12: 19 24 34
13: 15 26 35
14: 6 16 26
15: 6 13 27
16: 9 14 24
17: 5 18 25
18: 8 17 27
19: 7 12 23
20: 22 25 36
21: 5 22 23
22: 20 21 31
23: 19 21 32
24: 12 16 28
25: 17 20 30
26: 13 14 29
27: 15 18 33
28: 24 29 37
29: 26 28 38
30: 25 33 40
31: 22 32 39
32: 23 31 41
33: 27 30 42
34: 12 37 41
35: 13 38 42
36: 20 39 40
37: 2 28 34
38: 2 29 35
39: 4 31 36
40: 3 30 36
41: 4 32 34
42: 3 33 35

1: 2 3 4
2: 1 37 39
3: 1 40 41
4: 1 38 42
5: 6 7 28
6: 5 21 26
7: 5 20 27
8: 9 10 17
9: 8 14 25
10: 8 12 13
11: 22 24 36
12: 10 24 25
13: 10 16 22
14: 9 15 35
15: 14 19 27
16: 13 18 23
17: 8 18 19
18: 16 17 21
19: 15 17 20
20: 7 19 21
21: 6 18 20
22: 11 13 34
23: 16 26 33
24: 11 12 32
25: 9 12 31
26: 6 23 30
27: 7 15 29
28: 5 29 30
29: 27 28 40
30: 26 28 41
31: 25 32 37
32: 24 31 39
33: 23 34 42
34: 22 33 38
35: 14 37 40
36: 11 38 39
37: 2 31 35
38: 4 34 36
39: 2 32 36
40: 3 29 35
41: 3 30 42
42: 4 33 41

1: 2 3 4
2: 1 38 39
3: 1 40 42
4: 1 37 41
5: 14 18 27
6: 11 16 18
7: 10 19 28
8: 9 13 19
9: 8 11 14
10: 7 11 17
11: 6 9 10
12: 13 23 36
13: 8 12 24
14: 5 9 24
15: 16 17 22
16: 6 15 26
17: 10 15 21
18: 5 6 25
19: 7 8 23
20: 21 22 35
21: 17 20 31
22: 15 20 34
23: 12 19 30
24: 13 14 29
25: 18 26 32
26: 16 25 33
27: 5 29 32
28: 7 30 31
29: 24 27 37
30: 23 28 38
31: 21 28 39
32: 25 27 41
33: 26 34 42
34: 22 33 40
35: 20 39 40
36: 12 37 38
37: 4 29 36
38: 2 30 36
39: 2 31 35
40: 3 34 35
41: 4 32 42
42: 3 33 41

1: 2 3 4
2: 1 38 41
3: 1 40 42
4: 1 37 39
5: 11 15 19
6: 15 18 28
7: 10 13 16
8: 11 17 18
9: 14 19 27
10: 7 11 14
11: 5 8 10
12: 13 23 36
13: 7 12 24
14: 9 10 24
15: 5 6 22
16: 7 17 23
17: 8 16 25
18: 6 8 26
19: 5 9 21
20: 21 22 35
21: 19 20 32
22: 15 20 31
23: 12 16 33
24: 13 14 29
25: 17 26 34
26: 18 25 30
27: 9 29 32
28: 6 30 31
29: 24 27 37
30: 26 28 42
31: 22 28 40
32: 21 27 39
33: 23 34 38
34: 25 33 41
35: 20 39 40
36: 12 37 38
37: 4 29 36
38: 2 33 36
39: 4 32 35
40: 3 31 35
41: 2 34 42
42: 3 30 41

1: 2 3 4
2: 1 37 41
3: 1 39 40
4: 1 38 42
5: 6 17 26
6: 5 7 15
7: 6 11 14
8: 9 16 19
9: 8 14 15
10: 13 20 27
11: 7 17 20
12: 13 19 28
13: 10 12 14
14: 7 9 13
15: 6 9 23
16: 8 18 23
17: 5 11 25
18: 16 22 35
19: 8 12 22
20: 10 11 24
21: 24 25 36
22: 18 19 34
23: 15 16 30
24: 20 21 32
25: 17 21 31
26: 5 30 31
27: 10 29 32
28: 12 29 33
29: 27 28 42
30: 23 26 40
31: 25 26 39
32: 24 27 38
33: 28 34 41
34: 22 33 37
35: 18 37 40
36: 21 38 39
37: 2 34 35
38: 4 32 36
39: 3 31 36
40: 3 30 35
41: 2 33 42
42: 4 29 41

1: 2 3 4
2: 1 37 41
3: 1 39 40
4: 1 38 42
5: 6 7 17
6: 5 15 22
7: 5 13 14
8: 9 21 28
9: 8 19 27
10: 18 20 35
11: 12 13 19
12: 11 14 18
13: 7 11 21
14: 7 12 15
15: 6 14 20
16: 17 26 36
17: 5 16 25
18: 10 12 23
19: 9 11 23
20: 10 15 24
21: 8 13 25
22: 6 24 26
23: 18 19 30
24: 20 22 32
25: 17 21 34
26: 16 22 33
27: 9 29 30
28: 8 29 31
29: 27 28 41
30: 23 27 37
31: 28 34 42
32: 24 33 40
33: 26 32 39
34: 25 31 38
35: 10 37 40
36: 16 38 39
37: 2 30 35
38: 4 34 36
39: 3 33 36
40: 3 32 35
41: 2 29 42
42: 4 31 41

1: 4 5 10
2: 6 9 11
3: 7 8 12
4: 1 5 13
5: 1 4 14
6: 2 9 16
7: 3 8 15
8: 3 7 18
9: 2 6 17
10: 1 19 20
11: 2 22 24
12: 3 21 23
13: 4 25 34
14: 5 26 35
15: 7 28 36
16: 6 27 37
17: 9 30 38
18: 8 29 39
19: 10 25 31
20: 10 26 32
21: 12 28 33
22: 11 27 33
23: 12 29 31
24: 11 30 32
25: 13 19 31 34
26: 14 20 32 35
27: 16 22 33 37
28: 15 21 33 36
29: 18 23 31 39
30: 17 24 32 38
31: 19 23 25 29
32: 20 24 26 30
33: 21 22 27 28
34: 13 25 35 40
35: 14 26 34 40
36: 15 28 39 41
37: 16 27 38 42
38: 17 30 37 42
39: 18 29 36 41
40: 34 35 41 42
41: 36 39 40 42
42: 37 38 40 41

1: 2 3 4 5
2: 1 35 40 42
3: 1 34 40 41
4: 1 37 39 42
5: 1 36 38 41
6: 10 12 14 18
7: 11 13 15 19
8: 10 11 19 23
9: 10 11 18 22
10: 6 8 9 16
11: 7 8 9 17
12: 6 13 19 28
13: 7 12 18 29
14: 6 16 20 31
15: 7 17 21 30
16: 10 14 27 33
17: 11 15 26 32
18: 6 9 13 25
19: 7 8 12 24
20: 14 25 27 41
21: 15 24 26 42
22: 9 25 27 32
23: 8 24 26 33
24: 19 21 23 35
25: 18 20 22 34
26: 17 21 23 39
27: 16 20 22 38
28: 12 31 35 40
29: 13 30 34 40
30: 15 29 37 42
31: 14 28 36 41
32: 17 22 37 39
33: 16 23 36 38
34: 3 25 29 37
35: 2 24 28 36
36: 5 31 33 35
37: 4 30 32 34
38: 5 27 33 39
39: 4 26 32 38
40: 2 3 28 29
41: 3 5 20 31
42: 2 4 21 30

1: 29 37
2: 28 36
3: 14 17 42
4: 15 29 42
5: 16 28 42
6: 13 37 41
7: 12 27 41
8: 16 28 34
9: 14 17 19
10: 15 23 29
11: 21 32 36
12: 7 21 23
13: 6 19 30
14: 3 9 37
15: 4 10 36
16: 5 8 39
17: 3 9 39
18: 22 32 41 42
19: 9 13 35 37
20: 24 26 30 31
21: 11 12 25 31
22: 18 26 30 39
23: 10 12 25 27
24: 20 33 34 35
25: 21 23 33 36
26: 20 22 32 34
27: 7 23 29 38
28: 2 5 8 40
29: 1 4 10 27
30: 13 20 22 35 41
31: 20 21 32 33 41
32: 11 18 26 31 40
33: 24 25 31 38 40
34: 8 24 26 39 40
35: 19 24 30 38 39
36: 2 11 15 25 40
37: 1 6 14 19 38
38: 27 33 35 37 41 42
39: 16 17 22 34 35 42
40: 28 32 33 34 36 42
41: 6 7 18 30 31 38
42: 3 4 5 18 38 39 40

1: 2 3 4
2: 1 39 40
3: 1 37 42
4: 1 38 41
5: 12 15 18
6: 14 17 20
7: 13 16 19
8: 11 14 21
9: 11 12 23
10: 11 13 22
11: 8 9 10
12: 5 9 35
13: 7 10 34
14: 6 8 36
15: 5 30 33
16: 7 28 32
17: 6 29 31
18: 5 31 34
19: 7 33 36
20: 6 32 35
21: 8 25 28
22: 10 26 30
23: 9 27 29
24: 25 26 27
25: 21 24 40
26: 22 24 42
27: 23 24 41
28: 16 21 37
29: 17 23 39
30: 15 22 38
31: 17 18 37
32: 16 20 38
33: 15 19 39
34: 13 18 40
35: 12 20 42
36: 14 19 41
37: 3 28 31
38: 4 30 32
39: 2 29 33
40: 2 25 34
41: 4 27 36
42: 3 26 35

1: 2 3 4
2: 1 38 40
3: 1 39 41
4: 1 37 42
5: 10 11 12
6: 13 16 34
7: 15 18 36
8: 14 17 35
9: 13 14 15
10: 5 21 25
11: 5 19 27
12: 5 20 26
13: 6 9 22
14: 8 9 24
15: 7 9 23
16: 6 20 23
17: 8 21 22
18: 7 19 24
19: 11 18 28
20: 12 16 30
21: 10 17 29
22: 13 17 31
23: 15 16 33
24: 14 18 32
25: 10 28 31
26: 12 29 33
27: 11 30 32
28: 19 25 38
29: 21 26 39
30: 20 27 37
31: 22 25 40
32: 24 27 42
33: 23 26 41
34: 6 37 40
35: 8 39 42
36: 7 38 41
37: 4 30 34
38: 2 28 36
39: 3 29 35
40: 2 31 34
41: 3 33 36
42: 4 32 35

1: 2 3 4
2: 1 39 40
3: 1 4 42
4: 1 3 41
5: 6 9 41
6: 5 10 41
7: 8 11 42
8: 7 12 42
9: 5 15 16
10: 6 13 14
11: 7 17 19
12: 8 18 20
13: 10 14 28
14: 10 13 27
15: 9 16 22
16: 9 15 21
17: 11 19 24
18: 12 20 23
19: 11 17 26
20: 12 18 25
21: 16 24 29
22: 15 23 30
23: 18 22 30
24: 17 21 29
25: 20 28 32
26: 19 27 31
27: 14 26 31
28: 13 25 32
29: 21 24 34
30: 22 23 33
31: 26 27 36
32: 25 28 35
33: 30 36 37
34: 29 35 38
35: 32 34 38
36: 31 33 37
37: 33 36 40
38: 34 35 39
39: 2 38 40
40: 2 37 39
41: 4 5 6
42: 3 7 8

1: 2 3 4
2: 1 41 42
3: 1 38 39
4: 1 37 40
5: 6 7 25
6: 5 12 18
7: 5 11 17
8: 13 15 35
9: 14 16 36
10: 11 12 34
11: 7 10 21
12: 6 10 22
13: 8 24 27
14: 9 23 26
15: 8 19 22
16: 9 20 21
17: 7 20 24
18: 6 19 23
19: 15 18 33
20: 16 17 32
21: 11 16 29
22: 12 15 28
23: 14 18 31
24: 13 17 30
25: 5 30 31
26: 14 29 33
27: 13 28 32
28: 22 27 38
29: 21 26 37
30: 24 25 42
31: 23 25 41
32: 20 27 39
33: 19 26 40
34: 10 37 38
35: 8 40 42
36: 9 39 41
37: 4 29 34
38: 3 28 34
39: 3 32 36
40: 4 33 35
41: 2 31 36
42: 2 30 35

1: 2 3 4
2: 1 41 42
3: 1 38 40
4: 1 37 39
5: 13 19 21
6: 14 20 22
7: 8 16 24
8: 7 15 23
9: 10 12 26
10: 9 11 25
11: 10 14 34
12: 9 13 33
13: 5 12 36
14: 6 11 35
15: 8 18 32
16: 7 17 31
17: 16 34 36
18: 15 33 35
19: 5 29 32
20: 6 30 31
21: 5 28 30
22: 6 27 29
23: 8 26 27
24: 7 25 28
25: 10 24 40
26: 9 23 39
27: 22 23 41
28: 21 24 42
29: 19 22 40
30: 20 21 39
31: 16 20 38
32: 15 19 37
33: 12 18 38
34: 11 17 37
35: 14 18 42
36: 13 17 41
37: 4 32 34
38: 3 31 33
39: 4 26 30
40: 3 25 29
41: 2 27 36
42: 2 28 35

1: 2 3 4
2: 1 39 40
3: 1 37 41
4: 1 38 42
5: 22 35 36
6: 9 10 21
7: 13 14 16
8: 11 12 28
9: 6 12 14
10: 6 11 13
11: 8 10 18
12: 8 9 17
13: 7 10 20
14: 7 9 19
15: 19 20 33
16: 7 17 18
17: 12 16 24
18: 11 16 23
19: 14 15 26
20: 13 15 25
21: 6 25 26
22: 5 23 24
23: 18 22 30
24: 17 22 29
25: 20 21 32
26: 19 21 31
27: 31 32 34
28: 8 29 30
29: 24 28 40
30: 23 28 39
31: 26 27 42
32: 25 27 41
33: 15 41 42
34: 27 37 38
35: 5 37 40
36: 5 38 39
37: 3 34 35
38: 4 34 36
39: 2 30 36
40: 2 29 35
41: 3 32 33
42: 4 31 33

1: 2 3 4
2: 1 39 42
3: 1 37 41
4: 1 38 40
5: 7 8 35
6: 7 32 34
7: 5 6 26
8: 5 9 10
9: 8 29 32
10: 8 27 28
11: 18 30 31
12: 14 30 33
13: 14 15 31
14: 12 13 22
15: 13 20 21
16: 20 24 25
17: 21 23 24
18: 11 21 22
19: 20 22 23
20: 15 16 19
21: 15 17 18
22: 14 18 19
23: 17 19 28
24: 16 17 27
25: 16 28 29
26: 7 27 29
27: 10 24 26
28: 10 23 25
29: 9 25 26
30: 11 12 39
31: 11 13 42
32: 6 9 41
33: 12 38 42
34: 6 37 40
35: 5 40 41
36: 37 38 39
37: 3 34 36
38: 4 33 36
39: 2 30 36
40: 4 34 35
41: 3 32 35
42: 2 31 33

1: 2 3 4
2: 1 39 40
3: 1 38 42
4: 1 37 41
5: 7 9 22
6: 21 33 34
7: 5 13 15
8: 11 14 27
9: 5 12 14
10: 11 12 13
11: 8 10 18
12: 9 10 20
13: 7 10 19
14: 8 9 17
15: 7 17 18
16: 19 20 35
17: 14 15 23
18: 11 15 24
19: 13 16 26
20: 12 16 25
21: 6 23 24
22: 5 25 26
23: 17 21 29
24: 18 21 30
25: 20 22 32
26: 19 22 31
27: 8 29 30
28: 31 32 36
29: 23 27 39
30: 24 27 40
31: 26 28 42
32: 25 28 41
33: 6 37 39
34: 6 38 40
35: 16 41 42
36: 28 37 38
37: 4 33 36
38: 3 34 36
39: 2 29 33
40: 2 30 34
41: 4 32 35
42: 3 31 35

1: 2 3 4
2: 1 41 42
3: 1 38 39
4: 1 37 40
5: 7 8 26
6: 19 21 23
7: 5 10 16
8: 5 15 17
9: 14 19 24
10: 7 12 24
11: 12 20 25
12: 10 11 13
13: 12 14 22
14: 9 13 15
15: 8 14 23
16: 7 18 20
17: 8 18 22
18: 16 17 36
19: 6 9 35
20: 11 16 30
21: 6 28 34
22: 13 17 33
23: 6 15 32
24: 9 10 31
25: 11 29 33
26: 5 31 32
27: 28 29 30
28: 21 27 39
29: 25 27 37
30: 20 27 38
31: 24 26 42
32: 23 26 41
33: 22 25 40
34: 21 37 41
35: 19 39 42
36: 18 38 40
37: 4 29 34
38: 3 30 36
39: 3 28 35
40: 4 33 36
41: 2 32 34
42: 2 31 35

1: 2 3 4
2: 1 41 42
3: 1 40 42
4: 1 39 41
5: 6 8 9
6: 5 7 10
7: 6 8 14
8: 5 7 13
9: 5 11 13
10: 6 12 14
11: 9 16 18
12: 10 15 17
13: 8 9 16
14: 7 10 15
15: 12 14 22
16: 11 13 21
17: 12 20 22
18: 11 19 21
19: 18 24 26
20: 17 23 25
21: 16 18 24
22: 15 17 23
23: 20 22 30
24: 19 21 29
25: 20 28 30
26: 19 27 29
27: 26 32 34
28: 25 31 33
29: 24 26 32
30: 23 25 31
31: 28 30 38
32: 27 29 37
33: 28 36 38
34: 27 35 37
35: 34 40 42
36: 33 39 41
37: 32 34 40
38: 31 33 39
39: 4 36 38
40: 3 35 37
41: 2 4 36
42: 2 3 35

1: 2 3 4
2: 1 41 42
3: 1 40 42
4: 1 39 41
5: 7 8 9
6: 7 8 10
7: 5 6 14
8: 5 6 13
9: 5 11 13
10: 6 12 14
11: 9 16 18
12: 10 15 17
13: 8 9 16
14: 7 10 15
15: 12 14 22
16: 11 13 21
17: 12 20 22
18: 11 19 21
19: 18 24 26
20: 17 23 25
21: 16 18 24
22: 15 17 23
23: 20 22 30
24: 19 21 29
25: 20 28 30
26: 19 27 29
27: 26 32 34
28: 25 31 33
29: 24 26 32
30: 23 25 31
31: 28 30 38
32: 27 29 37
33: 28 36 38
34: 27 35 37
35: 34 40 42
36: 33 39 41
37: 32 34 40
38: 31 33 39
39: 4 36 38
40: 3 35 37
41: 2 4 36
42: 2 3 35

1: 8 9 11 15 16 19 20 21 22 31 32 38 39 40 41 42
2: 11 12 13 14 15 23 24 27 28 29 30 33 34 38 39 40
3: 4 13 14 16 27 28 29 30 31 32 35 36 37 40 41 42
4: 3 10 12 15 16 25 26 33 34 35 36 37 38 39 41 42
5: 8 10 13 15 16 17 18 21 22 25 26 29 30 35 38 39 40
6: 7 11 16 17 19 21 23 25 27 29 31 33 35 36 38 40 41
7: 6 11 16 18 20 22 24 26 28 30 32 34 35 37 39 40 42
8: 1 5 11 12 14 16 17 18 21 22 27 28 31 32 33 34 35
9: 1 10 11 12 13 19 20 25 26 29 30 31 32 33 34 35 40
10: 4 5 9 11 14 16 17 18 19 20 25 26 27 28 36 37 40
11: 1 2 6 7 8 9 10 13 14 15 16 17 18 33 34 41 42
12: 2 4 8 9 16 19 20 21 22 23 24 33 34 35 36 37 40
13: 2 3 5 9 11 16 17 18 19 20 23 24 29 30 35 41 42
14: 2 3 8 10 11 21 22 23 24 25 26 27 28 35 40 41 42
15: 1 2 4 5 11 17 18 23 24 31 32 35 36 37 38 39 40
16: 1 3 4 5 6 7 8 10 11 12 13 19 20 27 28 38 39
17: 5 6 8 10 11 13 15 20 21 24 25 28 29 32 34 37 38 42
18: 5 7 8 10 11 13 15 19 22 23 26 27 30 31 33 36 39 41
19: 1 6 9 10 12 13 16 18 22 24 25 28 29 31 33 37 39 42
20: 1 7 9 10 12 13 16 17 21 23 26 27 30 32 34 36 38 41
21: 1 5 6 8 12 14 17 20 24 26 27 30 31 33 37 39 40 42
22: 1 5 7 8 12 14 18 19 23 25 28 29 32 34 36 38 40 41
23: 2 6 12 13 14 15 18 20 22 26 27 29 32 33 35 37 38 42
24: 2 7 12 13 14 15 17 19 21 25 28 30 31 34 35 36 39 41
25: 4 5 6 9 10 14 17 19 22 24 27 30 32 34 35 36 39 42
26: 4 5 7 9 10 14 18 20 21 23 28 29 31 33 35 37 38 41
27: 2 3 6 8 10 14 16 18 20 21 23 25 30 32 34 37 39 41
28: 2 3 7 8 10 14 16 17 19 22 24 26 29 31 33 36 38 42
29: 2 3 5 6 9 13 17 19 22 23 26 28 32 34 37 39 40 41
30: 2 3 5 7 9 13 18 20 21 24 25 27 31 33 36 38 40 42
31: 1 3 6 8 9 15 18 19 21 24 26 28 30 34 35 37 38 41
32: 1 3 7 8 9 15 17 20 22 23 25 27 29 33 35 36 39 42
33: 2 4 6 8 9 11 12 18 19 21 23 26 28 30 32 36 39 42
34: 2 4 7 8 9 11 12 17 20 22 24 25 27 29 31 37 38 41
35: 3 4 5 6 7 8 9 12 13 14 15 23 24 25 26 31 32 40
36: 3 4 6 10 12 15 18 20 22 24 25 28 30 32 33 38 40 41
37: 3 4 7 10 12 15 17 19 21 23 26 27 29 31 34 39 40 42
38: 1 2 4 5 6 15 16 17 20 22 23 26 28 30 31 34 36 42
39: 1 2 4 5 7 15 16 18 19 21 24 25 27 29 32 33 37 41
40: 1 2 3 5 6 7 9 10 12 14 15 21 22 29 30 35 36 37
41: 1 3 4 6 11 13 14 18 20 22 24 26 27 29 31 34 36 39
42: 1 3 4 7 11 13 14 17 19 21 23 25 28 30 32 33 37 38

1: 2 3 4 5 6 7 8 9 29 30 31 32
2: 1 10 19 20 21 22 23 24 37 40 41 42
3: 1 11 16 17 18 25 26 27 34 38 39 42
4: 1 7 12 15 16 19 22 25 38 40 41 42
5: 1 9 14 15 18 21 24 27 38 40 41 42
6: 1 8 13 15 17 20 23 26 38 40 41 42
7: 1 4 14 17 20 24 27 28 35 36 37 39
8: 1 6 12 18 21 22 25 28 35 36 37 39
9: 1 5 13 16 19 23 26 28 35 36 37 39
10: 2 12 13 14 16 17 18 28 31 35 36 38
11: 3 12 13 14 15 19 20 21 30 33 36 41
12: 4 8 10 11 17 20 23 27 32 34 39 42
13: 6 9 10 11 18 21 24 25 32 34 39 42
14: 5 7 10 11 16 19 22 26 32 34 39 42
15: 4 5 6 11 22 23 24 28 32 35 37 39
16: 3 4 9 10 14 20 24 27 29 33 37 40
17: 3 6 7 10 12 21 22 25 29 33 37 40
18: 3 5 8 10 13 19 23 26 29 33 37 40
19: 2 4 9 11 14 18 24 27 29 31 35 38
20: 2 6 7 11 12 16 22 25 29 31 35 38
21: 2 5 8 11 13 17 23 26 29 31 35 38
22: 2 4 8 14 15 17 20 27 30 33 34 36
23: 2 6 9 12 15 18 21 25 30 33 34 36
24: 2 5 7 13 15 16 19 26 30 33 34 36
25: 3 4 8 13 17 20 23 28 30 31 32 41
26: 3 6 9 14 18 21 24 28 30 31 32 41
27: 3 5 7 12 16 19 22 28 30 31 32 41
28: 7 8 9 10 15 25 26 27 29 33 34 40
29: 1 16 17 18 19 20 21 28 30 36 39 41 42
30: 1 11 22 23 24 25 26 27 29 35 37 38 40
31: 1 10 19 20 21 25 26 27 33 34 36 37 39
32: 1 12 13 14 15 25 26 27 33 35 36 38 40
33: 11 16 17 18 22 23 24 28 31 32 38 41 42
34: 3 12 13 14 22 23 24 28 31 35 37 40 41
35: 7 8 9 10 15 19 20 21 30 32 34 41 42
36: 7 8 9 10 11 22 23 24 29 31 32 40 42
37: 2 7 8 9 15 16 17 18 30 31 34 38 42
38: 3 4 5 6 10 19 20 21 30 32 33 37 39
39: 3 7 8 9 12 13 14 15 29 31 38 40 41
40: 2 4 5 6 16 17 18 28 30 32 34 36 39
41: 2 4 5 6 11 25 26 27 29 33 34 35 39
42: 2 3 4 5 6 12 13 14 29 33 35 36 37

