1: 2 3 4 5 6 7 8 9 10 11
2: 1 12 13 14 15 16 17 18 19 20
3: 1 12 21 22 23 24 25 26 27 28
4: 1 13 21 29 30 37 38 39 40 41
5: 1 17 27 31 35 40 45 51 53 55
6: 1 18 28 31 36 41 46 52 54 56
7: 1 16 24 32 33 37 43 44 53 54
8: 1 15 23 34 35 38 43 48 49 56
9: 1 14 22 34 36 39 44 47 50 55
10: 1 20 26 29 33 42 45 48 50 52
11: 1 19 25 30 32 42 46 47 49 51
12: 2 3 29 30 31 32 33 34 35 36
13: 2 4 27 28 34 42 49 50 53 54
14: 2 9 21 25 33 40 48 51 54 56
15: 2 8 21 26 32 41 47 52 53 55
16: 2 7 22 23 31 38 39 42 51 52
17: 2 5 24 26 30 38 44 46 50 56
18: 2 6 24 25 29 39 43 45 49 55
19: 2 11 23 27 36 37 41 44 45 48
20: 2 10 22 28 35 37 40 43 46 47
21: 3 4 14 15 31 42 43 44 45 46
22: 3 9 16 20 30 41 45 49 53 56
23: 3 8 16 19 29 40 46 50 54 55
24: 3 7 17 18 34 40 41 42 47 48
25: 3 11 14 18 35 37 38 50 52 53
26: 3 10 15 17 36 37 39 49 51 54
27: 3 5 13 19 33 39 43 47 52 56
28: 3 6 13 20 32 38 44 48 51 55
29: 4 10 12 18 23 44 47 51 53 56
30: 4 11 12 17 22 43 48 52 54 55
31: 5 6 12 16 21 37 47 48 49 50
32: 7 11 12 15 28 39 40 45 50 56
33: 7 10 12 14 27 38 41 46 49 55
34: 8 9 12 13 24 37 45 46 51 52
35: 5 8 12 20 25 39 41 42 44 54
36: 6 9 12 19 26 38 40 42 43 53
37: 4 7 19 20 25 26 31 34 55 56
38: 4 8 16 17 25 28 33 36 45 47
39: 4 9 16 18 26 27 32 35 46 48
40: 4 5 14 20 23 24 32 36 49 52
41: 4 6 15 19 22 24 33 35 50 51
42: 10 11 13 16 21 24 35 36 55 56
43: 7 8 18 20 21 27 30 36 50 51
44: 7 9 17 19 21 28 29 35 49 52
45: 5 10 18 19 21 22 32 34 38 54
46: 6 11 17 20 21 23 33 34 39 53
47: 9 11 15 20 24 27 29 31 38 54
48: 8 10 14 19 24 28 30 31 39 53
49: 8 11 13 18 22 26 31 33 40 44
50: 9 10 13 17 23 25 31 32 41 43
51: 5 11 14 16 26 28 29 34 41 43
52: 6 10 15 16 25 27 30 34 40 44
53: 5 7 13 15 22 25 29 36 46 48
54: 6 7 13 14 23 26 30 35 45 47
55: 5 9 15 18 23 28 30 33 37 42
56: 6 8 14 17 22 27 29 32 37 42

1: 2 3 4 5 6 7 8 9 10 11 12 13 14 15 16 17 18 19 20 21 22 23 24 25 26 27 28
2: 1 3 4 5 6 7 8 9 10 11 12 13 14 15 16 17 18 30 31 32 33 34 35 36 37 38 39
3: 1 2 4 5 6 7 8 9 10 11 12 13 19 20 21 22 23 30 31 32 33 34 40 41 42 43 44
4: 1 2 3 5 6 7 8 9 10 14 15 16 19 20 21 24 25 30 31 32 35 36 40 41 45 46 47
5: 1 2 3 4 6 7 8 11 12 14 15 17 19 20 22 24 26 30 31 33 35 37 40 42 45 48 49
6: 1 2 3 4 5 9 10 11 12 14 15 18 19 20 23 25 26 30 31 34 36 37 41 42 45 50 51
7: 1 2 3 4 5 8 9 11 13 14 16 17 19 21 22 24 27 30 32 33 35 38 40 43 46 48 52
8: 1 2 3 4 5 7 10 12 13 15 16 17 20 21 22 24 28 31 32 33 35 39 40 44 47 49 52
9: 1 2 3 4 6 7 10 11 13 14 16 18 19 21 23 25 27 30 32 34 36 38 41 43 46 51 53
10: 1 2 3 4 6 8 9 12 13 15 16 18 20 21 23 25 28 31 32 34 36 39 41 44 47 50 53
11: 1 2 3 5 6 7 9 12 13 14 17 18 19 22 23 26 27 30 33 34 37 38 42 43 48 51 54
12: 1 2 3 5 6 8 10 11 13 15 17 18 20 22 23 26 28 31 33 34 37 39 42 44 49 50 54
13: 1 2 3 7 8 9 10 11 12 16 17 18 21 22 23 27 28 32 33 34 38 39 43 44 52 53 54
14: 1 2 4 5 6 7 9 11 15 16 17 18 19 24 25 26 27 30 35 36 37 38 45 46 48 51 55
15: 1 2 4 5 6 8 10 12 14 16 17 18 20 24 25 26 28 31 35 36 37 39 45 47 49 50 55
16: 1 2 4 7 8 9 10 13 14 15 17 18 21 24 25 27 28 32 35 36 38 39 46 47 52 53 55
17: 1 2 5 7 8 11 12 13 14 15 16 18 22 24 26 27 28 33 35 37 38 39 48 49 52 54 55
18: 1 2 6 9 10 11 12 13 14 15 16 17 23 25 26 27 28 34 36 37 38 39 50 51 53 54 55
19: 1 3 4 5 6 7 9 11 14 20 21 22 23 24 25 26 27 30 40 41 42 43 45 46 48 51 56
20: 1 3 4 5 6 8 10 12 15 19 21 22 23 24 25 26 28 31 40 41 42 44 45 47 49 50 56
21: 1 3 4 7 8 9 10 13 16 19 20 22 23 24 25 27 28 32 40 41 43 44 46 47 52 53 56
22: 1 3 5 7 8 11 12 13 17 19 20 21 23 24 26 27 28 33 40 42 43 44 48 49 52 54 56
23: 1 3 6 9 10 11 12 13 18 19 20 21 22 25 26 27 28 34 41 42 43 44 50 51 53 54 56
24: 1 4 5 7 8 14 15 16 17 19 20 21 22 25 26 27 28 35 40 45 46 47 48 49 52 55 56
25: 1 4 6 9 10 14 15 16 18 19 20 21 23 24 26 27 28 36 41 45 46 47 50 51 53 55 56
26: 1 5 6 11 12 14 15 17 18 19 20 22 23 24 25 27 28 37 42 45 48 49 50 51 54 55 56
27: 1 7 9 11 13 14 16 17 18 19 21 22 23 24 25 26 28 38 43 46 48 51 52 53 54 55 56
28: 1 8 10 12 13 15 16 17 18 20 21 22 23 24 25 26 27 39 44 47 49 50 52 53 54 55 56
29: 30 31 32 33 34 35 36 37 38 39 40 41 42 43 44 45 46 47 48 49 50 51 52 53 54 55 56
30: 2 3 4 5 6 7 9 11 14 19 29 31 32 33 34 35 36 37 38 40 41 42 43 45 46 48 51
31: 2 3 4 5 6 8 10 12 15 20 29 30 32 33 34 35 36 37 39 40 41 42 44 45 47 49 50
32: 2 3 4 7 8 9 10 13 16 21 29 30 31 33 34 35 36 38 39 40 41 43 44 46 47 52 53
33: 2 3 5 7 8 11 12 13 17 22 29 30 31 32 34 35 37 38 39 40 42 43 44 48 49 52 54
34: 2 3 6 9 10 11 12 13 18 23 29 30 31 32 33 36 37 38 39 41 42 43 44 50 51 53 54
35: 2 4 5 7 8 14 15 16 17 24 29 30 31 32 33 36 37 38 39 40 45 46 47 48 49 52 55
36: 2 4 6 9 10 14 15 16 18 25 29 30 31 32 34 35 37 38 39 41 45 46 47 50 51 53 55
37: 2 5 6 11 12 14 15 17 18 26 29 30 31 33 34 35 36 38 39 42 45 48 49 50 51 54 55
38: 2 7 9 11 13 14 16 17 18 27 29 30 32 33 34 35 36 37 39 43 46 48 51 52 53 54 55
39: 2 8 10 12 13 15 16 17 18 28 29 31 32 33 34 35 36 37 38 44 47 49 50 52 53 54 55
40: 3 4 5 7 8 19 20 21 22 24 29 30 31 32 33 35 41 42 43 44 45 46 47 48 49 52 56
41: 3 4 6 9 10 19 20 21 23 25 29 30 31 32 34 36 40 42 43 44 45 46 47 50 51 53 56
42: 3 5 6 11 12 19 20 22 23 26 29 30 31 33 34 37 40 41 43 44 45 48 49 50 51 54 56
43: 3 7 9 11 13 19 21 22 23 27 29 30 32 33 34 38 40 41 42 44 46 48 51 52 53 54 56
44: 3 8 10 12 13 20 21 22 23 28 29 31 32 33 34 39 40 41 42 43 47 49 50 52 53 54 56
45: 4 5 6 14 15 19 20 24 25 26 29 30 31 35 36 37 40 41 42 46 47 48 49 50 51 55 56
46: 4 7 9 14 16 19 21 24 25 27 29 30 32 35 36 38 40 41 43 45 47 48 51 52 53 55 56
47: 4 8 10 15 16 20 21 24 25 28 29 31 32 35 36 39 40 41 44 45 46 49 50 52 53 55 56
48: 5 7 11 14 17 19 22 24 26 27 29 30 33 35 37 38 40 42 43 45 46 49 51 52 54 55 56
49: 5 8 12 15 17 20 22 24 26 28 29 31 33 35 37 39 40 42 44 45 47 48 50 52 54 55 56
50: 6 10 12 15 18 20 23 25 26 28 29 31 34 36 37 39 41 42 44 45 47 49 51 53 54 55 56
51: 6 9 11 14 18 19 23 25 26 27 29 30 34 36 37 38 41 42 43 45 46 48 50 53 54 55 56
52: 7 8 13 16 17 21 22 24 27 28 29 32 33 35 38 39 40 43 44 46 47 48 49 53 54 55 56
53: 9 10 13 16 18 21 23 25 27 28 29 32 34 36 38 39 41 43 44 46 47 50 51 52 54 55 56
54: 11 12 13 17 18 22 23 26 27 28 29 33 34 37 38 39 42 43 44 48 49 50 51 52 53 55 56
55: 14 15 16 17 18 24 25 26 27 28 29 35 36 37 38 39 45 46 47 48 49 50 51 52 53 54 56
56: 19 20 21 22 23 24 25 26 27 28 29 40 41 42 43 44 45 46 47 48 49 50 51 52 53 54 55

1: 2 3 4
2: 1 52 53
3: 1 54 56
4: 1 51 55
5: 6 7 50
6: 5 41 42
7: 5 40 43
8: 9 10 39
9: 8 34 38
10: 8 32 33
11: 20 36 37
12: 19 26 37
13: 26 47 49
14: 15 16 47
15: 14 31 46
16: 14 29 30
17: 23 35 44
18: 24 45 46
19: 12 20 27
20: 11 19 21
21: 20 22 28
22: 21 25 32
23: 17 34 45
24: 18 25 33
25: 22 24 31
26: 12 13 29
27: 19 28 29
28: 21 27 30
29: 16 26 27
30: 16 28 31
31: 15 25 30
32: 10 22 36
33: 10 24 34
34: 9 23 33
35: 17 38 43
36: 11 32 41
37: 11 12 42
38: 9 35 40
39: 8 40 41
40: 7 38 39
41: 6 36 39
42: 6 37 49
43: 7 35 48
44: 17 48 53
45: 18 23 54
46: 15 18 56
47: 13 14 55
48: 43 44 52
49: 13 42 51
50: 5 51 52
51: 4 49 50
52: 2 48 50
53: 2 44 54
54: 3 45 53
55: 4 47 56
56: 3 46 55

1: 2 3 4
2: 1 53 56
3: 1 52 54
4: 1 51 55
5: 6 7 50
6: 5 40 43
7: 5 41 42
8: 9 10 39
9: 8 32 34
10: 8 31 33
11: 15 45 47
12: 19 45 46
13: 14 46 48
14: 13 18 19
15: 11 16 25
16: 15 17 19
17: 16 22 26
18: 14 22 35
19: 12 14 16
20: 23 36 44
21: 24 35 38
22: 17 18 24
23: 20 28 47
24: 21 22 30
25: 15 27 28
26: 17 27 29
27: 25 26 34
28: 23 25 32
29: 26 30 33
30: 24 29 31
31: 10 30 38
32: 9 28 37
33: 10 29 34
34: 9 27 33
35: 18 21 43
36: 20 37 42
37: 32 36 41
38: 21 31 40
39: 8 40 41
40: 6 38 39
41: 7 37 39
42: 7 36 49
43: 6 35 48
44: 20 49 54
45: 11 12 56
46: 12 13 55
47: 11 23 53
48: 13 43 51
49: 42 44 52
50: 5 51 52
51: 4 48 50
52: 3 49 50
53: 2 47 54
54: 3 44 53
55: 4 46 56
56: 2 45 55

1: 2 3 4
2: 1 55 56
3: 1 54 56
4: 1 53 55
5: 6 7 10
6: 5 8 9
7: 5 9 11
8: 6 10 12
9: 6 7 14
10: 5 8 13
11: 7 14 16
12: 8 13 15
13: 10 12 20
14: 9 11 19
15: 12 18 20
16: 11 17 19
17: 16 22 24
18: 15 21 23
19: 14 16 22
20: 13 15 21
21: 18 20 28
22: 17 19 27
23: 18 26 28
24: 17 25 27
25: 24 30 32
26: 23 29 31
27: 22 24 30
28: 21 23 29
29: 26 28 36
30: 25 27 35
31: 26 34 36
32: 25 33 35
33: 32 38 40
34: 31 37 39
35: 30 32 38
36: 29 31 37
37: 34 36 44
38: 33 35 43
39: 34 42 44
40: 33 41 43
41: 40 46 48
42: 39 45 47
43: 38 40 46
44: 37 39 45
45: 42 44 52
46: 41 43 51
47: 42 50 52
48: 41 49 51
49: 48 54 56
50: 47 53 55
51: 46 48 54
52: 45 47 53
53: 4 50 52
54: 3 49 51
55: 2 4 50
56: 2 3 49

1: 2 3 4
2: 1 54 56
3: 1 55 56
4: 1 52 53
5: 52 53 56
6: 8 54 55
7: 9 54 55
8: 6 10 11
9: 7 10 11
10: 8 9 12
11: 8 9 13
12: 10 14 15
13: 11 14 15
14: 12 13 16
15: 12 13 17
16: 14 18 19
17: 15 18 19
18: 16 17 20
19: 16 17 21
20: 18 22 23
21: 19 22 23
22: 20 21 24
23: 20 21 25
24: 22 26 27
25: 23 26 27
26: 24 25 28
27: 24 25 29
28: 26 30 31
29: 27 30 31
30: 28 29 32
31: 28 29 33
32: 30 34 35
33: 31 34 35
34: 32 33 36
35: 32 33 37
36: 34 38 39
37: 35 38 39
38: 36 37 40
39: 36 37 41
40: 38 42 43
41: 39 42 43
42: 40 41 44
43: 40 41 45
44: 42 46 47
45: 43 46 47
46: 44 45 48
47: 44 45 49
48: 46 50 51
49: 47 50 51
50: 48 49 52
51: 48 49 53
52: 4 5 50
53: 4 5 51
54: 2 6 7
55: 3 6 7
56: 2 3 5

1: 2 3 4
2: 1 51 52
3: 1 54 56
4: 1 53 55
5: 15 17 21
6: 16 18 22
7: 16 17 20
8: 15 18 19
9: 12 14 20
10: 11 13 19
11: 10 28 39
12: 9 27 38
13: 10 30 41
14: 9 29 40
15: 5 8 23
16: 6 7 24
17: 5 7 29
18: 6 8 30
19: 8 10 26
20: 7 9 25
21: 5 24 26
22: 6 23 25
23: 15 22 32
24: 16 21 31
25: 20 22 34
26: 19 21 33
27: 12 34 50
28: 11 33 49
29: 14 17 32
30: 13 18 31
31: 24 30 36
32: 23 29 35
33: 26 28 36
34: 25 27 35
35: 32 34 47
36: 31 33 46
37: 42 43 48
38: 12 43 45
39: 11 42 44
40: 14 45 47
41: 13 44 46
42: 37 39 52
43: 37 38 51
44: 39 41 56
45: 38 40 55
46: 36 41 54
47: 35 40 53
48: 37 55 56
49: 28 52 54
50: 27 51 53
51: 2 43 50
52: 2 42 49
53: 4 47 50
54: 3 46 49
55: 4 45 48
56: 3 44 48

1: 2 3 4
2: 1 53 56
3: 1 51 55
4: 1 52 54
5: 7 8 49
6: 7 46 48
7: 5 6 39
8: 5 9 10
9: 8 43 46
10: 8 41 42
11: 32 44 45
12: 14 44 47
13: 14 15 45
14: 12 13 36
15: 13 34 35
16: 17 18 29
17: 16 25 26
18: 16 23 24
19: 22 30 31
20: 21 30 33
21: 20 23 25
22: 19 24 25
23: 18 21 31
24: 18 22 28
25: 17 21 22
26: 17 27 28
27: 26 37 40
28: 24 26 38
29: 16 37 38
30: 19 20 35
31: 19 23 34
32: 11 35 36
33: 20 34 36
34: 15 31 33
35: 15 30 32
36: 14 32 33
37: 27 29 42
38: 28 29 41
39: 7 42 43
40: 27 41 43
41: 10 38 40
42: 10 37 39
43: 9 39 40
44: 11 12 53
45: 11 13 56
46: 6 9 55
47: 12 52 56
48: 6 51 54
49: 5 54 55
50: 51 52 53
51: 3 48 50
52: 4 47 50
53: 2 44 50
54: 4 48 49
55: 3 46 49
56: 2 45 47

1: 2 3 4
2: 1 51 52
3: 1 53 54
4: 1 55 56
5: 17 20 39
6: 17 18 19
7: 19 20 22
8: 16 18 21
9: 15 21 22
10: 15 16 24
11: 25 40 41
12: 13 14 38
13: 12 33 50
14: 12 32 49
15: 9 10 28
16: 8 10 29
17: 5 6 29
18: 6 8 31
19: 6 7 30
20: 5 7 28
21: 8 9 27
22: 7 9 26
23: 26 27 48
24: 10 32 33
25: 11 30 31
26: 22 23 37
27: 21 23 36
28: 15 20 35
29: 16 17 34
30: 19 25 37
31: 18 25 36
32: 14 24 35
33: 13 24 34
34: 29 33 47
35: 28 32 44
36: 27 31 46
37: 26 30 45
38: 12 42 43
39: 5 44 47
40: 11 42 45
41: 11 43 46
42: 38 40 53
43: 38 41 55
44: 35 39 51
45: 37 40 54
46: 36 41 56
47: 34 39 52
48: 23 54 56
49: 14 51 55
50: 13 52 53
51: 2 44 49
52: 2 47 50
53: 3 42 50
54: 3 45 48
55: 4 43 49
56: 4 46 48

1: 2 3 4
2: 1 51 52
3: 1 54 55
4: 1 53 56
5: 22 32 48
6: 20 22 28
7: 24 25 50
8: 19 23 31
9: 20 21 23
10: 11 21 31
11: 10 14 40
12: 13 21 29
13: 12 16 18
14: 11 29 30
15: 19 24 26
16: 13 20 27
17: 27 28 49
18: 13 25 26
19: 8 15 39
20: 6 9 16
21: 9 10 12
22: 5 6 35
23: 8 9 35
24: 7 15 36
25: 7 18 37
26: 15 18 38
27: 16 17 38
28: 6 17 33
29: 12 14 37
30: 14 34 41
31: 8 10 36
32: 5 33 34
33: 28 32 47
34: 30 32 46
35: 22 23 42
36: 24 31 44
37: 25 29 45
38: 26 27 43
39: 19 42 43
40: 11 44 46
41: 30 45 47
42: 35 39 51
43: 38 39 52
44: 36 40 53
45: 37 41 54
46: 34 40 56
47: 33 41 55
48: 5 51 56
49: 17 52 55
50: 7 53 54
51: 2 42 48
52: 2 43 49
53: 4 44 50
54: 3 45 50
55: 3 47 49
56: 4 46 48

1: 2 3 4
2: 1 51 52
3: 1 54 56
4: 1 53 55
5: 12 14 18
6: 13 15 19
7: 16 17 20
8: 11 21 22
9: 11 17 19
10: 11 16 18
11: 8 9 10
12: 5 28 39
13: 6 27 38
14: 5 26 41
15: 6 25 40
16: 7 10 28
17: 7 9 27
18: 5 10 30
19: 6 9 29
20: 7 23 24
21: 8 24 30
22: 8 23 29
23: 20 22 32
24: 20 21 31
25: 15 34 50
26: 14 33 49
27: 13 17 32
28: 12 16 31
29: 19 22 34
30: 18 21 33
31: 24 28 36
32: 23 27 35
33: 26 30 36
34: 25 29 35
35: 32 34 47
36: 31 33 46
37: 42 43 48
38: 13 45 47
39: 12 44 46
40: 15 43 45
41: 14 42 44
42: 37 41 52
43: 37 40 51
44: 39 41 54
45: 38 40 53
46: 36 39 56
47: 35 38 55
48: 37 53 54
49: 26 52 56
50: 25 51 55
51: 2 43 50
52: 2 42 49
53: 4 45 48
54: 3 44 48
55: 4 47 50
56: 3 46 49

1: 2 3 4
2: 1 55 56
3: 1 54 56
4: 1 53 55
5: 6 7 8
6: 5 9 10
7: 5 10 11
8: 5 9 12
9: 6 8 14
10: 6 7 13
11: 7 13 15
12: 8 14 16
13: 10 11 20
14: 9 12 19
15: 11 18 20
16: 12 17 19
17: 16 22 24
18: 15 21 23
19: 14 16 22
20: 13 15 21
21: 18 20 28
22: 17 19 27
23: 18 26 28
24: 17 25 27
25: 24 30 32
26: 23 29 31
27: 22 24 30
28: 21 23 29
29: 26 28 36
30: 25 27 35
31: 26 34 36
32: 25 33 35
33: 32 38 40
34: 31 37 39
35: 30 32 38
36: 29 31 37
37: 34 36 44
38: 33 35 43
39: 34 42 44
40: 33 41 43
41: 40 46 48
42: 39 45 47
43: 38 40 46
44: 37 39 45
45: 42 44 52
46: 41 43 51
47: 42 50 52
48: 41 49 51
49: 48 54 56
50: 47 53 55
51: 46 48 54
52: 45 47 53
53: 4 50 52
54: 3 49 51
55: 2 4 50
56: 2 3 49

1: 2 3 4
2: 1 51 52
3: 1 54 56
4: 1 53 55
5: 9 10 12
6: 8 10 31
7: 15 21 40
8: 6 14 39
9: 5 16 19
10: 5 6 17
11: 16 17 22
12: 5 14 15
13: 23 32 48
14: 8 12 30
15: 7 12 28
16: 9 11 29
17: 10 11 27
18: 24 29 50
19: 9 24 28
20: 26 27 49
21: 7 25 30
22: 11 25 26
23: 13 33 41
24: 18 19 36
25: 21 22 38
26: 20 22 37
27: 17 20 35
28: 15 19 34
29: 16 18 38
30: 14 21 37
31: 6 33 35
32: 13 34 36
33: 23 31 44
34: 28 32 47
35: 27 31 43
36: 24 32 42
37: 26 30 45
38: 25 29 46
39: 8 44 45
40: 7 46 47
41: 23 42 43
42: 36 41 54
43: 35 41 56
44: 33 39 51
45: 37 39 52
46: 38 40 53
47: 34 40 55
48: 13 51 55
49: 20 52 56
50: 18 53 54
51: 2 44 48
52: 2 45 49
53: 4 46 50
54: 3 42 50
55: 4 47 48
56: 3 43 49

1: 2 3 4
2: 1 55 56
3: 1 52 53
4: 1 51 54
5: 7 8 40
6: 33 35 37
7: 5 10 31
8: 5 29 30
9: 28 33 38
10: 7 12 38
11: 18 34 39
12: 10 13 14
13: 12 26 28
14: 12 25 27
15: 16 17 24
16: 15 32 36
17: 15 20 21
18: 11 22 23
19: 20 32 34
20: 17 19 23
21: 17 30 31
22: 18 25 36
23: 18 20 27
24: 15 25 26
25: 14 22 24
26: 13 24 30
27: 14 23 31
28: 9 13 29
29: 8 28 37
30: 8 21 26
31: 7 21 27
32: 16 19 50
33: 6 9 49
34: 11 19 44
35: 6 42 48
36: 16 22 47
37: 6 29 46
38: 9 10 45
39: 11 43 47
40: 5 45 46
41: 42 43 44
42: 35 41 53
43: 39 41 51
44: 34 41 52
45: 38 40 56
46: 37 40 55
47: 36 39 54
48: 35 51 55
49: 33 53 56
50: 32 52 54
51: 4 43 48
52: 3 44 50
53: 3 42 49
54: 4 47 50
55: 2 46 48
56: 2 45 49

1: 2 3 4
2: 1 51 52
3: 1 55 56
4: 1 53 54
5: 15 17 39
6: 16 19 20
7: 18 19 21
8: 17 20 22
9: 15 21 22
10: 25 40 41
11: 16 18 24
12: 13 14 38
13: 12 33 50
14: 12 32 49
15: 5 9 28
16: 6 11 29
17: 5 8 29
18: 7 11 28
19: 6 7 30
20: 6 8 31
21: 7 9 27
22: 8 9 26
23: 26 27 48
24: 11 32 33
25: 10 30 31
26: 22 23 36
27: 21 23 37
28: 15 18 35
29: 16 17 34
30: 19 25 37
31: 20 25 36
32: 14 24 35
33: 13 24 34
34: 29 33 45
35: 28 32 44
36: 26 31 47
37: 27 30 46
38: 12 42 43
39: 5 44 45
40: 10 43 47
41: 10 42 46
42: 38 41 56
43: 38 40 53
44: 35 39 51
45: 34 39 52
46: 37 41 55
47: 36 40 54
48: 23 54 55
49: 14 51 56
50: 13 52 53
51: 2 44 49
52: 2 45 50
53: 4 43 50
54: 4 47 48
55: 3 46 48
56: 3 42 49

1: 2 3 4
2: 1 52 56
3: 1 51 54
4: 1 53 55
5: 8 23 33
6: 7 25 26
7: 6 35 36
8: 5 31 34
9: 18 30 34
10: 13 29 35
11: 15 22 33
12: 15 16 38
13: 10 14 32
14: 13 17 24
15: 11 12 36
16: 12 18 27
17: 14 18 28
18: 9 16 17
19: 20 26 41
20: 19 29 48
21: 25 28 40
22: 11 32 50
23: 5 24 41
24: 14 23 42
25: 6 21 43
26: 6 19 44
27: 16 31 48
28: 17 21 45
29: 10 20 45
30: 9 37 46
31: 8 27 49
32: 13 22 39
33: 5 11 43
34: 8 9 44
35: 7 10 46
36: 7 15 47
37: 30 42 47
38: 12 39 40
39: 32 38 56
40: 21 38 55
41: 19 23 56
42: 24 37 51
43: 25 33 51
44: 26 34 55
45: 28 29 54
46: 30 35 53
47: 36 37 52
48: 20 27 52
49: 31 50 54
50: 22 49 53
51: 3 42 43
52: 2 47 48
53: 4 46 50
54: 3 45 49
55: 4 40 44
56: 2 39 41

1: 2 3 4
2: 1 53 54
3: 1 51 55
4: 1 52 56
5: 15 16 17
6: 12 18 39
7: 14 20 40
8: 13 19 41
9: 29 31 48
10: 27 32 50
11: 28 30 49
12: 6 25 26
13: 8 24 26
14: 7 24 25
15: 5 22 27
16: 5 23 28
17: 5 21 29
18: 6 22 32
19: 8 23 30
20: 7 21 31
21: 17 20 33
22: 15 18 35
23: 16 19 34
24: 13 14 38
25: 12 14 36
26: 12 13 37
27: 10 15 33
28: 11 16 35
29: 9 17 34
30: 11 19 38
31: 9 20 36
32: 10 18 37
33: 21 27 44
34: 23 29 43
35: 22 28 42
36: 25 31 45
37: 26 32 47
38: 24 30 46
39: 6 42 45
40: 7 44 46
41: 8 43 47
42: 35 39 53
43: 34 41 51
44: 33 40 52
45: 36 39 54
46: 38 40 56
47: 37 41 55
48: 9 51 54
49: 11 53 56
50: 10 52 55
51: 3 43 48
52: 4 44 50
53: 2 42 49
54: 2 45 48
55: 3 47 50
56: 4 46 49

1: 2 3 4
2: 1 51 54
3: 1 52 55
4: 1 53 56
5: 21 22 23
6: 15 17 36
7: 19 20 38
8: 16 18 37
9: 10 15 35
10: 9 16 34
11: 12 18 31
12: 11 19 30
13: 14 20 33
14: 13 17 32
15: 6 9 24
16: 8 10 29
17: 6 14 25
18: 8 11 26
19: 7 12 28
20: 7 13 27
21: 5 24 29
22: 5 25 27
23: 5 26 28
24: 15 21 45
25: 17 22 47
26: 18 23 48
27: 20 22 50
28: 19 23 46
29: 16 21 49
30: 12 33 39
31: 11 34 40
32: 14 35 41
33: 13 30 44
34: 10 31 43
35: 9 32 42
36: 6 39 40
37: 8 41 44
38: 7 42 43
39: 30 36 51
40: 31 36 52
41: 32 37 53
42: 35 38 56
43: 34 38 55
44: 33 37 54
45: 24 46 51
46: 28 45 56
47: 25 48 52
48: 26 47 53
49: 29 50 54
50: 27 49 55
51: 2 39 45
52: 3 40 47
53: 4 41 48
54: 2 44 49
55: 3 43 50
56: 4 42 46

1: 2 3 4
2: 1 51 54
3: 1 52 55
4: 1 53 56
5: 8 15 16
6: 8 17 20
7: 8 18 19
8: 5 6 7
9: 21 28 35
10: 26 32 34
11: 23 31 36
12: 22 27 38
13: 25 29 37
14: 24 30 33
15: 5 21 26
16: 5 27 29
17: 6 24 32
18: 7 22 30
19: 7 23 28
20: 6 25 31
21: 9 15 39
22: 12 18 40
23: 11 19 41
24: 14 17 42
25: 13 20 43
26: 10 15 44
27: 12 16 45
28: 9 19 46
29: 13 16 49
30: 14 18 50
31: 11 20 48
32: 10 17 47
33: 14 39 49
34: 10 40 41
35: 9 42 43
36: 11 44 45
37: 13 46 50
38: 12 47 48
39: 21 33 51
40: 22 34 51
41: 23 34 52
42: 24 35 52
43: 25 35 53
44: 26 36 53
45: 27 36 54
46: 28 37 54
47: 32 38 56
48: 31 38 55
49: 29 33 56
50: 30 37 55
51: 2 39 40
52: 3 41 42
53: 4 43 44
54: 2 45 46
55: 3 48 50
56: 4 47 49

1: 2 3 4
2: 1 55 56
3: 1 54 56
4: 1 52 53
5: 6 7 56
6: 5 50 51
7: 5 49 51
8: 9 10 51
9: 8 47 48
10: 8 46 48
11: 48 52 53
12: 14 17 53
13: 15 16 52
14: 12 18 49
15: 13 21 50
16: 13 20 50
17: 12 19 49
18: 14 24 25
19: 17 22 23
20: 16 22 23
21: 15 24 25
22: 19 20 27
23: 19 20 26
24: 18 21 29
25: 18 21 28
26: 23 30 33
27: 22 31 32
28: 25 30 33
29: 24 31 32
30: 26 28 34
31: 27 29 35
32: 27 29 37
33: 26 28 36
34: 30 38 39
35: 31 38 39
36: 33 40 41
37: 32 40 41
38: 34 35 42
39: 34 35 43
40: 36 37 45
41: 36 37 44
42: 38 46 54
43: 39 47 55
44: 41 47 55
45: 40 46 54
46: 10 42 45
47: 9 43 44
48: 9 10 11
49: 7 14 17
50: 6 15 16
51: 6 7 8
52: 4 11 13
53: 4 11 12
54: 3 42 45
55: 2 43 44
56: 2 3 5

1: 2 3 4 5 6 7 8 9 10 11 12 13 14 15 16 17 18 19 20 21 22 23 24 25 26 27 28
2: 1 3 4 5 6 7 8 9 10 11 12 30 31 32 33 34 35 36 37 38 39 40 41 42 43 44 45
3: 1 2 4 13 14 15 16 17 18 19 20 30 31 32 33 34 35 36 37 47 48 49 50 51 52 53 54
4: 1 2 3 21 22 23 24 25 26 27 28 38 39 40 41 42 43 44 45 47 48 49 50 51 52 53 54
5: 1 2 6 13 14 15 16 21 22 23 24 30 31 32 33 38 39 40 41 47 48 49 50 51 52 55 56
6: 1 2 5 17 18 19 20 25 26 27 28 34 35 36 37 42 43 44 45 47 48 49 50 51 52 55 56
7: 1 2 8 13 14 17 18 21 22 25 26 30 31 34 35 38 39 42 43 47 48 49 50 53 54 55 56
8: 1 2 7 15 16 19 20 23 24 27 28 32 33 36 37 40 41 44 45 47 48 49 50 53 54 55 56
9: 1 2 10 13 15 17 19 21 23 25 27 30 32 34 36 38 40 42 44 47 48 51 52 53 54 55 56
10: 1 2 9 14 16 18 20 22 24 26 28 31 33 35 37 39 41 43 45 47 48 51 52 53 54 55 56
11: 1 2 12 14 15 17 20 21 24 26 27 30 33 35 36 39 40 42 45 49 50 51 52 53 54 55 56
12: 1 2 11 13 16 18 19 22 23 25 28 31 32 34 37 38 41 43 44 49 50 51 52 53 54 55 56
13: 1 3 5 7 9 12 20 24 26 27 28 33 35 36 37 39 40 41 42 43 44 46 48 50 51 53 55
14: 1 3 5 7 10 11 19 23 25 27 28 32 34 36 37 38 40 41 42 43 45 46 47 49 51 53 55
15: 1 3 5 8 9 11 18 22 25 26 28 31 34 35 37 38 39 41 42 44 45 46 47 50 52 53 55
16: 1 3 5 8 10 12 17 21 25 26 27 30 34 35 36 38 39 40 43 44 45 46 48 49 52 53 55
17: 1 3 6 7 9 11 16 22 23 24 28 31 32 33 37 38 39 40 43 44 45 46 47 50 51 54 55
18: 1 3 6 7 10 12 15 21 23 24 27 30 32 33 36 38 39 41 42 44 45 46 48 49 51 54 55
19: 1 3 6 8 9 12 14 21 22 24 26 30 31 33 35 38 40 41 42 43 45 46 48 50 52 54 55
20: 1 3 6 8 10 11 13 21 22 23 25 30 31 32 34 39 40 41 42 43 44 46 47 49 52 54 55
21: 1 4 5 7 9 11 16 18 19 20 28 31 32 33 34 35 36 41 43 44 45 46 47 50 51 53 56
22: 1 4 5 7 10 12 15 17 19 20 27 30 32 33 34 35 37 40 42 44 45 46 48 49 51 53 56
23: 1 4 5 8 9 12 14 17 18 20 26 30 31 33 34 36 37 39 42 43 45 46 48 50 52 53 56
24: 1 4 5 8 10 11 13 17 18 19 25 30 31 32 35 36 37 38 42 43 44 46 47 49 52 53 56
25: 1 4 6 7 9 12 14 15 16 20 24 30 31 32 35 36 37 39 40 41 45 46 48 50 51 54 56
26: 1 4 6 7 10 11 13 15 16 19 23 30 31 33 34 36 37 38 40 41 44 46 47 49 51 54 56
27: 1 4 6 8 9 11 13 14 16 18 22 30 32 33 34 35 37 38 39 41 43 46 47 50 52 54 56
28: 1 4 6 8 10 12 13 14 15 17 21 31 32 33 34 35 36 38 39 40 42 46 48 49 52 54 56
29: 30 31 32 33 34 35 36 37 38 39 40 41 42 43 44 45 46 47 48 49 50 51 52 53 54 55 56
30: 2 3 5 7 9 11 16 18 19 20 22 23 24 25 26 27 29 37 41 43 44 45 47 50 51 53 55
31: 2 3 5 7 10 12 15 17 19 20 21 23 24 25 26 28 29 36 40 42 44 45 48 49 51 53 55
32: 2 3 5 8 9 12 14 17 18 20 21 22 24 25 27 28 29 35 39 42 43 45 48 50 52 53 55
33: 2 3 5 8 10 11 13 17 18 19 21 22 23 26 27 28 29 34 38 42 43 44 47 49 52 53 55
34: 2 3 6 7 9 12 14 15 16 20 21 22 23 26 27 28 29 33 39 40 41 45 48 50 51 54 55
35: 2 3 6 7 10 11 13 15 16 19 21 22 24 25 27 28 29 32 38 40 41 44 47 49 51 54 55
36: 2 3 6 8 9 11 13 14 16 18 21 23 24 25 26 28 29 31 38 39 41 43 47 50 52 54 55
37: 2 3 6 8 10 12 13 14 15 17 22 23 24 25 26 27 29 30 38 39 40 42 48 49 52 54 55
38: 2 4 5 7 9 12 14 15 16 17 18 19 24 26 27 28 29 33 35 36 37 45 48 50 51 53 56
39: 2 4 5 7 10 11 13 15 16 17 18 20 23 25 27 28 29 32 34 36 37 44 47 49 51 53 56
40: 2 4 5 8 9 11 13 14 16 17 19 20 22 25 26 28 29 31 34 35 37 43 47 50 52 53 56
41: 2 4 5 8 10 12 13 14 15 18 19 20 21 25 26 27 29 30 34 35 36 42 48 49 52 53 56
42: 2 4 6 7 9 11 13 14 15 18 19 20 22 23 24 28 29 31 32 33 37 41 47 50 51 54 56
43: 2 4 6 7 10 12 13 14 16 17 19 20 21 23 24 27 29 30 32 33 36 40 48 49 51 54 56
44: 2 4 6 8 9 12 13 15 16 17 18 20 21 22 24 26 29 30 31 33 35 39 48 50 52 54 56
45: 2 4 6 8 10 11 14 15 16 17 18 19 21 22 23 25 29 30 31 32 34 38 47 49 52 54 56
46: 13 14 15 16 17 18 19 20 21 22 23 24 25 26 27 28 29 47 48 49 50 51 52 53 54 55 56
47: 3 4 5 6 7 8 9 10 14 15 17 20 21 24 26 27 29 30 33 35 36 39 40 42 45 46 48
48: 3 4 5 6 7 8 9 10 13 16 18 19 22 23 25 28 29 31 32 34 37 38 41 43 44 46 47
49: 3 4 5 6 7 8 11 12 14 16 18 20 22 24 26 28 29 31 33 35 37 39 41 43 45 46 50
50: 3 4 5 6 7 8 11 12 13 15 17 19 21 23 25 27 29 30 32 34 36 38 40 42 44 46 49
51: 3 4 5 6 9 10 11 12 13 14 17 18 21 22 25 26 29 30 31 34 35 38 39 42 43 46 52
52: 3 4 5 6 9 10 11 12 15 16 19 20 23 24 27 28 29 32 33 36 37 40 41 44 45 46 51
53: 3 4 7 8 9 10 11 12 13 14 15 16 21 22 23 24 29 30 31 32 33 38 39 40 41 46 54
54: 3 4 7 8 9 10 11 12 17 18 19 20 25 26 27 28 29 34 35 36 37 42 43 44 45 46 53
55: 5 6 7 8 9 10 11 12 13 14 15 16 17 18 19 20 29 30 31 32 33 34 35 36 37 46 56
56: 5 6 7 8 9 10 11 12 21 22 23 24 25 26 27 28 29 38 39 40 41 42 43 44 45 46 55

