1: 2 3 4
2: 1 69 70
3: 1 72 74
4: 1 71 73
5: 8 10 11
6: 12 13 14
7: 20 34 57
8: 5 20 21
9: 21 22 58
10: 5 22 28
11: 5 23 24
12: 6 25 32
13: 6 27 29
14: 6 26 33
15: 32 33 38
16: 24 31 59
17: 25 29 30
18: 23 30 31
19: 26 27 28
20: 7 8 47
21: 8 9 41
22: 9 10 48
23: 11 18 47
24: 11 16 49
25: 12 17 50
26: 14 19 43
27: 13 19 48
28: 10 19 49
29: 13 17 44
30: 17 18 42
31: 16 18 50
32: 12 15 46
33: 14 15 45
34: 7 40 41
35: 43 45 68
36: 42 44 67
37: 39 46 66
38: 15 39 40
39: 37 38 51
40: 34 38 56
41: 21 34 51
42: 30 36 52
43: 26 35 54
44: 29 36 55
45: 33 35 56
46: 32 37 53
47: 20 23 52
48: 22 27 55
49: 24 28 54
50: 25 31 53
51: 39 41 60
52: 42 47 64
53: 46 50 65
54: 43 49 63
55: 44 48 61
56: 40 45 62
57: 7 62 64
58: 9 60 61
59: 16 63 65
60: 51 58 69
61: 55 58 70
62: 56 57 72
63: 54 59 71
64: 52 57 74
65: 53 59 73
66: 37 69 73
67: 36 70 74
68: 35 71 72
69: 2 60 66
70: 2 61 67
71: 4 63 68
72: 3 62 68
73: 4 65 66
74: 3 64 67

1: 2 3 4
2: 1 71 72
3: 1 69 73
4: 1 70 74
5: 21 22 23
6: 24 27 57
7: 26 29 58
8: 25 28 59
9: 21 25 30
10: 22 26 32
11: 23 24 31
12: 18 19 33
13: 19 20 35
14: 18 20 34
15: 28 30 33
16: 29 32 35
17: 27 31 34
18: 12 14 44
19: 12 13 42
20: 13 14 43
21: 5 9 41
22: 5 10 39
23: 5 11 40
24: 6 11 41
25: 8 9 39
26: 7 10 40
27: 6 17 43
28: 8 15 44
29: 7 16 42
30: 9 15 45
31: 11 17 47
32: 10 16 46
33: 12 15 48
34: 14 17 50
35: 13 16 49
36: 46 49 66
37: 47 50 68
38: 45 48 67
39: 22 25 53
40: 23 26 51
41: 21 24 52
42: 19 29 56
43: 20 27 54
44: 18 28 55
45: 30 38 52
46: 32 36 53
47: 31 37 51
48: 33 38 56
49: 35 36 54
50: 34 37 55
51: 40 47 62
52: 41 45 60
53: 39 46 61
54: 43 49 63
55: 44 50 65
56: 42 48 64
57: 6 60 63
58: 7 62 64
59: 8 61 65
60: 52 57 71
61: 53 59 69
62: 51 58 70
63: 54 57 72
64: 56 58 74
65: 55 59 73
66: 36 69 72
67: 38 71 74
68: 37 70 73
69: 3 61 66
70: 4 62 68
71: 2 60 67
72: 2 63 66
73: 3 65 68
74: 4 64 67

1: 2 3 4
2: 1 71 74
3: 1 69 73
4: 1 70 72
5: 7 8 67
6: 7 64 66
7: 5 6 58
8: 5 9 10
9: 8 61 64
10: 8 59 60
11: 50 62 63
12: 14 62 65
13: 14 15 63
14: 12 13 54
15: 13 52 53
16: 17 18 47
17: 16 42 44
18: 16 41 43
19: 22 48 51
20: 22 34 49
21: 24 48 49
22: 19 20 23
23: 22 24 25
24: 21 23 37
25: 23 35 36
26: 28 38 40
27: 31 32 38
28: 26 29 30
29: 28 32 39
30: 28 31 33
31: 27 30 35
32: 27 29 36
33: 30 36 37
34: 20 35 37
35: 25 31 34
36: 25 32 33
37: 24 33 34
38: 26 27 43
39: 29 43 44
40: 26 41 44
41: 18 40 46
42: 17 45 46
43: 18 38 39
44: 17 39 40
45: 42 56 57
46: 41 42 55
47: 16 55 56
48: 19 21 53
49: 20 21 52
50: 11 53 54
51: 19 52 54
52: 15 49 51
53: 15 48 50
54: 14 50 51
55: 46 47 60
56: 45 47 59
57: 45 60 61
58: 7 59 61
59: 10 56 58
60: 10 55 57
61: 9 57 58
62: 11 12 71
63: 11 13 74
64: 6 9 73
65: 12 70 74
66: 6 69 72
67: 5 72 73
68: 69 70 71
69: 3 66 68
70: 4 65 68
71: 2 62 68
72: 4 66 67
73: 3 64 67
74: 2 63 65

1: 2 3 4
2: 1 69 70
3: 1 72 74
4: 1 71 73
5: 40 50 66
6: 39 40 47
7: 42 43 68
8: 37 39 41
9: 36 38 41
10: 11 12 35
11: 10 28 49
12: 10 29 30
13: 21 29 49
14: 15 33 34
15: 14 16 17
16: 15 24 27
17: 15 25 26
18: 23 29 46
19: 44 47 67
20: 21 46 48
21: 13 20 58
22: 24 31 32
23: 18 26 27
24: 16 22 45
25: 17 28 42
26: 17 23 43
27: 16 23 30
28: 11 25 34
29: 12 13 18
30: 12 27 32
31: 22 39 44
32: 22 30 37
33: 14 38 45
34: 14 28 36
35: 10 36 37
36: 9 34 35
37: 8 32 35
38: 9 33 57
39: 6 8 31
40: 5 6 53
41: 8 9 53
42: 7 25 54
43: 7 26 55
44: 19 31 56
45: 24 33 56
46: 18 20 55
47: 6 19 52
48: 20 51 59
49: 11 13 54
50: 5 51 52
51: 48 50 65
52: 47 50 64
53: 40 41 60
54: 42 49 62
55: 43 46 63
56: 44 45 61
57: 38 60 61
58: 21 62 65
59: 48 63 64
60: 53 57 69
61: 56 57 70
62: 54 58 71
63: 55 59 72
64: 52 59 74
65: 51 58 73
66: 5 69 73
67: 19 70 74
68: 7 71 72
69: 2 60 66
70: 2 61 67
71: 4 62 68
72: 3 63 68
73: 4 65 66
74: 3 64 67

1: 2 3 4
2: 1 73 74
3: 1 70 71
4: 1 69 72
5: 7 8 58
6: 51 53 55
7: 5 10 49
8: 5 47 48
9: 46 51 56
10: 7 12 56
11: 24 52 57
12: 10 13 14
13: 12 44 46
14: 12 43 45
15: 16 17 42
16: 15 37 39
17: 15 36 38
18: 19 20 35
19: 18 30 32
20: 18 29 31
21: 22 23 28
22: 21 50 52
23: 21 24 25
24: 11 23 27
25: 23 33 34
26: 29 50 54
27: 24 31 54
28: 21 29 30
29: 20 26 28
30: 19 28 33
31: 20 27 34
32: 19 40 41
33: 25 30 38
34: 25 31 36
35: 18 36 37
36: 17 34 35
37: 16 35 40
38: 17 33 41
39: 16 48 49
40: 32 37 45
41: 32 38 43
42: 15 43 44
43: 14 41 42
44: 13 42 48
45: 14 40 49
46: 9 13 47
47: 8 46 55
48: 8 39 44
49: 7 39 45
50: 22 26 68
51: 6 9 67
52: 11 22 62
53: 6 60 66
54: 26 27 65
55: 6 47 64
56: 9 10 63
57: 11 61 65
58: 5 63 64
59: 60 61 62
60: 53 59 71
61: 57 59 69
62: 52 59 70
63: 56 58 74
64: 55 58 73
65: 54 57 72
66: 53 69 73
67: 51 71 74
68: 50 70 72
69: 4 61 66
70: 3 62 68
71: 3 60 67
72: 4 65 68
73: 2 64 66
74: 2 63 67

1: 2 3 4
2: 1 69 70
3: 1 72 74
4: 1 71 73
5: 6 7 28
6: 5 10 12
7: 5 8 11
8: 7 9 27
9: 8 14 15
10: 6 24 26
11: 7 18 19
12: 6 17 18
13: 20 22 49
14: 9 21 22
15: 9 19 23
16: 21 23 24
17: 12 34 40
18: 11 12 31
19: 11 15 32
20: 13 37 57
21: 14 16 37
22: 13 14 36
23: 15 16 35
24: 10 16 33
25: 31 32 58
26: 10 34 35
27: 8 30 36
28: 5 30 33
29: 41 50 66
30: 27 28 46
31: 18 25 43
32: 19 25 47
33: 24 28 48
34: 17 26 44
35: 23 26 47
36: 22 27 45
37: 20 21 48
38: 42 44 68
39: 45 46 67
40: 17 42 43
41: 29 51 59
42: 38 40 53
43: 31 40 52
44: 34 38 56
45: 36 39 54
46: 30 39 55
47: 32 35 56
48: 33 37 55
49: 13 51 54
50: 29 52 53
51: 41 49 62
52: 43 50 65
53: 42 50 60
54: 45 49 61
55: 46 48 63
56: 44 47 64
57: 20 62 63
58: 25 64 65
59: 41 60 61
60: 53 59 72
61: 54 59 74
62: 51 57 69
63: 55 57 70
64: 56 58 71
65: 52 58 73
66: 29 69 73
67: 39 70 74
68: 38 71 72
69: 2 62 66
70: 2 63 67
71: 4 64 68
72: 3 60 68
73: 4 65 66
74: 3 61 67

1: 2 3 4
2: 1 73 74
3: 1 70 72
4: 1 69 71
5: 7 11 13
6: 8 12 14
7: 5 15 19
8: 6 16 20
9: 18 26 36
10: 17 25 35
11: 5 27 33
12: 6 28 34
13: 5 16 24
14: 6 15 23
15: 7 14 25
16: 8 13 26
17: 10 22 24
18: 9 21 23
19: 7 30 31
20: 8 29 32
21: 18 42 54
22: 17 41 53
23: 14 18 52
24: 13 17 51
25: 10 15 50
26: 9 16 49
27: 11 32 41
28: 12 31 42
29: 20 30 48
30: 19 29 47
31: 19 28 40
32: 20 27 39
33: 11 38 45
34: 12 37 46
35: 10 38 40
36: 9 37 39
37: 34 36 67
38: 33 35 68
39: 32 36 62
40: 31 35 61
41: 22 27 66
42: 21 28 65
43: 50 56 64
44: 49 55 63
45: 33 48 60
46: 34 47 59
47: 30 46 68
48: 29 45 67
49: 26 44 66
50: 25 43 65
51: 24 52 64
52: 23 51 63
53: 22 58 60
54: 21 57 59
55: 44 57 62
56: 43 58 61
57: 54 55 74
58: 53 56 73
59: 46 54 72
60: 45 53 71
61: 40 56 72
62: 39 55 71
63: 44 52 70
64: 43 51 69
65: 42 50 70
66: 41 49 69
67: 37 48 74
68: 38 47 73
69: 4 64 66
70: 3 63 65
71: 4 60 62
72: 3 59 61
73: 2 58 68
74: 2 57 67

