1: 31 32 51 52
2: 33 34 53 54
3: 35 45 57 60
4: 36 46 58 59
5: 34 38 53 55
6: 33 40 53 56
7: 33 39 54 56
8: 34 37 54 55
9: 35 37 54 57
10: 36 38 53 58
11: 36 40 53 59
12: 35 39 54 60
13: 37 41 55 57
14: 38 44 55 58
15: 39 42 56 60
16: 40 43 56 59
17: 42 43 56 62
18: 41 44 55 61
19: 45 47 51 57
20: 46 50 52 58
21: 45 48 51 60
22: 46 49 52 59
23: 41 47 57 61
24: 42 48 60 62
25: 43 49 59 62
26: 44 50 58 61
27: 32 47 51 61
28: 31 49 52 62
29: 31 48 51 62
30: 32 50 52 61
31: 1 28 29 51 52 62
32: 1 27 30 51 52 61
33: 2 6 7 53 54 56
34: 2 5 8 53 54 55
35: 3 9 12 54 57 60
36: 4 10 11 53 58 59
37: 8 9 13 54 55 57
38: 5 10 14 53 55 58
39: 7 12 15 54 56 60
40: 6 11 16 53 56 59
41: 13 18 23 55 57 61
42: 15 17 24 56 60 62
43: 16 17 25 56 59 62
44: 14 18 26 55 58 61
45: 3 19 21 51 57 60
46: 4 20 22 52 58 59
47: 19 23 27 51 57 61
48: 21 24 29 51 60 62
49: 22 25 28 52 59 62
50: 20 26 30 52 58 61
51: 1 19 21 27 29 31 32 45 47 48
52: 1 20 22 28 30 31 32 46 49 50
53: 2 5 6 10 11 33 34 36 38 40
54: 2 7 8 9 12 33 34 35 37 39
55: 5 8 13 14 18 34 37 38 41 44
56: 6 7 15 16 17 33 39 40 42 43
57: 3 9 13 19 23 35 37 41 45 47
58: 4 10 14 20 26 36 38 44 46 50
59: 4 11 16 22 25 36 40 43 46 49
60: 3 12 15 21 24 35 39 42 45 48
61: 18 23 26 27 30 32 41 44 47 50
62: 17 24 25 28 29 31 42 43 48 49

1: 2 3 4
2: 1 57 58
3: 1 60 62
4: 1 59 61
5: 9 11 14
6: 8 10 37
7: 10 11 13
8: 6 24 45
9: 5 23 28
10: 6 7 25
11: 5 7 24
12: 19 21 46
13: 7 22 23
14: 5 18 19
15: 20 22 25
16: 18 20 21
17: 29 38 54
18: 14 16 36
19: 12 14 32
20: 15 16 34
21: 12 16 35
22: 13 15 35
23: 9 13 33
24: 8 11 36
25: 10 15 31
26: 30 33 56
27: 31 34 55
28: 9 30 32
29: 17 39 47
30: 26 28 42
31: 25 27 41
32: 19 28 40
33: 23 26 44
34: 20 27 43
35: 21 22 44
36: 18 24 43
37: 6 39 41
38: 17 40 42
39: 29 37 50
40: 32 38 53
41: 31 37 49
42: 30 38 48
43: 34 36 51
44: 33 35 52
45: 8 50 51
46: 12 52 53
47: 29 48 49
48: 42 47 60
49: 41 47 62
50: 39 45 57
51: 43 45 58
52: 44 46 59
53: 40 46 61
54: 17 57 61
55: 27 58 62
56: 26 59 60
57: 2 50 54
58: 2 51 55
59: 4 52 56
60: 3 48 56
61: 4 53 54
62: 3 49 55

1: 2 3 4
2: 1 61 62
3: 1 60 62
4: 1 59 61
5: 7 9 10
6: 8 9 10
7: 5 11 13
8: 6 12 14
9: 5 6 12
10: 5 6 11
11: 7 10 18
12: 8 9 17
13: 7 16 18
14: 8 15 17
15: 14 20 22
16: 13 19 21
17: 12 14 20
18: 11 13 19
19: 16 18 26
20: 15 17 25
21: 16 24 26
22: 15 23 25
23: 22 28 30
24: 21 27 29
25: 20 22 28
26: 19 21 27
27: 24 26 34
28: 23 25 33
29: 24 32 34
30: 23 31 33
31: 30 36 38
32: 29 35 37
33: 28 30 36
34: 27 29 35
35: 32 34 42
36: 31 33 41
37: 32 40 42
38: 31 39 41
39: 38 44 46
40: 37 43 45
41: 36 38 44
42: 35 37 43
43: 40 42 50
44: 39 41 49
45: 40 48 50
46: 39 47 49
47: 46 52 54
48: 45 51 53
49: 44 46 52
50: 43 45 51
51: 48 50 58
52: 47 49 57
53: 48 56 58
54: 47 55 57
55: 54 60 62
56: 53 59 61
57: 52 54 60
58: 51 53 59
59: 4 56 58
60: 3 55 57
61: 2 4 56
62: 2 3 55

1: 2 3 4
2: 1 59 62
3: 1 57 61
4: 1 58 60
5: 7 8 55
6: 7 52 54
7: 5 6 46
8: 5 9 10
9: 8 49 52
10: 8 47 48
11: 38 50 51
12: 14 50 53
13: 14 15 51
14: 12 13 42
15: 13 40 41
16: 17 18 35
17: 16 29 32
18: 16 30 31
19: 22 36 39
20: 22 26 37
21: 24 36 37
22: 19 20 23
23: 22 24 27
24: 21 23 25
25: 24 26 28
26: 20 25 32
27: 23 31 32
28: 25 29 31
29: 17 28 34
30: 18 33 34
31: 18 27 28
32: 17 26 27
33: 30 44 45
34: 29 30 43
35: 16 43 44
36: 19 21 41
37: 20 21 40
38: 11 41 42
39: 19 40 42
40: 15 37 39
41: 15 36 38
42: 14 38 39
43: 34 35 48
44: 33 35 47
45: 33 48 49
46: 7 47 49
47: 10 44 46
48: 10 43 45
49: 9 45 46
50: 11 12 59
51: 11 13 62
52: 6 9 61
53: 12 58 62
54: 6 57 60
55: 5 60 61
56: 57 58 59
57: 3 54 56
58: 4 53 56
59: 2 50 56
60: 4 54 55
61: 3 52 55
62: 2 51 53

1: 2 3 4
2: 1 57 58
3: 1 60 61
4: 1 59 62
5: 28 38 54
6: 27 28 35
7: 30 31 56
8: 25 27 29
9: 24 26 29
10: 15 19 22
11: 34 35 55
12: 13 20 21
13: 12 14 33
14: 13 15 16
15: 10 14 32
16: 14 18 36
17: 18 32 37
18: 16 17 47
19: 10 24 31
20: 12 27 34
21: 12 25 36
22: 10 26 33
23: 24 25 30
24: 9 19 23
25: 8 21 23
26: 9 22 45
27: 6 8 20
28: 5 6 41
29: 8 9 41
30: 7 23 43
31: 7 19 42
32: 15 17 42
33: 13 22 44
34: 11 20 44
35: 6 11 40
36: 16 21 43
37: 17 39 46
38: 5 39 40
39: 37 38 53
40: 35 38 52
41: 28 29 48
42: 31 32 50
43: 30 36 51
44: 33 34 49
45: 26 48 49
46: 37 50 52
47: 18 51 53
48: 41 45 57
49: 44 45 58
50: 42 46 59
51: 43 47 60
52: 40 46 62
53: 39 47 61
54: 5 57 61
55: 11 58 62
56: 7 59 60
57: 2 48 54
58: 2 49 55
59: 4 50 56
60: 3 51 56
61: 3 53 54
62: 4 52 55

1: 2 3 4
2: 1 59 60
3: 1 57 61
4: 1 58 62
5: 12 21 45
6: 13 23 46
7: 14 22 47
8: 15 17 26
9: 15 16 25
10: 16 17 24
11: 12 13 14
12: 5 11 34
13: 6 11 33
14: 7 11 35
15: 8 9 36
16: 9 10 38
17: 8 10 37
18: 31 37 54
19: 32 36 56
20: 30 38 55
21: 5 29 35
22: 7 28 33
23: 6 27 34
24: 10 28 30
25: 9 29 32
26: 8 27 31
27: 23 26 39
28: 22 24 41
29: 21 25 40
30: 20 24 44
31: 18 26 42
32: 19 25 43
33: 13 22 44
34: 12 23 42
35: 14 21 43
36: 15 19 39
37: 17 18 41
38: 16 20 40
39: 27 36 50
40: 29 38 48
41: 28 37 49
42: 31 34 51
43: 32 35 53
44: 30 33 52
45: 5 48 51
46: 6 50 52
47: 7 49 53
48: 40 45 59
49: 41 47 57
50: 39 46 58
51: 42 45 60
52: 44 46 62
53: 43 47 61
54: 18 57 60
55: 20 59 62
56: 19 58 61
57: 3 49 54
58: 4 50 56
59: 2 48 55
60: 2 51 54
61: 3 53 56
62: 4 52 55

1: 2 3 4
2: 1 61 62
3: 1 58 59
4: 1 57 60
5: 7 8 46
6: 39 41 43
7: 5 10 37
8: 5 35 36
9: 34 39 44
10: 7 12 44
11: 18 40 45
12: 10 13 14
13: 12 32 34
14: 12 31 33
15: 16 17 30
16: 15 25 27
17: 15 24 26
18: 11 19 23
19: 18 20 42
20: 19 28 29
21: 27 38 42
22: 25 38 40
23: 18 24 25
24: 17 23 29
25: 16 22 23
26: 17 36 37
27: 16 21 28
28: 20 27 31
29: 20 24 33
30: 15 31 32
31: 14 28 30
32: 13 30 36
33: 14 29 37
34: 9 13 35
35: 8 34 43
36: 8 26 32
37: 7 26 33
38: 21 22 56
39: 6 9 55
40: 11 22 50
41: 6 48 54
42: 19 21 53
43: 6 35 52
44: 9 10 51
45: 11 49 53
46: 5 51 52
47: 48 49 50
48: 41 47 59
49: 45 47 57
50: 40 47 58
51: 44 46 62
52: 43 46 61
53: 42 45 60
54: 41 57 61
55: 39 59 62
56: 38 58 60
57: 4 49 54
58: 3 50 56
59: 3 48 55
60: 4 53 56
61: 2 52 54
62: 2 51 55

1: 2 3 4
2: 1 61 62
3: 1 60 62
4: 1 59 61
5: 6 8 9
6: 5 7 10
7: 6 8 12
8: 5 7 11
9: 5 11 13
10: 6 12 14
11: 8 9 18
12: 7 10 17
13: 9 16 18
14: 10 15 17
15: 14 20 22
16: 13 19 21
17: 12 14 20
18: 11 13 19
19: 16 18 26
20: 15 17 25
21: 16 24 26
22: 15 23 25
23: 22 28 30
24: 21 27 29
25: 20 22 28
26: 19 21 27
27: 24 26 34
28: 23 25 33
29: 24 32 34
30: 23 31 33
31: 30 36 38
32: 29 35 37
33: 28 30 36
34: 27 29 35
35: 32 34 42
36: 31 33 41
37: 32 40 42
38: 31 39 41
39: 38 44 46
40: 37 43 45
41: 36 38 44
42: 35 37 43
43: 40 42 50
44: 39 41 49
45: 40 48 50
46: 39 47 49
47: 46 52 54
48: 45 51 53
49: 44 46 52
50: 43 45 51
51: 48 50 58
52: 47 49 57
53: 48 56 58
54: 47 55 57
55: 54 60 62
56: 53 59 61
57: 52 54 60
58: 51 53 59
59: 4 56 58
60: 3 55 57
61: 2 4 56
62: 2 3 55

