1: 2 3 4
2: 1 67 68
3: 1 70 72
4: 1 69 71
5: 9 13 21
6: 10 14 22
7: 10 12 24
8: 9 11 23
9: 5 8 16
10: 6 7 15
11: 8 18 38
12: 7 17 37
13: 5 15 17
14: 6 16 18
15: 10 13 19
16: 9 14 20
17: 12 13 20
18: 11 14 19
19: 15 18 36
20: 16 17 35
21: 5 34 36
22: 6 33 35
23: 8 32 34
24: 7 31 33
25: 28 30 32
26: 27 29 31
27: 26 40 55
28: 25 39 54
29: 26 46 57
30: 25 45 56
31: 24 26 44
32: 23 25 43
33: 22 24 46
34: 21 23 45
35: 20 22 42
36: 19 21 41
37: 12 42 44
38: 11 41 43
39: 28 48 66
40: 27 47 65
41: 36 38 50
42: 35 37 49
43: 32 38 48
44: 31 37 47
45: 30 34 50
46: 29 33 49
47: 40 44 52
48: 39 43 51
49: 42 46 52
50: 41 45 51
51: 48 50 63
52: 47 49 62
53: 58 59 64
54: 28 59 61
55: 27 58 60
56: 30 61 63
57: 29 60 62
58: 53 55 68
59: 53 54 67
60: 55 57 72
61: 54 56 71
62: 52 57 70
63: 51 56 69
64: 53 71 72
65: 40 68 70
66: 39 67 69
67: 2 59 66
68: 2 58 65
69: 4 63 66
70: 3 62 65
71: 4 61 64
72: 3 60 64

1: 2 3 4
2: 1 70 72
3: 1 71 72
4: 1 68 69
5: 68 69 72
6: 8 70 71
7: 9 70 71
8: 6 10 11
9: 7 10 11
10: 8 9 12
11: 8 9 13
12: 10 14 15
13: 11 14 15
14: 12 13 16
15: 12 13 17
16: 14 18 19
17: 15 18 19
18: 16 17 20
19: 16 17 21
20: 18 22 23
21: 19 22 23
22: 20 21 24
23: 20 21 25
24: 22 26 27
25: 23 26 27
26: 24 25 28
27: 24 25 29
28: 26 30 31
29: 27 30 31
30: 28 29 32
31: 28 29 33
32: 30 34 35
33: 31 34 35
34: 32 33 36
35: 32 33 37
36: 34 38 39
37: 35 38 39
38: 36 37 40
39: 36 37 41
40: 38 42 43
41: 39 42 43
42: 40 41 44
43: 40 41 45
44: 42 46 47
45: 43 46 47
46: 44 45 48
47: 44 45 49
48: 46 50 51
49: 47 50 51
50: 48 49 52
51: 48 49 53
52: 50 54 55
53: 51 54 55
54: 52 53 56
55: 52 53 57
56: 54 58 59
57: 55 58 59
58: 56 57 60
59: 56 57 61
60: 58 62 63
61: 59 62 63
62: 60 61 64
63: 60 61 65
64: 62 66 67
65: 63 66 67
66: 64 65 68
67: 64 65 69
68: 4 5 66
69: 4 5 67
70: 2 6 7
71: 3 6 7
72: 2 3 5

1: 2 3 4
2: 1 67 68
3: 1 70 72
4: 1 69 71
5: 13 15 17
6: 12 14 16
7: 22 33 55
8: 24 25 34
9: 26 27 57
10: 28 30 56
11: 23 29 36
12: 6 22 26
13: 5 25 29
14: 6 27 28
15: 5 20 24
16: 6 21 30
17: 5 19 23
18: 19 20 21
19: 17 18 46
20: 15 18 48
21: 16 18 47
22: 7 12 47
23: 11 17 39
24: 8 15 41
25: 8 13 42
26: 9 12 43
27: 9 14 40
28: 10 14 45
29: 11 13 44
30: 10 16 48
31: 39 46 64
32: 37 41 66
33: 7 38 43
34: 8 37 38
35: 42 44 65
36: 11 40 45
37: 32 34 54
38: 33 34 53
39: 23 31 50
40: 27 36 50
41: 24 32 52
42: 25 35 53
43: 26 33 54
44: 29 35 51
45: 28 36 51
46: 19 31 49
47: 21 22 49
48: 20 30 52
49: 46 47 58
50: 39 40 62
51: 44 45 63
52: 41 48 61
53: 38 42 59
54: 37 43 60
55: 7 58 59
56: 10 61 63
57: 9 60 62
58: 49 55 67
59: 53 55 68
60: 54 57 70
61: 52 56 69
62: 50 57 72
63: 51 56 71
64: 31 67 72
65: 35 68 71
66: 32 69 70
67: 2 58 64
68: 2 59 65
69: 4 61 66
70: 3 60 66
71: 4 63 65
72: 3 62 64

1: 2 3 4
2: 1 67 69
3: 1 68 71
4: 1 70 72
5: 52 64 66
6: 7 8 22
7: 6 11 15
8: 6 12 14
9: 13 14 27
10: 11 12 13
11: 7 10 18
12: 8 10 20
13: 9 10 19
14: 8 9 17
15: 7 17 19
16: 18 20 34
17: 14 15 23
18: 11 16 24
19: 13 15 26
20: 12 16 25
21: 23 26 39
22: 6 24 25
23: 17 21 29
24: 18 22 30
25: 20 22 32
26: 19 21 31
27: 9 29 31
28: 30 32 46
29: 23 27 35
30: 24 28 36
31: 26 27 38
32: 25 28 37
33: 35 38 51
34: 16 36 37
35: 29 33 41
36: 30 34 42
37: 32 34 44
38: 31 33 43
39: 21 41 43
40: 42 44 58
41: 35 39 47
42: 36 40 48
43: 38 39 50
44: 37 40 49
45: 47 50 63
46: 28 48 49
47: 41 45 53
48: 42 46 54
49: 44 46 56
50: 43 45 55
51: 33 53 55
52: 5 54 56
53: 47 51 59
54: 48 52 60
55: 50 51 62
56: 49 52 61
57: 59 62 65
58: 40 60 61
59: 53 57 69
60: 54 58 70
61: 56 58 72
62: 55 57 71
63: 45 69 71
64: 5 68 72
65: 57 67 68
66: 5 67 70
67: 2 65 66
68: 3 64 65
69: 2 59 63
70: 4 60 66
71: 3 62 63
72: 4 61 64

1: 2 3 4
2: 1 67 68
3: 1 70 71
4: 1 69 72
5: 35 36 57
6: 11 12 15
7: 10 12 17
8: 9 11 16
9: 8 29 34
10: 7 28 33
11: 6 8 27
12: 6 7 26
13: 22 25 55
14: 26 27 56
15: 6 20 28
16: 8 20 24
17: 7 21 22
18: 23 24 29
19: 21 23 25
20: 15 16 43
21: 17 19 48
22: 13 17 45
23: 18 19 44
24: 16 18 47
25: 13 19 47
26: 12 14 48
27: 11 14 46
28: 10 15 42
29: 9 18 41
30: 41 44 65
31: 38 39 66
32: 42 43 64
33: 10 40 45
34: 9 37 46
35: 5 39 40
36: 5 37 38
37: 34 36 49
38: 31 36 52
39: 31 35 51
40: 33 35 50
41: 29 30 49
42: 28 32 50
43: 20 32 54
44: 23 30 53
45: 22 33 51
46: 27 34 52
47: 24 25 54
48: 21 26 53
49: 37 41 58
50: 40 42 59
51: 39 45 60
52: 38 46 61
53: 44 48 63
54: 43 47 62
55: 13 60 62
56: 14 61 63
57: 5 58 59
58: 49 57 68
59: 50 57 67
60: 51 55 69
61: 52 56 70
62: 54 55 72
63: 53 56 71
64: 32 67 72
65: 30 68 71
66: 31 69 70
67: 2 59 64
68: 2 58 65
69: 4 60 66
70: 3 61 66
71: 3 63 65
72: 4 62 64

1: 2 3 4
2: 1 67 68
3: 1 70 72
4: 1 69 71
5: 8 10 14
6: 8 13 15
7: 31 33 56
8: 5 6 19
9: 19 20 55
10: 5 20 21
11: 25 27 57
12: 28 29 35
13: 6 28 30
14: 5 26 30
15: 6 22 29
16: 21 24 26
17: 23 24 27
18: 22 23 25
19: 8 9 46
20: 9 10 40
21: 10 16 41
22: 15 18 46
23: 17 18 42
24: 16 17 45
25: 11 18 47
26: 14 16 48
27: 11 17 48
28: 12 13 44
29: 12 15 47
30: 13 14 43
31: 7 40 41
32: 43 44 66
33: 7 37 39
34: 42 45 65
35: 12 38 39
36: 37 38 64
37: 33 36 49
38: 35 36 54
39: 33 35 53
40: 20 31 49
41: 21 31 50
42: 23 34 51
43: 30 32 52
44: 28 32 53
45: 24 34 50
46: 19 22 51
47: 25 29 54
48: 26 27 52
49: 37 40 58
50: 41 45 63
51: 42 46 59
52: 43 48 60
53: 39 44 61
54: 38 47 62
55: 9 58 59
56: 7 61 63
57: 11 60 62
58: 49 55 67
59: 51 55 68
60: 52 57 70
61: 53 56 69
62: 54 57 72
63: 50 56 71
64: 36 67 72
65: 34 68 71
66: 32 69 70
67: 2 58 64
68: 2 59 65
69: 4 61 66
70: 3 60 66
71: 4 63 65
72: 3 62 64

1: 2 3 4
2: 1 67 68
3: 1 71 72
4: 1 69 70
5: 39 54 55
6: 10 11 27
7: 11 13 26
8: 10 12 25
9: 12 13 24
10: 6 8 15
11: 6 7 14
12: 8 9 17
13: 7 9 16
14: 11 18 19
15: 10 18 20
16: 13 19 21
17: 12 20 21
18: 14 15 38
19: 14 16 37
20: 15 17 36
21: 16 17 35
22: 35 36 41
23: 37 38 57
24: 9 31 32
25: 8 32 34
26: 7 31 33
27: 6 33 34
28: 29 30 56
29: 28 42 66
30: 28 43 65
31: 24 26 44
32: 24 25 45
33: 26 27 47
34: 25 27 46
35: 21 22 49
36: 20 22 48
37: 19 23 49
38: 18 23 48
39: 5 44 45
40: 46 47 64
41: 22 42 43
42: 29 41 53
43: 30 41 52
44: 31 39 51
45: 32 39 50
46: 34 40 50
47: 33 40 51
48: 36 38 53
49: 35 37 52
50: 45 46 63
51: 44 47 62
52: 43 49 61
53: 42 48 60
54: 5 59 63
55: 5 58 62
56: 28 58 59
57: 23 60 61
58: 55 56 72
59: 54 56 69
60: 53 57 68
61: 52 57 67
62: 51 55 71
63: 50 54 70
64: 40 70 71
65: 30 67 72
66: 29 68 69
67: 2 61 65
68: 2 60 66
69: 4 59 66
70: 4 63 64
71: 3 62 64
72: 3 58 65

1: 2 3 4
2: 1 67 68
3: 1 70 71
4: 1 69 72
5: 38 48 64
6: 37 38 44
7: 40 41 66
8: 35 37 39
9: 34 36 39
10: 11 12 33
11: 10 28 47
12: 10 27 41
13: 16 21 47
14: 26 31 32
15: 16 17 28
16: 13 15 24
17: 15 25 26
18: 21 45 46
19: 23 27 40
20: 42 44 65
21: 13 18 56
22: 25 29 30
23: 19 24 26
24: 16 23 46
25: 17 22 43
26: 14 17 23
27: 12 19 32
28: 11 15 30
29: 22 37 42
30: 22 28 35
31: 14 36 43
32: 14 27 34
33: 10 34 35
34: 9 32 33
35: 8 30 33
36: 9 31 55
37: 6 8 29
38: 5 6 51
39: 8 9 51
40: 7 19 53
41: 7 12 52
42: 20 29 54
43: 25 31 54
44: 6 20 49
45: 18 50 57
46: 18 24 53
47: 11 13 52
48: 5 49 50
49: 44 48 63
50: 45 48 62
51: 38 39 58
52: 41 47 60
53: 40 46 61
54: 42 43 59
55: 36 58 59
56: 21 60 62
57: 45 61 63
58: 51 55 67
59: 54 55 68
60: 52 56 69
61: 53 57 70
62: 50 56 72
63: 49 57 71
64: 5 67 72
65: 20 68 71
66: 7 69 70
67: 2 58 64
68: 2 59 65
69: 4 60 66
70: 3 61 66
71: 3 63 65
72: 4 62 64

1: 2 3 4
2: 1 71 72
3: 1 68 69
4: 1 67 70
5: 7 8 56
6: 49 51 53
7: 5 10 47
8: 5 45 46
9: 44 49 54
10: 7 12 54
11: 21 50 55
12: 10 13 14
13: 12 42 44
14: 12 41 43
15: 16 17 40
16: 15 35 37
17: 15 34 36
18: 19 20 33
19: 18 28 30
20: 18 27 29
21: 11 22 26
22: 21 23 52
23: 22 31 32
24: 30 48 52
25: 28 48 50
26: 21 27 28
27: 20 26 32
28: 19 25 26
29: 20 38 39
30: 19 24 31
31: 23 30 34
32: 23 27 36
33: 18 34 35
34: 17 31 33
35: 16 33 38
36: 17 32 39
37: 16 46 47
38: 29 35 43
39: 29 36 41
40: 15 41 42
41: 14 39 40
42: 13 40 46
43: 14 38 47
44: 9 13 45
45: 8 44 53
46: 8 37 42
47: 7 37 43
48: 24 25 66
49: 6 9 65
50: 11 25 60
51: 6 58 64
52: 22 24 63
53: 6 45 62
54: 9 10 61
55: 11 59 63
56: 5 61 62
57: 58 59 60
58: 51 57 69
59: 55 57 67
60: 50 57 68
61: 54 56 72
62: 53 56 71
63: 52 55 70
64: 51 67 71
65: 49 69 72
66: 48 68 70
67: 4 59 64
68: 3 60 66
69: 3 58 65
70: 4 63 66
71: 2 62 64
72: 2 61 65

1: 2 3 4
2: 1 67 68
3: 1 71 72
4: 1 69 70
5: 39 54 55
6: 10 11 27
7: 11 13 26
8: 10 12 25
9: 12 13 24
10: 6 8 15
11: 6 7 14
12: 8 9 17
13: 7 9 16
14: 11 20 21
15: 10 18 20
16: 13 19 21
17: 12 18 19
18: 15 17 38
19: 16 17 37
20: 14 15 36
21: 14 16 35
22: 35 36 41
23: 37 38 57
24: 9 31 32
25: 8 32 34
26: 7 31 33
27: 6 33 34
28: 29 30 56
29: 28 42 66
30: 28 43 65
31: 24 26 45
32: 24 25 44
33: 26 27 47
34: 25 27 46
35: 21 22 49
36: 20 22 48
37: 19 23 49
38: 18 23 48
39: 5 44 45
40: 46 47 64
41: 22 42 43
42: 29 41 53
43: 30 41 52
44: 32 39 51
45: 31 39 50
46: 34 40 51
47: 33 40 50
48: 36 38 53
49: 35 37 52
50: 45 47 63
51: 44 46 62
52: 43 49 61
53: 42 48 60
54: 5 59 63
55: 5 58 62
56: 28 58 59
57: 23 60 61
58: 55 56 72
59: 54 56 69
60: 53 57 68
61: 52 57 67
62: 51 55 71
63: 50 54 70
64: 40 70 71
65: 30 67 72
66: 29 68 69
67: 2 61 65
68: 2 60 66
69: 4 59 66
70: 4 63 64
71: 3 62 64
72: 3 58 65

1: 2 3 4
2: 1 69 72
3: 1 67 71
4: 1 68 70
5: 7 8 65
6: 7 62 64
7: 5 6 56
8: 5 9 10
9: 8 59 62
10: 8 57 58
11: 48 60 61
12: 14 60 63
13: 14 15 61
14: 12 13 52
15: 13 50 51
16: 17 18 45
17: 16 40 42
18: 16 39 41
19: 22 46 49
20: 22 32 47
21: 24 46 47
22: 19 20 23
23: 22 24 25
24: 21 23 35
25: 23 33 34
26: 30 36 38
27: 29 31 36
28: 29 30 37
29: 27 28 33
30: 26 28 34
31: 27 34 35
32: 20 33 35
33: 25 29 32
34: 25 30 31
35: 24 31 32
36: 26 27 41
37: 28 41 42
38: 26 39 42
39: 18 38 44
40: 17 43 44
41: 18 36 37
42: 17 37 38
43: 40 54 55
44: 39 40 53
45: 16 53 54
46: 19 21 51
47: 20 21 50
48: 11 51 52
49: 19 50 52
50: 15 47 49
51: 15 46 48
52: 14 48 49
53: 44 45 58
54: 43 45 57
55: 43 58 59
56: 7 57 59
57: 10 54 56
58: 10 53 55
59: 9 55 56
60: 11 12 69
61: 11 13 72
62: 6 9 71
63: 12 68 72
64: 6 67 70
65: 5 70 71
66: 67 68 69
67: 3 64 66
68: 4 63 66
69: 2 60 66
70: 4 64 65
71: 3 62 65
72: 2 61 63

1: 2 3 4
2: 1 67 68
3: 1 70 72
4: 1 69 71
5: 6 7 18
6: 5 15 24
7: 5 14 23
8: 13 16 17
9: 11 16 37
10: 12 17 38
11: 9 15 22
12: 10 14 21
13: 8 14 15
14: 7 12 13
15: 6 11 13
16: 8 9 20
17: 8 10 19
18: 5 19 20
19: 17 18 36
20: 16 18 35
21: 12 32 34
22: 11 31 33
23: 7 34 36
24: 6 33 35
25: 28 30 32
26: 27 29 31
27: 26 40 55
28: 25 39 54
29: 26 46 57
30: 25 45 56
31: 22 26 44
32: 21 25 43
33: 22 24 46
34: 21 23 45
35: 20 24 42
36: 19 23 41
37: 9 42 44
38: 10 41 43
39: 28 48 66
40: 27 47 65
41: 36 38 50
42: 35 37 49
43: 32 38 48
44: 31 37 47
45: 30 34 50
46: 29 33 49
47: 40 44 52
48: 39 43 51
49: 42 46 52
50: 41 45 51
51: 48 50 63
52: 47 49 62
53: 58 59 64
54: 28 59 61
55: 27 58 60
56: 30 61 63
57: 29 60 62
58: 53 55 68
59: 53 54 67
60: 55 57 72
61: 54 56 71
62: 52 57 70
63: 51 56 69
64: 53 71 72
65: 40 68 70
66: 39 67 69
67: 2 59 66
68: 2 58 65
69: 4 63 66
70: 3 62 65
71: 4 61 64
72: 3 60 64

1: 2 3 4
2: 1 67 68
3: 1 70 72
4: 1 69 71
5: 6 9 13
6: 5 7 24
7: 6 8 12
8: 7 20 26
9: 5 15 16
10: 19 22 47
11: 17 20 25
12: 7 21 22
13: 5 18 21
14: 16 17 18
15: 9 30 38
16: 9 14 29
17: 11 14 31
18: 13 14 34
19: 10 35 55
20: 8 11 32
21: 12 13 35
22: 10 12 33
23: 29 31 56
24: 6 30 32
25: 11 28 34
26: 8 28 33
27: 39 48 64
28: 25 26 43
29: 16 23 41
30: 15 24 42
31: 17 23 46
32: 20 24 46
33: 22 26 44
34: 18 25 45
35: 19 21 45
36: 40 42 66
37: 43 44 65
38: 15 40 41
39: 27 49 57
40: 36 38 52
41: 29 38 50
42: 30 36 53
43: 28 37 54
44: 33 37 51
45: 34 35 54
46: 31 32 53
47: 10 49 51
48: 27 50 52
49: 39 47 60
50: 41 48 63
51: 44 47 59
52: 40 48 58
53: 42 46 62
54: 43 45 61
55: 19 60 61
56: 23 62 63
57: 39 58 59
58: 52 57 70
59: 51 57 72
60: 49 55 67
61: 54 55 68
62: 53 56 69
63: 50 56 71
64: 27 67 71
65: 37 68 72
66: 36 69 70
67: 2 60 64
68: 2 61 65
69: 4 62 66
70: 3 58 66
71: 4 63 64
72: 3 59 65

1: 2 3 4
2: 1 68 71
3: 1 67 72
4: 1 69 70
5: 12 13 14
6: 8 33 35
7: 9 34 36
8: 6 15 49
9: 7 16 50
10: 28 30 32
11: 27 29 31
12: 5 19 20
13: 5 22 24
14: 5 21 23
15: 8 26 29
16: 9 25 30
17: 24 26 28
18: 23 25 27
19: 12 47 52
20: 12 48 51
21: 14 44 53
22: 13 43 54
23: 14 18 46
24: 13 17 45
25: 16 18 48
26: 15 17 47
27: 11 18 42
28: 10 17 41
29: 11 15 40
30: 10 16 39
31: 11 39 44
32: 10 40 43
33: 6 37 46
34: 7 38 45
35: 6 38 42
36: 7 37 41
37: 33 36 65
38: 34 35 66
39: 30 31 58
40: 29 32 57
41: 28 36 64
42: 27 35 63
43: 22 32 62
44: 21 31 61
45: 24 34 60
46: 23 33 59
47: 19 26 66
48: 20 25 65
49: 8 61 64
50: 9 62 63
51: 20 56 58
52: 19 55 57
53: 21 56 60
54: 22 55 59
55: 52 54 72
56: 51 53 71
57: 40 52 68
58: 39 51 67
59: 46 54 70
60: 45 53 69
61: 44 49 70
62: 43 50 69
63: 42 50 68
64: 41 49 67
65: 37 48 72
66: 38 47 71
67: 3 58 64
68: 2 57 63
69: 4 60 62
70: 4 59 61
71: 2 56 66
72: 3 55 65

1: 2 3 4
2: 1 71 72
3: 1 70 72
4: 1 68 69
5: 6 7 72
6: 5 66 67
7: 5 65 67
8: 9 10 67
9: 8 63 64
10: 8 62 64
11: 64 68 69
12: 14 17 69
13: 15 16 68
14: 12 18 65
15: 13 21 66
16: 13 20 66
17: 12 19 65
18: 14 24 25
19: 17 22 23
20: 16 22 23
21: 15 24 25
22: 19 20 27
23: 19 20 26
24: 18 21 29
25: 18 21 28
26: 23 30 33
27: 22 31 32
28: 25 30 33
29: 24 31 32
30: 26 28 34
31: 27 29 35
32: 27 29 37
33: 26 28 36
34: 30 38 39
35: 31 38 39
36: 33 40 41
37: 32 40 41
38: 34 35 43
39: 34 35 42
40: 36 37 45
41: 36 37 44
42: 39 46 49
43: 38 47 48
44: 41 46 49
45: 40 47 48
46: 42 44 50
47: 43 45 51
48: 43 45 53
49: 42 44 52
50: 46 54 55
51: 47 54 55
52: 49 56 57
53: 48 56 57
54: 50 51 58
55: 50 51 59
56: 52 53 61
57: 52 53 60
58: 54 62 70
59: 55 63 71
60: 57 63 71
61: 56 62 70
62: 10 58 61
63: 9 59 60
64: 9 10 11
65: 7 14 17
66: 6 15 16
67: 6 7 8
68: 4 11 13
69: 4 11 12
70: 3 58 61
71: 2 59 60
72: 2 3 5

1: 2 3 4
2: 1 67 68
3: 1 69 70
4: 1 71 72
5: 10 15 52
6: 8 9 14
7: 18 24 30
8: 6 19 29
9: 6 22 25
10: 5 17 31
11: 20 21 26
12: 17 23 27
13: 22 23 28
14: 6 16 20
15: 5 18 19
16: 14 50 54
17: 10 12 50
18: 7 15 44
19: 8 15 46
20: 11 14 45
21: 11 47 53
22: 9 13 49
23: 12 13 48
24: 7 35 38
25: 9 35 47
26: 11 38 41
27: 12 37 41
28: 13 42 43
29: 8 36 42
30: 7 39 48
31: 10 40 45
32: 46 49 51
33: 39 40 43
34: 36 37 44
35: 24 25 58
36: 29 34 64
37: 27 34 62
38: 24 26 64
39: 30 33 66
40: 31 33 65
41: 26 27 63
42: 28 29 59
43: 28 33 63
44: 18 34 60
45: 20 31 61
46: 19 32 65
47: 21 25 66
48: 23 30 57
49: 22 32 62
50: 16 17 56
51: 32 58 61
52: 5 55 57
53: 21 56 60
54: 16 55 59
55: 52 54 70
56: 50 53 67
57: 48 52 68
58: 35 51 68
59: 42 54 71
60: 44 53 72
61: 45 51 69
62: 37 49 67
63: 41 43 69
64: 36 38 70
65: 40 46 72
66: 39 47 71
67: 2 56 62
68: 2 57 58
69: 3 61 63
70: 3 55 64
71: 4 59 66
72: 4 60 65

1: 2 3 4
2: 1 68 72
3: 1 67 71
4: 1 69 70
5: 10 11 18
6: 12 19 39
7: 13 20 40
8: 9 15 16
9: 8 14 17
10: 5 15 22
11: 5 14 21
12: 6 17 22
13: 7 16 21
14: 9 11 28
15: 8 10 27
16: 8 13 26
17: 9 12 25
18: 5 25 26
19: 6 23 27
20: 7 24 28
21: 11 13 32
22: 10 12 31
23: 19 34 46
24: 20 33 45
25: 17 18 30
26: 16 18 29
27: 15 19 30
28: 14 20 29
29: 26 28 38
30: 25 27 37
31: 22 34 37
32: 21 33 38
33: 24 32 36
34: 23 31 35
35: 34 42 53
36: 33 41 54
37: 30 31 44
38: 29 32 43
39: 6 42 44
40: 7 41 43
41: 36 40 52
42: 35 39 51
43: 38 40 48
44: 37 39 47
45: 24 48 50
46: 23 47 49
47: 44 46 56
48: 43 45 55
49: 46 51 60
50: 45 52 59
51: 42 49 62
52: 41 50 61
53: 35 56 57
54: 36 55 58
55: 48 54 72
56: 47 53 71
57: 53 60 70
58: 54 59 69
59: 50 58 68
60: 49 57 67
61: 52 66 72
62: 51 65 71
63: 64 66 67
64: 63 65 68
65: 62 64 70
66: 61 63 69
67: 3 60 63
68: 2 59 64
69: 4 58 66
70: 4 57 65
71: 3 56 62
72: 2 55 61

1: 2 3 4
2: 1 67 68
3: 1 70 72
4: 1 69 71
5: 6 10 50
6: 5 9 49
7: 9 11 31
8: 10 12 32
9: 6 7 34
10: 5 8 33
11: 7 12 18
12: 8 11 17
13: 14 15 16
14: 13 21 22
15: 13 24 28
16: 13 23 27
17: 12 27 30
18: 11 28 29
19: 20 26 30
20: 19 25 29
21: 14 46 52
22: 14 45 51
23: 16 39 54
24: 15 40 53
25: 20 36 44
26: 19 35 43
27: 16 17 41
28: 15 18 42
29: 18 20 46
30: 17 19 45
31: 7 40 44
32: 8 39 43
33: 10 38 42
34: 9 37 41
35: 26 38 48
36: 25 37 47
37: 34 36 66
38: 33 35 65
39: 23 32 58
40: 24 31 57
41: 27 34 64
42: 28 33 63
43: 26 32 62
44: 25 31 61
45: 22 30 66
46: 21 29 65
47: 36 48 60
48: 35 47 59
49: 6 58 60
50: 5 57 59
51: 22 55 62
52: 21 56 61
53: 24 56 64
54: 23 55 63
55: 51 54 72
56: 52 53 71
57: 40 50 68
58: 39 49 67
59: 48 50 70
60: 47 49 69
61: 44 52 70
62: 43 51 69
63: 42 54 68
64: 41 53 67
65: 38 46 72
66: 37 45 71
67: 2 58 64
68: 2 57 63
69: 4 60 62
70: 3 59 61
71: 4 56 66
72: 3 55 65

1: 2 3 4
2: 1 71 72
3: 1 70 72
4: 1 68 69
5: 6 7 72
6: 5 66 67
7: 5 65 67
8: 9 10 67
9: 8 63 64
10: 8 62 64
11: 12 13 64
12: 11 60 61
13: 11 59 61
14: 15 16 61
15: 14 57 58
16: 14 56 58
17: 18 19 58
18: 17 53 55
19: 17 54 55
20: 21 22 55
21: 20 50 52
22: 20 51 52
23: 24 25 52
24: 23 48 49
25: 23 47 49
26: 49 68 69
27: 41 46 71
28: 29 30 46
29: 28 51 69
30: 28 45 51
31: 32 45 54
32: 31 33 50
33: 32 34 56
34: 33 39 53
35: 39 42 57
36: 37 38 63
37: 36 43 66
38: 36 44 70
39: 34 35 60
40: 41 65 68
41: 27 40 44
42: 35 43 62
43: 37 42 59
44: 38 41 65
45: 30 31 48
46: 27 28 47
47: 25 46 71
48: 24 45 54
49: 24 25 26
50: 21 32 56
51: 22 29 30
52: 21 22 23
53: 18 34 60
54: 19 31 48
55: 18 19 20
56: 16 33 50
57: 15 35 62
58: 15 16 17
59: 13 43 66
60: 12 39 53
61: 12 13 14
62: 10 42 57
63: 9 36 70
64: 9 10 11
65: 7 40 44
66: 6 37 59
67: 6 7 8
68: 4 26 40
69: 4 26 29
70: 3 38 63
71: 2 27 47
72: 2 3 5

1: 2 3 4
2: 1 67 68
3: 1 70 72
4: 1 69 71
5: 35 36 57
6: 10 16 19
7: 9 17 18
8: 9 10 15
9: 7 8 21
10: 6 8 20
11: 25 28 34
12: 27 29 56
13: 21 26 55
14: 20 24 31
15: 8 22 23
16: 6 24 25
17: 7 26 27
18: 7 22 29
19: 6 23 28
20: 10 14 48
21: 9 13 48
22: 15 18 47
23: 15 19 46
24: 14 16 40
25: 11 16 43
26: 13 17 42
27: 12 17 41
28: 11 19 44
29: 12 18 45
30: 44 46 66
31: 14 37 38
32: 40 43 65
33: 37 39 64
34: 11 41 42
35: 5 45 47
36: 5 38 39
37: 31 33 49
38: 31 36 52
39: 33 36 50
40: 24 32 52
41: 27 34 54
42: 26 34 53
43: 25 32 53
44: 28 30 54
45: 29 35 50
46: 23 30 51
47: 22 35 51
48: 20 21 49
49: 37 48 58
50: 39 45 63
51: 46 47 60
52: 38 40 62
53: 42 43 59
54: 41 44 61
55: 13 58 59
56: 12 61 63
57: 5 60 62
58: 49 55 67
59: 53 55 68
60: 51 57 70
61: 54 56 69
62: 52 57 72
63: 50 56 71
64: 33 67 71
65: 32 68 72
66: 30 69 70
67: 2 58 64
68: 2 59 65
69: 4 61 66
70: 3 60 66
71: 4 63 64
72: 3 62 65

1: 2 3 4
2: 1 67 72
3: 1 68 70
4: 1 69 71
5: 13 14 15
6: 16 17 18
7: 19 23 55
8: 22 24 57
9: 20 21 56
10: 28 30 36
11: 25 29 34
12: 26 27 35
13: 5 19 22
14: 5 20 24
15: 5 21 23
16: 6 25 26
17: 6 27 30
18: 6 28 29
19: 7 13 37
20: 9 14 42
21: 9 15 40
22: 8 13 38
23: 7 15 41
24: 8 14 39
25: 11 16 43
26: 12 16 45
27: 12 17 46
28: 10 18 48
29: 11 18 44
30: 10 17 47
31: 43 45 64
32: 44 48 66
33: 46 47 65
34: 11 37 38
35: 12 39 42
36: 10 40 41
37: 19 34 49
38: 22 34 51
39: 24 35 52
40: 21 36 53
41: 23 36 54
42: 20 35 50
43: 25 31 49
44: 29 32 51
45: 26 31 50
46: 27 33 52
47: 30 33 54
48: 28 32 53
49: 37 43 58
50: 42 45 59
51: 38 44 60
52: 39 46 61
53: 40 48 63
54: 41 47 62
55: 7 58 62
56: 9 59 63
57: 8 60 61
58: 49 55 67
59: 50 56 68
60: 51 57 71
61: 52 57 69
62: 54 55 72
63: 53 56 70
64: 31 67 68
65: 33 69 72
66: 32 70 71
67: 2 58 64
68: 3 59 64
69: 4 61 65
70: 3 63 66
71: 4 60 66
72: 2 62 65

1: 2 3 4
2: 1 67 72
3: 1 68 69
4: 1 70 71
5: 6 22 34
6: 5 7 8
7: 6 25 26
8: 6 19 33
9: 15 17 25
10: 17 20 24
11: 22 23 24
12: 28 29 31
13: 19 21 27
14: 15 21 30
15: 9 14 16
16: 15 23 32
17: 9 10 52
18: 45 50 54
19: 8 13 42
20: 10 44 51
21: 13 14 45
22: 5 11 46
23: 11 16 49
24: 10 11 40
25: 7 9 48
26: 7 49 53
27: 13 39 40
28: 12 42 43
29: 12 41 47
30: 14 41 44
31: 12 46 48
32: 16 37 39
33: 8 38 47
34: 5 36 43
35: 36 37 38
36: 34 35 62
37: 32 35 66
38: 33 35 65
39: 27 32 57
40: 24 27 64
41: 29 30 64
42: 19 28 58
43: 28 34 59
44: 20 30 66
45: 18 21 63
46: 22 31 61
47: 29 33 63
48: 25 31 65
49: 23 26 60
50: 18 55 62
51: 20 57 59
52: 17 56 61
53: 26 55 56
54: 18 58 60
55: 50 53 71
56: 52 53 68
57: 39 51 67
58: 42 54 69
59: 43 51 70
60: 49 54 72
61: 46 52 72
62: 36 50 67
63: 45 47 68
64: 40 41 69
65: 38 48 70
66: 37 44 71
67: 2 57 62
68: 3 56 63
69: 3 58 64
70: 4 59 65
71: 4 55 66
72: 2 60 61

1: 2 3 4
2: 1 68 71
3: 1 67 72
4: 1 69 70
5: 10 11 24
6: 8 12 25
7: 9 13 26
8: 6 19 36
9: 7 18 35
10: 5 14 17
11: 5 15 16
12: 6 17 18
13: 7 16 19
14: 10 22 48
15: 11 23 47
16: 11 13 20
17: 10 12 21
18: 9 12 23
19: 8 13 22
20: 16 32 37
21: 17 31 38
22: 14 19 33
23: 15 18 34
24: 5 27 28
25: 6 28 32
26: 7 27 31
27: 24 26 42
28: 24 25 41
29: 43 51 54
30: 44 52 53
31: 21 26 46
32: 20 25 45
33: 22 46 50
34: 23 45 49
35: 9 40 41
36: 8 39 42
37: 20 40 43
38: 21 39 44
39: 36 38 66
40: 35 37 65
41: 28 35 60
42: 27 36 59
43: 29 37 64
44: 30 38 63
45: 32 34 62
46: 31 33 61
47: 15 60 64
48: 14 59 63
49: 34 58 65
50: 33 57 66
51: 29 56 62
52: 30 55 61
53: 30 56 58
54: 29 55 57
55: 52 54 72
56: 51 53 71
57: 50 54 70
58: 49 53 69
59: 42 48 68
60: 41 47 67
61: 46 52 68
62: 45 51 67
63: 44 48 70
64: 43 47 69
65: 40 49 72
66: 39 50 71
67: 3 60 62
68: 2 59 61
69: 4 58 64
70: 4 57 63
71: 2 56 66
72: 3 55 65

1: 2 3 4
2: 1 71 72
3: 1 67 69
4: 1 68 70
5: 52 65 66
6: 9 10 22
7: 11 12 28
8: 13 14 16
9: 6 12 14
10: 6 11 13
11: 7 10 18
12: 7 9 17
13: 8 10 20
14: 8 9 19
15: 19 20 34
16: 8 17 18
17: 12 16 24
18: 11 16 23
19: 14 15 26
20: 13 15 25
21: 23 24 39
22: 6 25 26
23: 18 21 30
24: 17 21 29
25: 20 22 32
26: 19 22 31
27: 31 32 46
28: 7 29 30
29: 24 28 38
30: 23 28 37
31: 26 27 36
32: 25 27 35
33: 37 38 51
34: 15 35 36
35: 32 34 42
36: 31 34 41
37: 30 33 44
38: 29 33 43
39: 21 43 44
40: 41 42 57
41: 36 40 48
42: 35 40 47
43: 38 39 50
44: 37 39 49
45: 49 50 64
46: 27 47 48
47: 42 46 54
48: 41 46 53
49: 44 45 56
50: 43 45 55
51: 33 55 56
52: 5 53 54
53: 48 52 62
54: 47 52 61
55: 50 51 60
56: 49 51 59
57: 40 61 62
58: 59 60 63
59: 56 58 70
60: 55 58 69
61: 54 57 72
62: 53 57 71
63: 58 67 68
64: 45 69 70
65: 5 68 72
66: 5 67 71
67: 3 63 66
68: 4 63 65
69: 3 60 64
70: 4 59 64
71: 2 62 66
72: 2 61 65

1: 2 3 4
2: 1 71 72
3: 1 68 70
4: 1 67 69
5: 6 7 66
6: 5 53 55
7: 5 52 54
8: 9 10 51
9: 8 42 44
10: 8 41 43
11: 40 56 57
12: 47 60 64
13: 49 63 65
14: 48 61 65
15: 50 62 64
16: 21 28 33
17: 21 27 31
18: 20 29 30
19: 20 26 32
20: 18 19 57
21: 16 17 56
22: 37 47 59
23: 36 50 58
24: 38 49 59
25: 39 48 58
26: 19 39 45
27: 17 36 46
28: 16 37 46
29: 18 38 45
30: 18 34 63
31: 17 35 62
32: 19 35 61
33: 16 34 60
34: 30 33 42
35: 31 32 41
36: 23 27 43
37: 22 28 44
38: 24 29 44
39: 25 26 43
40: 11 41 42
41: 10 35 40
42: 9 34 40
43: 10 36 39
44: 9 37 38
45: 26 29 53
46: 27 28 52
47: 12 22 54
48: 14 25 55
49: 13 24 55
50: 15 23 54
51: 8 52 53
52: 7 46 51
53: 6 45 51
54: 7 47 50
55: 6 48 49
56: 11 21 72
57: 11 20 71
58: 23 25 68
59: 22 24 67
60: 12 33 69
61: 14 32 70
62: 15 31 70
63: 13 30 69
64: 12 15 72
65: 13 14 71
66: 5 67 68
67: 4 59 66
68: 3 58 66
69: 4 60 63
70: 3 61 62
71: 2 57 65
72: 2 56 64

1: 2 3 4
2: 1 69 70
3: 1 67 72
4: 1 68 71
5: 6 7 66
6: 5 53 55
7: 5 52 54
8: 9 59 65
9: 8 10 11
10: 9 50 63
11: 9 45 64
12: 13 50 60
13: 12 14 15
14: 13 44 49
15: 13 43 48
16: 18 46 62
17: 32 34 64
18: 16 19 20
19: 18 49 61
20: 18 34 45
21: 46 56 58
22: 35 45 48
23: 24 34 47
24: 23 25 26
25: 24 38 58
26: 24 33 63
27: 32 33 37
28: 33 35 61
29: 37 51 57
30: 32 36 57
31: 36 38 59
32: 17 27 30
33: 26 27 28
34: 17 20 23
35: 22 28 40
36: 30 31 39
37: 27 29 41
38: 25 31 42
39: 36 43 62
40: 35 43 56
41: 37 44 60
42: 38 44 47
43: 15 39 40
44: 14 41 42
45: 11 20 22
46: 16 21 53
47: 23 42 54
48: 15 22 55
49: 14 19 53
50: 10 12 52
51: 29 54 55
52: 7 50 65
53: 6 46 49
54: 7 47 51
55: 6 48 51
56: 21 40 69
57: 29 30 70
58: 21 25 70
59: 8 31 71
60: 12 41 68
61: 19 28 72
62: 16 39 71
63: 10 26 72
64: 11 17 67
65: 8 52 69
66: 5 67 68
67: 3 64 66
68: 4 60 66
69: 2 56 65
70: 2 57 58
71: 4 59 62
72: 3 61 63

1: 2 3 4
2: 1 71 72
3: 1 68 70
4: 1 67 69
5: 32 33 55
6: 7 18 19
7: 6 9 10
8: 13 14 20
9: 7 11 14
10: 7 12 13
11: 9 25 35
12: 10 26 36
13: 8 10 28
14: 8 9 27
15: 23 24 34
16: 22 28 57
17: 21 27 56
18: 6 24 26
19: 6 23 25
20: 8 21 22
21: 17 20 42
22: 16 20 41
23: 15 19 48
24: 15 18 47
25: 11 19 46
26: 12 18 45
27: 14 17 44
28: 13 16 43
29: 46 48 66
30: 45 47 65
31: 39 40 64
32: 5 38 40
33: 5 37 39
34: 15 41 42
35: 11 38 44
36: 12 37 43
37: 33 36 54
38: 32 35 53
39: 31 33 52
40: 31 32 51
41: 22 34 50
42: 21 34 49
43: 28 36 52
44: 27 35 51
45: 26 30 54
46: 25 29 53
47: 24 30 50
48: 23 29 49
49: 42 48 59
50: 41 47 58
51: 40 44 63
52: 39 43 62
53: 38 46 61
54: 37 45 60
55: 5 60 61
56: 17 59 63
57: 16 58 62
58: 50 57 68
59: 49 56 67
60: 54 55 72
61: 53 55 71
62: 52 57 70
63: 51 56 69
64: 31 69 70
65: 30 68 72
66: 29 67 71
67: 4 59 66
68: 3 58 65
69: 4 63 64
70: 3 62 64
71: 2 61 66
72: 2 60 65

1: 2 3 4
2: 1 67 68
3: 1 69 72
4: 1 70 71
5: 6 7 54
6: 5 52 53
7: 5 30 31
8: 9 10 51
9: 8 49 50
10: 8 25 26
11: 12 13 47
12: 11 19 21
13: 11 18 41
14: 15 20 27
15: 14 34 43
16: 17 32 45
17: 16 38 39
18: 13 33 37
19: 12 28 42
20: 14 23 53
21: 12 24 40
22: 26 29 46
23: 20 25 47
24: 21 26 35
25: 10 23 48
26: 10 22 24
27: 14 30 44
28: 19 31 36
29: 22 31 38
30: 7 27 51
31: 7 28 29
32: 16 35 57
33: 18 48 58
34: 15 40 58
35: 24 32 56
36: 28 43 61
37: 18 46 61
38: 17 29 60
39: 17 49 64
40: 21 34 63
41: 13 44 60
42: 19 45 62
43: 15 36 59
44: 27 41 65
45: 16 42 65
46: 22 37 66
47: 11 23 64
48: 25 33 55
49: 9 39 63
50: 9 52 59
51: 8 30 57
52: 6 50 66
53: 6 20 62
54: 5 55 56
55: 48 54 71
56: 35 54 69
57: 32 51 67
58: 33 34 67
59: 43 50 68
60: 38 41 68
61: 36 37 69
62: 42 53 72
63: 40 49 72
64: 39 47 70
65: 44 45 71
66: 46 52 70
67: 2 57 58
68: 2 59 60
69: 3 56 61
70: 4 64 66
71: 4 55 65
72: 3 62 63

1: 2 3 4
2: 1 71 72
3: 1 70 72
4: 1 68 69
5: 6 7 72
6: 5 66 67
7: 5 65 67
8: 9 10 67
9: 8 63 64
10: 8 62 64
11: 12 13 64
12: 11 60 61
13: 11 59 61
14: 15 16 61
15: 14 57 58
16: 14 56 58
17: 58 68 69
18: 20 22 50
19: 21 23 51
20: 18 25 66
21: 19 24 65
22: 18 29 66
23: 19 28 65
24: 21 36 70
25: 20 37 71
26: 37 39 71
27: 36 38 70
28: 23 35 63
29: 22 34 62
30: 33 35 63
31: 32 34 62
32: 31 45 60
33: 30 44 59
34: 29 31 43
35: 28 30 42
36: 24 27 45
37: 25 26 44
38: 27 41 43
39: 26 40 42
40: 39 49 69
41: 38 48 68
42: 35 39 49
43: 34 38 48
44: 33 37 47
45: 32 36 46
46: 45 52 60
47: 44 53 59
48: 41 43 55
49: 40 42 54
50: 18 53 55
51: 19 52 54
52: 46 51 57
53: 47 50 56
54: 49 51 57
55: 48 50 56
56: 16 53 55
57: 15 52 54
58: 15 16 17
59: 13 33 47
60: 12 32 46
61: 12 13 14
62: 10 29 31
63: 9 28 30
64: 9 10 11
65: 7 21 23
66: 6 20 22
67: 6 7 8
68: 4 17 41
69: 4 17 40
70: 3 24 27
71: 2 25 26
72: 2 3 5

1: 2 3 4
2: 1 67 70
3: 1 68 72
4: 1 69 71
5: 19 22 33
6: 24 25 32
7: 21 23 30
8: 12 26 52
9: 12 20 29
10: 11 27 30
11: 10 28 29
12: 8 9 18
13: 17 20 49
14: 16 27 39
15: 21 31 48
16: 14 17 36
17: 13 16 40
18: 12 19 34
19: 5 18 35
20: 9 13 41
21: 7 15 45
22: 5 23 38
23: 7 22 36
24: 6 28 34
25: 6 26 44
26: 8 25 38
27: 10 14 37
28: 11 24 40
29: 9 11 51
30: 7 10 50
31: 15 35 39
32: 6 41 46
33: 5 37 47
34: 18 24 59
35: 19 31 64
36: 16 23 60
37: 27 33 62
38: 22 26 66
39: 14 31 66
40: 17 28 58
41: 20 32 65
42: 51 54 63
43: 44 53 61
44: 25 43 64
45: 21 46 62
46: 32 45 57
47: 33 48 56
48: 15 47 65
49: 13 50 63
50: 30 49 61
51: 29 42 60
52: 8 57 58
53: 43 55 59
54: 42 55 56
55: 53 54 68
56: 47 54 70
57: 46 52 70
58: 40 52 72
59: 34 53 71
60: 36 51 67
61: 43 50 67
62: 37 45 68
63: 42 49 69
64: 35 44 69
65: 41 48 72
66: 38 39 71
67: 2 60 61
68: 3 55 62
69: 4 63 64
70: 2 56 57
71: 4 59 66
72: 3 58 65

1: 2 3 4
2: 1 71 72
3: 1 70 72
4: 1 68 69
5: 6 7 72
6: 5 66 67
7: 5 65 67
8: 9 10 67
9: 8 63 64
10: 8 62 64
11: 64 68 69
12: 24 45 66
13: 14 15 56
14: 13 42 44
15: 13 43 44
16: 17 18 45
17: 16 41 51
18: 16 40 41
19: 26 50 51
20: 28 29 65
21: 28 37 65
22: 31 39 40
23: 38 39 40
24: 12 25 26
25: 24 33 34
26: 19 24 34
27: 34 46 47
28: 20 21 41
29: 20 30 31
30: 29 32 48
31: 22 29 32
32: 30 31 46
33: 25 48 49
34: 25 26 27
35: 42 49 70
36: 43 47 71
37: 21 43 71
38: 23 42 70
39: 22 23 68
40: 18 22 23
41: 17 18 28
42: 14 35 38
43: 15 36 37
44: 14 15 57
45: 12 16 52
46: 27 32 53
47: 27 36 53
48: 30 33 55
49: 33 35 55
50: 19 54 69
51: 17 19 54
52: 45 58 66
53: 46 47 61
54: 50 51 60
55: 48 49 59
56: 13 58 61
57: 44 59 60
58: 52 56 62
59: 55 57 63
60: 54 57 63
61: 53 56 62
62: 10 58 61
63: 9 59 60
64: 9 10 11
65: 7 20 21
66: 6 12 52
67: 6 7 8
68: 4 11 39
69: 4 11 50
70: 3 35 38
71: 2 36 37
72: 2 3 5

1: 2 3 4
2: 1 69 70
3: 1 4 72
4: 1 3 71
5: 6 7 42
6: 5 7 29
7: 5 6 28
8: 10 12 32
9: 11 13 33
10: 8 12 35
11: 9 13 34
12: 8 10 31
13: 9 11 30
14: 21 41 71
15: 20 40 72
16: 19 23 37
17: 18 22 36
18: 17 22 38
19: 16 23 39
20: 15 25 72
21: 14 24 71
22: 17 18 27
23: 16 19 26
24: 21 27 28
25: 20 26 29
26: 23 25 29
27: 22 24 28
28: 7 24 27
29: 6 25 26
30: 13 41 44
31: 12 40 43
32: 8 37 46
33: 9 36 45
34: 11 39 48
35: 10 38 47
36: 17 33 45
37: 16 32 46
38: 18 35 47
39: 19 34 48
40: 15 31 43
41: 14 30 44
42: 5 49 50
43: 31 40 57
44: 30 41 58
45: 33 36 52
46: 32 37 51
47: 35 38 54
48: 34 39 53
49: 42 50 56
50: 42 49 55
51: 46 58 60
52: 45 57 59
53: 48 56 62
54: 47 55 61
55: 50 54 61
56: 49 53 62
57: 43 52 59
58: 44 51 60
59: 52 57 64
60: 51 58 63
61: 54 55 66
62: 53 56 65
63: 60 66 68
64: 59 65 67
65: 62 64 67
66: 61 63 68
67: 64 65 70
68: 63 66 69
69: 2 68 70
70: 2 67 69
71: 4 14 21
72: 3 15 20

1: 2 3 4
2: 1 67 72
3: 1 68 71
4: 1 69 70
5: 7 37 39
6: 7 36 38
7: 5 6 18
8: 11 19 55
9: 12 20 56
10: 11 12 17
11: 8 10 14
12: 9 10 13
13: 12 16 25
14: 11 15 24
15: 14 35 66
16: 13 34 65
17: 10 26 27
18: 7 30 31
19: 8 30 35
20: 9 31 34
21: 32 33 40
22: 28 33 42
23: 29 32 41
24: 14 26 28
25: 13 27 29
26: 17 24 52
27: 17 25 51
28: 22 24 50
29: 23 25 49
30: 18 19 48
31: 18 20 47
32: 21 23 53
33: 21 22 54
34: 16 20 54
35: 15 19 53
36: 6 50 52
37: 5 49 51
38: 6 46 48
39: 5 45 47
40: 21 43 44
41: 23 44 46
42: 22 43 45
43: 40 42 60
44: 40 41 59
45: 39 42 64
46: 38 41 63
47: 31 39 57
48: 30 38 58
49: 29 37 62
50: 28 36 61
51: 27 37 64
52: 26 36 63
53: 32 35 62
54: 33 34 61
55: 8 58 60
56: 9 57 59
57: 47 56 67
58: 48 55 68
59: 44 56 72
60: 43 55 71
61: 50 54 70
62: 49 53 69
63: 46 52 72
64: 45 51 71
65: 16 68 70
66: 15 67 69
67: 2 57 66
68: 3 58 65
69: 4 62 66
70: 4 61 65
71: 3 60 64
72: 2 59 63

1: 2 3 4
2: 1 71 72
3: 1 70 72
4: 1 68 69
5: 6 7 72
6: 5 66 67
7: 5 65 67
8: 9 10 67
9: 8 62 64
10: 8 63 64
11: 12 13 64
12: 11 60 61
13: 11 59 61
14: 15 16 61
15: 14 57 58
16: 14 56 58
17: 58 68 69
18: 22 35 66
19: 40 62 70
20: 41 62 70
21: 34 59 65
22: 18 26 68
23: 24 25 69
24: 23 32 60
25: 23 33 60
26: 22 30 66
27: 31 59 65
28: 30 33 46
29: 31 32 47
30: 26 28 38
31: 27 29 39
32: 24 29 39
33: 25 28 38
34: 21 36 37
35: 18 36 37
36: 34 35 44
37: 34 35 45
38: 30 33 43
39: 31 32 42
40: 19 42 45
41: 20 43 44
42: 39 40 50
43: 38 41 51
44: 36 41 51
45: 37 40 50
46: 28 48 49
47: 29 48 49
48: 46 47 53
49: 46 47 54
50: 42 45 55
51: 43 44 52
52: 51 56 71
53: 48 56 71
54: 49 57 63
55: 50 57 63
56: 16 52 53
57: 15 54 55
58: 15 16 17
59: 13 21 27
60: 12 24 25
61: 12 13 14
62: 9 19 20
63: 10 54 55
64: 9 10 11
65: 7 21 27
66: 6 18 26
67: 6 7 8
68: 4 17 22
69: 4 17 23
70: 3 19 20
71: 2 52 53
72: 2 3 5

1: 2 3 4
2: 1 71 72
3: 1 67 70
4: 1 68 69
5: 6 7 66
6: 5 53 54
7: 5 52 55
8: 9 10 51
9: 8 44 46
10: 8 43 45
11: 42 56 57
12: 16 49 58
13: 17 50 59
14: 17 19 65
15: 16 18 64
16: 12 15 27
17: 13 14 26
18: 15 22 24
19: 14 23 25
20: 35 48 57
21: 34 47 56
22: 18 31 61
23: 19 30 60
24: 18 35 59
25: 19 34 58
26: 17 33 63
27: 16 32 62
28: 30 32 48
29: 31 33 47
30: 23 28 39
31: 22 29 38
32: 27 28 37
33: 26 29 36
34: 21 25 38
35: 20 24 39
36: 33 41 49
37: 32 40 50
38: 31 34 40
39: 30 35 41
40: 37 38 46
41: 36 39 45
42: 11 43 44
43: 10 42 61
44: 9 42 60
45: 10 41 63
46: 9 40 62
47: 21 29 53
48: 20 28 52
49: 12 36 55
50: 13 37 54
51: 8 52 53
52: 7 48 51
53: 6 47 51
54: 6 50 65
55: 7 49 64
56: 11 21 72
57: 11 20 71
58: 12 25 70
59: 13 24 69
60: 23 44 70
61: 22 43 69
62: 27 46 68
63: 26 45 67
64: 15 55 72
65: 14 54 71
66: 5 67 68
67: 3 63 66
68: 4 62 66
69: 4 59 61
70: 3 58 60
71: 2 57 65
72: 2 56 64

1: 2 3 4 5 6 7 25 26 27 28 29 30 31 32 33 34 35 36 37 38 39 40
2: 1 20 21 22 23 24 33 34 39 40 43 44 45 46 65 66 67 68 69 70 71 72
3: 1 20 21 22 23 24 35 36 37 38 41 42 47 48 65 66 67 68 69 70 71 72
4: 1 6 7 20 21 24 37 38 47 48 53 54 55 56 59 60 61 62 65 66 69 70
5: 1 6 7 20 21 24 39 40 45 46 49 50 51 52 59 60 61 62 65 66 69 70
6: 1 4 5 22 23 24 35 36 41 42 49 50 53 54 57 58 63 64 67 68 71 72
7: 1 4 5 22 23 24 33 34 43 44 51 52 55 56 57 58 63 64 67 68 71 72
8: 9 10 14 15 17 18 25 26 34 35 42 44 49 51 53 55 57 58 59 62 66 70
9: 8 11 12 13 16 19 26 27 33 36 41 43 50 52 54 56 57 59 60 64 69 70
10: 8 11 12 13 16 19 25 28 33 36 41 43 50 52 54 56 58 61 62 63 65 66
11: 9 10 14 15 17 18 27 28 34 35 42 44 49 51 53 55 60 61 63 64 65 69
12: 9 10 14 15 16 19 29 32 34 35 38 40 42 44 46 48 60 61 63 64 71 72
13: 9 10 14 15 16 19 30 31 34 35 38 40 42 44 46 48 57 58 59 62 67 68
14: 8 11 12 13 17 18 31 32 33 36 37 39 41 43 45 47 57 59 60 64 68 72
15: 8 11 12 13 17 18 29 30 33 36 37 39 41 43 45 47 58 61 62 63 67 71
16: 9 10 12 13 17 18 25 26 31 32 37 39 45 47 49 51 53 55 66 68 70 72
17: 8 11 14 15 16 19 26 27 29 32 38 40 46 48 50 52 54 56 69 70 71 72
18: 8 11 14 15 16 19 25 28 30 31 38 40 46 48 50 52 54 56 65 66 67 68
19: 9 10 12 13 17 18 27 28 29 30 37 39 45 47 49 51 53 55 65 67 69 71
20: 2 3 4 5 22 23 25 26 27 28 45 46 47 48 51 52 55 56 57 58 63 64
21: 2 3 4 5 22 23 25 26 27 28 37 38 39 40 49 50 53 54 57 58 63 64
22: 2 3 6 7 20 21 29 30 31 32 41 42 43 44 53 54 55 56 59 60 61 62
23: 2 3 6 7 20 21 29 30 31 32 33 34 35 36 49 50 51 52 59 60 61 62
24: 2 3 4 5 6 7 25 26 27 28 29 30 31 32 41 42 43 44 45 46 47 48
25: 1 8 10 16 18 20 21 24 26 28 30 32 38 47 54 55 57 59 61 63 65 67 70 72
26: 1 8 9 16 17 20 21 24 25 27 29 31 37 48 53 56 58 60 62 64 66 68 69 71
27: 1 9 11 17 19 20 21 24 26 28 30 32 39 46 49 52 57 59 61 63 65 67 70 72
28: 1 10 11 18 19 20 21 24 25 27 29 31 40 45 50 51 58 60 62 64 66 68 69 71
29: 1 12 15 17 19 22 23 24 26 28 30 32 33 39 44 46 58 60 62 64 65 67 70 72
30: 1 13 15 18 19 22 23 24 25 27 29 31 34 40 43 45 57 59 61 63 66 68 69 71
31: 1 13 14 16 18 22 23 24 26 28 30 32 35 38 41 47 58 60 62 64 65 67 70 72
32: 1 12 14 16 17 22 23 24 25 27 29 31 36 37 42 48 57 59 61 63 66 68 69 71
33: 1 2 7 9 10 14 15 23 29 35 36 37 38 43 44 45 46 49 50 55 56 61 64 72
34: 1 2 7 8 11 12 13 23 30 35 36 37 38 43 44 45 46 49 50 55 56 62 63 71
35: 1 3 6 8 11 12 13 23 31 33 34 39 40 41 42 47 48 51 52 53 54 59 64 72
36: 1 3 6 9 10 14 15 23 32 33 34 39 40 41 42 47 48 51 52 53 54 60 63 71
37: 1 3 4 14 15 16 19 21 26 32 33 34 39 40 41 42 47 48 49 50 55 56 69 71
38: 1 3 4 12 13 17 18 21 25 31 33 34 39 40 41 42 47 48 49 50 55 56 70 72
39: 1 2 5 14 15 16 19 21 27 29 35 36 37 38 43 44 45 46 51 52 53 54 70 72
40: 1 2 5 12 13 17 18 21 28 30 35 36 37 38 43 44 45 46 51 52 53 54 69 71
41: 3 6 9 10 14 15 22 24 31 35 36 37 38 43 44 45 46 49 50 55 56 58 59 67
42: 3 6 8 11 12 13 22 24 32 35 36 37 38 43 44 45 46 49 50 55 56 57 60 68
43: 2 7 9 10 14 15 22 24 30 33 34 39 40 41 42 47 48 51 52 53 54 57 62 68
44: 2 7 8 11 12 13 22 24 29 33 34 39 40 41 42 47 48 51 52 53 54 58 61 67
45: 2 5 14 15 16 19 20 24 28 30 33 34 39 40 41 42 47 48 49 50 55 56 66 68
46: 2 5 12 13 17 18 20 24 27 29 33 34 39 40 41 42 47 48 49 50 55 56 65 67
47: 3 4 14 15 16 19 20 24 25 31 35 36 37 38 43 44 45 46 51 52 53 54 65 67
48: 3 4 12 13 17 18 20 24 26 32 35 36 37 38 43 44 45 46 51 52 53 54 66 68
49: 5 6 8 11 16 19 21 23 27 33 34 37 38 41 42 45 46 51 52 53 54 59 64 70
50: 5 6 9 10 17 18 21 23 28 33 34 37 38 41 42 45 46 51 52 53 54 60 63 69
51: 5 7 8 11 16 19 20 23 28 35 36 39 40 43 44 47 48 49 50 55 56 62 63 66
52: 5 7 9 10 17 18 20 23 27 35 36 39 40 43 44 47 48 49 50 55 56 61 64 65
53: 4 6 8 11 16 19 21 22 26 35 36 39 40 43 44 47 48 49 50 55 56 57 60 69
54: 4 6 9 10 17 18 21 22 25 35 36 39 40 43 44 47 48 49 50 55 56 58 59 70
55: 4 7 8 11 16 19 20 22 25 33 34 37 38 41 42 45 46 51 52 53 54 58 61 65
56: 4 7 9 10 17 18 20 22 26 33 34 37 38 41 42 45 46 51 52 53 54 57 62 66
57: 6 7 8 9 13 14 20 21 25 27 30 32 42 43 53 56 58 60 62 64 66 67 69 72
58: 6 7 8 10 13 15 20 21 26 28 29 31 41 44 54 55 57 59 61 63 65 68 70 71
59: 4 5 8 9 13 14 22 23 25 27 30 32 35 41 49 54 58 60 62 64 66 67 69 72
60: 4 5 9 11 12 14 22 23 26 28 29 31 36 42 50 53 57 59 61 63 65 68 70 71
61: 4 5 10 11 12 15 22 23 25 27 30 32 33 44 52 55 58 60 62 64 66 67 69 72
62: 4 5 8 10 13 15 22 23 26 28 29 31 34 43 51 56 57 59 61 63 65 68 70 71
63: 6 7 10 11 12 15 20 21 25 27 30 32 34 36 50 51 58 60 62 64 66 67 69 72
64: 6 7 9 11 12 14 20 21 26 28 29 31 33 35 49 52 57 59 61 63 65 68 70 71
65: 2 3 4 5 10 11 18 19 25 27 29 31 46 47 52 55 58 60 62 64 66 68 69 71
66: 2 3 4 5 8 10 16 18 26 28 30 32 45 48 51 56 57 59 61 63 65 67 70 72
67: 2 3 6 7 13 15 18 19 25 27 29 31 41 44 46 47 57 59 61 63 66 68 69 71
68: 2 3 6 7 13 14 16 18 26 28 30 32 42 43 45 48 58 60 62 64 65 67 70 72
69: 2 3 4 5 9 11 17 19 26 28 30 32 37 40 50 53 57 59 61 63 65 67 70 72
70: 2 3 4 5 8 9 16 17 25 27 29 31 38 39 49 54 58 60 62 64 66 68 69 71
71: 2 3 6 7 12 15 17 19 26 28 30 32 34 36 37 40 58 60 62 64 65 67 70 72
72: 2 3 6 7 12 14 16 17 25 27 29 31 33 35 38 39 57 59 61 63 66 68 69 71

1: 2 3 4 5 6 7
2: 1 58 60 70 71 72
3: 1 59 61 70 71 72
4: 1 54 56 70 71 72
5: 1 55 57 70 71 72
6: 1 7 62 63 68 69
7: 1 6 64 65 66 67
8: 10 14 15 16 17 70
9: 11 14 15 16 17 71
10: 8 18 19 20 21 70
11: 9 18 19 20 21 71
12: 13 62 63 68 69 72
13: 12 64 65 66 67 72
14: 8 9 22 23 30 62
15: 8 9 22 23 37 63
16: 8 9 22 23 31 64
17: 8 9 22 23 32 65
18: 10 11 24 25 33 66
19: 10 11 24 25 34 67
20: 10 11 24 25 35 68
21: 10 11 24 25 36 69
22: 14 15 16 17 40 42
23: 14 15 16 17 41 43
24: 18 19 20 21 38 44
25: 18 19 20 21 39 45
26: 48 50 62 63 68 69
27: 49 51 62 63 68 69
28: 46 52 64 65 66 67
29: 47 53 64 65 66 67
30: 14 38 39 46 47 62
31: 16 44 45 48 49 64
32: 17 44 45 48 49 65
33: 18 42 43 50 51 66
34: 19 42 43 50 51 67
35: 20 40 41 52 53 68
36: 21 40 41 52 53 69
37: 15 38 39 46 47 63
38: 24 30 37 44 60 61
39: 25 30 37 45 60 61
40: 22 35 36 42 54 55
41: 23 35 36 43 54 55
42: 22 33 34 40 58 59
43: 23 33 34 41 58 59
44: 24 31 32 38 56 57
45: 25 31 32 39 56 57
46: 28 30 37 52 60 61
47: 29 30 37 53 60 61
48: 26 31 32 50 56 57
49: 27 31 32 51 56 57
50: 26 33 34 48 58 59
51: 27 33 34 49 58 59
52: 28 35 36 46 54 55
53: 29 35 36 47 54 55
54: 4 40 41 52 53 56
55: 5 40 41 52 53 57
56: 4 44 45 48 49 54
57: 5 44 45 48 49 55
58: 2 42 43 50 51 60
59: 3 42 43 50 51 61
60: 2 38 39 46 47 58
61: 3 38 39 46 47 59
62: 6 12 14 26 27 30
63: 6 12 15 26 27 37
64: 7 13 16 28 29 31
65: 7 13 17 28 29 32
66: 7 13 18 28 29 33
67: 7 13 19 28 29 34
68: 6 12 20 26 27 35
69: 6 12 21 26 27 36
70: 2 3 4 5 8 10
71: 2 3 4 5 9 11
72: 2 3 4 5 12 13

