1: 2 3 4
2: 1 89 90
3: 1 91 94
4: 1 92 93
5: 6 12 24
6: 5 7 8
7: 6 10 33
8: 6 30 31
9: 10 25 26
10: 7 9 14
11: 13 15 16
12: 5 13 14
13: 11 12 23
14: 10 12 22
15: 11 20 21
16: 11 19 22
17: 21 23 32
18: 19 20 27
19: 16 18 55
20: 15 18 53
21: 15 17 52
22: 14 16 54
23: 13 17 51
24: 5 41 51
25: 9 38 54
26: 9 44 45
27: 18 43 46
28: 46 55 77
29: 52 53 78
30: 8 41 42
31: 8 40 50
32: 17 47 49
33: 7 40 45
34: 48 49 79
35: 42 43 50
36: 39 47 48
37: 38 39 44
38: 25 37 59
39: 36 37 64
40: 31 33 63
41: 24 30 60
42: 30 35 61
43: 27 35 70
44: 26 37 67
45: 26 33 62
46: 27 28 68
47: 32 36 66
48: 34 36 67
49: 32 34 69
50: 31 35 68
51: 23 24 69
52: 21 29 66
53: 20 29 70
54: 22 25 65
55: 19 28 65
56: 60 61 88
57: 59 64 86
58: 62 63 87
59: 38 57 71
60: 41 56 75
61: 42 56 76
62: 45 58 73
63: 40 58 74
64: 39 57 72
65: 54 55 71
66: 47 52 72
67: 44 48 73
68: 46 50 74
69: 49 51 75
70: 43 53 76
71: 59 65 80
72: 64 66 82
73: 62 67 83
74: 63 68 81
75: 60 69 85
76: 61 70 84
77: 28 80 81
78: 29 82 84
79: 34 83 85
80: 71 77 89
81: 74 77 90
82: 72 78 93
83: 73 79 94
84: 76 78 92
85: 75 79 91
86: 57 89 93
87: 58 90 94
88: 56 91 92
89: 2 80 86
90: 2 81 87
91: 3 85 88
92: 4 84 88
93: 4 82 86
94: 3 83 87

1: 2 3 4
2: 1 89 90
3: 1 91 94
4: 1 92 93
5: 8 12 15
6: 9 10 11
7: 8 9 13
8: 5 7 26
9: 6 7 30
10: 6 22 27
11: 6 23 28
12: 5 18 25
13: 7 23 24
14: 21 22 33
15: 5 19 24
16: 20 21 32
17: 18 19 20
18: 12 17 53
19: 15 17 55
20: 16 17 54
21: 14 16 50
22: 10 14 49
23: 11 13 52
24: 13 15 51
25: 12 38 39
26: 8 39 45
27: 10 46 48
28: 11 44 46
29: 42 43 77
30: 9 45 49
31: 50 54 79
32: 16 47 55
33: 14 47 48
34: 51 52 78
35: 38 40 53
36: 40 41 42
37: 41 43 44
38: 25 35 65
39: 25 26 59
40: 35 36 64
41: 36 37 63
42: 29 36 65
43: 29 37 66
44: 28 37 69
45: 26 30 62
46: 27 28 66
47: 32 33 60
48: 27 33 61
49: 22 30 68
50: 21 31 68
51: 24 34 67
52: 23 34 69
53: 18 35 70
54: 20 31 70
55: 19 32 67
56: 59 62 86
57: 63 64 88
58: 60 61 87
59: 39 56 71
60: 47 58 76
61: 48 58 75
62: 45 56 72
63: 41 57 74
64: 40 57 73
65: 38 42 71
66: 43 46 75
67: 51 55 76
68: 49 50 72
69: 44 52 74
70: 53 54 73
71: 59 65 80
72: 62 68 83
73: 64 70 85
74: 63 69 84
75: 61 66 81
76: 60 67 82
77: 29 80 81
78: 34 82 84
79: 31 83 85
80: 71 77 89
81: 75 77 90
82: 76 78 93
83: 72 79 94
84: 74 78 92
85: 73 79 91
86: 56 89 94
87: 58 90 93
88: 57 91 92
89: 2 80 86
90: 2 81 87
91: 3 85 88
92: 4 84 88
93: 4 82 87
94: 3 83 86

