1: 2 3 4
2: 1 75 76
3: 1 4 78
4: 1 3 77
5: 6 7 48
6: 5 7 35
7: 5 6 34
8: 9 17 18
9: 8 11 18
10: 11 37 77
11: 9 10 77
12: 13 17 41
13: 12 17 42
14: 15 16 40
15: 14 16 38
16: 14 15 39
17: 8 12 13
18: 8 9 20
19: 26 36 78
20: 18 21 27
21: 20 27 44
22: 23 28 47
23: 22 28 43
24: 25 29 45
25: 24 29 46
26: 19 30 78
27: 20 21 31
28: 22 23 33
29: 24 25 32
30: 26 31 34
31: 27 30 34
32: 29 33 35
33: 28 32 35
34: 7 30 31
35: 6 32 33
36: 19 43 49
37: 10 45 50
38: 15 47 52
39: 16 44 54
40: 14 42 53
41: 12 46 51
42: 13 40 53
43: 23 36 49
44: 21 39 54
45: 24 37 50
46: 25 41 51
47: 22 38 52
48: 5 55 56
49: 36 43 57
50: 37 45 59
51: 41 46 61
52: 38 47 60
53: 40 42 58
54: 39 44 63
55: 48 56 64
56: 48 55 62
57: 49 58 65
58: 53 57 65
59: 50 60 66
60: 52 59 66
61: 51 62 68
62: 56 61 68
63: 54 64 67
64: 55 63 67
65: 57 58 69
66: 59 60 71
67: 63 64 72
68: 61 62 70
69: 65 70 73
70: 68 69 73
71: 66 72 74
72: 67 71 74
73: 69 70 76
74: 71 72 75
75: 2 74 76
76: 2 73 75
77: 4 10 11
78: 3 19 26

1: 2 3 4
2: 1 73 77
3: 1 75 76
4: 1 74 78
5: 22 28 31
6: 24 30 32
7: 23 29 33
8: 26 34 63
9: 25 36 61
10: 27 35 62
11: 22 25 37
12: 23 26 39
13: 24 27 38
14: 20 29 31
15: 20 30 33
16: 20 28 32
17: 21 34 39
18: 21 36 37
19: 21 35 38
20: 14 15 16
21: 17 18 19
22: 5 11 54
23: 7 12 52
24: 6 13 53
25: 9 11 49
26: 8 12 50
27: 10 13 51
28: 5 16 45
29: 7 14 43
30: 6 15 44
31: 5 14 49
32: 6 16 51
33: 7 15 50
34: 8 17 46
35: 10 19 47
36: 9 18 48
37: 11 18 46
38: 13 19 48
39: 12 17 47
40: 43 52 70
41: 44 53 72
42: 45 54 71
43: 29 40 55
44: 30 41 57
45: 28 42 56
46: 34 37 60
47: 35 39 58
48: 36 38 59
49: 25 31 55
50: 26 33 57
51: 27 32 56
52: 23 40 58
53: 24 41 59
54: 22 42 60
55: 43 49 64
56: 45 51 66
57: 44 50 65
58: 47 52 67
59: 48 53 69
60: 46 54 68
61: 9 64 69
62: 10 66 67
63: 8 65 68
64: 55 61 73
65: 57 63 74
66: 56 62 75
67: 58 62 76
68: 60 63 78
69: 59 61 77
70: 40 73 76
71: 42 75 78
72: 41 74 77
73: 2 64 70
74: 4 65 72
75: 3 66 71
76: 3 67 70
77: 2 69 72
78: 4 68 71

1: 2 3 4
2: 1 74 77
3: 1 73 78
4: 1 75 76
5: 6 10 22
6: 5 9 21
7: 11 19 31
8: 12 20 32
9: 6 16 41
10: 5 15 42
11: 7 12 16
12: 8 11 15
13: 18 20 24
14: 17 19 23
15: 10 12 30
16: 9 11 29
17: 14 30 54
18: 13 29 53
19: 7 14 28
20: 8 13 27
21: 6 24 28
22: 5 23 27
23: 14 22 26
24: 13 21 25
25: 24 40 43
26: 23 39 44
27: 20 22 36
28: 19 21 35
29: 16 18 38
30: 15 17 37
31: 7 36 40
32: 8 35 39
33: 49 57 60
34: 50 58 59
35: 28 32 48
36: 27 31 47
37: 30 52 56
38: 29 51 55
39: 26 32 52
40: 25 31 51
41: 9 46 47
42: 10 45 48
43: 25 46 49
44: 26 45 50
45: 42 44 72
46: 41 43 71
47: 36 41 66
48: 35 42 65
49: 33 43 70
50: 34 44 69
51: 38 40 68
52: 37 39 67
53: 18 66 70
54: 17 65 69
55: 38 64 71
56: 37 63 72
57: 33 62 68
58: 34 61 67
59: 34 62 64
60: 33 61 63
61: 58 60 78
62: 57 59 77
63: 56 60 76
64: 55 59 75
65: 48 54 74
66: 47 53 73
67: 52 58 74
68: 51 57 73
69: 50 54 76
70: 49 53 75
71: 46 55 78
72: 45 56 77
73: 3 66 68
74: 2 65 67
75: 4 64 70
76: 4 63 69
77: 2 62 72
78: 3 61 71

1: 2 3 4
2: 1 77 78
3: 1 74 76
4: 1 73 75
5: 41 42 63
6: 14 16 22
7: 15 17 23
8: 14 19 25
9: 15 18 24
10: 13 17 19
11: 12 16 18
12: 11 35 40
13: 10 34 39
14: 6 8 33
15: 7 9 32
16: 6 11 27
17: 7 10 26
18: 9 11 31
19: 8 10 30
20: 31 32 62
21: 30 33 61
22: 6 29 35
23: 7 28 34
24: 9 27 28
25: 8 26 29
26: 17 25 54
27: 16 24 53
28: 23 24 52
29: 22 25 51
30: 19 21 50
31: 18 20 49
32: 15 20 54
33: 14 21 53
34: 13 23 48
35: 12 22 47
36: 48 52 72
37: 47 51 71
38: 45 46 70
39: 13 44 50
40: 12 43 49
41: 5 44 46
42: 5 43 45
43: 40 42 60
44: 39 41 59
45: 38 42 58
46: 38 41 57
47: 35 37 60
48: 34 36 59
49: 31 40 58
50: 30 39 57
51: 29 37 56
52: 28 36 55
53: 27 33 55
54: 26 32 56
55: 52 53 67
56: 51 54 66
57: 46 50 69
58: 45 49 68
59: 44 48 65
60: 43 47 64
61: 21 67 69
62: 20 66 68
63: 5 64 65
64: 60 63 78
65: 59 63 77
66: 56 62 74
67: 55 61 73
68: 58 62 76
69: 57 61 75
70: 38 75 76
71: 37 74 78
72: 36 73 77
73: 4 67 72
74: 3 66 71
75: 4 69 70
76: 3 68 70
77: 2 65 72
78: 2 64 71

1: 2 3 4
2: 1 77 78
3: 1 73 75
4: 1 74 76
5: 58 71 72
6: 9 10 22
7: 11 12 27
8: 13 14 16
9: 6 12 14
10: 6 11 13
11: 7 10 18
12: 7 9 17
13: 8 10 20
14: 8 9 19
15: 19 20 34
16: 8 17 18
17: 12 16 24
18: 11 16 23
19: 14 15 26
20: 13 15 25
21: 23 24 39
22: 6 25 26
23: 18 21 30
24: 17 21 29
25: 20 22 32
26: 19 22 31
27: 7 29 30
28: 31 32 46
29: 24 27 38
30: 23 27 37
31: 26 28 36
32: 25 28 35
33: 37 38 52
34: 15 35 36
35: 32 34 42
36: 31 34 41
37: 30 33 44
38: 29 33 43
39: 21 43 44
40: 41 42 57
41: 36 40 48
42: 35 40 47
43: 38 39 50
44: 37 39 49
45: 49 50 64
46: 28 47 48
47: 42 46 54
48: 41 46 53
49: 44 45 56
50: 43 45 55
51: 53 54 70
52: 33 55 56
53: 48 51 62
54: 47 51 61
55: 50 52 60
56: 49 52 59
57: 40 61 62
58: 5 59 60
59: 56 58 66
60: 55 58 65
61: 54 57 68
62: 53 57 67
63: 67 68 69
64: 45 65 66
65: 60 64 78
66: 59 64 77
67: 62 63 76
68: 61 63 75
69: 63 73 74
70: 51 75 76
71: 5 73 78
72: 5 74 77
73: 3 69 71
74: 4 69 72
75: 3 68 70
76: 4 67 70
77: 2 66 72
78: 2 65 71

1: 2 3 4
2: 1 73 74
3: 1 76 78
4: 1 75 77
5: 6 7 32
6: 5 12 20
7: 5 14 16
8: 9 10 30
9: 8 13 17
10: 8 14 15
11: 12 13 18
12: 6 11 31
13: 9 11 27
14: 7 10 28
15: 10 21 22
16: 7 22 23
17: 9 25 28
18: 11 25 26
19: 24 26 53
20: 6 23 27
21: 15 38 44
22: 15 16 35
23: 16 20 36
24: 19 41 61
25: 17 18 41
26: 18 19 40
27: 13 20 39
28: 14 17 37
29: 35 36 62
30: 8 38 39
31: 12 34 40
32: 5 34 37
33: 45 54 70
34: 31 32 50
35: 22 29 47
36: 23 29 51
37: 28 32 52
38: 21 30 48
39: 27 30 51
40: 26 31 49
41: 24 25 52
42: 46 48 72
43: 49 50 71
44: 21 46 47
45: 33 55 63
46: 42 44 57
47: 35 44 56
48: 38 42 60
49: 40 43 58
50: 34 43 59
51: 36 39 60
52: 37 41 59
53: 19 55 58
54: 33 56 57
55: 45 53 66
56: 47 54 69
57: 46 54 64
58: 49 53 65
59: 50 52 67
60: 48 51 68
61: 24 66 67
62: 29 68 69
63: 45 64 65
64: 57 63 76
65: 58 63 78
66: 55 61 73
67: 59 61 74
68: 60 62 75
69: 56 62 77
70: 33 73 77
71: 43 74 78
72: 42 75 76
73: 2 66 70
74: 2 67 71
75: 4 68 72
76: 3 64 72
77: 4 69 70
78: 3 65 71

1: 2 3 4
2: 1 75 78
3: 1 73 77
4: 1 74 76
5: 7 8 71
6: 7 68 70
7: 5 6 62
8: 5 9 10
9: 8 65 68
10: 8 63 64
11: 54 66 67
12: 14 66 69
13: 14 15 67
14: 12 13 58
15: 13 56 57
16: 17 18 51
17: 16 46 48
18: 16 45 47
19: 22 52 55
20: 22 37 53
21: 24 52 53
22: 19 20 23
23: 22 24 25
24: 21 23 41
25: 23 39 40
26: 30 42 44
27: 28 29 42
28: 27 32 33
29: 27 31 34
30: 26 31 32
31: 29 30 43
32: 28 30 35
33: 28 36 38
34: 29 35 36
35: 32 34 39
36: 33 34 40
37: 20 40 41
38: 33 39 41
39: 25 35 38
40: 25 36 37
41: 24 37 38
42: 26 27 47
43: 31 47 48
44: 26 45 48
45: 18 44 50
46: 17 49 50
47: 18 42 43
48: 17 43 44
49: 46 60 61
50: 45 46 59
51: 16 59 60
52: 19 21 57
53: 20 21 56
54: 11 57 58
55: 19 56 58
56: 15 53 55
57: 15 52 54
58: 14 54 55
59: 50 51 64
60: 49 51 63
61: 49 64 65
62: 7 63 65
63: 10 60 62
64: 10 59 61
65: 9 61 62
66: 11 12 75
67: 11 13 78
68: 6 9 77
69: 12 74 78
70: 6 73 76
71: 5 76 77
72: 73 74 75
73: 3 70 72
74: 4 69 72
75: 2 66 72
76: 4 70 71
77: 3 68 71
78: 2 67 69

1: 2 3 4
2: 1 73 74
3: 1 76 78
4: 1 75 77
5: 8 22 23
6: 8 9 19
7: 38 40 62
8: 5 6 12
9: 6 11 13
10: 16 18 24
11: 9 15 16
12: 8 14 17
13: 9 17 18
14: 12 31 42
15: 11 32 41
16: 10 11 35
17: 12 13 33
18: 10 13 34
19: 6 30 32
20: 29 35 63
21: 33 34 61
22: 5 28 30
23: 5 26 31
24: 10 27 29
25: 26 27 28
26: 23 25 52
27: 24 25 53
28: 22 25 54
29: 20 24 54
30: 19 22 47
31: 14 23 48
32: 15 19 51
33: 17 21 49
34: 18 21 53
35: 16 20 50
36: 48 52 70
37: 47 51 72
38: 7 43 46
39: 44 46 71
40: 7 44 45
41: 15 45 50
42: 14 43 49
43: 38 42 58
44: 39 40 60
45: 40 41 57
46: 38 39 59
47: 30 37 56
48: 31 36 58
49: 33 42 59
50: 35 41 60
51: 32 37 57
52: 26 36 55
53: 27 34 55
54: 28 29 56
55: 52 53 64
56: 47 54 66
57: 45 51 67
58: 43 48 69
59: 46 49 65
60: 44 50 68
61: 21 64 65
62: 7 67 69
63: 20 66 68
64: 55 61 73
65: 59 61 74
66: 56 63 76
67: 57 62 75
68: 60 63 78
69: 58 62 77
70: 36 73 77
71: 39 74 78
72: 37 75 76
73: 2 64 70
74: 2 65 71
75: 4 67 72
76: 3 66 72
77: 4 69 70
78: 3 68 71

