1: 2 3 4 5 6 7 8 9
2: 1 10 20 25 27 31 32 34
3: 1 15 23 24 26 30 32 35
4: 1 13 21 26 29 30 33 35
5: 1 11 18 24 27 30 32 34
6: 1 12 22 25 28 31 33 34
7: 1 14 19 28 29 31 33 35
8: 1 17 18 21 22 30 33 34
9: 1 16 19 20 23 31 32 35
10: 2 11 12 16 18 19 24 30
11: 5 10 15 17 22 23 26 35
12: 6 10 14 17 20 21 27 32
13: 4 14 15 17 18 19 28 31
14: 7 12 13 16 22 23 25 34
15: 3 11 13 16 20 21 29 33
16: 9 10 14 15 17 26 27 28
17: 8 11 12 13 16 24 25 29
18: 5 8 10 13 25 26 29 35
19: 7 9 10 13 25 26 27 34
20: 2 9 12 15 24 26 28 30
21: 4 8 12 15 24 25 28 31
22: 6 8 11 14 24 27 29 32
23: 3 9 11 14 27 28 29 33
24: 3 5 10 17 20 21 22 33
25: 2 6 14 17 18 19 21 30
26: 3 4 11 16 18 19 20 31
27: 2 5 12 16 19 22 23 35
28: 6 7 13 16 20 21 23 32
29: 4 7 15 17 18 22 23 34
30: 3 4 5 8 10 20 25 31
31: 2 6 7 9 13 21 26 30
32: 2 3 5 9 12 22 28 33
33: 4 6 7 8 15 23 24 32
34: 2 5 6 8 14 19 29 35
35: 3 4 7 9 11 18 27 34

1: 26 31 35
2: 24 28 31
3: 25 27 34
4: 15 24 29
5: 16 18 33
6: 18 19 32
7: 14 20 28
8: 20 21 29
9: 16 17 27
10: 21 24 28
11: 17 22 30
12: 23 25 30
13: 22 25 27
14: 7 31 33 35
15: 4 29 31 32
16: 5 9 34 35
17: 9 11 27 35
18: 5 6 33 34
19: 6 29 32 33
20: 7 8 28 33
21: 8 10 28 29
22: 11 13 27 30
23: 12 30 32 34
24: 2 4 10 31
25: 3 12 13 34
26: 1 30 32 35
27: 3 9 13 17 22
28: 2 7 10 20 21
29: 4 8 15 19 21
30: 11 12 22 23 26
31: 1 2 14 15 24
32: 6 15 19 23 26
33: 5 14 18 19 20
34: 3 16 18 23 25
35: 1 14 16 17 26

1: 21 33 35
2: 33 34 35
3: 19 33 35
4: 18 29 35
5: 20 28 33
6: 20 21 29
7: 20 22 28
8: 26 32 34
9: 25 32 34
10: 23 30 32
11: 24 31 34
12: 24 27 31
13: 23 27 30
14: 24 26 30
15: 23 25 31
16: 18 22 29
17: 18 19 28
18: 4 16 17 35
19: 3 17 28 35
20: 5 6 7 33
21: 1 6 29 33
22: 7 16 28 29
23: 10 13 15 32
24: 11 12 14 34
25: 9 15 31 32
26: 8 14 30 34
27: 12 13 30 31
28: 5 7 17 19 22
29: 4 6 16 21 22
30: 10 13 14 26 27
31: 11 12 15 25 27
32: 8 9 10 23 25 35
33: 1 2 3 5 20 21
34: 2 8 9 11 24 26 35
35: 1 2 3 4 18 19 32 34

1: 2 3 4 11 16 17 21 22 26 27 31
2: 1 8 9 15 16 19 23 25 28 29 32
3: 1 6 7 14 17 18 24 25 29 30 33
4: 1 6 9 14 18 20 24 25 26 28 34
5: 8 9 10 15 16 17 23 25 26 27 31
6: 3 4 10 12 19 20 21 23 27 30 35
7: 3 8 10 12 18 20 21 23 26 28 34
8: 2 5 7 13 19 20 22 24 27 30 35
9: 2 4 5 11 17 18 21 22 29 30 33
10: 5 6 7 13 16 19 22 24 28 29 32
11: 1 9 19 20 23 24 25 27 28 30 35
12: 6 7 16 17 22 24 25 26 27 29 31
13: 8 10 17 18 21 23 25 26 29 30 33
14: 3 4 16 19 21 22 23 27 28 29 32
15: 2 5 18 20 21 22 24 26 28 30 34
16: 1 2 5 10 12 14 18 20 30 33 35
17: 1 3 5 9 12 13 19 20 28 32 34
18: 3 4 7 9 13 15 16 19 27 31 35
19: 2 6 8 10 11 14 17 18 26 31 34
20: 4 6 7 8 11 15 16 17 29 32 33
21: 1 6 7 9 13 14 15 24 25 31 35
22: 1 8 9 10 12 14 15 23 25 33 35
23: 2 5 6 7 11 13 14 22 24 31 34
24: 3 4 8 10 11 12 15 21 23 32 33
25: 2 3 4 5 11 12 13 21 22 32 34
26: 1 4 5 7 12 13 15 19 32 33 35
27: 1 5 6 8 11 12 14 18 32 33 34
28: 2 4 7 10 11 14 15 17 31 33 35
29: 2 3 9 10 12 13 14 20 31 34 35
30: 3 6 8 9 11 13 15 16 31 32 34
31: 1 5 12 18 19 21 23 28 29 30 32 33
32: 2 10 14 17 20 24 25 26 27 30 31 35
33: 3 9 13 16 20 22 24 26 27 28 31 34
34: 4 7 15 17 19 23 25 27 29 30 33 35
35: 6 8 11 16 18 21 22 26 28 29 32 34

