1: 2 3 4 5 6 7 8 9 10 11 12 13 14 15 16 17 18 19 20 21 22 23 24 25 26 27 28 29 30 31 32 33 34 35 36 37
2: 1 3 4 5 6 7 8 9 10 11 12 13 14 15 16 38 39 40 41 42 43 44 45 46 47 48 49 50 51 52 53 54 55 56 57 58
3: 1 2 4 5 6 7 17 18 19 20 21 22 23 24 25 38 39 40 41 42 43 44 45 46 59 60 61 62 63 64 65 66 67 68 69 70
4: 1 2 3 11 13 16 21 22 25 29 31 32 33 36 37 41 44 46 49 52 53 54 57 58 59 60 63 65 67 68 77 79 81 82 97 98
5: 1 2 3 11 14 15 21 23 24 28 30 32 33 34 35 41 43 45 50 51 53 54 55 56 59 60 64 66 69 70 78 80 83 84 99 100
6: 1 2 3 12 13 15 20 22 24 26 27 30 31 35 37 42 44 45 47 48 51 52 56 57 61 62 63 66 67 70 85 86 89 92 93 94
7: 1 2 3 12 14 16 20 23 25 26 27 28 29 34 36 42 43 46 47 48 49 50 55 58 61 62 64 65 68 69 87 88 90 91 95 96
8: 1 2 11 12 13 14 17 18 19 24 25 29 30 35 36 38 39 40 45 46 49 51 56 58 71 72 73 74 77 80 81 84 85 87 89 91
9: 1 2 11 12 15 16 17 18 19 22 23 28 31 34 37 38 39 40 43 44 50 52 55 57 71 72 75 76 78 79 82 83 86 88 90 92
10: 1 2 13 14 15 16 17 18 19 20 21 26 27 32 33 38 39 40 41 42 47 48 53 54 73 74 75 76 93 94 95 96 97 98 99 100
11: 1 2 4 5 8 9 17 20 21 26 27 28 29 30 31 38 41 42 47 48 49 50 51 52 59 60 71 72 77 78 79 80 81 82 83 84
12: 1 2 6 7 8 9 17 20 21 32 33 34 35 36 37 38 41 42 53 54 55 56 57 58 61 62 71 72 85 86 87 88 89 90 91 92
13: 1 2 4 6 8 10 18 22 23 26 28 29 32 34 35 39 43 44 47 49 50 53 55 56 63 67 73 74 77 81 85 89 93 94 97 98
14: 1 2 5 7 8 10 18 22 23 27 30 31 33 36 37 39 43 44 48 51 52 54 57 58 64 69 73 74 80 84 87 91 95 96 99 100
15: 1 2 5 6 9 10 19 24 25 26 28 29 33 36 37 40 45 46 47 49 50 54 57 58 66 70 75 76 78 83 86 92 93 94 99 100
16: 1 2 4 7 9 10 19 24 25 27 30 31 32 34 35 40 45 46 48 51 52 53 55 56 65 68 75 76 79 82 88 90 95 96 97 98
17: 1 3 8 9 10 11 12 22 23 24 25 26 27 32 33 38 39 40 41 42 59 60 61 62 73 74 75 76 81 82 83 84 89 90 91 92
18: 1 3 8 9 10 13 14 20 21 24 25 28 31 34 37 38 39 40 43 44 63 64 67 69 71 72 75 76 77 80 85 87 93 96 97 100
19: 1 3 8 9 10 15 16 20 21 22 23 29 30 35 36 38 39 40 45 46 65 66 68 70 71 72 73 74 78 79 86 88 94 95 98 99
20: 1 3 6 7 10 11 12 18 19 28 29 30 31 32 33 38 41 42 47 48 59 60 63 64 65 66 71 72 85 86 87 88 93 94 95 96
21: 1 3 4 5 10 11 12 18 19 26 27 34 35 36 37 38 41 42 53 54 61 62 67 68 69 70 71 72 77 78 79 80 97 98 99 100
22: 1 3 4 6 9 13 14 17 19 27 28 30 33 34 36 39 43 44 52 57 59 62 64 66 68 69 73 74 79 81 82 86 89 92 94 98
23: 1 3 5 7 9 13 14 17 19 26 29 31 32 35 37 39 43 44 50 55 60 61 63 65 67 70 73 74 78 83 84 88 90 91 95 99
24: 1 3 5 6 8 15 16 17 18 27 29 31 32 34 36 40 45 46 51 56 60 62 63 65 68 69 75 76 80 83 84 85 89 92 93 100
25: 1 3 4 7 8 15 16 17 18 26 28 30 33 35 37 40 45 46 49 58 59 61 64 66 67 70 75 76 77 81 82 87 90 91 96 97
26: 1 6 7 10 11 13 15 17 21 23 25 30 31 34 36 42 47 48 49 50 61 62 67 70 74 75 77 78 81 83 89 92 95 96 97 99
27: 1 6 7 10 11 14 16 17 21 22 24 28 29 35 37 42 47 48 51 52 61 62 68 69 73 76 79 80 82 84 90 91 93 94 98 100
28: 1 5 7 9 11 13 15 18 20 22 25 27 32 35 36 43 47 49 50 55 59 64 66 69 72 76 77 80 81 82 86 88 90 93 94 100
29: 1 4 7 8 11 13 15 19 20 23 24 27 33 34 37 46 47 49 50 58 60 63 65 68 71 73 78 79 83 84 85 87 91 93 94 98
30: 1 5 6 8 11 14 16 19 20 22 25 26 32 34 37 45 48 51 52 56 59 64 66 70 71 74 78 79 81 82 85 87 89 95 96 99
31: 1 4 6 9 11 14 16 18 20 23 24 26 33 35 36 44 48 51 52 57 60 63 65 67 72 75 77 80 83 84 86 88 92 95 96 97
32: 1 4 5 10 12 13 16 17 20 23 24 28 30 36 37 41 53 54 55 56 59 60 63 65 74 76 81 82 85 88 89 90 93 95 99 100
33: 1 4 5 10 12 14 15 17 20 22 25 29 31 34 35 41 53 54 57 58 59 60 64 66 73 75 83 84 86 87 91 92 94 96 97 98
34: 1 5 7 9 12 13 16 18 21 22 24 26 29 30 33 43 50 53 55 56 62 64 68 69 71 75 78 79 83 85 87 89 92 96 97 98
35: 1 5 6 8 12 13 16 19 21 23 25 27 28 31 33 45 51 53 55 56 61 66 67 70 72 73 77 80 84 86 88 90 91 94 97 98
36: 1 4 7 8 12 14 15 19 21 22 24 26 28 31 32 46 49 54 57 58 62 65 68 69 72 74 77 80 81 86 88 89 92 95 99 100
37: 1 4 6 9 12 14 15 18 21 23 25 27 29 30 32 44 52 54 57 58 61 63 67 70 71 76 78 79 82 85 87 90 91 93 99 100
38: 2 3 8 9 10 11 12 17 18 19 20 21 43 44 45 46 47 48 53 54 59 60 61 62 73 74 75 76 77 78 79 80 85 86 87 88
39: 2 3 8 9 10 13 14 17 18 19 22 23 41 42 45 46 50 52 55 57 63 64 67 69 71 72 75 76 81 84 89 91 94 95 98 99
40: 2 3 8 9 10 15 16 17 18 19 24 25 41 42 43 44 49 51 56 58 65 66 68 70 71 72 73 74 82 83 90 92 93 96 97 100
41: 2 3 4 5 10 11 12 17 20 21 32 33 39 40 47 48 55 56 57 58 61 62 63 64 65 66 71 72 81 82 83 84 97 98 99 100
42: 2 3 6 7 10 11 12 17 20 21 26 27 39 40 49 50 51 52 53 54 59 60 67 68 69 70 71 72 89 90 91 92 93 94 95 96
43: 2 3 5 7 9 13 14 18 22 23 28 34 38 40 47 49 52 53 56 57 59 62 63 66 67 68 73 74 78 80 83 87 88 90 96 100
44: 2 3 4 6 9 13 14 18 22 23 31 37 38 40 48 50 51 54 55 58 60 61 64 65 69 70 73 74 77 79 82 85 86 92 93 97
45: 2 3 5 6 8 15 16 19 24 25 30 35 38 39 48 49 52 53 55 58 59 61 64 65 67 68 75 76 78 80 84 85 86 89 94 99
46: 2 3 4 7 8 15 16 19 24 25 29 36 38 39 47 50 51 54 56 57 60 62 63 66 69 70 75 76 77 79 81 87 88 91 95 98
47: 2 6 7 10 11 13 15 20 26 27 28 29 38 41 43 46 51 52 55 58 61 62 63 66 73 76 77 78 81 83 85 86 95 96 98 100
48: 2 6 7 10 11 14 16 20 26 27 30 31 38 41 44 45 49 50 56 57 61 62 64 65 74 75 79 80 82 84 87 88 93 94 97 99
49: 2 4 7 8 11 13 15 25 26 28 29 36 40 42 43 45 48 54 55 57 59 65 67 68 72 74 78 80 82 83 87 89 91 93 94 97
50: 2 5 7 9 11 13 15 23 26 28 29 34 39 42 44 46 48 53 56 58 60 64 69 70 71 75 77 79 81 84 88 90 92 93 94 99
51: 2 5 6 8 11 14 16 24 27 30 31 35 40 42 44 46 47 53 55 57 60 66 69 70 72 73 77 79 82 83 85 89 91 95 96 100
52: 2 4 6 9 11 14 16 22 27 30 31 37 39 42 43 45 47 54 56 58 59 63 67 68 71 76 78 80 81 84 86 90 92 95 96 98
53: 2 4 5 10 12 13 16 21 32 33 34 35 38 42 43 45 50 51 57 58 59 60 67 68 73 75 77 79 85 88 89 90 94 96 99 100
54: 2 4 5 10 12 14 15 21 32 33 36 37 38 42 44 46 49 52 55 56 59 60 69 70 74 76 78 80 86 87 91 92 93 95 97 98
55: 2 5 7 9 12 13 16 23 28 32 34 35 39 41 44 45 47 49 51 54 61 64 65 69 72 76 78 82 83 85 86 89 91 95 97 98
56: 2 5 6 8 12 13 16 24 30 32 34 35 40 41 43 46 48 50 52 54 62 63 66 70 71 74 80 81 84 87 88 90 92 93 97 98
57: 2 4 6 9 12 14 15 22 31 33 36 37 39 41 43 46 48 49 51 53 62 63 66 67 72 75 79 82 83 87 88 89 91 94 99 100
58: 2 4 7 8 12 14 15 25 29 33 36 37 40 41 44 45 47 50 52 53 61 64 65 68 71 73 77 81 84 85 86 90 92 96 99 100
59: 3 4 5 11 17 20 22 25 28 30 32 33 38 42 43 45 49 52 53 54 63 65 69 70 74 76 77 79 83 84 86 87 89 90 94 96
60: 3 4 5 11 17 20 23 24 29 31 32 33 38 42 44 46 50 51 53 54 64 66 67 68 73 75 78 80 81 82 85 88 91 92 93 95
61: 3 6 7 12 17 21 23 25 26 27 35 37 38 41 44 45 47 48 55 58 63 66 68 69 73 76 77 78 82 84 87 88 89 92 97 99
62: 3 6 7 12 17 21 22 24 26 27 34 36 38 41 43 46 47 48 56 57 64 65 67 70 74 75 79 80 81 83 85 86 90 91 98 100
63: 3 4 6 13 18 20 23 24 29 31 32 37 39 41 43 46 47 52 56 57 59 61 68 70 71 76 77 83 84 87 88 89 94 95 97 100
64: 3 5 7 14 18 20 22 25 28 30 33 34 39 41 44 45 48 50 55 58 60 62 68 70 71 75 80 81 82 85 86 91 94 95 97 100
65: 3 4 7 16 19 20 23 24 29 31 32 36 40 41 44 45 48 49 55 58 59 62 67 69 72 74 79 83 84 85 86 90 93 96 98 99
66: 3 5 6 15 19 20 22 25 28 30 33 35 40 41 43 46 47 51 56 57 60 61 67 69 72 73 78 81 82 87 88 92 93 96 98 99
67: 3 4 6 13 18 21 23 25 26 31 35 37 39 42 43 45 49 52 53 57 60 62 65 66 72 75 78 80 81 85 90 91 93 96 98 99
68: 3 4 7 16 19 21 22 24 27 29 34 36 40 42 43 45 49 52 53 58 60 61 63 64 71 73 78 80 82 88 89 92 94 95 97 100
69: 3 5 7 14 18 21 22 24 27 28 34 36 39 42 44 46 50 51 54 55 59 61 65 66 72 76 77 79 84 87 89 92 93 96 98 99
70: 3 5 6 15 19 21 23 25 26 30 35 37 40 42 44 46 50 51 54 56 59 62 63 64 71 74 77 79 83 86 90 91 94 95 97 100
71: 8 9 11 12 18 19 20 21 29 30 34 37 39 40 41 42 50 52 56 58 63 64 68 70 77 80 82 83 86 88 89 91 93 96 98 99
72: 8 9 11 12 18 19 20 21 28 31 35 36 39 40 41 42 49 51 55 57 65 66 67 69 78 79 81 84 85 87 90 92 94 95 97 100
73: 8 10 13 14 17 19 22 23 27 29 33 35 38 40 43 44 47 51 53 58 60 61 66 68 79 80 81 83 86 87 89 90 93 95 97 99
74: 8 10 13 14 17 19 22 23 26 30 32 36 38 40 43 44 48 49 54 56 59 62 65 70 77 78 82 84 85 88 91 92 94 96 98 100
75: 9 10 15 16 17 18 24 25 26 31 33 34 38 39 45 46 48 50 53 57 60 62 64 67 77 78 82 84 86 87 89 90 93 95 98 100
76: 9 10 15 16 17 18 24 25 27 28 32 37 38 39 45 46 47 52 54 55 59 61 63 69 79 80 81 83 85 88 91 92 94 96 97 99
77: 4 8 11 13 18 21 25 26 28 31 35 36 38 44 46 47 50 51 53 58 59 61 63 69 70 71 74 75 82 84 86 88 89 96 98 100
78: 5 9 11 15 19 21 23 26 29 30 34 37 38 43 45 47 49 52 54 55 60 61 66 67 68 72 74 75 82 84 85 87 92 95 98 100
79: 4 9 11 16 19 21 22 27 29 30 34 37 38 44 46 48 50 51 53 57 59 62 65 69 70 72 73 76 81 83 85 87 90 94 97 99
80: 5 8 11 14 18 21 24 27 28 31 35 36 38 43 45 48 49 52 54 56 60 62 64 67 68 71 73 76 81 83 86 88 91 93 97 99
81: 4 8 11 13 17 22 25 26 28 30 32 36 39 41 46 47 50 52 56 58 60 62 64 66 67 72 73 76 79 80 85 90 92 95 97 99
82: 4 9 11 16 17 22 25 27 28 30 32 37 40 41 44 48 49 51 55 57 60 61 64 66 68 71 74 75 77 78 88 89 91 93 98 100
83: 5 9 11 15 17 23 24 26 29 31 33 34 40 41 43 47 49 51 55 57 59 62 63 65 70 71 73 76 79 80 86 89 91 96 97 99
84: 5 8 11 14 17 23 24 27 29 31 33 35 39 41 45 48 50 52 56 58 59 61 63 65 69 72 74 75 77 78 87 90 92 94 98 100
85: 6 8 12 13 18 20 24 29 30 32 34 37 38 44 45 47 51 53 55 58 60 62 64 65 67 72 74 76 78 79 81 91 92 94 96 100
86: 6 9 12 15 19 20 22 28 31 33 35 36 38 44 45 47 52 54 55 58 59 62 64 65 70 71 73 75 77 80 83 89 90 93 95 98
87: 7 8 12 14 18 20 25 29 30 33 34 37 38 43 46 48 49 54 56 57 59 61 63 66 69 72 73 75 78 79 84 89 90 93 95 97
88: 7 9 12 16 19 20 23 28 31 32 35 36 38 43 46 48 50 53 56 57 60 61 63 66 68 71 74 76 77 80 82 91 92 94 96 99
89: 6 8 12 13 17 22 24 26 30 32 34 36 39 42 45 49 51 53 55 57 59 61 63 68 69 71 73 75 77 82 83 86 87 93 95 99
90: 7 9 12 16 17 23 25 27 28 32 35 37 40 42 43 50 52 53 56 58 59 62 65 67 70 72 73 75 79 81 84 86 87 93 95 100
91: 7 8 12 14 17 23 25 27 29 33 35 37 39 42 46 49 51 54 55 57 60 62 64 67 70 71 74 76 80 82 83 85 88 94 96 98
92: 6 9 12 15 17 22 24 26 31 33 34 36 40 42 44 50 52 54 56 58 60 61 66 68 69 72 74 76 78 81 84 85 88 94 96 97
93: 6 10 13 15 18 20 24 27 28 29 32 37 40 42 44 48 49 50 54 56 60 65 66 67 69 71 73 75 80 82 86 87 89 90 98 99
94: 6 10 13 15 19 20 22 27 28 29 33 35 39 42 45 48 49 50 53 57 59 63 64 68 70 72 74 76 79 84 85 88 91 92 97 100
95: 7 10 14 16 19 20 23 26 30 31 32 36 39 42 46 47 51 52 54 55 60 63 64 68 70 72 73 75 78 81 86 87 89 90 97 100
96: 7 10 14 16 18 20 25 26 30 31 33 34 40 42 43 47 51 52 53 58 59 65 66 67 69 71 74 76 77 83 85 88 91 92 98 99
97: 4 10 13 16 18 21 25 26 31 33 34 35 40 41 44 48 49 54 55 56 61 63 64 68 70 72 73 76 79 80 81 83 87 92 94 95
98: 4 10 13 16 19 21 22 27 29 33 34 35 39 41 46 47 52 54 55 56 62 65 66 67 69 71 74 75 77 78 82 84 86 91 93 96
99: 5 10 14 15 19 21 23 26 30 32 36 37 39 41 45 48 50 53 57 58 61 65 66 67 69 71 73 76 79 80 81 83 88 89 93 96
100: 5 10 14 15 18 21 24 27 28 32 36 37 40 41 43 47 51 53 57 58 62 63 64 68 70 72 74 75 77 78 82 84 85 90 94 95

1: 2 3 4 5 6 7 8 9 10 11 12 13 14 15 16 17 18 19 20 21 22 23
2: 1 24 25 26 27 28 29 30 31 32 33 34 35 36 37 38 39 40 41 42 43 44
3: 1 24 25 26 27 28 45 46 47 48 49 50 51 52 53 54 55 56 57 58 59 60
4: 1 24 29 30 31 32 45 46 47 48 61 62 63 64 65 66 67 68 69 70 71 72
5: 1 24 37 39 43 44 56 57 58 59 68 69 70 71 89 92 94 95 97 98 99 100
6: 1 24 38 40 41 42 53 54 55 60 65 66 67 72 89 90 91 93 96 98 99 100
7: 1 24 33 34 35 36 49 50 51 52 61 62 63 64 90 91 92 93 94 95 96 97
8: 1 27 32 36 37 41 48 52 56 60 64 67 70 78 80 82 83 86 88 89 93 94
9: 1 28 32 35 42 43 47 52 54 58 63 69 72 77 79 82 83 85 87 89 90 97
10: 1 28 31 36 39 40 48 51 53 57 63 66 71 78 80 81 84 85 87 89 95 96
11: 1 27 31 35 38 44 47 51 55 59 64 65 68 77 79 81 84 86 88 89 91 92
12: 1 26 29 35 37 40 48 50 55 58 62 68 72 74 75 82 84 86 87 93 95 100
13: 1 26 30 36 42 44 47 49 57 60 62 66 70 73 76 82 84 85 88 91 97 100
14: 1 25 30 35 39 41 48 49 54 59 61 65 69 74 75 81 83 85 88 94 96 100
15: 1 25 29 36 38 43 47 50 53 56 61 67 71 73 76 81 83 86 87 90 92 100
16: 1 25 31 33 37 42 46 52 55 57 62 67 69 74 76 78 79 87 88 92 96 99
17: 1 26 31 34 41 43 45 52 53 59 61 70 72 74 76 77 80 85 86 91 95 99
18: 1 25 32 34 40 44 45 51 58 60 62 65 71 73 75 78 79 85 86 90 94 99
19: 1 26 32 33 38 39 46 51 54 56 61 66 68 73 75 77 80 87 88 93 97 99
20: 1 28 30 34 37 38 46 50 59 60 64 71 72 75 76 79 80 83 84 96 97 98
21: 1 27 30 33 40 43 45 50 54 57 63 67 68 73 74 79 80 81 82 91 94 98
22: 1 28 29 33 41 44 45 49 55 56 64 66 69 75 76 77 78 81 82 90 95 98
23: 1 27 29 34 39 42 46 49 53 58 63 65 70 73 74 77 78 83 84 92 93 98
24: 2 3 4 5 6 7 73 74 75 76 77 78 79 80 81 82 83 84 85 86 87 88
25: 2 3 14 15 16 18 63 64 66 68 70 72 77 80 82 84 89 91 93 95 97 98
26: 2 3 12 13 17 19 63 64 65 67 69 71 78 79 81 83 89 90 92 94 96 98
27: 2 3 8 11 21 23 61 62 66 69 71 72 75 76 85 87 90 95 96 97 99 100
28: 2 3 9 10 20 22 61 62 65 67 68 70 73 74 86 88 91 92 93 94 99 100
29: 2 4 12 15 22 23 51 52 54 57 59 60 79 80 85 88 89 91 94 96 97 99
30: 2 4 13 14 20 21 51 52 53 55 56 58 77 78 86 87 89 90 92 93 95 99
31: 2 4 10 11 16 17 49 50 54 56 58 60 73 75 82 83 90 93 94 97 98 100
32: 2 4 8 9 18 19 49 50 53 55 57 59 74 76 81 84 91 92 95 96 98 100
33: 2 7 16 19 21 22 47 48 53 58 59 60 65 70 71 72 83 84 85 86 89 100
34: 2 7 17 18 20 23 47 48 54 55 56 57 66 67 68 69 81 82 87 88 89 100
35: 2 7 9 11 12 14 45 46 53 56 57 60 66 67 70 71 73 76 78 80 98 99
36: 2 7 8 10 13 15 45 46 54 55 58 59 65 68 69 72 74 75 77 79 98 99
37: 2 5 8 12 16 20 45 47 49 51 53 54 61 63 65 66 73 77 81 85 90 91
38: 2 6 11 15 19 20 45 48 49 52 57 58 62 63 69 70 74 78 82 85 94 95
39: 2 5 10 14 19 23 45 47 50 52 55 60 62 64 67 72 76 79 82 86 90 91
40: 2 6 10 12 18 21 46 47 49 52 56 59 61 64 69 70 76 77 83 88 92 97
41: 2 6 8 14 17 22 46 47 50 51 57 58 62 63 68 71 73 79 84 87 92 97
42: 2 6 9 13 16 23 45 48 50 51 56 59 61 64 68 71 75 80 81 86 94 95
43: 2 5 9 15 17 21 46 48 49 51 55 60 62 64 65 66 75 78 84 88 93 96
44: 2 5 11 13 18 22 46 48 50 52 53 54 61 63 67 72 74 80 83 87 93 96
45: 3 4 17 18 21 22 35 36 37 38 39 42 83 84 87 88 89 92 93 96 97 100
46: 3 4 16 19 20 23 35 36 40 41 43 44 81 82 85 86 89 90 91 94 95 100
47: 3 4 9 11 13 15 33 34 37 39 40 41 74 75 78 80 93 94 95 96 98 99
48: 3 4 8 10 12 14 33 34 38 42 43 44 73 76 77 79 90 91 92 97 98 99
49: 3 7 13 14 22 23 31 32 37 38 40 43 67 68 71 72 79 80 86 87 89 99
50: 3 7 12 15 20 21 31 32 39 41 42 44 65 66 69 70 77 78 85 88 89 99
51: 3 7 10 11 18 19 29 30 37 41 42 43 67 69 70 72 74 76 82 83 98 100
52: 3 7 8 9 16 17 29 30 38 39 40 44 65 66 68 71 73 75 81 84 98 100
53: 3 6 10 15 17 23 30 32 33 35 37 44 62 64 68 69 75 79 82 88 94 97
54: 3 6 9 14 19 21 29 31 34 36 37 44 62 64 70 71 76 78 84 86 92 95
55: 3 6 11 12 16 22 30 32 34 36 39 43 61 63 70 71 73 80 83 85 94 97
56: 3 5 8 15 19 22 30 31 34 35 40 42 62 63 65 72 74 79 84 85 91 96
57: 3 5 10 13 16 21 29 32 34 35 38 41 61 64 65 72 75 77 83 86 90 93
58: 3 5 9 12 18 23 30 31 33 36 38 41 61 64 66 67 76 80 81 88 91 96
59: 3 5 11 14 17 20 29 32 33 36 40 42 62 63 66 67 73 78 82 87 90 93
60: 3 6 8 13 18 20 29 31 33 35 39 43 61 63 68 69 74 77 81 87 92 95
61: 4 7 14 15 17 19 27 28 37 40 42 44 55 57 58 60 78 79 82 84 89 98
62: 4 7 12 13 16 18 27 28 38 39 41 43 53 54 56 59 77 80 81 83 89 98
63: 4 7 9 10 21 23 25 26 37 38 41 44 55 56 59 60 75 76 86 88 99 100
64: 4 7 8 11 20 22 25 26 39 40 42 43 53 54 57 58 73 74 85 87 99 100
65: 4 6 11 14 18 23 26 28 33 36 37 43 50 52 56 57 76 80 82 87 95 97
66: 4 6 10 13 19 22 25 27 34 35 37 43 50 52 58 59 74 79 83 86 92 94
67: 4 6 8 15 16 21 26 28 34 35 39 44 49 51 58 59 75 77 84 85 95 97
68: 4 5 11 12 19 21 25 28 34 36 41 42 49 52 53 60 76 78 83 85 90 96
69: 4 5 9 14 16 22 26 27 34 36 38 40 50 51 53 60 73 80 84 86 91 93
70: 4 5 8 13 17 23 25 28 33 35 38 40 50 51 54 55 75 79 81 87 90 96
71: 4 5 10 15 18 20 26 27 33 35 41 42 49 52 54 55 74 77 82 88 91 93
72: 4 6 9 12 17 20 25 27 33 36 39 44 49 51 56 57 73 78 81 88 92 94
73: 13 15 18 19 21 23 24 28 31 35 37 41 48 52 55 59 64 69 72 89 95 96
74: 12 14 16 17 21 23 24 28 32 36 38 44 47 51 56 60 64 66 71 89 90 97
75: 12 14 18 19 20 22 24 27 31 36 42 43 47 52 53 57 63 67 70 89 91 92
76: 13 15 16 17 20 22 24 27 32 35 39 40 48 51 54 58 63 65 68 89 93 94
77: 9 11 17 19 22 23 24 25 30 36 37 40 48 50 57 60 62 67 71 94 96 100
78: 8 10 16 18 22 23 24 26 30 35 38 43 47 50 54 59 61 68 72 91 97 100
79: 9 11 16 18 20 21 24 26 29 36 39 41 48 49 53 56 61 66 70 93 95 100
80: 8 10 17 19 20 21 24 25 29 35 42 44 47 49 55 58 62 65 69 90 92 100
81: 10 11 14 15 21 22 24 26 32 34 37 42 46 52 58 60 62 70 72 93 97 99
82: 8 9 12 13 21 22 24 25 31 34 38 39 46 51 53 59 61 65 71 92 96 99
83: 8 9 14 15 20 23 24 26 31 33 40 44 45 51 55 57 62 66 68 91 95 99
84: 10 11 12 13 20 23 24 25 32 33 41 43 45 52 54 56 61 67 69 90 94 99
85: 9 10 13 14 17 18 24 27 29 33 37 38 46 50 55 56 64 67 68 92 93 98
86: 8 11 12 15 17 18 24 28 30 33 39 42 46 49 54 57 63 66 69 96 97 98
87: 9 10 12 15 16 19 24 27 30 34 41 44 45 49 59 60 64 65 70 91 94 98
88: 8 11 13 14 16 19 24 28 29 34 40 43 45 50 53 58 63 71 72 90 95 98
89: 5 6 8 9 10 11 25 26 29 30 33 34 45 46 49 50 61 62 73 74 75 76
90: 6 7 9 15 18 22 26 27 30 31 37 39 46 48 57 59 68 70 74 80 84 88
91: 6 7 11 13 17 21 25 28 29 32 37 39 46 48 56 58 69 71 75 78 83 87
92: 5 7 11 15 16 23 26 28 30 32 40 41 45 48 54 60 66 72 75 80 82 85
93: 6 7 8 12 19 23 25 28 30 31 43 44 45 47 57 59 69 71 76 79 81 85
94: 5 7 8 14 18 21 26 28 29 31 38 42 46 47 53 55 66 72 76 77 84 87
95: 5 7 10 12 17 22 25 27 30 32 38 42 46 47 54 60 65 67 73 79 83 88
96: 6 7 10 14 16 20 26 27 29 32 43 44 45 47 56 58 68 70 73 77 82 86
97: 5 7 9 13 19 20 25 27 29 31 40 41 45 48 53 55 65 67 74 78 81 86
98: 5 6 20 21 22 23 25 26 31 32 35 36 47 48 51 52 61 62 85 86 87 88
99: 5 6 16 17 18 19 27 28 29 30 35 36 47 48 49 50 63 64 81 82 83 84
100: 5 6 12 13 14 15 27 28 31 32 33 34 45 46 51 52 63 64 77 78 79 80

1: 2 3 4 5 6 7 8
2: 1 65 66 67 68 69 70
3: 1 64 96 97 98 99 100
4: 1 59 91 92 93 94 95
5: 1 60 71 75 79 83 87
6: 1 63 73 78 80 85 88
7: 1 61 74 77 81 86 90
8: 1 62 72 76 82 84 89
9: 16 17 18 19 20 21 22
10: 16 23 29 35 36 37 38
11: 16 24 30 51 52 53 54
12: 16 27 33 42 43 49 57
13: 16 28 32 39 45 47 58
14: 16 26 34 40 46 48 55
15: 16 25 31 41 44 50 56
16: 9 10 11 12 13 14 15
17: 9 59 60 61 62 63 64
18: 9 79 80 81 82 91 96
19: 9 72 78 86 87 94 100
20: 9 74 75 85 89 92 97
21: 9 73 76 83 90 93 98
22: 9 71 77 84 88 95 99
23: 10 70 83 84 85 86 91
24: 11 70 75 76 77 78 96
25: 15 70 74 80 87 93 99
26: 14 70 72 81 88 92 98
27: 12 70 71 82 90 94 97
28: 13 70 73 79 89 95 100
29: 10 59 65 71 72 73 74
30: 11 64 65 87 88 89 90
31: 15 63 65 77 83 92 100
32: 13 60 65 78 84 93 97
33: 12 62 65 75 86 95 98
34: 14 61 65 76 85 94 99
35: 10 63 69 76 81 87 95
36: 10 62 68 78 79 90 92
37: 10 60 66 77 80 89 94
38: 10 61 67 75 82 88 93
39: 13 59 68 82 85 87 98
40: 14 59 69 80 84 90 100
41: 15 59 66 79 86 88 97
42: 12 59 67 81 83 89 99
43: 12 61 66 84 87 92 96
44: 15 60 67 85 90 95 96
45: 13 62 69 83 88 94 96
46: 14 63 68 86 89 93 96
47: 13 64 67 71 76 80 92
48: 14 64 66 74 78 82 95
49: 12 64 69 72 77 79 93
50: 15 64 68 73 75 81 94
51: 11 61 68 72 80 83 97
52: 11 63 67 74 79 84 98
53: 11 60 69 73 82 86 99
54: 11 62 66 71 81 85 100
55: 14 62 67 73 77 91 97
56: 15 61 69 71 78 91 98
57: 12 60 68 74 76 91 100
58: 13 63 66 72 75 91 99
59: 4 17 29 39 40 41 42
60: 5 17 32 37 44 53 57
61: 7 17 34 38 43 51 56
62: 8 17 33 36 45 54 55
63: 6 17 31 35 46 52 58
64: 3 17 30 47 48 49 50
65: 2 29 30 31 32 33 34
66: 2 37 41 43 48 54 58
67: 2 38 42 44 47 52 55
68: 2 36 39 46 50 51 57
69: 2 35 40 45 49 53 56
70: 2 23 24 25 26 27 28
71: 5 22 27 29 47 54 56
72: 8 19 26 29 49 51 58
73: 6 21 28 29 50 53 55
74: 7 20 25 29 48 52 57
75: 5 20 24 33 38 50 58
76: 8 21 24 34 35 47 57
77: 7 22 24 31 37 49 55
78: 6 19 24 32 36 48 56
79: 5 18 28 36 41 49 52
80: 6 18 25 37 40 47 51
81: 7 18 26 35 42 50 54
82: 8 18 27 38 39 48 53
83: 5 21 23 31 42 45 51
84: 8 22 23 32 40 43 52
85: 6 20 23 34 39 44 54
86: 7 19 23 33 41 46 53
87: 5 19 25 30 35 39 43
88: 6 22 26 30 38 41 45
89: 8 20 28 30 37 42 46
90: 7 21 27 30 36 40 44
91: 4 18 23 55 56 57 58
92: 4 20 26 31 36 43 47
93: 4 21 25 32 38 46 49
94: 4 19 27 34 37 45 50
95: 4 22 28 33 35 44 48
96: 3 18 24 43 44 45 46
97: 3 20 27 32 41 51 55
98: 3 21 26 33 39 52 56
99: 3 22 25 34 42 53 58
100: 3 19 28 31 40 54 57

1: 2 3 4
2: 1 95 96
3: 1 97 100
4: 1 98 99
5: 10 16 20
6: 12 13 16
7: 10 11 12
8: 10 14 17
9: 11 14 15
10: 5 7 8
11: 7 9 38
12: 6 7 39
13: 6 40 41
14: 8 9 30
15: 9 28 34
16: 5 6 23
17: 8 27 29
18: 27 30 36
19: 26 28 33
20: 5 25 29
21: 24 26 31
22: 23 24 25
23: 16 22 59
24: 21 22 61
25: 20 22 60
26: 19 21 54
27: 17 18 55
28: 15 19 58
29: 17 20 57
30: 14 18 56
31: 21 49 60
32: 54 61 83
33: 19 49 53
34: 15 53 56
35: 48 50 85
36: 18 46 50
37: 55 57 84
38: 11 51 58
39: 12 51 52
40: 13 47 52
41: 13 45 59
42: 44 46 48
43: 44 45 47
44: 42 43 65
45: 41 43 68
46: 36 42 72
47: 40 43 75
48: 35 42 75
49: 31 33 67
50: 35 36 73
51: 38 39 70
52: 39 40 69
53: 33 34 66
54: 26 32 74
55: 27 37 72
56: 30 34 73
57: 29 37 76
58: 28 38 74
59: 23 41 71
60: 25 31 76
61: 24 32 71
62: 65 68 92
63: 69 70 94
64: 66 67 93
65: 44 62 77
66: 53 64 82
67: 49 64 81
68: 45 62 78
69: 52 63 80
70: 51 63 79
71: 59 61 78
72: 46 55 77
73: 50 56 82
74: 54 58 79
75: 47 48 80
76: 57 60 81
77: 65 72 86
78: 68 71 89
79: 70 74 91
80: 69 75 90
81: 67 76 87
82: 66 73 88
83: 32 89 91
84: 37 86 87
85: 35 88 90
86: 77 84 95
87: 81 84 96
88: 82 85 99
89: 78 83 100
90: 80 85 98
91: 79 83 97
92: 62 95 100
93: 64 96 99
94: 63 97 98
95: 2 86 92
96: 2 87 93
97: 3 91 94
98: 4 90 94
99: 4 88 93
100: 3 89 92

1: 2 3 4
2: 1 95 97
3: 1 96 100
4: 1 98 99
5: 19 24 53
6: 24 30 50
7: 15 21 23
8: 14 20 22
9: 16 18 51
10: 17 29 52
11: 16 26 32
12: 28 34 44
13: 27 33 45
14: 8 18 42
15: 7 19 43
16: 9 11 34
17: 10 25 39
18: 9 14 36
19: 5 15 35
20: 8 41 47
21: 7 38 46
22: 8 37 49
23: 7 37 48
24: 5 6 31
25: 17 31 42
26: 11 39 43
27: 13 36 40
28: 12 33 35
29: 10 38 40
30: 6 32 41
31: 24 25 72
32: 11 30 75
33: 13 28 81
34: 12 16 82
35: 19 28 80
36: 18 27 79
37: 22 23 74
38: 21 29 82
39: 17 26 76
40: 27 29 78
41: 20 30 81
42: 14 25 77
43: 15 26 73
44: 12 68 69
45: 13 70 72
46: 21 64 71
47: 20 66 71
48: 23 67 69
49: 22 65 70
50: 6 68 79
51: 9 62 63
52: 10 63 80
53: 5 61 78
54: 59 62 74
55: 60 66 67
56: 59 75 77
57: 60 65 73
58: 61 64 76
59: 54 56 91
60: 55 57 92
61: 53 58 84
62: 51 54 85
63: 51 52 88
64: 46 58 86
65: 49 57 86
66: 47 55 90
67: 48 55 87
68: 44 50 83
69: 44 48 94
70: 45 49 88
71: 46 47 91
72: 31 45 90
73: 43 57 83
74: 37 54 84
75: 32 56 89
76: 39 58 93
77: 42 56 87
78: 40 53 94
79: 36 50 93
80: 35 52 89
81: 33 41 85
82: 34 38 92
83: 68 73 95
84: 61 74 95
85: 62 81 96
86: 64 65 96
87: 67 77 97
88: 63 70 97
89: 75 80 100
90: 66 72 100
91: 59 71 98
92: 60 82 99
93: 76 79 99
94: 69 78 98
95: 2 83 84
96: 3 85 86
97: 2 87 88
98: 4 91 94
99: 4 92 93
100: 3 89 90

1: 2 3 4
2: 1 99 100
3: 1 98 100
4: 1 96 97
5: 6 7 100
6: 5 94 95
7: 5 93 95
8: 9 10 95
9: 8 91 92
10: 8 90 92
11: 12 13 92
12: 11 88 89
13: 11 87 89
14: 89 96 97
15: 21 69 98
16: 22 70 99
17: 24 30 36
18: 23 29 35
19: 22 26 99
20: 21 25 98
21: 15 20 28
22: 16 19 27
23: 18 28 32
24: 17 27 31
25: 20 44 94
26: 19 43 93
27: 22 24 47
28: 21 23 48
29: 18 30 46
30: 17 29 45
31: 24 32 47
32: 23 31 48
33: 40 42 82
34: 39 41 81
35: 18 44 46
36: 17 43 45
37: 38 40 42
38: 37 39 41
39: 34 38 54
40: 33 37 53
41: 34 38 56
42: 33 37 55
43: 26 36 62
44: 25 35 61
45: 30 36 60
46: 29 35 59
47: 27 31 58
48: 28 32 57
49: 50 54 60
50: 49 53 59
51: 52 56 58
52: 51 55 57
53: 40 50 66
54: 39 49 65
55: 42 52 68
56: 41 51 67
57: 48 52 68
58: 47 51 67
59: 46 50 66
60: 45 49 65
61: 44 64 94
62: 43 63 93
63: 62 76 91
64: 61 75 90
65: 54 60 76
66: 53 59 75
67: 56 58 74
68: 55 57 73
69: 15 71 73
70: 16 72 74
71: 69 80 97
72: 70 79 96
73: 68 69 80
74: 67 70 79
75: 64 66 78
76: 63 65 77
77: 76 84 91
78: 75 83 90
79: 72 74 86
80: 71 73 85
81: 34 84 86
82: 33 83 85
83: 78 82 88
84: 77 81 87
85: 80 82 88
86: 79 81 87
87: 13 84 86
88: 12 83 85
89: 12 13 14
90: 10 64 78
91: 9 63 77
92: 9 10 11
93: 7 26 62
94: 6 25 61
95: 6 7 8
96: 4 14 72
97: 4 14 71
98: 3 15 20
99: 2 16 19
100: 2 3 5

1: 2 3 4
2: 1 95 96
3: 1 97 100
4: 1 98 99
5: 6 48 50
6: 5 17 25
7: 8 9 49
8: 7 24 32
9: 7 15 16
10: 15 17 18
11: 20 23 29
12: 19 23 31
13: 19 22 81
14: 21 22 30
15: 9 10 53
16: 9 42 48
17: 6 10 43
18: 10 35 52
19: 12 13 42
20: 11 39 54
21: 14 39 58
22: 13 14 35
23: 11 12 34
24: 8 46 56
25: 6 36 40
26: 36 37 51
27: 37 47 59
28: 38 44 57
29: 11 38 45
30: 14 41 45
31: 12 43 46
32: 8 40 41
33: 34 44 47
34: 23 33 80
35: 18 22 80
36: 25 26 74
37: 26 27 72
38: 28 29 73
39: 20 21 75
40: 25 32 79
41: 30 32 68
42: 16 19 76
43: 17 31 77
44: 28 33 64
45: 29 30 66
46: 24 31 78
47: 27 33 68
48: 5 16 61
49: 7 74 75
50: 5 71 72
51: 26 64 76
52: 18 73 78
53: 15 65 67
54: 20 67 79
55: 69 70 82
56: 24 65 69
57: 28 70 71
58: 21 63 77
59: 27 62 66
60: 61 62 63
61: 48 60 94
62: 59 60 86
63: 58 60 85
64: 44 51 94
65: 53 56 87
66: 45 59 87
67: 53 54 88
68: 41 47 88
69: 55 56 89
70: 55 57 91
71: 50 57 92
72: 37 50 90
73: 38 52 90
74: 36 49 91
75: 39 49 92
76: 42 51 93
77: 43 58 93
78: 46 52 83
79: 40 54 84
80: 34 35 89
81: 13 84 85
82: 55 83 86
83: 78 82 96
84: 79 81 99
85: 63 81 100
86: 62 82 98
87: 65 66 95
88: 67 68 96
89: 69 80 97
90: 72 73 97
91: 70 74 100
92: 71 75 99
93: 76 77 98
94: 61 64 95
95: 2 87 94
96: 2 83 88
97: 3 89 90
98: 4 86 93
99: 4 84 92
100: 3 85 91

