1: 2 3 4 5 6 7
2: 1 3 30 31 32 33
3: 1 2 42 43 44 45
4: 1 5 22 26 34 38
5: 1 4 24 27 36 41
6: 1 7 23 28 35 39
7: 1 6 25 29 37 40
8: 9 20 22 23 24 25
9: 8 20 26 27 28 29
10: 11 21 34 35 36 37
11: 10 21 38 39 40 41
12: 13 21 24 26 31 43
13: 12 21 22 27 33 44
14: 15 21 25 28 30 42
15: 14 21 23 29 32 45
16: 19 20 30 36 38 45
17: 18 20 31 37 39 44
18: 17 20 33 35 40 43
19: 16 20 32 34 41 42
20: 8 9 16 17 18 19
21: 10 11 12 13 14 15
22: 4 8 13 25 38 44
23: 6 8 15 24 39 45
24: 5 8 12 23 41 43
25: 7 8 14 22 40 42
26: 4 9 12 28 31 34
27: 5 9 13 29 33 36
28: 6 9 14 26 30 35
29: 7 9 15 27 32 37
30: 2 14 16 28 33 38
31: 2 12 17 26 32 39
32: 2 15 19 29 31 41
33: 2 13 18 27 30 40
34: 4 10 19 26 37 42
35: 6 10 18 28 36 43
36: 5 10 16 27 35 45
37: 7 10 17 29 34 44
38: 4 11 16 22 30 39
39: 6 11 17 23 31 38
40: 7 11 18 25 33 41
41: 5 11 19 24 32 40
42: 3 14 19 25 34 43
43: 3 12 18 24 35 42
44: 3 13 17 22 37 45
45: 3 15 16 23 36 44

1: 2 3 4 5 6 7 8 9 10 11
2: 1 18 24 29 31 33 34 39 43 44
3: 1 21 23 26 31 32 37 41 42 45
4: 1 19 22 27 30 33 35 40 42 45
5: 1 20 25 28 30 32 36 38 43 44
6: 1 15 16 25 29 37 40 41 42 45
7: 1 14 17 24 28 35 40 41 42 45
8: 1 14 16 22 26 34 38 39 43 44
9: 1 15 17 23 27 36 38 39 43 44
10: 1 12 18 21 34 37 39 41 43 45
11: 1 13 19 20 35 36 38 40 42 44
12: 10 23 24 26 29 31 32 33 42 44
13: 11 22 25 27 28 30 32 33 43 45
14: 7 8 18 19 27 29 30 31 36 37
15: 6 9 20 21 26 28 30 31 34 35
16: 6 8 17 18 21 27 28 31 35 36
17: 7 9 16 19 20 26 29 30 34 37
18: 2 10 14 16 22 23 26 32 38 42
19: 4 11 14 17 24 25 28 32 41 43
20: 5 11 15 17 22 23 27 33 39 45
21: 3 10 15 16 24 25 29 33 40 44
22: 4 8 13 18 20 24 29 31 36 41
23: 3 9 12 18 20 25 28 30 34 40
24: 2 7 12 19 21 22 27 30 37 38
25: 5 6 13 19 21 23 26 31 35 39
26: 3 8 12 15 17 18 25 27 36 40
27: 4 9 13 14 16 20 24 26 34 41
28: 5 7 13 15 16 19 23 29 37 39
29: 2 6 12 14 17 21 22 28 35 38
30: 4 5 13 14 15 17 23 24 39 41
31: 2 3 12 14 15 16 22 25 38 40
32: 3 5 12 13 18 19 34 35 39 40
33: 2 4 12 13 20 21 36 37 38 41
34: 2 8 10 15 17 23 27 32 36 42
35: 4 7 11 15 16 25 29 32 37 43
36: 5 9 11 14 16 22 26 33 34 45
37: 3 6 10 14 17 24 28 33 35 44
38: 5 8 9 11 18 24 29 31 33 45
39: 2 8 9 10 20 25 28 30 32 42
40: 4 6 7 11 21 23 26 31 32 43
41: 3 6 7 10 19 22 27 30 33 44
42: 3 4 6 7 11 12 18 34 39 43
43: 2 5 8 9 10 13 19 35 40 42
44: 2 5 8 9 11 12 21 37 41 45
45: 3 4 6 7 10 13 20 36 38 44

