1: 2 3 4
2: 1 93 94
3: 1 96 98
4: 1 95 97
5: 6 7 37
6: 5 18 20
7: 5 17 19
8: 16 22 31
9: 15 21 27
10: 21 26 39
11: 15 25 26
12: 15 23 24
13: 24 27 30
14: 22 23 25
15: 9 11 12
16: 8 18 19
17: 7 38 40
18: 6 16 33
19: 7 16 36
20: 6 32 35
21: 9 10 45
22: 8 14 50
23: 12 14 51
24: 12 13 57
25: 11 14 53
26: 10 11 54
27: 9 13 52
28: 45 52 81
29: 51 57 82
30: 13 55 56
31: 8 53 58
32: 20 56 59
33: 18 58 59
34: 49 54 83
35: 20 47 55
36: 19 48 50
37: 5 46 47
38: 17 44 46
39: 10 43 49
40: 17 42 48
41: 42 43 44
42: 40 41 68
43: 39 41 73
44: 38 41 74
45: 21 28 73
46: 37 38 67
47: 35 37 65
48: 36 40 66
49: 34 39 74
50: 22 36 69
51: 23 29 69
52: 27 28 71
53: 25 31 72
54: 26 34 72
55: 30 35 70
56: 30 32 71
57: 24 29 70
58: 31 33 64
59: 32 33 63
60: 66 68 90
61: 65 67 92
62: 63 64 91
63: 59 62 80
64: 58 62 79
65: 47 61 78
66: 48 60 77
67: 46 61 76
68: 42 60 75
69: 50 51 77
70: 55 57 78
71: 52 56 80
72: 53 54 79
73: 43 45 75
74: 44 49 76
75: 68 73 84
76: 67 74 87
77: 66 69 89
78: 65 70 86
79: 64 72 88
80: 63 71 85
81: 28 84 85
82: 29 86 89
83: 34 87 88
84: 75 81 93
85: 80 81 94
86: 78 82 95
87: 76 83 96
88: 79 83 98
89: 77 82 97
90: 60 93 97
91: 62 94 98
92: 61 95 96
93: 2 84 90
94: 2 85 91
95: 4 86 92
96: 3 87 92
97: 4 89 90
98: 3 88 91

1: 2 3 4
2: 1 93 98
3: 1 94 96
4: 1 95 97
5: 8 10 13
6: 8 9 11
7: 9 10 12
8: 5 6 38
9: 6 7 36
10: 5 7 37
11: 6 34 35
12: 7 32 33
13: 5 30 31
14: 15 16 17
15: 14 21 22
16: 14 24 26
17: 14 23 25
18: 21 25 39
19: 22 24 41
20: 23 26 40
21: 15 18 54
22: 15 19 58
23: 17 20 59
24: 16 19 56
25: 17 18 57
26: 16 20 55
27: 54 58 81
28: 57 59 83
29: 55 56 82
30: 13 42 52
31: 13 43 51
32: 12 44 53
33: 12 47 49
34: 11 46 50
35: 11 45 48
36: 9 48 53
37: 10 49 52
38: 8 50 51
39: 18 42 43
40: 20 44 47
41: 19 45 46
42: 30 39 69
43: 31 39 70
44: 32 40 71
45: 35 41 74
46: 34 41 73
47: 33 40 72
48: 35 36 65
49: 33 37 66
50: 34 38 68
51: 31 38 64
52: 30 37 63
53: 32 36 67
54: 21 27 69
55: 26 29 72
56: 24 29 73
57: 25 28 70
58: 22 27 74
59: 23 28 71
60: 63 66 90
61: 64 68 92
62: 65 67 91
63: 52 60 75
64: 51 61 77
65: 48 62 80
66: 49 60 76
67: 53 62 78
68: 50 61 79
69: 42 54 75
70: 43 57 77
71: 44 59 78
72: 47 55 76
73: 46 56 79
74: 45 58 80
75: 63 69 84
76: 66 72 85
77: 64 70 86
78: 67 71 87
79: 68 73 89
80: 65 74 88
81: 27 84 88
82: 29 85 89
83: 28 86 87
84: 75 81 93
85: 76 82 94
86: 77 83 97
87: 78 83 95
88: 80 81 98
89: 79 82 96
90: 60 93 94
91: 62 95 98
92: 61 96 97
93: 2 84 90
94: 3 85 90
95: 4 87 91
96: 3 89 92
97: 4 86 92
98: 2 88 91

