1: 2 3 4 5 6 7 8
2: 1 49 50 51 52 53 54
3: 1 58 61 69 73 83 86
4: 1 59 62 67 71 84 88
5: 1 57 64 70 74 85 89
6: 1 60 63 68 72 87 90
7: 1 56 66 76 80 81 82
8: 1 55 65 75 77 78 79
9: 49 70 72 79 81 83 84
10: 49 67 69 77 80 89 90
11: 49 71 73 76 78 85 87
12: 49 68 74 75 82 86 88
13: 50 62 63 77 82 83 85
14: 50 59 60 76 79 86 89
15: 50 61 64 75 80 84 87
16: 50 57 58 78 81 88 90
17: 52 60 65 71 74 80 83
18: 54 61 66 67 68 79 85
19: 53 58 65 67 70 82 87
20: 54 64 65 69 72 76 88
21: 51 63 66 69 74 78 84
22: 53 57 66 71 72 77 86
23: 52 59 66 70 73 75 90
24: 51 62 65 68 73 81 89
25: 53 56 59 64 68 78 83
26: 52 55 63 64 67 81 86
27: 52 56 57 62 69 79 87
28: 51 56 60 61 70 77 88
29: 54 56 58 63 71 75 89
30: 53 55 61 62 74 76 90
31: 54 55 57 60 73 82 84
32: 51 55 58 59 72 80 85
33: 48 49 57 59 61 63 65
34: 47 49 58 60 62 64 66
35: 48 55 66 83 87 88 89
36: 47 56 65 84 85 86 90
37: 47 51 57 67 75 76 83
38: 48 52 58 68 76 77 84
39: 48 53 60 69 75 81 85
40: 48 51 64 71 79 82 90
41: 47 52 61 72 78 82 89
42: 48 54 62 70 78 80 86
43: 47 53 63 73 79 80 88
44: 47 54 59 74 77 81 87
45: 48 50 56 67 72 73 74
46: 47 50 55 68 69 70 71
47: 34 36 37 41 43 44 46
48: 33 35 38 39 40 42 45
49: 2 9 10 11 12 33 34
50: 2 13 14 15 16 45 46
51: 2 21 24 28 32 37 40
52: 2 17 23 26 27 38 41
53: 2 19 22 25 30 39 43
54: 2 18 20 29 31 42 44
55: 8 26 30 31 32 35 46
56: 7 25 27 28 29 36 45
57: 5 16 22 27 31 33 37
58: 3 16 19 29 32 34 38
59: 4 14 23 25 32 33 44
60: 6 14 17 28 31 34 39
61: 3 15 18 28 30 33 41
62: 4 13 24 27 30 34 42
63: 6 13 21 26 29 33 43
64: 5 15 20 25 26 34 40
65: 8 17 19 20 24 33 36
66: 7 18 21 22 23 34 35
67: 4 10 18 19 26 37 45
68: 6 12 18 24 25 38 46
69: 3 10 20 21 27 39 46
70: 5 9 19 23 28 42 46
71: 4 11 17 22 29 40 46
72: 6 9 20 22 32 41 45
73: 3 11 23 24 31 43 45
74: 5 12 17 21 30 44 45
75: 8 12 15 23 29 37 39
76: 7 11 14 20 30 37 38
77: 8 10 13 22 28 38 44
78: 8 11 16 21 25 41 42
79: 8 9 14 18 27 40 43
80: 7 10 15 17 32 42 43
81: 7 9 16 24 26 39 44
82: 7 12 13 19 31 40 41
83: 3 9 13 17 25 35 37
84: 4 9 15 21 31 36 38
85: 5 11 13 18 32 36 39
86: 3 12 14 22 26 36 42
87: 6 11 15 19 27 35 44
88: 4 12 16 20 28 35 43
89: 5 10 14 24 29 35 41
90: 6 10 16 23 30 36 40

1: 2 3 4
2: 1 86 90
3: 1 85 89
4: 1 87 88
5: 8 9 25
6: 8 20 23
7: 9 21 24
8: 5 6 12
9: 5 7 11
10: 11 12 13
11: 9 10 19
12: 8 10 18
13: 10 16 17
14: 17 19 29
15: 16 18 28
16: 13 15 49
17: 13 14 48
18: 12 15 51
19: 11 14 50
20: 6 39 51
21: 7 38 50
22: 48 49 73
23: 6 41 47
24: 7 40 46
25: 5 46 47
26: 42 45 74
27: 43 44 75
28: 15 37 45
29: 14 36 44
30: 35 39 41
31: 34 38 40
32: 35 36 43
33: 34 37 42
34: 31 33 59
35: 30 32 60
36: 29 32 66
37: 28 33 65
38: 21 31 56
39: 20 30 55
40: 24 31 64
41: 23 30 63
42: 26 33 64
43: 27 32 63
44: 27 29 62
45: 26 28 61
46: 24 25 58
47: 23 25 57
48: 17 22 66
49: 16 22 65
50: 19 21 62
51: 18 20 61
52: 55 60 84
53: 56 59 83
54: 57 58 82
55: 39 52 68
56: 38 53 67
57: 47 54 72
58: 46 54 71
59: 34 53 70
60: 35 52 69
61: 45 51 68
62: 44 50 67
63: 41 43 72
64: 40 42 71
65: 37 49 70
66: 36 48 69
67: 56 62 76
68: 55 61 77
69: 60 66 81
70: 59 65 80
71: 58 64 79
72: 57 63 78
73: 22 80 81
74: 26 77 79
75: 27 76 78
76: 67 75 86
77: 68 74 85
78: 72 75 90
79: 71 74 89
80: 70 73 88
81: 69 73 87
82: 54 89 90
83: 53 86 88
84: 52 85 87
85: 3 77 84
86: 2 76 83
87: 4 81 84
88: 4 80 83
89: 3 79 82
90: 2 78 82

1: 2 3 4
2: 1 85 86
3: 1 87 90
4: 1 88 89
5: 7 30 31
6: 7 8 29
7: 5 6 11
8: 6 10 12
9: 11 12 14
10: 8 25 34
11: 7 9 24
12: 8 9 23
13: 21 25 33
14: 9 19 22
15: 22 23 26
16: 20 21 32
17: 19 20 24
18: 42 54 75
19: 14 17 47
20: 16 17 45
21: 13 16 49
22: 14 15 46
23: 12 15 43
24: 11 17 44
25: 10 13 48
26: 15 41 42
27: 41 46 73
28: 45 49 74
29: 6 37 48
30: 5 37 40
31: 5 39 44
32: 16 38 47
33: 13 36 38
34: 10 36 43
35: 39 40 50
36: 33 34 58
37: 29 30 62
38: 32 33 59
39: 31 35 61
40: 30 35 60
41: 26 27 57
42: 18 26 63
43: 23 34 63
44: 24 31 64
45: 20 28 64
46: 22 27 66
47: 19 32 66
48: 25 29 65
49: 21 28 65
50: 35 55 56
51: 56 61 82
52: 60 62 84
53: 58 59 83
54: 18 55 57
55: 50 54 68
56: 50 51 67
57: 41 54 67
58: 36 53 69
59: 38 53 71
60: 40 52 68
61: 39 51 72
62: 37 52 70
63: 42 43 69
64: 44 45 72
65: 48 49 70
66: 46 47 71
67: 56 57 78
68: 55 60 76
69: 58 63 77
70: 62 65 81
71: 59 66 79
72: 61 64 80
73: 27 78 79
74: 28 80 81
75: 18 76 77
76: 68 75 88
77: 69 75 89
78: 67 73 85
79: 71 73 86
80: 72 74 90
81: 70 74 87
82: 51 85 90
83: 53 86 89
84: 52 87 88
85: 2 78 82
86: 2 79 83
87: 3 81 84
88: 4 76 84
89: 4 77 83
90: 3 80 82

1: 2 3 4
2: 1 85 86
3: 1 88 90
4: 1 87 89
5: 6 8 14
6: 5 10 21
7: 10 20 25
8: 5 9 26
9: 8 12 15
10: 6 7 11
11: 10 19 29
12: 9 18 28
13: 17 18 27
14: 5 16 19
15: 9 16 17
16: 14 15 48
17: 13 15 49
18: 12 13 50
19: 11 14 51
20: 7 39 44
21: 6 38 39
22: 41 45 75
23: 48 49 74
24: 36 50 73
25: 7 34 43
26: 8 37 38
27: 13 36 42
28: 12 37 40
29: 11 34 35
30: 35 46 51
31: 45 46 47
32: 40 41 47
33: 42 43 44
34: 25 29 59
35: 29 30 64
36: 24 27 63
37: 26 28 65
38: 21 26 57
39: 20 21 56
40: 28 32 62
41: 22 32 65
42: 27 33 66
43: 25 33 60
44: 20 33 63
45: 22 31 64
46: 30 31 58
47: 31 32 55
48: 16 23 61
49: 17 23 66
50: 18 24 62
51: 19 30 61
52: 55 58 82
53: 59 60 84
54: 56 57 83
55: 47 52 67
56: 39 54 72
57: 38 54 71
58: 46 52 68
59: 34 53 70
60: 43 53 69
61: 48 51 68
62: 40 50 67
63: 36 44 72
64: 35 45 70
65: 37 41 71
66: 42 49 69
67: 55 62 76
68: 58 61 78
69: 60 66 81
70: 59 64 80
71: 57 65 79
72: 56 63 77
73: 24 76 77
74: 23 78 81
75: 22 79 80
76: 67 73 85
77: 72 73 86
78: 68 74 89
79: 71 75 90
80: 70 75 88
81: 69 74 87
82: 52 85 89
83: 54 86 90
84: 53 87 88
85: 2 76 82
86: 2 77 83
87: 4 81 84
88: 3 80 84
89: 4 78 82
90: 3 79 83

1: 2 3 4
2: 1 86 89
3: 1 85 90
4: 1 87 88
5: 7 21 43
6: 8 22 44
7: 5 10 18
8: 6 9 17
9: 8 12 20
10: 7 11 19
11: 10 22 24
12: 9 21 23
13: 16 18 20
14: 15 17 19
15: 14 34 53
16: 13 33 54
17: 8 14 36
18: 7 13 35
19: 10 14 32
20: 9 13 31
21: 5 12 34
22: 6 11 33
23: 12 24 30
24: 11 23 29
25: 28 30 32
26: 27 29 31
27: 26 42 66
28: 25 41 65
29: 24 26 40
30: 23 25 39
31: 20 26 38
32: 19 25 37
33: 16 22 42
34: 15 21 41
35: 18 36 40
36: 17 35 39
37: 32 52 55
38: 31 51 56
39: 30 36 48
40: 29 35 47
41: 28 34 50
42: 27 33 49
43: 5 48 52
44: 6 47 51
45: 61 69 72
46: 62 70 71
47: 40 44 60
48: 39 43 59
49: 42 64 68
50: 41 63 67
51: 38 44 64
52: 37 43 63
53: 15 58 59
54: 16 57 60
55: 37 58 61
56: 38 57 62
57: 54 56 84
58: 53 55 83
59: 48 53 78
60: 47 54 77
61: 45 55 82
62: 46 56 81
63: 50 52 80
64: 49 51 79
65: 28 78 82
66: 27 77 81
67: 50 76 83
68: 49 75 84
69: 45 74 80
70: 46 73 79
71: 46 74 76
72: 45 73 75
73: 70 72 90
74: 69 71 89
75: 68 72 88
76: 67 71 87
77: 60 66 86
78: 59 65 85
79: 64 70 86
80: 63 69 85
81: 62 66 88
82: 61 65 87
83: 58 67 90
84: 57 68 89
85: 3 78 80
86: 2 77 79
87: 4 76 82
88: 4 75 81
89: 2 74 84
90: 3 73 83

1: 2 3 4
2: 1 87 88
3: 1 4 90
4: 1 3 89
5: 6 9 89
6: 5 10 89
7: 8 12 90
8: 7 11 90
9: 5 19 20
10: 6 13 14
11: 8 15 16
12: 7 17 18
13: 10 14 28
14: 10 13 27
15: 11 16 23
16: 11 15 24
17: 12 18 26
18: 12 17 25
19: 9 20 22
20: 9 19 21
21: 20 29 30
22: 19 31 32
23: 15 33 37
24: 16 34 38
25: 18 36 39
26: 17 35 40
27: 14 41 42
28: 13 43 44
29: 21 30 46
30: 21 29 47
31: 22 32 48
32: 22 31 45
33: 23 37 49
34: 24 38 50
35: 26 40 52
36: 25 39 51
37: 23 33 53
38: 24 34 54
39: 25 36 55
40: 26 35 56
41: 27 42 60
42: 27 41 58
43: 28 44 57
44: 28 43 59
45: 32 49 61
46: 29 50 62
47: 30 52 64
48: 31 51 63
49: 33 45 61
50: 34 46 62
51: 36 48 63
52: 35 47 64
53: 37 57 65
54: 38 58 66
55: 39 59 68
56: 40 60 67
57: 43 53 65
58: 42 54 66
59: 44 55 68
60: 41 56 67
61: 45 49 71
62: 46 50 72
63: 48 51 70
64: 47 52 69
65: 53 57 73
66: 54 58 74
67: 56 60 76
68: 55 59 75
69: 64 73 77
70: 63 74 78
71: 61 76 80
72: 62 75 79
73: 65 69 77
74: 66 70 78
75: 68 72 79
76: 67 71 80
77: 69 73 81
78: 70 74 82
79: 72 75 84
80: 71 76 83
81: 77 82 85
82: 78 81 85
83: 80 84 86
84: 79 83 86
85: 81 82 88
86: 83 84 87
87: 2 86 88
88: 2 85 87
89: 4 5 6
90: 3 7 8

