1: 22 37 43
2: 21 40 41
3: 24 39 44
4: 23 38 42
5: 21 33 41
6: 22 36 43
7: 24 34 44
8: 23 35 42
9: 25 33 37
10: 26 34 38
11: 26 35 39
12: 25 36 40
13: 27 33 37
14: 29 36 40
15: 28 34 38
16: 30 35 39
17: 27 31 43
18: 29 31 41
19: 30 32 44
20: 28 32 42
21: 2 5 33 40
22: 1 6 36 37
23: 4 8 35 38
24: 3 7 34 39
25: 9 12 33 36
26: 10 11 34 35
27: 13 17 37 41
28: 15 20 38 44
29: 14 18 40 43
30: 16 19 39 42
31: 17 18 41 44
32: 19 20 42 43
33: 5 9 13 21 25
34: 7 10 15 24 26
35: 8 11 16 23 26
36: 6 12 14 22 25
37: 1 9 13 22 27
38: 4 10 15 23 28
39: 3 11 16 24 30
40: 2 12 14 21 29
41: 2 5 18 27 31
42: 4 8 20 30 32
43: 1 6 17 29 32
44: 3 7 19 28 31

1: 2 3 4
2: 1 43 44
3: 1 40 42
4: 1 39 41
5: 6 7 38
6: 5 28 31
7: 5 29 30
8: 10 12 32
9: 11 13 33
10: 8 17 35
11: 9 16 34
12: 8 13 18
13: 9 12 19
14: 21 35 37
15: 20 34 36
16: 11 19 20
17: 10 18 21
18: 12 17 23
19: 13 16 22
20: 15 16 24
21: 14 17 25
22: 19 23 27
23: 18 22 26
24: 20 27 29
25: 21 26 28
26: 23 25 31
27: 22 24 30
28: 6 25 37
29: 7 24 36
30: 7 27 31
31: 6 26 30
32: 8 33 44
33: 9 32 43
34: 11 15 42
35: 10 14 41
36: 15 29 40
37: 14 28 39
38: 5 39 40
39: 4 37 38
40: 3 36 38
41: 4 35 44
42: 3 34 43
43: 2 33 42
44: 2 32 41

1: 2 3 4
2: 1 40 41
3: 1 42 44
4: 1 39 43
5: 6 7 38
6: 5 31 37
7: 5 29 30
8: 25 36 37
9: 10 35 36
10: 9 11 12
11: 10 26 27
12: 10 25 28
13: 15 23 24
14: 20 24 30
15: 13 17 20
16: 17 32 33
17: 15 16 18
18: 17 19 23
19: 18 33 34
20: 14 15 29
21: 28 30 31
22: 26 34 35
23: 13 18 26
24: 13 14 27
25: 8 12 31
26: 11 22 23
27: 11 24 28
28: 12 21 27
29: 7 20 32
30: 7 14 21
31: 6 21 25
32: 16 29 40
33: 16 19 41
34: 19 22 42
35: 9 22 44
36: 8 9 43
37: 6 8 39
38: 5 39 40
39: 4 37 38
40: 2 32 38
41: 2 33 42
42: 3 34 41
43: 4 36 44
44: 3 35 43

1: 2 3 4
2: 1 39 44
3: 1 40 42
4: 1 41 43
5: 6 7 30
6: 5 23 28
7: 5 22 29
8: 9 10 19
9: 8 16 27
10: 8 14 15
11: 12 25 38
12: 11 18 28
13: 15 24 25
14: 10 26 27
15: 10 13 18
16: 9 17 37
17: 16 21 29
18: 12 15 20
19: 8 20 21
20: 18 19 23
21: 17 19 22
22: 7 21 23
23: 6 20 22
24: 13 26 36
25: 11 13 35
26: 14 24 34
27: 9 14 33
28: 6 12 32
29: 7 17 31
30: 5 31 32
31: 29 30 42
32: 28 30 40
33: 27 34 39
34: 26 33 44
35: 25 36 41
36: 24 35 43
37: 16 39 42
38: 11 40 41
39: 2 33 37
40: 3 32 38
41: 4 35 38
42: 3 31 37
43: 4 36 44
44: 2 34 43

1: 2 3 4
2: 1 39 40
3: 1 42 43
4: 1 41 44
5: 6 7 29
6: 5 20 21
7: 5 19 22
8: 9 23 38
9: 8 13 28
10: 13 23 24
11: 25 27 37
12: 14 18 24
13: 9 10 17
14: 12 15 36
15: 14 22 26
16: 19 25 26
17: 13 18 20
18: 12 17 21
19: 7 16 27
20: 6 17 28
21: 6 18 22
22: 7 15 21
23: 8 10 35
24: 10 12 34
25: 11 16 33
26: 15 16 32
27: 11 19 31
28: 9 20 30
29: 5 30 31
30: 28 29 42
31: 27 29 43
32: 26 33 39
33: 25 32 40
34: 24 35 44
35: 23 34 41
36: 14 39 44
37: 11 40 43
38: 8 41 42
39: 2 32 36
40: 2 33 37
41: 4 35 38
42: 3 30 38
43: 3 31 37
44: 4 34 36

1: 2 3 4
2: 1 39 44
3: 1 40 42
4: 1 41 43
5: 6 7 30
6: 5 23 28
7: 5 22 29
8: 9 10 19
9: 8 16 27
10: 8 15 18
11: 12 26 38
12: 11 17 28
13: 14 18 29
14: 13 25 37
15: 10 24 25
16: 9 17 26
17: 12 16 20
18: 10 13 21
19: 8 20 21
20: 17 19 23
21: 18 19 22
22: 7 21 23
23: 6 20 22
24: 15 27 35
25: 14 15 36
26: 11 16 34
27: 9 24 33
28: 6 12 32
29: 7 13 31
30: 5 31 32
31: 29 30 42
32: 28 30 40
33: 27 34 43
34: 26 33 41
35: 24 36 44
36: 25 35 39
37: 14 39 42
38: 11 40 41
39: 2 36 37
40: 3 32 38
41: 4 34 38
42: 3 31 37
43: 4 33 44
44: 2 35 43

1: 2 3 4
2: 1 40 41
3: 1 42 44
4: 1 39 43
5: 6 7 38
6: 5 28 31
7: 5 29 30
8: 9 10 27
9: 8 22 26
10: 8 21 25
11: 12 13 20
12: 11 17 35
13: 11 16 19
14: 15 33 34
15: 14 18 23
16: 13 35 37
17: 12 18 32
18: 15 17 22
19: 13 21 24
20: 11 21 22
21: 10 19 20
22: 9 18 20
23: 15 26 31
24: 19 25 30
25: 10 24 29
26: 9 23 28
27: 8 28 29
28: 6 26 27
29: 7 25 27
30: 7 24 37
31: 6 23 36
32: 17 33 42
33: 14 32 44
34: 14 36 43
35: 12 16 41
36: 31 34 39
37: 16 30 40
38: 5 39 40
39: 4 36 38
40: 2 37 38
41: 2 35 42
42: 3 32 41
43: 4 34 44
44: 3 33 43

1: 2 3 4
2: 1 39 40
3: 1 41 44
4: 1 42 43
5: 6 7 29
6: 5 20 28
7: 5 21 22
8: 26 28 37
9: 10 24 38
10: 9 11 25
11: 10 12 13
12: 11 18 22
13: 11 19 24
14: 15 18 21
15: 14 17 27
16: 18 25 27
17: 15 23 36
18: 12 14 16
19: 13 20 26
20: 6 19 22
21: 7 14 23
22: 7 12 20
23: 17 21 31
24: 9 13 35
25: 10 16 33
26: 8 19 34
27: 15 16 32
28: 6 8 30
29: 5 30 31
30: 28 29 40
31: 23 29 39
32: 27 33 43
33: 25 32 42
34: 26 35 44
35: 24 34 41
36: 17 39 43
37: 8 40 44
38: 9 41 42
39: 2 31 36
40: 2 30 37
41: 3 35 38
42: 4 33 38
43: 4 32 36
44: 3 34 37

1: 2 3 4
2: 1 39 40
3: 1 41 44
4: 1 42 43
5: 6 7 29
6: 5 22 28
7: 5 20 21
8: 14 18 28
9: 10 24 38
10: 9 11 25
11: 10 12 13
12: 11 19 24
13: 11 21 22
14: 8 19 22
15: 23 27 36
16: 17 20 27
17: 16 21 25
18: 8 26 37
19: 12 14 26
20: 7 16 23
21: 7 13 17
22: 6 13 14
23: 15 20 31
24: 9 12 35
25: 10 17 33
26: 18 19 34
27: 15 16 32
28: 6 8 30
29: 5 30 31
30: 28 29 40
31: 23 29 39
32: 27 33 43
33: 25 32 42
34: 26 35 44
35: 24 34 41
36: 15 39 43
37: 18 40 44
38: 9 41 42
39: 2 31 36
40: 2 30 37
41: 3 35 38
42: 4 33 38
43: 4 32 36
44: 3 34 37

1: 2 3 4
2: 1 41 44
3: 1 39 42
4: 1 40 43
5: 6 13 14
6: 5 11 12
7: 8 20 21
8: 7 11 15
9: 13 17 30
10: 12 18 29
11: 6 8 16
12: 6 10 15
13: 5 9 16
14: 5 17 18
15: 8 12 28
16: 11 13 26
17: 9 14 24
18: 10 14 23
19: 20 25 38
20: 7 19 26
21: 7 25 27
22: 23 24 37
23: 18 22 34
24: 17 22 32
25: 19 21 35
26: 16 20 33
27: 21 28 36
28: 15 27 31
29: 10 31 34
30: 9 32 33
31: 28 29 44
32: 24 30 42
33: 26 30 39
34: 23 29 41
35: 25 36 40
36: 27 35 43
37: 22 41 42
38: 19 39 40
39: 3 33 38
40: 4 35 38
41: 2 34 37
42: 3 32 37
43: 4 36 44
44: 2 31 43

1: 2 3 4
2: 1 40 41
3: 1 42 44
4: 1 39 43
5: 6 7 38
6: 5 29 30
7: 5 28 31
8: 9 10 23
9: 8 18 22
10: 8 17 21
11: 21 35 37
12: 13 19 33
13: 12 16 20
14: 15 16 32
15: 14 17 35
16: 13 14 18
17: 10 15 18
18: 9 16 17
19: 12 26 34
20: 13 22 27
21: 10 11 25
22: 9 20 24
23: 8 24 25
24: 22 23 31
25: 21 23 28
26: 19 27 29
27: 20 26 30
28: 7 25 37
29: 6 26 36
30: 6 27 31
31: 7 24 30
32: 14 33 42
33: 12 32 44
34: 19 36 43
35: 11 15 41
36: 29 34 39
37: 11 28 40
38: 5 39 40
39: 4 36 38
40: 2 37 38
41: 2 35 42
42: 3 32 41
43: 4 34 44
44: 3 33 43

1: 2 3 4
2: 1 43 44
3: 1 40 42
4: 1 39 41
5: 6 13 23
6: 5 7 8
7: 6 11 18
8: 6 12 21
9: 10 15 17
10: 9 11 14
11: 7 10 12
12: 8 11 16
13: 5 22 28
14: 10 18 29
15: 9 19 29
16: 12 17 26
17: 9 16 27
18: 7 14 28
19: 15 27 38
20: 21 26 37
21: 8 20 25
22: 13 24 36
23: 5 24 25
24: 22 23 35
25: 21 23 34
26: 16 20 30
27: 17 19 31
28: 13 18 33
29: 14 15 32
30: 26 31 42
31: 27 30 40
32: 29 33 41
33: 28 32 39
34: 25 35 44
35: 24 34 43
36: 22 39 43
37: 20 42 44
38: 19 40 41
39: 4 33 36
40: 3 31 38
41: 4 32 38
42: 3 30 37
43: 2 35 36
44: 2 34 37

1: 2 3 4
2: 1 39 41
3: 1 42 43
4: 1 40 44
5: 6 8 9
6: 5 7 12
7: 6 10 13
8: 5 14 17
9: 5 10 20
10: 7 9 24
11: 12 13 22
12: 6 11 18
13: 7 11 23
14: 8 15 16
15: 14 21 25
16: 14 20 26
17: 8 18 25
18: 12 17 28
19: 22 27 38
20: 9 16 29
21: 15 26 37
22: 11 19 28
23: 13 24 27
24: 10 23 30
25: 15 17 31
26: 16 21 33
27: 19 23 36
28: 18 22 32
29: 20 30 34
30: 24 29 35
31: 25 32 39
32: 28 31 41
33: 26 34 42
34: 29 33 43
35: 30 36 44
36: 27 35 40
37: 21 39 42
38: 19 40 41
39: 2 31 37
40: 4 36 38
41: 2 32 38
42: 3 33 37
43: 3 34 44
44: 4 35 43

1: 2 3 4
2: 1 39 40
3: 1 42 43
4: 1 41 44
5: 6 7 29
6: 5 22 28
7: 5 21 27
8: 9 10 20
9: 8 19 26
10: 8 16 17
11: 16 26 36
12: 13 27 38
13: 12 18 25
14: 24 28 37
15: 17 23 25
16: 10 11 23
17: 10 15 18
18: 13 17 21
19: 9 22 24
20: 8 21 22
21: 7 18 20
22: 6 19 20
23: 15 16 35
24: 14 19 33
25: 13 15 34
26: 9 11 32
27: 7 12 31
28: 6 14 30
29: 5 30 31
30: 28 29 44
31: 27 29 41
32: 26 33 39
33: 24 32 40
34: 25 35 42
35: 23 34 43
36: 11 39 43
37: 14 40 44
38: 12 41 42
39: 2 32 36
40: 2 33 37
41: 4 31 38
42: 3 34 38
43: 3 35 36
44: 4 30 37

1: 2 3 4
2: 1 39 44
3: 1 41 42
4: 1 40 43
5: 7 10 12
6: 9 10 22
7: 5 8 18
8: 7 9 19
9: 6 8 20
10: 5 6 15
11: 19 20 37
12: 5 16 17
13: 16 18 30
14: 15 17 29
15: 10 14 28
16: 12 13 25
17: 12 14 24
18: 7 13 26
19: 8 11 26
20: 9 11 23
21: 24 25 38
22: 6 23 27
23: 20 22 36
24: 17 21 34
25: 16 21 33
26: 18 19 32
27: 22 28 35
28: 15 27 31
29: 14 31 34
30: 13 32 33
31: 28 29 43
32: 26 30 42
33: 25 30 41
34: 24 29 40
35: 27 36 44
36: 23 35 39
37: 11 39 42
38: 21 40 41
39: 2 36 37
40: 4 34 38
41: 3 33 38
42: 3 32 37
43: 4 31 44
44: 2 35 43

1: 2 3 4
2: 1 39 41
3: 1 42 43
4: 1 40 44
5: 6 7 30
6: 5 23 29
7: 5 21 22
8: 27 29 38
9: 14 23 27
10: 11 12 22
11: 10 20 21
12: 10 18 19
13: 16 25 37
14: 9 20 28
15: 17 18 25
16: 13 18 24
17: 15 19 26
18: 12 15 16
19: 12 17 20
20: 11 14 19
21: 7 11 23
22: 7 10 24
23: 6 9 21
24: 16 22 32
25: 13 15 33
26: 17 28 34
27: 8 9 36
28: 14 26 35
29: 6 8 31
30: 5 31 32
31: 29 30 41
32: 24 30 39
33: 25 34 42
34: 26 33 43
35: 28 36 44
36: 27 35 40
37: 13 39 42
38: 8 40 41
39: 2 32 37
40: 4 36 38
41: 2 31 38
42: 3 33 37
43: 3 34 44
44: 4 35 43

1: 2 3 4
2: 1 39 41
3: 1 40 43
4: 1 42 44
5: 6 7 8
6: 5 12 14
7: 5 16 17
8: 5 13 15
9: 12 16 27
10: 15 17 29
11: 13 14 28
12: 6 9 21
13: 8 11 26
14: 6 11 22
15: 8 10 24
16: 7 9 23
17: 7 10 25
18: 21 22 36
19: 24 26 38
20: 23 25 37
21: 12 18 30
22: 14 18 31
23: 16 20 35
24: 15 19 33
25: 17 20 32
26: 13 19 34
27: 9 30 35
28: 11 31 34
29: 10 32 33
30: 21 27 39
31: 22 28 40
32: 25 29 44
33: 24 29 42
34: 26 28 43
35: 23 27 41
36: 18 39 40
37: 20 41 44
38: 19 42 43
39: 2 30 36
40: 3 31 36
41: 2 35 37
42: 4 33 38
43: 3 34 38
44: 4 32 37

1: 2 3 4
2: 1 39 40
3: 1 42 43
4: 1 41 44
5: 6 7 29
6: 5 22 28
7: 5 21 27
8: 9 10 20
9: 8 15 19
10: 8 16 17
11: 14 19 27
12: 24 28 37
13: 25 26 38
14: 11 15 36
15: 9 14 23
16: 10 18 26
17: 10 23 25
18: 16 22 24
19: 9 11 21
20: 8 21 22
21: 7 19 20
22: 6 18 20
23: 15 17 35
24: 12 18 33
25: 13 17 34
26: 13 16 32
27: 7 11 31
28: 6 12 30
29: 5 30 31
30: 28 29 40
31: 27 29 39
32: 26 33 41
33: 24 32 44
34: 25 35 42
35: 23 34 43
36: 14 39 43
37: 12 40 44
38: 13 41 42
39: 2 31 36
40: 2 30 37
41: 4 32 38
42: 3 34 38
43: 3 35 36
44: 4 33 37

1: 2 3 4
2: 1 43 44
3: 1 42 44
4: 1 41 43
5: 6 7 10
6: 5 8 9
7: 5 9 11
8: 6 10 12
9: 6 7 16
10: 5 8 15
11: 7 14 16
12: 8 13 15
13: 12 18 20
14: 11 17 19
15: 10 12 18
16: 9 11 17
17: 14 16 24
18: 13 15 23
19: 14 22 24
20: 13 21 23
21: 20 26 28
22: 19 25 27
23: 18 20 26
24: 17 19 25
25: 22 24 32
26: 21 23 31
27: 22 30 32
28: 21 29 31
29: 28 34 36
30: 27 33 35
31: 26 28 34
32: 25 27 33
33: 30 32 40
34: 29 31 39
35: 30 38 40
36: 29 37 39
37: 36 42 44
38: 35 41 43
39: 34 36 42
40: 33 35 41
41: 4 38 40
42: 3 37 39
43: 2 4 38
44: 2 3 37

1: 2 3 4
2: 1 42 44
3: 1 43 44
4: 1 40 41
5: 40 41 44
6: 8 42 43
7: 9 42 43
8: 6 10 11
9: 7 10 11
10: 8 9 12
11: 8 9 13
12: 10 14 15
13: 11 14 15
14: 12 13 16
15: 12 13 17
16: 14 18 19
17: 15 18 19
18: 16 17 20
19: 16 17 21
20: 18 22 23
21: 19 22 23
22: 20 21 24
23: 20 21 25
24: 22 26 27
25: 23 26 27
26: 24 25 28
27: 24 25 29
28: 26 30 31
29: 27 30 31
30: 28 29 32
31: 28 29 33
32: 30 34 35
33: 31 34 35
34: 32 33 36
35: 32 33 37
36: 34 38 39
37: 35 38 39
38: 36 37 40
39: 36 37 41
40: 4 5 38
41: 4 5 39
42: 2 6 7
43: 3 6 7
44: 2 3 5

1: 2 3 4
2: 1 43 44
3: 1 40 41
4: 1 39 42
5: 7 8 28
6: 21 23 25
7: 5 10 17
8: 5 18 19
9: 15 21 26
10: 7 12 26
11: 16 22 27
12: 10 13 14
13: 12 20 22
14: 12 15 16
15: 9 14 19
16: 11 14 18
17: 7 20 24
18: 8 16 24
19: 8 15 25
20: 13 17 38
21: 6 9 37
22: 11 13 32
23: 6 30 36
24: 17 18 35
25: 6 19 34
26: 9 10 33
27: 11 31 35
28: 5 33 34
29: 30 31 32
30: 23 29 41
31: 27 29 39
32: 22 29 40
33: 26 28 44
34: 25 28 43
35: 24 27 42
36: 23 39 43
37: 21 41 44
38: 20 40 42
39: 4 31 36
40: 3 32 38
41: 3 30 37
42: 4 35 38
43: 2 34 36
44: 2 33 37

1: 2 3 4
2: 1 39 42
3: 1 41 44
4: 1 40 43
5: 6 18 25
6: 5 11 12
7: 8 9 10
8: 7 16 29
9: 7 14 17
10: 7 15 27
11: 6 13 26
12: 6 14 16
13: 11 22 37
14: 9 12 22
15: 10 21 38
16: 8 12 20
17: 9 19 21
18: 5 19 20
19: 17 18 23
20: 16 18 24
21: 15 17 24
22: 13 14 23
23: 19 22 35
24: 20 21 34
25: 5 30 35
26: 11 30 31
27: 10 32 33
28: 31 33 36
29: 8 32 34
30: 25 26 42
31: 26 28 43
32: 27 29 44
33: 27 28 40
34: 24 29 41
35: 23 25 39
36: 28 42 44
37: 13 39 43
38: 15 40 41
39: 2 35 37
40: 4 33 38
41: 3 34 38
42: 2 30 36
43: 4 31 37
44: 3 32 36

1: 2 3 4
2: 1 41 44
3: 1 39 43
4: 1 40 42
5: 7 8 37
6: 7 34 36
7: 5 6 27
8: 5 9 10
9: 8 31 34
10: 8 29 30
11: 20 32 33
12: 14 32 35
13: 14 15 33
14: 12 13 24
15: 13 22 23
16: 17 18 21
17: 16 25 28
18: 16 23 26
19: 22 25 26
20: 11 23 24
21: 16 22 24
22: 15 19 21
23: 15 18 20
24: 14 20 21
25: 17 19 30
26: 18 19 29
27: 7 30 31
28: 17 29 31
29: 10 26 28
30: 10 25 27
31: 9 27 28
32: 11 12 41
33: 11 13 44
34: 6 9 43
35: 12 40 44
36: 6 39 42
37: 5 42 43
38: 39 40 41
39: 3 36 38
40: 4 35 38
41: 2 32 38
42: 4 36 37
43: 3 34 37
44: 2 33 35

1: 2 3 4
2: 1 39 40
3: 1 42 44
4: 1 41 43
5: 7 9 27
6: 13 19 38
7: 5 15 20
8: 16 18 36
9: 5 14 17
10: 12 17 37
11: 12 13 14
12: 10 11 21
13: 6 11 22
14: 9 11 23
15: 7 26 28
16: 8 24 29
17: 9 10 25
18: 8 22 23
19: 6 21 26
20: 7 24 25
21: 12 19 31
22: 13 18 30
23: 14 18 32
24: 16 20 35
25: 17 20 34
26: 15 19 33
27: 5 32 33
28: 15 31 35
29: 16 30 34
30: 22 29 41
31: 21 28 40
32: 23 27 44
33: 26 27 42
34: 25 29 43
35: 24 28 39
36: 8 39 44
37: 10 40 43
38: 6 41 42
39: 2 35 36
40: 2 31 37
41: 4 30 38
42: 3 33 38
43: 4 34 37
44: 3 32 36

1: 2 3 4
2: 1 43 44
3: 1 42 44
4: 1 41 43
5: 6 7 8
6: 5 10 11
7: 5 9 12
8: 5 9 10
9: 7 8 16
10: 6 8 15
11: 6 13 15
12: 7 14 16
13: 11 18 20
14: 12 17 19
15: 10 11 18
16: 9 12 17
17: 14 16 24
18: 13 15 23
19: 14 22 24
20: 13 21 23
21: 20 26 28
22: 19 25 27
23: 18 20 26
24: 17 19 25
25: 22 24 32
26: 21 23 31
27: 22 30 32
28: 21 29 31
29: 28 34 36
30: 27 33 35
31: 26 28 34
32: 25 27 33
33: 30 32 40
34: 29 31 39
35: 30 38 40
36: 29 37 39
37: 36 42 44
38: 35 41 43
39: 34 36 42
40: 33 35 41
41: 4 38 40
42: 3 37 39
43: 2 4 38
44: 2 3 37

1: 2 3 4 5 6 7 8 9 10 11 12 13 14 15 16 17 18 19 20 21 22 23 24 25 26 27 28 29 30 31
2: 1 4 5 6 7 8 9 12 13 14 15 16 17 20 21 22 23 24 25 28 29 30 31 32 33 34 41 42 43 44
3: 1 4 5 6 7 8 9 12 13 14 15 16 17 20 21 22 23 24 25 28 29 30 31 32 33 34 41 42 43 44
4: 1 2 3 6 7 8 9 12 13 14 15 18 19 20 21 22 23 26 27 28 29 30 31 32 35 36 41 42 43 44
5: 1 2 3 6 7 8 9 12 13 14 15 18 19 20 21 22 23 26 27 28 29 30 31 32 35 36 41 42 43 44
6: 1 2 3 4 5 8 9 10 11 12 13 16 17 18 19 20 21 22 23 24 25 28 29 32 37 38 39 40 41 42
7: 1 2 3 4 5 8 9 10 11 12 13 16 17 18 19 20 21 22 23 24 25 28 29 32 37 38 39 40 41 42
8: 1 2 3 4 5 6 7 10 11 14 15 16 17 18 19 20 21 22 23 26 27 30 31 32 37 38 39 40 43 44
9: 1 2 3 4 5 6 7 10 11 14 15 16 17 18 19 20 21 22 23 26 27 30 31 32 37 38 39 40 43 44
10: 1 6 7 8 9 12 13 14 15 16 17 18 19 20 21 22 23 24 25 26 27 32 33 34 35 36 37 38 39 40
11: 1 6 7 8 9 12 13 14 15 16 17 18 19 20 21 22 23 24 25 26 27 32 33 34 35 36 37 38 39 40
12: 1 2 3 4 5 6 7 10 11 16 17 20 21 24 25 26 27 28 29 30 31 32 33 34 35 36 37 38 41 42
13: 1 2 3 4 5 6 7 10 11 16 17 20 21 24 25 26 27 28 29 30 31 32 33 34 35 36 37 38 41 42
14: 1 2 3 4 5 8 9 10 11 18 19 22 23 24 25 26 27 28 29 30 31 32 33 34 35 36 39 40 43 44
15: 1 2 3 4 5 8 9 10 11 18 19 22 23 24 25 26 27 28 29 30 31 32 33 34 35 36 39 40 43 44
16: 1 2 3 6 7 8 9 10 11 12 13 20 21 22 23 24 25 26 27 30 31 32 33 34 37 38 39 40 41 42
17: 1 2 3 6 7 8 9 10 11 12 13 20 21 22 23 24 25 26 27 30 31 32 33 34 37 38 39 40 41 42
18: 1 4 5 6 7 8 9 10 11 14 15 20 21 22 23 24 25 26 27 28 29 32 35 36 37 38 39 40 43 44
19: 1 4 5 6 7 8 9 10 11 14 15 20 21 22 23 24 25 26 27 28 29 32 35 36 37 38 39 40 43 44
20: 1 2 3 4 5 6 7 8 9 10 11 12 13 16 17 18 19 26 27 30 31 32 35 36 37 38 41 42 43 44
21: 1 2 3 4 5 6 7 8 9 10 11 12 13 16 17 18 19 26 27 30 31 32 35 36 37 38 41 42 43 44
22: 1 2 3 4 5 6 7 8 9 10 11 14 15 16 17 18 19 24 25 28 29 32 33 34 39 40 41 42 43 44
23: 1 2 3 4 5 6 7 8 9 10 11 14 15 16 17 18 19 24 25 28 29 32 33 34 39 40 41 42 43 44
24: 1 2 3 6 7 10 11 12 13 14 15 16 17 18 19 22 23 28 29 32 33 34 35 36 37 38 39 40 41 42
25: 1 2 3 6 7 10 11 12 13 14 15 16 17 18 19 22 23 28 29 32 33 34 35 36 37 38 39 40 41 42
26: 1 4 5 8 9 10 11 12 13 14 15 16 17 18 19 20 21 30 31 32 33 34 35 36 37 38 39 40 43 44
27: 1 4 5 8 9 10 11 12 13 14 15 16 17 18 19 20 21 30 31 32 33 34 35 36 37 38 39 40 43 44
28: 1 2 3 4 5 6 7 12 13 14 15 18 19 22 23 24 25 30 31 32 33 34 35 36 39 40 41 42 43 44
29: 1 2 3 4 5 6 7 12 13 14 15 18 19 22 23 24 25 30 31 32 33 34 35 36 39 40 41 42 43 44
30: 1 2 3 4 5 8 9 12 13 14 15 16 17 20 21 26 27 28 29 32 33 34 35 36 37 38 41 42 43 44
31: 1 2 3 4 5 8 9 12 13 14 15 16 17 20 21 26 27 28 29 32 33 34 35 36 37 38 41 42 43 44
32: 2 3 4 5 6 7 8 9 10 11 12 13 14 15 16 17 18 19 20 21 22 23 24 25 26 27 28 29 30 31
33: 2 3 10 11 12 13 14 15 16 17 22 23 24 25 26 27 28 29 30 31 35 36 37 38 39 40 41 42 43 44
34: 2 3 10 11 12 13 14 15 16 17 22 23 24 25 26 27 28 29 30 31 35 36 37 38 39 40 41 42 43 44
35: 4 5 10 11 12 13 14 15 18 19 20 21 24 25 26 27 28 29 30 31 33 34 37 38 39 40 41 42 43 44
36: 4 5 10 11 12 13 14 15 18 19 20 21 24 25 26 27 28 29 30 31 33 34 37 38 39 40 41 42 43 44
37: 6 7 8 9 10 11 12 13 16 17 18 19 20 21 24 25 26 27 30 31 33 34 35 36 39 40 41 42 43 44
38: 6 7 8 9 10 11 12 13 16 17 18 19 20 21 24 25 26 27 30 31 33 34 35 36 39 40 41 42 43 44
39: 6 7 8 9 10 11 14 15 16 17 18 19 22 23 24 25 26 27 28 29 33 34 35 36 37 38 41 42 43 44
40: 6 7 8 9 10 11 14 15 16 17 18 19 22 23 24 25 26 27 28 29 33 34 35 36 37 38 41 42 43 44
41: 2 3 4 5 6 7 12 13 16 17 20 21 22 23 24 25 28 29 30 31 33 34 35 36 37 38 39 40 43 44
42: 2 3 4 5 6 7 12 13 16 17 20 21 22 23 24 25 28 29 30 31 33 34 35 36 37 38 39 40 43 44
43: 2 3 4 5 8 9 14 15 18 19 20 21 22 23 26 27 28 29 30 31 33 34 35 36 37 38 39 40 41 42
44: 2 3 4 5 8 9 14 15 18 19 20 21 22 23 26 27 28 29 30 31 33 34 35 36 37 38 39 40 41 42

