1: 2 3 4
2: 1 97 98
3: 1 100 101
4: 1 99 102
5: 11 12 18
6: 17 22 23
7: 11 15 16
8: 13 17 20
9: 13 14 21
10: 12 14 16
11: 5 7 38
12: 5 10 43
13: 8 9 41
14: 9 10 42
15: 7 35 36
16: 7 10 30
17: 6 8 29
18: 5 25 33
19: 28 29 40
20: 8 31 32
21: 9 30 31
22: 6 27 32
23: 6 26 28
24: 25 26 27
25: 18 24 61
26: 23 24 63
27: 22 24 62
28: 19 23 56
29: 17 19 57
30: 16 21 60
31: 20 21 59
32: 20 22 58
33: 18 46 62
34: 56 63 85
35: 15 51 60
36: 15 50 55
37: 58 59 86
38: 11 46 55
39: 49 54 87
40: 19 48 54
41: 13 53 57
42: 14 52 53
43: 12 52 61
44: 47 50 51
45: 47 48 49
46: 33 38 68
47: 44 45 71
48: 40 45 75
49: 39 45 77
50: 36 44 77
51: 35 44 67
52: 42 43 70
53: 41 42 72
54: 39 40 76
55: 36 38 69
56: 28 34 75
57: 29 41 76
58: 32 37 78
59: 31 37 74
60: 30 35 74
61: 25 43 73
62: 27 33 78
63: 26 34 73
64: 67 71 94
65: 70 72 96
66: 68 69 95
67: 51 64 79
68: 46 66 84
69: 55 66 83
70: 52 65 80
71: 47 64 82
72: 53 65 81
73: 61 63 80
74: 59 60 79
75: 48 56 82
76: 54 57 81
77: 49 50 83
78: 58 62 84
79: 67 74 88
80: 70 73 90
81: 72 76 91
82: 71 75 92
83: 69 77 93
84: 68 78 89
85: 34 90 92
86: 37 88 89
87: 39 91 93
88: 79 86 97
89: 84 86 98
90: 80 85 99
91: 81 87 100
92: 82 85 102
93: 83 87 101
94: 64 97 102
95: 66 98 101
96: 65 99 100
97: 2 88 94
98: 2 89 95
99: 4 90 96
100: 3 91 96
101: 3 93 95
102: 4 92 94

