1: 30 36 41
2: 29 37 38
3: 30 37 38
4: 28 31 36
5: 27 34 35
6: 21 23 33
7: 23 25 32
8: 23 25 39
9: 27 28 31
10: 21 22 32
11: 19 23 33
12: 20 26 34
13: 17 22 40
14: 18 24 31
15: 18 24 35
16: 34 35 40 41
17: 13 38 40 41
18: 14 15 36 41
19: 11 33 39 40
20: 12 37 39 40
21: 6 10 32 33
22: 10 13 33 38
23: 6 7 8 11
24: 14 15 31 35
25: 7 8 32 39
26: 12 34 36 37
27: 5 9 31 35
28: 4 9 34 36
29: 2 32 38 39
30: 1 3 37 41
31: 4 9 14 24 27
32: 7 10 21 25 29
33: 6 11 19 21 22
34: 5 12 16 26 28
35: 5 15 16 24 27
36: 1 4 18 26 28
37: 2 3 20 26 30
38: 2 3 17 22 29
39: 8 19 20 25 29
40: 13 16 17 19 20
41: 1 16 17 18 30

