1: 2 3 4
2: 1 83 84
3: 1 86 88
4: 1 85 87
5: 12 13 24
6: 13 16 25
7: 14 15 28
8: 15 16 26
9: 17 18 22
10: 12 18 23
11: 14 17 27
12: 5 10 45
13: 5 6 43
14: 7 11 44
15: 7 8 47
16: 6 8 48
17: 9 11 49
18: 9 10 46
19: 41 42 73
20: 46 49 72
21: 47 48 71
22: 9 35 36
23: 10 36 43
24: 5 32 37
25: 6 32 33
26: 8 33 44
27: 11 34 35
28: 7 34 38
29: 37 39 45
30: 39 40 42
31: 38 40 41
32: 24 25 57
33: 25 26 58
34: 27 28 64
35: 22 27 55
36: 22 23 54
37: 24 29 62
38: 28 31 60
39: 29 30 56
40: 30 31 53
41: 19 31 64
42: 19 30 62
43: 13 23 61
44: 14 26 63
45: 12 29 59
46: 18 20 59
47: 15 21 60
48: 16 21 61
49: 17 20 63
50: 53 56 80
51: 57 58 82
52: 54 55 81
53: 40 50 65
54: 36 52 70
55: 35 52 69
56: 39 50 66
57: 32 51 68
58: 33 51 67
59: 45 46 66
60: 38 47 65
61: 43 48 70
62: 37 42 68
63: 44 49 67
64: 34 41 69
65: 53 60 74
66: 56 59 76
67: 58 63 79
68: 57 62 78
69: 55 64 77
70: 54 61 75
71: 21 74 75
72: 20 76 79
73: 19 77 78
74: 65 71 83
75: 70 71 84
76: 66 72 87
77: 69 73 88
78: 68 73 86
79: 67 72 85
80: 50 83 87
81: 52 84 88
82: 51 85 86
83: 2 74 80
84: 2 75 81
85: 4 79 82
86: 3 78 82
87: 4 76 80
88: 3 77 81

1: 2 3 4
2: 1 83 84
3: 1 86 87
4: 1 85 88
5: 13 17 23
6: 14 16 24
7: 14 15 22
8: 15 16 17
9: 12 26 28
10: 12 25 27
11: 12 13 21
12: 9 10 11
13: 5 11 48
14: 6 7 45
15: 7 8 49
16: 6 8 47
17: 5 8 46
18: 35 43 73
19: 34 45 71
20: 46 47 72
21: 11 32 33
22: 7 35 37
23: 5 33 49
24: 6 34 40
25: 10 36 38
26: 9 36 41
27: 10 39 48
28: 9 32 42
29: 37 43 44
30: 38 39 44
31: 40 41 42
32: 21 28 55
33: 21 23 54
34: 19 24 63
35: 18 22 61
36: 25 26 56
37: 22 29 59
38: 25 30 60
39: 27 30 57
40: 24 31 62
41: 26 31 58
42: 28 31 63
43: 18 29 60
44: 29 30 53
45: 14 19 59
46: 17 20 64
47: 16 20 62
48: 13 27 64
49: 15 23 61
50: 53 57 80
51: 56 58 82
52: 54 55 81
53: 44 50 65
54: 33 52 70
55: 32 52 69
56: 36 51 66
57: 39 50 67
58: 41 51 68
59: 37 45 65
60: 38 43 66
61: 35 49 70
62: 40 47 68
63: 34 42 69
64: 46 48 67
65: 53 59 74
66: 56 60 77
67: 57 64 79
68: 58 62 78
69: 55 63 75
70: 54 61 76
71: 19 74 75
72: 20 78 79
73: 18 76 77
74: 65 71 83
75: 69 71 84
76: 70 73 88
77: 66 73 85
78: 68 72 86
79: 67 72 87
80: 50 83 87
81: 52 84 88
82: 51 85 86
83: 2 74 80
84: 2 75 81
85: 4 77 82
86: 3 78 82
87: 3 79 80
88: 4 76 81

1: 2 3 4
2: 1 83 84
3: 1 86 88
4: 1 85 87
5: 47 50 71
6: 7 16 17
7: 6 8 9
8: 7 12 15
9: 7 11 14
10: 11 12 13
11: 9 10 34
12: 8 10 33
13: 10 23 27
14: 9 25 29
15: 8 24 28
16: 6 21 25
17: 6 20 24
18: 22 23 32
19: 20 21 22
20: 17 19 43
21: 16 19 41
22: 18 19 42
23: 13 18 46
24: 15 17 45
25: 14 16 44
26: 37 45 52
27: 13 35 36
28: 15 37 40
29: 14 38 39
30: 38 44 72
31: 42 43 73
32: 18 35 41
33: 12 40 46
34: 11 36 39
35: 27 32 60
36: 27 34 58
37: 26 28 61
38: 29 30 56
39: 29 34 59
40: 28 33 57
41: 21 32 64
42: 22 31 62
43: 20 31 63
44: 25 30 64
45: 24 26 63
46: 23 33 62
47: 5 54 55
48: 53 55 80
49: 57 61 82
50: 5 56 59
51: 58 60 81
52: 26 53 54
53: 48 52 70
54: 47 52 67
55: 47 48 65
56: 38 50 65
57: 40 49 66
58: 36 51 68
59: 39 50 68
60: 35 51 69
61: 37 49 67
62: 42 46 66
63: 43 45 70
64: 41 44 69
65: 55 56 74
66: 57 62 76
67: 54 61 77
68: 58 59 79
69: 60 64 75
70: 53 63 78
71: 5 77 79
72: 30 74 75
73: 31 76 78
74: 65 72 83
75: 69 72 84
76: 66 73 86
77: 67 71 85
78: 70 73 88
79: 68 71 87
80: 48 83 88
81: 51 84 87
82: 49 85 86
83: 2 74 80
84: 2 75 81
85: 4 77 82
86: 3 76 82
87: 4 79 81
88: 3 78 80

1: 2 3 4
2: 1 87 88
3: 1 86 88
4: 1 84 85
5: 6 7 88
6: 5 82 83
7: 5 81 83
8: 9 10 83
9: 8 79 80
10: 8 78 80
11: 80 84 85
12: 14 17 85
13: 15 16 84
14: 12 18 81
15: 13 21 82
16: 13 20 82
17: 12 19 81
18: 14 24 25
19: 17 22 23
20: 16 22 23
21: 15 24 25
22: 19 20 27
23: 19 20 26
24: 18 21 29
25: 18 21 28
26: 23 30 33
27: 22 31 32
28: 25 30 33
29: 24 31 32
30: 26 28 34
31: 27 29 35
32: 27 29 37
33: 26 28 36
34: 30 38 39
35: 31 38 39
36: 33 40 41
37: 32 40 41
38: 34 35 43
39: 34 35 42
40: 36 37 45
41: 36 37 44
42: 39 46 49
43: 38 47 48
44: 41 46 49
45: 40 47 48
46: 42 44 50
47: 43 45 51
48: 43 45 53
49: 42 44 52
50: 46 54 55
51: 47 54 55
52: 49 56 57
53: 48 56 57
54: 50 51 59
55: 50 51 58
56: 52 53 61
57: 52 53 60
58: 55 62 65
59: 54 63 64
60: 57 62 65
61: 56 63 64
62: 58 60 66
63: 59 61 67
64: 59 61 69
65: 58 60 68
66: 62 70 71
67: 63 70 71
68: 65 72 73
69: 64 72 73
70: 66 67 74
71: 66 67 75
72: 68 69 77
73: 68 69 76
74: 70 78 86
75: 71 79 87
76: 73 79 87
77: 72 78 86
78: 10 74 77
79: 9 75 76
80: 9 10 11
81: 7 14 17
82: 6 15 16
83: 6 7 8
84: 4 11 13
85: 4 11 12
86: 3 74 77
87: 2 75 76
88: 2 3 5

