1: 2 3 4
2: 1 49 50
3: 1 52 54
4: 1 51 53
5: 13 15 18
6: 13 16 17
7: 14 20 21
8: 14 19 22
9: 15 19 23
10: 18 22 24
11: 17 21 24
12: 16 20 23
13: 5 6 25
14: 7 8 34
15: 5 9 26
16: 6 12 27
17: 6 11 29
18: 5 10 28
19: 8 9 33
20: 7 12 32
21: 7 11 31
22: 8 10 30
23: 9 12 36
24: 10 11 35
25: 13 37 38
26: 15 40 44
27: 16 40 42
28: 18 39 41
29: 17 39 43
30: 22 44 46
31: 21 42 46
32: 20 43 45
33: 19 41 45
34: 14 47 48
35: 24 38 48
36: 23 37 47
37: 25 36 53
38: 25 35 54
39: 28 29 54
40: 26 27 53
41: 28 33 49
42: 27 31 50
43: 29 32 50
44: 26 30 49
45: 32 33 52
46: 30 31 51
47: 34 36 52
48: 34 35 51
49: 2 41 44
50: 2 42 43
51: 4 46 48
52: 3 45 47
53: 4 37 40
54: 3 38 39

1: 2 3 4
2: 1 50 51
3: 1 52 53
4: 1 49 54
5: 6 7 48
6: 5 41 47
7: 5 39 40
8: 20 45 46
9: 19 24 46
10: 19 22 41
11: 12 13 40
12: 11 36 38
13: 11 35 37
14: 15 16 34
15: 14 27 33
16: 14 28 32
17: 18 20 31
18: 17 44 45
19: 9 10 42
20: 8 17 23
21: 26 31 33
22: 10 25 30
23: 20 24 26
24: 9 23 25
25: 22 24 28
26: 21 23 27
27: 15 26 28
28: 16 25 27
29: 37 43 44
30: 22 32 38
31: 17 21 37
32: 16 30 36
33: 15 21 35
34: 14 35 36
35: 13 33 34
36: 12 32 34
37: 13 29 31
38: 12 30 39
39: 7 38 41
40: 7 11 43
41: 6 10 39
42: 19 47 54
43: 29 40 50
44: 18 29 51
45: 8 18 52
46: 8 9 53
47: 6 42 49
48: 5 49 50
49: 4 47 48
50: 2 43 48
51: 2 44 52
52: 3 45 51
53: 3 46 54
54: 4 42 53

1: 2 3 4
2: 1 49 54
3: 1 50 52
4: 1 51 53
5: 6 7 40
6: 5 33 39
7: 5 32 38
8: 9 10 31
9: 8 26 28
10: 8 25 27
11: 36 38 48
12: 13 15 39
13: 12 14 47
14: 13 16 35
15: 12 18 29
16: 14 18 19
17: 19 20 24
18: 15 16 22
19: 16 17 23
20: 17 21 35
21: 20 27 34
22: 18 23 28
23: 19 22 26
24: 17 26 27
25: 10 30 37
26: 9 23 24
27: 10 21 24
28: 9 22 29
29: 15 28 33
30: 25 32 36
31: 8 32 33
32: 7 30 31
33: 6 29 31
34: 21 37 45
35: 14 20 46
36: 11 30 44
37: 25 34 43
38: 7 11 42
39: 6 12 41
40: 5 41 42
41: 39 40 52
42: 38 40 50
43: 37 44 53
44: 36 43 51
45: 34 46 54
46: 35 45 49
47: 13 49 52
48: 11 50 51
49: 2 46 47
50: 3 42 48
51: 4 44 48
52: 3 41 47
53: 4 43 54
54: 2 45 53

1: 2 3 4
2: 1 51 52
3: 1 50 54
4: 1 49 53
5: 7 11 15
6: 7 10 16
7: 5 6 14
8: 9 12 22
9: 8 13 23
10: 6 11 12
11: 5 10 13
12: 8 10 19
13: 9 11 20
14: 7 17 18
15: 5 18 20
16: 6 17 19
17: 14 16 25
18: 14 15 24
19: 12 16 31
20: 13 15 30
21: 24 25 48
22: 8 27 28
23: 9 26 29
24: 18 21 39
25: 17 21 38
26: 23 27 35
27: 22 26 34
28: 22 31 37
29: 23 30 36
30: 20 29 39
31: 19 28 38
32: 34 37 47
33: 35 36 46
34: 27 32 41
35: 26 33 40
36: 29 33 45
37: 28 32 44
38: 25 31 43
39: 24 30 42
40: 35 41 52
41: 34 40 51
42: 39 45 50
43: 38 44 49
44: 37 43 53
45: 36 42 54
46: 33 52 54
47: 32 51 53
48: 21 49 50
49: 4 43 48
50: 3 42 48
51: 2 41 47
52: 2 40 46
53: 4 44 47
54: 3 45 46

1: 2 3 4
2: 1 53 54
3: 1 49 50
4: 1 51 52
5: 15 16 39
6: 9 11 14
7: 8 12 13
8: 7 9 16
9: 6 8 15
10: 11 17 20
11: 6 10 21
12: 7 14 28
13: 7 19 23
14: 6 12 24
15: 5 9 20
16: 5 8 23
17: 10 22 25
18: 21 22 38
19: 13 26 27
20: 10 15 32
21: 11 18 36
22: 17 18 37
23: 13 16 33
24: 14 29 36
25: 17 30 32
26: 19 31 33
27: 19 28 35
28: 12 27 34
29: 24 34 48
30: 25 37 46
31: 26 35 47
32: 20 25 41
33: 23 26 40
34: 28 29 45
35: 27 31 44
36: 21 24 43
37: 22 30 42
38: 18 42 43
39: 5 40 41
40: 33 39 50
41: 32 39 49
42: 37 38 54
43: 36 38 53
44: 35 45 52
45: 34 44 51
46: 30 49 54
47: 31 50 52
48: 29 51 53
49: 3 41 46
50: 3 40 47
51: 4 45 48
52: 4 44 47
53: 2 43 48
54: 2 42 46

1: 2 3 4
2: 1 49 51
3: 1 52 53
4: 1 50 54
5: 6 7 40
6: 5 33 39
7: 5 31 32
8: 19 39 48
9: 19 24 33
10: 11 12 32
11: 10 30 31
12: 10 28 29
13: 17 35 36
14: 15 16 35
15: 14 23 27
16: 14 25 47
17: 13 22 23
18: 21 23 26
19: 8 9 37
20: 21 22 37
21: 18 20 24
22: 17 20 38
23: 15 17 18
24: 9 21 30
25: 16 28 34
26: 18 27 29
27: 15 26 28
28: 12 25 27
29: 12 26 30
30: 11 24 29
31: 7 11 33
32: 7 10 34
33: 6 9 31
34: 25 32 42
35: 13 14 43
36: 13 38 44
37: 19 20 46
38: 22 36 45
39: 6 8 41
40: 5 41 42
41: 39 40 51
42: 34 40 49
43: 35 44 52
44: 36 43 53
45: 38 46 54
46: 37 45 50
47: 16 49 52
48: 8 50 51
49: 2 42 47
50: 4 46 48
51: 2 41 48
52: 3 43 47
53: 3 44 54
54: 4 45 53

1: 2 3 4
2: 1 50 54
3: 1 49 52
4: 1 51 53
5: 7 25 38
6: 14 16 40
7: 5 8 26
8: 7 9 10
9: 8 22 30
10: 8 20 21
11: 20 22 27
12: 16 17 21
13: 21 24 26
14: 6 17 29
15: 18 19 29
16: 6 12 24
17: 12 14 18
18: 15 17 20
19: 15 27 28
20: 10 11 18
21: 10 12 13
22: 9 11 39
23: 28 34 48
24: 13 16 37
25: 5 30 33
26: 7 13 36
27: 11 19 34
28: 19 23 35
29: 14 15 35
30: 9 25 32
31: 32 33 47
32: 30 31 46
33: 25 31 45
34: 23 27 42
35: 28 29 41
36: 26 37 44
37: 24 36 43
38: 5 44 45
39: 22 42 46
40: 6 41 43
41: 35 40 50
42: 34 39 49
43: 37 40 54
44: 36 38 53
45: 33 38 51
46: 32 39 52
47: 31 51 52
48: 23 49 50
49: 3 42 48
50: 2 41 48
51: 4 45 47
52: 3 46 47
53: 4 44 54
54: 2 43 53

1: 2 3 4
2: 1 53 54
3: 1 50 51
4: 1 49 52
5: 7 8 38
6: 31 33 35
7: 5 10 29
8: 5 27 28
9: 26 31 36
10: 7 12 36
11: 18 32 37
12: 10 13 14
13: 12 24 26
14: 12 23 25
15: 16 17 22
16: 15 30 32
17: 15 18 19
18: 11 17 21
19: 17 28 29
20: 23 30 34
21: 18 25 34
22: 15 23 24
23: 14 20 22
24: 13 22 28
25: 14 21 29
26: 9 13 27
27: 8 26 35
28: 8 19 24
29: 7 19 25
30: 16 20 48
31: 6 9 47
32: 11 16 42
33: 6 40 46
34: 20 21 45
35: 6 27 44
36: 9 10 43
37: 11 41 45
38: 5 43 44
39: 40 41 42
40: 33 39 51
41: 37 39 49
42: 32 39 50
43: 36 38 54
44: 35 38 53
45: 34 37 52
46: 33 49 53
47: 31 51 54
48: 30 50 52
49: 4 41 46
50: 3 42 48
51: 3 40 47
52: 4 45 48
53: 2 44 46
54: 2 43 47

1: 2 3 4
2: 1 51 54
3: 1 49 53
4: 1 50 52
5: 7 8 47
6: 7 44 46
7: 5 6 38
8: 5 9 10
9: 8 41 44
10: 8 39 40
11: 30 42 43
12: 14 42 45
13: 14 15 43
14: 12 13 34
15: 13 32 33
16: 17 18 27
17: 16 22 24
18: 16 21 23
19: 20 29 31
20: 19 23 24
21: 18 25 26
22: 17 28 29
23: 18 20 28
24: 17 20 25
25: 21 24 36
26: 21 35 37
27: 16 35 36
28: 22 23 32
29: 19 22 33
30: 11 33 34
31: 19 32 34
32: 15 28 31
33: 15 29 30
34: 14 30 31
35: 26 27 39
36: 25 27 40
37: 26 40 41
38: 7 39 41
39: 10 35 38
40: 10 36 37
41: 9 37 38
42: 11 12 51
43: 11 13 54
44: 6 9 53
45: 12 50 54
46: 6 49 52
47: 5 52 53
48: 49 50 51
49: 3 46 48
50: 4 45 48
51: 2 42 48
52: 4 46 47
53: 3 44 47
54: 2 43 45

1: 2 3 4
2: 1 51 52
3: 1 50 54
4: 1 49 53
5: 7 9 22
6: 33 45 46
7: 5 13 15
8: 11 14 27
9: 5 12 14
10: 11 12 13
11: 8 10 18
12: 9 10 20
13: 7 10 19
14: 8 9 17
15: 7 17 18
16: 19 20 34
17: 14 15 23
18: 11 15 24
19: 13 16 26
20: 12 16 25
21: 23 24 39
22: 5 25 26
23: 17 21 29
24: 18 21 30
25: 20 22 32
26: 19 22 31
27: 8 29 30
28: 31 32 47
29: 23 27 35
30: 24 27 36
31: 26 28 38
32: 25 28 37
33: 6 35 36
34: 16 37 38
35: 29 33 41
36: 30 33 42
37: 32 34 44
38: 31 34 43
39: 21 41 42
40: 43 44 48
41: 35 39 51
42: 36 39 52
43: 38 40 54
44: 37 40 53
45: 6 49 51
46: 6 50 52
47: 28 53 54
48: 40 49 50
49: 4 45 48
50: 3 46 48
51: 2 41 45
52: 2 42 46
53: 4 44 47
54: 3 43 47

1: 2 3 4
2: 1 53 54
3: 1 52 54
4: 1 51 53
5: 7 9 10
6: 8 9 10
7: 5 11 13
8: 6 12 14
9: 5 6 12
10: 5 6 11
11: 7 10 18
12: 8 9 17
13: 7 16 18
14: 8 15 17
15: 14 20 22
16: 13 19 21
17: 12 14 20
18: 11 13 19
19: 16 18 26
20: 15 17 25
21: 16 24 26
22: 15 23 25
23: 22 28 30
24: 21 27 29
25: 20 22 28
26: 19 21 27
27: 24 26 34
28: 23 25 33
29: 24 32 34
30: 23 31 33
31: 30 36 38
32: 29 35 37
33: 28 30 36
34: 27 29 35
35: 32 34 42
36: 31 33 41
37: 32 40 42
38: 31 39 41
39: 38 44 46
40: 37 43 45
41: 36 38 44
42: 35 37 43
43: 40 42 50
44: 39 41 49
45: 40 48 50
46: 39 47 49
47: 46 52 54
48: 45 51 53
49: 44 46 52
50: 43 45 51
51: 4 48 50
52: 3 47 49
53: 2 4 48
54: 2 3 47

1: 2 3 4
2: 1 49 50
3: 1 52 54
4: 1 51 53
5: 6 17 37
6: 5 8 29
7: 12 19 20
8: 6 14 15
9: 13 15 38
10: 12 13 14
11: 21 30 46
12: 7 10 26
13: 9 10 28
14: 8 10 27
15: 8 9 25
16: 23 24 48
17: 5 22 25
18: 26 27 47
19: 7 24 28
20: 7 22 23
21: 11 31 39
22: 17 20 36
23: 16 20 35
24: 16 19 33
25: 15 17 35
26: 12 18 36
27: 14 18 34
28: 13 19 32
29: 6 31 34
30: 11 32 33
31: 21 29 42
32: 28 30 45
33: 24 30 40
34: 27 29 41
35: 23 25 44
36: 22 26 43
37: 5 42 43
38: 9 44 45
39: 21 40 41
40: 33 39 52
41: 34 39 54
42: 31 37 49
43: 36 37 50
44: 35 38 51
45: 32 38 53
46: 11 49 53
47: 18 50 54
48: 16 51 52
49: 2 42 46
50: 2 43 47
51: 4 44 48
52: 3 40 48
53: 4 45 46
54: 3 41 47

1: 2 3 4
2: 1 53 54
3: 1 52 54
4: 1 51 53
5: 6 8 9
6: 5 7 10
7: 6 8 12
8: 5 7 11
9: 5 11 13
10: 6 12 14
11: 8 9 18
12: 7 10 17
13: 9 16 18
14: 10 15 17
15: 14 20 22
16: 13 19 21
17: 12 14 20
18: 11 13 19
19: 16 18 26
20: 15 17 25
21: 16 24 26
22: 15 23 25
23: 22 28 30
24: 21 27 29
25: 20 22 28
26: 19 21 27
27: 24 26 34
28: 23 25 33
29: 24 32 34
30: 23 31 33
31: 30 36 38
32: 29 35 37
33: 28 30 36
34: 27 29 35
35: 32 34 42
36: 31 33 41
37: 32 40 42
38: 31 39 41
39: 38 44 46
40: 37 43 45
41: 36 38 44
42: 35 37 43
43: 40 42 50
44: 39 41 49
45: 40 48 50
46: 39 47 49
47: 46 52 54
48: 45 51 53
49: 44 46 52
50: 43 45 51
51: 4 48 50
52: 3 47 49
53: 2 4 48
54: 2 3 47

1: 2 3 4
2: 1 49 50
3: 1 52 53
4: 1 51 54
5: 20 30 46
6: 19 20 28
7: 22 23 48
8: 19 21 29
9: 18 21 23
10: 12 15 29
11: 12 19 24
12: 10 11 14
13: 18 22 25
14: 12 25 27
15: 10 17 38
16: 24 28 47
17: 15 26 27
18: 9 13 37
19: 6 8 11
20: 5 6 33
21: 8 9 33
22: 7 13 35
23: 7 9 34
24: 11 16 36
25: 13 14 36
26: 17 32 39
27: 14 17 35
28: 6 16 31
29: 8 10 34
30: 5 31 32
31: 28 30 45
32: 26 30 44
33: 20 21 40
34: 23 29 42
35: 22 27 43
36: 24 25 41
37: 18 40 41
38: 15 42 44
39: 26 43 45
40: 33 37 49
41: 36 37 50
42: 34 38 51
43: 35 39 52
44: 32 38 54
45: 31 39 53
46: 5 49 54
47: 16 50 53
48: 7 51 52
49: 2 40 46
50: 2 41 47
51: 4 42 48
52: 3 43 48
53: 3 45 47
54: 4 44 46

1: 2 3 4
2: 1 53 54
3: 1 49 51
4: 1 50 52
5: 34 47 48
6: 9 10 22
7: 13 14 28
8: 11 12 15
9: 6 12 14
10: 6 11 13
11: 8 10 18
12: 8 9 17
13: 7 10 20
14: 7 9 19
15: 8 19 20
16: 17 18 33
17: 12 16 24
18: 11 16 23
19: 14 15 26
20: 13 15 25
21: 25 26 39
22: 6 23 24
23: 18 22 32
24: 17 22 31
25: 20 21 30
26: 19 21 29
27: 31 32 46
28: 7 29 30
29: 26 28 36
30: 25 28 35
31: 24 27 38
32: 23 27 37
33: 16 37 38
34: 5 35 36
35: 30 34 44
36: 29 34 43
37: 32 33 42
38: 31 33 41
39: 21 43 44
40: 41 42 45
41: 38 40 52
42: 37 40 51
43: 36 39 54
44: 35 39 53
45: 40 49 50
46: 27 51 52
47: 5 49 54
48: 5 50 53
49: 3 45 47
50: 4 45 48
51: 3 42 46
52: 4 41 46
53: 2 44 48
54: 2 43 47

1: 2 3 4
2: 1 53 54
3: 1 49 52
4: 1 50 51
5: 6 10 30
6: 5 9 29
7: 9 13 17
8: 10 14 18
9: 6 7 16
10: 5 8 15
11: 24 31 33
12: 23 32 34
13: 7 19 25
14: 8 20 26
15: 10 25 36
16: 9 26 35
17: 7 22 24
18: 8 21 23
19: 13 21 28
20: 14 22 27
21: 18 19 42
22: 17 20 41
23: 12 18 48
24: 11 17 47
25: 13 15 46
26: 14 16 45
27: 20 28 44
28: 19 27 43
29: 6 43 48
30: 5 44 47
31: 11 40 46
32: 12 39 45
33: 11 38 39
34: 12 37 40
35: 16 38 42
36: 15 37 41
37: 34 36 54
38: 33 35 53
39: 32 33 52
40: 31 34 51
41: 22 36 52
42: 21 35 51
43: 28 29 50
44: 27 30 49
45: 26 32 50
46: 25 31 49
47: 24 30 54
48: 23 29 53
49: 3 44 46
50: 4 43 45
51: 4 40 42
52: 3 39 41
53: 2 38 48
54: 2 37 47

1: 2 3 4
2: 1 49 53
3: 1 50 54
4: 1 51 52
5: 11 14 39
6: 12 13 37
7: 15 16 38
8: 25 28 46
9: 29 30 48
10: 26 27 47
11: 5 19 25
12: 6 22 26
13: 6 20 27
14: 5 21 28
15: 7 23 30
16: 7 24 29
17: 21 22 24
18: 19 20 23
19: 11 18 33
20: 13 18 31
21: 14 17 34
22: 12 17 35
23: 15 18 36
24: 16 17 32
25: 8 11 31
26: 10 12 34
27: 10 13 36
28: 8 14 32
29: 9 16 35
30: 9 15 33
31: 20 25 40
32: 24 28 41
33: 19 30 43
34: 21 26 42
35: 22 29 45
36: 23 27 44
37: 6 40 45
38: 7 41 44
39: 5 42 43
40: 31 37 49
41: 32 38 50
42: 34 39 52
43: 33 39 51
44: 36 38 54
45: 35 37 53
46: 8 49 50
47: 10 52 54
48: 9 51 53
49: 2 40 46
50: 3 41 46
51: 4 43 48
52: 4 42 47
53: 2 45 48
54: 3 44 47

1: 2 3 4
2: 1 51 52
3: 1 4 54
4: 1 3 53
5: 11 12 24
6: 13 14 23
7: 8 15 53
8: 7 16 53
9: 10 18 54
10: 9 17 54
11: 5 12 22
12: 5 11 19
13: 6 14 20
14: 6 13 21
15: 7 19 25
16: 8 20 26
17: 10 21 28
18: 9 22 27
19: 12 15 25
20: 13 16 26
21: 14 17 28
22: 11 18 27
23: 6 29 30
24: 5 31 32
25: 15 19 33
26: 16 20 34
27: 18 22 36
28: 17 21 35
29: 23 30 40
30: 23 29 37
31: 24 32 38
32: 24 31 39
33: 25 37 41
34: 26 38 42
35: 28 39 44
36: 27 40 43
37: 30 33 41
38: 31 34 42
39: 32 35 44
40: 29 36 43
41: 33 37 45
42: 34 38 47
43: 36 40 48
44: 35 39 46
45: 41 46 49
46: 44 45 49
47: 42 48 50
48: 43 47 50
49: 45 46 52
50: 47 48 51
51: 2 50 52
52: 2 49 51
53: 4 7 8
54: 3 9 10

1: 2 3 4
2: 1 49 54
3: 1 50 53
4: 1 51 52
5: 6 20 31
6: 5 22 28
7: 12 25 32
8: 11 21 27
9: 11 23 26
10: 13 24 31
11: 8 9 32
12: 7 16 36
13: 10 14 30
14: 13 15 35
15: 14 16 34
16: 12 15 29
17: 18 25 45
18: 17 27 43
19: 26 30 46
20: 5 21 38
21: 8 20 39
22: 6 23 40
23: 9 22 41
24: 10 33 41
25: 7 17 42
26: 9 19 44
27: 8 18 47
28: 6 29 43
29: 16 28 48
30: 13 19 47
31: 5 10 45
32: 7 11 37
33: 24 37 48
34: 15 38 44
35: 14 39 42
36: 12 40 46
37: 32 33 49
38: 20 34 49
39: 21 35 50
40: 22 36 50
41: 23 24 51
42: 25 35 51
43: 18 28 52
44: 26 34 52
45: 17 31 54
46: 19 36 54
47: 27 30 53
48: 29 33 53
49: 2 37 38
50: 3 39 40
51: 4 41 42
52: 4 43 44
53: 3 47 48
54: 2 45 46

1: 2 3 4
2: 1 50 51
3: 1 52 54
4: 1 49 53
5: 6 38 48
6: 5 7 8
7: 6 34 37
8: 6 35 36
9: 40 42 46
10: 21 43 44
11: 15 22 43
12: 19 21 39
13: 24 39 41
14: 15 23 40
15: 11 14 16
16: 15 19 20
17: 22 25 42
18: 20 41 45
19: 12 16 29
20: 16 18 33
21: 10 12 31
22: 11 17 26
23: 14 30 33
24: 13 28 32
25: 17 31 32
26: 22 35 47
27: 36 45 47
28: 24 37 46
29: 19 34 44
30: 23 34 38
31: 21 25 37
32: 24 25 36
33: 20 23 35
34: 7 29 30
35: 8 26 33
36: 8 27 32
37: 7 28 31
38: 5 30 52
39: 12 13 51
40: 9 14 54
41: 13 18 54
42: 9 17 53
43: 10 11 53
44: 10 29 50
45: 18 27 51
46: 9 28 52
47: 26 27 49
48: 5 49 50
49: 4 47 48
50: 2 44 48
51: 2 39 45
52: 3 38 46
53: 4 42 43
54: 3 40 41

