1: 9 14 15
2: 10 12 21
3: 11 18 25
4: 13 22 30
5: 20 28 32
6: 17 19 26
7: 16 24 29
8: 23 27 31
9: 1 10 33
10: 2 9 34
11: 3 15 33
12: 2 22 33
13: 4 25 33
14: 1 19 34
15: 1 11 35
16: 7 21 34
17: 6 29 34
18: 3 32 35
19: 6 14 35
20: 5 26 35
21: 2 16 36
22: 4 12 36
23: 8 30 36
24: 7 27 36
25: 3 13 37
26: 6 20 38
27: 8 24 38
28: 5 31 38
29: 7 17 38
30: 4 23 37
31: 8 28 37
32: 5 18 37
33: 9 11 12 13
34: 10 14 16 17
35: 15 18 19 20
36: 21 22 23 24
37: 25 30 31 32
38: 26 27 28 29

1: 25 34 38
2: 28 34 35
3: 26 29 35
4: 27 32 33
5: 20 21 31
6: 21 24 30
7: 21 23 31
8: 21 24 36
9: 26 27 29
10: 19 22 33
11: 19 22 29
12: 17 23 30
13: 15 18 32
14: 15 17 37
15: 13 14 37 38
16: 32 33 34 38
17: 12 14 31 38
18: 13 32 35 37
19: 10 11 34 35
20: 5 31 36 37
21: 5 6 7 8
22: 10 11 29 33
23: 7 12 30 31
24: 6 8 30 36
25: 1 30 36 38
26: 3 9 32 35
27: 4 9 29 33
28: 2 34 36 37
29: 3 9 11 22 27
30: 6 12 23 24 25
31: 5 7 17 20 23
32: 4 13 16 18 26
33: 4 10 16 22 27
34: 1 2 16 19 28
35: 2 3 18 19 26
36: 8 20 24 25 28
37: 14 15 18 20 28
38: 1 15 16 17 25

1: 27 35 37
2: 28 36 38
3: 29 31 37
4: 30 32 38
5: 25 34 36
6: 26 33 35
7: 23 24 37
8: 23 24 38
9: 22 23 35
10: 21 24 36
11: 19 30 32
12: 20 29 31
13: 19 25 34
14: 20 26 33
15: 21 25 32
16: 22 26 31
17: 28 30 34
18: 27 29 33
19: 11 13 32 34
20: 12 14 31 33
21: 10 15 32 36
22: 9 16 31 35
23: 7 8 9 37
24: 7 8 10 38
25: 5 13 15 36
26: 6 14 16 35
27: 1 18 33 37
28: 2 17 34 38
29: 3 12 18 37
30: 4 11 17 38
31: 3 12 16 20 22
32: 4 11 15 19 21
33: 6 14 18 20 27
34: 5 13 17 19 28
35: 1 6 9 22 26
36: 2 5 10 21 25
37: 1 3 7 23 27 29
38: 2 4 8 24 28 30

1: 27 30 38
2: 28 37 38
3: 20 36 38
4: 21 25 30
5: 27 30 35
6: 28 31 37
7: 23 28 32
8: 22 26 37
9: 20 29 37
10: 19 26 32
11: 26 32 33
12: 21 34 35
13: 24 34 35
14: 25 29 36
15: 25 34 36
16: 24 27 36
17: 22 31 33
18: 23 31 33
19: 10 29 32 38
20: 3 9 29 38
21: 4 12 30 34
22: 8 17 33 37
23: 7 18 31 32
24: 13 16 35 36
25: 4 14 15 34
26: 8 10 11 33
27: 1 5 16 35
28: 2 6 7 31
29: 9 14 19 20 38
30: 1 4 5 21 38
31: 6 17 18 23 28
32: 7 10 11 19 23
33: 11 17 18 22 26
34: 12 13 15 21 25
35: 5 12 13 24 27
36: 3 14 15 16 24
37: 2 6 8 9 22
38: 1 2 3 19 20 29 30

1: 29 30 36
2: 29 30 37
3: 29 35 38
4: 20 35 36
5: 21 31 36
6: 22 34 38
7: 23 29 38
8: 28 37 38
9: 26 33 35
10: 27 32 37
11: 19 26 31
12: 22 24 34
13: 27 28 34
14: 24 27 32
15: 25 26 33
16: 20 21 33
17: 21 25 31
18: 22 23 32
19: 11 30 31 35
20: 4 16 33 36
21: 5 16 17 36
22: 6 12 18 38
23: 7 18 32 38
24: 12 14 32 34
25: 15 17 31 33
26: 9 11 15 35
27: 10 13 14 37
28: 8 13 34 37
29: 1 2 3 7 37
30: 1 2 19 35 36
31: 5 11 17 19 25
32: 10 14 18 23 24
33: 9 15 16 20 25
34: 6 12 13 24 28
35: 3 4 9 19 26 30
36: 1 4 5 20 21 30
37: 2 8 10 27 28 29
38: 3 6 7 8 22 23

1: 20 37 38
2: 22 29 38
3: 27 30 38
4: 19 24 37
5: 21 22 37
6: 24 32 37
7: 20 30 36
8: 21 31 32
9: 22 29 31
10: 23 31 32
11: 27 30 35
12: 25 34 35
13: 26 34 35
14: 28 33 34
15: 28 33 36
16: 23 24 29
17: 25 28 30
18: 26 27 33
19: 4 36 37 38
20: 1 7 36 38
21: 5 8 31 37
22: 2 5 9 31
23: 10 16 29 32
24: 4 6 16 32
25: 12 17 30 34
26: 13 18 33 35
27: 3 11 18 35
28: 14 15 17 34
29: 2 9 16 23 38
30: 3 7 11 17 25
31: 8 9 10 21 22
32: 6 8 10 23 24
33: 14 15 18 26 36
34: 12 13 14 25 28
35: 11 12 13 26 27
36: 7 15 19 20 33 38
37: 1 4 5 6 19 21
38: 1 2 3 19 20 29 36

1: 19 36 38
2: 21 35 38
3: 20 34 38
4: 18 28 29
5: 22 32 33
6: 22 31 36
7: 23 31 36
8: 24 30 37
9: 26 31 32
10: 26 31 34
11: 27 28 29
12: 27 30 35
13: 24 28 30
14: 25 30 35
15: 19 33 36
16: 20 32 33
17: 21 29 35
18: 4 28 37 38
19: 1 15 33 38
20: 3 16 32 38
21: 2 17 29 38
22: 5 6 31 33
23: 7 34 36 37
24: 8 13 28 37
25: 14 34 35 37
26: 9 10 32 34
27: 11 12 29 30
28: 4 11 13 18 24
29: 4 11 17 21 27
30: 8 12 13 14 27
31: 6 7 9 10 22
32: 5 9 16 20 26
33: 5 15 16 19 22
34: 3 10 23 25 26
35: 2 12 14 17 25
36: 1 6 7 15 23
37: 8 18 23 24 25 38
38: 1 2 3 18 19 20 21 37

1: 2 3 4
2: 1 35 36
3: 1 34 38
4: 1 33 37
5: 6 7 32
6: 5 25 31
7: 5 24 30
8: 14 26 28
9: 15 27 29
10: 11 28 29
11: 10 16 17
12: 19 26 31
13: 18 27 30
14: 8 17 19
15: 9 16 18
16: 11 15 20
17: 11 14 21
18: 13 15 23
19: 12 14 22
20: 16 21 23
21: 17 20 22
22: 19 21 25
23: 18 20 24
24: 7 23 25
25: 6 22 24
26: 8 12 37
27: 9 13 38
28: 8 10 36
29: 9 10 35
30: 7 13 34
31: 6 12 33
32: 5 33 34
33: 4 31 32
34: 3 30 32
35: 2 29 38
36: 2 28 37
37: 4 26 36
38: 3 27 35

1: 2 3 4
2: 1 33 35
3: 1 37 38
4: 1 34 36
5: 8 11 17
6: 8 12 13
7: 8 14 16
8: 5 6 7
9: 14 23 31
10: 13 22 32
11: 5 12 18
12: 6 11 22
13: 6 10 21
14: 7 9 20
15: 18 19 30
16: 7 21 23
17: 5 19 20
18: 11 15 26
19: 15 17 27
20: 14 17 28
21: 13 16 25
22: 10 12 29
23: 9 16 24
24: 23 25 33
25: 21 24 35
26: 18 29 36
27: 19 28 38
28: 20 27 37
29: 22 26 34
30: 15 36 38
31: 9 33 37
32: 10 34 35
33: 2 24 31
34: 4 29 32
35: 2 25 32
36: 4 26 30
37: 3 28 31
38: 3 27 30

1: 2 3 4
2: 1 34 37
3: 1 33 38
4: 1 35 36
5: 17 18 24
6: 7 8 18
7: 6 10 17
8: 6 9 16
9: 8 10 14
10: 7 9 15
11: 14 19 23
12: 16 21 32
13: 15 22 31
14: 9 11 20
15: 10 13 20
16: 8 12 19
17: 5 7 22
18: 5 6 21
19: 11 16 30
20: 14 15 29
21: 12 18 26
22: 13 17 25
23: 11 27 28
24: 5 25 26
25: 22 24 36
26: 21 24 35
27: 23 30 38
28: 23 29 37
29: 20 28 34
30: 19 27 33
31: 13 34 36
32: 12 33 35
33: 3 30 32
34: 2 29 31
35: 4 26 32
36: 4 25 31
37: 2 28 38
38: 3 27 37

1: 2 3 4
2: 1 34 35
3: 1 36 37
4: 1 33 38
5: 6 7 32
6: 5 25 31
7: 5 24 30
8: 13 26 27
9: 12 14 27
10: 14 15 17
11: 13 16 17
12: 9 15 29
13: 8 11 14
14: 9 10 13
15: 10 12 21
16: 11 19 26
17: 10 11 20
18: 22 29 31
19: 16 23 28
20: 17 21 23
21: 15 20 22
22: 18 21 25
23: 19 20 24
24: 7 23 25
25: 6 22 24
26: 8 16 36
27: 8 9 37
28: 19 30 35
29: 12 18 38
30: 7 28 34
31: 6 18 33
32: 5 33 34
33: 4 31 32
34: 2 30 32
35: 2 28 36
36: 3 26 35
37: 3 27 38
38: 4 29 37

1: 2 3 4
2: 1 34 35
3: 1 36 38
4: 1 33 37
5: 6 8 24
6: 5 7 23
7: 6 9 22
8: 5 9 12
9: 7 8 13
10: 11 12 17
11: 10 13 15
12: 8 10 20
13: 9 11 21
14: 15 21 32
15: 11 14 19
16: 18 20 31
17: 10 18 19
18: 16 17 30
19: 15 17 29
20: 12 16 27
21: 13 14 28
22: 7 26 28
23: 6 25 26
24: 5 25 27
25: 23 24 38
26: 22 23 37
27: 20 24 36
28: 21 22 33
29: 19 30 34
30: 18 29 35
31: 16 35 36
32: 14 33 34
33: 4 28 32
34: 2 29 32
35: 2 30 31
36: 3 27 31
37: 4 26 38
38: 3 25 37

1: 2 3 4
2: 1 33 38
3: 1 34 36
4: 1 35 37
5: 6 9 10
6: 5 8 17
7: 8 9 18
8: 6 7 16
9: 5 7 11
10: 5 14 15
11: 9 14 24
12: 15 22 32
13: 16 19 31
14: 10 11 22
15: 10 12 20
16: 8 13 21
17: 6 20 21
18: 7 19 23
19: 13 18 28
20: 15 17 30
21: 16 17 29
22: 12 14 26
23: 18 24 27
24: 11 23 25
25: 24 26 37
26: 22 25 35
27: 23 28 38
28: 19 27 33
29: 21 30 36
30: 20 29 34
31: 13 33 36
32: 12 34 35
33: 2 28 31
34: 3 30 32
35: 4 26 32
36: 3 29 31
37: 4 25 38
38: 2 27 37

1: 2 3 4
2: 1 34 35
3: 1 36 37
4: 1 33 38
5: 6 7 32
6: 5 25 31
7: 5 23 24
8: 13 14 30
9: 13 16 25
10: 11 12 24
11: 10 20 21
12: 10 19 22
13: 8 9 26
14: 8 17 18
15: 18 20 29
16: 9 17 19
17: 14 16 22
18: 14 15 21
19: 12 16 23
20: 11 15 28
21: 11 18 22
22: 12 17 21
23: 7 19 25
24: 7 10 27
25: 6 9 23
26: 13 31 38
27: 24 28 34
28: 20 27 35
29: 15 30 36
30: 8 29 37
31: 6 26 33
32: 5 33 34
33: 4 31 32
34: 2 27 32
35: 2 28 36
36: 3 29 35
37: 3 30 38
38: 4 26 37

1: 2 3 4
2: 1 33 37
3: 1 35 36
4: 1 34 38
5: 6 8 11
6: 5 7 9
7: 6 13 23
8: 5 10 13
9: 6 12 24
10: 8 15 16
11: 5 12 14
12: 9 11 21
13: 7 8 19
14: 11 15 22
15: 10 14 20
16: 10 17 19
17: 16 20 31
18: 21 22 32
19: 13 16 26
20: 15 17 28
21: 12 18 30
22: 14 18 29
23: 7 25 26
24: 9 25 27
25: 23 24 37
26: 19 23 33
27: 24 30 38
28: 20 29 36
29: 22 28 35
30: 21 27 34
31: 17 33 36
32: 18 34 35
33: 2 26 31
34: 4 30 32
35: 3 29 32
36: 3 28 31
37: 2 25 38
38: 4 27 37

1: 2 3 4
2: 1 33 37
3: 1 34 36
4: 1 35 38
5: 6 10 11
6: 5 7 9
7: 6 8 22
8: 7 13 24
9: 6 12 23
10: 5 13 15
11: 5 12 14
12: 9 11 18
13: 8 10 20
14: 11 15 21
15: 10 14 19
16: 19 20 32
17: 18 21 31
18: 12 17 28
19: 15 16 30
20: 13 16 27
21: 14 17 29
22: 7 25 26
23: 9 26 28
24: 8 25 27
25: 22 24 38
26: 22 23 37
27: 20 24 35
28: 18 23 33
29: 21 30 36
30: 19 29 34
31: 17 33 36
32: 16 34 35
33: 2 28 31
34: 3 30 32
35: 4 27 32
36: 3 29 31
37: 2 26 38
38: 4 25 37

1: 2 3 4
2: 1 35 36
3: 1 33 38
4: 1 34 37
5: 6 7 32
6: 5 23 25
7: 5 22 24
8: 9 10 21
9: 8 16 20
10: 8 15 19
11: 13 17 26
12: 14 18 27
13: 11 16 29
14: 12 15 28
15: 10 14 16
16: 9 13 15
17: 11 20 24
18: 12 19 25
19: 10 18 23
20: 9 17 22
21: 8 22 23
22: 7 20 21
23: 6 19 21
24: 7 17 31
25: 6 18 30
26: 11 31 38
27: 12 30 37
28: 14 29 36
29: 13 28 35
30: 25 27 34
31: 24 26 33
32: 5 33 34
33: 3 31 32
34: 4 30 32
35: 2 29 38
36: 2 28 37
37: 4 27 36
38: 3 26 35

1: 2 3 4
2: 1 37 38
3: 1 36 38
4: 1 35 37
5: 7 9 10
6: 8 9 10
7: 5 11 13
8: 6 12 14
9: 5 6 12
10: 5 6 11
11: 7 10 18
12: 8 9 17
13: 7 16 18
14: 8 15 17
15: 14 20 22
16: 13 19 21
17: 12 14 20
18: 11 13 19
19: 16 18 26
20: 15 17 25
21: 16 24 26
22: 15 23 25
23: 22 28 30
24: 21 27 29
25: 20 22 28
26: 19 21 27
27: 24 26 34
28: 23 25 33
29: 24 32 34
30: 23 31 33
31: 30 36 38
32: 29 35 37
33: 28 30 36
34: 27 29 35
35: 4 32 34
36: 3 31 33
37: 2 4 32
38: 2 3 31

1: 2 3 4
2: 1 34 36
3: 1 35 37
4: 1 33 38
5: 8 11 30
6: 10 13 32
7: 9 12 31
8: 5 16 22
9: 7 17 21
10: 6 15 23
11: 5 18 19
12: 7 18 20
13: 6 19 20
14: 15 16 17
15: 10 14 24
16: 8 14 26
17: 9 14 25
18: 11 12 27
19: 11 13 29
20: 12 13 28
21: 9 24 27
22: 8 25 29
23: 10 26 28
24: 15 21 34
25: 17 22 35
26: 16 23 33
27: 18 21 36
28: 20 23 38
29: 19 22 37
30: 5 33 36
31: 7 35 38
32: 6 34 37
33: 4 26 30
34: 2 24 32
35: 3 25 31
36: 2 27 30
37: 3 29 32
38: 4 28 31

1: 2 3 4
2: 1 35 38
3: 1 33 37
4: 1 34 36
5: 7 8 31
6: 7 28 30
7: 5 6 22
8: 5 9 10
9: 8 25 28
10: 8 23 24
11: 16 26 27
12: 14 26 29
13: 14 15 27
14: 12 13 18
15: 13 19 20
16: 11 18 20
17: 18 19 21
18: 14 16 17
19: 15 17 23
20: 15 16 24
21: 17 24 25
22: 7 23 25
23: 10 19 22
24: 10 20 21
25: 9 21 22
26: 11 12 35
27: 11 13 38
28: 6 9 37
29: 12 34 38
30: 6 33 36
31: 5 36 37
32: 33 34 35
33: 3 30 32
34: 4 29 32
35: 2 26 32
36: 4 30 31
37: 3 28 31
38: 2 27 29

1: 2 3 4
2: 1 37 38
3: 1 34 35
4: 1 33 36
5: 7 18 22
6: 15 17 20
7: 5 8 9
8: 7 13 20
9: 7 16 21
10: 13 14 16
11: 13 15 19
12: 14 18 19
13: 8 10 11
14: 10 12 32
15: 6 11 31
16: 9 10 25
17: 6 24 30
18: 5 12 29
19: 11 12 27
20: 6 8 28
21: 9 26 29
22: 5 27 28
23: 24 25 26
24: 17 23 35
25: 16 23 34
26: 21 23 33
27: 19 22 38
28: 20 22 37
29: 18 21 36
30: 17 33 37
31: 15 35 38
32: 14 34 36
33: 4 26 30
34: 3 25 32
35: 3 24 31
36: 4 29 32
37: 2 28 30
38: 2 27 31

1: 2 3 4
2: 1 37 38
3: 1 36 38
4: 1 35 37
5: 6 8 9
6: 5 7 10
7: 6 8 12
8: 5 7 11
9: 5 11 13
10: 6 12 14
11: 8 9 18
12: 7 10 17
13: 9 16 18
14: 10 15 17
15: 14 20 22
16: 13 19 21
17: 12 14 20
18: 11 13 19
19: 16 18 26
20: 15 17 25
21: 16 24 26
22: 15 23 25
23: 22 28 30
24: 21 27 29
25: 20 22 28
26: 19 21 27
27: 24 26 34
28: 23 25 33
29: 24 32 34
30: 23 31 33
31: 30 36 38
32: 29 35 37
33: 28 30 36
34: 27 29 35
35: 4 32 34
36: 3 31 33
37: 2 4 32
38: 2 3 31

