1: 2 3 4
2: 1 48 49
3: 1 50 52
4: 1 47 51
5: 6 7 46
6: 5 37 38
7: 5 36 39
8: 9 10 35
9: 8 30 34
10: 8 28 29
11: 22 32 33
12: 16 26 33
13: 16 43 45
14: 15 42 43
15: 14 16 17
16: 12 13 15
17: 15 26 27
18: 23 25 27
19: 27 41 42
20: 21 25 41
21: 20 24 40
22: 11 23 26
23: 18 22 28
24: 21 30 31
25: 18 20 29
26: 12 17 22
27: 17 18 19
28: 10 23 32
29: 10 25 30
30: 9 24 29
31: 24 34 39
32: 11 28 37
33: 11 12 38
34: 9 31 36
35: 8 36 37
36: 7 34 35
37: 6 32 35
38: 6 33 45
39: 7 31 44
40: 21 44 49
41: 19 20 50
42: 14 19 52
43: 13 14 51
44: 39 40 48
45: 13 38 47
46: 5 47 48
47: 4 45 46
48: 2 44 46
49: 2 40 50
50: 3 41 49
51: 4 43 52
52: 3 42 51

1: 2 3 4
2: 1 47 48
3: 1 50 52
4: 1 49 51
5: 7 9 13
6: 7 11 12
7: 5 6 10
8: 9 15 30
9: 5 8 14
10: 7 14 17
11: 6 17 19
12: 6 16 18
13: 5 15 16
14: 9 10 22
15: 8 13 25
16: 12 13 24
17: 10 11 23
18: 12 19 26
19: 11 18 27
20: 22 23 44
21: 24 25 45
22: 14 20 32
23: 17 20 36
24: 16 21 37
25: 15 21 33
26: 18 29 37
27: 19 28 36
28: 27 29 35
29: 26 28 34
30: 8 32 33
31: 34 35 46
32: 22 30 38
33: 25 30 39
34: 29 31 41
35: 28 31 40
36: 23 27 43
37: 24 26 42
38: 32 39 47
39: 33 38 48
40: 35 43 49
41: 34 42 50
42: 37 41 52
43: 36 40 51
44: 20 47 51
45: 21 48 52
46: 31 49 50
47: 2 38 44
48: 2 39 45
49: 4 40 46
50: 3 41 46
51: 4 43 44
52: 3 42 45

1: 2 3 4
2: 1 48 49
3: 1 50 51
4: 1 47 52
5: 6 7 46
6: 5 39 45
7: 5 37 38
8: 17 22 44
9: 20 43 44
10: 17 21 39
11: 12 13 38
12: 11 34 36
13: 11 33 35
14: 15 16 32
15: 14 26 31
16: 14 25 30
17: 8 10 40
18: 20 28 30
19: 28 42 43
20: 9 18 24
21: 10 23 27
22: 8 23 24
23: 21 22 26
24: 20 22 25
25: 16 24 26
26: 15 23 25
27: 21 31 35
28: 18 19 36
29: 36 41 42
30: 16 18 34
31: 15 27 33
32: 14 33 34
33: 13 31 32
34: 12 30 32
35: 13 27 37
36: 12 28 29
37: 7 35 39
38: 7 11 41
39: 6 10 37
40: 17 45 52
41: 29 38 48
42: 19 29 49
43: 9 19 50
44: 8 9 51
45: 6 40 47
46: 5 47 48
47: 4 45 46
48: 2 41 46
49: 2 42 50
50: 3 43 49
51: 3 44 52
52: 4 40 51

1: 2 3 4
2: 1 48 49
3: 1 50 52
4: 1 47 51
5: 6 7 46
6: 5 37 39
7: 5 36 38
8: 9 10 35
9: 8 28 29
10: 8 27 30
11: 12 26 40
12: 11 22 41
13: 17 24 25
14: 18 25 31
15: 18 43 45
16: 17 42 43
17: 13 16 18
18: 14 15 17
19: 20 23 32
20: 19 41 44
21: 24 40 42
22: 12 23 27
23: 19 22 30
24: 13 21 28
25: 13 14 29
26: 11 27 28
27: 10 22 26
28: 9 24 26
29: 9 25 34
30: 10 23 33
31: 14 34 38
32: 19 33 39
33: 30 32 37
34: 29 31 36
35: 8 36 37
36: 7 34 35
37: 6 33 35
38: 7 31 45
39: 6 32 44
40: 11 21 50
41: 12 20 49
42: 16 21 52
43: 15 16 51
44: 20 39 48
45: 15 38 47
46: 5 47 48
47: 4 45 46
48: 2 44 46
49: 2 41 50
50: 3 40 49
51: 4 43 52
52: 3 42 51

1: 2 3 4
2: 1 48 49
3: 1 50 51
4: 1 47 52
5: 6 7 46
6: 5 39 45
7: 5 37 38
8: 11 25 44
9: 11 23 39
10: 12 37 39
11: 8 9 40
12: 10 24 35
13: 14 15 38
14: 13 35 37
15: 13 34 36
16: 18 24 33
17: 27 31 32
18: 16 26 32
19: 20 21 31
20: 19 29 42
21: 19 27 28
22: 23 25 26
23: 9 22 24
24: 12 16 23
25: 8 22 28
26: 18 22 27
27: 17 21 26
28: 21 25 29
29: 20 28 43
30: 36 41 42
31: 17 19 36
32: 17 18 34
33: 16 34 35
34: 15 32 33
35: 12 14 33
36: 15 30 31
37: 7 10 14
38: 7 13 41
39: 6 9 10
40: 11 45 52
41: 30 38 48
42: 20 30 49
43: 29 44 50
44: 8 43 51
45: 6 40 47
46: 5 47 48
47: 4 45 46
48: 2 41 46
49: 2 42 50
50: 3 43 49
51: 3 44 52
52: 4 40 51

1: 2 3 4
2: 1 48 50
3: 1 47 52
4: 1 49 51
5: 8 14 35
6: 7 8 38
7: 6 19 37
8: 5 6 12
9: 11 12 18
10: 11 15 16
11: 9 10 14
12: 8 9 19
13: 16 17 23
14: 5 11 23
15: 10 18 26
16: 10 13 25
17: 13 20 28
18: 9 15 27
19: 7 12 27
20: 17 24 30
21: 24 28 36
22: 25 26 45
23: 13 14 31
24: 20 21 32
25: 16 22 34
26: 15 22 33
27: 18 19 33
28: 17 21 34
29: 30 32 46
30: 20 29 31
31: 23 30 41
32: 24 29 42
33: 26 27 44
34: 25 28 43
35: 5 39 41
36: 21 42 43
37: 7 40 44
38: 6 39 40
39: 35 38 52
40: 37 38 51
41: 31 35 47
42: 32 36 48
43: 34 36 50
44: 33 37 49
45: 22 49 50
46: 29 47 48
47: 3 41 46
48: 2 42 46
49: 4 44 45
50: 2 43 45
51: 4 40 52
52: 3 39 51

1: 2 3 4
2: 1 47 49
3: 1 50 51
4: 1 48 52
5: 6 7 38
6: 5 31 37
7: 5 29 30
8: 9 19 37
9: 8 18 46
10: 23 30 31
11: 19 22 31
12: 16 27 32
13: 14 15 30
14: 13 27 29
15: 13 26 28
16: 12 33 45
17: 18 19 20
18: 9 17 35
19: 8 11 17
20: 17 21 22
21: 20 24 35
22: 11 20 23
23: 10 22 28
24: 21 28 36
25: 26 27 33
26: 15 25 34
27: 12 14 25
28: 15 23 24
29: 7 14 32
30: 7 10 13
31: 6 10 11
32: 12 29 40
33: 16 25 41
34: 26 36 42
35: 18 21 44
36: 24 34 43
37: 6 8 39
38: 5 39 40
39: 37 38 49
40: 32 38 47
41: 33 42 50
42: 34 41 51
43: 36 44 52
44: 35 43 48
45: 16 47 50
46: 9 48 49
47: 2 40 45
48: 4 44 46
49: 2 39 46
50: 3 41 45
51: 3 42 52
52: 4 43 51

1: 2 3 4
2: 1 51 52
3: 1 50 52
4: 1 49 51
5: 6 7 10
6: 5 8 9
7: 5 9 11
8: 6 10 12
9: 6 7 16
10: 5 8 15
11: 7 14 16
12: 8 13 15
13: 12 18 20
14: 11 17 19
15: 10 12 18
16: 9 11 17
17: 14 16 24
18: 13 15 23
19: 14 22 24
20: 13 21 23
21: 20 26 28
22: 19 25 27
23: 18 20 26
24: 17 19 25
25: 22 24 32
26: 21 23 31
27: 22 30 32
28: 21 29 31
29: 28 34 36
30: 27 33 35
31: 26 28 34
32: 25 27 33
33: 30 32 40
34: 29 31 39
35: 30 38 40
36: 29 37 39
37: 36 42 44
38: 35 41 43
39: 34 36 42
40: 33 35 41
41: 38 40 48
42: 37 39 47
43: 38 46 48
44: 37 45 47
45: 44 50 52
46: 43 49 51
47: 42 44 50
48: 41 43 49
49: 4 46 48
50: 3 45 47
51: 2 4 46
52: 2 3 45

1: 2 3 4
2: 1 50 52
3: 1 49 52
4: 1 48 51
5: 6 7 52
6: 5 46 47
7: 5 45 47
8: 9 10 47
9: 8 42 44
10: 8 43 44
11: 12 13 44
12: 11 40 41
13: 11 39 41
14: 15 16 41
15: 14 38 51
16: 14 37 38
17: 18 48 51
18: 17 19 39
19: 18 22 23
20: 36 40 50
21: 35 40 50
22: 19 34 39
23: 19 32 33
24: 27 29 31
25: 26 29 43
26: 25 37 45
27: 24 38 49
28: 30 35 48
29: 24 25 34
30: 28 32 42
31: 24 33 49
32: 23 30 46
33: 23 31 46
34: 22 29 43
35: 21 28 42
36: 20 37 45
37: 16 26 36
38: 15 16 27
39: 13 18 22
40: 12 20 21
41: 12 13 14
42: 9 30 35
43: 10 25 34
44: 9 10 11
45: 7 26 36
46: 6 32 33
47: 6 7 8
48: 4 17 28
49: 3 27 31
50: 2 20 21
51: 4 15 17
52: 2 3 5

1: 2 3 4
2: 1 47 48
3: 1 50 51
4: 1 49 52
5: 18 28 44
6: 16 18 23
7: 20 21 46
8: 17 19 20
9: 16 19 21
10: 11 13 36
11: 10 24 26
12: 23 25 45
13: 10 22 27
14: 17 26 27
15: 16 24 25
16: 6 9 15
17: 8 14 35
18: 5 6 31
19: 8 9 31
20: 7 8 34
21: 7 9 33
22: 13 30 37
23: 6 12 29
24: 11 15 33
25: 12 15 32
26: 11 14 32
27: 13 14 34
28: 5 29 30
29: 23 28 41
30: 22 28 42
31: 18 19 38
32: 25 26 39
33: 21 24 43
34: 20 27 40
35: 17 38 39
36: 10 42 43
37: 22 40 41
38: 31 35 47
39: 32 35 48
40: 34 37 50
41: 29 37 51
42: 30 36 52
43: 33 36 49
44: 5 47 52
45: 12 48 51
46: 7 49 50
47: 2 38 44
48: 2 39 45
49: 4 43 46
50: 3 40 46
51: 3 41 45
52: 4 42 44

1: 2 3 4
2: 1 49 52
3: 1 47 51
4: 1 48 50
5: 7 8 45
6: 7 42 44
7: 5 6 35
8: 5 9 10
9: 8 39 42
10: 8 37 38
11: 28 40 41
12: 14 40 43
13: 14 15 41
14: 12 13 32
15: 13 30 31
16: 17 18 25
17: 16 20 22
18: 16 19 21
19: 18 26 29
20: 17 26 27
21: 18 24 27
22: 17 23 24
23: 22 33 36
24: 21 22 34
25: 16 33 34
26: 19 20 31
27: 20 21 30
28: 11 31 32
29: 19 30 32
30: 15 27 29
31: 15 26 28
32: 14 28 29
33: 23 25 38
34: 24 25 37
35: 7 38 39
36: 23 37 39
37: 10 34 36
38: 10 33 35
39: 9 35 36
40: 11 12 49
41: 11 13 52
42: 6 9 51
43: 12 48 52
44: 6 47 50
45: 5 50 51
46: 47 48 49
47: 3 44 46
48: 4 43 46
49: 2 40 46
50: 4 44 45
51: 3 42 45
52: 2 41 43

1: 2 3 4
2: 1 51 52
3: 1 48 49
4: 1 47 50
5: 7 8 36
6: 29 31 33
7: 5 10 25
8: 5 26 27
9: 23 29 34
10: 7 12 34
11: 15 30 35
12: 10 13 14
13: 12 22 24
14: 12 21 23
15: 11 16 20
16: 15 17 32
17: 16 25 26
18: 24 28 32
19: 22 28 30
20: 15 21 22
21: 14 20 26
22: 13 19 20
23: 9 14 27
24: 13 18 25
25: 7 17 24
26: 8 17 21
27: 8 23 33
28: 18 19 46
29: 6 9 45
30: 11 19 40
31: 6 38 44
32: 16 18 43
33: 6 27 42
34: 9 10 41
35: 11 39 43
36: 5 41 42
37: 38 39 40
38: 31 37 49
39: 35 37 47
40: 30 37 48
41: 34 36 52
42: 33 36 51
43: 32 35 50
44: 31 47 51
45: 29 49 52
46: 28 48 50
47: 4 39 44
48: 3 40 46
49: 3 38 45
50: 4 43 46
51: 2 42 44
52: 2 41 45

1: 2 3 4
2: 1 51 52
3: 1 50 52
4: 1 49 51
5: 6 7 8
6: 5 10 11
7: 5 9 12
8: 5 9 10
9: 7 8 16
10: 6 8 15
11: 6 13 15
12: 7 14 16
13: 11 18 20
14: 12 17 19
15: 10 11 18
16: 9 12 17
17: 14 16 24
18: 13 15 23
19: 14 22 24
20: 13 21 23
21: 20 26 28
22: 19 25 27
23: 18 20 26
24: 17 19 25
25: 22 24 32
26: 21 23 31
27: 22 30 32
28: 21 29 31
29: 28 34 36
30: 27 33 35
31: 26 28 34
32: 25 27 33
33: 30 32 40
34: 29 31 39
35: 30 38 40
36: 29 37 39
37: 36 42 44
38: 35 41 43
39: 34 36 42
40: 33 35 41
41: 38 40 48
42: 37 39 47
43: 38 46 48
44: 37 45 47
45: 44 50 52
46: 43 49 51
47: 42 44 50
48: 41 43 49
49: 4 46 48
50: 3 45 47
51: 2 4 46
52: 2 3 45

1: 2 3 4
2: 1 47 50
3: 1 49 52
4: 1 48 51
5: 11 15 17
6: 13 14 15
7: 9 10 12
8: 10 11 16
9: 7 23 34
10: 7 8 24
11: 5 8 25
12: 7 26 35
13: 6 22 36
14: 6 25 33
15: 5 6 19
16: 8 21 26
17: 5 20 24
18: 19 20 21
19: 15 18 28
20: 17 18 29
21: 16 18 30
22: 13 28 45
23: 9 27 46
24: 10 17 27
25: 11 14 30
26: 12 16 29
27: 23 24 32
28: 19 22 31
29: 20 26 32
30: 21 25 31
31: 28 30 43
32: 27 29 42
33: 14 38 43
34: 9 39 40
35: 12 39 42
36: 13 38 41
37: 40 41 44
38: 33 36 50
39: 34 35 52
40: 34 37 48
41: 36 37 51
42: 32 35 49
43: 31 33 47
44: 37 50 52
45: 22 47 51
46: 23 48 49
47: 2 43 45
48: 4 40 46
49: 3 42 46
50: 2 38 44
51: 4 41 45
52: 3 39 44

1: 2 3 4
2: 1 47 48
3: 1 49 52
4: 1 50 51
5: 11 12 18
6: 15 16 36
7: 9 11 35
8: 9 12 17
9: 7 8 27
10: 19 28 44
11: 5 7 23
12: 5 8 20
13: 20 21 46
14: 25 26 45
15: 6 23 24
16: 6 22 26
17: 8 22 25
18: 5 21 24
19: 10 29 37
20: 12 13 34
21: 13 18 32
22: 16 17 34
23: 11 15 33
24: 15 18 30
25: 14 17 31
26: 14 16 33
27: 9 29 31
28: 10 30 32
29: 19 27 40
30: 24 28 43
31: 25 27 38
32: 21 28 39
33: 23 26 41
34: 20 22 42
35: 7 40 41
36: 6 42 43
37: 19 38 39
38: 31 37 52
39: 32 37 49
40: 29 35 47
41: 33 35 48
42: 34 36 50
43: 30 36 51
44: 10 47 51
45: 14 48 52
46: 13 49 50
47: 2 40 44
48: 2 41 45
49: 3 39 46
50: 4 42 46
51: 4 43 44
52: 3 38 45

1: 2 3 4
2: 1 50 52
3: 1 51 52
4: 1 48 49
5: 48 49 52
6: 8 50 51
7: 9 50 51
8: 6 10 11
9: 7 10 11
10: 8 9 12
11: 8 9 13
12: 10 14 15
13: 11 14 15
14: 12 13 16
15: 12 13 17
16: 14 18 19
17: 15 18 19
18: 16 17 20
19: 16 17 21
20: 18 22 23
21: 19 22 23
22: 20 21 24
23: 20 21 25
24: 22 26 27
25: 23 26 27
26: 24 25 28
27: 24 25 29
28: 26 30 31
29: 27 30 31
30: 28 29 32
31: 28 29 33
32: 30 34 35
33: 31 34 35
34: 32 33 36
35: 32 33 37
36: 34 38 39
37: 35 38 39
38: 36 37 40
39: 36 37 41
40: 38 42 43
41: 39 42 43
42: 40 41 44
43: 40 41 45
44: 42 46 47
45: 43 46 47
46: 44 45 48
47: 44 45 49
48: 4 5 46
49: 4 5 47
50: 2 6 7
51: 3 6 7
52: 2 3 5

1: 2 3 4
2: 1 47 48
3: 1 49 52
4: 1 50 51
5: 6 7 8
6: 5 11 28
7: 5 12 27
8: 5 9 10
9: 8 14 18
10: 8 13 17
11: 6 15 19
12: 7 16 20
13: 10 24 29
14: 9 23 30
15: 11 26 32
16: 12 25 31
17: 10 21 26
18: 9 22 25
19: 11 22 24
20: 12 21 23
21: 17 20 46
22: 18 19 45
23: 14 20 42
24: 13 19 41
25: 16 18 44
26: 15 17 43
27: 7 40 43
28: 6 39 44
29: 13 38 42
30: 14 37 41
31: 16 36 37
32: 15 35 38
33: 36 40 46
34: 35 39 45
35: 32 34 48
36: 31 33 47
37: 30 31 52
38: 29 32 51
39: 28 34 50
40: 27 33 49
41: 24 30 48
42: 23 29 47
43: 26 27 50
44: 25 28 49
45: 22 34 52
46: 21 33 51
47: 2 36 42
48: 2 35 41
49: 3 40 44
50: 4 39 43
51: 4 38 46
52: 3 37 45

