1: 2 3 4
2: 1 53 54
3: 1 55 58
4: 1 56 57
5: 23 24 35
6: 28 34 40
7: 33 38 39
8: 16 30 35
9: 16 31 38
10: 14 36 40
11: 13 37 39
12: 15 36 37
13: 11 25 26
14: 10 27 29
15: 12 16 32
16: 8 9 15
17: 20 34 47
18: 19 30 50
19: 18 33 48
20: 17 31 52
21: 22 29 49
22: 21 32 51
23: 5 27 43
24: 5 26 51
25: 13 28 50
26: 13 24 45
27: 14 23 52
28: 6 25 42
29: 14 21 46
30: 8 18 46
31: 9 20 45
32: 15 22 42
33: 7 19 43
34: 6 17 44
35: 5 8 44
36: 10 12 48
37: 11 12 47
38: 7 9 41
39: 7 11 49
40: 6 10 41
41: 38 40 57
42: 28 32 54
43: 23 33 54
44: 34 35 58
45: 26 31 55
46: 29 30 53
47: 17 37 53
48: 19 36 55
49: 21 39 58
50: 18 25 56
51: 22 24 57
52: 20 27 56
53: 2 46 47
54: 2 42 43
55: 3 45 48
56: 4 50 52
57: 4 41 51
58: 3 44 49

1: 2 3 4
2: 1 53 56
3: 1 54 55
4: 1 57 58
5: 31 32 39
6: 16 27 28
7: 15 33 38
8: 14 30 40
9: 13 37 38
10: 12 35 37
11: 15 16 40
12: 10 16 39
13: 9 14 36
14: 8 13 34
15: 7 11 29
16: 6 11 12
17: 22 23 41
18: 20 24 42
19: 23 32 43
20: 18 27 44
21: 28 34 48
22: 17 25 45
23: 17 19 49
24: 18 29 50
25: 22 33 51
26: 30 35 47
27: 6 20 52
28: 6 21 45
29: 15 24 46
30: 8 26 44
31: 5 36 46
32: 5 19 48
33: 7 25 47
34: 14 21 50
35: 10 26 49
36: 13 31 52
37: 9 10 42
38: 7 9 43
39: 5 12 51
40: 8 11 41
41: 17 40 53
42: 18 37 53
43: 19 38 54
44: 20 30 54
45: 22 28 55
46: 29 31 55
47: 26 33 56
48: 21 32 56
49: 23 35 57
50: 24 34 58
51: 25 39 58
52: 27 36 57
53: 2 41 42
54: 3 43 44
55: 3 45 46
56: 2 47 48
57: 4 49 52
58: 4 50 51

1: 2 3 4
2: 1 53 56
3: 1 54 57
4: 1 55 58
5: 14 36 40
6: 16 35 38
7: 15 37 39
8: 11 15 29
9: 13 16 30
10: 12 14 31
11: 8 14 33
12: 10 16 32
13: 9 15 34
14: 5 10 11
15: 7 8 13
16: 6 9 12
17: 21 37 41
18: 22 35 42
19: 20 36 43
20: 19 38 44
21: 17 40 46
22: 18 39 45
23: 28 29 43
24: 25 30 41
25: 24 33 45
26: 27 31 42
27: 26 34 44
28: 23 32 46
29: 8 23 47
30: 9 24 48
31: 10 26 49
32: 12 28 50
33: 11 25 52
34: 13 27 51
35: 6 18 47
36: 5 19 48
37: 7 17 49
38: 6 20 52
39: 7 22 50
40: 5 21 51
41: 17 24 53
42: 18 26 54
43: 19 23 55
44: 20 27 56
45: 22 25 58
46: 21 28 57
47: 29 35 53
48: 30 36 54
49: 31 37 55
50: 32 39 56
51: 34 40 58
52: 33 38 57
53: 2 41 47
54: 3 42 48
55: 4 43 49
56: 2 44 50
57: 3 46 52
58: 4 45 51

1: 2 3 4
2: 1 53 54
3: 1 55 58
4: 1 56 57
5: 32 34 38
6: 33 39 40
7: 8 30 37
8: 7 31 36
9: 15 27 35
10: 16 29 38
11: 16 25 39
12: 16 35 36
13: 15 26 37
14: 15 28 40
15: 9 13 14
16: 10 11 12
17: 33 34 46
18: 22 29 52
19: 24 28 52
20: 23 27 47
21: 22 31 48
22: 18 21 51
23: 20 24 49
24: 19 23 50
25: 11 26 48
26: 13 25 44
27: 9 20 51
28: 14 19 42
29: 10 18 43
30: 7 32 45
31: 8 21 41
32: 5 30 42
33: 6 17 49
34: 5 17 44
35: 9 12 46
36: 8 12 50
37: 7 13 43
38: 5 10 47
39: 6 11 45
40: 6 14 41
41: 31 40 54
42: 28 32 55
43: 29 37 58
44: 26 34 57
45: 30 39 56
46: 17 35 53
47: 20 38 54
48: 21 25 55
49: 23 33 58
50: 24 36 57
51: 22 27 56
52: 18 19 53
53: 2 46 52
54: 2 41 47
55: 3 42 48
56: 4 45 51
57: 4 44 50
58: 3 43 49

1: 2 3 4
2: 1 53 56
3: 1 54 58
4: 1 55 57
5: 26 36 37
6: 24 31 37
7: 22 35 40
8: 27 33 39
9: 25 34 38
10: 16 29 40
11: 16 21 28
12: 16 32 36
13: 15 38 39
14: 15 20 30
15: 13 14 23
16: 10 11 12
17: 30 35 51
18: 32 34 52
19: 31 33 50
20: 14 24 42
21: 11 23 47
22: 7 26 41
23: 15 21 41
24: 6 20 52
25: 9 29 50
26: 5 22 43
27: 8 28 43
28: 11 27 51
29: 10 25 42
30: 14 17 46
31: 6 19 47
32: 12 18 49
33: 8 19 49
34: 9 18 48
35: 7 17 48
36: 5 12 46
37: 5 6 44
38: 9 13 44
39: 8 13 45
40: 7 10 45
41: 22 23 54
42: 20 29 56
43: 26 27 56
44: 37 38 58
45: 39 40 57
46: 30 36 55
47: 21 31 53
48: 34 35 53
49: 32 33 54
50: 19 25 55
51: 17 28 58
52: 18 24 57
53: 2 47 48
54: 3 41 49
55: 4 46 50
56: 2 42 43
57: 4 45 52
58: 3 44 51

1: 2 3 4
2: 1 53 56
3: 1 54 55
4: 1 57 58
5: 27 29 37
6: 16 32 40
7: 16 31 37
8: 9 28 40
9: 8 36 38
10: 12 35 39
11: 14 33 34
12: 10 26 38
13: 15 16 39
14: 11 15 36
15: 13 14 30
16: 6 7 13
17: 32 33 52
18: 34 35 51
19: 23 29 45
20: 23 28 44
21: 25 30 47
22: 24 31 46
23: 19 20 48
24: 22 25 50
25: 21 24 49
26: 12 27 52
27: 5 26 43
28: 8 20 47
29: 5 19 42
30: 15 21 43
31: 7 22 44
32: 6 17 45
33: 11 17 50
34: 11 18 41
35: 10 18 49
36: 9 14 42
37: 5 7 41
38: 9 12 46
39: 10 13 48
40: 6 8 51
41: 34 37 55
42: 29 36 56
43: 27 30 58
44: 20 31 53
45: 19 32 54
46: 22 38 54
47: 21 28 55
48: 23 39 57
49: 25 35 56
50: 24 33 57
51: 18 40 58
52: 17 26 53
53: 2 44 52
54: 3 45 46
55: 3 41 47
56: 2 42 49
57: 4 48 50
58: 4 43 51

1: 2 3 4
2: 1 53 54
3: 1 55 58
4: 1 56 57
5: 23 26 40
6: 22 27 28
7: 24 30 38
8: 25 29 39
9: 16 34 39
10: 15 32 33
11: 14 37 40
12: 13 35 36
13: 12 16 31
14: 11 15 38
15: 10 14 16
16: 9 13 15
17: 19 25 41
18: 24 36 46
19: 17 20 52
20: 19 21 47
21: 20 33 43
22: 6 31 48
23: 5 34 42
24: 7 18 42
25: 8 17 45
26: 5 35 49
27: 6 32 49
28: 6 37 44
29: 8 30 51
30: 7 29 48
31: 13 22 41
32: 10 27 46
33: 10 21 51
34: 9 23 47
35: 12 26 43
36: 12 18 50
37: 11 28 50
38: 7 14 52
39: 8 9 44
40: 5 11 45
41: 17 31 53
42: 23 24 53
43: 21 35 54
44: 28 39 54
45: 25 40 55
46: 18 32 55
47: 20 34 58
48: 22 30 58
49: 26 27 56
50: 36 37 57
51: 29 33 57
52: 19 38 56
53: 2 41 42
54: 2 43 44
55: 3 45 46
56: 4 49 52
57: 4 50 51
58: 3 47 48

1: 2 3 4
2: 1 53 55
3: 1 54 56
4: 1 57 58
5: 16 36 40
6: 14 34 40
7: 13 35 37
8: 15 33 39
9: 11 12 32
10: 11 16 38
11: 9 10 29
12: 9 14 30
13: 7 15 28
14: 6 12 39
15: 8 13 38
16: 5 10 31
17: 18 33 42
18: 17 19 43
19: 18 23 50
20: 21 34 44
21: 20 22 45
22: 21 32 52
23: 19 36 45
24: 25 31 46
25: 24 27 47
26: 29 35 51
27: 25 28 50
28: 13 27 41
29: 11 26 42
30: 12 37 43
31: 16 24 49
32: 9 22 47
33: 8 17 52
34: 6 20 51
35: 7 26 48
36: 5 23 48
37: 7 30 49
38: 10 15 44
39: 8 14 46
40: 5 6 41
41: 28 40 53
42: 17 29 53
43: 18 30 54
44: 20 38 54
45: 21 23 55
46: 24 39 55
47: 25 32 56
48: 35 36 56
49: 31 37 57
50: 19 27 58
51: 26 34 58
52: 22 33 57
53: 2 41 42
54: 3 43 44
55: 2 45 46
56: 3 47 48
57: 4 49 52
58: 4 50 51

1: 2 3 4
2: 1 53 55
3: 1 54 58
4: 1 56 57
5: 25 30 31
6: 8 28 40
7: 16 26 36
8: 6 33 39
9: 15 29 32
10: 12 35 37
11: 13 24 27
12: 10 16 40
13: 11 14 34
14: 13 15 38
15: 9 14 16
16: 7 12 15
17: 18 22 42
18: 17 29 51
19: 21 36 51
20: 27 33 46
21: 19 24 48
22: 17 35 47
23: 28 34 45
24: 11 21 41
25: 5 26 42
26: 7 25 43
27: 11 20 43
28: 6 23 44
29: 9 18 44
30: 5 32 48
31: 5 37 50
32: 9 30 49
33: 8 20 49
34: 13 23 52
35: 10 22 52
36: 7 19 45
37: 10 31 46
38: 14 39 50
39: 8 38 47
40: 6 12 41
41: 24 40 53
42: 17 25 53
43: 26 27 54
44: 28 29 54
45: 23 36 55
46: 20 37 55
47: 22 39 58
48: 21 30 58
49: 32 33 56
50: 31 38 57
51: 18 19 57
52: 34 35 56
53: 2 41 42
54: 3 43 44
55: 2 45 46
56: 4 49 52
57: 4 50 51
58: 3 47 48

1: 2 3 4
2: 1 53 54
3: 1 55 58
4: 1 56 57
5: 20 23 24
6: 21 33 35
7: 22 35 36
8: 32 34 38
9: 25 32 37
10: 26 33 34
11: 14 31 40
12: 13 39 40
13: 12 29 37
14: 11 30 36
15: 16 28 38
16: 15 27 39
17: 25 30 50
18: 19 31 52
19: 18 26 51
20: 5 29 42
21: 6 27 42
22: 7 24 43
23: 5 28 45
24: 5 22 46
25: 9 17 45
26: 10 19 50
27: 16 21 47
28: 15 23 52
29: 13 20 51
30: 14 17 47
31: 11 18 41
32: 8 9 41
33: 6 10 44
34: 8 10 46
35: 6 7 49
36: 7 14 48
37: 9 13 49
38: 8 15 48
39: 12 16 43
40: 11 12 44
41: 31 32 53
42: 20 21 53
43: 22 39 54
44: 33 40 55
45: 23 25 55
46: 24 34 56
47: 27 30 56
48: 36 38 58
49: 35 37 57
50: 17 26 54
51: 19 29 58
52: 18 28 57
53: 2 41 42
54: 2 43 50
55: 3 44 45
56: 4 46 47
57: 4 49 52
58: 3 48 51

1: 2 3 4
2: 1 53 56
3: 1 54 58
4: 1 55 57
5: 20 22 24
6: 28 35 40
7: 32 34 35
8: 27 33 36
9: 18 34 39
10: 19 33 37
11: 21 26 32
12: 23 25 38
13: 15 31 38
14: 16 37 40
15: 13 29 36
16: 14 30 39
17: 18 29 41
18: 9 17 51
19: 10 23 41
20: 5 30 42
21: 11 31 52
22: 5 28 43
23: 12 19 45
24: 5 25 51
25: 12 24 50
26: 11 27 50
27: 8 26 47
28: 6 22 47
29: 15 17 49
30: 16 20 46
31: 13 21 43
32: 7 11 42
33: 8 10 44
34: 7 9 44
35: 6 7 45
36: 8 15 46
37: 10 14 52
38: 12 13 48
39: 9 16 48
40: 6 14 49
41: 17 19 53
42: 20 32 53
43: 22 31 54
44: 33 34 54
45: 23 35 55
46: 30 36 55
47: 27 28 56
48: 38 39 56
49: 29 40 58
50: 25 26 58
51: 18 24 57
52: 21 37 57
53: 2 41 42
54: 3 43 44
55: 4 45 46
56: 2 47 48
57: 4 51 52
58: 3 49 50

1: 2 3 4
2: 1 53 57
3: 1 54 58
4: 1 55 56
5: 34 39 40
6: 32 33 40
7: 24 25 26
8: 16 27 36
9: 12 31 37
10: 14 23 38
11: 15 16 29
12: 9 16 39
13: 14 15 28
14: 10 13 30
15: 11 13 35
16: 8 11 12
17: 21 36 47
18: 22 38 49
19: 22 35 48
20: 21 37 50
21: 17 20 52
22: 18 19 51
23: 10 26 41
24: 7 27 42
25: 7 31 44
26: 7 23 43
27: 8 24 51
28: 13 34 44
29: 11 33 43
30: 14 32 45
31: 9 25 48
32: 6 30 46
33: 6 29 49
34: 5 28 47
35: 15 19 52
36: 8 17 45
37: 9 20 46
38: 10 18 50
39: 5 12 41
40: 5 6 42
41: 23 39 53
42: 24 40 54
43: 26 29 56
44: 25 28 57
45: 30 36 58
46: 32 37 55
47: 17 34 56
48: 19 31 58
49: 18 33 57
50: 20 38 54
51: 22 27 55
52: 21 35 53
53: 2 41 52
54: 3 42 50
55: 4 46 51
56: 4 43 47
57: 2 44 49
58: 3 45 48

1: 2 3 4
2: 1 53 55
3: 1 54 58
4: 1 56 57
5: 25 26 39
6: 7 31 40
7: 6 29 36
8: 15 32 33
9: 16 34 35
10: 12 37 38
11: 13 30 39
12: 10 14 40
13: 11 16 27
14: 12 15 28
15: 8 14 16
16: 9 13 15
17: 26 34 41
18: 20 22 42
19: 23 27 47
20: 18 24 43
21: 24 31 46
22: 18 32 50
23: 19 37 49
24: 20 21 52
25: 5 28 51
26: 5 17 48
27: 13 19 42
28: 14 25 43
29: 7 33 44
30: 11 38 44
31: 6 21 47
32: 8 22 48
33: 8 29 49
34: 9 17 52
35: 9 36 45
36: 7 35 51
37: 10 23 45
38: 10 30 50
39: 5 11 46
40: 6 12 41
41: 17 40 53
42: 18 27 53
43: 20 28 54
44: 29 30 54
45: 35 37 55
46: 21 39 55
47: 19 31 58
48: 26 32 58
49: 23 33 56
50: 22 38 57
51: 25 36 57
52: 24 34 56
53: 2 41 42
54: 3 43 44
55: 2 45 46
56: 4 49 52
57: 4 50 51
58: 3 47 48

1: 2 3 4
2: 1 53 58
3: 1 54 57
4: 1 55 56
5: 13 33 39
6: 14 36 40
7: 15 35 40
8: 16 34 39
9: 12 16 30
10: 11 13 29
11: 10 15 31
12: 9 14 32
13: 5 10 37
14: 6 12 37
15: 7 11 38
16: 8 9 38
17: 20 22 42
18: 19 21 41
19: 18 33 51
20: 17 34 52
21: 18 36 50
22: 17 35 49
23: 27 28 44
24: 25 26 43
25: 24 29 46
26: 24 30 45
27: 23 31 47
28: 23 32 48
29: 10 25 50
30: 9 26 49
31: 11 27 52
32: 12 28 51
33: 5 19 45
34: 8 20 46
35: 7 22 48
36: 6 21 47
37: 13 14 42
38: 15 16 41
39: 5 8 44
40: 6 7 43
41: 18 38 53
42: 17 37 53
43: 24 40 58
44: 23 39 58
45: 26 33 55
46: 25 34 54
47: 27 36 57
48: 28 35 56
49: 22 30 57
50: 21 29 56
51: 19 32 54
52: 20 31 55
53: 2 41 42
54: 3 46 51
55: 4 45 52
56: 4 48 50
57: 3 47 49
58: 2 43 44

1: 2 3 4
2: 1 53 56
3: 1 54 57
4: 1 55 58
5: 7 29 38
6: 8 28 40
7: 5 37 39
8: 6 27 37
9: 11 30 38
10: 12 31 32
11: 9 14 35
12: 10 15 33
13: 14 16 36
14: 11 13 40
15: 12 16 34
16: 13 15 39
17: 21 28 41
18: 19 20 42
19: 18 36 51
20: 18 26 52
21: 17 31 43
22: 29 32 49
23: 25 35 48
24: 26 30 47
25: 23 34 52
26: 20 24 50
27: 8 33 44
28: 6 17 45
29: 5 22 51
30: 9 24 44
31: 10 21 46
32: 10 22 47
33: 12 27 42
34: 15 25 45
35: 11 23 46
36: 13 19 43
37: 7 8 48
38: 5 9 41
39: 7 16 50
40: 6 14 49
41: 17 38 53
42: 18 33 53
43: 21 36 54
44: 27 30 54
45: 28 34 58
46: 31 35 55
47: 24 32 56
48: 23 37 56
49: 22 40 57
50: 26 39 55
51: 19 29 58
52: 20 25 57
53: 2 41 42
54: 3 43 44
55: 4 46 50
56: 2 47 48
57: 3 49 52
58: 4 45 51

1: 2 3 4
2: 1 53 54
3: 1 56 58
4: 1 55 57
5: 33 35 39
6: 34 36 40
7: 17 20 34
8: 18 19 33
9: 22 23 26
10: 21 24 25
11: 27 30 37
12: 28 29 38
13: 16 36 38
14: 15 35 37
15: 14 32 40
16: 13 31 39
17: 7 18 50
18: 8 17 49
19: 8 22 42
20: 7 21 41
21: 10 20 52
22: 9 19 51
23: 9 24 44
24: 10 23 43
25: 10 28 46
26: 9 27 45
27: 11 26 48
28: 12 25 47
29: 12 32 50
30: 11 31 49
31: 16 30 52
32: 15 29 51
33: 5 8 47
34: 6 7 48
35: 5 14 41
36: 6 13 42
37: 11 14 46
38: 12 13 45
39: 5 16 44
40: 6 15 43
41: 20 35 56
42: 19 36 55
43: 24 40 58
44: 23 39 57
45: 26 38 56
46: 25 37 55
47: 28 33 54
48: 27 34 54
49: 18 30 58
50: 17 29 57
51: 22 32 53
52: 21 31 53
53: 2 51 52
54: 2 47 48
55: 4 42 46
56: 3 41 45
57: 4 44 50
58: 3 43 49

1: 2 3 4
2: 1 53 55
3: 1 54 58
4: 1 56 57
5: 31 32 38
6: 29 30 34
7: 27 37 40
8: 28 33 39
9: 12 26 39
10: 11 21 35
11: 10 36 38
12: 9 24 36
13: 14 20 40
14: 13 22 35
15: 16 19 23
16: 15 25 37
17: 26 34 51
18: 32 33 52
19: 15 22 41
20: 13 31 49
21: 10 28 43
22: 14 19 45
23: 15 30 48
24: 12 25 49
25: 16 24 52
26: 9 17 41
27: 7 29 42
28: 8 21 50
29: 6 27 44
30: 6 23 50
31: 5 20 51
32: 5 18 42
33: 8 18 45
34: 6 17 46
35: 10 14 46
36: 11 12 44
37: 7 16 43
38: 5 11 48
39: 8 9 47
40: 7 13 47
41: 19 26 53
42: 27 32 53
43: 21 37 58
44: 29 36 54
45: 22 33 54
46: 34 35 57
47: 39 40 56
48: 23 38 56
49: 20 24 55
50: 28 30 55
51: 17 31 58
52: 18 25 57
53: 2 41 42
54: 3 44 45
55: 2 49 50
56: 4 47 48
57: 4 46 52
58: 3 43 51

1: 2 3 4
2: 1 53 54
3: 1 55 56
4: 1 57 58
5: 23 27 37
6: 24 28 38
7: 21 25 40
8: 22 26 39
9: 14 31 35
10: 13 32 36
11: 16 30 34
12: 15 29 33
13: 10 16 38
14: 9 15 37
15: 12 14 40
16: 11 13 39
17: 20 34 52
18: 19 33 52
19: 18 36 51
20: 17 35 50
21: 7 32 42
22: 8 31 42
23: 5 26 43
24: 6 25 44
25: 7 24 49
26: 8 23 48
27: 5 30 49
28: 6 29 48
29: 12 28 47
30: 11 27 47
31: 9 22 51
32: 10 21 50
33: 12 18 46
34: 11 17 45
35: 9 20 44
36: 10 19 43
37: 5 14 41
38: 6 13 41
39: 8 16 46
40: 7 15 45
41: 37 38 53
42: 21 22 54
43: 23 36 56
44: 24 35 55
45: 34 40 56
46: 33 39 55
47: 29 30 54
48: 26 28 58
49: 25 27 57
50: 20 32 58
51: 19 31 57
52: 17 18 53
53: 2 41 52
54: 2 42 47
55: 3 44 46
56: 3 43 45
57: 4 49 51
58: 4 48 50

1: 2 3 4
2: 1 56 58
3: 1 53 54
4: 1 55 57
5: 19 21 26
6: 7 8 26
7: 6 18 24
8: 6 17 19
9: 13 22 31
10: 12 15 31
11: 14 15 28
12: 10 23 30
13: 9 23 32
14: 11 19 25
15: 10 11 17
16: 17 18 30
17: 8 15 16
18: 7 16 29
19: 5 8 14
20: 24 29 52
21: 5 25 41
22: 9 33 43
23: 12 13 42
24: 7 20 38
25: 14 21 37
26: 5 6 38
27: 28 37 51
28: 11 27 40
29: 18 20 39
30: 12 16 39
31: 9 10 40
32: 13 33 35
33: 22 32 36
34: 35 36 50
35: 32 34 49
36: 33 34 48
37: 25 27 45
38: 24 26 44
39: 29 30 47
40: 28 31 46
41: 21 44 45
42: 23 47 49
43: 22 46 48
44: 38 41 53
45: 37 41 54
46: 40 43 56
47: 39 42 55
48: 36 43 58
49: 35 42 57
50: 34 57 58
51: 27 54 56
52: 20 53 55
53: 3 44 52
54: 3 45 51
55: 4 47 52
56: 2 46 51
57: 4 49 50
58: 2 48 50

1: 2 3 4
2: 1 54 55
3: 1 56 58
4: 1 53 57
5: 6 7 52
6: 5 43 44
7: 5 42 45
8: 9 10 41
9: 8 34 36
10: 8 33 35
11: 12 32 46
12: 11 13 47
13: 12 14 28
14: 13 15 16
15: 14 24 27
16: 14 25 26
17: 23 38 39
18: 19 37 40
19: 18 20 29
20: 19 22 49
21: 30 46 49
22: 20 37 48
23: 17 26 31
24: 15 47 51
25: 16 28 31
26: 16 23 27
27: 15 26 38
28: 13 25 34
29: 19 30 35
30: 21 29 33
31: 23 25 36
32: 11 33 34
33: 10 30 32
34: 9 28 32
35: 10 29 40
36: 9 31 39
37: 18 22 45
38: 17 27 44
39: 17 36 43
40: 18 35 42
41: 8 42 43
42: 7 40 41
43: 6 39 41
44: 6 38 51
45: 7 37 50
46: 11 21 58
47: 12 24 57
48: 22 50 55
49: 20 21 56
50: 45 48 54
51: 24 44 53
52: 5 53 54
53: 4 51 52
54: 2 50 52
55: 2 48 56
56: 3 49 55
57: 4 47 58
58: 3 46 57

1: 2 3 4
2: 1 54 55
3: 1 56 57
4: 1 53 58
5: 6 7 52
6: 5 43 45
7: 5 42 44
8: 9 10 41
9: 8 36 40
10: 8 35 39
11: 12 13 34
12: 11 48 49
13: 11 30 31
14: 15 16 33
15: 14 26 29
16: 14 38 39
17: 18 27 29
18: 17 21 26
19: 20 28 47
20: 19 21 27
21: 18 20 22
22: 21 23 24
23: 22 26 38
24: 22 47 50
25: 32 37 46
26: 15 18 23
27: 17 20 31
28: 19 31 48
29: 15 17 30
30: 13 29 33
31: 13 27 28
32: 25 36 49
33: 14 30 35
34: 11 35 36
35: 10 33 34
36: 9 32 34
37: 25 40 44
38: 16 23 45
39: 10 16 43
40: 9 37 42
41: 8 42 43
42: 7 40 41
43: 6 39 41
44: 7 37 51
45: 6 38 50
46: 25 51 58
47: 19 24 55
48: 12 28 56
49: 12 32 57
50: 24 45 54
51: 44 46 53
52: 5 53 54
53: 4 51 52
54: 2 50 52
55: 2 47 56
56: 3 48 55
57: 3 49 58
58: 4 46 57

1: 2 3 4
2: 1 53 54
3: 1 56 57
4: 1 55 58
5: 24 34 50
6: 23 24 29
7: 26 27 52
8: 20 23 25
9: 21 22 25
10: 14 16 17
11: 12 28 33
12: 11 15 43
13: 29 31 51
14: 10 27 30
15: 12 21 32
16: 10 20 26
17: 10 23 31
18: 22 30 32
19: 20 21 28
20: 8 16 19
21: 9 15 19
22: 9 18 41
23: 6 8 17
24: 5 6 37
25: 8 9 37
26: 7 16 40
27: 7 14 39
28: 11 19 40
29: 6 13 36
30: 14 18 38
31: 13 17 38
32: 15 18 39
33: 11 35 42
34: 5 35 36
35: 33 34 49
36: 29 34 48
37: 24 25 44
38: 30 31 45
39: 27 32 47
40: 26 28 46
41: 22 44 45
42: 33 46 48
43: 12 47 49
44: 37 41 53
45: 38 41 54
46: 40 42 55
47: 39 43 56
48: 36 42 58
49: 35 43 57
50: 5 53 57
51: 13 54 58
52: 7 55 56
53: 2 44 50
54: 2 45 51
55: 4 46 52
56: 3 47 52
57: 3 49 50
58: 4 48 51

1: 2 3 4
2: 1 53 54
3: 1 56 58
4: 1 55 57
5: 14 15 24
6: 16 18 19
7: 16 17 42
8: 15 17 18
9: 14 20 21
10: 12 19 20
11: 12 21 41
12: 10 11 33
13: 25 34 50
14: 5 9 32
15: 5 8 31
16: 6 7 28
17: 7 8 27
18: 6 8 29
19: 6 10 30
20: 9 10 28
21: 9 11 31
22: 26 32 52
23: 29 30 51
24: 5 26 27
25: 13 35 43
26: 22 24 37
27: 17 24 36
28: 16 20 39
29: 18 23 40
30: 19 23 38
31: 15 21 40
32: 14 22 39
33: 12 35 38
34: 13 36 37
35: 25 33 46
36: 27 34 49
37: 26 34 44
38: 30 33 45
39: 28 32 48
40: 29 31 47
41: 11 46 47
42: 7 48 49
43: 25 44 45
44: 37 43 56
45: 38 43 58
46: 35 41 53
47: 40 41 54
48: 39 42 55
49: 36 42 57
50: 13 53 57
51: 23 54 58
52: 22 55 56
53: 2 46 50
54: 2 47 51
55: 4 48 52
56: 3 44 52
57: 4 49 50
58: 3 45 51

1: 2 3 4
2: 1 55 58
3: 1 53 57
4: 1 54 56
5: 7 8 51
6: 7 48 50
7: 5 6 42
8: 5 9 10
9: 8 45 48
10: 8 43 44
11: 34 46 47
12: 14 46 49
13: 14 15 47
14: 12 13 38
15: 13 36 37
16: 17 18 31
17: 16 26 28
18: 16 25 27
19: 22 32 35
20: 22 24 33
21: 23 32 33
22: 19 20 27
23: 21 27 28
24: 20 25 28
25: 18 24 30
26: 17 29 30
27: 18 22 23
28: 17 23 24
29: 26 40 41
30: 25 26 39
31: 16 39 40
32: 19 21 37
33: 20 21 36
34: 11 37 38
35: 19 36 38
36: 15 33 35
37: 15 32 34
38: 14 34 35
39: 30 31 44
40: 29 31 43
41: 29 44 45
42: 7 43 45
43: 10 40 42
44: 10 39 41
45: 9 41 42
46: 11 12 55
47: 11 13 58
48: 6 9 57
49: 12 54 58
50: 6 53 56
51: 5 56 57
52: 53 54 55
53: 3 50 52
54: 4 49 52
55: 2 46 52
56: 4 50 51
57: 3 48 51
58: 2 47 49

1: 2 3 4
2: 1 57 58
3: 1 54 55
4: 1 53 56
5: 7 8 42
6: 35 37 39
7: 5 10 33
8: 5 31 32
9: 30 35 40
10: 7 12 40
11: 22 36 41
12: 10 13 14
13: 12 28 30
14: 12 27 29
15: 16 17 26
16: 15 22 38
17: 15 21 23
18: 19 24 25
19: 18 34 36
20: 21 34 38
21: 17 20 24
22: 11 16 25
23: 17 32 33
24: 18 21 29
25: 18 22 27
26: 15 27 28
27: 14 25 26
28: 13 26 32
29: 14 24 33
30: 9 13 31
31: 8 30 39
32: 8 23 28
33: 7 23 29
34: 19 20 52
35: 6 9 51
36: 11 19 46
37: 6 44 50
38: 16 20 49
39: 6 31 48
40: 9 10 47
41: 11 45 49
42: 5 47 48
43: 44 45 46
44: 37 43 55
45: 41 43 53
46: 36 43 54
47: 40 42 58
48: 39 42 57
49: 38 41 56
50: 37 53 57
51: 35 55 58
52: 34 54 56
53: 4 45 50
54: 3 46 52
55: 3 44 51
56: 4 49 52
57: 2 48 50
58: 2 47 51

1: 2 3 4
2: 1 57 58
3: 1 56 58
4: 1 55 57
5: 6 8 9
6: 5 7 10
7: 6 8 14
8: 5 7 13
9: 5 11 13
10: 6 12 14
11: 9 16 18
12: 10 15 17
13: 8 9 16
14: 7 10 15
15: 12 14 22
16: 11 13 21
17: 12 20 22
18: 11 19 21
19: 18 24 26
20: 17 23 25
21: 16 18 24
22: 15 17 23
23: 20 22 30
24: 19 21 29
25: 20 28 30
26: 19 27 29
27: 26 32 34
28: 25 31 33
29: 24 26 32
30: 23 25 31
31: 28 30 38
32: 27 29 37
33: 28 36 38
34: 27 35 37
35: 34 40 42
36: 33 39 41
37: 32 34 40
38: 31 33 39
39: 36 38 46
40: 35 37 45
41: 36 44 46
42: 35 43 45
43: 42 48 50
44: 41 47 49
45: 40 42 48
46: 39 41 47
47: 44 46 54
48: 43 45 53
49: 44 52 54
50: 43 51 53
51: 50 56 58
52: 49 55 57
53: 48 50 56
54: 47 49 55
55: 4 52 54
56: 3 51 53
57: 2 4 52
58: 2 3 51

1: 2 3 4
2: 1 57 58
3: 1 56 58
4: 1 55 57
5: 7 8 9
6: 7 8 10
7: 5 6 14
8: 5 6 13
9: 5 11 13
10: 6 12 14
11: 9 16 18
12: 10 15 17
13: 8 9 16
14: 7 10 15
15: 12 14 22
16: 11 13 21
17: 12 20 22
18: 11 19 21
19: 18 24 26
20: 17 23 25
21: 16 18 24
22: 15 17 23
23: 20 22 30
24: 19 21 29
25: 20 28 30
26: 19 27 29
27: 26 32 34
28: 25 31 33
29: 24 26 32
30: 23 25 31
31: 28 30 38
32: 27 29 37
33: 28 36 38
34: 27 35 37
35: 34 40 42
36: 33 39 41
37: 32 34 40
38: 31 33 39
39: 36 38 46
40: 35 37 45
41: 36 44 46
42: 35 43 45
43: 42 48 50
44: 41 47 49
45: 40 42 48
46: 39 41 47
47: 44 46 54
48: 43 45 53
49: 44 52 54
50: 43 51 53
51: 50 56 58
52: 49 55 57
53: 48 50 56
54: 47 49 55
55: 4 52 54
56: 3 51 53
57: 2 4 52
58: 2 3 51

1: 2 3 4
2: 1 57 58
3: 1 54 55
4: 1 53 56
5: 7 11 13
6: 8 12 14
7: 5 15 17
8: 6 16 18
9: 10 33 40
10: 9 34 39
11: 5 22 38
12: 6 21 37
13: 5 16 24
14: 6 15 23
15: 7 14 26
16: 8 13 25
17: 7 19 28
18: 8 20 27
19: 17 29 32
20: 18 30 31
21: 12 28 48
22: 11 27 47
23: 14 34 52
24: 13 33 51
25: 16 35 46
26: 15 36 45
27: 18 22 50
28: 17 21 49
29: 19 35 50
30: 20 36 49
31: 20 32 44
32: 19 31 43
33: 9 24 48
34: 10 23 47
35: 25 29 52
36: 26 30 51
37: 12 42 43
38: 11 41 44
39: 10 42 46
40: 9 41 45
41: 38 40 58
42: 37 39 57
43: 32 37 56
44: 31 38 55
45: 26 40 56
46: 25 39 55
47: 22 34 54
48: 21 33 53
49: 28 30 58
50: 27 29 57
51: 24 36 54
52: 23 35 53
53: 4 48 52
54: 3 47 51
55: 3 44 46
56: 4 43 45
57: 2 42 50
58: 2 41 49

