1: 2 3 4 5 6 7 8 9 10 11 12 13
2: 1 13 29 34 48 50 55 58 60 62 66 67
3: 1 11 29 33 49 52 54 59 61 65 66 68
4: 1 12 29 35 51 53 56 57 63 64 67 68
5: 1 8 30 33 34 36 41 42 51 53 55 59
6: 1 9 32 34 35 36 43 46 49 52 57 58
7: 1 10 31 33 35 36 44 45 48 50 54 56
8: 1 5 37 38 40 43 45 48 52 63 64 66
9: 1 6 37 39 40 42 44 50 51 61 65 67
10: 1 7 37 38 39 41 46 49 53 60 62 68
11: 1 3 30 31 38 42 44 47 57 58 60 63
12: 1 4 31 32 39 43 45 47 55 59 61 62
13: 1 2 30 32 40 41 46 47 54 56 64 65
14: 17 21 23 25 29 32 47 57 58 61 65 67
15: 18 22 24 25 29 30 47 55 59 63 64 66
16: 19 20 23 24 29 31 47 54 56 60 62 68
17: 14 18 23 26 30 33 38 41 48 54 60 66
18: 15 17 24 26 32 35 39 46 50 56 62 67
19: 16 22 23 27 30 34 40 42 52 58 65 66
20: 16 21 24 28 32 34 40 43 51 55 64 67
21: 14 20 25 28 31 33 38 45 53 59 63 68
22: 15 19 25 27 31 35 39 44 49 57 61 68
23: 14 16 17 19 35 36 37 39 43 45 51 53
24: 15 16 18 20 33 36 37 38 42 44 49 52
25: 14 15 21 22 34 36 37 40 41 46 48 50
26: 17 18 27 28 42 43 51 52 57 59 61 63
27: 19 22 26 28 41 45 48 53 55 56 62 64
28: 20 21 26 27 44 46 49 50 54 58 60 65
29: 2 3 4 14 15 16 30 31 32 33 34 35
30: 5 11 13 15 17 19 29 36 48 52 56 57
31: 7 11 12 16 21 22 29 36 49 53 55 58
32: 6 12 13 14 18 20 29 36 50 51 54 59
33: 3 5 7 17 21 24 29 37 50 51 60 63
34: 2 5 6 19 20 25 29 37 49 53 64 65
35: 4 6 7 18 22 23 29 37 48 52 61 62
36: 5 6 7 23 24 25 30 31 32 38 39 40
37: 8 9 10 23 24 25 33 34 35 66 67 68
38: 8 10 11 17 21 24 36 43 46 47 54 59
39: 9 10 12 18 22 23 36 41 42 47 56 57
40: 8 9 13 19 20 25 36 44 45 47 55 58
41: 5 10 13 17 25 27 39 45 50 59 65 66
42: 5 9 11 19 24 26 39 43 49 55 60 66
43: 6 8 12 20 23 26 38 42 53 58 62 67
44: 7 9 11 22 24 28 40 46 52 56 63 68
45: 7 8 12 21 23 27 40 41 51 54 61 68
46: 6 10 13 18 25 28 38 44 48 57 64 67
47: 11 12 13 14 15 16 38 39 40 66 67 68
48: 2 7 8 17 25 27 30 35 46 53 58 63
49: 3 6 10 22 24 28 31 34 42 50 59 62
50: 2 7 9 18 25 28 32 33 41 49 55 61
51: 4 5 9 20 23 26 32 33 45 52 56 65
52: 3 6 8 19 24 26 30 35 44 51 54 64
53: 4 5 10 21 23 27 31 34 43 48 57 60
54: 3 7 13 16 17 28 32 38 45 52 58 62
55: 2 5 12 15 20 27 31 40 42 50 56 63
56: 4 7 13 16 18 27 30 39 44 51 55 60
57: 4 6 11 14 22 26 30 39 46 53 59 65
58: 2 6 11 14 19 28 31 40 43 48 54 61
59: 3 5 12 15 21 26 32 38 41 49 57 64
60: 2 10 11 16 17 28 33 42 53 56 65 67
61: 3 9 12 14 22 26 35 45 50 58 63 66
62: 2 10 12 16 18 27 35 43 49 54 64 66
63: 4 8 11 15 21 26 33 44 48 55 61 67
64: 4 8 13 15 20 27 34 46 52 59 62 68
65: 3 9 13 14 19 28 34 41 51 57 60 68
66: 2 3 8 15 17 19 37 41 42 47 61 62
67: 2 4 9 14 18 20 37 43 46 47 60 63
68: 3 4 10 16 21 22 37 44 45 47 64 65

1: 2 3 4
2: 1 67 68
3: 1 66 68
4: 1 65 67
5: 6 7 10
6: 5 8 9
7: 5 9 11
8: 6 10 12
9: 6 7 16
10: 5 8 15
11: 7 14 16
12: 8 13 15
13: 12 18 20
14: 11 17 19
15: 10 12 18
16: 9 11 17
17: 14 16 24
18: 13 15 23
19: 14 22 24
20: 13 21 23
21: 20 26 28
22: 19 25 27
23: 18 20 26
24: 17 19 25
25: 22 24 32
26: 21 23 31
27: 22 30 32
28: 21 29 31
29: 28 34 36
30: 27 33 35
31: 26 28 34
32: 25 27 33
33: 30 32 40
34: 29 31 39
35: 30 38 40
36: 29 37 39
37: 36 42 44
38: 35 41 43
39: 34 36 42
40: 33 35 41
41: 38 40 48
42: 37 39 47
43: 38 46 48
44: 37 45 47
45: 44 50 52
46: 43 49 51
47: 42 44 50
48: 41 43 49
49: 46 48 56
50: 45 47 55
51: 46 54 56
52: 45 53 55
53: 52 58 60
54: 51 57 59
55: 50 52 58
56: 49 51 57
57: 54 56 64
58: 53 55 63
59: 54 62 64
60: 53 61 63
61: 60 66 68
62: 59 65 67
63: 58 60 66
64: 57 59 65
65: 4 62 64
66: 3 61 63
67: 2 4 62
68: 2 3 61

1: 2 3 4
2: 1 66 68
3: 1 65 68
4: 1 64 67
5: 6 7 68
6: 5 62 63
7: 5 61 63
8: 9 10 63
9: 8 59 60
10: 8 58 60
11: 12 13 60
12: 11 57 67
13: 11 56 57
14: 15 64 67
15: 14 16 58
16: 15 19 20
17: 54 55 59
18: 53 55 59
19: 16 27 50
20: 16 25 58
21: 22 23 55
22: 21 51 52
23: 21 50 52
24: 25 26 52
25: 20 24 62
26: 24 49 62
27: 19 30 31
28: 47 48 51
29: 46 48 51
30: 27 36 50
31: 27 41 43
32: 33 34 48
33: 32 44 45
34: 32 43 45
35: 36 45 56
36: 30 35 53
37: 38 47 65
38: 37 41 43
39: 42 44 66
40: 44 57 66
41: 31 38 64
42: 39 46 61
43: 31 34 38
44: 33 39 40
45: 33 34 35
46: 29 42 54
47: 28 37 49
48: 28 29 32
49: 26 47 65
50: 19 23 30
51: 22 28 29
52: 22 23 24
53: 18 36 56
54: 17 46 61
55: 17 18 21
56: 13 35 53
57: 12 13 40
58: 10 15 20
59: 9 17 18
60: 9 10 11
61: 7 42 54
62: 6 25 26
63: 6 7 8
64: 4 14 41
65: 3 37 49
66: 2 39 40
67: 4 12 14
68: 2 3 5

1: 2 3 4
2: 1 67 68
3: 1 64 65
4: 1 63 66
5: 7 8 52
6: 45 47 49
7: 5 10 43
8: 5 41 42
9: 40 45 50
10: 7 12 50
11: 25 46 51
12: 10 13 14
13: 12 38 40
14: 12 37 39
15: 16 17 36
16: 15 31 33
17: 15 30 32
18: 19 20 29
19: 18 25 48
20: 18 24 26
21: 22 27 28
22: 21 44 46
23: 24 44 48
24: 20 23 27
25: 11 19 28
26: 20 34 35
27: 21 24 32
28: 21 25 30
29: 18 30 31
30: 17 28 29
31: 16 29 34
32: 17 27 35
33: 16 42 43
34: 26 31 39
35: 26 32 37
36: 15 37 38
37: 14 35 36
38: 13 36 42
39: 14 34 43
40: 9 13 41
41: 8 40 49
42: 8 33 38
43: 7 33 39
44: 22 23 62
45: 6 9 61
46: 11 22 56
47: 6 54 60
48: 19 23 59
49: 6 41 58
50: 9 10 57
51: 11 55 59
52: 5 57 58
53: 54 55 56
54: 47 53 65
55: 51 53 63
56: 46 53 64
57: 50 52 68
58: 49 52 67
59: 48 51 66
60: 47 63 67
61: 45 65 68
62: 44 64 66
63: 4 55 60
64: 3 56 62
65: 3 54 61
66: 4 59 62
67: 2 58 60
68: 2 57 61

1: 2 3 4
2: 1 63 64
3: 1 66 68
4: 1 65 67
5: 31 32 53
6: 9 13 15
7: 9 14 16
8: 17 26 51
9: 6 7 18
10: 18 22 29
11: 19 21 27
12: 23 24 52
13: 6 21 22
14: 7 17 24
15: 6 19 20
16: 7 20 23
17: 8 14 44
18: 9 10 44
19: 11 15 38
20: 15 16 39
21: 11 13 40
22: 10 13 41
23: 12 16 43
24: 12 14 42
25: 34 38 62
26: 8 37 42
27: 11 34 37
28: 40 41 61
29: 10 33 36
30: 33 35 60
31: 5 39 43
32: 5 35 36
33: 29 30 45
34: 25 27 50
35: 30 32 46
36: 29 32 49
37: 26 27 48
38: 19 25 47
39: 20 31 47
40: 21 28 48
41: 22 28 49
42: 24 26 50
43: 23 31 46
44: 17 18 45
45: 33 44 54
46: 35 43 59
47: 38 39 56
48: 37 40 55
49: 36 41 58
50: 34 42 57
51: 8 54 55
52: 12 57 59
53: 5 56 58
54: 45 51 63
55: 48 51 64
56: 47 53 66
57: 50 52 65
58: 49 53 68
59: 46 52 67
60: 30 63 67
61: 28 64 68
62: 25 65 66
63: 2 54 60
64: 2 55 61
65: 4 57 62
66: 3 56 62
67: 4 59 60
68: 3 58 61

1: 2 3 4
2: 1 65 68
3: 1 63 67
4: 1 64 66
5: 7 8 61
6: 7 58 60
7: 5 6 52
8: 5 9 10
9: 8 55 58
10: 8 53 54
11: 44 56 57
12: 14 56 59
13: 14 15 57
14: 12 13 48
15: 13 46 47
16: 17 18 41
17: 16 36 38
18: 16 35 37
19: 22 42 45
20: 22 28 43
21: 24 42 43
22: 19 20 23
23: 22 24 25
24: 21 23 31
25: 23 29 30
26: 27 32 33
27: 26 29 31
28: 20 30 31
29: 25 27 34
30: 25 28 32
31: 24 27 28
32: 26 30 37
33: 26 35 38
34: 29 37 38
35: 18 33 40
36: 17 39 40
37: 18 32 34
38: 17 33 34
39: 36 50 51
40: 35 36 49
41: 16 49 50
42: 19 21 47
43: 20 21 46
44: 11 47 48
45: 19 46 48
46: 15 43 45
47: 15 42 44
48: 14 44 45
49: 40 41 54
50: 39 41 53
51: 39 54 55
52: 7 53 55
53: 10 50 52
54: 10 49 51
55: 9 51 52
56: 11 12 65
57: 11 13 68
58: 6 9 67
59: 12 64 68
60: 6 63 66
61: 5 66 67
62: 63 64 65
63: 3 60 62
64: 4 59 62
65: 2 56 62
66: 4 60 61
67: 3 58 61
68: 2 57 59

1: 2 3 4
2: 1 63 64
3: 1 66 67
4: 1 65 68
5: 34 44 60
6: 33 34 40
7: 36 37 62
8: 31 33 35
9: 30 32 35
10: 11 12 29
11: 10 23 43
12: 10 24 37
13: 20 41 43
14: 17 27 28
15: 16 24 36
16: 15 17 18
17: 14 16 42
18: 16 22 39
19: 20 23 42
20: 13 19 53
21: 38 40 61
22: 18 25 26
23: 11 19 28
24: 12 15 26
25: 22 33 38
26: 22 24 31
27: 14 32 39
28: 14 23 30
29: 10 30 31
30: 9 28 29
31: 8 26 29
32: 9 27 51
33: 6 8 25
34: 5 6 47
35: 8 9 47
36: 7 15 49
37: 7 12 48
38: 21 25 50
39: 18 27 50
40: 6 21 46
41: 13 45 52
42: 17 19 49
43: 11 13 48
44: 5 45 46
45: 41 44 59
46: 40 44 58
47: 34 35 54
48: 37 43 56
49: 36 42 57
50: 38 39 55
51: 32 54 55
52: 41 56 58
53: 20 57 59
54: 47 51 63
55: 50 51 64
56: 48 52 65
57: 49 53 66
58: 46 52 68
59: 45 53 67
60: 5 63 67
61: 21 64 68
62: 7 65 66
63: 2 54 60
64: 2 55 61
65: 4 56 62
66: 3 57 62
67: 3 59 60
68: 4 58 61

1: 2 3 4
2: 1 63 64
3: 1 65 68
4: 1 66 67
5: 18 25 26
6: 21 26 53
7: 19 24 25
8: 22 23 24
9: 15 16 20
10: 16 18 21
11: 19 22 52
12: 17 20 23
13: 15 17 30
14: 31 32 51
15: 9 13 39
16: 9 10 42
17: 12 13 34
18: 5 10 33
19: 7 11 33
20: 9 12 35
21: 6 10 35
22: 8 11 34
23: 8 12 41
24: 7 8 40
25: 5 7 37
26: 5 6 36
27: 43 44 62
28: 39 42 60
29: 40 41 61
30: 13 38 43
31: 14 38 44
32: 14 36 37
33: 18 19 46
34: 17 22 48
35: 20 21 47
36: 26 32 49
37: 25 32 50
38: 30 31 45
39: 15 28 45
40: 24 29 50
41: 23 29 47
42: 16 28 46
43: 27 30 48
44: 27 31 49
45: 38 39 54
46: 33 42 56
47: 35 41 57
48: 34 43 58
49: 36 44 59
50: 37 40 55
51: 14 54 55
52: 11 56 58
53: 6 57 59
54: 45 51 63
55: 50 51 64
56: 46 52 67
57: 47 53 68
58: 48 52 66
59: 49 53 65
60: 28 63 67
61: 29 64 68
62: 27 65 66
63: 2 54 60
64: 2 55 61
65: 3 59 62
66: 4 58 62
67: 4 56 60
68: 3 57 61

1: 2 3 4
2: 1 66 68
3: 1 67 68
4: 1 64 65
5: 64 65 68
6: 8 66 67
7: 9 66 67
8: 6 10 11
9: 7 10 11
10: 8 9 12
11: 8 9 13
12: 10 14 15
13: 11 14 15
14: 12 13 16
15: 12 13 17
16: 14 18 19
17: 15 18 19
18: 16 17 20
19: 16 17 21
20: 18 22 23
21: 19 22 23
22: 20 21 24
23: 20 21 25
24: 22 26 27
25: 23 26 27
26: 24 25 28
27: 24 25 29
28: 26 30 31
29: 27 30 31
30: 28 29 32
31: 28 29 33
32: 30 34 35
33: 31 34 35
34: 32 33 36
35: 32 33 37
36: 34 38 39
37: 35 38 39
38: 36 37 40
39: 36 37 41
40: 38 42 43
41: 39 42 43
42: 40 41 44
43: 40 41 45
44: 42 46 47
45: 43 46 47
46: 44 45 48
47: 44 45 49
48: 46 50 51
49: 47 50 51
50: 48 49 52
51: 48 49 53
52: 50 54 55
53: 51 54 55
54: 52 53 56
55: 52 53 57
56: 54 58 59
57: 55 58 59
58: 56 57 60
59: 56 57 61
60: 58 62 63
61: 59 62 63
62: 60 61 64
63: 60 61 65
64: 4 5 62
65: 4 5 63
66: 2 6 7
67: 3 6 7
68: 2 3 5

1: 2 3 4
2: 1 63 64
3: 1 66 68
4: 1 65 67
5: 13 17 22
6: 14 15 16
7: 15 18 21
8: 16 17 20
9: 11 13 18
10: 12 14 43
11: 9 31 34
12: 10 30 51
13: 5 9 24
14: 6 10 25
15: 6 7 30
16: 6 8 29
17: 5 8 28
18: 7 9 26
19: 24 28 52
20: 8 25 27
21: 7 29 31
22: 5 26 27
23: 35 44 60
24: 13 19 37
25: 14 20 38
26: 18 22 42
27: 20 22 40
28: 17 19 41
29: 16 21 41
30: 12 15 42
31: 11 21 39
32: 36 39 62
33: 38 40 61
34: 11 36 37
35: 23 45 53
36: 32 34 48
37: 24 34 46
38: 25 33 47
39: 31 32 50
40: 27 33 49
41: 28 29 50
42: 26 30 49
43: 10 45 47
44: 23 46 48
45: 35 43 56
46: 37 44 59
47: 38 43 55
48: 36 44 54
49: 40 42 57
50: 39 41 58
51: 12 56 57
52: 19 58 59
53: 35 54 55
54: 48 53 66
55: 47 53 68
56: 45 51 63
57: 49 51 64
58: 50 52 65
59: 46 52 67
60: 23 63 67
61: 33 64 68
62: 32 65 66
63: 2 56 60
64: 2 57 61
65: 4 58 62
66: 3 54 62
67: 4 59 60
68: 3 55 61

1: 2 3 4
2: 1 63 68
3: 1 65 66
4: 1 64 67
5: 6 14 33
6: 5 10 20
7: 8 12 34
8: 7 9 19
9: 8 11 13
10: 6 11 12
11: 9 10 18
12: 7 10 16
13: 9 15 17
14: 5 15 16
15: 13 14 32
16: 12 14 31
17: 13 30 31
18: 11 29 32
19: 8 24 30
20: 6 25 29
21: 23 24 28
22: 25 26 27
23: 21 38 51
24: 19 21 36
25: 20 22 40
26: 22 41 50
27: 22 39 52
28: 21 42 53
29: 18 20 41
30: 17 19 42
31: 16 17 35
32: 15 18 37
33: 5 37 40
34: 7 35 36
35: 31 34 45
36: 24 34 44
37: 32 33 43
38: 23 44 62
39: 27 46 61
40: 25 33 46
41: 26 29 43
42: 28 30 45
43: 37 41 47
44: 36 38 48
45: 35 42 48
46: 39 40 47
47: 43 46 59
48: 44 45 58
49: 56 57 60
50: 26 55 59
51: 23 54 56
52: 27 55 57
53: 28 54 58
54: 51 53 66
55: 50 52 68
56: 49 51 64
57: 49 52 67
58: 48 53 65
59: 47 50 63
60: 49 66 68
61: 39 63 67
62: 38 64 65
63: 2 59 61
64: 4 56 62
65: 3 58 62
66: 3 54 60
67: 4 57 61
68: 2 55 60

1: 2 3 4
2: 1 67 68
3: 1 66 68
4: 1 65 67
5: 6 7 8
6: 5 10 11
7: 5 9 12
8: 5 9 10
9: 7 8 16
10: 6 8 15
11: 6 13 15
12: 7 14 16
13: 11 18 20
14: 12 17 19
15: 10 11 18
16: 9 12 17
17: 14 16 24
18: 13 15 23
19: 14 22 24
20: 13 21 23
21: 20 26 28
22: 19 25 27
23: 18 20 26
24: 17 19 25
25: 22 24 32
26: 21 23 31
27: 22 30 32
28: 21 29 31
29: 28 34 36
30: 27 33 35
31: 26 28 34
32: 25 27 33
33: 30 32 40
34: 29 31 39
35: 30 38 40
36: 29 37 39
37: 36 42 44
38: 35 41 43
39: 34 36 42
40: 33 35 41
41: 38 40 48
42: 37 39 47
43: 38 46 48
44: 37 45 47
45: 44 50 52
46: 43 49 51
47: 42 44 50
48: 41 43 49
49: 46 48 56
50: 45 47 55
51: 46 54 56
52: 45 53 55
53: 52 58 60
54: 51 57 59
55: 50 52 58
56: 49 51 57
57: 54 56 64
58: 53 55 63
59: 54 62 64
60: 53 61 63
61: 60 66 68
62: 59 65 67
63: 58 60 66
64: 57 59 65
65: 4 62 64
66: 3 61 63
67: 2 4 62
68: 2 3 61

1: 2 3 4
2: 1 67 68
3: 1 64 65
4: 1 63 66
5: 19 25 29
6: 20 26 30
7: 14 22 28
8: 13 21 27
9: 12 17 18
10: 12 16 24
11: 12 15 23
12: 9 10 11
13: 8 44 49
14: 7 43 50
15: 11 46 48
16: 10 45 47
17: 9 32 34
18: 9 31 33
19: 5 31 35
20: 6 32 36
21: 8 34 38
22: 7 33 37
23: 11 35 40
24: 10 36 39
25: 5 38 41
26: 6 37 42
27: 8 40 43
28: 7 39 44
29: 5 42 46
30: 6 41 45
31: 18 19 60
32: 17 20 59
33: 18 22 54
34: 17 21 53
35: 19 23 58
36: 20 24 57
37: 22 26 58
38: 21 25 57
39: 24 28 60
40: 23 27 59
41: 25 30 56
42: 26 29 55
43: 14 27 62
44: 13 28 61
45: 16 30 62
46: 15 29 61
47: 16 52 55
48: 15 51 56
49: 13 52 54
50: 14 51 53
51: 48 50 68
52: 47 49 67
53: 34 50 66
54: 33 49 65
55: 42 47 66
56: 41 48 65
57: 36 38 68
58: 35 37 67
59: 32 40 64
60: 31 39 63
61: 44 46 64
62: 43 45 63
63: 4 60 62
64: 3 59 61
65: 3 54 56
66: 4 53 55
67: 2 52 58
68: 2 51 57

