1: 2 3 4
2: 1 77 78
3: 1 80 82
4: 1 79 81
5: 10 15 18
6: 9 16 17
7: 10 11 20
8: 9 11 19
9: 6 8 43
10: 5 7 42
11: 7 8 41
12: 41 43 65
13: 37 40 67
14: 38 39 66
15: 5 27 33
16: 6 26 37
17: 6 28 35
18: 5 31 34
19: 8 35 36
20: 7 34 36
21: 31 32 33
22: 27 29 42
23: 26 32 40
24: 28 30 39
25: 29 30 38
26: 16 23 53
27: 15 22 55
28: 17 24 58
29: 22 25 50
30: 24 25 51
31: 18 21 56
32: 21 23 49
33: 15 21 48
34: 18 20 52
35: 17 19 54
36: 19 20 47
37: 13 16 58
38: 14 25 55
39: 14 24 54
40: 13 23 56
41: 11 12 57
42: 10 22 57
43: 9 12 53
44: 47 52 74
45: 50 51 76
46: 48 49 75
47: 36 44 59
48: 33 46 64
49: 32 46 63
50: 29 45 62
51: 30 45 61
52: 34 44 60
53: 26 43 63
54: 35 39 59
55: 27 38 64
56: 31 40 60
57: 41 42 62
58: 28 37 61
59: 47 54 68
60: 52 56 70
61: 51 58 73
62: 50 57 72
63: 49 53 71
64: 48 55 69
65: 12 71 72
66: 14 68 69
67: 13 70 73
68: 59 66 77
69: 64 66 78
70: 60 67 81
71: 63 65 82
72: 62 65 80
73: 61 67 79
74: 44 77 81
75: 46 78 82
76: 45 79 80
77: 2 68 74
78: 2 69 75
79: 4 73 76
80: 3 72 76
81: 4 70 74
82: 3 71 75

1: 2 3 4
2: 1 77 78
3: 1 80 82
4: 1 79 81
5: 13 15 16
6: 13 14 20
7: 14 15 24
8: 11 16 22
9: 11 21 23
10: 11 25 26
11: 8 9 10
12: 31 44 66
13: 5 6 33
14: 6 7 41
15: 5 7 40
16: 5 8 32
17: 36 40 67
18: 38 41 65
19: 34 37 45
20: 6 31 38
21: 9 32 37
22: 8 33 39
23: 9 34 35
24: 7 29 36
25: 10 28 39
26: 10 30 35
27: 28 29 30
28: 25 27 54
29: 24 27 57
30: 26 27 58
31: 12 20 56
32: 16 21 55
33: 13 22 56
34: 19 23 52
35: 23 26 53
36: 17 24 58
37: 19 21 49
38: 18 20 50
39: 22 25 51
40: 15 17 55
41: 14 18 57
42: 51 54 74
43: 52 53 76
44: 12 48 50
45: 19 47 48
46: 47 49 75
47: 45 46 62
48: 44 45 64
49: 37 46 61
50: 38 44 62
51: 39 42 60
52: 34 43 64
53: 35 43 63
54: 28 42 59
55: 32 40 61
56: 31 33 60
57: 29 41 59
58: 30 36 63
59: 54 57 68
60: 51 56 73
61: 49 55 72
62: 47 50 69
63: 53 58 70
64: 48 52 71
65: 18 68 69
66: 12 71 73
67: 17 70 72
68: 59 65 77
69: 62 65 78
70: 63 67 80
71: 64 66 79
72: 61 67 82
73: 60 66 81
74: 42 77 81
75: 46 78 82
76: 43 79 80
77: 2 68 74
78: 2 69 75
79: 4 71 76
80: 3 70 76
81: 4 73 74
82: 3 72 75

1: 2 3 4 5 6 7 8 9 10 11 12 13 14 15 16 17 18 19 20 21 22 23 24 25 26 27 28 29 30 31 32 33 34 35 36
2: 1 12 16 19 21 23 24 25 27 28 33 36 41 46 47 48 54 56 58 59 60 61 64 65 67 68 69 70 71 72 78 79 80 81 82
3: 1 12 15 20 22 23 24 26 27 28 34 35 42 45 47 48 53 55 57 59 60 62 63 66 67 68 69 70 71 72 77 79 80 81 82
4: 1 7 8 9 11 17 23 26 27 32 33 35 36 38 45 47 50 51 53 54 57 60 63 66 67 68 69 72 74 75 77 78 79 80 82
5: 1 6 8 9 10 18 24 25 28 31 34 35 36 37 46 48 49 52 53 54 58 59 64 65 67 68 70 71 73 76 77 78 79 80 81
6: 1 5 7 11 16 18 19 22 28 30 31 35 36 37 39 44 48 51 55 56 59 61 62 64 67 68 69 71 72 76 78 79 80 81 82
7: 1 4 6 10 15 17 20 21 27 29 32 35 36 38 40 43 47 52 55 56 60 61 62 63 67 68 70 71 72 75 77 79 80 81 82
8: 1 4 5 14 17 19 20 24 27 29 33 34 36 38 39 46 47 49 52 54 57 60 61 65 68 70 71 72 73 74 75 78 79 80 82
9: 1 4 5 13 18 19 20 23 28 30 33 34 35 37 40 45 48 50 51 53 58 59 62 66 67 69 71 72 73 74 76 77 79 80 81
10: 1 5 7 11 14 15 17 19 26 27 32 35 36 39 41 43 44 46 49 50 53 60 62 63 65 66 67 68 71 73 75 77 78 79 81
11: 1 4 6 10 13 16 18 20 25 28 31 35 36 40 42 43 44 45 49 50 54 59 61 64 65 66 67 68 72 74 76 77 78 80 82
12: 1 2 3 13 14 27 28 29 30 33 34 35 36 47 48 49 50 51 52 53 54 59 60 63 64 67 68 71 72 73 74 77 78 79 80
13: 1 9 11 12 14 15 17 22 24 27 29 31 33 36 38 40 44 46 47 50 51 52 53 57 58 61 66 73 74 75 76 77 78 80 82
14: 1 8 10 12 13 16 18 21 23 28 30 32 34 35 37 39 43 45 48 49 51 52 54 57 58 62 65 73 74 75 76 77 78 79 81
15: 1 3 7 10 13 16 18 19 24 25 28 29 33 34 41 42 46 47 50 52 54 55 56 61 63 64 65 66 72 74 77 78 80 81 82
16: 1 2 6 11 14 15 17 20 23 26 27 30 33 34 41 42 45 48 49 51 53 55 56 62 63 64 65 66 71 73 77 78 79 81 82
17: 1 4 7 8 10 13 16 21 22 23 25 26 29 30 34 38 39 49 50 51 55 56 58 59 65 66 69 70 71 72 73 75 78 79 82
18: 1 5 6 9 11 14 15 21 22 24 25 26 29 30 33 37 40 49 50 52 55 56 57 60 65 66 69 70 71 72 74 76 77 80 81
19: 1 2 6 8 9 10 15 20 21 23 27 31 32 33 35 39 41 43 51 53 54 55 57 61 62 63 65 69 71 73 75 77 79 80 81
20: 1 3 7 8 9 11 16 19 22 24 28 31 32 34 36 40 42 44 52 53 54 56 58 61 62 64 66 70 72 74 76 78 79 80 82
21: 1 2 7 14 17 18 19 24 25 26 31 32 34 35 36 37 39 42 43 48 56 58 59 61 62 64 65 68 69 73 75 76 77 79 81
22: 1 3 6 13 17 18 20 23 25 26 31 32 33 35 36 38 40 41 44 47 55 57 60 61 62 63 66 67 70 74 75 76 78 80 82
23: 1 2 3 4 9 14 16 17 19 22 24 28 29 31 36 38 39 40 44 45 48 54 57 58 63 64 68 69 72 73 74 75 76 79 82
24: 1 2 3 5 8 13 15 18 20 21 23 27 30 32 35 37 39 40 43 46 47 53 57 58 63 64 67 70 71 73 74 75 76 80 81
25: 1 2 5 11 15 17 18 21 22 27 29 30 31 32 35 36 37 38 42 43 44 46 47 50 60 61 65 67 71 75 76 78 80 81 82
26: 1 3 4 10 16 17 18 21 22 28 29 30 31 32 35 36 37 38 41 43 44 45 48 49 59 62 66 68 72 75 76 77 79 81 82
27: 1 2 3 4 7 8 10 12 13 16 19 24 25 30 31 34 37 42 46 49 50 51 52 55 59 60 61 63 66 68 69 70 73 77 82
28: 1 2 3 5 6 9 11 12 14 15 20 23 26 29 32 33 38 41 45 49 50 51 52 56 59 60 62 64 65 67 69 70 74 78 81
29: 1 7 8 12 13 15 17 18 23 25 26 28 31 32 34 35 36 38 40 42 44 52 54 56 57 59 64 68 72 74 75 76 77 79 82
30: 1 6 9 12 14 16 17 18 24 25 26 27 31 32 33 35 36 37 39 41 43 51 53 55 58 60 63 67 71 73 75 76 78 80 81
31: 1 5 6 11 13 19 20 21 22 23 25 26 27 29 30 33 34 44 45 49 51 53 55 56 58 61 65 68 69 70 73 76 77 80 82
32: 1 4 7 10 14 19 20 21 22 24 25 26 28 29 30 33 34 43 46 50 52 54 55 56 57 62 66 67 69 70 74 75 78 79 81
33: 1 2 4 8 9 12 13 15 16 18 19 22 28 30 31 32 34 39 41 43 45 46 47 49 51 56 58 62 63 65 69 70 72 74 77
34: 1 3 5 8 9 12 14 15 16 17 20 21 27 29 31 32 33 40 42 44 45 46 48 50 52 55 57 61 64 66 69 70 71 73 78
35: 1 3 4 5 6 7 9 10 11 12 14 19 21 22 24 25 26 29 30 37 40 41 42 43 45 47 54 57 59 63 64 74 75 76 81
36: 1 2 4 5 6 7 8 10 11 12 13 20 21 22 23 25 26 29 30 38 39 41 42 44 46 48 53 58 60 63 64 73 75 76 82
37: 5 6 9 14 18 21 24 25 26 27 30 35 38 40 41 44 46 47 49 50 51 52 53 55 57 58 61 62 66 67 68 69 73 74 82
38: 4 7 8 13 17 22 23 25 26 28 29 36 37 39 42 43 45 48 49 50 51 52 54 56 57 58 61 62 65 67 68 70 73 74 81
39: 6 8 10 14 17 19 21 23 24 30 33 36 38 43 46 47 48 51 53 54 55 56 57 60 61 62 66 67 68 69 72 74 78 81 82
40: 7 9 11 13 18 20 22 23 24 29 34 35 37 44 45 47 48 52 53 54 55 56 58 59 61 62 65 67 68 70 71 73 77 81 82
41: 2 10 15 16 19 22 26 28 30 33 35 36 37 42 45 46 47 49 51 54 55 59 60 61 62 64 66 67 68 72 73 74 78 80 82
42: 3 11 15 16 20 21 25 27 29 34 35 36 38 41 45 46 48 50 52 53 56 59 60 61 62 63 65 67 68 71 73 74 77 79 81
43: 7 10 11 14 19 21 24 25 26 30 32 33 35 38 39 45 46 47 49 50 52 54 55 57 59 61 65 66 71 72 73 74 77 80 82
44: 6 10 11 13 20 22 23 25 26 29 31 34 36 37 40 45 46 48 49 50 51 53 56 58 60 62 65 66 71 72 73 74 78 79 81
45: 3 4 9 11 14 16 23 26 28 31 33 34 35 38 40 41 42 43 44 46 47 50 52 53 55 56 57 61 63 64 66 75 76 78 80
46: 2 5 8 10 13 15 24 25 27 32 33 34 36 37 39 41 42 43 44 45 48 49 51 54 55 56 58 62 63 64 65 75 76 77 79
47: 2 3 4 7 8 12 13 15 22 24 25 33 35 37 39 40 41 43 45 49 50 51 52 54 56 59 60 62 64 65 68 69 70 76 82
48: 2 3 5 6 9 12 14 16 21 23 26 34 36 38 39 40 42 44 46 49 50 51 52 53 55 59 60 61 63 66 67 69 70 75 81
49: 5 8 10 11 12 14 16 17 18 26 27 28 31 33 37 38 41 43 44 46 47 48 56 59 60 61 64 67 69 71 73 75 76 78 80
50: 4 9 10 11 12 13 15 17 18 25 27 28 32 34 37 38 42 43 44 45 47 48 55 59 60 62 63 68 70 72 74 75 76 77 79
51: 4 6 9 12 13 14 16 17 19 27 28 30 31 33 37 38 39 41 44 46 47 48 53 54 57 59 60 64 65 68 70 72 75 76 79
52: 5 7 8 12 13 14 15 18 20 27 28 29 32 34 37 38 40 42 43 45 47 48 53 54 58 59 60 63 66 67 69 71 75 76 80
53: 3 4 5 9 10 12 13 16 19 20 24 30 31 36 37 39 40 42 44 45 48 51 52 54 61 64 66 68 69 71 74 75 77 78 82
54: 2 4 5 8 11 12 14 15 19 20 23 29 32 35 38 39 40 41 43 46 47 51 52 53 62 63 65 67 70 72 73 76 77 78 81
55: 3 6 7 15 16 17 18 19 22 27 30 31 32 34 37 39 40 41 43 45 46 48 50 56 58 59 60 62 63 65 68 75 77 79 82
56: 2 6 7 15 16 17 18 20 21 28 29 31 32 33 38 39 40 42 44 45 46 47 49 55 57 59 60 61 64 66 67 76 78 80 81
57: 3 4 8 13 14 18 19 22 23 24 29 32 34 35 37 38 39 43 45 51 56 58 59 62 64 65 66 69 70 72 73 77 80 81 82
58: 2 5 9 13 14 17 20 21 23 24 30 31 33 36 37 38 40 44 46 52 55 57 60 61 63 65 66 69 70 71 74 78 79 81 82
59: 2 3 5 6 9 11 12 17 21 26 27 28 29 35 40 41 42 43 47 48 49 50 51 52 55 56 57 65 66 69 70 71 73 80 82
60: 2 3 4 7 8 10 12 18 22 25 27 28 30 36 39 41 42 44 47 48 49 50 51 52 55 56 58 65 66 69 70 72 74 79 81
61: 2 6 7 8 11 13 15 19 20 21 22 25 27 31 34 37 38 39 40 41 42 43 45 48 49 53 56 58 63 64 66 68 71 75 78
62: 3 6 7 9 10 14 16 19 20 21 22 26 28 32 33 37 38 39 40 41 42 44 46 47 50 54 55 57 63 64 65 67 72 76 77
63: 3 4 7 10 12 15 16 19 22 23 24 27 30 33 35 36 42 45 46 48 50 52 54 55 58 61 62 64 66 69 70 74 76 78 79
64: 2 5 6 11 12 15 16 20 21 23 24 28 29 34 35 36 41 45 46 47 49 51 53 56 57 61 62 63 65 69 70 73 75 77 80
65: 2 5 8 10 11 14 15 16 17 18 19 21 25 28 31 33 38 40 42 43 44 46 47 51 54 55 57 58 59 60 62 64 68 71 72
66: 3 4 9 10 11 13 15 16 17 18 20 22 26 27 32 34 37 39 41 43 44 45 48 52 53 56 57 58 59 60 61 63 67 71 72
67: 2 3 4 5 6 7 9 10 11 12 22 24 25 28 30 32 37 38 39 40 41 42 48 49 52 54 56 62 66 68 69 71 74 76 80
68: 2 3 4 5 6 7 8 10 11 12 21 23 26 27 29 31 37 38 39 40 41 42 47 50 51 53 55 61 65 67 70 72 73 75 79
69: 2 3 4 6 9 17 18 19 21 23 27 28 31 32 33 34 37 39 47 48 49 52 53 57 58 59 60 63 64 67 71 75 76 78 80
70: 2 3 5 7 8 17 18 20 22 24 27 28 31 32 33 34 38 40 47 48 50 51 54 57 58 59 60 63 64 68 72 75 76 77 79
71: 2 3 5 6 7 8 9 10 12 16 17 18 19 24 25 30 34 40 42 43 44 49 52 53 58 59 61 65 66 67 69 72 74 79 82
72: 2 3 4 6 7 8 9 11 12 15 17 18 20 23 26 29 33 39 41 43 44 50 51 54 57 60 62 65 66 68 70 71 73 80 81
73: 5 8 9 10 12 13 14 16 17 19 21 23 24 27 30 31 34 36 37 38 40 41 42 43 44 49 54 57 59 64 68 72 74 81 82
74: 4 8 9 11 12 13 14 15 18 20 22 23 24 28 29 32 33 35 37 38 39 41 42 43 44 50 53 58 60 63 67 71 73 81 82
75: 4 7 8 10 13 14 17 19 21 22 23 24 25 26 29 30 32 35 36 45 46 48 49 50 51 52 53 55 61 64 68 69 70 77 80
76: 5 6 9 11 13 14 18 20 21 22 23 24 25 26 29 30 31 35 36 45 46 47 49 50 51 52 54 56 62 63 67 69 70 78 79
77: 3 4 5 7 9 10 11 12 13 14 15 16 18 19 21 26 27 29 31 33 40 42 43 46 50 53 54 55 57 62 64 70 75 79 80
78: 2 4 5 6 8 10 11 12 13 14 15 16 17 20 22 25 28 30 32 34 39 41 44 45 49 53 54 56 58 61 63 69 76 79 80
79: 2 3 4 5 6 7 8 9 10 12 14 16 17 19 20 21 23 26 29 32 42 44 46 50 51 55 58 60 63 68 70 71 76 77 78
80: 2 3 4 5 6 7 8 9 11 12 13 15 18 19 20 22 24 25 30 31 41 43 45 49 52 56 57 59 64 67 69 72 75 77 78
81: 2 3 5 6 7 9 10 14 15 16 18 19 21 24 25 26 28 30 32 35 38 39 40 42 44 48 54 56 57 58 60 72 73 74 82
82: 2 3 4 6 7 8 11 13 15 16 17 20 22 23 25 26 27 29 31 36 37 39 40 41 43 47 53 55 57 58 59 71 73 74 81

