1: 8 10 25 28
2: 7 9 26 27
3: 5 18 20 24 28
4: 6 15 21 23 27
5: 3 10 19 22 33
6: 4 9 16 17 34
7: 2 14 23 32 34
8: 1 13 24 31 33
9: 2 6 22 24 28
10: 1 5 12 29 30
11: 12 13 16 23 27 29
12: 10 11 17 18 21 33
13: 8 11 19 20 30 32
14: 7 17 19 20 21 29
15: 4 16 17 22 24 28
16: 6 11 15 21 30 31
17: 6 12 14 15 26 32
18: 3 12 19 22 29 30
19: 5 13 14 18 25 31
20: 3 13 14 22 25 31
21: 4 12 14 16 26 32
22: 5 9 15 18 20 34
23: 4 7 11 26 30 31
24: 3 8 9 15 25 34
25: 1 19 20 24 32 33
26: 2 17 21 23 29 34
27: 2 4 11 30 31 34
28: 1 3 9 15 33 34
29: 10 11 14 18 26 32 33
30: 10 13 16 18 23 27 33
31: 8 16 19 20 23 27 32
32: 7 13 17 21 25 29 31
33: 5 8 12 25 28 29 30
34: 6 7 22 24 26 27 28

1: 9 10 13 22 25 32 33
2: 9 12 14 20 26 30 34
3: 9 13 14 21 28 32 34
4: 10 11 13 17 23 29 33
5: 10 11 12 19 27 29 31
6: 11 12 14 18 24 30 31
7: 9 10 12 15 25 26 27
8: 11 13 14 16 23 24 28
9: 1 2 3 7 17 23 29
10: 1 4 5 7 18 24 30
11: 4 5 6 8 20 26 34
12: 2 5 6 7 21 28 32
13: 1 3 4 8 19 27 31
14: 2 3 6 8 22 25 33
15: 7 16 19 20 22 29 30 32
16: 8 15 17 18 21 31 33 34
17: 4 9 16 19 22 24 25 32
18: 6 10 16 19 20 27 28 29
19: 5 13 15 17 18 23 26 33
20: 2 11 15 18 21 24 25 31
21: 3 12 16 20 22 23 26 30
22: 1 14 15 17 21 27 28 34
23: 4 8 9 19 21 31 32 34
24: 6 8 10 17 20 29 33 34
25: 1 7 14 17 20 29 30 34
26: 2 7 11 19 21 29 31 32
27: 5 7 13 18 22 30 32 33
28: 3 8 12 18 22 30 31 33
29: 4 5 9 15 18 24 25 26
30: 2 6 10 15 21 25 27 28
31: 5 6 13 16 20 23 26 28
32: 1 3 12 15 17 23 26 27
33: 1 4 14 16 19 24 27 28
34: 2 3 11 16 22 23 24 25

1: 22 29 32
2: 24 32 33
3: 23 26 31
4: 25 26 30
5: 25 26 34
6: 16 24 28
7: 16 17 27
8: 17 19 28
9: 17 19 29
10: 14 17 27
11: 15 23 30
12: 18 20 31
13: 18 20 26
14: 10 27 29 32
15: 11 31 32 33
16: 6 7 27 28
17: 7 8 9 10
18: 12 13 26 31
19: 8 9 28 29
20: 12 13 33 34
21: 28 29 33 34
22: 1 30 32 34
23: 3 11 30 31
24: 2 6 27 33
25: 4 5 30 34
26: 3 4 5 13 18
27: 7 10 14 16 24
28: 6 8 16 19 21
29: 1 9 14 19 21
30: 4 11 22 23 25
31: 3 12 15 18 23
32: 1 2 14 15 22
33: 2 15 20 21 24
34: 5 20 21 22 25

1: 21 30 34
2: 22 26 32
3: 24 31 32
4: 25 27 30
5: 23 29 31
6: 22 23 26
7: 18 25 27
8: 18 20 28
9: 18 20 33
10: 16 17 27
11: 16 17 28
12: 15 19 26
13: 15 19 29
14: 28 32 33 34
15: 12 13 32 34
16: 10 11 30 34
17: 10 11 27 28
18: 7 8 9 27
19: 12 13 26 29
20: 8 9 28 33
21: 1 29 31 34
22: 2 6 31 32
23: 5 6 26 29
24: 3 30 31 33
25: 4 7 30 33
26: 2 6 12 19 23
27: 4 7 10 17 18
28: 8 11 14 17 20
29: 5 13 19 21 23
30: 1 4 16 24 25
31: 3 5 21 22 24
32: 2 3 14 15 22
33: 9 14 20 24 25
34: 1 14 15 16 21

1: 23 27 31
2: 24 28 34
3: 26 29 33
4: 25 30 32
5: 18 27 28
6: 20 27 29
7: 17 28 30
8: 19 29 30
9: 21 23 31
10: 22 26 33
11: 22 25 32
12: 21 24 34
13: 17 24 31
14: 18 23 34
15: 20 26 32
16: 19 25 33
17: 7 13 28 31
18: 5 14 27 34
19: 8 16 30 33
20: 6 15 29 32
21: 9 12 31 34
22: 10 11 32 33
23: 1 9 14 27
24: 2 12 13 28
25: 4 11 16 30
26: 3 10 15 29
27: 1 5 6 18 23
28: 2 5 7 17 24
29: 3 6 8 20 26
30: 4 7 8 19 25
31: 1 9 13 17 21
32: 4 11 15 20 22
33: 3 10 16 19 22
34: 2 12 14 18 21

1: 21 29 34
2: 23 30 33
3: 26 28 32
4: 25 27 31
5: 19 28 34
6: 17 33 34
7: 20 33 34
8: 18 27 28
9: 21 22 29
10: 22 23 30
11: 24 26 32
12: 24 25 31
13: 17 21 30
14: 20 23 29
15: 18 26 31
16: 19 25 32
17: 6 13 30 34
18: 8 15 28 31
19: 5 16 27 32
20: 7 14 29 33
21: 1 9 13 34
22: 9 10 29 30
23: 2 10 14 33
24: 11 12 31 32
25: 4 12 16 27
26: 3 11 15 28
27: 4 8 19 25 33
28: 3 5 8 18 26
29: 1 9 14 20 22
30: 2 10 13 17 22
31: 4 12 15 18 24
32: 3 11 16 19 24
33: 2 6 7 20 23 27
34: 1 5 6 7 17 21

1: 23 24 25 26 27 28 29 30 31 32 33 34
2: 8 9 10 11 20 21 23 24 25 26 27 28
3: 8 12 13 16 20 22 23 27 29 31 32 33
4: 9 14 15 17 20 22 24 27 29 32 33 34
5: 10 12 14 18 21 22 25 28 30 31 32 34
6: 11 13 15 19 21 22 26 28 30 31 33 34
7: 16 17 18 19 20 21 23 24 25 26 29 30
8: 2 3 14 15 17 18 19 20 23 24 27 29 30 34
9: 2 4 12 13 16 18 19 20 23 24 27 29 30 31
10: 2 5 13 15 16 17 19 21 25 26 28 29 30 33
11: 2 6 12 14 16 17 18 21 25 26 28 29 30 32
12: 3 5 9 11 15 17 19 22 24 26 31 32 33 34
13: 3 6 9 10 14 17 18 22 24 25 31 32 33 34
14: 4 5 8 11 13 16 19 22 23 26 31 32 33 34
15: 4 6 8 10 12 16 18 22 23 25 31 32 33 34
16: 3 7 9 10 11 14 15 20 23 24 27 28 29 34
17: 4 7 8 10 11 12 13 20 23 24 27 28 29 31
18: 5 7 8 9 11 13 15 21 25 26 27 28 30 33
19: 6 7 8 9 10 12 14 21 25 26 27 28 30 32
20: 2 3 4 7 8 9 16 17 21 22 25 26 28 30 31 32 33 34
21: 2 5 6 7 10 11 18 19 20 22 23 24 27 29 31 32 33 34
22: 3 4 5 6 12 13 14 15 20 21 23 24 25 26 27 28 29 30
23: 1 2 3 7 8 9 14 15 16 17 21 22 28 30 31 32 33 34
24: 1 2 4 7 8 9 12 13 16 17 21 22 28 30 31 32 33 34
25: 1 2 5 7 10 11 13 15 18 19 20 22 27 29 31 32 33 34
26: 1 2 6 7 10 11 12 14 18 19 20 22 27 29 31 32 33 34
27: 1 2 3 4 8 9 16 17 18 19 21 22 25 26 28 30 31 34
28: 1 2 5 6 10 11 16 17 18 19 20 22 23 24 27 29 32 33
29: 1 3 4 7 8 9 10 11 16 17 21 22 25 26 28 30 31 34
30: 1 5 6 7 8 9 10 11 18 19 20 22 23 24 27 29 32 33
31: 1 3 5 6 9 12 13 14 15 17 20 21 23 24 25 26 27 29
32: 1 3 4 5 11 12 13 14 15 19 20 21 23 24 25 26 28 30
33: 1 3 4 6 10 12 13 14 15 18 20 21 23 24 25 26 28 30
34: 1 4 5 6 8 12 13 14 15 16 20 21 23 24 25 26 27 29

1: 2 3 4
2: 1 29 33
3: 1 30 32
4: 1 31 34
5: 12 13 20
6: 7 12 14
7: 6 9 11
8: 11 15 21
9: 7 13 15
10: 11 14 22
11: 7 8 10
12: 5 6 17
13: 5 9 19
14: 6 10 16
15: 8 9 18
16: 14 17 28
17: 12 16 24
18: 15 19 26
19: 13 18 25
20: 5 24 25
21: 8 23 26
22: 10 23 27
23: 21 22 34
24: 17 20 30
25: 19 20 32
26: 18 21 31
27: 22 28 33
28: 16 27 29
29: 2 28 30
30: 3 24 29
31: 4 26 32
32: 3 25 31
33: 2 27 34
34: 4 23 33

1: 2 3 4
2: 1 30 34
3: 1 29 33
4: 1 31 32
5: 6 7 20
6: 5 15 19
7: 5 14 18
8: 13 16 17
9: 11 18 27
10: 12 19 28
11: 9 14 17
12: 10 15 16
13: 8 14 15
14: 7 11 13
15: 6 12 13
16: 8 12 26
17: 8 11 25
18: 7 9 24
19: 6 10 23
20: 5 21 22
21: 20 24 34
22: 20 23 33
23: 19 22 29
24: 18 21 30
25: 17 26 32
26: 16 25 31
27: 9 30 32
28: 10 29 31
29: 3 23 28
30: 2 24 27
31: 4 26 28
32: 4 25 27
33: 3 22 34
34: 2 21 33

1: 2 3 4
2: 1 29 34
3: 1 30 32
4: 1 31 33
5: 7 11 14
6: 7 9 10
7: 5 6 13
8: 10 16 28
9: 6 11 16
10: 6 8 18
11: 5 9 17
12: 15 17 27
13: 7 18 20
14: 5 15 19
15: 12 14 24
16: 8 9 26
17: 11 12 25
18: 10 13 22
19: 14 20 23
20: 13 19 21
21: 20 22 33
22: 18 21 31
23: 19 24 34
24: 15 23 29
25: 17 26 32
26: 16 25 30
27: 12 29 32
28: 8 30 31
29: 2 24 27
30: 3 26 28
31: 4 22 28
32: 3 25 27
33: 4 21 34
34: 2 23 33

1: 2 3 4
2: 1 30 31
3: 1 32 33
4: 1 29 34
5: 6 7 28
6: 5 21 27
7: 5 20 26
8: 13 23 24
9: 12 22 23
10: 17 24 25
11: 15 22 26
12: 9 13 15
13: 8 12 16
14: 18 25 27
15: 11 12 19
16: 13 17 19
17: 10 16 18
18: 14 17 21
19: 15 16 20
20: 7 19 21
21: 6 18 20
22: 9 11 31
23: 8 9 32
24: 8 10 33
25: 10 14 34
26: 7 11 30
27: 6 14 29
28: 5 29 30
29: 4 27 28
30: 2 26 28
31: 2 22 32
32: 3 23 31
33: 3 24 34
34: 4 25 33

1: 2 3 4
2: 1 30 31
3: 1 32 33
4: 1 29 34
5: 6 7 28
6: 5 21 27
7: 5 19 20
8: 10 22 26
9: 14 25 26
10: 8 17 21
11: 12 13 20
12: 11 16 18
13: 11 17 19
14: 9 17 18
15: 18 24 25
16: 12 23 24
17: 10 13 14
18: 12 14 15
19: 7 13 21
20: 7 11 23
21: 6 10 19
22: 8 27 34
23: 16 20 30
24: 15 16 31
25: 9 15 32
26: 8 9 33
27: 6 22 29
28: 5 29 30
29: 4 27 28
30: 2 23 28
31: 2 24 32
32: 3 25 31
33: 3 26 34
34: 4 22 33

1: 2 3 4
2: 1 29 33
3: 1 30 32
4: 1 31 34
5: 7 8 10
6: 8 11 18
7: 5 9 19
8: 5 6 15
9: 7 11 17
10: 5 14 20
11: 6 9 16
12: 16 17 28
13: 14 15 27
14: 10 13 26
15: 8 13 22
16: 11 12 24
17: 9 12 23
18: 6 22 24
19: 7 21 23
20: 10 21 25
21: 19 20 34
22: 15 18 32
23: 17 19 31
24: 16 18 30
25: 20 26 33
26: 14 25 29
27: 13 29 32
28: 12 30 31
29: 2 26 27
30: 3 24 28
31: 4 23 28
32: 3 22 27
33: 2 25 34
34: 4 21 33

1: 2 3 4 5 6 7 8 9 10 11
2: 1 3 8 27 28 29 30 31 32 34
3: 1 2 4 7 8 10 11 31 32 34
4: 1 3 5 8 9 10 11 31 32 34
5: 1 4 6 7 9 10 11 32 33 34
6: 1 5 7 8 9 10 11 32 33 34
7: 1 3 5 6 9 10 11 32 33 34
8: 1 2 3 4 6 9 10 11 33 34
9: 1 4 5 6 7 8 10 11 33 34
10: 1 3 4 5 6 7 8 9 11 33
11: 1 3 4 5 6 7 8 9 10 33
12: 14 15 16 17 18 19 20 23 24 26
13: 14 15 16 17 18 19 20 23 24 25
14: 12 13 15 16 17 18 19 20 23 26
15: 12 13 14 16 17 18 19 20 21 22
16: 12 13 14 15 17 18 19 20 21 22
17: 12 13 14 15 16 18 19 20 21 22
18: 12 13 14 15 16 17 19 20 21 22
19: 12 13 14 15 16 17 18 20 21 22
20: 12 13 14 15 16 17 18 19 21 22
21: 15 16 17 18 19 20 23 25 27 28
22: 15 16 17 18 19 20 25 26 29 30
23: 12 13 14 21 24 25 26 27 28 29
24: 12 13 23 25 26 27 28 29 30 31
25: 13 21 22 23 24 26 27 28 29 30
26: 12 14 22 23 24 25 27 28 29 30
27: 2 21 23 24 25 26 28 29 30 31
28: 2 21 23 24 25 26 27 29 30 31
29: 2 22 23 24 25 26 27 28 30 31
30: 2 22 24 25 26 27 28 29 31 32
31: 2 3 4 24 27 28 29 30 32 33
32: 2 3 4 5 6 7 30 31 33 34
33: 5 6 7 8 9 10 11 31 32 34
34: 2 3 4 5 6 7 8 9 32 33

1: 2 3 4
2: 1 33 34
3: 1 30 31
4: 1 29 32
5: 10 12 18
6: 11 13 15
7: 11 14 16
8: 12 16 17
9: 10 14 15
10: 5 9 28
11: 6 7 27
12: 5 8 21
13: 6 20 26
14: 7 9 25
15: 6 9 24
16: 7 8 23
17: 8 22 25
18: 5 23 24
19: 20 21 22
20: 13 19 31
21: 12 19 30
22: 17 19 29
23: 16 18 34
24: 15 18 33
25: 14 17 32
26: 13 29 33
27: 11 31 34
28: 10 30 32
29: 4 22 26
30: 3 21 28
31: 3 20 27
32: 4 25 28
33: 2 24 26
34: 2 23 27

1: 2 3 4
2: 1 33 34
3: 1 32 34
4: 1 31 33
5: 7 8 9
6: 7 8 10
7: 5 6 14
8: 5 6 13
9: 5 11 13
10: 6 12 14
11: 9 16 18
12: 10 15 17
13: 8 9 16
14: 7 10 15
15: 12 14 22
16: 11 13 21
17: 12 20 22
18: 11 19 21
19: 18 24 26
20: 17 23 25
21: 16 18 24
22: 15 17 23
23: 20 22 30
24: 19 21 29
25: 20 28 30
26: 19 27 29
27: 26 32 34
28: 25 31 33
29: 24 26 32
30: 23 25 31
31: 4 28 30
32: 3 27 29
33: 2 4 28
34: 2 3 27

1: 2 3 4
2: 1 31 34
3: 1 29 33
4: 1 30 32
5: 7 8 27
6: 7 24 26
7: 5 6 18
8: 5 9 10
9: 8 21 24
10: 8 19 20
11: 14 22 23
12: 13 22 25
13: 12 15 16
14: 11 16 17
15: 13 20 23
16: 13 14 19
17: 14 20 21
18: 7 19 21
19: 10 16 18
20: 10 15 17
21: 9 17 18
22: 11 12 31
23: 11 15 34
24: 6 9 33
25: 12 30 34
26: 6 29 32
27: 5 32 33
28: 29 30 31
29: 3 26 28
30: 4 25 28
31: 2 22 28
32: 4 26 27
33: 3 24 27
34: 2 23 25

1: 2 3 4
2: 1 33 34
3: 1 32 34
4: 1 31 33
5: 6 8 9
6: 5 7 10
7: 6 8 14
8: 5 7 13
9: 5 11 13
10: 6 12 14
11: 9 16 18
12: 10 15 17
13: 8 9 16
14: 7 10 15
15: 12 14 22
16: 11 13 21
17: 12 20 22
18: 11 19 21
19: 18 24 26
20: 17 23 25
21: 16 18 24
22: 15 17 23
23: 20 22 30
24: 19 21 29
25: 20 28 30
26: 19 27 29
27: 26 32 34
28: 25 31 33
29: 24 26 32
30: 23 25 31
31: 4 28 30
32: 3 27 29
33: 2 4 28
34: 2 3 27

1: 2 3 4
2: 1 29 30
3: 1 32 34
4: 1 31 33
5: 7 9 11
6: 8 10 12
7: 5 13 16
8: 6 14 15
9: 5 10 17
10: 6 9 18
11: 5 14 20
12: 6 13 19
13: 7 12 21
14: 8 11 22
15: 8 24 26
16: 7 23 25
17: 9 24 30
18: 10 23 29
19: 12 28 34
20: 11 27 33
21: 13 22 32
22: 14 21 31
23: 16 18 34
24: 15 17 33
25: 16 27 30
26: 15 28 29
27: 20 25 32
28: 19 26 31
29: 2 18 26
30: 2 17 25
31: 4 22 28
32: 3 21 27
33: 4 20 24
34: 3 19 23

1: 2 3 4 5 6 7 8 9 10 11 12 13 14 15 16
2: 1 6 8 10 14 15 16 19 20 21 26 27 28 32 34
3: 1 5 8 11 12 13 15 19 21 24 25 27 30 31 34
4: 1 7 8 10 12 14 16 20 21 22 23 24 25 30 33
5: 1 3 6 9 11 14 16 19 23 25 26 27 29 30 33
6: 1 2 5 7 9 13 16 20 23 24 25 26 31 32 34
7: 1 4 6 8 10 11 13 22 23 24 26 27 28 29 31
8: 1 2 3 4 7 12 15 22 25 26 27 29 32 33 34
9: 1 5 6 10 12 13 15 18 19 20 22 23 29 33 34
10: 1 2 4 7 9 12 14 18 19 23 27 28 30 31 34
11: 1 3 5 7 13 15 16 17 20 21 22 26 28 29 30
12: 1 3 4 8 9 10 13 17 19 20 26 30 31 32 33
13: 1 3 6 7 9 11 12 18 20 21 24 27 28 32 33
14: 1 2 4 5 10 15 16 17 19 24 25 28 29 31 33
15: 1 2 3 8 9 11 14 17 21 22 23 25 28 31 32
16: 1 2 4 5 6 11 14 18 21 22 24 29 30 32 34
17: 11 12 14 15 20 23 24 26 28 29 30 31 32 33 34
18: 9 10 13 16 21 22 25 27 28 29 30 31 32 33 34
19: 2 3 5 9 10 12 14 20 21 22 24 26 27 29 31
20: 2 4 6 9 11 12 13 17 19 21 25 26 28 29 34
21: 2 3 4 11 13 15 16 18 19 20 23 27 29 31 32
22: 4 7 8 9 11 15 16 18 19 24 25 26 28 30 32
23: 4 5 6 7 9 10 15 17 21 24 26 27 30 33 34
24: 3 4 6 7 13 14 16 17 19 22 23 28 32 33 34
25: 3 4 5 6 8 14 15 18 20 22 27 28 30 31 33
26: 2 5 6 7 8 11 12 17 19 20 22 23 27 30 32
27: 2 3 5 7 8 10 13 18 19 21 23 25 26 28 33
28: 2 7 10 11 13 14 15 17 18 20 22 24 25 27 34
29: 5 7 8 9 11 14 16 17 18 19 20 21 31 33 34
30: 3 4 5 10 11 12 16 17 18 22 23 25 26 31 34
31: 3 6 7 10 12 14 15 17 18 19 21 25 29 30 32
32: 2 6 8 12 13 15 16 17 18 21 22 24 26 31 33
33: 4 5 8 9 12 13 14 17 18 23 24 25 27 29 32
34: 2 3 6 8 9 10 16 17 18 20 23 24 28 29 30

1: 2 3 4 5 6
2: 1 6 30 32 34
3: 1 5 29 33 34
4: 1 5 6 28 31
5: 1 3 4 27 33
6: 1 2 4 31 32
7: 8 9 10 29 34
8: 7 10 11 17 30
9: 7 10 12 15 29
10: 7 8 9 15 16
11: 8 17 18 30 32
12: 9 13 19 27 33
13: 12 14 22 27 28
14: 13 22 25 28 31
15: 9 10 16 19 20
16: 10 15 17 20 23
17: 8 11 16 18 23
18: 11 17 23 24 26
19: 12 15 20 21 22
20: 15 16 19 21 23
21: 19 20 22 24 25
22: 13 14 19 21 25
23: 16 17 18 20 24
24: 18 21 23 25 26
25: 14 21 22 24 26
26: 18 24 25 31 32
27: 5 12 13 28 33
28: 4 13 14 27 31
29: 3 7 9 33 34
30: 2 8 11 32 34
31: 4 6 14 26 28
32: 2 6 11 26 30
33: 3 5 12 27 29
34: 2 3 7 29 30

