1: 2 3 4 5 6 7
2: 1 51 52 54 60 61
3: 1 50 53 55 62 63
4: 1 5 57 58 60 62
5: 1 4 56 59 61 63
6: 1 7 46 47 58 59
7: 1 6 48 49 56 57
8: 9 11 16 31 51 60
9: 8 10 17 30 51 61
10: 9 11 18 28 50 63
11: 8 10 19 29 50 62
12: 13 20 24 40 54 60
13: 12 21 26 43 54 61
14: 15 23 25 42 55 63
15: 14 22 27 41 55 62
16: 8 17 27 39 52 60
17: 9 16 25 36 52 61
18: 10 19 26 37 53 63
19: 11 18 24 38 53 62
20: 12 21 22 31 33 38
21: 13 20 23 30 33 37
22: 15 20 23 29 32 39
23: 14 21 22 28 32 36
24: 12 19 26 27 34 40
25: 14 17 26 27 35 42
26: 13 18 24 25 34 43
27: 15 16 24 25 35 41
28: 10 23 29 36 43 45
29: 11 22 28 39 40 45
30: 9 21 31 37 42 44
31: 8 20 30 38 41 44
32: 22 23 33 45 47 55
33: 20 21 32 44 46 54
34: 24 26 35 48 53 54
35: 25 27 34 49 52 55
36: 17 23 28 39 47 59
37: 18 21 30 38 46 59
38: 19 20 31 37 46 58
39: 16 22 29 36 47 58
40: 12 24 29 43 48 57
41: 15 27 31 42 49 57
42: 14 25 30 41 49 56
43: 13 26 28 40 48 56
44: 30 31 33 46 49 51
45: 28 29 32 47 48 50
46: 6 33 37 38 44 53
47: 6 32 36 39 45 52
48: 7 34 40 43 45 54
49: 7 35 41 42 44 55
50: 3 10 11 45 51 53
51: 2 8 9 44 50 52
52: 2 16 17 35 47 51
53: 3 18 19 34 46 50
54: 2 12 13 33 34 48
55: 3 14 15 32 35 49
56: 5 7 42 43 57 59
57: 4 7 40 41 56 58
58: 4 6 38 39 57 59
59: 5 6 36 37 56 58
60: 2 4 8 12 16 61
61: 2 5 9 13 17 60
62: 3 4 11 15 19 63
63: 3 5 10 14 18 62

