1: 2 3 4
2: 1 60 62
3: 1 61 63
4: 1 59 64
5: 6 19 22
6: 5 20 21
7: 10 11 25
8: 9 23 24
9: 8 10 14
10: 7 9 13
11: 7 23 40
12: 13 30 49
13: 10 12 32
14: 9 18 30
15: 20 38 47
16: 18 24 37
17: 21 22 35
18: 14 16 31
19: 5 25 32
20: 6 15 29
21: 6 17 38
22: 5 17 34
23: 8 11 33
24: 8 16 36
25: 7 19 29
26: 31 37 57
27: 33 36 48
28: 34 35 56
29: 20 25 41
30: 12 14 43
31: 18 26 43
32: 13 19 44
33: 23 27 42
34: 22 28 44
35: 17 28 46
36: 24 27 45
37: 16 26 45
38: 15 21 46
39: 40 42 58
40: 11 39 41
41: 29 40 50
42: 33 39 51
43: 30 31 52
44: 32 34 53
45: 36 37 55
46: 35 38 54
47: 15 50 54
48: 27 51 55
49: 12 52 53
50: 41 47 59
51: 42 48 60
52: 43 49 63
53: 44 49 61
54: 46 47 64
55: 45 48 62
56: 28 61 64
57: 26 62 63
58: 39 59 60
59: 4 50 58
60: 2 51 58
61: 3 53 56
62: 2 55 57
63: 3 52 57
64: 4 54 56

1: 2 3 4 5 6 7
2: 1 51 55 56 57 58
3: 1 50 52 53 54 58
4: 1 50 51 62 63 64
5: 1 52 55 59 60 62
6: 1 53 56 59 61 63
7: 1 54 57 60 61 64
8: 14 15 22 27 28 29
9: 14 15 23 24 25 26
10: 14 19 20 21 22 23
11: 14 17 18 19 24 29
12: 14 16 18 21 26 28
13: 14 16 17 20 25 27
14: 8 9 10 11 12 13
15: 8 9 30 31 32 33
16: 12 13 40 43 46 49
17: 11 13 42 45 46 48
18: 11 12 41 44 46 47
19: 10 11 34 37 47 48
20: 10 13 36 39 48 49
21: 10 12 35 38 47 49
22: 8 10 30 34 35 36
23: 9 10 30 37 38 39
24: 9 11 33 37 41 42
25: 9 13 32 39 40 42
26: 9 12 31 38 40 41
27: 8 13 32 36 43 45
28: 8 12 31 35 43 44
29: 8 11 33 34 44 45
30: 15 22 23 59 60 61
31: 15 26 28 60 62 64
32: 15 25 27 59 62 63
33: 15 24 29 61 63 64
34: 19 22 29 56 57 61
35: 21 22 28 55 57 60
36: 20 22 27 55 56 59
37: 19 23 24 53 54 61
38: 21 23 26 52 54 60
39: 20 23 25 52 53 59
40: 16 25 26 50 52 62
41: 18 24 26 50 54 64
42: 17 24 25 50 53 63
43: 16 27 28 51 55 62
44: 18 28 29 51 57 64
45: 17 27 29 51 56 63
46: 16 17 18 50 51 58
47: 18 19 21 54 57 58
48: 17 19 20 53 56 58
49: 16 20 21 52 55 58
50: 3 4 40 41 42 46
51: 2 4 43 44 45 46
52: 3 5 38 39 40 49
53: 3 6 37 39 42 48
54: 3 7 37 38 41 47
55: 2 5 35 36 43 49
56: 2 6 34 36 45 48
57: 2 7 34 35 44 47
58: 2 3 46 47 48 49
59: 5 6 30 32 36 39
60: 5 7 30 31 35 38
61: 6 7 30 33 34 37
62: 4 5 31 32 40 43
63: 4 6 32 33 42 45
64: 4 7 31 33 41 44

1: 2 3 4 5 6 7 8 9 10 11 12 13 14 15 16 17 18 19 20 21 22 23 24 25 26 27 28 29 30 31 32 33 34 35
2: 1 3 4 5 10 11 12 13 14 15 16 21 22 27 28 32 33 34 35 38 39 40 41 42 43 44 49 50 51 52 53 54 55 56
3: 1 2 4 5 6 7 8 9 12 13 14 23 24 25 26 30 31 33 34 36 39 40 41 42 43 44 45 46 47 48 49 50 51 52
4: 1 2 3 6 7 8 9 10 11 15 16 17 18 19 20 30 31 32 35 37 39 40 41 42 43 44 45 46 47 48 53 54 55 56
5: 1 2 3 6 7 8 9 10 11 17 18 19 20 21 22 29 30 31 32 36 37 39 40 41 45 46 47 48 49 50 57 58 59 60
6: 1 3 4 5 10 11 14 15 16 21 22 23 26 27 28 29 32 34 35 37 38 41 43 44 46 48 53 54 55 56 58 60 63 64
7: 1 3 4 5 10 11 14 15 16 21 22 24 25 27 28 29 32 33 35 37 38 40 43 44 45 47 53 54 55 56 57 59 61 62
8: 1 3 4 5 12 13 14 15 16 19 20 21 22 27 28 29 32 33 34 36 38 39 43 44 47 48 49 50 51 52 57 58 59 60
9: 1 3 4 5 12 13 14 15 16 17 18 21 22 27 28 29 33 34 35 36 38 42 43 44 45 46 49 50 51 52 61 62 63 64
10: 1 2 4 5 6 7 12 13 14 18 20 23 24 25 26 29 31 33 34 36 38 39 42 44 49 50 51 52 53 56 57 60 62 64
11: 1 2 4 5 6 7 12 13 14 17 19 23 24 25 26 29 30 33 34 36 38 39 42 43 49 50 51 52 54 55 58 59 61 63
12: 1 2 3 8 9 10 11 15 16 17 18 19 20 23 25 29 31 32 35 37 38 40 41 44 50 52 53 54 55 56 57 60 62 64
13: 1 2 3 8 9 10 11 15 16 17 18 19 20 24 26 29 30 32 35 37 38 40 41 43 49 51 53 54 55 56 58 59 61 63
14: 1 2 3 6 7 8 9 10 11 17 18 19 20 27 28 29 30 31 35 36 37 40 41 42 45 46 47 48 51 52 61 62 63 64
15: 1 2 4 6 7 8 9 12 13 22 23 24 25 26 28 29 30 31 34 36 37 39 41 42 45 46 47 48 54 56 58 60 63 64
16: 1 2 4 6 7 8 9 12 13 21 23 24 25 26 27 29 30 31 33 36 37 39 40 42 45 46 47 48 53 55 57 59 61 62
17: 1 4 5 9 11 12 13 14 20 21 22 23 25 31 32 36 38 39 42 43 44 47 48 49 50 52 53 56 57 58 59 60 62 64
18: 1 4 5 9 10 12 13 14 19 21 22 24 26 30 32 36 38 39 42 43 44 47 48 49 50 51 54 55 57 58 59 60 61 63
19: 1 4 5 8 11 12 13 14 18 23 25 27 28 31 35 36 38 39 42 43 44 45 46 50 51 52 53 56 57 60 61 62 63 64
20: 1 4 5 8 10 12 13 14 17 24 26 27 28 30 35 36 38 39 42 43 44 45 46 49 51 52 54 55 58 59 61 62 63 64
21: 1 2 5 6 7 8 9 16 17 18 23 26 28 34 35 36 37 39 40 41 42 45 46 48 51 52 54 56 58 60 61 62 63 64
22: 1 2 5 6 7 8 9 15 17 18 24 25 27 33 35 36 37 39 40 41 42 45 46 47 51 52 53 55 57 59 61 62 63 64
23: 1 3 6 10 11 12 15 16 17 19 21 24 27 30 33 37 38 40 41 43 44 45 47 49 51 53 54 55 57 58 59 61 62 63
24: 1 3 7 10 11 13 15 16 18 20 22 23 28 31 34 37 38 40 41 43 44 46 48 50 52 53 54 56 57 58 60 62 63 64
25: 1 3 7 10 11 12 15 16 17 19 22 26 28 30 34 37 38 40 41 43 44 46 48 49 51 54 55 56 58 59 60 61 63 64
26: 1 3 6 10 11 13 15 16 18 20 21 25 27 31 33 37 38 40 41 43 44 45 47 50 52 53 55 56 57 59 60 61 62 64
27: 1 2 6 7 8 9 14 16 19 20 22 23 26 32 34 36 37 39 40 41 42 46 47 48 49 50 54 56 57 58 59 60 63 64
28: 1 2 6 7 8 9 14 15 19 20 21 24 25 32 33 36 37 39 40 41 42 45 47 48 49 50 53 55 57 58 59 60 61 62
29: 1 5 6 7 8 9 10 11 12 13 14 15 16 36 37 38 39 40 41 42 43 44 45 46 47 48 49 50 51 52 53 54 55 56
30: 1 3 4 5 11 13 14 15 16 18 20 23 25 36 37 38 39 40 41 42 43 44 49 50 51 52 53 54 55 56 57 60 62 64
31: 1 3 4 5 10 12 14 15 16 17 19 24 26 36 37 38 39 40 41 42 43 44 49 50 51 52 53 54 55 56 58 59 61 63
32: 1 2 4 5 6 7 8 12 13 17 18 27 28 36 37 38 39 40 41 42 43 44 45 46 47 48 49 50 51 52 61 62 63 64
33: 1 2 3 7 8 9 10 11 16 22 23 26 28 36 37 38 39 40 41 42 43 44 45 46 47 48 53 54 55 56 58 60 63 64
34: 1 2 3 6 8 9 10 11 15 21 24 25 27 36 37 38 39 40 41 42 43 44 45 46 47 48 53 54 55 56 57 59 61 62
35: 1 2 4 6 7 9 12 13 14 19 20 21 22 36 37 38 39 40 41 42 43 44 45 46 47 48 49 50 51 52 57 58 59 60
36: 3 5 8 9 10 11 14 15 16 17 18 19 20 21 22 27 28 29 30 31 32 33 34 35 37 38 40 41 43 44 53 54 55 56
37: 4 5 6 7 12 13 14 15 16 21 22 23 24 25 26 27 28 29 30 31 32 33 34 35 36 38 39 42 43 44 49 50 51 52
38: 2 6 7 8 9 10 11 12 13 17 18 19 20 23 24 25 26 29 30 31 32 33 34 35 36 37 39 40 41 42 45 46 47 48
39: 2 3 4 5 8 10 11 15 16 17 18 19 20 21 22 27 28 29 30 31 32 33 34 35 37 38 45 46 51 52 61 62 63 64
40: 2 3 4 5 7 12 13 14 16 21 22 23 24 25 26 27 28 29 30 31 32 33 34 35 36 38 46 48 54 56 58 60 63 64
41: 2 3 4 5 6 12 13 14 15 21 22 23 24 25 26 27 28 29 30 31 32 33 34 35 36 38 45 47 53 55 57 59 61 62
42: 2 3 4 9 10 11 14 15 16 17 18 19 20 21 22 27 28 29 30 31 32 33 34 35 37 38 47 48 49 50 57 58 59 60
43: 2 3 4 6 7 8 9 11 13 17 18 19 20 23 24 25 26 29 30 31 32 33 34 35 36 37 50 52 53 56 57 60 62 64
44: 2 3 4 6 7 8 9 10 12 17 18 19 20 23 24 25 26 29 30 31 32 33 34 35 36 37 49 51 54 55 58 59 61 63
45: 3 4 5 7 9 14 15 16 19 20 21 22 23 26 28 29 32 33 34 35 38 39 41 48 49 50 54 56 57 58 59 60 63 64
46: 3 4 5 6 9 14 15 16 19 20 21 22 24 25 27 29 32 33 34 35 38 39 40 47 49 50 53 55 57 58 59 60 61 62
47: 3 4 5 7 8 14 15 16 17 18 22 23 26 27 28 29 32 33 34 35 38 41 42 46 51 52 54 56 58 60 61 62 63 64
48: 3 4 5 6 8 14 15 16 17 18 21 24 25 27 28 29 32 33 34 35 38 40 42 45 51 52 53 55 57 59 61 62 63 64
49: 2 3 5 8 9 10 11 13 17 18 20 23 25 27 28 29 30 31 32 35 37 42 44 45 46 52 53 56 57 60 61 62 63 64
50: 2 3 5 8 9 10 11 12 17 18 19 24 26 27 28 29 30 31 32 35 37 42 43 45 46 51 54 55 58 59 61 62 63 64
51: 2 3 8 9 10 11 13 14 18 19 20 21 22 23 25 29 30 31 32 35 37 39 44 47 48 50 53 56 57 58 59 60 62 64
52: 2 3 8 9 10 11 12 14 17 19 20 21 22 24 26 29 30 31 32 35 37 39 43 47 48 49 54 55 57 58 59 60 61 63
53: 2 4 6 7 10 12 13 16 17 19 22 23 24 26 28 29 30 31 33 34 36 41 43 46 48 49 51 54 58 59 60 61 63 64
54: 2 4 6 7 11 12 13 15 18 20 21 23 24 25 27 29 30 31 33 34 36 40 44 45 47 50 52 53 57 59 60 61 62 64
55: 2 4 6 7 11 12 13 16 18 20 22 23 25 26 28 29 30 31 33 34 36 41 44 46 48 50 52 56 57 58 60 62 63 64
56: 2 4 6 7 10 12 13 15 17 19 21 24 25 26 27 29 30 31 33 34 36 40 43 45 47 49 51 55 57 58 59 61 62 63
57: 5 7 8 10 12 16 17 18 19 22 23 24 26 27 28 30 34 35 41 42 43 45 46 48 49 51 52 54 55 56 58 61 63 64
58: 5 6 8 11 13 15 17 18 20 21 23 24 25 27 28 31 33 35 40 42 44 45 46 47 50 51 52 53 55 56 57 61 62 64
59: 5 7 8 11 13 16 17 18 20 22 23 25 26 27 28 31 34 35 41 42 44 45 46 48 50 51 52 53 54 56 60 62 63 64
60: 5 6 8 10 12 15 17 18 19 21 24 25 26 27 28 30 33 35 40 42 43 45 46 47 49 51 52 53 54 55 59 61 62 63
61: 7 9 11 13 14 16 18 19 20 21 22 23 25 26 28 31 32 34 39 41 44 46 47 48 49 50 52 53 54 56 57 58 60 64
62: 7 9 10 12 14 16 17 19 20 21 22 23 24 26 28 30 32 34 39 41 43 46 47 48 49 50 51 54 55 56 58 59 60 63
63: 6 9 11 13 14 15 18 19 20 21 22 23 24 25 27 31 32 33 39 40 44 45 47 48 49 50 52 53 55 56 57 59 60 62
64: 6 9 10 12 14 15 17 19 20 21 22 24 25 26 27 30 32 33 39 40 43 45 47 48 49 50 51 53 54 55 57 58 59 61

1: 2 3 4 5 6 7 8 9 10 11 12 13 14 15 16 17 18 19 20 21 22 23 24 25 26 27 28
2: 1 3 4 5 6 7 8 9 10 11 12 29 30 31 32 33 34 35 36 37 38 39 40 41 42 43 44
3: 1 2 4 13 14 15 16 17 18 19 20 29 30 31 32 33 34 35 36 45 46 47 48 49 50 51 52
4: 1 2 3 21 22 23 24 25 26 27 28 37 38 39 40 41 42 43 44 45 46 47 48 49 50 51 52
5: 1 2 6 13 14 15 16 21 22 23 24 29 30 31 32 37 38 39 40 45 46 53 54 55 56 57 58
6: 1 2 5 17 18 19 20 25 26 27 28 33 34 35 36 41 42 43 44 45 46 53 54 55 56 57 58
7: 1 2 8 13 14 17 18 21 22 25 26 29 30 33 34 37 38 41 42 47 48 53 54 59 60 61 62
8: 1 2 7 15 16 19 20 23 24 27 28 31 32 35 36 39 40 43 44 47 48 53 54 59 60 61 62
9: 1 2 10 13 15 17 19 21 23 25 27 29 31 33 35 37 39 41 43 49 50 55 56 59 60 63 64
10: 1 2 9 14 16 18 20 22 24 26 28 30 32 34 36 38 40 42 44 49 50 55 56 59 60 63 64
11: 1 2 12 14 15 17 20 21 24 26 27 29 32 34 35 38 39 41 44 51 52 57 58 61 62 63 64
12: 1 2 11 13 16 18 19 22 23 25 28 30 31 33 36 37 40 42 43 51 52 57 58 61 62 63 64
13: 1 3 5 7 9 12 20 24 26 27 28 29 30 31 33 37 44 45 47 50 52 53 56 58 60 62 63
14: 1 3 5 7 10 11 19 23 25 27 28 29 30 32 34 38 43 45 47 49 51 53 55 57 59 61 63
15: 1 3 5 8 9 11 18 22 25 26 28 29 31 32 35 39 42 45 48 50 51 54 56 57 59 62 64
16: 1 3 5 8 10 12 17 21 25 26 27 30 31 32 36 40 41 45 48 49 52 54 55 58 60 61 64
17: 1 3 6 7 9 11 16 22 23 24 28 29 33 34 35 40 41 46 47 50 51 54 55 58 60 61 64
18: 1 3 6 7 10 12 15 21 23 24 27 30 33 34 36 39 42 46 47 49 52 54 56 57 59 62 64
19: 1 3 6 8 9 12 14 21 22 24 26 31 33 35 36 38 43 46 48 50 52 53 55 57 59 61 63
20: 1 3 6 8 10 11 13 21 22 23 25 32 34 35 36 37 44 46 48 49 51 53 56 58 60 62 63
21: 1 4 5 7 9 11 16 18 19 20 28 29 36 37 38 39 41 46 48 49 52 53 56 57 60 61 64
22: 1 4 5 7 10 12 15 17 19 20 27 30 35 37 38 40 42 46 48 50 51 53 55 58 59 62 64
23: 1 4 5 8 9 12 14 17 18 20 26 31 34 37 39 40 43 46 47 49 51 54 56 58 59 61 63
24: 1 4 5 8 10 11 13 17 18 19 25 32 33 38 39 40 44 46 47 50 52 54 55 57 60 62 63
25: 1 4 6 7 9 12 14 15 16 20 24 32 33 37 41 42 43 45 48 49 51 54 55 57 60 62 63
26: 1 4 6 7 10 11 13 15 16 19 23 31 34 38 41 42 44 45 48 50 52 54 56 58 59 61 63
27: 1 4 6 8 9 11 13 14 16 18 22 30 35 39 41 43 44 45 47 49 52 53 55 58 59 62 64
28: 1 4 6 8 10 12 13 14 15 17 21 29 36 40 42 43 44 45 47 50 51 53 56 57 60 61 64
29: 2 3 5 7 9 11 13 14 15 17 21 28 36 40 42 43 44 46 48 49 52 54 55 58 59 62 63
30: 2 3 5 7 10 12 13 14 16 18 22 27 35 39 41 43 44 46 48 50 51 54 56 57 60 61 63
31: 2 3 5 8 9 12 13 15 16 19 23 26 34 38 41 42 44 46 47 49 51 53 55 57 60 62 64
32: 2 3 5 8 10 11 14 15 16 20 24 25 33 37 41 42 43 46 47 50 52 53 56 58 59 61 64
33: 2 3 6 7 9 12 13 17 18 19 24 25 32 38 39 40 44 45 48 49 51 53 56 58 59 61 64
34: 2 3 6 7 10 11 14 17 18 20 23 26 31 37 39 40 43 45 48 50 52 53 55 57 60 62 64
35: 2 3 6 8 9 11 15 17 19 20 22 27 30 37 38 40 42 45 47 49 52 54 56 57 60 61 63
36: 2 3 6 8 10 12 16 18 19 20 21 28 29 37 38 39 41 45 47 50 51 54 55 58 59 62 63
37: 2 4 5 7 9 12 13 20 21 22 23 25 32 34 35 36 44 45 47 50 52 54 55 57 59 61 64
38: 2 4 5 7 10 11 14 19 21 22 24 26 31 33 35 36 43 45 47 49 51 54 56 58 60 62 64
39: 2 4 5 8 9 11 15 18 21 23 24 27 30 33 34 36 42 45 48 50 51 53 55 58 60 61 63
40: 2 4 5 8 10 12 16 17 22 23 24 28 29 33 34 35 41 45 48 49 52 53 56 57 59 62 63
41: 2 4 6 7 9 11 16 17 21 25 26 27 30 31 32 36 40 46 47 50 51 53 56 57 59 62 63
42: 2 4 6 7 10 12 15 18 22 25 26 28 29 31 32 35 39 46 47 49 52 53 55 58 60 61 63
43: 2 4 6 8 9 12 14 19 23 25 27 28 29 30 32 34 38 46 48 50 52 54 56 58 60 62 64
44: 2 4 6 8 10 11 13 20 24 26 27 28 29 30 31 33 37 46 48 49 51 54 55 57 59 61 64
45: 3 4 5 6 13 14 15 16 25 26 27 28 33 34 35 36 37 38 39 40 46 59 60 61 62 63 64
46: 3 4 5 6 17 18 19 20 21 22 23 24 29 30 31 32 41 42 43 44 45 59 60 61 62 63 64
47: 3 4 7 8 13 14 17 18 23 24 27 28 31 32 35 36 37 38 41 42 48 55 56 57 58 63 64
48: 3 4 7 8 15 16 19 20 21 22 25 26 29 30 33 34 39 40 43 44 47 55 56 57 58 63 64
49: 3 4 9 10 14 16 18 20 21 23 25 27 29 31 33 35 38 40 42 44 50 53 54 57 58 61 62
50: 3 4 9 10 13 15 17 19 22 24 26 28 30 32 34 36 37 39 41 43 49 53 54 57 58 61 62
51: 3 4 11 12 14 15 17 20 22 23 25 28 30 31 33 36 38 39 41 44 52 53 54 55 56 59 60
52: 3 4 11 12 13 16 18 19 21 24 26 27 29 32 34 35 37 40 42 43 51 53 54 55 56 59 60
53: 5 6 7 8 13 14 19 20 21 22 27 28 31 32 33 34 39 40 41 42 49 50 51 52 54 63 64
54: 5 6 7 8 15 16 17 18 23 24 25 26 29 30 35 36 37 38 43 44 49 50 51 52 53 63 64
55: 5 6 9 10 14 16 17 19 22 24 25 27 29 31 34 36 37 39 42 44 47 48 51 52 56 61 62
56: 5 6 9 10 13 15 18 20 21 23 26 28 30 32 33 35 38 40 41 43 47 48 51 52 55 61 62
57: 5 6 11 12 14 15 18 19 21 24 25 28 30 31 34 35 37 40 41 44 47 48 49 50 58 59 60
58: 5 6 11 12 13 16 17 20 22 23 26 27 29 32 33 36 38 39 42 43 47 48 49 50 57 59 60
59: 7 8 9 10 14 15 18 19 22 23 26 27 29 32 33 36 37 40 41 44 45 46 51 52 57 58 60
60: 7 8 9 10 13 16 17 20 21 24 25 28 30 31 34 35 38 39 42 43 45 46 51 52 57 58 59
61: 7 8 11 12 14 16 17 19 21 23 26 28 30 32 33 35 37 39 42 44 45 46 49 50 55 56 62
62: 7 8 11 12 13 15 18 20 22 24 25 27 29 31 34 36 38 40 41 43 45 46 49 50 55 56 61
63: 9 10 11 12 13 14 19 20 23 24 25 26 29 30 35 36 39 40 41 42 45 46 47 48 53 54 64
64: 9 10 11 12 15 16 17 18 21 22 27 28 31 32 33 34 37 38 43 44 45 46 47 48 53 54 63

1: 2 3 4
2: 1 63 64
3: 1 62 64
4: 1 61 63
5: 6 7 10
6: 5 8 9
7: 5 9 11
8: 6 10 12
9: 6 7 14
10: 5 8 13
11: 7 14 16
12: 8 13 15
13: 10 12 20
14: 9 11 19
15: 12 18 20
16: 11 17 19
17: 16 22 24
18: 15 21 23
19: 14 16 22
20: 13 15 21
21: 18 20 28
22: 17 19 27
23: 18 26 28
24: 17 25 27
25: 24 30 32
26: 23 29 31
27: 22 24 30
28: 21 23 29
29: 26 28 36
30: 25 27 35
31: 26 34 36
32: 25 33 35
33: 32 38 40
34: 31 37 39
35: 30 32 38
36: 29 31 37
37: 34 36 44
38: 33 35 43
39: 34 42 44
40: 33 41 43
41: 40 46 48
42: 39 45 47
43: 38 40 46
44: 37 39 45
45: 42 44 52
46: 41 43 51
47: 42 50 52
48: 41 49 51
49: 48 54 56
50: 47 53 55
51: 46 48 54
52: 45 47 53
53: 50 52 60
54: 49 51 59
55: 50 58 60
56: 49 57 59
57: 56 62 64
58: 55 61 63
59: 54 56 62
60: 53 55 61
61: 4 58 60
62: 3 57 59
63: 2 4 58
64: 2 3 57

1: 2 3 4
2: 1 59 61
3: 1 60 64
4: 1 62 63
5: 12 13 14
6: 16 18 21
7: 15 20 23
8: 17 19 22
9: 38 40 46
10: 39 43 45
11: 41 42 44
12: 5 29 30
13: 5 26 31
14: 5 27 28
15: 7 38 39
16: 6 40 41
17: 8 42 43
18: 6 26 32
19: 8 29 33
20: 7 30 37
21: 6 28 36
22: 8 27 35
23: 7 31 34
24: 32 35 37
25: 33 34 36
26: 13 18 57
27: 14 22 53
28: 14 21 54
29: 12 19 55
30: 12 20 56
31: 13 23 58
32: 18 24 47
33: 19 25 48
34: 23 25 49
35: 22 24 52
36: 21 25 51
37: 20 24 50
38: 9 15 53
39: 10 15 54
40: 9 16 55
41: 11 16 56
42: 11 17 58
43: 10 17 57
44: 11 47 48
45: 10 49 52
46: 9 50 51
47: 32 44 59
48: 33 44 60
49: 34 45 61
50: 37 46 64
51: 36 46 63
52: 35 45 62
53: 27 38 59
54: 28 39 60
55: 29 40 61
56: 30 41 62
57: 26 43 64
58: 31 42 63
59: 2 47 53
60: 3 48 54
61: 2 49 55
62: 4 52 56
63: 4 51 58
64: 3 50 57

1: 2 3 4
2: 1 59 60
3: 1 62 64
4: 1 61 63
5: 33 48 49
6: 10 11 20
7: 10 12 18
8: 11 13 19
9: 12 13 17
10: 6 7 30
11: 6 8 29
12: 7 9 28
13: 8 9 27
14: 27 28 32
15: 29 30 47
16: 25 26 46
17: 9 21 22
18: 7 22 24
19: 8 21 23
20: 6 23 24
21: 17 19 35
22: 17 18 34
23: 19 20 39
24: 18 20 38
25: 16 37 58
26: 16 36 57
27: 13 14 41
28: 12 14 40
29: 11 15 41
30: 10 15 40
31: 38 39 56
32: 14 36 37
33: 5 34 35
34: 22 33 45
35: 21 33 44
36: 26 32 43
37: 25 32 42
38: 24 31 45
39: 23 31 44
40: 28 30 43
41: 27 29 42
42: 37 41 53
43: 36 40 52
44: 35 39 55
45: 34 38 54
46: 16 50 51
47: 15 52 53
48: 5 51 55
49: 5 50 54
50: 46 49 64
51: 46 48 63
52: 43 47 60
53: 42 47 59
54: 45 49 62
55: 44 48 61
56: 31 61 62
57: 26 60 64
58: 25 59 63
59: 2 53 58
60: 2 52 57
61: 4 55 56
62: 3 54 56
63: 4 51 58
64: 3 50 57

1: 2 3 4
2: 1 63 64
3: 1 60 62
4: 1 59 61
5: 23 26 27
6: 22 24 25
7: 11 15 18
8: 12 16 21
9: 14 16 20
10: 13 15 19
11: 7 38 43
12: 8 39 44
13: 10 41 46
14: 9 40 45
15: 7 10 37
16: 8 9 36
17: 36 37 42
18: 7 30 34
19: 10 31 35
20: 9 32 35
21: 8 33 34
22: 6 39 41
23: 5 38 40
24: 6 28 33
25: 6 29 31
26: 5 29 30
27: 5 28 32
28: 24 27 58
29: 25 26 57
30: 18 26 50
31: 19 25 52
32: 20 27 51
33: 21 24 49
34: 18 21 54
35: 19 20 53
36: 16 17 58
37: 15 17 57
38: 11 23 56
39: 12 22 56
40: 14 23 55
41: 13 22 55
42: 17 53 54
43: 11 47 51
44: 12 48 52
45: 14 48 50
46: 13 47 49
47: 43 46 63
48: 44 45 64
49: 33 46 60
50: 30 45 60
51: 32 43 59
52: 31 44 59
53: 35 42 62
54: 34 42 61
55: 40 41 62
56: 38 39 61
57: 29 37 64
58: 28 36 63
59: 4 51 52
60: 3 49 50
61: 4 54 56
62: 3 53 55
63: 2 47 58
64: 2 48 57

1: 2 3 4
2: 1 63 64
3: 1 62 64
4: 1 60 61
5: 6 7 64
6: 5 58 59
7: 5 57 59
8: 9 10 59
9: 8 55 56
10: 8 54 56
11: 56 60 61
12: 14 17 61
13: 15 16 60
14: 12 18 57
15: 13 21 58
16: 13 20 58
17: 12 19 57
18: 14 24 25
19: 17 22 23
20: 16 22 23
21: 15 24 25
22: 19 20 27
23: 19 20 26
24: 18 21 29
25: 18 21 28
26: 23 30 33
27: 22 31 32
28: 25 30 33
29: 24 31 32
30: 26 28 34
31: 27 29 35
32: 27 29 37
33: 26 28 36
34: 30 38 39
35: 31 38 39
36: 33 40 41
37: 32 40 41
38: 34 35 43
39: 34 35 42
40: 36 37 45
41: 36 37 44
42: 39 46 49
43: 38 47 48
44: 41 46 49
45: 40 47 48
46: 42 44 50
47: 43 45 53
48: 43 45 52
49: 42 44 51
50: 46 54 62
51: 49 55 63
52: 48 55 63
53: 47 54 62
54: 10 50 53
55: 9 51 52
56: 9 10 11
57: 7 14 17
58: 6 15 16
59: 6 7 8
60: 4 11 13
61: 4 11 12
62: 3 50 53
63: 2 51 52
64: 2 3 5

1: 2 3 4
2: 1 59 60
3: 1 62 64
4: 1 61 63
5: 24 25 46
6: 26 36 44
7: 29 39 45
8: 28 38 45
9: 27 37 44
10: 28 32 40
11: 27 35 43
12: 29 34 41
13: 26 33 42
14: 25 32 35
15: 24 33 34
16: 23 41 43
17: 22 40 42
18: 22 31 37
19: 22 30 39
20: 23 31 38
21: 23 30 36
22: 17 18 19
23: 16 20 21
24: 5 15 52
25: 5 14 51
26: 6 13 49
27: 9 11 50
28: 8 10 50
29: 7 12 49
30: 19 21 52
31: 18 20 51
32: 10 14 54
33: 13 15 56
34: 12 15 53
35: 11 14 55
36: 6 21 54
37: 9 18 53
38: 8 20 56
39: 7 19 55
40: 10 17 58
41: 12 16 58
42: 13 17 57
43: 11 16 57
44: 6 9 48
45: 7 8 47
46: 5 47 48
47: 45 46 64
48: 44 46 63
49: 26 29 60
50: 27 28 59
51: 25 31 60
52: 24 30 59
53: 34 37 62
54: 32 36 62
55: 35 39 61
56: 33 38 61
57: 42 43 64
58: 40 41 63
59: 2 50 52
60: 2 49 51
61: 4 55 56
62: 3 53 54
63: 4 48 58
64: 3 47 57

1: 2 3 4
2: 1 59 60
3: 1 62 64
4: 1 61 63
5: 8 9 11
6: 9 10 30
7: 8 10 29
8: 5 7 15
9: 5 6 16
10: 6 7 14
11: 5 12 13
12: 11 26 28
13: 11 25 27
14: 10 25 26
15: 8 23 27
16: 9 24 28
17: 20 22 24
18: 19 21 23
19: 18 32 47
20: 17 31 46
21: 18 38 49
22: 17 37 48
23: 15 18 36
24: 16 17 35
25: 13 14 34
26: 12 14 33
27: 13 15 38
28: 12 16 37
29: 7 34 36
30: 6 33 35
31: 20 40 58
32: 19 39 57
33: 26 30 42
34: 25 29 41
35: 24 30 40
36: 23 29 39
37: 22 28 42
38: 21 27 41
39: 32 36 44
40: 31 35 43
41: 34 38 44
42: 33 37 43
43: 40 42 55
44: 39 41 54
45: 50 51 56
46: 20 51 53
47: 19 50 52
48: 22 53 55
49: 21 52 54
50: 45 47 60
51: 45 46 59
52: 47 49 64
53: 46 48 63
54: 44 49 62
55: 43 48 61
56: 45 63 64
57: 32 60 62
58: 31 59 61
59: 2 51 58
60: 2 50 57
61: 4 55 58
62: 3 54 57
63: 4 53 56
64: 3 52 56

1: 2 3 4
2: 1 60 63
3: 1 59 64
4: 1 61 62
5: 10 11 18
6: 13 14 15
7: 12 16 17
8: 41 43 45
9: 42 44 46
10: 5 26 41
11: 5 25 42
12: 7 31 32
13: 6 43 44
14: 6 28 36
15: 6 27 35
16: 7 30 37
17: 7 29 38
18: 5 33 34
19: 33 36 38
20: 34 35 37
21: 28 32 40
22: 27 31 39
23: 25 29 40
24: 26 30 39
25: 11 23 56
26: 10 24 55
27: 15 22 56
28: 14 21 55
29: 17 23 54
30: 16 24 53
31: 12 22 52
32: 12 21 51
33: 18 19 58
34: 18 20 57
35: 15 20 47
36: 14 19 48
37: 16 20 50
38: 17 19 49
39: 22 24 58
40: 21 23 57
41: 8 10 51
42: 9 11 52
43: 8 13 54
44: 9 13 53
45: 8 48 50
46: 9 47 49
47: 35 46 64
48: 36 45 63
49: 38 46 62
50: 37 45 61
51: 32 41 64
52: 31 42 63
53: 30 44 60
54: 29 43 59
55: 26 28 62
56: 25 27 61
57: 34 40 60
58: 33 39 59
59: 3 54 58
60: 2 53 57
61: 4 50 56
62: 4 49 55
63: 2 48 52
64: 3 47 51

1: 2 3 4
2: 1 63 64
3: 1 59 62
4: 1 60 61
5: 14 15 18
6: 17 19 20
7: 12 14 21
8: 13 15 22
9: 10 11 16
10: 9 41 46
11: 9 42 45
12: 7 40 43
13: 8 39 44
14: 5 7 33
15: 5 8 34
16: 9 27 28
17: 6 39 40
18: 5 31 32
19: 6 30 35
20: 6 29 36
21: 7 28 30
22: 8 27 29
23: 32 36 38
24: 31 35 37
25: 33 38 41
26: 34 37 42
27: 16 22 58
28: 16 21 57
29: 20 22 52
30: 19 21 51
31: 18 24 50
32: 18 23 49
33: 14 25 56
34: 15 26 55
35: 19 24 56
36: 20 23 55
37: 24 26 58
38: 23 25 57
39: 13 17 54
40: 12 17 53
41: 10 25 54
42: 11 26 53
43: 12 47 52
44: 13 48 51
45: 11 48 50
46: 10 47 49
47: 43 46 64
48: 44 45 63
49: 32 46 62
50: 31 45 61
51: 30 44 62
52: 29 43 61
53: 40 42 60
54: 39 41 59
55: 34 36 64
56: 33 35 63
57: 28 38 60
58: 27 37 59
59: 3 54 58
60: 4 53 57
61: 4 50 52
62: 3 49 51
63: 2 48 56
64: 2 47 55

1: 2 3 4
2: 1 60 64
3: 1 59 63
4: 1 61 62
5: 25 27 48
6: 26 28 49
7: 11 12 13
8: 14 15 47
9: 16 19 21
10: 17 18 22
11: 7 16 17
12: 7 15 19
13: 7 14 18
14: 8 13 38
15: 8 12 37
16: 9 11 40
17: 10 11 39
18: 10 13 36
19: 9 12 35
20: 39 40 56
21: 9 30 34
22: 10 29 33
23: 32 34 58
24: 31 33 57
25: 5 29 31
26: 6 30 32
27: 5 35 37
28: 6 36 38
29: 22 25 42
30: 21 26 41
31: 24 25 44
32: 23 26 43
33: 22 24 46
34: 21 23 45
35: 19 27 45
36: 18 28 46
37: 15 27 44
38: 14 28 43
39: 17 20 42
40: 16 20 41
41: 30 40 50
42: 29 39 51
43: 32 38 55
44: 31 37 54
45: 34 35 53
46: 33 36 52
47: 8 54 55
48: 5 51 53
49: 6 50 52
50: 41 49 60
51: 42 48 59
52: 46 49 64
53: 45 48 63
54: 44 47 62
55: 43 47 61
56: 20 59 60
57: 24 62 64
58: 23 61 63
59: 3 51 56
60: 2 50 56
61: 4 55 58
62: 4 54 57
63: 3 53 58
64: 2 52 57

1: 2 3 4
2: 1 63 64
3: 1 62 64
4: 1 60 61
5: 6 7 64
6: 5 58 59
7: 5 57 59
8: 9 10 59
9: 8 55 56
10: 8 54 56
11: 56 60 61
12: 14 15 49
13: 14 15 48
14: 12 13 27
15: 12 13 26
16: 20 21 29
17: 20 21 28
18: 22 36 62
19: 23 37 63
20: 16 17 23
21: 16 17 22
22: 18 21 25
23: 19 20 24
24: 23 35 63
25: 22 34 62
26: 15 30 31
27: 14 32 33
28: 17 30 31
29: 16 32 33
30: 26 28 43
31: 26 28 42
32: 27 29 41
33: 27 29 40
34: 25 43 58
35: 24 42 57
36: 18 39 41
37: 19 38 40
38: 37 47 61
39: 36 46 60
40: 33 37 47
41: 32 36 46
42: 31 35 45
43: 30 34 44
44: 43 51 58
45: 42 50 57
46: 39 41 53
47: 38 40 52
48: 13 51 53
49: 12 50 52
50: 45 49 55
51: 44 48 54
52: 47 49 55
53: 46 48 54
54: 10 51 53
55: 9 50 52
56: 9 10 11
57: 7 35 45
58: 6 34 44
59: 6 7 8
60: 4 11 39
61: 4 11 38
62: 3 18 25
63: 2 19 24
64: 2 3 5

1: 2 3 4
2: 1 62 64
3: 1 63 64
4: 1 60 61
5: 60 61 64
6: 8 62 63
7: 9 62 63
8: 6 10 11
9: 7 10 11
10: 8 9 12
11: 8 9 13
12: 10 14 15
13: 11 14 15
14: 12 13 16
15: 12 13 17
16: 14 18 19
17: 15 18 19
18: 16 17 20
19: 16 17 21
20: 18 22 23
21: 19 22 23
22: 20 21 24
23: 20 21 25
24: 22 26 27
25: 23 26 27
26: 24 25 28
27: 24 25 29
28: 26 30 31
29: 27 30 31
30: 28 29 32
31: 28 29 33
32: 30 34 35
33: 31 34 35
34: 32 33 36
35: 32 33 37
36: 34 38 39
37: 35 38 39
38: 36 37 40
39: 36 37 41
40: 38 42 43
41: 39 42 43
42: 40 41 44
43: 40 41 45
44: 42 46 47
45: 43 46 47
46: 44 45 48
47: 44 45 49
48: 46 50 51
49: 47 50 51
50: 48 49 52
51: 48 49 53
52: 50 54 55
53: 51 54 55
54: 52 53 56
55: 52 53 57
56: 54 58 59
57: 55 58 59
58: 56 57 60
59: 56 57 61
60: 4 5 58
61: 4 5 59
62: 2 6 7
63: 3 6 7
64: 2 3 5

1: 2 3 4
2: 1 59 60
3: 1 62 64
4: 1 61 63
5: 33 48 49
6: 10 11 20
7: 10 12 18
8: 11 13 19
9: 12 13 17
10: 6 7 29
11: 6 8 30
12: 7 9 27
13: 8 9 28
14: 27 28 32
15: 29 30 47
16: 25 26 46
17: 9 21 22
18: 7 22 24
19: 8 21 23
20: 6 23 24
21: 17 19 39
22: 17 18 38
23: 19 20 35
24: 18 20 34
25: 16 37 58
26: 16 36 57
27: 12 14 41
28: 13 14 40
29: 10 15 41
30: 11 15 40
31: 38 39 56
32: 14 36 37
33: 5 34 35
34: 24 33 45
35: 23 33 44
36: 26 32 43
37: 25 32 42
38: 22 31 45
39: 21 31 44
40: 28 30 43
41: 27 29 42
42: 37 41 53
43: 36 40 52
44: 35 39 55
45: 34 38 54
46: 16 50 51
47: 15 52 53
48: 5 51 55
49: 5 50 54
50: 46 49 64
51: 46 48 63
52: 43 47 60
53: 42 47 59
54: 45 49 62
55: 44 48 61
56: 31 61 62
57: 26 60 64
58: 25 59 63
59: 2 53 58
60: 2 52 57
61: 4 55 56
62: 3 54 56
63: 4 51 58
64: 3 50 57

1: 2 3 4
2: 1 63 64
3: 1 62 64
4: 1 61 63
5: 6 7 8
6: 5 9 10
7: 5 10 11
8: 5 9 12
9: 6 8 14
10: 6 7 13
11: 7 13 15
12: 8 14 16
13: 10 11 20
14: 9 12 19
15: 11 18 20
16: 12 17 19
17: 16 22 24
18: 15 21 23
19: 14 16 22
20: 13 15 21
21: 18 20 28
22: 17 19 27
23: 18 26 28
24: 17 25 27
25: 24 30 32
26: 23 29 31
27: 22 24 30
28: 21 23 29
29: 26 28 36
30: 25 27 35
31: 26 34 36
32: 25 33 35
33: 32 38 40
34: 31 37 39
35: 30 32 38
36: 29 31 37
37: 34 36 44
38: 33 35 43
39: 34 42 44
40: 33 41 43
41: 40 46 48
42: 39 45 47
43: 38 40 46
44: 37 39 45
45: 42 44 52
46: 41 43 51
47: 42 50 52
48: 41 49 51
49: 48 54 56
50: 47 53 55
51: 46 48 54
52: 45 47 53
53: 50 52 60
54: 49 51 59
55: 50 58 60
56: 49 57 59
57: 56 62 64
58: 55 61 63
59: 54 56 62
60: 53 55 61
61: 4 58 60
62: 3 57 59
63: 2 4 58
64: 2 3 57

1: 2 3 4
2: 1 59 60
3: 1 62 64
4: 1 61 63
5: 7 9 29
6: 8 10 30
7: 5 12 14
8: 6 11 13
9: 5 11 16
10: 6 12 15
11: 8 9 27
12: 7 10 28
13: 8 26 28
14: 7 25 27
15: 10 24 25
16: 9 23 26
17: 20 22 24
18: 19 21 23
19: 18 32 47
20: 17 31 46
21: 18 38 49
22: 17 37 48
23: 16 18 36
24: 15 17 35
25: 14 15 37
26: 13 16 38
27: 11 14 33
28: 12 13 34
29: 5 34 36
30: 6 33 35
31: 20 40 58
32: 19 39 57
33: 27 30 42
34: 28 29 41
35: 24 30 40
36: 23 29 39
37: 22 25 42
38: 21 26 41
39: 32 36 44
40: 31 35 43
41: 34 38 44
42: 33 37 43
43: 40 42 55
44: 39 41 54
45: 50 51 56
46: 20 51 53
47: 19 50 52
48: 22 53 55
49: 21 52 54
50: 45 47 60
51: 45 46 59
52: 47 49 64
53: 46 48 63
54: 44 49 62
55: 43 48 61
56: 45 63 64
57: 32 60 62
58: 31 59 61
59: 2 51 58
60: 2 50 57
61: 4 55 58
62: 3 54 57
63: 4 53 56
64: 3 52 56

1: 2 3 4
2: 1 59 60
3: 1 62 64
4: 1 61 63
5: 33 48 49
6: 10 11 20
7: 11 13 19
8: 10 12 18
9: 12 13 17
10: 6 8 30
11: 6 7 29
12: 8 9 28
13: 7 9 27
14: 27 28 32
15: 29 30 47
16: 25 26 46
17: 9 21 22
18: 8 22 23
19: 7 21 24
20: 6 23 24
21: 17 19 34
22: 17 18 38
23: 18 20 39
24: 19 20 35
25: 16 37 58
26: 16 36 57
27: 13 14 41
28: 12 14 40
29: 11 15 41
30: 10 15 40
31: 38 39 56
32: 14 36 37
33: 5 34 35
34: 21 33 45
35: 24 33 44
36: 26 32 43
37: 25 32 42
38: 22 31 45
39: 23 31 44
40: 28 30 43
41: 27 29 42
42: 37 41 53
43: 36 40 52
44: 35 39 55
45: 34 38 54
46: 16 50 51
47: 15 52 53
48: 5 51 55
49: 5 50 54
50: 46 49 64
51: 46 48 63
52: 43 47 60
53: 42 47 59
54: 45 49 62
55: 44 48 61
56: 31 61 62
57: 26 60 64
58: 25 59 63
59: 2 53 58
60: 2 52 57
61: 4 55 56
62: 3 54 56
63: 4 51 58
64: 3 50 57

1: 2 3 4
2: 1 59 60
3: 1 62 64
4: 1 61 63
5: 9 12 15
6: 10 11 39
7: 12 13 17
8: 9 11 16
9: 5 8 23
10: 6 27 47
11: 6 8 24
12: 5 7 26
13: 7 20 29
14: 23 26 48
15: 5 24 25
16: 8 21 27
17: 7 22 25
18: 20 21 22
19: 31 40 56
20: 13 18 36
21: 16 18 38
22: 17 18 37
23: 9 14 38
24: 11 15 34
25: 15 17 33
26: 12 14 35
27: 10 16 37
28: 32 36 58
29: 13 32 35
30: 33 34 57
31: 19 41 49
32: 28 29 44
33: 25 30 46
34: 24 30 43
35: 26 29 42
36: 20 28 45
37: 22 27 46
38: 21 23 45
39: 6 41 43
40: 19 42 44
41: 31 39 52
42: 35 40 55
43: 34 39 51
44: 32 40 50
45: 36 38 54
46: 33 37 53
47: 10 52 53
48: 14 54 55
49: 31 50 51
50: 44 49 62
51: 43 49 64
52: 41 47 59
53: 46 47 60
54: 45 48 61
55: 42 48 63
56: 19 59 63
57: 30 60 64
58: 28 61 62
59: 2 52 56
60: 2 53 57
61: 4 54 58
62: 3 50 58
63: 4 55 56
64: 3 51 57

1: 2 3 4
2: 1 63 64
3: 1 60 61
4: 1 59 62
5: 7 8 48
6: 41 43 45
7: 5 10 39
8: 5 37 38
9: 36 41 46
10: 7 12 46
11: 21 42 47
12: 10 13 14
13: 12 34 36
14: 12 33 35
15: 16 17 32
16: 15 27 29
17: 15 26 28
18: 19 20 25
19: 18 40 42
20: 18 21 22
21: 11 20 24
22: 20 30 31
23: 26 40 44
24: 21 28 44
25: 18 26 27
26: 17 23 25
27: 16 25 30
28: 17 24 31
29: 16 38 39
30: 22 27 35
31: 22 28 33
32: 15 33 34
33: 14 31 32
34: 13 32 38
35: 14 30 39
36: 9 13 37
37: 8 36 45
38: 8 29 34
39: 7 29 35
40: 19 23 58
41: 6 9 57
42: 11 19 52
43: 6 50 56
44: 23 24 55
45: 6 37 54
46: 9 10 53
47: 11 51 55
48: 5 53 54
49: 50 51 52
50: 43 49 61
51: 47 49 59
52: 42 49 60
53: 46 48 64
54: 45 48 63
55: 44 47 62
56: 43 59 63
57: 41 61 64
58: 40 60 62
59: 4 51 56
60: 3 52 58
61: 3 50 57
62: 4 55 58
63: 2 54 56
64: 2 53 57

1: 2 3 4
2: 1 61 64
3: 1 59 63
4: 1 60 62
5: 7 8 57
6: 7 54 56
7: 5 6 48
8: 5 9 10
9: 8 51 54
10: 8 49 50
11: 40 52 53
12: 14 52 55
13: 14 15 53
14: 12 13 44
15: 13 42 43
16: 17 18 37
17: 16 31 34
18: 16 32 33
19: 22 38 41
20: 22 26 39
21: 24 38 39
22: 19 20 23
23: 22 24 28
24: 21 23 25
25: 24 26 29
26: 20 25 27
27: 26 28 30
28: 23 27 34
29: 25 33 34
30: 27 31 33
31: 17 30 36
32: 18 35 36
33: 18 29 30
34: 17 28 29
35: 32 46 47
36: 31 32 45
37: 16 45 46
38: 19 21 43
39: 20 21 42
40: 11 43 44
41: 19 42 44
42: 15 39 41
43: 15 38 40
44: 14 40 41
45: 36 37 50
46: 35 37 49
47: 35 50 51
48: 7 49 51
49: 10 46 48
50: 10 45 47
51: 9 47 48
52: 11 12 61
53: 11 13 64
54: 6 9 63
55: 12 60 64
56: 6 59 62
57: 5 62 63
58: 59 60 61
59: 3 56 58
60: 4 55 58
61: 2 52 58
62: 4 56 57
63: 3 54 57
64: 2 53 55

1: 2 3 4
2: 1 59 60
3: 1 62 64
4: 1 61 63
5: 22 23 48
6: 15 24 49
7: 13 16 47
8: 17 20 28
9: 14 20 27
10: 15 16 18
11: 14 17 19
12: 13 18 19
13: 7 12 40
14: 9 11 40
15: 6 10 34
16: 7 10 35
17: 8 11 36
18: 10 12 39
19: 11 12 38
20: 8 9 37
21: 36 38 58
22: 5 34 39
23: 5 30 33
24: 6 32 35
25: 31 37 57
26: 29 30 56
27: 9 29 33
28: 8 31 32
29: 26 27 41
30: 23 26 43
31: 25 28 44
32: 24 28 46
33: 23 27 42
34: 15 22 43
35: 16 24 44
36: 17 21 46
37: 20 25 42
38: 19 21 45
39: 18 22 45
40: 13 14 41
41: 29 40 50
42: 33 37 55
43: 30 34 54
44: 31 35 51
45: 38 39 53
46: 32 36 52
47: 7 50 51
48: 5 53 55
49: 6 52 54
50: 41 47 59
51: 44 47 60
52: 46 49 62
53: 45 48 61
54: 43 49 64
55: 42 48 63
56: 26 59 64
57: 25 60 63
58: 21 61 62
59: 2 50 56
60: 2 51 57
61: 4 53 58
62: 3 52 58
63: 4 55 57
64: 3 54 56

1: 2 3 4
2: 1 59 60
3: 1 62 64
4: 1 61 63
5: 30 40 56
6: 29 30 35
7: 32 33 58
8: 27 29 31
9: 26 28 31
10: 20 22 24
11: 35 37 57
12: 13 14 20
13: 12 18 39
14: 12 19 36
15: 16 38 39
16: 15 17 48
17: 16 18 34
18: 13 17 21
19: 14 21 23
20: 10 12 33
21: 18 19 27
22: 10 26 32
23: 19 29 37
24: 10 28 36
25: 26 27 34
26: 9 22 25
27: 8 21 25
28: 9 24 47
29: 6 8 23
30: 5 6 43
31: 8 9 43
32: 7 22 46
33: 7 20 45
34: 17 25 46
35: 6 11 42
36: 14 24 44
37: 11 23 44
38: 15 41 49
39: 13 15 45
40: 5 41 42
41: 38 40 55
42: 35 40 54
43: 30 31 50
44: 36 37 51
45: 33 39 53
46: 32 34 52
47: 28 50 51
48: 16 52 55
49: 38 53 54
50: 43 47 59
51: 44 47 60
52: 46 48 61
53: 45 49 62
54: 42 49 64
55: 41 48 63
56: 5 59 63
57: 11 60 64
58: 7 61 62
59: 2 50 56
60: 2 51 57
61: 4 52 58
62: 3 53 58
63: 4 55 56
64: 3 54 57

1: 2 3 4
2: 1 63 64
3: 1 62 64
4: 1 60 61
5: 6 7 64
6: 5 58 59
7: 5 57 59
8: 9 10 59
9: 8 55 56
10: 8 54 56
11: 12 13 56
12: 11 51 53
13: 11 52 53
14: 15 16 53
15: 14 48 50
16: 14 49 50
17: 18 19 50
18: 17 45 47
19: 17 46 47
20: 21 22 47
21: 20 43 44
22: 20 42 44
23: 44 60 61
24: 25 32 58
25: 24 54 62
26: 31 48 55
27: 30 48 55
28: 29 54 62
29: 28 51 57
30: 27 45 52
31: 26 51 57
32: 24 34 60
33: 35 36 61
34: 32 38 58
35: 33 39 46
36: 33 41 46
37: 40 45 52
38: 34 42 63
39: 35 42 63
40: 37 43 49
41: 36 43 49
42: 22 38 39
43: 21 40 41
44: 21 22 23
45: 18 30 37
46: 19 35 36
47: 18 19 20
48: 15 26 27
49: 16 40 41
50: 15 16 17
51: 12 29 31
52: 13 30 37
53: 12 13 14
54: 10 25 28
55: 9 26 27
56: 9 10 11
57: 7 29 31
58: 6 24 34
59: 6 7 8
60: 4 23 32
61: 4 23 33
62: 3 25 28
63: 2 38 39
64: 2 3 5

1: 2 3 4
2: 1 59 60
3: 1 61 64
4: 1 62 63
5: 13 14 15
6: 12 16 18
7: 10 11 17
8: 43 44 46
9: 41 42 45
10: 7 30 42
11: 7 25 26
12: 6 25 33
13: 5 26 31
14: 5 41 43
15: 5 27 35
16: 6 27 34
17: 7 28 32
18: 6 28 29
19: 36 38 44
20: 30 37 38
21: 29 31 37
22: 32 35 40
23: 33 39 40
24: 34 36 39
25: 11 12 51
26: 11 13 54
27: 15 16 55
28: 17 18 52
29: 18 21 50
30: 10 20 55
31: 13 21 49
32: 17 22 56
33: 12 23 58
34: 16 24 57
35: 15 22 47
36: 19 24 54
37: 20 21 53
38: 19 20 56
39: 23 24 53
40: 22 23 48
41: 9 14 58
42: 9 10 57
43: 8 14 52
44: 8 19 51
45: 9 47 50
46: 8 48 49
47: 35 45 59
48: 40 46 64
49: 31 46 63
50: 29 45 61
51: 25 44 59
52: 28 43 60
53: 37 39 60
54: 26 36 61
55: 27 30 64
56: 32 38 62
57: 34 42 63
58: 33 41 62
59: 2 47 51
60: 2 52 53
61: 3 50 54
62: 4 56 58
63: 4 49 57
64: 3 48 55

1: 2 3 4
2: 1 63 64
3: 1 62 64
4: 1 60 61
5: 6 7 64
6: 5 58 59
7: 5 57 59
8: 9 10 59
9: 8 55 56
10: 8 54 56
11: 12 13 56
12: 11 51 53
13: 11 52 53
14: 15 16 53
15: 14 48 50
16: 14 49 50
17: 18 19 50
18: 17 45 47
19: 17 46 47
20: 21 22 47
21: 20 43 44
22: 20 42 44
23: 44 60 61
24: 28 33 57
25: 26 27 61
26: 25 32 45
27: 25 31 45
28: 24 48 54
29: 30 55 62
30: 29 46 51
31: 27 55 62
32: 26 48 54
33: 24 36 60
34: 41 52 58
35: 38 52 58
36: 33 40 57
37: 39 46 51
38: 35 43 63
39: 37 43 63
40: 36 42 49
41: 34 42 49
42: 22 40 41
43: 21 38 39
44: 21 22 23
45: 18 26 27
46: 19 30 37
47: 18 19 20
48: 15 28 32
49: 16 40 41
50: 15 16 17
51: 12 30 37
52: 13 34 35
53: 12 13 14
54: 10 28 32
55: 9 29 31
56: 9 10 11
57: 7 24 36
58: 6 34 35
59: 6 7 8
60: 4 23 33
61: 4 23 25
62: 3 29 31
63: 2 38 39
64: 2 3 5

1: 2 3 4
2: 1 59 60
3: 1 61 64
4: 1 62 63
5: 10 11 25
6: 10 12 20
7: 13 16 17
8: 14 19 23
9: 15 18 24
10: 5 6 30
11: 5 34 44
12: 6 40 43
13: 7 35 36
14: 8 36 37
15: 9 37 41
16: 7 38 39
17: 7 31 34
18: 9 32 42
19: 8 33 40
20: 6 38 41
21: 30 42 46
22: 31 32 45
23: 8 27 39
24: 9 29 33
25: 5 28 35
26: 27 28 29
27: 23 26 53
28: 25 26 52
29: 24 26 51
30: 10 21 55
31: 17 22 57
32: 18 22 56
33: 19 24 58
34: 11 17 58
35: 13 25 56
36: 13 14 54
37: 14 15 49
38: 16 20 50
39: 16 23 55
40: 12 19 57
41: 15 20 48
42: 18 21 54
43: 12 47 53
44: 11 47 49
45: 22 50 51
46: 21 48 52
47: 43 44 59
48: 41 46 64
49: 37 44 63
50: 38 45 63
51: 29 45 60
52: 28 46 62
53: 27 43 61
54: 36 42 59
55: 30 39 60
56: 32 35 61
57: 31 40 64
58: 33 34 62
59: 2 47 54
60: 2 51 55
61: 3 53 56
62: 4 52 58
63: 4 49 50
64: 3 48 57

1: 2 3 4
2: 1 62 64
3: 1 61 64
4: 1 60 63
5: 6 7 64
6: 5 58 59
7: 5 57 59
8: 9 10 59
9: 8 55 56
10: 8 54 56
11: 12 13 56
12: 11 52 53
13: 11 51 53
14: 15 16 53
15: 14 48 50
16: 14 49 50
17: 18 19 50
18: 17 46 47
19: 17 45 47
20: 21 22 47
21: 20 44 63
22: 20 43 44
23: 24 60 63
24: 23 25 45
25: 24 28 29
26: 42 46 52
27: 41 46 52
28: 25 40 45
29: 25 38 39
30: 31 48 55
31: 30 51 57
32: 33 34 58
33: 32 37 60
34: 32 54 61
35: 36 51 57
36: 35 54 61
37: 33 38 58
38: 29 37 62
39: 29 44 62
40: 28 43 49
41: 27 48 55
42: 26 43 49
43: 22 40 42
44: 21 22 39
45: 19 24 28
46: 18 26 27
47: 18 19 20
48: 15 30 41
49: 16 40 42
50: 15 16 17
51: 13 31 35
52: 12 26 27
53: 12 13 14
54: 10 34 36
55: 9 30 41
56: 9 10 11
57: 7 31 35
58: 6 32 37
59: 6 7 8
60: 4 23 33
61: 3 34 36
62: 2 38 39
63: 4 21 23
64: 2 3 5

1: 2 3 4 5 6 7 8
2: 1 44 55 61 62 63 64
3: 1 44 56 57 58 59 60
4: 1 45 46 47 48 55 56
5: 1 46 49 52 54 58 62
6: 1 45 49 51 53 57 61
7: 1 48 50 53 54 60 64
8: 1 47 50 51 52 59 63
9: 34 35 36 37 44 55 56
10: 34 39 42 43 44 60 64
11: 35 39 40 41 44 59 63
12: 37 38 41 43 44 58 62
13: 36 38 40 42 44 57 61
14: 22 24 27 34 48 55 64
15: 22 25 26 35 47 55 63
16: 23 24 26 37 46 55 62
17: 23 25 27 36 45 55 61
18: 28 31 33 37 46 56 58
19: 28 30 32 36 45 56 57
20: 29 32 33 34 48 56 60
21: 29 30 31 35 47 56 59
22: 14 15 28 38 49 57 58
23: 16 17 29 39 50 59 60
24: 14 16 30 40 51 57 59
25: 15 17 33 43 54 58 60
26: 15 16 32 42 53 57 60
27: 14 17 31 41 52 58 59
28: 18 19 22 39 50 63 64
29: 20 21 23 38 49 61 62
30: 19 21 24 43 54 62 64
31: 18 21 27 42 53 61 64
32: 19 20 26 41 52 62 63
33: 18 20 25 40 51 61 63
34: 9 10 14 20 49 51 52
35: 9 11 15 21 49 53 54
36: 9 13 17 19 50 52 54
37: 9 12 16 18 50 51 53
38: 12 13 22 29 47 48 50
39: 10 11 23 28 45 46 49
40: 11 13 24 33 46 48 54
41: 11 12 27 32 45 48 53
42: 10 13 26 31 46 47 52
43: 10 12 25 30 45 47 51
44: 2 3 9 10 11 12 13
45: 4 6 17 19 39 41 43
46: 4 5 16 18 39 40 42
47: 4 8 15 21 38 42 43
48: 4 7 14 20 38 40 41
49: 5 6 22 29 34 35 39
50: 7 8 23 28 36 37 38
51: 6 8 24 33 34 37 43
52: 5 8 27 32 34 36 42
53: 6 7 26 31 35 37 41
54: 5 7 25 30 35 36 40
55: 2 4 9 14 15 16 17
56: 3 4 9 18 19 20 21
57: 3 6 13 19 22 24 26
58: 3 5 12 18 22 25 27
59: 3 8 11 21 23 24 27
60: 3 7 10 20 23 25 26
61: 2 6 13 17 29 31 33
62: 2 5 12 16 29 30 32
63: 2 8 11 15 28 32 33
64: 2 7 10 14 28 30 31

1: 2 3 4 5 6 7 8 9 10 11 12 13 14 15 16 17 18 19 20 21 22
2: 1 4 5 6 7 11 12 13 14 21 22 30 31 32 33 34 41 42 47 52 53
3: 1 4 5 6 7 15 16 17 18 19 20 30 35 36 37 38 39 40 54 55 56
4: 1 2 3 6 7 11 14 15 17 19 21 30 31 34 35 37 39 41 48 57 58
5: 1 2 3 6 7 12 13 16 18 20 22 30 32 33 36 38 40 42 49 61 64
6: 1 2 3 4 5 11 14 16 18 20 21 30 32 33 35 37 39 42 50 60 62
7: 1 2 3 4 5 12 13 15 17 19 22 30 31 34 36 38 40 41 51 59 63
8: 1 9 10 11 12 13 14 15 16 17 18 43 44 45 46 47 48 49 50 51 54
9: 1 8 10 11 12 15 18 19 20 21 22 43 44 45 46 52 55 57 59 60 64
10: 1 8 9 13 14 16 17 19 20 21 22 43 44 45 46 53 56 58 61 62 63
11: 1 2 4 6 8 9 12 14 15 18 21 31 32 35 43 47 48 50 52 57 60
12: 1 2 5 7 8 9 11 13 15 18 22 31 32 38 44 47 49 51 52 59 64
13: 1 2 5 7 8 10 12 14 16 17 22 33 34 36 44 47 49 51 53 61 63
14: 1 2 4 6 8 10 11 13 16 17 21 33 34 37 43 47 48 50 53 58 62
15: 1 3 4 7 8 9 11 12 17 18 19 31 35 38 45 48 51 54 55 57 59
16: 1 3 5 6 8 10 13 14 17 18 20 33 36 37 46 49 50 54 56 61 62
17: 1 3 4 7 8 10 13 14 15 16 19 34 36 37 45 48 51 54 56 58 63
18: 1 3 5 6 8 9 11 12 15 16 20 32 35 38 46 49 50 54 55 60 64
19: 1 3 4 7 9 10 15 17 20 21 22 39 40 41 45 55 56 57 58 59 63
20: 1 3 5 6 9 10 16 18 19 21 22 39 40 42 46 55 56 60 61 62 64
21: 1 2 4 6 9 10 11 14 19 20 22 39 41 42 43 52 53 57 58 60 62
22: 1 2 5 7 9 10 12 13 19 20 21 40 41 42 44 52 53 59 61 63 64
23: 24 25 26 27 28 29 30 31 32 33 34 35 36 37 38 47 48 49 50 51 54
24: 23 25 26 27 28 29 30 31 32 35 38 39 40 41 42 52 55 57 59 60 64
25: 23 24 26 27 28 29 30 33 34 36 37 39 40 41 42 53 56 58 61 62 63
26: 23 24 25 27 28 29 31 34 41 43 44 45 47 48 51 52 53 57 58 59 63
27: 23 24 25 26 28 29 32 33 42 43 44 46 47 49 50 52 53 60 61 62 64
28: 23 24 25 26 27 29 35 37 39 43 45 46 48 50 54 55 56 57 58 60 62
29: 23 24 25 26 27 28 36 38 40 44 45 46 49 51 54 55 56 59 61 63 64
30: 2 3 4 5 6 7 23 24 25 31 32 33 34 35 36 37 38 39 40 41 42
31: 2 4 7 11 12 15 23 24 26 30 32 34 35 38 41 47 48 51 52 57 59
32: 2 5 6 11 12 18 23 24 27 30 31 33 35 38 42 47 49 50 52 60 64
33: 2 5 6 13 14 16 23 25 27 30 32 34 36 37 42 47 49 50 53 61 62
34: 2 4 7 13 14 17 23 25 26 30 31 33 36 37 41 47 48 51 53 58 63
35: 3 4 6 11 15 18 23 24 28 30 31 32 37 38 39 48 50 54 55 57 60
36: 3 5 7 13 16 17 23 25 29 30 33 34 37 38 40 49 51 54 56 61 63
37: 3 4 6 14 16 17 23 25 28 30 33 34 35 36 39 48 50 54 56 58 62
38: 3 5 7 12 15 18 23 24 29 30 31 32 35 36 40 49 51 54 55 59 64
39: 3 4 6 19 20 21 24 25 28 30 35 37 40 41 42 55 56 57 58 60 62
40: 3 5 7 19 20 22 24 25 29 30 36 38 39 41 42 55 56 59 61 63 64
41: 2 4 7 19 21 22 24 25 26 30 31 34 39 40 42 52 53 57 58 59 63
42: 2 5 6 20 21 22 24 25 27 30 32 33 39 40 41 52 53 60 61 62 64
43: 8 9 10 11 14 21 26 27 28 44 45 46 47 48 50 52 53 57 58 60 62
44: 8 9 10 12 13 22 26 27 29 43 45 46 47 49 51 52 53 59 61 63 64
45: 8 9 10 15 17 19 26 28 29 43 44 46 48 51 54 55 56 57 58 59 63
46: 8 9 10 16 18 20 27 28 29 43 44 45 49 50 54 55 56 60 61 62 64
47: 2 8 11 12 13 14 23 26 27 31 32 33 34 43 44 48 49 50 51 52 53
48: 4 8 11 14 15 17 23 26 28 31 34 35 37 43 45 47 50 51 54 57 58
49: 5 8 12 13 16 18 23 27 29 32 33 36 38 44 46 47 50 51 54 61 64
50: 6 8 11 14 16 18 23 27 28 32 33 35 37 43 46 47 48 49 54 60 62
51: 7 8 12 13 15 17 23 26 29 31 34 36 38 44 45 47 48 49 54 59 63
52: 2 9 11 12 21 22 24 26 27 31 32 41 42 43 44 47 53 57 59 60 64
53: 2 10 13 14 21 22 25 26 27 33 34 41 42 43 44 47 52 58 61 62 63
54: 3 8 15 16 17 18 23 28 29 35 36 37 38 45 46 48 49 50 51 55 56
55: 3 9 15 18 19 20 24 28 29 35 38 39 40 45 46 54 56 57 59 60 64
56: 3 10 16 17 19 20 25 28 29 36 37 39 40 45 46 54 55 58 61 62 63
57: 4 9 11 15 19 21 24 26 28 31 35 39 41 43 45 48 52 55 58 59 60
58: 4 10 14 17 19 21 25 26 28 34 37 39 41 43 45 48 53 56 57 62 63
59: 7 9 12 15 19 22 24 26 29 31 38 40 41 44 45 51 52 55 57 63 64
60: 6 9 11 18 20 21 24 27 28 32 35 39 42 43 46 50 52 55 57 62 64
61: 5 10 13 16 20 22 25 27 29 33 36 40 42 44 46 49 53 56 62 63 64
62: 6 10 14 16 20 21 25 27 28 33 37 39 42 43 46 50 53 56 58 60 61
63: 7 10 13 17 19 22 25 26 29 34 36 40 41 44 45 51 53 56 58 59 61
64: 5 9 12 18 20 22 24 27 29 32 38 40 42 44 46 49 52 55 59 60 61

