1: 2 3 4
2: 1 91 92
3: 1 93 96
4: 1 94 95
5: 9 14 17
6: 9 10 15
7: 10 11 16
8: 11 12 13
9: 5 6 28
10: 6 7 29
11: 7 8 35
12: 8 26 32
13: 8 23 31
14: 5 20 27
15: 6 24 25
16: 7 23 24
17: 5 21 25
18: 22 26 30
19: 20 21 22
20: 14 19 55
21: 17 19 57
22: 18 19 56
23: 13 16 51
24: 15 16 53
25: 15 17 54
26: 12 18 52
27: 14 40 41
28: 9 41 47
29: 10 47 48
30: 18 49 57
31: 13 45 50
32: 12 49 50
33: 53 54 80
34: 44 46 79
35: 11 48 52
36: 55 56 81
37: 42 45 51
38: 42 43 46
39: 40 43 44
40: 27 39 70
41: 27 28 67
42: 37 38 65
43: 38 39 66
44: 34 39 67
45: 31 37 72
46: 34 38 72
47: 28 29 61
48: 29 35 64
49: 30 32 63
50: 31 32 62
51: 23 37 69
52: 26 35 68
53: 24 33 69
54: 25 33 71
55: 20 36 70
56: 22 36 68
57: 21 30 71
58: 61 64 88
59: 65 66 90
60: 62 63 89
61: 47 58 73
62: 50 60 78
63: 49 60 77
64: 48 58 74
65: 42 59 76
66: 43 59 75
67: 41 44 73
68: 52 56 74
69: 51 53 76
70: 40 55 75
71: 54 57 77
72: 45 46 78
73: 61 67 82
74: 64 68 84
75: 66 70 86
76: 65 69 85
77: 63 71 87
78: 62 72 83
79: 34 82 83
80: 33 85 87
81: 36 84 86
82: 73 79 91
83: 78 79 92
84: 74 81 96
85: 76 80 94
86: 75 81 93
87: 77 80 95
88: 58 91 96
89: 60 92 95
90: 59 93 94
91: 2 82 88
92: 2 83 89
93: 3 86 90
94: 4 85 90
95: 4 87 89
96: 3 84 88

1: 2 3 4
2: 1 95 96
3: 1 91 92
4: 1 93 94
5: 59 60 81
6: 12 13 25
7: 8 9 24
8: 7 18 40
9: 7 19 39
10: 15 16 37
11: 14 18 34
12: 6 16 17
13: 6 14 15
14: 11 13 21
15: 10 13 22
16: 10 12 20
17: 12 23 26
18: 8 11 22
19: 9 23 27
20: 16 33 42
21: 14 31 41
22: 15 18 32
23: 17 19 30
24: 7 28 32
25: 6 30 31
26: 17 29 33
27: 19 28 29
28: 24 27 50
29: 26 27 51
30: 23 25 54
31: 21 25 53
32: 22 24 52
33: 20 26 49
34: 11 43 48
35: 50 51 80
36: 46 49 55
37: 10 45 52
38: 47 53 79
39: 9 44 54
40: 8 43 44
41: 21 47 48
42: 20 45 46
43: 34 40 69
44: 39 40 68
45: 37 42 65
46: 36 42 64
47: 38 41 67
48: 34 41 66
49: 33 36 72
50: 28 35 71
51: 29 35 72
52: 32 37 71
53: 31 38 70
54: 30 39 70
55: 36 61 63
56: 68 69 89
57: 62 63 90
58: 64 65 88
59: 5 66 67
60: 5 61 62
61: 55 60 78
62: 57 60 75
63: 55 57 73
64: 46 58 78
65: 45 58 74
66: 48 59 77
67: 47 59 75
68: 44 56 76
69: 43 56 77
70: 53 54 76
71: 50 52 74
72: 49 51 73
73: 63 72 85
74: 65 71 84
75: 62 67 87
76: 68 70 86
77: 66 69 83
78: 61 64 82
79: 38 86 87
80: 35 84 85
81: 5 82 83
82: 78 81 96
83: 77 81 95
84: 74 80 92
85: 73 80 91
86: 76 79 94
87: 75 79 93
88: 58 92 96
89: 56 94 95
90: 57 91 93
91: 3 85 90
92: 3 84 88
93: 4 87 90
94: 4 86 89
95: 2 83 89
96: 2 82 88

1: 2 3 4
2: 1 91 92
3: 1 93 96
4: 1 94 95
5: 9 17 18
6: 10 36 37
7: 8 10 34
8: 7 9 15
9: 5 8 35
10: 6 7 16
11: 19 20 27
12: 21 22 29
13: 22 24 33
14: 23 24 30
15: 8 25 26
16: 10 23 25
17: 5 19 26
18: 5 20 21
19: 11 17 57
20: 11 18 53
21: 12 18 50
22: 12 13 51
23: 14 16 56
24: 13 14 55
25: 15 16 54
26: 15 17 52
27: 11 46 47
28: 52 57 80
29: 12 41 53
30: 14 43 54
31: 45 46 81
32: 51 55 79
33: 13 41 43
34: 7 40 42
35: 9 40 50
36: 6 48 56
37: 6 42 44
38: 45 47 49
39: 44 48 49
40: 34 35 61
41: 29 33 66
42: 34 37 64
43: 30 33 65
44: 37 39 68
45: 31 38 68
46: 27 31 70
47: 27 38 71
48: 36 39 63
49: 38 39 62
50: 21 35 67
51: 22 32 67
52: 26 28 69
53: 20 29 70
54: 25 30 69
55: 24 32 72
56: 23 36 72
57: 19 28 71
58: 61 64 88
59: 65 66 90
60: 62 63 89
61: 40 58 73
62: 49 60 77
63: 48 60 78
64: 42 58 74
65: 43 59 76
66: 41 59 75
67: 50 51 73
68: 44 45 74
69: 52 54 76
70: 46 53 75
71: 47 57 77
72: 55 56 78
73: 61 67 82
74: 64 68 84
75: 66 70 86
76: 65 69 85
77: 62 71 87
78: 63 72 83
79: 32 82 83
80: 28 85 87
81: 31 84 86
82: 73 79 91
83: 78 79 92
84: 74 81 96
85: 76 80 94
86: 75 81 93
87: 77 80 95
88: 58 91 96
89: 60 92 95
90: 59 93 94
91: 2 82 88
92: 2 83 89
93: 3 86 90
94: 4 85 90
95: 4 87 89
96: 3 84 88

1: 2 3 4
2: 1 95 96
3: 1 94 96
4: 1 92 93
5: 6 7 96
6: 5 90 91
7: 5 89 91
8: 9 10 91
9: 8 87 88
10: 8 86 88
11: 88 92 93
12: 14 17 93
13: 15 16 92
14: 12 18 89
15: 13 21 90
16: 13 20 90
17: 12 19 89
18: 14 24 25
19: 17 22 23
20: 16 22 23
21: 15 24 25
22: 19 20 27
23: 19 20 26
24: 18 21 29
25: 18 21 28
26: 23 30 33
27: 22 31 32
28: 25 30 33
29: 24 31 32
30: 26 28 34
31: 27 29 35
32: 27 29 37
33: 26 28 36
34: 30 38 39
35: 31 38 39
36: 33 40 41
37: 32 40 41
38: 34 35 43
39: 34 35 42
40: 36 37 45
41: 36 37 44
42: 39 46 49
43: 38 47 48
44: 41 46 49
45: 40 47 48
46: 42 44 50
47: 43 45 51
48: 43 45 53
49: 42 44 52
50: 46 54 55
51: 47 54 55
52: 49 56 57
53: 48 56 57
54: 50 51 59
55: 50 51 58
56: 52 53 61
57: 52 53 60
58: 55 62 65
59: 54 63 64
60: 57 62 65
61: 56 63 64
62: 58 60 66
63: 59 61 67
64: 59 61 69
65: 58 60 68
66: 62 70 71
67: 63 70 71
68: 65 72 73
69: 64 72 73
70: 66 67 75
71: 66 67 74
72: 68 69 77
73: 68 69 76
74: 71 78 81
75: 70 79 80
76: 73 78 81
77: 72 79 80
78: 74 76 82
79: 75 77 85
80: 75 77 84
81: 74 76 83
82: 78 86 94
83: 81 87 95
84: 80 87 95
85: 79 86 94
86: 10 82 85
87: 9 83 84
88: 9 10 11
89: 7 14 17
90: 6 15 16
91: 6 7 8
92: 4 11 13
93: 4 11 12
94: 3 82 85
95: 2 83 84
96: 2 3 5

1: 2 3 4
2: 1 95 96
3: 1 92 94
4: 1 91 93
5: 7 16 17
6: 42 43 44
7: 5 8 9
8: 7 14 48
9: 7 15 47
10: 12 14 19
11: 13 15 20
12: 10 27 33
13: 11 28 32
14: 8 10 29
15: 9 11 30
16: 5 24 28
17: 5 23 27
18: 25 26 31
19: 10 22 26
20: 11 21 25
21: 20 41 54
22: 19 40 53
23: 17 39 50
24: 16 38 49
25: 18 20 39
26: 18 19 38
27: 12 17 41
28: 13 16 40
29: 14 37 52
30: 15 36 51
31: 18 34 35
32: 13 35 37
33: 12 34 36
34: 31 33 76
35: 31 32 75
36: 30 33 74
37: 29 32 73
38: 24 26 70
39: 23 25 69
40: 22 28 72
41: 21 27 71
42: 6 67 68
43: 6 64 65
44: 6 63 66
45: 61 67 78
46: 62 68 77
47: 9 60 76
48: 8 59 75
49: 24 66 74
50: 23 65 73
51: 30 58 70
52: 29 57 69
53: 22 60 62
54: 21 59 61
55: 58 63 72
56: 57 64 71
57: 52 56 80
58: 51 55 79
59: 48 54 90
60: 47 53 89
61: 45 54 88
62: 46 53 87
63: 44 55 82
64: 43 56 81
65: 43 50 90
66: 44 49 89
67: 42 45 86
68: 42 46 85
69: 39 52 86
70: 38 51 85
71: 41 56 84
72: 40 55 83
73: 37 50 88
74: 36 49 87
75: 35 48 84
76: 34 47 83
77: 46 80 82
78: 45 79 81
79: 58 78 96
80: 57 77 95
81: 64 78 94
82: 63 77 93
83: 72 76 92
84: 71 75 91
85: 68 70 92
86: 67 69 91
87: 62 74 94
88: 61 73 93
89: 60 66 96
90: 59 65 95
91: 4 84 86
92: 3 83 85
93: 4 82 88
94: 3 81 87
95: 2 80 90
96: 2 79 89

1: 2 3 4
2: 1 95 96
3: 1 92 94
4: 1 91 93
5: 7 32 33
6: 42 43 44
7: 5 14 15
8: 11 16 47
9: 12 17 48
10: 11 12 13
11: 8 10 31
12: 9 10 30
13: 10 20 21
14: 7 25 29
15: 7 24 28
16: 8 27 28
17: 9 26 29
18: 21 23 27
19: 20 22 26
20: 13 19 41
21: 13 18 40
22: 19 39 54
23: 18 38 53
24: 15 41 50
25: 14 40 49
26: 17 19 36
27: 16 18 37
28: 15 16 39
29: 14 17 38
30: 12 35 52
31: 11 34 51
32: 5 35 37
33: 5 34 36
34: 31 33 70
35: 30 32 69
36: 26 33 76
37: 27 32 75
38: 23 29 74
39: 22 28 73
40: 21 25 72
41: 20 24 71
42: 6 67 68
43: 6 63 66
44: 6 64 65
45: 62 68 77
46: 61 67 78
47: 8 60 76
48: 9 59 75
49: 25 60 62
50: 24 59 61
51: 31 58 74
52: 30 57 73
53: 23 66 70
54: 22 65 69
55: 58 63 72
56: 57 64 71
57: 52 56 80
58: 51 55 79
59: 48 50 90
60: 47 49 89
61: 46 50 88
62: 45 49 87
63: 43 55 82
64: 44 56 81
65: 44 54 90
66: 43 53 89
67: 42 46 86
68: 42 45 85
69: 35 54 88
70: 34 53 87
71: 41 56 84
72: 40 55 83
73: 39 52 86
74: 38 51 85
75: 37 48 84
76: 36 47 83
77: 45 80 82
78: 46 79 81
79: 58 78 96
80: 57 77 95
81: 64 78 94
82: 63 77 93
83: 72 76 92
84: 71 75 91
85: 68 74 92
86: 67 73 91
87: 62 70 94
88: 61 69 93
89: 60 66 96
90: 59 65 95
91: 4 84 86
92: 3 83 85
93: 4 82 88
94: 3 81 87
95: 2 80 90
96: 2 79 89

1: 2 3 4
2: 1 91 92
3: 1 93 96
4: 1 94 95
5: 10 16 17
6: 11 12 14
7: 8 11 52
8: 7 30 31
9: 50 51 53
10: 5 24 76
11: 6 7 24
12: 6 23 32
13: 21 29 75
14: 6 25 27
15: 26 28 33
16: 5 22 26
17: 5 20 27
18: 19 20 21
19: 18 47 58
20: 17 18 46
21: 13 18 49
22: 16 45 55
23: 12 44 57
24: 10 11 49
25: 14 48 54
26: 15 16 48
27: 14 17 42
28: 15 43 56
29: 13 36 40
30: 8 39 47
31: 8 41 45
32: 12 37 41
33: 15 38 44
34: 38 39 46
35: 37 40 43
36: 29 63 77
37: 32 35 73
38: 33 34 73
39: 30 34 74
40: 29 35 72
41: 31 32 67
42: 27 74 78
43: 28 35 64
44: 23 33 65
45: 22 31 69
46: 20 34 70
47: 19 30 71
48: 25 26 68
49: 21 24 66
50: 9 64 66
51: 9 61 68
52: 7 60 62
53: 9 59 62
54: 25 67 72
55: 22 65 71
56: 28 61 69
57: 23 60 70
58: 19 59 63
59: 53 58 88
60: 52 57 90
61: 51 56 85
62: 52 53 87
63: 36 58 86
64: 43 50 82
65: 44 55 83
66: 49 50 90
67: 41 54 84
68: 48 51 80
69: 45 56 89
70: 46 57 86
71: 47 55 87
72: 40 54 88
73: 37 38 81
74: 39 42 89
75: 13 79 82
76: 10 79 83
77: 36 84 85
78: 42 80 81
79: 75 76 91
80: 68 78 92
81: 73 78 93
82: 64 75 93
83: 65 76 94
84: 67 77 96
85: 61 77 95
86: 63 70 94
87: 62 71 91
88: 59 72 92
89: 69 74 96
90: 60 66 95
91: 2 79 87
92: 2 80 88
93: 3 81 82
94: 4 83 86
95: 4 85 90
96: 3 84 89

1: 2 3 4
2: 1 91 92
3: 1 94 96
4: 1 93 95
5: 25 36 51
6: 24 35 36
7: 10 25 32
8: 25 31 34
9: 15 18 19
10: 7 11 20
11: 10 38 53
12: 41 46 47
13: 26 35 48
14: 30 42 50
15: 9 24 29
16: 24 30 49
17: 31 39 45
18: 9 33 43
19: 9 34 52
20: 10 33 44
21: 27 29 37
22: 26 28 40
23: 27 28 32
24: 6 15 16
25: 5 7 8
26: 13 22 76
27: 21 23 78
28: 22 23 77
29: 15 21 60
30: 14 16 63
31: 8 17 59
32: 7 23 71
33: 18 20 70
34: 8 19 72
35: 6 13 74
36: 5 6 55
37: 21 61 65
38: 11 60 76
39: 17 66 78
40: 22 58 72
41: 12 73 75
42: 14 59 75
43: 18 69 77
44: 20 64 74
45: 17 64 68
46: 12 62 69
47: 12 58 66
48: 13 62 67
49: 16 68 71
50: 14 65 70
51: 5 61 73
52: 19 57 67
53: 11 56 63
54: 55 56 57
55: 36 54 88
56: 53 54 90
57: 52 54 89
58: 40 47 88
59: 31 42 79
60: 29 38 79
61: 37 51 80
62: 46 48 81
63: 30 53 81
64: 44 45 80
65: 37 50 84
66: 39 47 83
67: 48 52 85
68: 45 49 82
69: 43 46 82
70: 33 50 83
71: 32 49 85
72: 34 40 84
73: 41 51 86
74: 35 44 87
75: 41 42 87
76: 26 38 86
77: 28 43 90
78: 27 39 89
79: 59 60 91
80: 61 64 92
81: 62 63 92
82: 68 69 94
83: 66 70 93
84: 65 72 94
85: 67 71 93
86: 73 76 96
87: 74 75 95
88: 55 58 91
89: 57 78 96
90: 56 77 95
91: 2 79 88
92: 2 80 81
93: 4 83 85
94: 3 82 84
95: 4 87 90
96: 3 86 89

1: 2 3 4
2: 1 91 92
3: 1 93 96
4: 1 94 95
5: 7 8 32
6: 42 43 44
7: 5 16 17
8: 5 11 45
9: 12 15 46
10: 11 12 13
11: 8 10 30
12: 9 10 31
13: 10 20 21
14: 24 29 33
15: 9 25 26
16: 7 28 29
17: 7 27 31
18: 22 23 24
19: 20 23 26
20: 13 19 40
21: 13 41 51
22: 18 38 50
23: 18 19 39
24: 14 18 36
25: 15 37 49
26: 15 19 34
27: 17 39 54
28: 16 40 53
29: 14 16 41
30: 11 35 52
31: 12 17 38
32: 5 36 37
33: 14 34 35
34: 26 33 72
35: 30 33 70
36: 24 32 71
37: 25 32 69
38: 22 31 76
39: 23 27 75
40: 20 28 74
41: 21 29 73
42: 6 62 63
43: 6 60 64
44: 6 67 68
45: 8 59 72
46: 9 61 71
47: 66 67 77
48: 65 68 78
49: 25 57 73
50: 22 59 66
51: 21 62 69
52: 30 58 75
53: 28 61 65
54: 27 60 70
55: 58 64 76
56: 57 63 74
57: 49 56 80
58: 52 55 79
59: 45 50 83
60: 43 54 83
61: 46 53 84
62: 42 51 84
63: 42 56 81
64: 43 55 82
65: 48 53 85
66: 47 50 86
67: 44 47 90
68: 44 48 89
69: 37 51 85
70: 35 54 86
71: 36 46 87
72: 34 45 88
73: 41 49 89
74: 40 56 87
75: 39 52 90
76: 38 55 88
77: 47 80 82
78: 48 79 81
79: 58 78 91
80: 57 77 92
81: 63 78 94
82: 64 77 93
83: 59 60 91
84: 61 62 92
85: 65 69 93
86: 66 70 94
87: 71 74 96
88: 72 76 95
89: 68 73 96
90: 67 75 95
91: 2 79 83
92: 2 80 84
93: 3 82 85
94: 4 81 86
95: 4 88 90
96: 3 87 89

1: 2 3 4
2: 1 91 92
3: 1 93 96
4: 1 94 95
5: 56 57 78
6: 17 61 65
7: 8 20 21
8: 7 60 64
9: 10 71 72
10: 9 15 16
11: 12 70 73
12: 11 13 14
13: 12 58 59
14: 12 61 63
15: 10 58 62
16: 10 60 63
17: 6 18 21
18: 17 41 67
19: 40 66 67
20: 7 27 66
21: 7 17 26
22: 25 62 65
23: 24 59 64
24: 23 33 35
25: 22 34 35
26: 21 29 32
27: 20 30 31
28: 37 68 69
29: 26 36 74
30: 27 38 77
31: 27 39 76
32: 26 37 75
33: 24 38 69
34: 25 39 68
35: 24 25 36
36: 29 35 46
37: 28 32 47
38: 30 33 49
39: 31 34 48
40: 19 46 47
41: 18 48 49
42: 50 73 76
43: 52 72 77
44: 53 71 75
45: 51 70 74
46: 36 40 50
47: 37 40 52
48: 39 41 51
49: 38 41 53
50: 42 46 54
51: 45 48 55
52: 43 47 55
53: 44 49 54
54: 50 53 57
55: 51 52 56
56: 5 55 90
57: 5 54 89
58: 13 15 90
59: 13 23 83
60: 8 16 84
61: 6 14 85
62: 15 22 86
63: 14 16 89
64: 8 23 80
65: 6 22 79
66: 19 20 86
67: 18 19 83
68: 28 34 84
69: 28 33 85
70: 11 45 88
71: 9 44 88
72: 9 43 87
73: 11 42 87
74: 29 45 82
75: 32 44 81
76: 31 42 81
77: 30 43 82
78: 5 79 80
79: 65 78 96
80: 64 78 95
81: 75 76 91
82: 74 77 92
83: 59 67 93
84: 60 68 93
85: 61 69 94
86: 62 66 94
87: 72 73 96
88: 70 71 95
89: 57 63 92
90: 56 58 91
91: 2 81 90
92: 2 82 89
93: 3 83 84
94: 4 85 86
95: 4 80 88
96: 3 79 87

1: 2 3 4
2: 1 91 92
3: 1 94 96
4: 1 93 95
5: 9 10 13
6: 9 11 14
7: 15 17 18
8: 10 11 12
9: 5 6 34
10: 5 8 38
11: 6 8 37
12: 8 39 40
13: 5 25 33
14: 6 24 27
15: 7 26 27
16: 26 28 30
17: 7 23 28
18: 7 21 24
19: 22 25 32
20: 21 22 23
21: 18 20 55
22: 19 20 54
23: 17 20 56
24: 14 18 53
25: 13 19 52
26: 15 16 50
27: 14 15 49
28: 16 17 51
29: 41 42 60
30: 16 43 44
31: 54 55 81
32: 19 46 56
33: 13 45 46
34: 9 45 49
35: 44 50 79
36: 43 51 80
37: 11 48 53
38: 10 47 52
39: 12 42 48
40: 12 41 47
41: 29 40 68
42: 29 39 67
43: 30 36 61
44: 30 35 62
45: 33 34 63
46: 32 33 64
47: 38 40 65
48: 37 39 66
49: 27 34 72
50: 26 35 72
51: 28 36 71
52: 25 38 70
53: 24 37 69
54: 22 31 70
55: 21 31 69
56: 23 32 71
57: 66 67 90
58: 65 68 89
59: 63 64 88
60: 29 61 62
61: 43 60 76
62: 44 60 77
63: 45 59 73
64: 46 59 75
65: 47 58 74
66: 48 57 78
67: 42 57 76
68: 41 58 77
69: 53 55 78
70: 52 54 74
71: 51 56 75
72: 49 50 73
73: 63 72 82
74: 65 70 86
75: 64 71 87
76: 61 67 85
77: 62 68 83
78: 66 69 84
79: 35 82 83
80: 36 85 87
81: 31 84 86
82: 73 79 91
83: 77 79 92
84: 78 81 94
85: 76 80 93
86: 74 81 96
87: 75 80 95
88: 59 91 95
89: 58 92 96
90: 57 93 94
91: 2 82 88
92: 2 83 89
93: 4 85 90
94: 3 84 90
95: 4 87 88
96: 3 86 89

1: 2 3 4
2: 1 91 92
3: 1 93 96
4: 1 94 95
5: 11 21 22
6: 18 22 23
7: 15 16 19
8: 11 15 20
9: 12 14 16
10: 14 17 25
11: 5 8 39
12: 9 42 43
13: 44 45 48
14: 9 10 33
15: 7 8 32
16: 7 9 31
17: 10 37 47
18: 6 34 41
19: 7 36 46
20: 8 35 50
21: 5 33 49
22: 5 6 28
23: 6 36 37
24: 32 34 40
25: 10 30 35
26: 29 31 38
27: 28 29 30
28: 22 27 76
29: 26 27 77
30: 25 27 78
31: 16 26 72
32: 15 24 71
33: 14 21 74
34: 18 24 75
35: 20 25 73
36: 19 23 70
37: 17 23 69
38: 26 63 64
39: 11 58 59
40: 24 74 77
41: 18 72 73
42: 12 62 76
43: 12 61 75
44: 13 60 68
45: 13 57 67
46: 19 66 78
47: 17 65 71
48: 13 65 66
49: 21 64 67
50: 20 63 68
51: 56 59 60
52: 55 57 58
53: 56 62 69
54: 55 61 70
55: 52 54 90
56: 51 53 89
57: 45 52 84
58: 39 52 82
59: 39 51 79
60: 44 51 83
61: 43 54 87
62: 42 53 88
63: 38 50 90
64: 38 49 89
65: 47 48 87
66: 46 48 88
67: 45 49 86
68: 44 50 85
69: 37 53 84
70: 36 54 83
71: 32 47 80
72: 31 41 82
73: 35 41 86
74: 33 40 85
75: 34 43 81
76: 28 42 80
77: 29 40 79
78: 30 46 81
79: 59 77 94
80: 71 76 91
81: 75 78 92
82: 58 72 93
83: 60 70 91
84: 57 69 92
85: 68 74 93
86: 67 73 94
87: 61 65 96
88: 62 66 95
89: 56 64 96
90: 55 63 95
91: 2 80 83
92: 2 81 84
93: 3 82 85
94: 4 79 86
95: 4 88 90
96: 3 87 89

1: 2 3 4
2: 1 91 93
3: 1 92 96
4: 1 94 95
5: 12 20 21
6: 7 12 16
7: 6 8 9
8: 7 13 14
9: 7 17 25
10: 22 23 26
11: 13 18 19
12: 5 6 41
13: 8 11 46
14: 8 42 47
15: 40 43 44
16: 6 33 48
17: 9 36 45
18: 11 37 50
19: 11 34 49
20: 5 28 38
21: 5 35 37
22: 10 34 36
23: 10 31 35
24: 31 32 39
25: 9 30 32
26: 10 29 33
27: 28 29 30
28: 20 27 76
29: 26 27 78
30: 25 27 77
31: 23 24 72
32: 24 25 73
33: 16 26 71
34: 19 22 70
35: 21 23 74
36: 17 22 69
37: 18 21 75
38: 20 55 56
39: 24 55 65
40: 15 56 61
41: 12 59 60
42: 14 63 78
43: 15 62 66
44: 15 67 68
45: 17 68 75
46: 13 72 76
47: 14 64 74
48: 16 65 66
49: 19 67 77
50: 18 71 73
51: 57 59 62
52: 58 60 61
53: 58 64 70
54: 57 63 69
55: 38 39 86
56: 38 40 79
57: 51 54 86
58: 52 53 83
59: 41 51 80
60: 41 52 81
61: 40 52 87
62: 43 51 89
63: 42 54 84
64: 47 53 85
65: 39 48 83
66: 43 48 82
67: 44 49 84
68: 44 45 85
69: 36 54 87
70: 34 53 89
71: 33 50 79
72: 31 46 80
73: 32 50 81
74: 35 47 90
75: 37 45 88
76: 28 46 82
77: 30 49 90
78: 29 42 88
79: 56 71 91
80: 59 72 91
81: 60 73 92
82: 66 76 92
83: 58 65 93
84: 63 67 93
85: 64 68 96
86: 55 57 96
87: 61 69 94
88: 75 78 95
89: 62 70 95
90: 74 77 94
91: 2 79 80
92: 3 81 82
93: 2 83 84
94: 4 87 90
95: 4 88 89
96: 3 85 86

1: 2 3 4
2: 1 91 92
3: 1 93 96
4: 1 94 95
5: 32 35 44
6: 33 34 35
7: 37 44 55
8: 16 39 51
9: 34 43 56
10: 45 47 54
11: 26 33 42
12: 27 42 49
13: 14 36 43
14: 13 18 20
15: 16 17 37
16: 8 15 31
17: 15 29 30
18: 14 28 50
19: 28 38 46
20: 14 26 32
21: 22 32 39
22: 21 23 24
23: 22 27 36
24: 22 38 41
25: 26 40 48
26: 11 20 25
27: 12 23 30
28: 18 19 29
29: 17 28 34
30: 17 27 40
31: 16 33 41
32: 5 20 21
33: 6 11 31
34: 6 9 29
35: 5 6 76
36: 13 23 61
37: 7 15 61
38: 19 24 64
39: 8 21 70
40: 25 30 75
41: 24 31 74
42: 11 12 73
43: 9 13 67
44: 5 7 65
45: 10 66 68
46: 19 62 75
47: 10 62 73
48: 25 63 71
49: 12 64 72
50: 18 71 74
51: 8 67 69
52: 65 68 77
53: 63 66 78
54: 10 60 72
55: 7 58 69
56: 9 59 70
57: 58 59 60
58: 55 57 84
59: 56 57 82
60: 54 57 83
61: 36 37 79
62: 46 47 81
63: 48 53 90
64: 38 49 90
65: 44 52 86
66: 45 53 89
67: 43 51 85
68: 45 52 85
69: 51 55 89
70: 39 56 86
71: 48 50 87
72: 49 54 87
73: 42 47 88
74: 41 50 88
75: 40 46 80
76: 35 79 82
77: 52 81 84
78: 53 80 83
79: 61 76 91
80: 75 78 96
81: 62 77 94
82: 59 76 95
83: 60 78 92
84: 58 77 93
85: 67 68 91
86: 65 70 92
87: 71 72 93
88: 73 74 96
89: 66 69 95
90: 63 64 94
91: 2 79 85
92: 2 83 86
93: 3 84 87
94: 4 81 90
95: 4 82 89
96: 3 80 88

1: 2 3 4
2: 1 91 93
3: 1 92 94
4: 1 95 96
5: 56 57 78
6: 51 53 72
7: 50 52 53
8: 30 71 77
9: 63 70 76
10: 59 66 72
11: 31 58 74
12: 15 50 74
13: 65 69 75
14: 58 66 70
15: 12 16 27
16: 15 59 73
17: 41 44 45
18: 42 43 45
19: 34 62 64
20: 30 34 40
21: 33 60 67
22: 33 36 68
23: 38 63 68
24: 61 67 69
25: 31 37 73
26: 32 35 39
27: 15 30 32
28: 39 64 65
29: 35 38 61
30: 8 20 27
31: 11 25 46
32: 26 27 49
33: 21 22 47
34: 19 20 47
35: 26 29 48
36: 22 41 49
37: 25 44 48
38: 23 29 42
39: 26 28 43
40: 20 42 46
41: 17 36 62
42: 18 38 40
43: 18 39 60
44: 17 37 71
45: 17 18 50
46: 31 40 51
47: 33 34 52
48: 35 37 52
49: 32 36 51
50: 7 12 45
51: 6 46 49
52: 7 47 48
53: 6 7 54
54: 53 57 77
55: 56 75 76
56: 5 55 89
57: 5 54 90
58: 11 14 81
59: 10 16 82
60: 21 43 83
61: 24 29 84
62: 19 41 84
63: 9 23 86
64: 19 28 86
65: 13 28 85
66: 10 14 79
67: 21 24 80
68: 22 23 85
69: 13 24 88
70: 9 14 88
71: 8 44 87
72: 6 10 87
73: 16 25 90
74: 11 12 89
75: 13 55 82
76: 9 55 83
77: 8 54 81
78: 5 79 80
79: 66 78 94
80: 67 78 93
81: 58 77 91
82: 59 75 91
83: 60 76 92
84: 61 62 92
85: 65 68 94
86: 63 64 93
87: 71 72 96
88: 69 70 95
89: 56 74 96
90: 57 73 95
91: 2 81 82
92: 3 83 84
93: 2 80 86
94: 3 79 85
95: 4 88 90
96: 4 87 89

1: 2 3 4
2: 1 91 92
3: 1 93 96
4: 1 94 95
5: 20 31 77
6: 10 19 23
7: 10 26 29
8: 19 21 30
9: 20 22 28
10: 6 7 11
11: 10 16 24
12: 17 25 27
13: 15 18 26
14: 15 16 17
15: 13 14 54
16: 11 14 51
17: 12 14 50
18: 13 48 49
19: 6 8 36
20: 5 9 38
21: 8 39 46
22: 9 39 53
23: 6 38 47
24: 11 40 52
25: 12 37 45
26: 7 13 35
27: 12 34 44
28: 9 40 41
29: 7 37 42
30: 8 41 42
31: 5 33 36
32: 33 34 35
33: 31 32 75
34: 27 32 76
35: 26 32 74
36: 19 31 67
37: 25 29 69
38: 20 23 73
39: 21 22 68
40: 24 28 70
41: 28 30 71
42: 29 30 72
43: 60 61 78
44: 27 60 62
45: 25 63 70
46: 21 63 64
47: 23 61 66
48: 18 73 76
49: 18 65 67
50: 17 66 72
51: 16 71 75
52: 24 59 64
53: 22 58 65
54: 15 57 62
55: 57 68 69
56: 58 59 74
57: 54 55 90
58: 53 56 82
59: 52 56 80
60: 43 44 89
61: 43 47 88
62: 44 54 83
63: 45 46 81
64: 46 52 83
65: 49 53 86
66: 47 50 85
67: 36 49 89
68: 39 55 85
69: 37 55 88
70: 40 45 90
71: 41 51 84
72: 42 50 87
73: 38 48 87
74: 35 56 84
75: 33 51 86
76: 34 48 79
77: 5 81 82
78: 43 79 80
79: 76 78 91
80: 59 78 96
81: 63 77 93
82: 58 77 95
83: 62 64 92
84: 71 74 92
85: 66 68 93
86: 65 75 96
87: 72 73 94
88: 61 69 95
89: 60 67 94
90: 57 70 91
91: 2 79 90
92: 2 83 84
93: 3 81 85
94: 4 87 89
95: 4 82 88
96: 3 80 86

1: 2 3 4
2: 1 91 92
3: 1 94 96
4: 1 93 95
5: 56 57 78
6: 9 71 72
7: 8 70 73
8: 7 10 13
9: 6 11 12
10: 8 58 60
11: 9 58 63
12: 9 59 61
13: 8 59 62
14: 41 67 69
15: 40 66 68
16: 23 60 65
17: 25 63 64
18: 24 61 65
19: 22 62 64
20: 24 25 27
21: 22 23 26
22: 19 21 32
23: 16 21 33
24: 18 20 35
25: 17 20 34
26: 21 30 31
27: 20 28 29
28: 27 36 76
29: 27 37 74
30: 26 39 75
31: 26 38 77
32: 22 36 67
33: 23 37 69
34: 25 39 66
35: 24 38 68
36: 28 32 46
37: 29 33 47
38: 31 35 49
39: 30 34 48
40: 15 46 47
41: 14 48 49
42: 50 72 75
43: 52 73 76
44: 51 71 77
45: 53 70 74
46: 36 40 50
47: 37 40 51
48: 39 41 52
49: 38 41 53
50: 42 46 54
51: 44 47 55
52: 43 48 55
53: 45 49 54
54: 50 53 57
55: 51 52 56
56: 5 55 90
57: 5 54 89
58: 10 11 89
59: 12 13 90
60: 10 16 85
61: 12 18 88
62: 13 19 87
63: 11 17 86
64: 17 19 80
65: 16 18 79
66: 15 34 85
67: 14 32 88
68: 15 35 87
69: 14 33 86
70: 7 45 84
71: 6 44 84
72: 6 42 83
73: 7 43 83
74: 29 45 82
75: 30 42 82
76: 28 43 81
77: 31 44 81
78: 5 79 80
79: 65 78 96
80: 64 78 95
81: 76 77 92
82: 74 75 91
83: 72 73 96
84: 70 71 95
85: 60 66 93
86: 63 69 94
87: 62 68 94
88: 61 67 93
89: 57 58 92
90: 56 59 91
91: 2 82 90
92: 2 81 89
93: 4 85 88
94: 3 86 87
95: 4 80 84
96: 3 79 83

1: 2 3 4
2: 1 91 92
3: 1 93 96
4: 1 94 95
5: 6 12 21
6: 5 7 8
7: 6 17 18
8: 6 13 16
9: 15 22 25
10: 16 20 26
11: 12 15 19
12: 5 11 45
13: 8 42 44
14: 39 40 41
15: 9 11 37
16: 8 10 36
17: 7 35 49
18: 7 34 48
19: 11 32 50
20: 10 33 47
21: 5 28 38
22: 9 33 34
23: 31 36 46
24: 35 37 43
25: 9 30 31
26: 10 29 32
27: 28 29 30
28: 21 27 76
29: 26 27 78
30: 25 27 77
31: 23 25 74
32: 19 26 71
33: 20 22 69
34: 18 22 70
35: 17 24 72
36: 16 23 75
37: 15 24 73
38: 21 55 56
39: 14 60 66
40: 14 56 59
41: 14 67 68
42: 13 61 73
43: 24 75 76
44: 13 62 77
45: 12 63 64
46: 23 55 65
47: 20 68 72
48: 18 67 78
49: 17 71 74
50: 19 65 66
51: 57 61 70
52: 57 60 64
53: 58 59 63
54: 58 62 69
55: 38 46 83
56: 38 40 86
57: 51 52 83
58: 53 54 89
59: 40 53 79
60: 39 52 82
61: 42 51 87
62: 44 54 90
63: 45 53 84
64: 45 52 85
65: 46 50 89
66: 39 50 88
67: 41 48 90
68: 41 47 87
69: 33 54 82
70: 34 51 79
71: 32 49 86
72: 35 47 80
73: 37 42 81
74: 31 49 84
75: 36 43 85
76: 28 43 88
77: 30 44 80
78: 29 48 81
79: 59 70 91
80: 72 77 91
81: 73 78 92
82: 60 69 92
83: 55 57 93
84: 63 74 96
85: 64 75 95
86: 56 71 95
87: 61 68 94
88: 66 76 96
89: 58 65 94
90: 62 67 93
91: 2 79 80
92: 2 81 82
93: 3 83 90
94: 4 87 89
95: 4 85 86
96: 3 84 88

1: 2 3 4
2: 1 91 92
3: 1 94 96
4: 1 93 95
5: 56 57 78
6: 9 71 72
7: 8 70 73
8: 7 10 13
9: 6 11 12
10: 8 58 60
11: 9 58 63
12: 9 59 61
13: 8 59 62
14: 27 67 69
15: 26 66 68
16: 23 60 64
17: 25 63 65
18: 22 62 65
19: 24 61 64
20: 24 25 40
21: 22 23 41
22: 18 21 32
23: 16 21 33
24: 19 20 35
25: 17 20 34
26: 15 28 29
27: 14 30 31
28: 26 36 77
29: 26 37 74
30: 27 39 75
31: 27 38 76
32: 22 36 67
33: 23 37 69
34: 25 39 66
35: 24 38 68
36: 28 32 46
37: 29 33 47
38: 31 35 49
39: 30 34 48
40: 20 46 47
41: 21 48 49
42: 50 71 75
43: 52 70 77
44: 53 73 74
45: 51 72 76
46: 36 40 50
47: 37 40 51
48: 39 41 52
49: 38 41 53
50: 42 46 54
51: 45 47 55
52: 43 48 55
53: 44 49 54
54: 50 53 57
55: 51 52 56
56: 5 55 90
57: 5 54 89
58: 10 11 90
59: 12 13 89
60: 10 16 85
61: 12 19 88
62: 13 18 87
63: 11 17 86
64: 16 19 79
65: 17 18 80
66: 15 34 85
67: 14 32 88
68: 15 35 87
69: 14 33 86
70: 7 43 84
71: 6 42 84
72: 6 45 83
73: 7 44 83
74: 29 44 82
75: 30 42 82
76: 31 45 81
77: 28 43 81
78: 5 79 80
79: 64 78 96
80: 65 78 95
81: 76 77 92
82: 74 75 91
83: 72 73 96
84: 70 71 95
85: 60 66 93
86: 63 69 94
87: 62 68 94
88: 61 67 93
89: 57 59 92
90: 56 58 91
91: 2 82 90
92: 2 81 89
93: 4 85 88
94: 3 86 87
95: 4 80 84
96: 3 79 83

1: 2 3 4
2: 1 91 92
3: 1 93 96
4: 1 94 95
5: 56 57 78
6: 26 66 67
7: 40 68 69
8: 11 72 73
9: 10 70 71
10: 9 12 13
11: 8 14 15
12: 10 59 62
13: 10 58 63
14: 11 59 61
15: 11 58 60
16: 22 60 64
17: 23 61 65
18: 25 63 65
19: 24 62 64
20: 24 25 41
21: 22 23 27
22: 16 21 32
23: 17 21 33
24: 19 20 34
25: 18 20 35
26: 6 28 29
27: 21 30 31
28: 26 37 75
29: 26 36 74
30: 27 39 77
31: 27 38 76
32: 22 37 69
33: 23 36 68
34: 24 39 67
35: 25 38 66
36: 29 33 47
37: 28 32 46
38: 31 35 49
39: 30 34 48
40: 7 48 49
41: 20 46 47
42: 51 71 74
43: 50 70 75
44: 53 73 77
45: 52 72 76
46: 37 41 52
47: 36 41 53
48: 39 40 51
49: 38 40 50
50: 43 49 55
51: 42 48 54
52: 45 46 54
53: 44 47 55
54: 51 52 57
55: 50 53 56
56: 5 55 90
57: 5 54 89
58: 13 15 90
59: 12 14 89
60: 15 16 88
61: 14 17 87
62: 12 19 86
63: 13 18 85
64: 16 19 80
65: 17 18 79
66: 6 35 88
67: 6 34 87
68: 7 33 86
69: 7 32 85
70: 9 43 84
71: 9 42 83
72: 8 45 84
73: 8 44 83
74: 29 42 82
75: 28 43 81
76: 31 45 82
77: 30 44 81
78: 5 79 80
79: 65 78 96
80: 64 78 95
81: 75 77 92
82: 74 76 91
83: 71 73 96
84: 70 72 95
85: 63 69 94
86: 62 68 93
87: 61 67 94
88: 60 66 93
89: 57 59 92
90: 56 58 91
91: 2 82 90
92: 2 81 89
93: 3 86 88
94: 4 85 87
95: 4 80 84
96: 3 79 83

1: 2 3 4
2: 1 91 96
3: 1 92 95
4: 1 93 94
5: 18 20 51
6: 19 21 52
7: 12 13 50
8: 10 12 54
9: 11 13 53
10: 8 32 37
11: 9 33 36
12: 7 8 31
13: 7 9 30
14: 26 27 35
15: 23 29 76
16: 22 28 75
17: 22 23 34
18: 5 28 30
19: 6 29 31
20: 5 24 27
21: 6 25 26
22: 16 17 46
23: 15 17 47
24: 20 41 56
25: 21 40 55
26: 14 21 45
27: 14 20 44
28: 16 18 43
29: 15 19 42
30: 13 18 47
31: 12 19 46
32: 10 45 58
33: 11 44 57
34: 17 40 41
35: 14 38 39
36: 11 39 43
37: 10 38 42
38: 35 37 74
39: 35 36 73
40: 25 34 66
41: 24 34 65
42: 29 37 71
43: 28 36 72
44: 27 33 70
45: 26 32 69
46: 22 31 68
47: 23 30 67
48: 64 73 78
49: 63 74 77
50: 7 59 60
51: 5 62 66
52: 6 61 65
53: 9 64 68
54: 8 63 67
55: 25 70 71
56: 24 69 72
57: 33 60 62
58: 32 59 61
59: 50 58 86
60: 50 57 85
61: 52 58 89
62: 51 57 90
63: 49 54 84
64: 48 53 83
65: 41 52 80
66: 40 51 79
67: 47 54 90
68: 46 53 89
69: 45 56 82
70: 44 55 81
71: 42 55 88
72: 43 56 87
73: 39 48 88
74: 38 49 87
75: 16 80 83
76: 15 79 84
77: 49 82 86
78: 48 81 85
79: 66 76 96
80: 65 75 95
81: 70 78 96
82: 69 77 95
83: 64 75 94
84: 63 76 93
85: 60 78 92
86: 59 77 91
87: 72 74 94
88: 71 73 93
89: 61 68 92
90: 62 67 91
91: 2 86 90
92: 3 85 89
93: 4 84 88
94: 4 83 87
95: 3 80 82
96: 2 79 81

