1: 2 3 4 5 6 7 8 9 10 11 12 13 14 15 16 17
2: 1 18 19 20 21 22 23 24 25 26 27 28 29 30 31 32
3: 1 18 19 20 33 34 35 36 37 38 39 40 41 42 43 44
4: 1 21 23 25 37 39 41 54 57 59 61 65 66 73 74 77
5: 1 21 24 26 37 40 42 55 56 58 60 64 67 73 75 76
6: 1 23 27 31 33 39 43 48 52 58 62 64 68 72 74 75
7: 1 24 28 31 35 42 43 51 53 59 63 65 71 72 76 77
8: 1 25 30 32 34 41 44 50 52 60 62 67 70 72 76 77
9: 1 26 29 32 36 40 44 49 53 61 63 66 69 72 74 75
10: 1 22 28 29 35 36 38 48 50 55 56 68 70 73 74 77
11: 1 22 27 30 33 34 38 49 51 54 57 69 71 73 75 76
12: 1 20 21 22 43 44 46 47 64 65 66 67 68 69 70 71
13: 1 20 31 32 37 38 46 47 48 49 50 51 58 59 60 61
14: 1 19 26 27 35 41 45 46 51 52 56 57 60 63 66 68
15: 1 18 23 29 34 42 45 47 50 53 56 57 59 62 64 69
16: 1 19 25 28 33 40 45 46 48 53 54 55 61 62 67 71
17: 1 18 24 30 36 39 45 47 49 52 54 55 58 63 65 70
18: 2 3 15 17 48 51 60 61 66 67 68 71 72 73 75 77
19: 2 3 14 16 49 50 58 59 64 65 69 70 72 73 74 76
20: 2 3 12 13 52 53 54 55 56 57 62 63 74 75 76 77
21: 2 4 5 12 33 34 35 36 45 48 49 50 51 52 53 72
22: 2 10 11 12 39 40 41 42 45 58 59 60 61 62 63 72
23: 2 4 6 15 35 38 40 44 46 49 55 60 63 70 71 76
24: 2 5 7 17 33 38 41 44 46 50 57 61 62 68 69 74
25: 2 4 8 16 36 38 42 43 47 51 56 58 63 68 69 75
26: 2 5 9 14 34 38 39 43 47 48 54 59 62 70 71 77
27: 2 6 11 14 36 37 42 44 47 50 53 55 61 65 67 77
28: 2 7 10 16 34 37 39 44 47 49 52 57 60 64 66 75
29: 2 9 10 15 33 37 41 43 46 51 52 54 58 65 67 76
30: 2 8 11 17 35 37 40 43 46 48 53 56 59 64 66 74
31: 2 6 7 13 34 36 40 41 45 54 56 66 67 69 70 73
32: 2 8 9 13 33 35 39 42 45 55 57 64 65 68 71 73
33: 3 6 11 16 21 24 29 32 47 56 59 60 63 66 70 77
34: 3 8 11 15 21 26 28 31 46 55 58 61 63 65 68 74
35: 3 7 10 14 21 23 30 32 47 54 58 61 62 67 69 75
36: 3 9 10 17 21 25 27 31 46 57 59 60 62 64 71 76
37: 3 4 5 13 27 28 29 30 45 62 63 68 69 70 71 72
38: 3 10 11 13 23 24 25 26 45 52 53 64 65 66 67 72
39: 3 4 6 17 22 26 28 32 46 50 51 53 56 67 69 76
40: 3 5 9 16 22 23 30 31 47 50 51 52 57 65 68 77
41: 3 4 8 14 22 24 29 31 47 48 49 53 55 64 71 75
42: 3 5 7 15 22 25 27 32 46 48 49 52 54 66 70 74
43: 3 6 7 12 25 26 29 30 45 49 50 55 57 60 61 73
44: 3 8 9 12 23 24 27 28 45 48 51 54 56 58 59 73
45: 14 15 16 17 21 22 31 32 37 38 43 44 74 75 76 77
46: 12 13 14 16 23 24 29 30 34 36 39 42 72 73 75 77
47: 12 13 15 17 25 26 27 28 33 35 40 41 72 73 74 76
48: 6 10 13 16 18 21 26 30 41 42 44 57 63 65 69 76
49: 9 11 13 17 19 21 23 28 41 42 43 56 62 67 68 77
50: 8 10 13 15 19 21 24 27 39 40 43 54 63 66 71 75
51: 7 11 13 14 18 21 25 29 39 40 44 55 62 64 70 74
52: 6 8 14 17 20 21 28 29 38 40 42 59 61 69 71 73
53: 7 9 15 16 20 21 27 30 38 39 41 58 60 68 70 73
54: 4 11 16 17 20 26 29 31 35 42 44 50 60 64 68 72
55: 5 10 16 17 20 23 27 32 34 41 43 51 59 66 69 72
56: 5 10 14 15 20 25 30 31 33 39 44 49 61 65 71 72
57: 4 11 14 15 20 24 28 32 36 40 43 48 58 67 70 72
58: 5 6 13 17 19 22 25 29 34 35 44 53 57 66 71 77
59: 4 7 13 15 19 22 26 30 33 36 44 52 55 67 68 75
60: 5 8 13 14 18 22 23 28 33 36 43 53 54 65 69 74
61: 4 9 13 16 18 22 24 27 34 35 43 52 56 64 70 76
62: 6 8 15 16 20 22 24 26 35 36 37 49 51 65 66 73
63: 7 9 14 17 20 22 23 25 33 34 37 48 50 64 67 73
64: 5 6 12 15 19 28 30 32 36 38 41 51 54 61 63 77
65: 4 7 12 17 19 27 29 32 34 38 40 48 56 60 62 75
66: 4 9 12 14 18 28 30 31 33 38 42 50 55 58 62 76
67: 5 8 12 16 18 27 29 31 35 38 39 49 57 59 63 74
68: 6 10 12 14 18 24 25 32 34 37 40 49 53 54 59 76
69: 9 11 12 15 19 24 25 31 35 37 39 48 52 55 60 77
70: 8 10 12 17 19 23 26 31 33 37 42 51 53 57 61 75
71: 7 11 12 16 18 23 26 32 36 37 41 50 52 56 58 74
72: 6 7 8 9 18 19 21 22 37 38 46 47 54 55 56 57
73: 4 5 10 11 18 19 31 32 43 44 46 47 52 53 62 63
74: 4 6 9 10 19 20 24 30 34 42 45 47 51 60 67 71
75: 5 6 9 11 18 20 25 28 35 41 45 46 50 59 65 70
76: 5 7 8 11 19 20 23 29 36 39 45 47 48 61 66 68
77: 4 7 8 10 18 20 26 27 33 40 45 46 49 58 64 69

