1: 2 3 4
2: 1 47 48
3: 1 46 48
4: 1 44 45
5: 6 7 48
6: 5 42 43
7: 5 41 43
8: 9 10 43
9: 8 39 40
10: 8 38 40
11: 12 13 40
12: 11 36 37
13: 11 35 37
14: 15 16 37
15: 14 33 34
16: 14 32 34
17: 34 44 45
18: 22 31 36
19: 20 21 31
20: 19 28 47
21: 19 45 47
22: 18 28 38
23: 24 25 39
24: 23 30 35
25: 23 26 41
26: 25 27 46
27: 26 29 30
28: 20 22 42
29: 27 33 44
30: 24 27 33
31: 18 19 32
32: 16 31 36
33: 15 29 30
34: 15 16 17
35: 13 24 39
36: 12 18 32
37: 12 13 14
38: 10 22 42
39: 9 23 35
40: 9 10 11
41: 7 25 46
42: 6 28 38
43: 6 7 8
44: 4 17 29
45: 4 17 21
46: 3 26 41
47: 2 20 21
48: 2 3 5

1: 2 3 4
2: 1 44 45
3: 1 46 48
4: 1 43 47
5: 6 7 42
6: 5 35 41
7: 5 33 34
8: 32 40 41
9: 10 39 40
10: 9 11 12
11: 10 30 32
12: 10 29 31
13: 14 15 28
14: 13 23 27
15: 13 22 26
16: 17 21 33
17: 16 19 34
18: 19 24 26
19: 17 18 22
20: 23 36 37
21: 16 22 23
22: 15 19 21
23: 14 20 21
24: 18 32 35
25: 27 31 37
26: 15 18 30
27: 14 25 29
28: 13 29 30
29: 12 27 28
30: 11 26 28
31: 12 25 38
32: 8 11 24
33: 7 16 36
34: 7 17 35
35: 6 24 34
36: 20 33 44
37: 20 25 45
38: 31 39 46
39: 9 38 48
40: 8 9 47
41: 6 8 43
42: 5 43 44
43: 4 41 42
44: 2 36 42
45: 2 37 46
46: 3 38 45
47: 4 40 48
48: 3 39 47

1: 2 3 4
2: 1 43 47
3: 1 45 46
4: 1 44 48
5: 6 21 32
6: 5 19 25
7: 8 9 23
8: 7 19 21
9: 7 17 18
10: 12 13 15
11: 14 15 26
12: 10 24 26
13: 10 16 25
14: 11 17 33
15: 10 11 18
16: 13 18 19
17: 9 14 27
18: 9 15 16
19: 6 8 16
20: 24 30 42
21: 5 8 29
22: 23 29 41
23: 7 22 28
24: 12 20 31
25: 6 13 31
26: 11 12 30
27: 17 28 34
28: 23 27 40
29: 21 22 36
30: 20 26 38
31: 24 25 37
32: 5 36 37
33: 14 35 38
34: 27 35 39
35: 33 34 48
36: 29 32 46
37: 31 32 45
38: 30 33 44
39: 34 40 47
40: 28 39 43
41: 22 43 46
42: 20 44 45
43: 2 40 41
44: 4 38 42
45: 3 37 42
46: 3 36 41
47: 2 39 48
48: 4 35 47

1: 2 3 4
2: 1 44 45
3: 1 46 47
4: 1 43 48
5: 6 7 42
6: 5 33 35
7: 5 32 34
8: 9 10 31
9: 8 26 30
10: 8 25 29
11: 12 13 24
12: 11 21 23
13: 11 38 39
14: 15 16 23
15: 14 20 21
16: 14 28 29
17: 20 37 40
18: 21 37 38
19: 22 27 36
20: 15 17 28
21: 12 15 18
22: 19 26 39
23: 12 14 25
24: 11 25 26
25: 10 23 24
26: 9 22 24
27: 19 30 34
28: 16 20 35
29: 10 16 33
30: 9 27 32
31: 8 32 33
32: 7 30 31
33: 6 29 31
34: 7 27 41
35: 6 28 40
36: 19 41 48
37: 17 18 45
38: 13 18 46
39: 13 22 47
40: 17 35 44
41: 34 36 43
42: 5 43 44
43: 4 41 42
44: 2 40 42
45: 2 37 46
46: 3 38 45
47: 3 39 48
48: 4 36 47

1: 2 3 4
2: 1 44 45
3: 1 46 48
4: 1 43 47
5: 6 7 42
6: 5 33 41
7: 5 34 35
8: 26 40 41
9: 10 11 40
10: 9 30 39
11: 9 31 32
12: 15 20 29
13: 17 19 23
14: 18 22 23
15: 12 18 28
16: 19 21 28
17: 13 37 38
18: 14 15 19
19: 13 16 18
20: 12 22 27
21: 16 38 39
22: 14 20 35
23: 13 14 34
24: 25 33 35
25: 24 27 32
26: 8 32 33
27: 20 25 31
28: 15 16 30
29: 12 30 31
30: 10 28 29
31: 11 27 29
32: 11 25 26
33: 6 24 26
34: 7 23 36
35: 7 22 24
36: 34 37 44
37: 17 36 45
38: 17 21 46
39: 10 21 48
40: 8 9 47
41: 6 8 43
42: 5 43 44
43: 4 41 42
44: 2 36 42
45: 2 37 46
46: 3 38 45
47: 4 40 48
48: 3 39 47

1: 2 3 4
2: 1 43 44
3: 1 46 47
4: 1 45 48
5: 6 7 33
6: 5 26 32
7: 5 25 31
8: 9 10 24
9: 8 19 21
10: 8 18 20
11: 12 27 42
12: 11 22 32
13: 14 23 31
14: 13 17 41
15: 19 28 40
16: 21 27 28
17: 14 20 29
18: 10 29 30
19: 9 15 30
20: 10 17 23
21: 9 16 22
22: 12 21 26
23: 13 20 25
24: 8 25 26
25: 7 23 24
26: 6 22 24
27: 11 16 39
28: 15 16 38
29: 17 18 37
30: 18 19 36
31: 7 13 35
32: 6 12 34
33: 5 34 35
34: 32 33 46
35: 31 33 47
36: 30 37 43
37: 29 36 44
38: 28 39 48
39: 27 38 45
40: 15 43 48
41: 14 44 47
42: 11 45 46
43: 2 36 40
44: 2 37 41
45: 4 39 42
46: 3 34 42
47: 3 35 41
48: 4 38 40

1: 2 3 4
2: 1 45 48
3: 1 44 46
4: 1 43 47
5: 6 7 42
6: 5 32 35
7: 5 33 34
8: 9 10 31
9: 8 25 30
10: 8 26 29
11: 12 13 24
12: 11 20 39
13: 11 19 21
14: 21 37 38
15: 17 38 41
16: 18 23 27
17: 15 22 28
18: 16 36 40
19: 13 37 39
20: 12 23 36
21: 13 14 22
22: 17 21 26
23: 16 20 25
24: 11 25 26
25: 9 23 24
26: 10 22 24
27: 16 30 35
28: 17 29 34
29: 10 28 33
30: 9 27 32
31: 8 32 33
32: 6 30 31
33: 7 29 31
34: 7 28 41
35: 6 27 40
36: 18 20 46
37: 14 19 48
38: 14 15 47
39: 12 19 45
40: 18 35 44
41: 15 34 43
42: 5 43 44
43: 4 41 42
44: 3 40 42
45: 2 39 46
46: 3 36 45
47: 4 38 48
48: 2 37 47

1: 2 3 4
2: 1 44 45
3: 1 46 48
4: 1 43 47
5: 6 7 42
6: 5 33 34
7: 5 32 35
8: 15 17 38
9: 21 38 41
10: 11 36 37
11: 10 12 13
12: 11 18 23
13: 11 16 17
14: 15 16 22
15: 8 14 21
16: 13 14 18
17: 8 13 37
18: 12 16 20
19: 23 24 36
20: 18 22 26
21: 9 15 25
22: 14 20 25
23: 12 19 27
24: 19 31 39
25: 21 22 28
26: 20 27 29
27: 23 26 30
28: 25 29 33
29: 26 28 34
30: 27 31 35
31: 24 30 32
32: 7 31 40
33: 6 28 41
34: 6 29 35
35: 7 30 34
36: 10 19 46
37: 10 17 48
38: 8 9 47
39: 24 40 45
40: 32 39 44
41: 9 33 43
42: 5 43 44
43: 4 41 42
44: 2 40 42
45: 2 39 46
46: 3 36 45
47: 4 38 48
48: 3 37 47

1: 2 3 4
2: 1 45 46
3: 1 44 48
4: 1 43 47
5: 6 13 17
6: 5 14 24
7: 8 14 16
8: 7 11 17
9: 10 16 19
10: 9 11 20
11: 8 10 12
12: 11 15 21
13: 5 23 33
14: 6 7 32
15: 12 22 29
16: 7 9 28
17: 5 8 29
18: 19 28 42
19: 9 18 31
20: 10 21 31
21: 12 20 30
22: 15 30 41
23: 13 24 27
24: 6 23 26
25: 26 27 40
26: 24 25 37
27: 23 25 36
28: 16 18 35
29: 15 17 34
30: 21 22 38
31: 19 20 39
32: 14 35 37
33: 13 34 36
34: 29 33 44
35: 28 32 43
36: 27 33 48
37: 26 32 47
38: 30 39 46
39: 31 38 45
40: 25 47 48
41: 22 44 46
42: 18 43 45
43: 4 35 42
44: 3 34 41
45: 2 39 42
46: 2 38 41
47: 4 37 40
48: 3 36 40

1: 2 3 4
2: 1 44 45
3: 1 46 48
4: 1 43 47
5: 8 13 18
6: 9 15 17
7: 9 10 18
8: 5 9 12
9: 6 7 8
10: 7 17 24
11: 12 20 26
12: 8 11 22
13: 5 14 20
14: 13 21 34
15: 6 16 22
16: 15 19 33
17: 6 10 19
18: 5 7 21
19: 16 17 30
20: 11 13 28
21: 14 18 29
22: 12 15 32
23: 24 30 42
24: 10 23 29
25: 27 28 41
26: 11 27 31
27: 25 26 40
28: 20 25 37
29: 21 24 36
30: 19 23 35
31: 26 32 39
32: 22 31 38
33: 16 35 38
34: 14 36 37
35: 30 33 43
36: 29 34 44
37: 28 34 45
38: 32 33 47
39: 31 40 48
40: 27 39 46
41: 25 45 46
42: 23 43 44
43: 4 35 42
44: 2 36 42
45: 2 37 41
46: 3 40 41
47: 4 38 48
48: 3 39 47

1: 2 3 4
2: 1 44 45
3: 1 46 47
4: 1 43 48
5: 6 7 42
6: 5 33 35
7: 5 32 34
8: 9 10 31
9: 8 26 30
10: 8 25 29
11: 18 38 39
12: 16 28 36
13: 15 37 38
14: 17 37 40
15: 13 17 18
16: 12 22 39
17: 14 15 20
18: 11 15 21
19: 23 28 30
20: 17 24 27
21: 18 22 24
22: 16 21 23
23: 19 22 26
24: 20 21 25
25: 10 24 26
26: 9 23 25
27: 20 29 35
28: 12 19 34
29: 10 27 33
30: 9 19 32
31: 8 32 33
32: 7 30 31
33: 6 29 31
34: 7 28 41
35: 6 27 40
36: 12 41 48
37: 13 14 45
38: 11 13 46
39: 11 16 47
40: 14 35 44
41: 34 36 43
42: 5 43 44
43: 4 41 42
44: 2 40 42
45: 2 37 46
46: 3 38 45
47: 3 39 48
48: 4 36 47

1: 2 3 4
2: 1 43 48
3: 1 44 46
4: 1 45 47
5: 6 7 34
6: 5 27 32
7: 5 26 33
8: 9 16 42
9: 8 10 29
10: 9 13 18
11: 12 15 30
12: 11 13 17
13: 10 12 14
14: 13 28 29
15: 11 22 31
16: 8 21 32
17: 12 18 23
18: 10 17 21
19: 20 33 41
20: 19 25 31
21: 16 18 24
22: 15 23 25
23: 17 22 24
24: 21 23 27
25: 20 22 26
26: 7 25 27
27: 6 24 26
28: 14 30 40
29: 9 14 39
30: 11 28 38
31: 15 20 37
32: 6 16 36
33: 7 19 35
34: 5 35 36
35: 33 34 46
36: 32 34 44
37: 31 38 43
38: 30 37 48
39: 29 40 45
40: 28 39 47
41: 19 43 46
42: 8 44 45
43: 2 37 41
44: 3 36 42
45: 4 39 42
46: 3 35 41
47: 4 40 48
48: 2 38 47

1: 2 3 4
2: 1 43 48
3: 1 44 47
4: 1 45 46
5: 6 7 34
6: 5 27 33
7: 5 26 32
8: 9 10 25
9: 8 22 24
10: 8 21 23
11: 13 28 41
12: 14 29 42
13: 11 16 33
14: 12 15 32
15: 14 18 24
16: 13 17 23
17: 16 20 28
18: 15 19 29
19: 18 22 31
20: 17 21 30
21: 10 20 22
22: 9 19 21
23: 10 16 27
24: 9 15 26
25: 8 26 27
26: 7 24 25
27: 6 23 25
28: 11 17 39
29: 12 18 40
30: 20 31 38
31: 19 30 37
32: 7 14 36
33: 6 13 35
34: 5 35 36
35: 33 34 46
36: 32 34 45
37: 31 40 48
38: 30 39 47
39: 28 38 44
40: 29 37 43
41: 11 44 46
42: 12 43 45
43: 2 40 42
44: 3 39 41
45: 4 36 42
46: 4 35 41
47: 3 38 48
48: 2 37 47

1: 2 3 4
2: 1 44 48
3: 1 43 47
4: 1 45 46
5: 6 9 15
6: 5 10 14
7: 8 9 20
8: 7 10 21
9: 5 7 18
10: 6 8 19
11: 20 21 40
12: 17 19 32
13: 16 18 33
14: 6 17 23
15: 5 16 22
16: 13 15 27
17: 12 14 26
18: 9 13 31
19: 10 12 30
20: 7 11 31
21: 8 11 30
22: 15 23 29
23: 14 22 28
24: 26 28 42
25: 27 29 41
26: 17 24 35
27: 16 25 34
28: 23 24 39
29: 22 25 38
30: 19 21 37
31: 18 20 36
32: 12 35 37
33: 13 34 36
34: 27 33 44
35: 26 32 43
36: 31 33 48
37: 30 32 47
38: 29 39 46
39: 28 38 45
40: 11 47 48
41: 25 44 46
42: 24 43 45
43: 3 35 42
44: 2 34 41
45: 4 39 42
46: 4 38 41
47: 3 37 40
48: 2 36 40

1: 2 3 4
2: 1 47 48
3: 1 46 48
4: 1 45 47
5: 6 7 10
6: 5 8 9
7: 5 9 11
8: 6 10 12
9: 6 7 14
10: 5 8 13
11: 7 14 16
12: 8 13 15
13: 10 12 20
14: 9 11 19
15: 12 18 20
16: 11 17 19
17: 16 22 24
18: 15 21 23
19: 14 16 22
20: 13 15 21
21: 18 20 28
22: 17 19 27
23: 18 26 28
24: 17 25 27
25: 24 30 32
26: 23 29 31
27: 22 24 30
28: 21 23 29
29: 26 28 36
30: 25 27 35
31: 26 34 36
32: 25 33 35
33: 32 38 40
34: 31 37 39
35: 30 32 38
36: 29 31 37
37: 34 36 44
38: 33 35 43
39: 34 42 44
40: 33 41 43
41: 40 46 48
42: 39 45 47
43: 38 40 46
44: 37 39 45
45: 4 42 44
46: 3 41 43
47: 2 4 42
48: 2 3 41

1: 2 3 4
2: 1 44 47
3: 1 43 48
4: 1 45 46
5: 8 9 10
6: 21 27 29
7: 22 28 30
8: 5 17 18
9: 5 20 22
10: 5 19 21
11: 15 18 24
12: 16 17 23
13: 15 20 26
14: 16 19 25
15: 11 13 42
16: 12 14 41
17: 8 12 36
18: 8 11 35
19: 10 14 38
20: 9 13 37
21: 6 10 39
22: 7 9 40
23: 12 34 37
24: 11 33 38
25: 14 40 42
26: 13 39 41
27: 6 31 35
28: 7 32 36
29: 6 32 34
30: 7 31 33
31: 27 30 48
32: 28 29 47
33: 24 30 46
34: 23 29 45
35: 18 27 44
36: 17 28 43
37: 20 23 48
38: 19 24 47
39: 21 26 46
40: 22 25 45
41: 16 26 44
42: 15 25 43
43: 3 36 42
44: 2 35 41
45: 4 34 40
46: 4 33 39
47: 2 32 38
48: 3 31 37

1: 2 3 4
2: 1 43 44
3: 1 46 48
4: 1 45 47
5: 13 32 33
6: 12 14 15
7: 16 17 31
8: 9 10 30
9: 8 25 42
10: 8 24 41
11: 18 19 40
12: 6 24 25
13: 5 20 21
14: 6 21 22
15: 6 20 23
16: 7 19 22
17: 7 18 23
18: 11 17 29
19: 11 16 28
20: 13 15 29
21: 13 14 28
22: 14 16 26
23: 15 17 27
24: 10 12 27
25: 9 12 26
26: 22 25 37
27: 23 24 36
28: 19 21 39
29: 18 20 38
30: 8 34 35
31: 7 36 37
32: 5 35 39
33: 5 34 38
34: 30 33 48
35: 30 32 47
36: 27 31 44
37: 26 31 43
38: 29 33 46
39: 28 32 45
40: 11 45 46
41: 10 44 48
42: 9 43 47
43: 2 37 42
44: 2 36 41
45: 4 39 40
46: 3 38 40
47: 4 35 42
48: 3 34 41

1: 2 3 4
2: 1 43 45
3: 1 44 47
4: 1 46 48
5: 8 9 10
6: 11 12 13
7: 14 15 16
8: 5 17 23
9: 5 19 26
10: 5 20 28
11: 6 18 25
12: 6 22 27
13: 6 21 24
14: 7 18 19
15: 7 17 22
16: 7 20 21
17: 8 15 39
18: 11 14 37
19: 9 14 38
20: 10 16 40
21: 13 16 42
22: 12 15 41
23: 8 31 37
24: 13 32 38
25: 11 35 39
26: 9 34 42
27: 12 36 40
28: 10 33 41
29: 32 35 36
30: 31 33 34
31: 23 30 44
32: 24 29 43
33: 28 30 45
34: 26 30 46
35: 25 29 48
36: 27 29 47
37: 18 23 43
38: 19 24 44
39: 17 25 45
40: 20 27 46
41: 22 28 48
42: 21 26 47
43: 2 32 37
44: 3 31 38
45: 2 33 39
46: 4 34 40
47: 3 36 42
48: 4 35 41

1: 2 3 4
2: 1 43 44
3: 1 46 48
4: 1 45 47
5: 13 32 33
6: 14 15 31
7: 12 16 17
8: 9 10 30
9: 8 25 42
10: 8 24 41
11: 18 19 40
12: 7 24 25
13: 5 20 21
14: 6 21 22
15: 6 20 23
16: 7 18 22
17: 7 19 23
18: 11 16 29
19: 11 17 28
20: 13 15 28
21: 13 14 29
22: 14 16 26
23: 15 17 27
24: 10 12 27
25: 9 12 26
26: 22 25 37
27: 23 24 36
28: 19 20 39
29: 18 21 38
30: 8 34 35
31: 6 36 37
32: 5 35 39
33: 5 34 38
34: 30 33 48
35: 30 32 47
36: 27 31 44
37: 26 31 43
38: 29 33 46
39: 28 32 45
40: 11 45 46
41: 10 44 48
42: 9 43 47
43: 2 37 42
44: 2 36 41
45: 4 39 40
46: 3 38 40
47: 4 35 42
48: 3 34 41

1: 2 3 4
2: 1 47 48
3: 1 44 46
4: 1 43 45
5: 7 9 11
6: 8 10 12
7: 5 15 29
8: 6 16 30
9: 5 17 32
10: 6 18 33
11: 5 20 22
12: 6 19 21
13: 17 19 22
14: 18 20 21
15: 7 24 42
16: 8 23 41
17: 9 13 26
18: 10 14 25
19: 12 13 23
20: 11 14 24
21: 12 14 26
22: 11 13 25
23: 16 19 28
24: 15 20 27
25: 18 22 28
26: 17 21 27
27: 24 26 39
28: 23 25 38
29: 7 35 37
30: 8 34 36
31: 36 37 40
32: 9 35 39
33: 10 34 38
34: 30 33 44
35: 29 32 43
36: 30 31 48
37: 29 31 47
38: 28 33 46
39: 27 32 45
40: 31 43 44
41: 16 46 48
42: 15 45 47
43: 4 35 40
44: 3 34 40
45: 4 39 42
46: 3 38 41
47: 2 37 42
48: 2 36 41

1: 2 3 4
2: 1 46 48
3: 1 47 48
4: 1 44 45
5: 44 45 48
6: 8 46 47
7: 9 46 47
8: 6 10 11
9: 7 10 11
10: 8 9 12
11: 8 9 13
12: 10 14 15
13: 11 14 15
14: 12 13 16
15: 12 13 17
16: 14 18 19
17: 15 18 19
18: 16 17 20
19: 16 17 21
20: 18 22 23
21: 19 22 23
22: 20 21 24
23: 20 21 25
24: 22 26 27
25: 23 26 27
26: 24 25 28
27: 24 25 29
28: 26 30 31
29: 27 30 31
30: 28 29 32
31: 28 29 33
32: 30 34 35
33: 31 34 35
34: 32 33 36
35: 32 33 37
36: 34 38 39
37: 35 38 39
38: 36 37 40
39: 36 37 41
40: 38 42 43
41: 39 42 43
42: 40 41 44
43: 40 41 45
44: 4 5 42
45: 4 5 43
46: 2 6 7
47: 3 6 7
48: 2 3 5

1: 2 3 4
2: 1 43 44
3: 1 46 48
4: 1 45 47
5: 11 12 31
6: 10 13 14
7: 21 23 41
8: 22 24 42
9: 15 16 40
10: 6 17 18
11: 5 18 20
12: 5 17 19
13: 6 16 22
14: 6 15 21
15: 9 14 27
16: 9 13 28
17: 10 12 30
18: 10 11 29
19: 12 26 33
20: 11 25 32
21: 7 14 30
22: 8 13 29
23: 7 25 27
24: 8 26 28
25: 20 23 35
26: 19 24 34
27: 15 23 39
28: 16 24 38
29: 18 22 37
30: 17 21 36
31: 5 34 35
32: 20 37 39
33: 19 36 38
34: 26 31 43
35: 25 31 44
36: 30 33 48
37: 29 32 47
38: 28 33 46
39: 27 32 45
40: 9 45 46
41: 7 44 48
42: 8 43 47
43: 2 34 42
44: 2 35 41
45: 4 39 40
46: 3 38 40
47: 4 37 42
48: 3 36 41

1: 2 3 4
2: 1 45 48
3: 1 43 47
4: 1 44 46
5: 7 8 41
6: 7 38 40
7: 5 6 31
8: 5 9 10
9: 8 35 38
10: 8 33 34
11: 24 36 37
12: 14 36 39
13: 14 15 37
14: 12 13 28
15: 13 26 27
16: 21 22 23
17: 20 22 25
18: 19 20 23
19: 18 29 32
20: 17 18 30
21: 16 29 30
22: 16 17 27
23: 16 18 26
24: 11 27 28
25: 17 26 28
26: 15 23 25
27: 15 22 24
28: 14 24 25
29: 19 21 34
30: 20 21 33
31: 7 34 35
32: 19 33 35
33: 10 30 32
34: 10 29 31
35: 9 31 32
36: 11 12 45
37: 11 13 48
38: 6 9 47
39: 12 44 48
40: 6 43 46
41: 5 46 47
42: 43 44 45
43: 3 40 42
44: 4 39 42
45: 2 36 42
46: 4 40 41
47: 3 38 41
48: 2 37 39

1: 2 3 4
2: 1 43 44
3: 1 46 47
4: 1 45 48
5: 12 13 32
6: 8 10 31
7: 15 24 40
8: 6 21 23
9: 16 17 42
10: 6 17 18
11: 20 22 41
12: 5 19 20
13: 5 21 22
14: 16 18 19
15: 7 25 33
16: 9 14 27
17: 9 10 29
18: 10 14 30
19: 12 14 28
20: 11 12 30
21: 8 13 29
22: 11 13 26
23: 8 25 26
24: 7 27 28
25: 15 23 36
26: 22 23 34
27: 16 24 35
28: 19 24 39
29: 17 21 38
30: 18 20 37
31: 6 36 37
32: 5 38 39
33: 15 34 35
34: 26 33 48
35: 27 33 45
36: 25 31 43
37: 30 31 44
38: 29 32 46
39: 28 32 47
40: 7 43 47
41: 11 44 48
42: 9 45 46
43: 2 36 40
44: 2 37 41
45: 4 35 42
46: 3 38 42
47: 3 39 40
48: 4 34 41

1: 2 3 4
2: 1 47 48
3: 1 43 45
4: 1 44 46
5: 28 41 42
6: 9 10 22
7: 11 12 27
8: 13 14 16
9: 6 12 14
10: 6 11 13
11: 7 10 18
12: 7 9 17
13: 8 10 20
14: 8 9 19
15: 19 20 34
16: 8 17 18
17: 12 16 24
18: 11 16 23
19: 14 15 26
20: 13 15 25
21: 23 24 39
22: 6 25 26
23: 18 21 32
24: 17 21 31
25: 20 22 30
26: 19 22 29
27: 7 31 32
28: 5 29 30
29: 26 28 36
30: 25 28 35
31: 24 27 38
32: 23 27 37
33: 37 38 40
34: 15 35 36
35: 30 34 48
36: 29 34 47
37: 32 33 46
38: 31 33 45
39: 21 45 46
40: 33 43 44
41: 5 44 48
42: 5 43 47
43: 3 40 42
44: 4 40 41
45: 3 38 39
46: 4 37 39
47: 2 36 42
48: 2 35 41

1: 2 3 4
2: 1 47 48
3: 1 44 45
4: 1 43 46
5: 7 8 32
6: 25 27 29
7: 5 10 23
8: 5 21 22
9: 20 25 30
10: 7 12 30
11: 19 26 31
12: 10 13 14
13: 12 19 28
14: 12 18 20
15: 16 21 23
16: 15 24 26
17: 18 24 28
18: 14 17 21
19: 11 13 23
20: 9 14 22
21: 8 15 18
22: 8 20 29
23: 7 15 19
24: 16 17 42
25: 6 9 41
26: 11 16 36
27: 6 34 40
28: 13 17 39
29: 6 22 38
30: 9 10 37
31: 11 35 39
32: 5 37 38
33: 34 35 36
34: 27 33 45
35: 31 33 43
36: 26 33 44
37: 30 32 48
38: 29 32 47
39: 28 31 46
40: 27 43 47
41: 25 45 48
42: 24 44 46
43: 4 35 40
44: 3 36 42
45: 3 34 41
46: 4 39 42
47: 2 38 40
48: 2 37 41

1: 2 3 4
2: 1 47 48
3: 1 46 48
4: 1 45 47
5: 6 7 8
6: 5 9 10
7: 5 10 11
8: 5 9 12
9: 6 8 14
10: 6 7 13
11: 7 13 15
12: 8 14 16
13: 10 11 20
14: 9 12 19
15: 11 18 20
16: 12 17 19
17: 16 22 24
18: 15 21 23
19: 14 16 22
20: 13 15 21
21: 18 20 28
22: 17 19 27
23: 18 26 28
24: 17 25 27
25: 24 30 32
26: 23 29 31
27: 22 24 30
28: 21 23 29
29: 26 28 36
30: 25 27 35
31: 26 34 36
32: 25 33 35
33: 32 38 40
34: 31 37 39
35: 30 32 38
36: 29 31 37
37: 34 36 44
38: 33 35 43
39: 34 42 44
40: 33 41 43
41: 40 46 48
42: 39 45 47
43: 38 40 46
44: 37 39 45
45: 4 42 44
46: 3 41 43
47: 2 4 42
48: 2 3 41

1: 2 3 4
2: 1 43 45
3: 1 44 47
4: 1 46 48
5: 28 40 42
6: 7 8 22
7: 6 11 15
8: 6 12 14
9: 13 14 27
10: 11 12 13
11: 7 10 18
12: 8 10 20
13: 9 10 19
14: 8 9 17
15: 7 17 19
16: 18 20 34
17: 14 15 23
18: 11 16 24
19: 13 15 26
20: 12 16 25
21: 23 26 39
22: 6 24 25
23: 17 21 29
24: 18 22 30
25: 20 22 32
26: 19 21 31
27: 9 29 31
28: 5 30 32
29: 23 27 35
30: 24 28 36
31: 26 27 38
32: 25 28 37
33: 35 38 41
34: 16 36 37
35: 29 33 45
36: 30 34 46
37: 32 34 48
38: 31 33 47
39: 21 45 47
40: 5 44 48
41: 33 43 44
42: 5 43 46
43: 2 41 42
44: 3 40 41
45: 2 35 39
46: 4 36 42
47: 3 38 39
48: 4 37 40

1: 2 3 4
2: 1 47 48
3: 1 44 46
4: 1 43 45
5: 16 17 22
6: 13 18 19
7: 11 20 29
8: 12 21 30
9: 12 19 33
10: 11 18 32
11: 7 10 15
12: 8 9 14
13: 6 14 15
14: 12 13 17
15: 11 13 16
16: 5 15 26
17: 5 14 25
18: 6 10 24
19: 6 9 23
20: 7 26 42
21: 8 25 41
22: 5 23 24
23: 19 22 28
24: 18 22 27
25: 17 21 28
26: 16 20 27
27: 24 26 39
28: 23 25 38
29: 7 35 37
30: 8 34 36
31: 36 37 40
32: 10 35 39
33: 9 34 38
34: 30 33 44
35: 29 32 43
36: 30 31 48
37: 29 31 47
38: 28 33 46
39: 27 32 45
40: 31 43 44
41: 21 46 48
42: 20 45 47
43: 4 35 40
44: 3 34 40
45: 4 39 42
46: 3 38 41
47: 2 37 42
48: 2 36 41

1: 2 3 4
2: 1 43 48
3: 1 44 47
4: 1 45 46
5: 26 27 28
6: 9 10 13
7: 8 14 15
8: 7 29 30
9: 6 21 24
10: 6 20 25
11: 16 18 22
12: 17 19 23
13: 6 16 17
14: 7 19 21
15: 7 18 20
16: 11 13 38
17: 12 13 37
18: 11 15 41
19: 12 14 42
20: 10 15 40
21: 9 14 39
22: 11 34 36
23: 12 33 35
24: 9 31 36
25: 10 32 35
26: 5 33 34
27: 5 40 42
28: 5 39 41
29: 8 32 38
30: 8 31 37
31: 24 30 48
32: 25 29 47
33: 23 26 43
34: 22 26 44
35: 23 25 46
36: 22 24 45
37: 17 30 44
38: 16 29 43
39: 21 28 46
40: 20 27 45
41: 18 28 48
42: 19 27 47
43: 2 33 38
44: 3 34 37
45: 4 36 40
46: 4 35 39
47: 3 32 42
48: 2 31 41

1: 2 3 4
2: 1 44 48
3: 1 43 47
4: 1 45 46
5: 7 27 29
6: 8 28 30
7: 5 10 11
8: 6 9 11
9: 8 16 32
10: 7 15 31
11: 7 8 14
12: 20 21 42
13: 19 22 41
14: 11 17 18
15: 10 18 20
16: 9 17 19
17: 14 16 23
18: 14 15 24
19: 13 16 26
20: 12 15 25
21: 12 24 26
22: 13 23 25
23: 17 22 38
24: 18 21 37
25: 20 22 40
26: 19 21 39
27: 5 34 35
28: 6 33 36
29: 5 38 40
30: 6 37 39
31: 10 34 36
32: 9 33 35
33: 28 32 44
34: 27 31 43
35: 27 32 48
36: 28 31 47
37: 24 30 47
38: 23 29 48
39: 26 30 46
40: 25 29 45
41: 13 44 46
42: 12 43 45
43: 3 34 42
44: 2 33 41
45: 4 40 42
46: 4 39 41
47: 3 36 37
48: 2 35 38

1: 2 3 4
2: 1 47 48
3: 1 44 46
4: 1 43 45
5: 6 7 42
6: 5 29 31
7: 5 28 30
8: 27 32 33
9: 10 36 41
10: 9 11 20
11: 10 35 37
12: 13 17 22
13: 12 14 39
14: 13 15 18
15: 14 34 36
16: 19 21 22
17: 12 33 38
18: 14 24 35
19: 16 24 37
20: 10 26 40
21: 16 26 38
22: 12 16 25
23: 25 32 34
24: 18 19 29
25: 22 23 31
26: 20 21 30
27: 8 28 29
28: 7 27 39
29: 6 24 27
30: 7 26 41
31: 6 25 40
32: 8 23 48
33: 8 17 47
34: 15 23 46
35: 11 18 48
36: 9 15 45
37: 11 19 44
38: 17 21 43
39: 13 28 45
40: 20 31 46
41: 9 30 47
42: 5 43 44
43: 4 38 42
44: 3 37 42
45: 4 36 39
46: 3 34 40
47: 2 33 41
48: 2 32 35

1: 2 3 4
2: 1 45 46
3: 1 4 48
4: 1 3 47
5: 8 9 16
6: 10 17 47
7: 11 18 48
8: 5 9 13
9: 5 8 12
10: 6 15 47
11: 7 14 48
12: 9 15 19
13: 8 14 20
14: 11 13 20
15: 10 12 19
16: 5 21 22
17: 6 24 26
18: 7 23 25
19: 12 15 34
20: 13 14 33
21: 16 22 28
22: 16 21 27
23: 18 25 30
24: 17 26 29
25: 18 23 31
26: 17 24 32
27: 22 29 36
28: 21 30 35
29: 24 27 36
30: 23 28 35
31: 25 34 37
32: 26 33 38
33: 20 32 38
34: 19 31 37
35: 28 30 40
36: 27 29 39
37: 31 34 42
38: 32 33 41
39: 36 42 43
40: 35 41 44
41: 38 40 44
42: 37 39 43
43: 39 42 46
44: 40 41 45
45: 2 44 46
46: 2 43 45
47: 4 6 10
48: 3 7 11

1: 2 3 4
2: 1 43 48
3: 1 44 47
4: 1 45 46
5: 10 14 41
6: 11 15 42
7: 10 11 13
8: 9 31 32
9: 8 16 17
10: 5 7 29
11: 6 7 28
12: 22 23 30
13: 7 20 21
14: 5 21 25
15: 6 20 24
16: 9 27 29
17: 9 26 28
18: 23 24 27
19: 22 25 26
20: 13 15 38
21: 13 14 37
22: 12 19 40
23: 12 18 39
24: 15 18 36
25: 14 19 35
26: 17 19 34
27: 16 18 33
28: 11 17 40
29: 10 16 39
30: 12 35 36
31: 8 34 38
32: 8 33 37
33: 27 32 43
34: 26 31 44
35: 25 30 48
36: 24 30 47
37: 21 32 48
38: 20 31 47
39: 23 29 46
40: 22 28 45
41: 5 44 46
42: 6 43 45
43: 2 33 42
44: 3 34 41
45: 4 40 42
46: 4 39 41
47: 3 36 38
48: 2 35 37

1: 2 3 4
2: 1 47 48
3: 1 43 46
4: 1 44 45
5: 32 33 42
6: 10 36 40
7: 11 37 41
8: 9 13 35
9: 8 12 34
10: 6 11 13
11: 7 10 12
12: 9 11 17
13: 8 10 16
14: 21 35 37
15: 20 34 36
16: 13 19 25
17: 12 18 24
18: 17 19 22
19: 16 18 23
20: 15 29 39
21: 14 28 38
22: 18 27 39
23: 19 26 38
24: 17 25 28
25: 16 24 29
26: 23 30 41
27: 22 31 40
28: 21 24 30
29: 20 25 31
30: 26 28 33
31: 27 29 32
32: 5 31 48
33: 5 30 47
34: 9 15 46
35: 8 14 45
36: 6 15 44
37: 7 14 43
38: 21 23 48
39: 20 22 47
40: 6 27 46
41: 7 26 45
42: 5 43 44
43: 3 37 42
44: 4 36 42
45: 4 35 41
46: 3 34 40
47: 2 33 39
48: 2 32 38

1: 2 3 4
2: 1 44 48
3: 1 43 47
4: 1 45 46
5: 6 7 16
6: 5 8 15
7: 5 10 21
8: 6 11 22
9: 10 11 14
10: 7 9 12
11: 8 9 13
12: 10 20 30
13: 11 19 29
14: 9 17 18
15: 6 18 20
16: 5 17 19
17: 14 16 23
18: 14 15 24
19: 13 16 28
20: 12 15 27
21: 7 24 26
22: 8 23 25
23: 17 22 32
24: 18 21 31
25: 22 28 36
26: 21 27 35
27: 20 26 38
28: 19 25 37
29: 13 32 33
30: 12 31 34
31: 24 30 48
32: 23 29 47
33: 29 36 45
34: 30 35 46
35: 26 34 44
36: 25 33 43
37: 28 42 47
38: 27 41 48
39: 40 42 44
40: 39 41 43
41: 38 40 46
42: 37 39 45
43: 3 36 40
44: 2 35 39
45: 4 33 42
46: 4 34 41
47: 3 32 37
48: 2 31 38

1: 2 3 4
2: 1 47 48
3: 1 44 46
4: 1 43 45
5: 11 20 28
6: 11 19 27
7: 9 21 29
8: 10 22 30
9: 7 12 23
10: 8 12 24
11: 5 6 12
12: 9 10 11
13: 14 16 40
14: 13 15 39
15: 14 24 34
16: 13 23 33
17: 18 21 38
18: 17 22 37
19: 6 26 40
20: 5 25 39
21: 7 17 41
22: 8 18 42
23: 9 16 36
24: 10 15 35
25: 20 36 42
26: 19 35 41
27: 6 31 38
28: 5 32 37
29: 7 32 34
30: 8 31 33
31: 27 30 44
32: 28 29 43
33: 16 30 48
34: 15 29 47
35: 24 26 46
36: 23 25 45
37: 18 28 46
38: 17 27 45
39: 14 20 44
40: 13 19 43
41: 21 26 48
42: 22 25 47
43: 4 32 40
44: 3 31 39
45: 4 36 38
46: 3 35 37
47: 2 34 42
48: 2 33 41

1: 2 3 4
2: 1 43 45
3: 1 46 48
4: 1 44 47
5: 15 32 33
6: 13 17 31
7: 12 14 16
8: 9 10 30
9: 8 25 42
10: 8 24 41
11: 18 19 40
12: 7 20 22
13: 6 20 21
14: 7 24 25
15: 5 21 22
16: 7 19 23
17: 6 18 23
18: 11 17 29
19: 11 16 28
20: 12 13 27
21: 13 15 29
22: 12 15 28
23: 16 17 26
24: 10 14 27
25: 9 14 26
26: 23 25 38
27: 20 24 36
28: 19 22 39
29: 18 21 37
30: 8 34 35
31: 6 36 38
32: 5 34 37
33: 5 35 39
34: 30 32 48
35: 30 33 44
36: 27 31 43
37: 29 32 46
38: 26 31 45
39: 28 33 47
40: 11 46 47
41: 10 43 48
42: 9 44 45
43: 2 36 41
44: 4 35 42
45: 2 38 42
46: 3 37 40
47: 4 39 40
48: 3 34 41

1: 2 3 4
2: 1 47 48
3: 1 46 48
4: 1 44 45
5: 6 7 48
6: 5 42 43
7: 5 41 43
8: 9 10 43
9: 8 39 40
10: 8 38 40
11: 40 44 45
12: 14 17 45
13: 15 16 44
14: 12 18 41
15: 13 21 42
16: 13 20 42
17: 12 19 41
18: 14 24 25
19: 17 22 23
20: 16 22 23
21: 15 24 25
22: 19 20 27
23: 19 20 26
24: 18 21 29
25: 18 21 28
26: 23 30 33
27: 22 31 32
28: 25 30 33
29: 24 31 32
30: 26 28 34
31: 27 29 37
32: 27 29 36
33: 26 28 35
34: 30 38 46
35: 33 39 47
36: 32 39 47
37: 31 38 46
38: 10 34 37
39: 9 35 36
40: 9 10 11
41: 7 14 17
42: 6 15 16
43: 6 7 8
44: 4 11 13
45: 4 11 12
46: 3 34 37
47: 2 35 36
48: 2 3 5

1: 2 3 4
2: 1 47 48
3: 1 46 48
4: 1 44 45
5: 6 7 48
6: 5 42 43
7: 5 41 43
8: 9 10 43
9: 8 38 40
10: 8 39 40
11: 12 13 40
12: 11 36 37
13: 11 35 37
14: 15 16 37
15: 14 33 34
16: 14 32 34
17: 34 44 45
18: 20 22 42
19: 21 38 46
20: 18 38 46
21: 19 35 41
22: 18 26 44
23: 24 25 45
24: 23 29 36
25: 23 30 36
26: 22 28 42
27: 31 35 41
28: 26 32 47
29: 24 32 47
30: 25 33 39
31: 27 33 39
32: 16 28 29
33: 15 30 31
34: 15 16 17
35: 13 21 27
36: 12 24 25
37: 12 13 14
38: 9 19 20
39: 10 30 31
40: 9 10 11
41: 7 21 27
42: 6 18 26
43: 6 7 8
44: 4 17 22
45: 4 17 23
46: 3 19 20
47: 2 28 29
48: 2 3 5

1: 2 3 4
2: 1 46 48
3: 1 45 48
4: 1 44 47
5: 6 7 48
6: 5 42 43
7: 5 41 43
8: 9 10 43
9: 8 38 40
10: 8 39 40
11: 12 13 40
12: 11 36 37
13: 11 35 37
14: 15 16 37
15: 14 34 47
16: 14 33 34
17: 18 44 47
18: 17 19 35
19: 18 22 23
20: 32 36 42
21: 31 36 42
22: 19 30 35
23: 19 28 29
24: 26 27 44
25: 26 38 45
26: 24 25 41
27: 24 28 41
28: 23 27 46
29: 23 34 46
30: 22 33 39
31: 21 33 39
32: 20 38 45
33: 16 30 31
34: 15 16 29
35: 13 18 22
36: 12 20 21
37: 12 13 14
38: 9 25 32
39: 10 30 31
40: 9 10 11
41: 7 26 27
42: 6 20 21
43: 6 7 8
44: 4 17 24
45: 3 25 32
46: 2 28 29
47: 4 15 17
48: 2 3 5

1: 2 3 4
2: 1 47 48
3: 1 46 48
4: 1 44 45
5: 6 7 48
6: 5 42 43
7: 5 41 43
8: 9 10 43
9: 8 38 40
10: 8 39 40
11: 12 13 40
12: 11 35 37
13: 11 36 37
14: 15 16 37
15: 14 33 34
16: 14 32 34
17: 34 44 45
18: 28 31 47
19: 20 21 31
20: 19 36 45
21: 19 30 36
22: 23 30 39
23: 22 24 35
24: 23 25 41
25: 24 29 38
26: 28 29 42
27: 28 42 44
28: 18 26 27
29: 25 26 46
30: 21 22 33
31: 18 19 32
32: 16 31 47
33: 15 30 39
34: 15 16 17
35: 12 23 41
36: 13 20 21
37: 12 13 14
38: 9 25 46
39: 10 22 33
40: 9 10 11
41: 7 24 35
42: 6 26 27
43: 6 7 8
44: 4 17 27
45: 4 17 20
46: 3 29 38
47: 2 18 32
48: 2 3 5

1: 2 3 4
2: 1 47 48
3: 1 46 48
4: 1 44 45
5: 6 7 48
6: 5 42 43
7: 5 41 43
8: 43 44 45
9: 13 24 47
10: 19 27 30
11: 16 20 46
12: 15 16 46
13: 9 25 26
14: 21 22 23
15: 12 22 23
16: 11 12 24
17: 20 21 28
18: 20 21 26
19: 10 28 29
20: 11 17 18
21: 14 17 18
22: 14 15 27
23: 14 15 45
24: 9 16 31
25: 13 29 32
26: 13 18 32
27: 10 22 33
28: 17 19 34
29: 19 25 34
30: 10 33 44
31: 24 37 47
32: 25 26 40
33: 27 30 39
34: 28 29 38
35: 36 37 40
36: 35 38 39
37: 31 35 41
38: 34 36 42
39: 33 36 42
40: 32 35 41
41: 7 37 40
42: 6 38 39
43: 6 7 8
44: 4 8 30
45: 4 8 23
46: 3 11 12
47: 2 9 31
48: 2 3 5

1: 2 3 4
2: 1 47 48
3: 1 44 46
4: 1 43 45
5: 32 33 42
6: 9 10 14
7: 10 11 13
8: 9 12 13
9: 6 8 37
10: 6 7 36
11: 7 34 38
12: 8 35 39
13: 7 8 17
14: 6 15 16
15: 14 23 25
16: 14 22 24
17: 13 24 25
18: 26 34 41
19: 27 35 40
20: 29 36 39
21: 28 37 38
22: 16 29 40
23: 15 28 41
24: 16 17 26
25: 15 17 27
26: 18 24 31
27: 19 25 30
28: 21 23 31
29: 20 22 30
30: 27 29 33
31: 26 28 32
32: 5 31 48
33: 5 30 47
34: 11 18 45
35: 12 19 46
36: 10 20 46
37: 9 21 45
38: 11 21 44
39: 12 20 43
40: 19 22 48
41: 18 23 47
42: 5 43 44
43: 4 39 42
44: 3 38 42
45: 4 34 37
46: 3 35 36
47: 2 33 41
48: 2 32 40

1: 2 3 4
2: 1 47 48
3: 1 46 48
4: 1 44 45
5: 6 7 48
6: 5 42 43
7: 5 41 43
8: 9 10 43
9: 8 39 40
10: 8 38 40
11: 40 44 45
12: 20 37 42
13: 14 15 37
14: 13 33 34
15: 13 32 34
16: 17 34 46
17: 16 22 41
18: 25 45 47
19: 25 27 47
20: 12 21 32
21: 20 29 30
22: 17 24 33
23: 24 25 33
24: 22 23 31
25: 18 19 23
26: 30 31 36
27: 19 30 31
28: 29 35 36
29: 21 28 32
30: 21 26 27
31: 24 26 27
32: 15 20 29
33: 14 22 23
34: 14 15 16
35: 28 39 44
36: 26 28 39
37: 12 13 38
38: 10 37 42
39: 9 35 36
40: 9 10 11
41: 7 17 46
42: 6 12 38
43: 6 7 8
44: 4 11 35
45: 4 11 18
46: 3 16 41
47: 2 18 19
48: 2 3 5

1: 2 3 4 5 6 7 8 9 10 11 12
2: 1 19 20 21 41 43 44 45 46 47 48
3: 1 22 23 24 40 42 44 45 46 47 48
4: 1 15 29 30 31 42 43 45 46 47 48
5: 1 14 25 26 27 42 43 44 46 47 48
6: 1 16 17 18 28 40 41 44 45 47 48
7: 1 13 35 36 37 40 41 44 45 46 48
8: 1 13 28 32 33 34 39 40 41 44 45
9: 1 14 15 32 33 34 38 42 43 46 47
10: 1 16 19 22 25 29 32 35 36 38 39
11: 1 18 21 24 27 31 34 36 37 38 39
12: 1 17 20 23 26 30 33 35 37 38 39
13: 7 8 14 15 16 17 18 38 42 43 47
14: 5 9 13 28 29 30 31 39 40 41 45
15: 4 9 13 25 26 27 28 39 40 41 44
16: 6 10 13 20 23 24 26 30 33 37 46
17: 6 12 13 21 22 24 27 31 34 36 46
18: 6 11 13 19 22 23 25 29 32 35 46
19: 2 10 18 24 26 27 30 33 37 40 42
20: 2 12 16 22 25 27 31 34 36 40 42
21: 2 11 17 23 25 26 29 32 35 40 42
22: 3 10 17 18 20 26 30 33 37 41 43
23: 3 12 16 18 21 27 31 34 36 41 43
24: 3 11 16 17 19 25 29 32 35 41 43
25: 5 10 15 18 20 21 24 30 33 37 45
26: 5 12 15 16 19 21 22 31 34 36 45
27: 5 11 15 17 19 20 23 29 32 35 45
28: 6 8 14 15 35 36 37 38 42 43 46
29: 4 10 14 18 21 24 27 33 34 37 44
30: 4 12 14 16 19 22 25 32 34 36 44
31: 4 11 14 17 20 23 26 32 33 35 44
32: 8 9 10 18 21 24 27 30 31 37 48
33: 8 9 12 16 19 22 25 29 31 36 48
34: 8 9 11 17 20 23 26 29 30 35 48
35: 7 10 12 18 21 24 27 28 31 34 47
36: 7 10 11 17 20 23 26 28 30 33 47
37: 7 11 12 16 19 22 25 28 29 32 47
38: 9 10 11 12 13 28 40 41 44 45 48
39: 8 10 11 12 14 15 42 43 46 47 48
40: 3 6 7 8 14 15 19 20 21 38 43
41: 2 6 7 8 14 15 22 23 24 38 42
42: 3 4 5 9 13 19 20 21 28 39 41
43: 2 4 5 9 13 22 23 24 28 39 40
44: 2 3 5 6 7 8 15 29 30 31 38
45: 2 3 4 6 7 8 14 25 26 27 38
46: 2 3 4 5 7 9 16 17 18 28 39
47: 2 3 4 5 6 9 13 35 36 37 39
48: 2 3 4 5 6 7 32 33 34 38 39

1: 2 3 4 5 6 7 8 9 10 11 12 13 14
2: 1 15 28 29 33 34 35 36 41 43 44 45 48
3: 1 14 22 24 30 31 32 35 38 42 45 47 48
4: 1 12 22 29 32 33 34 39 40 43 44 46 48
5: 1 10 18 26 28 31 34 38 40 43 46 47 48
6: 1 9 20 24 25 33 36 37 38 39 44 46 48
7: 1 13 17 18 19 20 28 30 32 34 43 44 48
8: 1 11 23 27 30 31 33 35 37 43 44 46 48
9: 1 6 19 23 27 29 32 40 41 42 43 45 47
10: 1 5 16 21 22 27 29 35 36 37 41 42 45
11: 1 8 20 21 34 36 38 39 40 41 42 45 47
12: 1 4 25 26 28 30 35 36 37 41 42 45 47
13: 1 7 23 24 25 26 31 38 39 40 42 46 47
14: 1 3 19 21 25 26 27 33 37 39 41 44 46
15: 2 18 19 20 21 22 27 30 32 37 42 44 46
16: 10 17 19 20 23 24 25 30 32 39 42 44 47
17: 7 16 18 21 22 26 27 31 37 38 40 45 46
18: 5 7 15 17 23 24 25 29 33 35 36 39 41
19: 7 9 14 15 16 22 24 31 33 35 36 38 48
20: 6 7 11 15 16 23 26 27 29 31 33 40 43
21: 10 11 14 15 17 23 24 25 30 31 35 43 47
22: 3 4 10 15 17 19 23 25 26 28 34 41 47
23: 8 9 13 16 18 20 21 22 28 36 37 38 45
24: 3 6 13 16 18 19 21 26 28 34 41 43 45
25: 6 12 13 14 16 18 21 22 29 32 40 45 48
26: 5 12 13 14 17 20 22 24 29 32 35 44 48
27: 8 9 10 14 15 17 20 28 34 36 38 47 48
28: 2 5 7 12 22 23 24 27 29 32 39 40 42
29: 2 4 9 10 18 20 25 26 28 30 37 38 46
30: 3 7 8 12 15 16 21 29 33 34 36 39 40
31: 3 5 8 13 17 19 20 21 32 34 36 39 44
32: 3 4 7 9 15 16 25 26 28 31 33 37 41
33: 2 4 6 8 14 18 19 20 30 32 42 45 47
34: 2 4 5 7 11 22 24 27 30 31 35 37 42
35: 2 3 8 10 12 18 19 21 26 34 39 40 46
36: 2 6 10 11 12 18 19 23 27 30 31 43 46
37: 6 8 10 12 14 15 17 23 29 32 34 40 47
38: 3 5 6 11 13 17 19 23 27 29 41 43 44
39: 4 6 11 13 14 16 18 28 30 31 35 43 45
40: 4 5 9 11 13 17 20 25 28 30 35 37 44
41: 2 9 10 11 12 14 18 22 24 32 38 46 48
42: 3 9 10 11 12 13 15 16 28 33 34 43 48
43: 2 4 5 7 8 9 20 21 24 36 38 39 42
44: 2 4 6 7 8 14 15 16 26 31 38 40 47
45: 2 3 9 10 11 12 17 23 24 25 33 39 46
46: 4 5 6 8 13 14 15 17 29 35 36 41 45
47: 3 5 9 11 12 13 16 21 22 27 33 37 44
48: 2 3 4 5 6 7 8 19 25 26 27 41 42

