1: 2 3 4 5 6
2: 1 47 55 56 57
3: 1 49 58 63 64
4: 1 51 52 59 65
5: 1 50 54 60 66
6: 1 48 53 61 62
7: 10 11 20 35 45
8: 16 20 30 34 43
9: 12 13 33 40 44
10: 7 18 25 33 59
11: 7 19 32 42 56
12: 9 19 29 34 57
13: 9 14 30 39 64
14: 13 15 18 41 56
15: 14 16 17 26 63
16: 8 15 37 38 47
17: 15 22 24 35 48
18: 10 14 27 36 50
19: 11 12 27 38 48
20: 7 8 41 55 58
21: 22 29 37 56 58
22: 17 21 31 52 66
23: 30 31 42 57 59
24: 17 40 43 59 60
25: 10 29 39 61 63
26: 15 28 33 54 55
27: 18 19 31 55 65
28: 26 32 34 61 64
29: 12 21 25 51 54
30: 8 13 23 48 54
31: 22 23 27 49 61
32: 11 28 36 51 60
33: 9 10 26 49 62
34: 8 12 28 50 52
35: 7 17 57 64 65
36: 18 32 53 57 58
37: 16 21 60 62 65
38: 16 19 59 64 66
39: 13 25 52 55 60
40: 9 24 47 58 61
41: 14 20 51 62 66
42: 11 23 50 62 63
43: 8 24 49 53 56
44: 9 53 63 65 66
45: 7 47 52 53 54
46: 47 48 49 50 51
47: 2 16 40 45 46
48: 6 17 19 30 46
49: 3 31 33 43 46
50: 5 18 34 42 46
51: 4 29 32 41 46
52: 4 22 34 39 45
53: 6 36 43 44 45
54: 5 26 29 30 45
55: 2 20 26 27 39
56: 2 11 14 21 43
57: 2 12 23 35 36
58: 3 20 21 36 40
59: 4 10 23 24 38
60: 5 24 32 37 39
61: 6 25 28 31 40
62: 6 33 37 41 42
63: 3 15 25 42 44
64: 3 13 28 35 38
65: 4 27 35 37 44
66: 5 22 38 41 44

1: 2 3 4
2: 1 62 66
3: 1 61 65
4: 1 63 64
5: 16 18 20
6: 17 19 21
7: 16 23 51
8: 17 22 50
9: 15 18 23
10: 14 19 22
11: 15 21 30
12: 14 20 29
13: 27 28 49
14: 10 12 31
15: 9 11 32
16: 5 7 31
17: 6 8 32
18: 5 9 38
19: 6 10 37
20: 5 12 40
21: 6 11 39
22: 8 10 34
23: 7 9 33
24: 41 42 58
25: 38 40 60
26: 37 39 59
27: 13 36 42
28: 13 35 41
29: 12 34 36
30: 11 33 35
31: 14 16 44
32: 15 17 43
33: 23 30 48
34: 22 29 47
35: 28 30 46
36: 27 29 45
37: 19 26 44
38: 18 25 43
39: 21 26 46
40: 20 25 45
41: 24 28 48
42: 24 27 47
43: 32 38 53
44: 31 37 52
45: 36 40 57
46: 35 39 56
47: 34 42 55
48: 33 41 54
49: 13 56 57
50: 8 53 55
51: 7 52 54
52: 44 51 62
53: 43 50 61
54: 48 51 66
55: 47 50 65
56: 46 49 64
57: 45 49 63
58: 24 65 66
59: 26 62 64
60: 25 61 63
61: 3 53 60
62: 2 52 59
63: 4 57 60
64: 4 56 59
65: 3 55 58
66: 2 54 58

1: 2 3 4
2: 1 62 66
3: 1 61 65
4: 1 63 64
5: 7 9 11
6: 8 10 12
7: 5 15 42
8: 6 16 41
9: 5 17 29
10: 6 18 30
11: 5 12 14
12: 6 11 13
13: 12 28 32
14: 11 27 31
15: 7 18 24
16: 8 17 23
17: 9 16 26
18: 10 15 25
19: 20 26 27
20: 19 25 28
21: 38 46 47
22: 37 45 48
23: 16 40 43
24: 15 39 44
25: 18 20 36
26: 17 19 35
27: 14 19 39
28: 13 20 40
29: 9 33 36
30: 10 34 35
31: 14 34 38
32: 13 33 37
33: 29 32 59
34: 30 31 60
35: 26 30 54
36: 25 29 53
37: 22 32 58
38: 21 31 57
39: 24 27 56
40: 23 28 55
41: 8 53 58
42: 7 54 57
43: 23 52 59
44: 24 51 60
45: 22 50 55
46: 21 49 56
47: 21 50 52
48: 22 49 51
49: 46 48 66
50: 45 47 65
51: 44 48 64
52: 43 47 63
53: 36 41 62
54: 35 42 61
55: 40 45 62
56: 39 46 61
57: 38 42 64
58: 37 41 63
59: 33 43 66
60: 34 44 65
61: 3 54 56
62: 2 53 55
63: 4 52 58
64: 4 51 57
65: 3 50 60
66: 2 49 59

1: 2 3 4
2: 1 63 64
3: 1 61 65
4: 1 62 66
5: 46 59 60
6: 9 10 22
7: 11 12 27
8: 13 14 16
9: 6 12 14
10: 6 11 13
11: 7 10 18
12: 7 9 17
13: 8 10 20
14: 8 9 19
15: 19 20 34
16: 8 17 18
17: 12 16 24
18: 11 16 23
19: 14 15 26
20: 13 15 25
21: 23 24 39
22: 6 25 26
23: 18 21 30
24: 17 21 29
25: 20 22 32
26: 19 22 31
27: 7 29 30
28: 31 32 45
29: 24 27 38
30: 23 27 37
31: 26 28 36
32: 25 28 35
33: 37 38 52
34: 15 35 36
35: 32 34 42
36: 31 34 41
37: 30 33 44
38: 29 33 43
39: 21 43 44
40: 41 42 57
41: 36 40 50
42: 35 40 49
43: 38 39 48
44: 37 39 47
45: 28 49 50
46: 5 47 48
47: 44 46 54
48: 43 46 53
49: 42 45 56
50: 41 45 55
51: 55 56 58
52: 33 53 54
53: 48 52 64
54: 47 52 63
55: 50 51 66
56: 49 51 65
57: 40 65 66
58: 51 61 62
59: 5 61 64
60: 5 62 63
61: 3 58 59
62: 4 58 60
63: 2 54 60
64: 2 53 59
65: 3 56 57
66: 4 55 57

1: 2 3 4
2: 1 61 62
3: 1 64 66
4: 1 63 65
5: 9 12 15
6: 11 15 41
7: 12 13 18
8: 9 17 19
9: 5 8 10
10: 9 13 14
11: 6 25 49
12: 5 7 25
13: 7 10 26
14: 10 28 32
15: 5 6 27
16: 26 29 50
17: 8 22 27
18: 7 23 29
19: 8 24 28
20: 22 23 24
21: 33 42 58
22: 17 20 38
23: 18 20 40
24: 19 20 39
25: 11 12 40
26: 13 16 37
27: 15 17 36
28: 14 19 35
29: 16 18 39
30: 34 35 60
31: 36 38 59
32: 14 34 37
33: 21 43 51
34: 30 32 45
35: 28 30 48
36: 27 31 46
37: 26 32 44
38: 22 31 47
39: 24 29 48
40: 23 25 47
41: 6 43 46
42: 21 44 45
43: 33 41 54
44: 37 42 57
45: 34 42 52
46: 36 41 53
47: 38 40 55
48: 35 39 56
49: 11 54 55
50: 16 56 57
51: 33 52 53
52: 45 51 64
53: 46 51 66
54: 43 49 61
55: 47 49 62
56: 48 50 63
57: 44 50 65
58: 21 61 65
59: 31 62 66
60: 30 63 64
61: 2 54 58
62: 2 55 59
63: 4 56 60
64: 3 52 60
65: 4 57 58
66: 3 53 59

1: 2 3 4
2: 1 63 64
3: 1 62 66
4: 1 61 65
5: 7 9 22
6: 45 57 58
7: 5 13 15
8: 11 14 27
9: 5 12 14
10: 11 12 13
11: 8 10 18
12: 9 10 20
13: 7 10 19
14: 8 9 17
15: 7 17 18
16: 19 20 34
17: 14 15 23
18: 11 15 24
19: 13 16 26
20: 12 16 25
21: 23 24 39
22: 5 25 26
23: 17 21 29
24: 18 21 30
25: 20 22 32
26: 19 22 31
27: 8 29 30
28: 31 32 46
29: 23 27 35
30: 24 27 36
31: 26 28 38
32: 25 28 37
33: 35 36 51
34: 16 37 38
35: 29 33 41
36: 30 33 42
37: 32 34 44
38: 31 34 43
39: 21 41 42
40: 43 44 59
41: 35 39 47
42: 36 39 48
43: 38 40 50
44: 37 40 49
45: 6 47 48
46: 28 49 50
47: 41 45 53
48: 42 45 54
49: 44 46 56
50: 43 46 55
51: 33 53 54
52: 55 56 60
53: 47 51 63
54: 48 51 64
55: 50 52 66
56: 49 52 65
57: 6 61 63
58: 6 62 64
59: 40 65 66
60: 52 61 62
61: 4 57 60
62: 3 58 60
63: 2 53 57
64: 2 54 58
65: 4 56 59
66: 3 55 59

1: 2 3 4
2: 1 63 66
3: 1 61 65
4: 1 62 64
5: 7 8 59
6: 7 56 58
7: 5 6 50
8: 5 9 10
9: 8 53 56
10: 8 51 52
11: 42 54 55
12: 14 54 57
13: 14 15 55
14: 12 13 46
15: 13 44 45
16: 17 18 39
17: 16 34 36
18: 16 33 35
19: 22 40 43
20: 22 26 41
21: 25 40 41
22: 19 20 23
23: 22 24 25
24: 23 27 29
25: 21 23 28
26: 20 27 28
27: 24 26 32
28: 25 26 30
29: 24 30 31
30: 28 29 35
31: 29 33 36
32: 27 35 36
33: 18 31 38
34: 17 37 38
35: 18 30 32
36: 17 31 32
37: 34 48 49
38: 33 34 47
39: 16 47 48
40: 19 21 45
41: 20 21 44
42: 11 45 46
43: 19 44 46
44: 15 41 43
45: 15 40 42
46: 14 42 43
47: 38 39 52
48: 37 39 51
49: 37 52 53
50: 7 51 53
51: 10 48 50
52: 10 47 49
53: 9 49 50
54: 11 12 63
55: 11 13 66
56: 6 9 65
57: 12 62 66
58: 6 61 64
59: 5 64 65
60: 61 62 63
61: 3 58 60
62: 4 57 60
63: 2 54 60
64: 4 58 59
65: 3 56 59
66: 2 55 57

1: 2 3 4
2: 1 65 66
3: 1 62 63
4: 1 61 64
5: 7 8 50
6: 43 45 47
7: 5 10 41
8: 5 39 40
9: 38 43 48
10: 7 12 48
11: 21 44 49
12: 10 13 14
13: 12 36 38
14: 12 35 37
15: 16 17 34
16: 15 29 31
17: 15 28 30
18: 19 20 27
19: 18 42 46
20: 18 23 24
21: 11 25 26
22: 23 42 44
23: 20 22 26
24: 20 32 33
25: 21 28 46
26: 21 23 30
27: 18 28 29
28: 17 25 27
29: 16 27 32
30: 17 26 33
31: 16 40 41
32: 24 29 37
33: 24 30 35
34: 15 35 36
35: 14 33 34
36: 13 34 40
37: 14 32 41
38: 9 13 39
39: 8 38 47
40: 8 31 36
41: 7 31 37
42: 19 22 60
43: 6 9 59
44: 11 22 54
45: 6 52 58
46: 19 25 57
47: 6 39 56
48: 9 10 55
49: 11 53 57
50: 5 55 56
51: 52 53 54
52: 45 51 63
53: 49 51 61
54: 44 51 62
55: 48 50 66
56: 47 50 65
57: 46 49 64
58: 45 61 65
59: 43 63 66
60: 42 62 64
61: 4 53 58
62: 3 54 60
63: 3 52 59
64: 4 57 60
65: 2 56 58
66: 2 55 59

1: 2 3 4
2: 1 65 66
3: 1 64 66
4: 1 63 65
5: 6 8 9
6: 5 7 10
7: 6 8 14
8: 5 7 13
9: 5 11 13
10: 6 12 14
11: 9 16 18
12: 10 15 17
13: 8 9 16
14: 7 10 15
15: 12 14 22
16: 11 13 21
17: 12 20 22
18: 11 19 21
19: 18 24 26
20: 17 23 25
21: 16 18 24
22: 15 17 23
23: 20 22 30
24: 19 21 29
25: 20 28 30
26: 19 27 29
27: 26 32 34
28: 25 31 33
29: 24 26 32
30: 23 25 31
31: 28 30 38
32: 27 29 37
33: 28 36 38
34: 27 35 37
35: 34 40 42
36: 33 39 41
37: 32 34 40
38: 31 33 39
39: 36 38 46
40: 35 37 45
41: 36 44 46
42: 35 43 45
43: 42 48 50
44: 41 47 49
45: 40 42 48
46: 39 41 47
47: 44 46 54
48: 43 45 53
49: 44 52 54
50: 43 51 53
51: 50 56 58
52: 49 55 57
53: 48 50 56
54: 47 49 55
55: 52 54 62
56: 51 53 61
57: 52 60 62
58: 51 59 61
59: 58 64 66
60: 57 63 65
61: 56 58 64
62: 55 57 63
63: 4 60 62
64: 3 59 61
65: 2 4 60
66: 2 3 59

1: 2 3 4
2: 1 61 62
3: 1 64 66
4: 1 63 65
5: 29 30 51
6: 9 11 15
7: 10 11 14
8: 16 22 49
9: 6 21 27
10: 7 17 24
11: 6 7 19
12: 19 20 50
13: 17 18 23
14: 7 18 21
15: 6 16 20
16: 8 15 39
17: 10 13 40
18: 13 14 37
19: 11 12 41
20: 12 15 42
21: 9 14 38
22: 8 32 42
23: 13 31 32
24: 10 33 41
25: 37 38 60
26: 34 36 58
27: 9 35 39
28: 31 40 59
29: 5 33 36
30: 5 34 35
31: 23 28 43
32: 22 23 46
33: 24 29 48
34: 26 30 45
35: 27 30 47
36: 26 29 44
37: 18 25 46
38: 21 25 47
39: 16 27 45
40: 17 28 48
41: 19 24 44
42: 20 22 43
43: 31 42 54
44: 36 41 55
45: 34 39 57
46: 32 37 56
47: 35 38 52
48: 33 40 53
49: 8 56 57
50: 12 54 55
51: 5 52 53
52: 47 51 64
53: 48 51 66
54: 43 50 62
55: 44 50 61
56: 46 49 63
57: 45 49 65
58: 26 61 65
59: 28 62 66
60: 25 63 64
61: 2 55 58
62: 2 54 59
63: 4 56 60
64: 3 52 60
65: 4 57 58
66: 3 53 59

1: 2 3 4
2: 1 65 66
3: 1 64 66
4: 1 63 65
5: 7 8 9
6: 7 8 10
7: 5 6 14
8: 5 6 13
9: 5 11 13
10: 6 12 14
11: 9 16 18
12: 10 15 17
13: 8 9 16
14: 7 10 15
15: 12 14 22
16: 11 13 21
17: 12 20 22
18: 11 19 21
19: 18 24 26
20: 17 23 25
21: 16 18 24
22: 15 17 23
23: 20 22 30
24: 19 21 29
25: 20 28 30
26: 19 27 29
27: 26 32 34
28: 25 31 33
29: 24 26 32
30: 23 25 31
31: 28 30 38
32: 27 29 37
33: 28 36 38
34: 27 35 37
35: 34 40 42
36: 33 39 41
37: 32 34 40
38: 31 33 39
39: 36 38 46
40: 35 37 45
41: 36 44 46
42: 35 43 45
43: 42 48 50
44: 41 47 49
45: 40 42 48
46: 39 41 47
47: 44 46 54
48: 43 45 53
49: 44 52 54
50: 43 51 53
51: 50 56 58
52: 49 55 57
53: 48 50 56
54: 47 49 55
55: 52 54 62
56: 51 53 61
57: 52 60 62
58: 51 59 61
59: 58 64 66
60: 57 63 65
61: 56 58 64
62: 55 57 63
63: 4 60 62
64: 3 59 61
65: 2 4 60
66: 2 3 59

1: 2 3 4
2: 1 61 62
3: 1 63 66
4: 1 64 65
5: 32 42 58
6: 30 32 37
7: 34 35 60
8: 28 31 33
9: 29 30 33
10: 11 12 27
11: 10 22 40
12: 10 21 41
13: 14 25 26
14: 13 15 39
15: 14 16 19
16: 15 17 34
17: 16 23 24
18: 37 38 59
19: 15 22 35
20: 21 36 40
21: 12 20 51
22: 11 19 26
23: 17 28 41
24: 17 31 39
25: 13 30 38
26: 13 22 29
27: 10 28 29
28: 8 23 27
29: 9 26 27
30: 6 9 25
31: 8 24 49
32: 5 6 45
33: 8 9 45
34: 7 16 46
35: 7 19 47
36: 20 43 50
37: 6 18 44
38: 18 25 48
39: 14 24 48
40: 11 20 47
41: 12 23 46
42: 5 43 44
43: 36 42 55
44: 37 42 56
45: 32 33 52
46: 34 41 54
47: 35 40 57
48: 38 39 53
49: 31 52 53
50: 36 56 57
51: 21 54 55
52: 45 49 61
53: 48 49 62
54: 46 51 64
55: 43 51 65
56: 44 50 66
57: 47 50 63
58: 5 61 65
59: 18 62 66
60: 7 63 64
61: 2 52 58
62: 2 53 59
63: 3 57 60
64: 4 54 60
65: 4 55 58
66: 3 56 59

