1: 2 3 4 5 6 7
2: 1 15 16 24 25 26 32
3: 1 10 17 22 24 27 28
4: 1 11 18 23 25 26 31
5: 1 12 19 22 23 27 29
6: 1 13 20 23 25 27 30
7: 1 14 21 22 24 26 33
8: 9 16 17 21 29 30 31
9: 8 18 19 20 28 32 33
10: 3 16 18 19 23 29 32
11: 4 16 17 19 24 29 32
12: 5 16 20 21 25 30 33
13: 6 17 18 21 26 28 31
14: 7 17 18 20 27 28 31
15: 2 19 20 21 22 30 33
16: 2 8 10 11 12 22 28
17: 3 8 11 13 14 23 33
18: 4 9 10 13 14 24 30
19: 5 9 10 11 15 25 31
20: 6 9 12 14 15 26 29
21: 7 8 12 13 15 27 32
22: 3 5 7 15 16 25 32
23: 4 5 6 10 17 24 28
24: 2 3 7 11 18 23 31
25: 2 4 6 12 19 22 29
26: 2 4 7 13 20 27 30
27: 3 5 6 14 21 26 33
28: 3 9 13 14 16 23 29 30
29: 5 8 10 11 20 25 28 33
30: 6 8 12 15 18 26 28 32
31: 4 8 13 14 19 24 32 33
32: 2 9 10 11 21 22 30 31
33: 7 9 12 15 17 27 29 31

1: 2 3 4 5 6 7
2: 1 15 16 24 25 27 32
3: 1 10 17 22 24 26 28
4: 1 11 18 23 25 27 31
5: 1 12 19 22 23 26 29
6: 1 13 20 23 25 26 33
7: 1 14 21 22 24 27 30
8: 9 16 17 20 29 30 31
9: 8 18 19 21 28 32 33
10: 3 16 18 19 23 29 32
11: 4 16 17 19 24 29 32
12: 5 16 20 21 25 30 33
13: 6 17 18 21 27 28 31
14: 7 17 18 20 26 28 31
15: 2 19 20 21 22 30 33
16: 2 8 10 11 12 22 28
17: 3 8 11 13 14 23 33
18: 4 9 10 13 14 24 30
19: 5 9 10 11 15 25 31
20: 6 8 12 14 15 27 32
21: 7 9 12 13 15 26 29
22: 3 5 7 15 16 25 32
23: 4 5 6 10 17 24 28
24: 2 3 7 11 18 23 31
25: 2 4 6 12 19 22 29
26: 3 5 6 14 21 27 30
27: 2 4 7 13 20 26 33
28: 3 9 13 14 16 23 29 30
29: 5 8 10 11 21 25 28 33
30: 7 8 12 15 18 26 28 32
31: 4 8 13 14 19 24 32 33
32: 2 9 10 11 20 22 30 31
33: 6 9 12 15 17 27 29 31

1: 2 3 4 5 6 7
2: 1 15 16 24 25 26 32
3: 1 10 17 22 24 26 28
4: 1 11 18 23 25 27 31
5: 1 12 19 22 23 27 29
6: 1 13 20 22 23 26 33
7: 1 14 21 24 25 27 30
8: 9 16 17 20 29 30 31
9: 8 18 19 21 28 32 33
10: 3 16 18 19 23 29 32
11: 4 16 17 19 24 29 32
12: 5 16 20 21 25 30 33
13: 6 17 18 21 27 28 31
14: 7 17 18 20 26 28 31
15: 2 19 20 21 22 30 33
16: 2 8 10 11 12 22 28
17: 3 8 11 13 14 23 33
18: 4 9 10 13 14 24 30
19: 5 9 10 11 15 25 31
20: 6 8 12 14 15 27 32
21: 7 9 12 13 15 26 29
22: 3 5 6 15 16 25 32
23: 4 5 6 10 17 24 28
24: 2 3 7 11 18 23 31
25: 2 4 7 12 19 22 29
26: 2 3 6 14 21 27 30
27: 4 5 7 13 20 26 33
28: 3 9 13 14 16 23 29 30
29: 5 8 10 11 21 25 28 33
30: 7 8 12 15 18 26 28 32
31: 4 8 13 14 19 24 32 33
32: 2 9 10 11 20 22 30 31
33: 6 9 12 15 17 27 29 31

1: 14 15 22 23 24 25
2: 3 17 18 21 23 24
3: 2 16 19 20 22 25
4: 11 12 19 20 21 28 33
5: 10 13 18 20 21 29 32
6: 7 9 10 15 22 24 33
7: 6 8 11 14 23 25 32
8: 7 10 15 16 17 18 19
9: 6 11 14 16 17 18 19
10: 5 6 8 14 26 27 28
11: 4 7 9 15 26 27 29
12: 4 13 15 23 25 27 31
13: 5 12 14 22 24 26 30
14: 1 7 9 10 13 31 33
15: 1 6 8 11 12 30 32
16: 3 8 9 21 24 28 33
17: 2 8 9 20 25 29 32
18: 2 5 8 9 28 31 33
19: 3 4 8 9 29 30 32
20: 3 4 5 17 23 30 31
21: 2 4 5 16 22 30 31
22: 1 3 6 13 21 27 28
23: 1 2 7 12 20 26 29
24: 1 2 6 13 16 27 31
25: 1 3 7 12 17 26 30
26: 10 11 13 23 25 31 32 33
27: 10 11 12 22 24 30 32 33
28: 4 10 16 18 22 29 30 32
29: 5 11 17 19 23 28 31 33
30: 13 15 19 20 21 25 27 28
31: 12 14 18 20 21 24 26 29
32: 5 7 15 17 19 26 27 28
33: 4 6 14 16 18 26 27 29

1: 2 3 4 5 6 7
2: 1 15 16 23 25 26 32
3: 1 10 17 24 25 27 28
4: 1 11 18 22 23 26 31
5: 1 13 20 23 25 27 30
6: 1 12 19 22 24 27 29
7: 1 14 21 22 24 26 33
8: 9 16 17 21 29 30 31
9: 8 18 19 20 28 32 33
10: 3 16 18 19 23 29 32
11: 4 16 17 19 24 29 32
12: 6 16 20 21 25 30 33
13: 5 17 18 21 26 28 31
14: 7 17 18 20 27 28 31
15: 2 19 20 21 22 30 33
16: 2 8 10 11 12 22 28
17: 3 8 11 13 14 23 33
18: 4 9 10 13 14 24 30
19: 6 9 10 11 15 25 31
20: 5 9 12 14 15 26 29
21: 7 8 12 13 15 27 32
22: 4 6 7 15 16 25 32
23: 2 4 5 10 17 24 28
24: 3 6 7 11 18 23 31
25: 2 3 5 12 19 22 29
26: 2 4 7 13 20 27 30
27: 3 5 6 14 21 26 33
28: 3 9 13 14 16 23 29 30
29: 6 8 10 11 20 25 28 33
30: 5 8 12 15 18 26 28 32
31: 4 8 13 14 19 24 32 33
32: 2 9 10 11 21 22 30 31
33: 7 9 12 15 17 27 29 31

1: 14 25 30
2: 19 25 29
3: 23 26 27
4: 16 26 27
5: 17 26 28
6: 14 25 32
7: 18 28 33
8: 21 23 31
9: 17 23 31
10: 22 24 25
11: 22 24 29
12: 19 20 30
13: 18 21 27
14: 1 6 30 32
15: 26 28 30 32
16: 4 27 32 33
17: 5 9 28 31
18: 7 13 31 33
19: 2 12 29 30
20: 12 28 29 33
21: 8 13 27 31
22: 10 11 25 29
23: 3 8 9 26
24: 10 11 32 33
25: 1 2 6 10 22
26: 3 4 5 15 23
27: 3 4 13 16 21
28: 5 7 15 17 20
29: 2 11 19 20 22
30: 1 12 14 15 19
31: 8 9 17 18 21
32: 6 14 15 16 24
33: 7 16 18 20 24

1: 20 25 26
2: 24 27 29
3: 21 26 29
4: 18 25 27
5: 17 26 29
6: 20 27 31
7: 23 28 32
8: 14 22 30
9: 15 19 30
10: 14 22 28
11: 19 23 28
12: 17 18 25
13: 15 19 33
14: 8 10 28 30
15: 9 13 30 33
16: 27 30 31 33
17: 5 12 25 26
18: 4 12 27 29
19: 9 11 13 28
20: 1 6 25 31
21: 3 26 31 32
22: 8 10 31 32
23: 7 11 32 33
24: 2 29 32 33
25: 1 4 12 17 20
26: 1 3 5 17 21
27: 2 4 6 16 18
28: 7 10 11 14 19
29: 2 3 5 18 24
30: 8 9 14 15 16
31: 6 16 20 21 22
32: 7 21 22 23 24
33: 13 15 16 23 24

1: 18 28 33
2: 27 30 32
3: 23 29 30
4: 24 30 32
5: 17 20 33
6: 20 27 29
7: 20 22 29
8: 19 25 28
9: 21 26 28
10: 22 23 31
11: 22 25 31
12: 17 18 32
13: 21 26 31
14: 19 20 25
15: 21 23 24
16: 18 21 24
17: 5 12 32 33
18: 1 12 16 33
19: 8 14 28 33
20: 5 6 7 14
21: 9 13 15 16
22: 7 10 11 29
23: 3 10 15 30
24: 4 15 16 32
25: 8 11 14 31
26: 9 13 28 31
27: 2 6 29 30
28: 1 8 9 19 26
29: 3 6 7 22 27
30: 2 3 4 23 27
31: 10 11 13 25 26
32: 2 4 12 17 24
33: 1 5 17 18 19

1: 27 30 32
2: 27 31 33
3: 25 28 32
4: 26 29 33
5: 19 24 32
6: 20 23 33
7: 17 21 32
8: 18 22 33
9: 19 24 31
10: 20 23 30
11: 18 22 31
12: 17 21 30
13: 18 26 28
14: 17 25 29
15: 17 23 29
16: 18 24 28
17: 7 12 14 15
18: 8 11 13 16
19: 5 9 31 32
20: 6 10 30 33
21: 7 12 30 32
22: 8 11 31 33
23: 6 10 15 29
24: 5 9 16 28
25: 3 14 29 32
26: 4 13 28 33
27: 1 2 30 31
28: 3 13 16 24 26
29: 4 14 15 23 25
30: 1 10 12 20 21 27
31: 2 9 11 19 22 27
32: 1 3 5 7 19 21 25
33: 2 4 6 8 20 22 26

1: 27 30 31
2: 28 29 31
3: 17 30 31
4: 18 29 31
5: 17 28 32
6: 18 27 33
7: 19 26 32
8: 20 25 33
9: 19 26 28
10: 20 25 27
11: 24 25 26
12: 23 25 26
13: 21 24 32
14: 22 23 33
15: 22 23 29
16: 21 24 30
17: 3 5 30 32
18: 4 6 29 33
19: 7 9 28 32
20: 8 10 27 33
21: 13 16 30 32
22: 14 15 29 33
23: 12 14 15 26
24: 11 13 16 25
25: 8 10 11 12 24
26: 7 9 11 12 23
27: 1 6 10 20 31
28: 2 5 9 19 31
29: 2 4 15 18 22
30: 1 3 16 17 21
31: 1 2 3 4 27 28
32: 5 7 13 17 19 21
33: 6 8 14 18 20 22

1: 2 3 4 5 6 7 8 9 12 13 14 15 16 17 18 19 20 21 22 23
2: 1 3 4 6 7 8 9 10 14 15 16 17 18 19 20 21 24 25 32 33
3: 1 2 5 6 7 8 9 11 12 13 16 17 18 19 22 23 24 25 30 31
4: 1 2 5 6 8 9 10 11 12 13 16 17 20 21 26 27 28 29 30 31
5: 1 3 4 7 8 9 10 11 14 15 18 19 22 23 26 27 28 29 32 33
6: 1 2 3 4 7 9 10 11 12 13 14 15 20 21 24 25 28 29 32 33
7: 1 2 3 5 6 8 10 11 12 13 14 15 22 23 24 25 26 27 30 31
8: 1 2 3 4 5 7 10 11 14 15 18 19 24 25 26 27 28 29 30 31
9: 1 2 3 4 5 6 10 11 12 13 16 17 24 25 26 27 28 29 32 33
10: 2 4 5 6 7 8 9 11 16 17 20 21 22 23 26 27 30 31 32 33
11: 3 4 5 6 7 8 9 10 18 19 20 21 22 23 28 29 30 31 32 33
12: 1 3 4 6 7 9 14 15 16 17 20 21 22 23 24 25 26 27 28 29 30 31
13: 1 3 4 6 7 9 14 15 16 17 20 21 22 23 24 25 26 27 28 29 30 31
14: 1 2 5 6 7 8 12 13 18 19 20 21 22 23 24 25 26 27 28 29 32 33
15: 1 2 5 6 7 8 12 13 18 19 20 21 22 23 24 25 26 27 28 29 32 33
16: 1 2 3 4 9 10 12 13 18 19 20 21 22 23 24 25 26 27 30 31 32 33
17: 1 2 3 4 9 10 12 13 18 19 20 21 22 23 24 25 26 27 30 31 32 33
18: 1 2 3 5 8 11 14 15 16 17 20 21 22 23 24 25 28 29 30 31 32 33
19: 1 2 3 5 8 11 14 15 16 17 20 21 22 23 24 25 28 29 30 31 32 33
20: 1 2 4 6 10 11 12 13 14 15 16 17 18 19 22 23 28 29 30 31 32 33
21: 1 2 4 6 10 11 12 13 14 15 16 17 18 19 22 23 28 29 30 31 32 33
22: 1 3 5 7 10 11 12 13 14 15 16 17 18 19 20 21 26 27 30 31 32 33
23: 1 3 5 7 10 11 12 13 14 15 16 17 18 19 20 21 26 27 30 31 32 33
24: 2 3 6 7 8 9 12 13 14 15 16 17 18 19 26 27 28 29 30 31 32 33
25: 2 3 6 7 8 9 12 13 14 15 16 17 18 19 26 27 28 29 30 31 32 33
26: 4 5 7 8 9 10 12 13 14 15 16 17 22 23 24 25 28 29 30 31 32 33
27: 4 5 7 8 9 10 12 13 14 15 16 17 22 23 24 25 28 29 30 31 32 33
28: 4 5 6 8 9 11 12 13 14 15 18 19 20 21 24 25 26 27 30 31 32 33
29: 4 5 6 8 9 11 12 13 14 15 18 19 20 21 24 25 26 27 30 31 32 33
30: 3 4 7 8 10 11 12 13 16 17 18 19 20 21 22 23 24 25 26 27 28 29
31: 3 4 7 8 10 11 12 13 16 17 18 19 20 21 22 23 24 25 26 27 28 29
32: 2 5 6 9 10 11 14 15 16 17 18 19 20 21 22 23 24 25 26 27 28 29
33: 2 5 6 9 10 11 14 15 16 17 18 19 20 21 22 23 24 25 26 27 28 29

