1: 2 3 4 5 6 7 8 9 10 11 12 13 14 15 16 17 18 19 20 21
2: 1 3 4 5 6 7 8 22 23 24 25 26 42 43 44 45 46 47 48 49
3: 1 2 12 14 18 20 21 23 33 34 36 40 43 44 47 48 54 58 59 61
4: 1 2 13 16 17 19 20 24 30 32 38 41 42 45 46 49 51 57 58 61
5: 1 2 10 15 16 17 21 25 34 36 39 41 44 45 46 48 50 53 56 61
6: 1 2 13 15 17 20 21 26 31 33 37 40 44 46 47 49 53 55 57 60
7: 1 2 11 12 18 19 20 26 35 37 38 41 43 47 48 49 51 52 56 60
8: 1 2 14 16 18 19 21 25 29 32 35 39 42 45 48 49 52 54 55 59
9: 1 13 14 16 19 20 21 22 23 27 28 31 42 44 50 52 54 57 58 60
10: 1 5 11 12 14 19 20 24 27 30 31 36 45 47 50 51 53 56 58 59
11: 1 7 10 13 15 16 21 22 27 29 33 35 43 45 51 53 54 55 56 60
12: 1 3 7 10 13 16 17 23 25 28 30 38 42 43 47 50 56 59 60 61
13: 1 4 6 9 11 12 18 28 34 35 40 41 42 43 53 55 57 58 60 61
14: 1 3 8 9 10 15 17 31 34 37 38 39 46 47 50 52 54 55 58 59
15: 1 5 6 11 14 18 19 22 25 28 32 37 43 44 46 50 51 52 53 55
16: 1 4 5 8 9 11 12 26 29 31 36 38 42 45 46 52 54 56 60 61
17: 1 4 5 6 12 14 18 23 24 29 33 39 46 49 50 55 56 57 59 61
18: 1 3 7 8 13 15 17 24 26 27 32 40 43 48 51 52 55 57 59 61
19: 1 4 7 8 9 10 15 22 29 36 40 41 42 48 49 50 51 52 53 58
20: 1 3 4 6 7 9 10 28 30 33 35 39 44 47 49 51 54 56 57 58
21: 1 3 5 6 8 9 11 27 30 32 34 37 44 45 48 53 54 57 59 60
22: 2 9 11 15 19 25 26 27 28 29 30 39 40 44 46 48 49 54 56 60
23: 2 3 9 12 17 24 25 28 31 32 33 35 36 42 46 49 54 55 58 60
24: 2 4 10 17 18 23 26 28 29 30 32 36 37 43 44 48 50 51 56 58
25: 2 5 8 12 15 22 23 27 32 33 38 39 41 43 47 52 54 55 56 61
26: 2 6 7 16 18 22 24 29 30 34 37 38 40 42 45 55 56 57 59 60
27: 9 10 11 18 21 22 25 30 31 32 33 38 40 42 43 48 50 55 58 59
28: 9 12 13 15 20 22 23 24 29 30 34 35 37 47 49 50 52 53 55 56
29: 8 11 16 17 19 22 24 26 28 34 35 36 39 46 51 53 55 58 59 61
30: 4 10 12 20 21 22 24 26 27 28 34 38 39 42 43 44 45 53 54 61
31: 6 9 10 14 16 23 27 32 33 36 37 38 41 44 45 46 51 55 56 57
32: 4 8 15 18 21 23 24 25 27 31 35 37 41 42 44 49 50 53 57 61
33: 3 6 11 17 20 23 25 27 31 35 39 40 41 48 51 53 56 59 60 61
34: 3 5 13 14 21 26 28 29 30 36 37 39 40 43 46 50 52 57 60 61
35: 7 8 11 13 20 23 28 29 32 33 36 37 41 45 48 52 54 57 58 61
36: 3 5 10 16 19 23 24 29 31 34 35 37 41 42 44 47 48 52 59 60
37: 6 7 14 15 21 24 26 28 31 32 34 35 36 43 45 47 49 51 54 59
38: 4 7 12 14 16 25 26 27 30 31 39 40 41 49 50 51 52 54 57 59
39: 5 8 14 17 20 22 25 29 30 33 34 38 40 45 47 48 49 53 57 58
40: 3 6 13 18 19 22 26 27 33 34 38 39 41 42 44 46 47 51 52 58
41: 4 5 7 13 19 25 31 32 33 35 36 38 40 43 45 46 47 50 53 60
42: 2 4 8 9 12 13 16 19 23 26 27 30 32 36 40 44 47 53 55 59
43: 2 3 7 11 12 13 15 18 24 25 27 30 34 37 41 45 46 50 54 58
44: 2 3 5 6 9 15 20 21 22 24 30 31 32 36 40 42 51 52 56 61
45: 2 4 5 8 10 11 16 21 26 30 31 35 37 39 41 43 47 55 57 58
46: 2 4 5 6 14 15 16 17 22 23 29 31 34 40 41 43 51 54 58 60
47: 2 3 6 7 10 12 14 20 25 28 36 37 39 40 41 42 45 52 53 55
48: 2 3 5 7 8 18 19 21 22 24 27 33 35 36 39 50 56 57 58 60
49: 2 4 6 7 8 17 19 20 22 23 28 32 37 38 39 50 53 54 59 60
50: 5 9 10 12 14 15 17 19 24 27 28 32 34 38 41 43 48 49 57 60
51: 4 7 10 11 15 18 19 20 24 29 31 33 37 38 40 44 46 54 59 61
52: 7 8 9 14 15 16 18 19 25 28 34 35 36 38 40 44 47 56 57 61
53: 5 6 10 11 13 15 19 21 28 29 30 32 33 39 41 42 47 49 59 61
54: 3 8 9 11 14 16 20 21 22 23 25 30 35 37 38 43 46 49 51 61
55: 6 8 11 13 14 15 17 18 23 25 26 27 28 29 31 42 45 47 56 58
56: 5 7 10 11 12 16 17 20 22 24 25 26 28 31 33 44 48 52 55 57
57: 4 6 9 13 17 18 20 21 26 31 32 34 35 38 39 45 48 50 52 56
58: 3 4 9 10 13 14 19 20 23 24 27 29 35 39 40 43 45 46 48 55
59: 3 8 10 12 14 17 18 21 26 27 29 33 36 37 38 42 49 51 53 60
60: 6 7 9 11 12 13 16 21 22 23 26 33 34 36 41 46 48 49 50 59
61: 3 4 5 12 13 16 17 18 25 29 30 32 33 34 35 44 51 52 53 54

