1: 2 3 4 5 6 7 8 9
2: 1 44 53 54 61 62 77 78
3: 1 43 51 52 63 64 75 76
4: 1 28 35 39 55 66 72 74
5: 1 27 36 40 56 65 71 73
6: 1 32 38 41 58 59 67 80
7: 1 31 37 42 57 60 68 79
8: 1 25 29 33 46 48 50 69
9: 1 26 30 34 45 47 49 70
10: 15 18 49 50 55 56 79 80
11: 16 23 47 51 67 69 73 77
12: 17 24 48 52 68 70 74 78
13: 19 22 46 54 67 70 72 75
14: 20 21 45 53 68 69 71 76
15: 10 16 17 44 57 58 71 72
16: 11 15 21 38 61 65 74 75
17: 12 15 22 37 62 66 73 76
18: 10 19 20 43 59 60 73 74
19: 13 18 23 39 58 65 76 78
20: 14 18 24 40 57 66 75 77
21: 14 16 22 36 59 63 78 79
22: 13 17 21 35 60 64 77 80
23: 11 19 24 41 62 64 71 79
24: 12 20 23 42 61 63 72 80
25: 8 42 44 55 59 64 65 70
26: 9 41 44 56 60 63 66 69
27: 5 34 35 43 58 61 69 79
28: 4 33 36 43 57 62 70 80
29: 8 31 38 43 49 66 71 78
30: 9 32 37 43 50 65 72 77
31: 7 29 34 40 44 74 76 80
32: 6 30 33 39 44 73 75 79
33: 8 28 32 34 51 54 56 68
34: 9 27 31 33 52 53 55 67
35: 4 22 27 38 44 47 50 68
36: 5 21 28 37 44 48 49 67
37: 7 17 30 36 38 54 55 69
38: 6 16 29 35 37 53 56 70
39: 4 19 32 40 42 49 52 69
40: 5 20 31 39 41 50 51 70
41: 6 23 26 40 43 46 55 68
42: 7 24 25 39 43 45 56 67
43: 3 18 27 28 29 30 41 42
44: 2 15 25 26 31 32 35 36
45: 9 14 42 46 51 58 62 74
46: 8 13 41 45 52 57 61 73
47: 9 11 35 48 54 57 59 76
48: 8 12 36 47 53 58 60 75
49: 9 10 29 36 39 61 64 68
50: 8 10 30 35 40 62 63 67
51: 3 11 33 40 45 60 72 78
52: 3 12 34 39 46 59 71 77
53: 2 14 34 38 48 64 72 73
54: 2 13 33 37 47 63 71 74
55: 4 10 25 34 37 41 75 78
56: 5 10 26 33 38 42 76 77
57: 7 15 20 28 46 47 64 78
58: 6 15 19 27 45 48 63 77
59: 6 18 21 25 47 52 62 72
60: 7 18 22 26 48 51 61 71
61: 2 16 24 27 46 49 60 76
62: 2 17 23 28 45 50 59 75
63: 3 21 24 26 50 54 58 73
64: 3 22 23 25 49 53 57 74
65: 5 16 19 25 30 66 68 80
66: 4 17 20 26 29 65 67 79
67: 6 11 13 34 36 42 50 66
68: 7 12 14 33 35 41 49 65
69: 8 11 14 26 27 37 39 80
70: 9 12 13 25 28 38 40 79
71: 5 14 15 23 29 52 54 60
72: 4 13 15 24 30 51 53 59
73: 5 11 17 18 32 46 53 63
74: 4 12 16 18 31 45 54 64
75: 3 13 16 20 32 48 55 62
76: 3 14 17 19 31 47 56 61
77: 2 11 20 22 30 52 56 58
78: 2 12 19 21 29 51 55 57
79: 7 10 21 23 27 32 66 70
80: 6 10 22 24 28 31 65 69

1: 2 3 4
2: 1 75 76
3: 1 78 80
4: 1 77 79
5: 47 62 63
6: 10 11 35
7: 10 12 33
8: 11 13 34
9: 12 13 32
10: 6 7 15
11: 6 8 14
12: 7 9 17
13: 8 9 16
14: 11 18 20
15: 10 18 19
16: 13 20 21
17: 12 19 21
18: 14 15 23
19: 15 17 25
20: 14 16 24
21: 16 17 22
22: 21 28 29
23: 18 26 27
24: 20 27 29
25: 19 26 28
26: 23 25 46
27: 23 24 45
28: 22 25 44
29: 22 24 43
30: 43 44 49
31: 45 46 65
32: 9 39 40
33: 7 40 42
34: 8 39 41
35: 6 41 42
36: 37 38 64
37: 36 51 74
38: 36 50 73
39: 32 34 53
40: 32 33 52
41: 34 35 55
42: 33 35 54
43: 29 30 57
44: 28 30 56
45: 27 31 57
46: 26 31 56
47: 5 52 53
48: 54 55 72
49: 30 50 51
50: 38 49 61
51: 37 49 60
52: 40 47 59
53: 39 47 58
54: 42 48 59
55: 41 48 58
56: 44 46 61
57: 43 45 60
58: 53 55 71
59: 52 54 70
60: 51 57 69
61: 50 56 68
62: 5 67 71
63: 5 66 70
64: 36 66 67
65: 31 68 69
66: 63 64 80
67: 62 64 79
68: 61 65 76
69: 60 65 75
70: 59 63 78
71: 58 62 77
72: 48 77 78
73: 38 76 80
74: 37 75 79
75: 2 69 74
76: 2 68 73
77: 4 71 72
78: 3 70 72
79: 4 67 74
80: 3 66 73

1: 2 3 4
2: 1 79 80
3: 1 75 78
4: 1 76 77
5: 40 41 42
6: 8 14 16
7: 9 15 17
8: 6 32 39
9: 7 33 38
10: 23 26 35
11: 22 27 34
12: 20 29 37
13: 21 28 36
14: 6 30 33
15: 7 31 32
16: 6 27 29
17: 7 26 28
18: 23 25 31
19: 22 24 30
20: 12 55 62
21: 13 56 61
22: 11 19 47
23: 10 18 48
24: 19 58 60
25: 18 57 59
26: 10 17 53
27: 11 16 54
28: 13 17 52
29: 12 16 51
30: 14 19 50
31: 15 18 49
32: 8 15 58
33: 9 14 57
34: 11 48 52
35: 10 47 51
36: 13 46 50
37: 12 45 49
38: 9 43 54
39: 8 44 53
40: 5 55 56
41: 5 44 46
42: 5 43 45
43: 38 42 74
44: 39 41 73
45: 37 42 68
46: 36 41 67
47: 22 35 72
48: 23 34 71
49: 31 37 72
50: 30 36 71
51: 29 35 74
52: 28 34 73
53: 26 39 66
54: 27 38 65
55: 20 40 70
56: 21 40 69
57: 25 33 70
58: 24 32 69
59: 25 64 65
60: 24 63 66
61: 21 64 68
62: 20 63 67
63: 60 62 80
64: 59 61 79
65: 54 59 78
66: 53 60 77
67: 46 62 78
68: 45 61 77
69: 56 58 76
70: 55 57 75
71: 48 50 76
72: 47 49 75
73: 44 52 80
74: 43 51 79
75: 3 70 72
76: 4 69 71
77: 4 66 68
78: 3 65 67
79: 2 64 74
80: 2 63 73

1: 2 3 4
2: 1 79 80
3: 1 76 78
4: 1 75 77
5: 40 41 42
6: 8 10 14
7: 9 11 15
8: 6 28 35
9: 7 29 34
10: 6 20 36
11: 7 21 37
12: 31 33 39
13: 30 32 38
14: 6 27 29
15: 7 26 28
16: 22 25 33
17: 23 24 32
18: 21 23 25
19: 20 22 24
20: 10 19 58
21: 11 18 57
22: 16 19 47
23: 17 18 48
24: 17 19 49
25: 16 18 50
26: 15 58 62
27: 14 57 61
28: 8 15 56
29: 9 14 55
30: 13 54 59
31: 12 53 60
32: 13 17 52
33: 12 16 51
34: 9 50 52
35: 8 49 51
36: 10 46 48
37: 11 45 47
38: 13 43 56
39: 12 44 55
40: 5 53 54
41: 5 44 45
42: 5 43 46
43: 38 42 68
44: 39 41 67
45: 37 41 74
46: 36 42 73
47: 22 37 66
48: 23 36 65
49: 24 35 72
50: 25 34 71
51: 33 35 74
52: 32 34 73
53: 31 40 70
54: 30 40 69
55: 29 39 72
56: 28 38 71
57: 21 27 70
58: 20 26 69
59: 30 64 67
60: 31 63 68
61: 27 64 66
62: 26 63 65
63: 60 62 80
64: 59 61 79
65: 48 62 78
66: 47 61 77
67: 44 59 78
68: 43 60 77
69: 54 58 76
70: 53 57 75
71: 50 56 76
72: 49 55 75
73: 46 52 80
74: 45 51 79
75: 4 70 72
76: 3 69 71
77: 4 66 68
78: 3 65 67
79: 2 64 74
80: 2 63 73

1: 2 3 4
2: 1 75 76
3: 1 78 80
4: 1 77 79
5: 47 62 63
6: 10 11 35
7: 10 12 33
8: 11 13 34
9: 12 13 32
10: 6 7 15
11: 6 8 14
12: 7 9 16
13: 8 9 17
14: 11 18 19
15: 10 18 20
16: 12 20 21
17: 13 19 21
18: 14 15 25
19: 14 17 24
20: 15 16 23
21: 16 17 22
22: 21 26 27
23: 20 27 29
24: 19 26 28
25: 18 28 29
26: 22 24 46
27: 22 23 45
28: 24 25 44
29: 23 25 43
30: 43 44 49
31: 45 46 65
32: 9 39 40
33: 7 40 42
34: 8 39 41
35: 6 41 42
36: 37 38 64
37: 36 51 74
38: 36 50 73
39: 32 34 53
40: 32 33 52
41: 34 35 55
42: 33 35 54
43: 29 30 57
44: 28 30 56
45: 27 31 57
46: 26 31 56
47: 5 52 53
48: 54 55 72
49: 30 50 51
50: 38 49 61
51: 37 49 60
52: 40 47 59
53: 39 47 58
54: 42 48 59
55: 41 48 58
56: 44 46 61
57: 43 45 60
58: 53 55 71
59: 52 54 70
60: 51 57 69
61: 50 56 68
62: 5 67 71
63: 5 66 70
64: 36 66 67
65: 31 68 69
66: 63 64 80
67: 62 64 79
68: 61 65 76
69: 60 65 75
70: 59 63 78
71: 58 62 77
72: 48 77 78
73: 38 76 80
74: 37 75 79
75: 2 69 74
76: 2 68 73
77: 4 71 72
78: 3 70 72
79: 4 67 74
80: 3 66 73

1: 2 3 4
2: 1 75 76
3: 1 78 80
4: 1 77 79
5: 6 7 34
6: 5 15 22
7: 5 13 14
8: 13 15 16
9: 10 13 17
10: 9 11 12
11: 10 14 20
12: 10 18 19
13: 7 8 9
14: 7 11 33
15: 6 8 32
16: 8 23 24
17: 9 24 25
18: 12 27 29
19: 12 25 30
20: 11 27 28
21: 26 28 55
22: 6 29 30
23: 16 40 46
24: 16 17 37
25: 17 19 38
26: 21 43 63
27: 18 20 43
28: 20 21 42
29: 18 22 39
30: 19 22 41
31: 37 38 64
32: 15 40 41
33: 14 36 42
34: 5 36 39
35: 47 56 72
36: 33 34 52
37: 24 31 49
38: 25 31 53
39: 29 34 54
40: 23 32 50
41: 30 32 53
42: 28 33 51
43: 26 27 54
44: 48 50 74
45: 51 52 73
46: 23 48 49
47: 35 57 65
48: 44 46 59
49: 37 46 58
50: 40 44 62
51: 42 45 60
52: 36 45 61
53: 38 41 62
54: 39 43 61
55: 21 57 60
56: 35 58 59
57: 47 55 68
58: 49 56 71
59: 48 56 66
60: 51 55 67
61: 52 54 69
62: 50 53 70
63: 26 68 69
64: 31 70 71
65: 47 66 67
66: 59 65 78
67: 60 65 80
68: 57 63 75
69: 61 63 76
70: 62 64 77
71: 58 64 79
72: 35 75 79
73: 45 76 80
74: 44 77 78
75: 2 68 72
76: 2 69 73
77: 4 70 74
78: 3 66 74
79: 4 71 72
80: 3 67 73

1: 2 3 4
2: 1 79 80
3: 1 76 77
4: 1 75 78
5: 7 8 64
6: 57 59 61
7: 5 10 55
8: 5 53 54
9: 52 57 62
10: 7 12 62
11: 28 58 63
12: 10 13 14
13: 12 50 52
14: 12 49 51
15: 16 17 48
16: 15 43 45
17: 15 42 44
18: 19 20 41
19: 18 36 38
20: 18 35 37
21: 22 23 34
22: 21 29 31
23: 21 28 30
24: 25 32 33
25: 24 56 60
26: 30 56 58
27: 28 29 60
28: 11 23 27
29: 22 27 32
30: 23 26 33
31: 22 39 40
32: 24 29 37
33: 24 30 35
34: 21 35 36
35: 20 33 34
36: 19 34 39
37: 20 32 40
38: 19 46 47
39: 31 36 44
40: 31 37 42
41: 18 42 43
42: 17 40 41
43: 16 41 46
44: 17 39 47
45: 16 54 55
46: 38 43 51
47: 38 44 49
48: 15 49 50
49: 14 47 48
50: 13 48 54
51: 14 46 55
52: 9 13 53
53: 8 52 61
54: 8 45 50
55: 7 45 51
56: 25 26 74
57: 6 9 73
58: 11 26 68
59: 6 66 72
60: 25 27 71
61: 6 53 70
62: 9 10 69
63: 11 67 71
64: 5 69 70
65: 66 67 68
66: 59 65 77
67: 63 65 75
68: 58 65 76
69: 62 64 80
70: 61 64 79
71: 60 63 78
72: 59 75 79
73: 57 77 80
74: 56 76 78
75: 4 67 72
76: 3 68 74
77: 3 66 73
78: 4 71 74
79: 2 70 72
80: 2 69 73

1: 2 3 4
2: 1 75 76
3: 1 78 80
4: 1 77 79
5: 6 7 56
6: 5 45 65
7: 5 44 64
8: 9 10 43
9: 8 40 42
10: 8 39 41
11: 12 13 38
12: 11 31 33
13: 11 30 32
14: 29 46 47
15: 22 23 24
16: 48 49 72
17: 46 50 73
18: 47 51 74
19: 20 21 63
20: 19 23 53
21: 19 22 52
22: 15 21 28
23: 15 20 27
24: 15 25 26
25: 24 35 49
26: 24 34 48
27: 23 35 37
28: 22 34 36
29: 14 30 31
30: 13 29 51
31: 12 29 50
32: 13 37 53
33: 12 36 52
34: 26 28 42
35: 25 27 41
36: 28 33 40
37: 27 32 39
38: 11 39 40
39: 10 37 38
40: 9 36 38
41: 10 35 55
42: 9 34 54
43: 8 44 45
44: 7 43 55
45: 6 43 54
46: 14 17 58
47: 14 18 57
48: 16 26 62
49: 16 25 61
50: 17 31 60
51: 18 30 59
52: 21 33 60
53: 20 32 59
54: 42 45 62
55: 41 44 61
56: 5 57 58
57: 47 56 71
58: 46 56 70
59: 51 53 67
60: 50 52 66
61: 49 55 69
62: 48 54 68
63: 19 66 67
64: 7 69 71
65: 6 68 70
66: 60 63 76
67: 59 63 75
68: 62 65 80
69: 61 64 79
70: 58 65 78
71: 57 64 77
72: 16 79 80
73: 17 76 78
74: 18 75 77
75: 2 67 74
76: 2 66 73
77: 4 71 74
78: 3 70 73
79: 4 69 72
80: 3 68 72

1: 2 3 4
2: 1 79 80
3: 1 76 78
4: 1 75 77
5: 8 14 16
6: 9 15 17
7: 8 9 13
8: 5 7 41
9: 6 7 40
10: 40 41 65
11: 27 31 64
12: 26 30 63
13: 7 24 25
14: 5 29 32
15: 6 28 33
16: 5 25 35
17: 6 24 34
18: 26 29 37
19: 27 28 36
20: 30 37 39
21: 31 36 38
22: 32 35 38
23: 33 34 39
24: 13 17 50
25: 13 16 49
26: 12 18 54
27: 11 19 53
28: 15 19 52
29: 14 18 51
30: 12 20 56
31: 11 21 55
32: 14 22 54
33: 15 23 53
34: 17 23 56
35: 16 22 55
36: 19 21 48
37: 18 20 47
38: 21 22 46
39: 20 23 45
40: 9 10 52
41: 8 10 51
42: 49 50 72
43: 46 48 74
44: 45 47 73
45: 39 44 58
46: 38 43 57
47: 37 44 62
48: 36 43 61
49: 25 42 60
50: 24 42 59
51: 29 41 62
52: 28 40 61
53: 27 33 58
54: 26 32 57
55: 31 35 60
56: 30 34 59
57: 46 54 67
58: 45 53 66
59: 50 56 71
60: 49 55 70
61: 48 52 69
62: 47 51 68
63: 12 67 71
64: 11 66 70
65: 10 68 69
66: 58 64 76
67: 57 63 75
68: 62 65 80
69: 61 65 79
70: 60 64 78
71: 59 63 77
72: 42 77 78
73: 44 76 80
74: 43 75 79
75: 4 67 74
76: 3 66 73
77: 4 71 72
78: 3 70 72
79: 2 69 74
80: 2 68 73

1: 2 3 4
2: 1 75 76
3: 1 78 80
4: 1 77 79
5: 12 13 18
6: 13 14 23
7: 10 12 14
8: 10 19 20
9: 10 21 22
10: 7 8 9
11: 26 40 63
12: 5 7 37
13: 5 6 38
14: 6 7 28
15: 27 38 64
16: 29 30 44
17: 32 39 65
18: 5 26 27
19: 8 28 29
20: 8 30 31
21: 9 31 33
22: 9 34 37
23: 6 35 39
24: 33 34 36
25: 32 35 36
26: 11 18 53
27: 15 18 47
28: 14 19 54
29: 16 19 48
30: 16 20 49
31: 20 21 50
32: 17 25 56
33: 21 24 56
34: 22 24 52
35: 23 25 55
36: 24 25 51
37: 12 22 53
38: 13 15 55
39: 17 23 54
40: 11 46 47
41: 49 50 74
42: 45 48 72
43: 51 52 73
44: 16 45 46
45: 42 44 57
46: 40 44 60
47: 27 40 57
48: 29 42 58
49: 30 41 60
50: 31 41 61
51: 36 43 62
52: 34 43 59
53: 26 37 59
54: 28 39 58
55: 35 38 62
56: 32 33 61
57: 45 47 66
58: 48 54 70
59: 52 53 71
60: 46 49 69
61: 50 56 68
62: 51 55 67
63: 11 69 71
64: 15 66 67
65: 17 68 70
66: 57 64 75
67: 62 64 76
68: 61 65 78
69: 60 63 77
70: 58 65 80
71: 59 63 79
72: 42 75 80
73: 43 76 79
74: 41 77 78
75: 2 66 72
76: 2 67 73
77: 4 69 74
78: 3 68 74
79: 4 71 73
80: 3 70 72

1: 2 3 4
2: 1 75 76
3: 1 79 80
4: 1 77 78
5: 40 41 62
6: 7 8 31
7: 6 27 29
8: 6 26 28
9: 16 54 56
10: 42 48 55
11: 43 45 57
12: 19 45 49
13: 42 53 60
14: 16 30 46
15: 16 43 52
16: 9 14 15
17: 44 46 50
18: 44 47 51
19: 12 22 23
20: 25 47 61
21: 24 48 58
22: 19 25 30
23: 19 24 59
24: 21 23 29
25: 20 22 28
26: 8 50 54
27: 7 49 51
28: 8 25 53
29: 7 24 52
30: 14 22 32
31: 6 32 33
32: 30 31 37
33: 31 36 55
34: 37 57 58
35: 36 56 59
36: 33 35 38
37: 32 34 39
38: 36 40 61
39: 37 41 60
40: 5 38 74
41: 5 39 73
42: 10 13 66
43: 11 15 64
44: 17 18 68
45: 11 12 69
46: 14 17 74
47: 18 20 67
48: 10 21 63
49: 12 27 66
50: 17 26 69
51: 18 27 70
52: 15 29 72
53: 13 28 71
54: 9 26 73
55: 10 33 67
56: 9 35 70
57: 11 34 71
58: 21 34 65
59: 23 35 68
60: 13 39 72
61: 20 38 65
62: 5 63 64
63: 48 62 78
64: 43 62 76
65: 58 61 75
66: 42 49 75
67: 47 55 80
68: 44 59 76
69: 45 50 77
70: 51 56 78
71: 53 57 79
72: 52 60 77
73: 41 54 80
74: 40 46 79
75: 2 65 66
76: 2 64 68
77: 4 69 72
78: 4 63 70
79: 3 71 74
80: 3 67 73

1: 2 3 4
2: 1 75 76
3: 1 77 78
4: 1 79 80
5: 40 41 62
6: 11 21 27
7: 18 26 27
8: 9 10 28
9: 8 23 52
10: 8 43 51
11: 6 23 47
12: 23 42 45
13: 44 46 52
14: 42 50 60
15: 16 46 54
16: 15 17 18
17: 16 49 51
18: 7 16 53
19: 47 49 59
20: 48 53 56
21: 6 43 57
22: 45 55 58
23: 9 11 12
24: 29 44 61
25: 30 48 54
26: 7 31 50
27: 6 7 29
28: 8 30 31
29: 24 27 35
30: 25 28 35
31: 26 28 34
32: 37 56 57
33: 36 55 59
34: 31 37 58
35: 29 30 36
36: 33 35 39
37: 32 34 38
38: 37 41 61
39: 36 40 60
40: 5 39 74
41: 5 38 73
42: 12 14 65
43: 10 21 66
44: 13 24 72
45: 12 22 64
46: 13 15 70
47: 11 19 68
48: 20 25 68
49: 17 19 63
50: 14 26 71
51: 10 17 69
52: 9 13 67
53: 18 20 74
54: 15 25 73
55: 22 33 66
56: 20 32 67
57: 21 32 70
58: 22 34 72
59: 19 33 71
60: 14 39 69
61: 24 38 65
62: 5 63 64
63: 49 62 76
64: 45 62 77
65: 42 61 75
66: 43 55 75
67: 52 56 76
68: 47 48 78
69: 51 60 78
70: 46 57 77
71: 50 59 80
72: 44 58 79
73: 41 54 80
74: 40 53 79
75: 2 65 66
76: 2 63 67
77: 3 64 70
78: 3 68 69
79: 4 72 74
80: 4 71 73

1: 2 3 4
2: 1 75 76
3: 1 79 80
4: 1 77 78
5: 47 62 63
6: 10 11 35
7: 11 13 34
8: 10 12 33
9: 12 13 32
10: 6 8 15
11: 6 7 14
12: 8 9 17
13: 7 9 16
14: 11 18 20
15: 10 18 19
16: 13 20 21
17: 12 19 21
18: 14 15 23
19: 15 17 24
20: 14 16 25
21: 16 17 22
22: 21 26 28
23: 18 27 29
24: 19 28 29
25: 20 26 27
26: 22 25 46
27: 23 25 45
28: 22 24 44
29: 23 24 43
30: 43 44 49
31: 45 46 65
32: 9 39 40
33: 8 40 42
34: 7 39 41
35: 6 41 42
36: 37 38 64
37: 36 50 74
38: 36 51 73
39: 32 34 53
40: 32 33 52
41: 34 35 55
42: 33 35 54
43: 29 30 57
44: 28 30 56
45: 27 31 57
46: 26 31 56
47: 5 52 53
48: 54 55 72
49: 30 50 51
50: 37 49 61
51: 38 49 60
52: 40 47 59
53: 39 47 58
54: 42 48 59
55: 41 48 58
56: 44 46 61
57: 43 45 60
58: 53 55 71
59: 52 54 70
60: 51 57 69
61: 50 56 68
62: 5 67 71
63: 5 66 70
64: 36 66 67
65: 31 68 69
66: 63 64 80
67: 62 64 77
68: 61 65 76
69: 60 65 75
70: 59 63 79
71: 58 62 78
72: 48 78 79
73: 38 75 80
74: 37 76 77
75: 2 69 73
76: 2 68 74
77: 4 67 74
78: 4 71 72
79: 3 70 72
80: 3 66 73

1: 2 3 4
2: 1 79 80
3: 1 78 80
4: 1 76 77
5: 6 7 80
6: 5 74 75
7: 5 73 75
8: 9 10 75
9: 8 71 72
10: 8 70 72
11: 72 76 77
12: 14 17 77
13: 15 16 76
14: 12 18 73
15: 13 21 74
16: 13 20 74
17: 12 19 73
18: 14 24 25
19: 17 22 23
20: 16 22 23
21: 15 24 25
22: 19 20 27
23: 19 20 26
24: 18 21 29
25: 18 21 28
26: 23 30 33
27: 22 31 32
28: 25 30 33
29: 24 31 32
30: 26 28 34
31: 27 29 35
32: 27 29 37
33: 26 28 36
34: 30 38 39
35: 31 38 39
36: 33 40 41
37: 32 40 41
38: 34 35 43
39: 34 35 42
40: 36 37 45
41: 36 37 44
42: 39 46 49
43: 38 47 48
44: 41 46 49
45: 40 47 48
46: 42 44 50
47: 43 45 51
48: 43 45 53
49: 42 44 52
50: 46 54 55
51: 47 54 55
52: 49 56 57
53: 48 56 57
54: 50 51 59
55: 50 51 58
56: 52 53 61
57: 52 53 60
58: 55 62 65
59: 54 63 64
60: 57 62 65
61: 56 63 64
62: 58 60 66
63: 59 61 69
64: 59 61 68
65: 58 60 67
66: 62 70 78
67: 65 71 79
68: 64 71 79
69: 63 70 78
70: 10 66 69
71: 9 67 68
72: 9 10 11
73: 7 14 17
74: 6 15 16
75: 6 7 8
76: 4 11 13
77: 4 11 12
78: 3 66 69
79: 2 67 68
80: 2 3 5

1: 2 3 4
2: 1 75 76
3: 1 77 80
4: 1 78 79
5: 8 12 13
6: 9 10 11
7: 27 31 34
8: 5 23 35
9: 6 24 33
10: 6 21 32
11: 6 23 30
12: 5 18 26
13: 5 24 25
14: 21 22 28
15: 20 25 38
16: 19 22 37
17: 18 19 20
18: 12 17 58
19: 16 17 59
20: 15 17 60
21: 10 14 53
22: 14 16 57
23: 8 11 55
24: 9 13 56
25: 13 15 54
26: 12 41 53
27: 7 41 46
28: 14 43 60
29: 45 49 61
30: 11 42 57
31: 7 48 49
32: 10 52 58
33: 9 44 59
34: 7 44 51
35: 8 43 47
36: 47 48 62
37: 16 50 56
38: 15 42 45
39: 46 52 54
40: 50 51 55
41: 26 27 67
42: 30 38 67
43: 28 35 68
44: 33 34 68
45: 29 38 69
46: 27 39 66
47: 35 36 70
48: 31 36 74
49: 29 31 73
50: 37 40 64
51: 34 40 65
52: 32 39 63
53: 21 26 69
54: 25 39 72
55: 23 40 71
56: 24 37 74
57: 22 30 72
58: 18 32 73
59: 19 33 70
60: 20 28 71
61: 29 64 66
62: 36 63 65
63: 52 62 75
64: 50 61 76
65: 51 62 77
66: 46 61 78
67: 41 42 75
68: 43 44 76
69: 45 53 77
70: 47 59 78
71: 55 60 79
72: 54 57 80
73: 49 58 80
74: 48 56 79
75: 2 63 67
76: 2 64 68
77: 3 65 69
78: 4 66 70
79: 4 71 74
80: 3 72 73

1: 2 3 4
2: 1 75 76
3: 1 78 80
4: 1 77 79
5: 18 19 28
6: 7 14 21
7: 6 15 20
8: 9 17 48
9: 8 16 47
10: 18 31 63
11: 19 32 64
12: 15 25 38
13: 14 24 37
14: 6 13 34
15: 7 12 33
16: 9 36 46
17: 8 35 45
18: 5 10 40
19: 5 11 39
20: 7 23 42
21: 6 22 41
22: 21 32 34
23: 20 31 33
24: 13 35 43
25: 12 36 44
26: 27 30 38
27: 26 29 37
28: 5 29 30
29: 27 28 61
30: 26 28 62
31: 10 23 52
32: 11 22 51
33: 15 23 60
34: 14 22 59
35: 17 24 56
36: 16 25 55
37: 13 27 56
38: 12 26 55
39: 19 40 58
40: 18 39 57
41: 21 44 58
42: 20 43 57
43: 24 42 53
44: 25 41 54
45: 17 50 52
46: 16 49 51
47: 9 49 53
48: 8 50 54
49: 46 47 72
50: 45 48 71
51: 32 46 65
52: 31 45 66
53: 43 47 70
54: 44 48 69
55: 36 38 74
56: 35 37 73
57: 40 42 70
58: 39 41 69
59: 34 61 72
60: 33 62 71
61: 29 59 68
62: 30 60 67
63: 10 66 68
64: 11 65 67
65: 51 64 75
66: 52 63 76
67: 62 64 78
68: 61 63 77
69: 54 58 80
70: 53 57 79
71: 50 60 78
72: 49 59 77
73: 56 74 76
74: 55 73 75
75: 2 65 74
76: 2 66 73
77: 4 68 72
78: 3 67 71
79: 4 70 80
80: 3 69 79

1: 2 3 4
2: 1 75 78
3: 1 76 80
4: 1 77 79
5: 30 32 34
6: 29 31 33
7: 15 17 28
8: 13 24 26
9: 13 18 21
10: 14 19 27
11: 15 20 23
12: 14 22 25
13: 8 9 16
14: 10 12 16
15: 7 11 16
16: 13 14 15
17: 7 39 51
18: 9 48 52
19: 10 43 53
20: 11 41 54
21: 9 45 55
22: 12 42 56
23: 11 50 57
24: 8 44 58
25: 12 47 62
26: 8 40 59
27: 10 49 61
28: 7 46 60
29: 6 51 61
30: 5 52 53
31: 6 54 55
32: 5 56 57
33: 6 58 62
34: 5 59 60
35: 39 45 47
36: 40 43 50
37: 41 44 49
38: 42 46 48
39: 17 35 65
40: 26 36 63
41: 20 37 64
42: 22 38 66
43: 19 36 67
44: 24 37 68
45: 21 35 69
46: 28 38 70
47: 25 35 71
48: 18 38 74
49: 27 37 73
50: 23 36 72
51: 17 29 63
52: 18 30 64
53: 19 30 65
54: 20 31 66
55: 21 31 67
56: 22 32 68
57: 23 32 69
58: 24 33 70
59: 26 34 71
60: 28 34 73
61: 27 29 74
62: 25 33 72
63: 40 51 75
64: 41 52 75
65: 39 53 76
66: 42 54 76
67: 43 55 77
68: 44 56 77
69: 45 57 78
70: 46 58 78
71: 47 59 79
72: 50 62 80
73: 49 60 80
74: 48 61 79
75: 2 63 64
76: 3 65 66
77: 4 67 68
78: 2 69 70
79: 4 71 74
80: 3 72 73

1: 2 3 4
2: 1 79 80
3: 1 78 80
4: 1 76 77
5: 6 7 80
6: 5 74 75
7: 5 73 75
8: 9 10 75
9: 8 71 72
10: 8 70 72
11: 72 76 77
12: 16 48 78
13: 17 51 79
14: 17 50 79
15: 16 49 78
16: 12 15 21
17: 13 14 20
18: 22 23 65
19: 22 23 64
20: 17 24 25
21: 16 24 25
22: 18 19 27
23: 18 19 26
24: 20 21 29
25: 20 21 28
26: 23 30 31
27: 22 32 33
28: 25 30 31
29: 24 32 33
30: 26 28 37
31: 26 28 36
32: 27 29 39
33: 27 29 38
34: 45 47 77
35: 44 46 76
36: 31 40 43
37: 30 41 42
38: 33 45 47
39: 32 44 46
40: 36 52 73
41: 37 53 74
42: 37 54 74
43: 36 55 73
44: 35 39 56
45: 34 38 57
46: 35 39 59
47: 34 38 58
48: 12 53 57
49: 15 52 56
50: 14 55 59
51: 13 54 58
52: 40 49 60
53: 41 48 61
54: 42 51 63
55: 43 50 62
56: 44 49 60
57: 45 48 61
58: 47 51 63
59: 46 50 62
60: 52 56 66
61: 53 57 69
62: 55 59 68
63: 54 58 67
64: 19 66 69
65: 18 67 68
66: 60 64 70
67: 63 65 71
68: 62 65 71
69: 61 64 70
70: 10 66 69
71: 9 67 68
72: 9 10 11
73: 7 40 43
74: 6 41 42
75: 6 7 8
76: 4 11 35
77: 4 11 34
78: 3 12 15
79: 2 13 14
80: 2 3 5

1: 2 3 4
2: 1 75 76
3: 1 78 79
4: 1 77 80
5: 6 16 17
6: 5 13 14
7: 16 19 21
8: 17 20 22
9: 15 20 23
10: 15 19 24
11: 57 58 59
12: 21 22 46
13: 6 23 45
14: 6 24 44
15: 9 10 34
16: 5 7 33
17: 5 8 32
18: 31 55 56
19: 7 10 26
20: 8 9 27
21: 7 12 29
22: 8 12 28
23: 9 13 29
24: 10 14 28
25: 26 27 30
26: 19 25 40
27: 20 25 39
28: 22 24 42
29: 21 23 41
30: 25 35 36
31: 18 41 42
32: 17 38 40
33: 16 37 39
34: 15 37 38
35: 30 53 62
36: 30 54 61
37: 33 34 54
38: 32 34 53
39: 27 33 51
40: 26 32 52
41: 29 31 50
42: 28 31 49
43: 51 52 60
44: 14 47 50
45: 13 48 49
46: 12 47 48
47: 44 46 72
48: 45 46 71
49: 42 45 70
50: 41 44 69
51: 39 43 74
52: 40 43 73
53: 35 38 74
54: 36 37 73
55: 18 68 72
56: 18 67 71
57: 11 69 70
58: 11 65 68
59: 11 66 67
60: 43 63 64
61: 36 64 66
62: 35 63 65
63: 60 62 80
64: 60 61 79
65: 58 62 76
66: 59 61 75
67: 56 59 80
68: 55 58 79
69: 50 57 78
70: 49 57 77
71: 48 56 78
72: 47 55 77
73: 52 54 76
74: 51 53 75
75: 2 66 74
76: 2 65 73
77: 4 70 72
78: 3 69 71
79: 3 64 68
80: 4 63 67

1: 2 3 4
2: 1 79 80
3: 1 76 78
4: 1 75 77
5: 6 7 10
6: 5 14 34
7: 5 13 33
8: 11 35 37
9: 12 36 38
10: 5 11 12
11: 8 10 22
12: 9 10 21
13: 7 17 20
14: 6 18 19
15: 31 32 40
16: 25 26 39
17: 13 28 32
18: 14 27 31
19: 14 24 30
20: 13 23 29
21: 12 28 30
22: 11 27 29
23: 20 58 62
24: 19 57 61
25: 16 55 60
26: 16 56 59
27: 18 22 54
28: 17 21 53
29: 20 22 50
30: 19 21 49
31: 15 18 51
32: 15 17 52
33: 7 46 55
34: 6 45 56
35: 8 51 58
36: 9 52 57
37: 8 44 48
38: 9 43 47
39: 16 49 50
40: 15 43 44
41: 46 48 53
42: 45 47 54
43: 38 40 68
44: 37 40 67
45: 34 42 72
46: 33 41 71
47: 38 42 74
48: 37 41 73
49: 30 39 72
50: 29 39 71
51: 31 35 74
52: 32 36 73
53: 28 41 66
54: 27 42 65
55: 25 33 70
56: 26 34 69
57: 24 36 70
58: 23 35 69
59: 26 64 65
60: 25 63 66
61: 24 64 68
62: 23 63 67
63: 60 62 80
64: 59 61 79
65: 54 59 78
66: 53 60 77
67: 44 62 78
68: 43 61 77
69: 56 58 76
70: 55 57 75
71: 46 50 76
72: 45 49 75
73: 48 52 80
74: 47 51 79
75: 4 70 72
76: 3 69 71
77: 4 66 68
78: 3 65 67
79: 2 64 74
80: 2 63 73

1: 2 3 4 5 6 7 8 9 10 11 12 13 14 15 16 17 18 19 20 21 22 23 24 25 26 27 28 29 30 31 32 33 34 35 36 37 38
2: 1 9 11 12 14 16 18 21 22 24 25 36 38 39 42 43 44 45 46 47 48 49 50 54 55 59 61 64 69 70 71 72 73 74 75 76 80
3: 1 8 10 13 15 17 19 20 23 24 25 37 38 40 41 43 44 45 46 47 48 49 50 53 56 60 62 63 69 70 71 72 73 74 75 76 79
4: 1 6 9 10 11 12 16 17 18 22 23 30 33 35 38 40 41 42 43 44 45 49 50 52 57 59 60 66 69 70 71 72 74 76 78 79 80
5: 1 7 8 10 11 13 16 17 19 22 23 31 32 34 38 39 41 42 43 44 46 49 50 51 58 59 60 65 69 70 71 72 73 75 77 79 80
6: 1 4 10 14 18 19 20 24 27 28 30 31 32 36 37 41 44 45 46 50 53 55 56 57 62 63 64 65 68 72 73 75 76 77 78 79 80
7: 1 5 11 15 18 19 21 25 26 29 30 31 33 36 37 42 43 45 46 49 54 55 56 58 61 63 64 66 67 71 74 75 76 77 78 79 80
8: 1 3 5 12 18 20 22 26 27 30 32 33 35 36 38 40 44 46 52 53 54 57 61 62 65 66 67 68 69 71 72 74 75 77 78 79 80
9: 1 2 4 13 19 21 23 26 27 31 32 33 34 37 38 39 43 45 51 53 54 58 61 62 65 66 67 68 70 71 72 73 76 77 78 79 80
10: 1 3 4 5 6 14 17 25 26 29 33 34 35 36 38 42 47 50 52 54 55 57 58 59 60 62 63 66 67 68 69 70 71 75 76 77 78
11: 1 2 4 5 7 15 16 24 27 28 32 34 35 37 38 41 48 49 51 53 56 57 58 59 60 61 64 65 67 68 69 70 72 75 76 77 78
12: 1 2 4 8 18 20 22 28 29 31 32 33 35 37 38 40 44 46 51 52 55 56 57 58 59 60 63 64 66 67 68 69 71 72 73 76 78
13: 1 3 5 9 19 21 23 28 29 30 32 33 34 36 38 39 43 45 51 52 55 56 57 58 59 60 63 64 65 67 68 70 71 72 74 75 77
14: 1 2 6 10 17 25 27 28 30 31 33 34 35 37 38 42 47 50 51 52 53 56 57 61 64 65 66 67 68 69 70 71 73 74 78 79 80
15: 1 3 7 11 16 24 26 29 30 31 32 34 35 36 38 41 48 49 51 52 54 55 58 62 63 65 66 67 68 69 70 72 73 74 77 79 80
16: 1 2 4 5 11 15 17 19 20 23 27 28 33 36 37 39 44 45 47 48 53 56 59 60 61 62 63 64 65 66 67 71 73 76 77 78 79
17: 1 3 4 5 10 14 16 18 21 22 26 29 32 36 37 40 43 46 47 48 54 55 59 60 61 62 63 64 65 66 68 72 74 75 77 78 80
18: 1 2 4 6 7 8 12 17 23 28 29 31 34 36 37 39 46 47 49 50 51 53 55 56 57 58 60 64 65 67 70 73 76 77 78 79 80
19: 1 3 5 6 7 9 13 16 22 28 29 30 35 36 37 40 45 48 49 50 52 54 55 56 57 58 59 63 66 68 69 74 75 77 78 79 80
20: 1 3 6 8 12 16 21 25 26 27 30 31 34 36 37 42 43 44 48 50 51 53 54 55 57 59 61 62 64 65 67 70 74 75 78 79 80
21: 1 2 7 9 13 17 20 24 26 27 30 31 35 36 37 41 43 44 47 49 52 53 54 56 58 60 61 62 63 66 68 69 73 76 77 79 80
22: 1 2 4 5 8 12 17 19 24 25 28 29 30 34 37 40 41 42 45 47 51 52 53 54 55 56 57 59 62 63 65 67 70 73 75 76 79
23: 1 3 4 5 9 13 16 18 24 25 28 29 31 35 36 39 41 42 46 48 51 52 53 54 55 56 58 60 61 64 66 68 69 74 75 76 80
24: 1 2 3 6 11 15 21 22 23 26 29 30 31 33 37 39 40 41 43 50 52 54 57 59 61 62 63 65 66 67 71 73 74 77 78 79 80
25: 1 2 3 7 10 14 20 22 23 27 28 30 31 32 36 39 40 42 44 49 51 53 58 60 61 62 64 65 66 68 72 73 74 77 78 79 80
26: 1 7 8 9 10 15 17 20 21 24 28 32 33 34 35 38 39 40 42 45 46 48 50 51 54 56 57 62 64 66 67 68 69 70 71 72 77
27: 1 6 8 9 11 14 16 20 21 25 29 32 33 34 35 38 39 40 41 45 46 47 49 52 53 55 58 61 63 65 67 68 69 70 71 72 78
28: 1 6 11 12 13 14 16 18 19 22 23 25 26 32 33 34 35 38 41 43 44 47 49 51 54 56 57 62 64 66 67 68 69 70 71 72 77
29: 1 7 10 12 13 15 17 18 19 22 23 24 27 32 33 34 35 38 42 43 44 48 50 52 53 55 58 61 63 65 67 68 69 70 71 72 78
30: 1 4 6 7 8 13 14 15 19 20 21 22 24 25 32 33 34 35 38 39 40 46 47 48 50 52 57 59 60 66 69 71 74 76 78 79 80
31: 1 5 6 7 9 12 14 15 18 20 21 23 24 25 32 33 34 35 38 39 40 45 47 48 49 51 58 59 60 65 70 72 73 75 77 79 80
32: 1 5 6 8 9 11 12 13 15 17 25 26 27 28 29 30 31 36 37 42 47 50 57 60 61 62 63 64 65 68 72 74 75 76 77 78 80
33: 1 4 7 8 9 10 12 13 14 16 24 26 27 28 29 30 31 36 37 41 48 49 58 59 61 62 63 64 66 67 71 73 75 76 77 78 79
34: 1 5 9 10 11 13 14 15 18 20 22 26 27 28 29 30 31 36 37 40 44 46 51 52 53 55 57 59 62 64 65 67 70 73 74 76 79
35: 1 4 8 10 11 12 14 15 19 21 23 26 27 28 29 30 31 36 37 39 43 45 51 52 54 56 58 60 61 63 66 68 69 73 74 75 80
36: 1 2 6 7 8 10 13 15 16 17 18 19 20 21 23 25 32 33 34 35 38 40 41 42 43 46 48 54 55 59 61 64 73 74 75 76 80
37: 1 3 6 7 9 11 12 14 16 17 18 19 20 21 22 24 32 33 34 35 38 39 41 42 44 45 47 53 56 60 62 63 73 74 75 76 79
38: 1 2 3 4 5 8 9 10 11 12 13 14 15 26 27 28 29 30 31 36 37 39 40 41 42 43 44 45 46 47 48 49 50 69 70 71 72
39: 2 5 9 13 16 18 23 24 25 26 27 30 31 35 37 38 41 42 46 48 54 55 57 59 61 62 63 64 65 67 69 73 74 76 77 78 79
40: 3 4 8 12 17 19 22 24 25 26 27 30 31 34 36 38 41 42 45 47 53 56 58 60 61 62 63 64 66 68 70 73 74 75 77 78 80
41: 3 4 5 6 11 15 21 22 23 24 27 28 33 36 37 38 39 40 43 50 51 52 53 55 56 57 58 59 60 64 66 68 71 75 76 78 80
42: 2 4 5 7 10 14 20 22 23 25 26 29 32 36 37 38 39 40 44 49 51 52 54 55 56 57 58 59 60 63 65 67 72 75 76 77 79
43: 2 3 4 5 7 9 13 17 20 21 24 28 29 35 36 38 41 44 47 49 51 53 55 56 57 59 60 62 63 64 65 67 69 74 75 78 79
44: 2 3 4 5 6 8 12 16 20 21 25 28 29 34 37 38 42 43 48 50 52 54 55 56 58 59 60 61 63 64 66 68 70 73 76 77 80
45: 2 3 4 6 7 9 13 16 19 22 26 27 31 35 37 38 40 48 49 50 51 52 53 57 59 60 61 62 64 65 66 67 69 73 76 78 80
46: 2 3 5 6 7 8 12 17 18 23 26 27 30 34 36 38 39 47 49 50 51 52 54 58 59 60 61 62 63 65 66 68 70 74 75 77 79
47: 2 3 10 14 16 17 18 21 22 27 28 30 31 32 37 38 40 43 46 48 51 52 53 54 55 56 57 58 59 61 64 67 72 73 76 79 80
48: 2 3 11 15 16 17 19 20 23 26 29 30 31 33 36 38 39 44 45 47 51 52 53 54 55 56 57 58 60 62 63 68 71 74 75 79 80
49: 2 3 4 5 7 11 15 18 19 21 25 27 28 31 33 38 42 43 45 46 51 52 53 54 55 57 59 60 61 62 64 65 68 71 73 74 76
50: 2 3 4 5 6 10 14 18 19 20 24 26 29 30 32 38 41 44 45 46 51 52 53 54 56 58 59 60 61 62 63 66 67 72 73 74 75
51: 5 9 11 12 13 14 15 18 20 22 23 25 26 28 31 34 35 41 42 43 45 46 47 48 49 50 52 53 55 61 63 71 72 74 76 77 78
52: 4 8 10 12 13 14 15 19 21 22 23 24 27 29 30 34 35 41 42 44 45 46 47 48 49 50 51 54 56 62 64 71 72 73 75 77 78
53: 3 6 8 9 11 14 16 18 20 21 22 23 25 27 29 34 37 40 41 43 45 47 48 49 50 51 54 57 59 63 64 66 69 71 72 77 80
54: 2 7 8 9 10 15 17 19 20 21 22 23 24 26 28 35 36 39 42 44 46 47 48 49 50 52 53 58 60 63 64 65 70 71 72 78 79
55: 2 6 7 10 12 13 15 17 18 19 20 22 23 27 29 34 36 39 41 42 43 44 47 48 49 51 56 57 60 61 62 66 69 71 72 77 79
56: 3 6 7 11 12 13 14 16 18 19 21 22 23 26 28 35 37 40 41 42 43 44 47 48 50 52 55 58 59 61 62 65 70 71 72 78 80
57: 4 6 8 10 11 12 13 14 18 19 20 22 24 26 28 30 32 34 39 41 42 43 45 47 48 49 53 55 58 61 63 65 66 69 71 73 75
58: 5 7 9 10 11 12 13 15 18 19 21 23 25 27 29 31 33 35 40 41 42 44 46 47 48 50 54 56 57 62 64 65 66 70 72 74 76
59: 2 4 5 10 11 12 13 16 17 19 20 22 24 30 31 33 34 36 39 41 42 43 44 45 46 47 49 50 53 56 62 63 67 68 69 72 80
60: 3 4 5 10 11 12 13 16 17 18 21 23 25 30 31 32 35 37 40 41 42 43 44 45 46 48 49 50 54 55 61 64 67 68 70 71 79
61: 2 7 8 9 11 14 16 17 20 21 23 24 25 27 29 32 33 35 36 39 40 44 45 46 47 49 50 51 55 56 57 60 62 66 70 77 79
62: 3 6 8 9 10 15 16 17 20 21 22 24 25 26 28 32 33 34 37 39 40 43 45 46 48 49 50 52 55 56 58 59 61 65 69 78 80
63: 3 6 7 10 12 13 15 16 17 19 21 22 24 27 29 32 33 35 37 39 40 42 43 44 46 48 50 51 53 54 57 59 64 66 70 77 80
64: 2 6 7 11 12 13 14 16 17 18 20 23 25 26 28 32 33 34 36 39 40 41 43 44 45 47 49 52 53 54 58 60 63 65 69 78 79
65: 5 6 8 9 11 13 14 15 16 17 18 20 22 24 25 27 29 31 32 34 39 42 43 45 46 49 54 56 57 58 62 64 66 69 71 74 76
66: 4 7 8 9 10 12 14 15 16 17 19 21 23 24 25 26 28 30 33 35 40 41 44 45 46 50 53 55 57 58 61 63 65 70 72 73 75
67: 7 8 9 10 11 12 13 14 15 16 18 20 22 24 26 27 28 29 33 34 39 42 43 45 47 50 59 60 68 69 72 73 74 75 76 79 80
68: 6 8 9 10 11 12 13 14 15 17 19 21 23 25 26 27 28 29 32 35 40 41 44 46 48 49 59 60 67 70 71 73 74 75 76 79 80
69: 2 3 4 5 8 10 11 12 14 15 19 21 23 26 27 28 29 30 35 38 39 43 45 53 55 57 59 62 64 65 67 73 75 76 77 78 79
70: 2 3 4 5 9 10 11 13 14 15 18 20 22 26 27 28 29 31 34 38 40 44 46 54 56 58 60 61 63 66 68 74 75 76 77 78 80
71: 2 3 4 5 7 8 9 10 12 13 14 16 24 26 27 28 29 30 33 38 41 48 49 51 52 53 54 55 56 57 60 65 68 73 74 75 80
72: 2 3 4 5 6 8 9 11 12 13 15 17 25 26 27 28 29 31 32 38 42 47 50 51 52 53 54 55 56 58 59 66 67 73 74 76 79
73: 2 3 5 6 9 12 14 15 16 18 21 22 24 25 31 33 34 35 36 37 39 40 44 45 47 49 50 52 57 66 67 68 69 71 72 75 78
74: 2 3 4 7 8 13 14 15 17 19 20 23 24 25 30 32 34 35 36 37 39 40 43 46 48 49 50 51 58 65 67 68 70 71 72 76 77
75: 2 3 5 6 7 8 10 11 13 17 19 20 22 23 31 32 33 35 36 37 40 41 42 43 46 48 50 52 57 66 67 68 69 70 71 73 78
76: 2 3 4 6 7 9 10 11 12 16 18 21 22 23 30 32 33 34 36 37 39 41 42 44 45 47 49 51 58 65 67 68 69 70 72 74 77
77: 5 6 7 8 9 10 11 13 15 16 17 18 19 21 24 25 26 28 31 32 33 39 40 42 44 46 51 52 53 55 61 63 69 70 74 76 78
78: 4 6 7 8 9 10 11 12 14 16 17 18 19 20 24 25 27 29 30 32 33 39 40 41 43 45 51 52 54 56 62 64 69 70 73 75 77
79: 3 4 5 6 7 8 9 14 15 16 18 19 20 21 22 24 25 30 31 33 34 37 39 42 43 46 47 48 54 55 60 61 64 67 68 69 72
80: 2 4 5 6 7 8 9 14 15 17 18 19 20 21 23 24 25 30 31 32 35 36 40 41 44 45 47 48 53 56 59 62 63 67 68 70 71

1: 2 3 4
2: 1 79 80
3: 1 78 80
4: 1 76 77
5: 6 7 80
6: 5 74 75
7: 5 73 75
8: 9 10 75
9: 8 71 72
10: 8 70 72
11: 12 13 72
12: 11 68 69
13: 11 67 69
14: 15 16 69
15: 14 65 66
16: 14 64 66
17: 66 76 77
18: 28 63 71
19: 20 21 63
20: 19 58 60
21: 19 59 60
22: 23 24 60
23: 22 56 57
24: 22 55 57
25: 26 57 67
26: 25 31 32
27: 33 34 68
28: 18 35 74
29: 54 56 77
30: 53 54 56
31: 26 52 67
32: 26 59 70
33: 27 62 73
34: 27 51 53
35: 28 36 55
36: 35 58 78
37: 46 52 79
38: 49 52 79
39: 54 61 62
40: 50 51 53
41: 48 49 51
42: 47 59 70
43: 44 58 78
44: 43 45 46
45: 44 50 61
46: 37 44 50
47: 42 48 49
48: 41 47 76
49: 38 41 47
50: 40 45 46
51: 34 40 41
52: 31 37 38
53: 30 34 40
54: 29 30 39
55: 24 35 74
56: 23 29 30
57: 23 24 25
58: 20 36 43
59: 21 32 42
60: 20 21 22
61: 39 45 65
62: 33 39 65
63: 18 19 64
64: 16 63 71
65: 15 61 62
66: 15 16 17
67: 13 25 31
68: 12 27 73
69: 12 13 14
70: 10 32 42
71: 9 18 64
72: 9 10 11
73: 7 33 68
74: 6 28 55
75: 6 7 8
76: 4 17 48
77: 4 17 29
78: 3 36 43
79: 2 37 38
80: 2 3 5

