1: 2 3 4
2: 1 41 43
3: 1 44 45
4: 1 42 46
5: 6 7 32
6: 5 25 31
7: 5 24 30
8: 9 10 23
9: 8 20 22
10: 8 18 19
11: 13 17 22
12: 28 31 40
13: 11 15 20
14: 17 26 39
15: 13 16 26
16: 15 18 27
17: 11 14 30
18: 10 16 20
19: 10 21 29
20: 9 13 18
21: 19 25 28
22: 9 11 24
23: 8 24 25
24: 7 22 23
25: 6 21 23
26: 14 15 35
27: 16 29 36
28: 12 21 38
29: 19 27 37
30: 7 17 34
31: 6 12 33
32: 5 33 34
33: 31 32 43
34: 30 32 41
35: 26 36 44
36: 27 35 45
37: 29 38 46
38: 28 37 42
39: 14 41 44
40: 12 42 43
41: 2 34 39
42: 4 38 40
43: 2 33 40
44: 3 35 39
45: 3 36 46
46: 4 37 45

1: 2 3 4
2: 1 41 45
3: 1 43 44
4: 1 42 46
5: 19 21 30
6: 20 24 39
7: 10 17 20
8: 9 21 22
9: 8 10 11
10: 7 9 19
11: 9 17 18
12: 15 18 22
13: 14 18 23
14: 13 17 24
15: 12 16 31
16: 15 23 32
17: 7 11 14
18: 11 12 13
19: 5 10 27
20: 6 7 27
21: 5 8 29
22: 8 12 28
23: 13 16 26
24: 6 14 26
25: 28 29 40
26: 23 24 38
27: 19 20 34
28: 22 25 36
29: 21 25 35
30: 5 34 35
31: 15 33 36
32: 16 33 37
33: 31 32 46
34: 27 30 44
35: 29 30 43
36: 28 31 42
37: 32 38 45
38: 26 37 41
39: 6 41 44
40: 25 42 43
41: 2 38 39
42: 4 36 40
43: 3 35 40
44: 3 34 39
45: 2 37 46
46: 4 33 45

1: 2 3 4
2: 1 42 43
3: 1 44 45
4: 1 41 46
5: 6 7 32
6: 5 22 24
7: 5 23 25
8: 9 10 21
9: 8 16 20
10: 8 15 19
11: 26 30 40
12: 18 26 28
13: 17 27 29
14: 15 16 39
15: 10 14 28
16: 9 14 29
17: 13 20 24
18: 12 19 25
19: 10 18 23
20: 9 17 22
21: 8 22 23
22: 6 20 21
23: 7 19 21
24: 6 17 31
25: 7 18 30
26: 11 12 35
27: 13 31 38
28: 12 15 36
29: 13 16 37
30: 11 25 34
31: 24 27 33
32: 5 33 34
33: 31 32 46
34: 30 32 41
35: 26 36 42
36: 28 35 43
37: 29 38 44
38: 27 37 45
39: 14 43 44
40: 11 41 42
41: 4 34 40
42: 2 35 40
43: 2 36 39
44: 3 37 39
45: 3 38 46
46: 4 33 45

1: 2 3 4
2: 1 41 43
3: 1 44 45
4: 1 42 46
5: 6 7 40
6: 5 31 32
7: 5 30 33
8: 11 34 35
9: 13 35 36
10: 12 15 34
11: 8 13 14
12: 10 19 37
13: 9 11 21
14: 11 15 20
15: 10 14 18
16: 23 37 39
17: 22 36 38
18: 15 19 25
19: 12 18 23
20: 14 21 24
21: 13 20 22
22: 17 21 26
23: 16 19 29
24: 20 25 27
25: 18 24 28
26: 22 27 31
27: 24 26 32
28: 25 29 33
29: 23 28 30
30: 7 29 39
31: 6 26 38
32: 6 27 33
33: 7 28 32
34: 8 10 44
35: 8 9 45
36: 9 17 46
37: 12 16 43
38: 17 31 42
39: 16 30 41
40: 5 41 42
41: 2 39 40
42: 4 38 40
43: 2 37 44
44: 3 34 43
45: 3 35 46
46: 4 36 45

1: 2 3 4
2: 1 42 43
3: 1 44 46
4: 1 41 45
5: 6 7 40
6: 5 30 33
7: 5 31 32
8: 9 10 21
9: 8 36 37
10: 8 15 17
11: 20 34 38
12: 13 14 20
13: 12 34 35
14: 12 15 19
15: 10 14 16
16: 15 35 36
17: 10 19 25
18: 22 37 39
19: 14 17 23
20: 11 12 23
21: 8 22 24
22: 18 21 29
23: 19 20 27
24: 21 25 28
25: 17 24 26
26: 25 27 32
27: 23 26 31
28: 24 29 33
29: 22 28 30
30: 6 29 39
31: 7 27 38
32: 7 26 33
33: 6 28 32
34: 11 13 43
35: 13 16 44
36: 9 16 46
37: 9 18 45
38: 11 31 42
39: 18 30 41
40: 5 41 42
41: 4 39 40
42: 2 38 40
43: 2 34 44
44: 3 35 43
45: 4 37 46
46: 3 36 45

1: 2 3 4
2: 1 42 45
3: 1 41 46
4: 1 43 44
5: 6 7 32
6: 5 24 31
7: 5 25 30
8: 10 26 28
9: 11 27 29
10: 8 11 17
11: 9 10 16
12: 15 16 29
13: 14 17 28
14: 13 19 40
15: 12 18 39
16: 11 12 20
17: 10 13 21
18: 15 23 31
19: 14 22 30
20: 16 21 23
21: 17 20 22
22: 19 21 25
23: 18 20 24
24: 6 23 25
25: 7 22 24
26: 8 27 37
27: 9 26 38
28: 8 13 36
29: 9 12 35
30: 7 19 34
31: 6 18 33
32: 5 33 34
33: 31 32 44
34: 30 32 43
35: 29 38 42
36: 28 37 41
37: 26 36 46
38: 27 35 45
39: 15 42 44
40: 14 41 43
41: 3 36 40
42: 2 35 39
43: 4 34 40
44: 4 33 39
45: 2 38 46
46: 3 37 45

1: 2 3 4
2: 1 42 43
3: 1 44 45
4: 1 41 46
5: 6 7 40
6: 5 33 39
7: 5 31 32
8: 12 22 38
9: 19 37 38
10: 12 24 33
11: 13 31 33
12: 8 10 34
13: 11 20 30
14: 15 16 32
15: 14 30 31
16: 14 28 29
17: 18 36 37
18: 17 19 26
19: 9 18 22
20: 13 24 27
21: 23 26 27
22: 8 19 23
23: 21 22 24
24: 10 20 23
25: 28 35 36
26: 18 21 28
27: 20 21 29
28: 16 25 26
29: 16 27 30
30: 13 15 29
31: 7 11 15
32: 7 14 35
33: 6 10 11
34: 12 39 46
35: 25 32 42
36: 17 25 43
37: 9 17 44
38: 8 9 45
39: 6 34 41
40: 5 41 42
41: 4 39 40
42: 2 35 40
43: 2 36 44
44: 3 37 43
45: 3 38 46
46: 4 34 45

1: 2 3 4
2: 1 42 43
3: 1 44 46
4: 1 41 45
5: 6 7 40
6: 5 31 32
7: 5 30 33
8: 9 10 29
9: 8 24 28
10: 8 23 27
11: 16 37 39
12: 15 36 37
13: 18 34 35
14: 19 35 36
15: 12 16 20
16: 11 15 17
17: 16 22 26
18: 13 21 25
19: 14 20 21
20: 15 19 22
21: 18 19 24
22: 17 20 23
23: 10 22 24
24: 9 21 23
25: 18 28 33
26: 17 27 32
27: 10 26 31
28: 9 25 30
29: 8 30 31
30: 7 28 29
31: 6 27 29
32: 6 26 39
33: 7 25 38
34: 13 38 43
35: 13 14 44
36: 12 14 46
37: 11 12 45
38: 33 34 42
39: 11 32 41
40: 5 41 42
41: 4 39 40
42: 2 38 40
43: 2 34 44
44: 3 35 43
45: 4 37 46
46: 3 36 45

1: 2 3 4
2: 1 41 42
3: 1 44 45
4: 1 43 46
5: 6 7 31
6: 5 22 30
7: 5 23 24
8: 15 16 30
9: 10 11 40
10: 9 24 28
11: 9 21 29
12: 21 22 24
13: 23 26 28
14: 17 27 29
15: 8 18 22
16: 8 19 39
17: 14 18 21
18: 15 17 19
19: 16 18 27
20: 25 26 38
21: 11 12 17
22: 6 12 15
23: 7 13 25
24: 7 10 12
25: 20 23 33
26: 13 20 37
27: 14 19 35
28: 10 13 36
29: 11 14 34
30: 6 8 32
31: 5 32 33
32: 30 31 42
33: 25 31 41
34: 29 35 43
35: 27 34 46
36: 28 37 44
37: 26 36 45
38: 20 41 45
39: 16 42 46
40: 9 43 44
41: 2 33 38
42: 2 32 39
43: 4 34 40
44: 3 36 40
45: 3 37 38
46: 4 35 39

1: 2 3 4
2: 1 42 43
3: 1 44 46
4: 1 41 45
5: 6 7 40
6: 5 31 33
7: 5 30 32
8: 9 10 29
9: 8 24 27
10: 8 23 28
11: 22 34 35
12: 14 36 37
13: 16 36 38
14: 12 16 19
15: 19 25 28
16: 13 14 25
17: 20 35 39
18: 21 34 37
19: 14 15 21
20: 17 24 26
21: 18 19 23
22: 11 23 24
23: 10 21 22
24: 9 20 22
25: 15 16 33
26: 20 27 32
27: 9 26 30
28: 10 15 31
29: 8 30 31
30: 7 27 29
31: 6 28 29
32: 7 26 39
33: 6 25 38
34: 11 18 46
35: 11 17 45
36: 12 13 43
37: 12 18 44
38: 13 33 42
39: 17 32 41
40: 5 41 42
41: 4 39 40
42: 2 38 40
43: 2 36 44
44: 3 37 43
45: 4 35 46
46: 3 34 45

1: 2 3 4
2: 1 41 45
3: 1 43 44
4: 1 42 46
5: 6 19 30
6: 5 17 24
7: 8 9 21
8: 7 17 19
9: 7 15 16
10: 11 14 24
11: 10 22 23
12: 13 15 31
13: 12 16 22
14: 10 16 17
15: 9 12 25
16: 9 13 14
17: 6 8 14
18: 23 28 40
19: 5 8 27
20: 21 27 39
21: 7 20 26
22: 11 13 28
23: 11 18 29
24: 6 10 29
25: 15 26 32
26: 21 25 38
27: 19 20 34
28: 18 22 36
29: 23 24 35
30: 5 34 35
31: 12 33 36
32: 25 33 37
33: 31 32 46
34: 27 30 44
35: 29 30 43
36: 28 31 42
37: 32 38 45
38: 26 37 41
39: 20 41 44
40: 18 42 43
41: 2 38 39
42: 4 36 40
43: 3 35 40
44: 3 34 39
45: 2 37 46
46: 4 33 45

1: 2 3 4
2: 1 41 42
3: 1 44 45
4: 1 43 46
5: 8 9 10
6: 8 11 15
7: 9 12 16
8: 5 6 14
9: 5 7 13
10: 5 11 12
11: 6 10 24
12: 7 10 23
13: 9 14 26
14: 8 13 25
15: 6 20 22
16: 7 19 21
17: 22 29 40
18: 21 30 39
19: 16 26 30
20: 15 25 29
21: 16 18 28
22: 15 17 27
23: 12 24 28
24: 11 23 27
25: 14 20 32
26: 13 19 31
27: 22 24 34
28: 21 23 33
29: 17 20 38
30: 18 19 37
31: 26 32 36
32: 25 31 35
33: 28 34 42
34: 27 33 41
35: 32 38 46
36: 31 37 45
37: 30 36 44
38: 29 35 43
39: 18 42 44
40: 17 41 43
41: 2 34 40
42: 2 33 39
43: 4 38 40
44: 3 37 39
45: 3 36 46
46: 4 35 45

1: 2 3 4
2: 1 42 43
3: 1 44 46
4: 1 41 45
5: 6 7 40
6: 5 33 39
7: 5 31 32
8: 26 38 39
9: 10 11 38
10: 9 30 37
11: 9 28 29
12: 23 25 27
13: 16 20 23
14: 16 21 24
15: 17 18 24
16: 13 14 25
17: 15 36 37
18: 15 21 22
19: 20 34 35
20: 13 19 21
21: 14 18 20
22: 18 35 36
23: 12 13 31
24: 14 15 30
25: 12 16 29
26: 8 28 33
27: 12 28 32
28: 11 26 27
29: 11 25 30
30: 10 24 29
31: 7 23 34
32: 7 27 33
33: 6 26 32
34: 19 31 42
35: 19 22 43
36: 17 22 44
37: 10 17 46
38: 8 9 45
39: 6 8 41
40: 5 41 42
41: 4 39 40
42: 2 34 40
43: 2 35 44
44: 3 36 43
45: 4 38 46
46: 3 37 45

1: 2 3 4
2: 1 42 43
3: 1 44 45
4: 1 41 46
5: 6 7 40
6: 5 33 39
7: 5 31 32
8: 12 22 38
9: 19 37 38
10: 12 23 33
11: 13 31 33
12: 8 10 34
13: 11 21 30
14: 15 16 32
15: 14 30 31
16: 14 28 29
17: 18 36 37
18: 17 19 26
19: 9 18 24
20: 24 26 27
21: 13 23 27
22: 8 23 24
23: 10 21 22
24: 19 20 22
25: 28 35 36
26: 18 20 28
27: 20 21 29
28: 16 25 26
29: 16 27 30
30: 13 15 29
31: 7 11 15
32: 7 14 35
33: 6 10 11
34: 12 39 46
35: 25 32 42
36: 17 25 43
37: 9 17 44
38: 8 9 45
39: 6 34 41
40: 5 41 42
41: 4 39 40
42: 2 35 40
43: 2 36 44
44: 3 37 43
45: 3 38 46
46: 4 34 45

1: 2 3 4
2: 1 41 42
3: 1 44 46
4: 1 43 45
5: 9 10 14
6: 7 8 10
7: 6 9 24
8: 6 11 17
9: 5 7 18
10: 5 6 16
11: 8 22 23
12: 15 18 32
13: 16 17 31
14: 5 15 19
15: 12 14 26
16: 10 13 25
17: 8 13 27
18: 9 12 30
19: 14 20 25
20: 19 26 39
21: 23 28 40
22: 11 24 28
23: 11 21 27
24: 7 22 29
25: 16 19 33
26: 15 20 34
27: 17 23 35
28: 21 22 37
29: 24 30 38
30: 18 29 36
31: 13 33 35
32: 12 34 36
33: 25 31 41
34: 26 32 44
35: 27 31 42
36: 30 32 46
37: 28 38 43
38: 29 37 45
39: 20 41 44
40: 21 42 43
41: 2 33 39
42: 2 35 40
43: 4 37 40
44: 3 34 39
45: 4 38 46
46: 3 36 45

1: 2 3 4
2: 1 42 43
3: 1 44 46
4: 1 41 45
5: 6 7 40
6: 5 33 39
7: 5 32 38
8: 9 10 31
9: 8 27 30
10: 8 26 28
11: 30 34 38
12: 23 37 39
13: 14 36 37
14: 13 15 16
15: 14 23 25
16: 14 22 24
17: 18 27 34
18: 17 21 35
19: 20 21 26
20: 19 25 28
21: 18 19 24
22: 16 35 36
23: 12 15 29
24: 16 21 25
25: 15 20 24
26: 10 19 27
27: 9 17 26
28: 10 20 29
29: 23 28 33
30: 9 11 32
31: 8 32 33
32: 7 30 31
33: 6 29 31
34: 11 17 43
35: 18 22 44
36: 13 22 46
37: 12 13 45
38: 7 11 42
39: 6 12 41
40: 5 41 42
41: 4 39 40
42: 2 38 40
43: 2 34 44
44: 3 35 43
45: 4 37 46
46: 3 36 45

1: 2 3 4
2: 1 45 46
3: 1 42 43
4: 1 41 44
5: 7 8 30
6: 23 25 27
7: 5 10 19
8: 5 20 21
9: 18 23 28
10: 7 12 28
11: 15 24 29
12: 10 13 14
13: 12 22 26
14: 12 17 18
15: 11 19 21
16: 17 22 24
17: 14 16 21
18: 9 14 20
19: 7 15 26
20: 8 18 27
21: 8 15 17
22: 13 16 40
23: 6 9 39
24: 11 16 34
25: 6 32 38
26: 13 19 37
27: 6 20 36
28: 9 10 35
29: 11 33 37
30: 5 35 36
31: 32 33 34
32: 25 31 43
33: 29 31 41
34: 24 31 42
35: 28 30 46
36: 27 30 45
37: 26 29 44
38: 25 41 45
39: 23 43 46
40: 22 42 44
41: 4 33 38
42: 3 34 40
43: 3 32 39
44: 4 37 40
45: 2 36 38
46: 2 35 39

1: 2 3 4
2: 1 43 46
3: 1 41 45
4: 1 42 44
5: 7 8 39
6: 7 36 38
7: 5 6 30
8: 5 9 10
9: 8 33 36
10: 8 31 32
11: 22 34 35
12: 14 34 37
13: 14 15 35
14: 12 13 26
15: 13 24 25
16: 18 20 21
17: 19 20 23
18: 16 28 29
19: 17 27 28
20: 16 17 25
21: 16 24 27
22: 11 25 26
23: 17 24 26
24: 15 21 23
25: 15 20 22
26: 14 22 23
27: 19 21 32
28: 18 19 31
29: 18 32 33
30: 7 31 33
31: 10 28 30
32: 10 27 29
33: 9 29 30
34: 11 12 43
35: 11 13 46
36: 6 9 45
37: 12 42 46
38: 6 41 44
39: 5 44 45
40: 41 42 43
41: 3 38 40
42: 4 37 40
43: 2 34 40
44: 4 38 39
45: 3 36 39
46: 2 35 37

1: 2 3 4
2: 1 41 42
3: 1 44 46
4: 1 43 45
5: 7 13 29
6: 7 11 12
7: 5 6 22
8: 19 21 40
9: 18 20 38
10: 15 17 39
11: 6 17 18
12: 6 14 15
13: 5 14 16
14: 12 13 26
15: 10 12 25
16: 13 28 31
17: 10 11 27
18: 9 11 23
19: 8 24 30
20: 9 27 28
21: 8 25 26
22: 7 23 24
23: 18 22 37
24: 19 22 36
25: 15 21 33
26: 14 21 34
27: 17 20 35
28: 16 20 32
29: 5 32 36
30: 19 33 37
31: 16 34 35
32: 28 29 46
33: 25 30 42
34: 26 31 43
35: 27 31 45
36: 24 29 44
37: 23 30 41
38: 9 41 46
39: 10 42 45
40: 8 43 44
41: 2 37 38
42: 2 33 39
43: 4 34 40
44: 3 36 40
45: 4 35 39
46: 3 32 38

1: 2 3 4
2: 1 45 46
3: 1 44 46
4: 1 43 45
5: 7 9 10
6: 8 9 10
7: 5 11 13
8: 6 12 14
9: 5 6 12
10: 5 6 11
11: 7 10 18
12: 8 9 17
13: 7 16 18
14: 8 15 17
15: 14 20 22
16: 13 19 21
17: 12 14 20
18: 11 13 19
19: 16 18 26
20: 15 17 25
21: 16 24 26
22: 15 23 25
23: 22 28 30
24: 21 27 29
25: 20 22 28
26: 19 21 27
27: 24 26 34
28: 23 25 33
29: 24 32 34
30: 23 31 33
31: 30 36 38
32: 29 35 37
33: 28 30 36
34: 27 29 35
35: 32 34 42
36: 31 33 41
37: 32 40 42
38: 31 39 41
39: 38 44 46
40: 37 43 45
41: 36 38 44
42: 35 37 43
43: 4 40 42
44: 3 39 41
45: 2 4 40
46: 2 3 39

1: 2 3 4
2: 1 45 46
3: 1 44 46
4: 1 43 45
5: 6 8 9
6: 5 7 10
7: 6 8 12
8: 5 7 11
9: 5 11 13
10: 6 12 14
11: 8 9 18
12: 7 10 17
13: 9 16 18
14: 10 15 17
15: 14 20 22
16: 13 19 21
17: 12 14 20
18: 11 13 19
19: 16 18 26
20: 15 17 25
21: 16 24 26
22: 15 23 25
23: 22 28 30
24: 21 27 29
25: 20 22 28
26: 19 21 27
27: 24 26 34
28: 23 25 33
29: 24 32 34
30: 23 31 33
31: 30 36 38
32: 29 35 37
33: 28 30 36
34: 27 29 35
35: 32 34 42
36: 31 33 41
37: 32 40 42
38: 31 39 41
39: 38 44 46
40: 37 43 45
41: 36 38 44
42: 35 37 43
43: 4 40 42
44: 3 39 41
45: 2 4 40
46: 2 3 39

