1: 2 3 4
2: 1 87 88
3: 1 90 92
4: 1 89 91
5: 15 16 26
6: 17 20 28
7: 19 21 31
8: 18 19 30
9: 16 21 22
10: 15 20 22
11: 14 32 33
12: 14 17 27
13: 14 18 29
14: 11 12 13
15: 5 10 53
16: 5 9 48
17: 6 12 49
18: 8 13 47
19: 7 8 51
20: 6 10 52
21: 7 9 50
22: 9 10 46
23: 44 45 75
24: 52 53 77
25: 50 51 76
26: 5 42 44
27: 12 38 39
28: 6 39 46
29: 13 37 49
30: 8 36 37
31: 7 36 48
32: 11 38 41
33: 11 40 47
34: 42 43 45
35: 40 41 43
36: 30 31 59
37: 29 30 61
38: 27 32 58
39: 27 28 57
40: 33 35 62
41: 32 35 63
42: 26 34 64
43: 34 35 60
44: 23 26 68
45: 23 34 63
46: 22 28 66
47: 18 33 65
48: 16 31 68
49: 17 29 67
50: 21 25 66
51: 19 25 65
52: 20 24 67
53: 15 24 64
54: 60 62 84
55: 59 61 86
56: 57 58 85
57: 39 56 74
58: 38 56 73
59: 36 55 70
60: 43 54 72
61: 37 55 71
62: 40 54 69
63: 41 45 73
64: 42 53 72
65: 47 51 69
66: 46 50 74
67: 49 52 71
68: 44 48 70
69: 62 65 78
70: 59 68 80
71: 61 67 81
72: 60 64 82
73: 58 63 83
74: 57 66 79
75: 23 80 83
76: 25 78 79
77: 24 81 82
78: 69 76 87
79: 74 76 88
80: 70 75 89
81: 71 77 90
82: 72 77 92
83: 73 75 91
84: 54 87 92
85: 56 88 91
86: 55 89 90
87: 2 78 84
88: 2 79 85
89: 4 80 86
90: 3 81 86
91: 4 83 85
92: 3 82 84

