1: 2 3 4 5 6 7 8 9 10 11 12 13 14 15 16 17 18 19 20 21 22 23 24 25 26 27 28 29 30 31 32 33 34 35 36 37 38 39 40 41 42 43
2: 1 3 4 5 6 7 8 9 10 11 12 13 14 15 16 17 18 19 20 21 22 23 24 25 26 27 28 29 30 31 32 33 34 35 36 37 44 45 46 47 48 49
3: 1 2 4 5 6 7 8 9 10 11 12 13 14 15 16 17 18 19 20 21 22 23 24 25 26 27 28 33 34 35 36 38 39 40 41 42 44 45 46 47 48 50
4: 1 2 3 5 6 7 8 9 10 11 12 13 14 16 17 18 20 21 22 24 25 26 27 29 30 31 32 33 34 35 36 38 39 40 42 43 44 45 46 48 49 50
5: 1 2 3 4 6 7 8 9 10 11 12 14 15 16 17 19 21 22 23 24 25 26 28 29 30 31 32 33 34 35 36 38 40 41 42 43 45 46 47 48 49 50
6: 1 2 3 4 5 7 8 9 10 11 12 13 15 16 18 19 20 21 23 24 26 27 28 29 30 31 32 33 34 35 36 39 40 41 42 43 44 45 47 48 49 50
7: 1 2 3 4 5 6 8 9 10 11 13 14 15 17 18 19 20 22 23 24 25 27 28 29 30 31 32 33 34 35 36 38 39 41 42 43 44 46 47 48 49 50
8: 1 2 3 4 5 6 7 9 10 11 12 13 14 15 17 18 19 20 21 22 23 25 26 28 29 30 31 33 34 36 37 38 39 40 42 43 44 45 47 48 49 50
9: 1 2 3 4 5 6 7 8 10 11 12 13 14 15 16 17 19 20 21 22 23 25 26 27 29 30 32 34 35 36 37 39 40 41 42 43 44 46 47 48 49 50
10: 1 2 3 4 5 6 7 8 9 11 12 13 14 15 16 17 18 20 21 22 23 26 27 28 29 31 32 33 35 36 37 38 39 41 42 43 45 46 47 48 49 50
11: 1 2 3 4 5 6 7 8 9 10 12 13 14 15 16 18 19 20 21 22 23 25 27 28 30 31 32 33 34 35 37 38 40 41 42 43 44 45 46 48 49 50
12: 1 2 3 4 5 6 8 9 10 11 13 14 15 16 17 18 19 20 21 22 24 26 27 28 29 30 31 34 35 36 37 38 40 41 42 43 44 45 46 47 49 50
13: 1 2 3 4 6 7 8 9 10 11 12 14 15 16 17 18 19 20 21 23 24 25 27 28 29 30 32 33 35 36 37 38 39 40 42 43 44 45 46 47 49 50
14: 1 2 3 4 5 7 8 9 10 11 12 13 15 16 17 18 19 21 22 23 24 25 26 27 30 31 32 33 34 36 37 38 39 41 42 43 44 45 46 47 49 50
15: 1 2 3 5 6 7 8 9 10 11 12 13 14 16 17 18 19 20 22 23 24 25 26 28 29 31 32 33 34 35 37 39 40 41 42 43 44 45 46 47 49 50
16: 1 2 3 4 5 6 9 10 11 12 13 14 15 17 18 19 20 21 23 24 25 26 27 29 30 31 32 33 34 35 37 38 39 40 41 42 45 46 47 48 49 50
17: 1 2 3 4 5 7 8 9 10 12 13 14 15 16 18 19 20 21 22 24 25 26 28 29 30 31 32 33 35 36 37 38 39 40 41 42 44 46 47 48 49 50
18: 1 2 3 4 6 7 8 10 11 12 13 14 15 16 17 19 20 22 23 24 26 27 28 29 30 31 32 33 34 36 37 38 39 40 41 42 44 45 46 48 49 50
19: 1 2 3 5 6 7 8 9 11 12 13 14 15 16 17 18 21 22 23 24 25 27 28 29 30 31 32 34 35 36 37 38 39 40 41 42 44 45 47 48 49 50
20: 1 2 3 4 6 7 8 9 10 11 12 13 15 16 17 18 21 22 23 24 25 26 27 28 29 30 31 33 34 35 37 38 39 40 41 43 44 46 47 48 49 50
21: 1 2 3 4 5 6 8 9 10 11 12 13 14 16 17 19 20 22 23 24 25 26 27 28 30 31 32 33 35 36 37 38 39 40 41 43 44 45 47 48 49 50
22: 1 2 3 4 5 7 8 9 10 11 12 14 15 17 18 19 20 21 23 24 25 26 27 28 29 31 32 34 35 36 37 38 39 40 41 43 44 45 46 48 49 50
23: 1 2 3 5 6 7 8 9 10 11 13 14 15 16 18 19 20 21 22 24 25 26 27 28 29 30 32 33 34 36 37 38 39 40 41 43 45 46 47 48 49 50
24: 1 2 3 4 5 6 7 12 13 14 15 16 17 18 19 20 21 22 23 25 26 27 28 29 30 31 32 33 34 35 36 38 39 40 41 43 44 45 46 47 49 50
25: 1 2 3 4 5 7 8 9 11 13 14 15 16 17 19 20 21 22 23 24 26 27 28 29 30 31 32 33 34 35 37 38 39 40 42 43 44 45 46 47 48 50
26: 1 2 3 4 5 6 8 9 10 12 14 15 16 17 18 20 21 22 23 24 25 27 28 29 30 31 32 33 34 36 37 39 40 41 42 43 44 45 46 47 48 50
27: 1 2 3 4 6 7 9 10 11 12 13 14 16 18 19 20 21 22 23 24 25 26 28 29 30 31 32 34 35 36 37 38 39 41 42 43 44 45 46 47 48 50
28: 1 2 3 5 6 7 8 10 11 12 13 15 17 18 19 20 21 22 23 24 25 26 27 29 30 31 32 33 35 36 37 38 40 41 42 43 44 45 46 47 48 50
29: 1 2 4 5 6 7 8 9 10 12 13 15 16 17 18 19 20 22 23 24 25 26 27 28 30 31 32 34 35 36 37 38 39 40 42 43 45 46 47 48 49 50
30: 1 2 4 5 6 7 8 9 11 12 13 14 16 17 18 19 20 21 23 24 25 26 27 28 29 31 32 33 34 36 37 38 40 41 42 43 44 46 47 48 49 50
31: 1 2 4 5 6 7 8 10 11 12 14 15 16 17 18 19 20 21 22 24 25 26 27 28 29 30 32 33 34 35 37 38 39 41 42 43 44 45 47 48 49 50
32: 1 2 4 5 6 7 9 10 11 13 14 15 16 17 18 19 21 22 23 24 25 26 27 28 29 30 31 33 35 36 37 39 40 41 42 43 44 45 46 48 49 50
33: 1 2 3 4 5 6 7 8 10 11 13 14 15 16 17 18 20 21 23 24 25 26 28 30 31 32 34 35 36 37 38 39 40 41 42 43 44 45 46 47 48 49
34: 1 2 3 4 5 6 7 8 9 11 12 14 15 16 18 19 20 22 23 24 25 26 27 29 30 31 33 35 36 37 38 39 40 41 42 43 44 45 46 47 48 49
35: 1 2 3 4 5 6 7 9 10 11 12 13 15 16 17 19 20 21 22 24 25 27 28 29 31 32 33 34 36 37 38 39 40 41 42 43 44 45 46 47 48 49
36: 1 2 3 4 5 6 7 8 9 10 12 13 14 17 18 19 21 22 23 24 26 27 28 29 30 32 33 34 35 37 38 39 40 41 42 43 44 45 46 47 48 49
37: 1 2 8 9 10 11 12 13 14 15 16 17 18 19 20 21 22 23 25 26 27 28 29 30 31 32 33 34 35 36 38 39 40 41 42 43 44 45 46 47 48 49
38: 1 3 4 5 7 8 10 11 12 13 14 16 17 18 19 20 21 22 23 24 25 27 28 29 30 31 33 34 35 36 37 39 40 41 42 43 45 46 47 48 49 50
39: 1 3 4 6 7 8 9 10 13 14 15 16 17 18 19 20 21 22 23 24 25 26 27 29 31 32 33 34 35 36 37 38 40 41 42 43 44 45 47 48 49 50
40: 1 3 4 5 6 8 9 11 12 13 15 16 17 18 19 20 21 22 23 24 25 26 28 29 30 32 33 34 35 36 37 38 39 41 42 43 44 45 46 48 49 50
41: 1 3 5 6 7 9 10 11 12 14 15 16 17 18 19 20 21 22 23 24 26 27 28 30 31 32 33 34 35 36 37 38 39 40 42 43 44 46 47 48 49 50
42: 1 3 4 5 6 7 8 9 10 11 12 13 14 15 16 17 18 19 25 26 27 28 29 30 31 32 33 34 35 36 37 38 39 40 41 43 44 45 46 47 48 50
43: 1 4 5 6 7 8 9 10 11 12 13 14 15 20 21 22 23 24 25 26 27 28 29 30 31 32 33 34 35 36 37 38 39 40 41 42 44 45 46 47 49 50
44: 2 3 4 6 7 8 9 11 12 13 14 15 17 18 19 20 21 22 24 25 26 27 28 30 31 32 33 34 35 36 37 39 40 41 42 43 45 46 47 48 49 50
45: 2 3 4 5 6 8 10 11 12 13 14 15 16 18 19 21 22 23 24 25 26 27 28 29 31 32 33 34 35 36 37 38 39 40 42 43 44 46 47 48 49 50
46: 2 3 4 5 7 9 10 11 12 13 14 15 16 17 18 20 22 23 24 25 26 27 28 29 30 32 33 34 35 36 37 38 40 41 42 43 44 45 47 48 49 50
47: 2 3 5 6 7 8 9 10 12 13 14 15 16 17 19 20 21 23 24 25 26 27 28 29 30 31 33 34 35 36 37 38 39 41 42 43 44 45 46 48 49 50
48: 2 3 4 5 6 7 8 9 10 11 16 17 18 19 20 21 22 23 25 26 27 28 29 30 31 32 33 34 35 36 37 38 39 40 41 42 44 45 46 47 49 50
49: 2 4 5 6 7 8 9 10 11 12 13 14 15 16 17 18 19 20 21 22 23 24 29 30 31 32 33 34 35 36 37 38 39 40 41 43 44 45 46 47 48 50
50: 3 4 5 6 7 8 9 10 11 12 13 14 15 16 17 18 19 20 21 22 23 24 25 26 27 28 29 30 31 32 38 39 40 41 42 43 44 45 46 47 48 49

1: 2 3 4 5 6 7 8
2: 1 9 10 11 12 13 14
3: 1 15 26 27 28 29 30
4: 1 18 24 31 39 47 48
5: 1 17 22 32 41 42 43
6: 1 20 25 33 35 40 45
7: 1 19 21 34 37 44 49
8: 1 16 23 36 38 46 50
9: 2 15 21 22 23 24 25
10: 2 20 28 31 38 42 49
11: 2 17 26 44 45 46 48
12: 2 19 30 33 36 39 43
13: 2 18 27 32 34 40 50
14: 2 16 29 35 37 41 47
15: 3 9 16 17 18 19 20
16: 8 14 15 31 40 43 44
17: 5 11 15 33 47 49 50
18: 4 13 15 36 37 42 45
19: 7 12 15 32 35 38 48
20: 6 10 15 34 39 41 46
21: 7 9 30 31 41 45 50
22: 5 9 26 37 38 39 40
23: 8 9 29 33 34 42 48
24: 4 9 27 35 43 46 49
25: 6 9 28 32 36 44 47
26: 3 11 22 31 34 35 36
27: 3 13 24 33 38 41 44
28: 3 10 25 37 43 48 50
29: 3 14 23 32 39 45 49
30: 3 12 21 40 42 46 47
31: 4 10 16 21 26 32 33
32: 5 13 19 25 29 31 46
33: 6 12 17 23 27 31 37
34: 7 13 20 23 26 43 47
35: 6 14 19 24 26 42 50
36: 8 12 18 25 26 41 49
37: 7 14 18 22 28 33 46
38: 8 10 19 22 27 45 47
39: 4 12 20 22 29 44 50
40: 6 13 16 22 30 48 49
41: 5 14 20 21 27 36 48
42: 5 10 18 23 30 35 44
43: 5 12 16 24 28 34 45
44: 7 11 16 25 27 39 42
45: 6 11 18 21 29 38 43
46: 8 11 20 24 30 32 37
47: 4 14 17 25 30 34 38
48: 4 11 19 23 28 40 41
49: 7 10 17 24 29 36 40
50: 8 13 17 21 28 35 39

1: 2 3 4
2: 1 45 47
3: 1 48 49
4: 1 46 50
5: 6 7 36
6: 5 29 35
7: 5 27 28
8: 33 35 44
9: 15 29 33
10: 11 12 28
11: 10 24 25
12: 10 23 26
13: 14 18 31
14: 13 16 32
15: 9 19 34
16: 14 19 21
17: 20 22 31
18: 13 21 22
19: 15 16 23
20: 17 24 43
21: 16 18 26
22: 17 18 25
23: 12 19 27
24: 11 20 30
25: 11 22 26
26: 12 21 25
27: 7 23 29
28: 7 10 30
29: 6 9 27
30: 24 28 38
31: 13 17 39
32: 14 34 40
33: 8 9 42
34: 15 32 41
35: 6 8 37
36: 5 37 38
37: 35 36 47
38: 30 36 45
39: 31 40 48
40: 32 39 49
41: 34 42 50
42: 33 41 46
43: 20 45 48
44: 8 46 47
45: 2 38 43
46: 4 42 44
47: 2 37 44
48: 3 39 43
49: 3 40 50
50: 4 41 49

1: 2 3 4
2: 1 45 47
3: 1 48 49
4: 1 46 50
5: 6 7 36
6: 5 29 35
7: 5 27 28
8: 19 35 44
9: 19 20 29
10: 11 12 28
11: 10 26 27
12: 10 24 25
13: 23 31 32
14: 21 31 43
15: 16 20 22
16: 15 18 33
17: 18 22 23
18: 16 17 34
19: 8 9 33
20: 9 15 26
21: 14 24 30
22: 15 17 25
23: 13 17 24
24: 12 21 23
25: 12 22 26
26: 11 20 25
27: 7 11 29
28: 7 10 30
29: 6 9 27
30: 21 28 38
31: 13 14 39
32: 13 34 40
33: 16 19 42
34: 18 32 41
35: 6 8 37
36: 5 37 38
37: 35 36 47
38: 30 36 45
39: 31 40 48
40: 32 39 49
41: 34 42 50
42: 33 41 46
43: 14 45 48
44: 8 46 47
45: 2 38 43
46: 4 42 44
47: 2 37 44
48: 3 39 43
49: 3 40 50
50: 4 41 49

1: 2 3 4
2: 1 47 50
3: 1 46 48
4: 1 45 49
5: 6 7 44
6: 5 35 37
7: 5 34 36
8: 9 10 33
9: 8 28 32
10: 8 27 31
11: 12 13 26
12: 11 21 23
13: 11 20 22
14: 17 39 40
15: 24 30 32
16: 25 29 31
17: 14 22 29
18: 19 23 30
19: 18 21 38
20: 13 40 41
21: 12 19 41
22: 13 17 25
23: 12 18 24
24: 15 23 28
25: 16 22 27
26: 11 27 28
27: 10 25 26
28: 9 24 26
29: 16 17 37
30: 15 18 36
31: 10 16 35
32: 9 15 34
33: 8 34 35
34: 7 32 33
35: 6 31 33
36: 7 30 43
37: 6 29 42
38: 19 43 48
39: 14 42 49
40: 14 20 50
41: 20 21 47
42: 37 39 45
43: 36 38 46
44: 5 45 46
45: 4 42 44
46: 3 43 44
47: 2 41 48
48: 3 38 47
49: 4 39 50
50: 2 40 49

1: 2 3 4
2: 1 46 50
3: 1 45 49
4: 1 47 48
5: 7 11 12
6: 7 15 16
7: 5 6 10
8: 10 20 34
9: 12 17 33
10: 7 8 18
11: 5 13 18
12: 5 9 19
13: 11 17 24
14: 21 22 35
15: 6 19 22
16: 6 20 21
17: 9 13 32
18: 10 11 31
19: 12 15 29
20: 8 16 30
21: 14 16 28
22: 14 15 27
23: 24 32 44
24: 13 23 31
25: 28 30 42
26: 27 29 43
27: 22 26 39
28: 21 25 38
29: 19 26 41
30: 20 25 40
31: 18 24 37
32: 17 23 36
33: 9 36 41
34: 8 37 40
35: 14 38 39
36: 32 33 45
37: 31 34 46
38: 28 35 48
39: 27 35 47
40: 30 34 50
41: 29 33 49
42: 25 48 50
43: 26 47 49
44: 23 45 46
45: 3 36 44
46: 2 37 44
47: 4 39 43
48: 4 38 42
49: 3 41 43
50: 2 40 42

1: 2 3 4
2: 1 46 50
3: 1 47 49
4: 1 45 48
5: 7 12 16
6: 7 9 14
7: 5 6 11
8: 9 18 35
9: 6 8 19
10: 11 22 33
11: 7 10 17
12: 5 13 21
13: 12 17 24
14: 6 18 22
15: 20 21 34
16: 5 19 20
17: 11 13 32
18: 8 14 27
19: 9 16 28
20: 15 16 30
21: 12 15 31
22: 10 14 29
23: 24 32 44
24: 13 23 31
25: 27 29 43
26: 28 30 42
27: 18 25 38
28: 19 26 39
29: 22 25 41
30: 20 26 40
31: 21 24 37
32: 17 23 36
33: 10 36 41
34: 15 37 40
35: 8 38 39
36: 32 33 45
37: 31 34 46
38: 27 35 49
39: 28 35 47
40: 30 34 50
41: 29 33 48
42: 26 47 50
43: 25 48 49
44: 23 45 46
45: 4 36 44
46: 2 37 44
47: 3 39 42
48: 4 41 43
49: 3 38 43
50: 2 40 42

1: 2 3 4
2: 1 47 50
3: 1 46 48
4: 1 45 49
5: 6 7 44
6: 5 35 36
7: 5 34 37
8: 9 10 29
9: 8 28 41
10: 8 23 24
11: 24 39 41
12: 16 21 40
13: 14 40 42
14: 13 20 26
15: 16 17 24
16: 12 15 39
17: 15 21 22
18: 19 25 26
19: 18 20 22
20: 14 19 21
21: 12 17 20
22: 17 19 23
23: 10 22 27
24: 10 11 15
25: 18 27 33
26: 14 18 32
27: 23 25 30
28: 9 31 38
29: 8 30 31
30: 27 29 37
31: 28 29 34
32: 26 33 35
33: 25 32 36
34: 7 31 43
35: 6 32 42
36: 6 33 37
37: 7 30 36
38: 28 43 48
39: 11 16 50
40: 12 13 49
41: 9 11 47
42: 13 35 45
43: 34 38 46
44: 5 45 46
45: 4 42 44
46: 3 43 44
47: 2 41 48
48: 3 38 47
49: 4 40 50
50: 2 39 49

1: 2 3 4
2: 1 45 47
3: 1 48 49
4: 1 46 50
5: 6 7 36
6: 5 29 35
7: 5 27 28
8: 9 10 35
9: 8 16 44
10: 8 21 29
11: 12 13 28
12: 11 23 26
13: 11 24 25
14: 22 33 34
15: 20 31 43
16: 9 17 33
17: 16 21 24
18: 19 23 32
19: 18 26 31
20: 15 26 30
21: 10 17 25
22: 14 23 24
23: 12 18 22
24: 13 17 22
25: 13 21 27
26: 12 19 20
27: 7 25 29
28: 7 11 30
29: 6 10 27
30: 20 28 38
31: 15 19 39
32: 18 34 40
33: 14 16 42
34: 14 32 41
35: 6 8 37
36: 5 37 38
37: 35 36 47
38: 30 36 45
39: 31 40 48
40: 32 39 49
41: 34 42 50
42: 33 41 46
43: 15 45 48
44: 9 46 47
45: 2 38 43
46: 4 42 44
47: 2 37 44
48: 3 39 43
49: 3 40 50
50: 4 41 49

1: 2 3 4
2: 1 45 49
3: 1 46 48
4: 1 47 50
5: 6 7 36
6: 5 27 31
7: 5 26 28
8: 9 10 31
9: 8 25 30
10: 8 24 27
11: 12 13 30
12: 11 22 37
13: 11 21 23
14: 15 16 26
15: 14 17 28
16: 14 19 24
17: 15 18 29
18: 17 19 23
19: 16 18 21
20: 22 29 38
21: 13 19 25
22: 12 20 23
23: 13 18 22
24: 10 16 25
25: 9 21 24
26: 7 14 27
27: 6 10 26
28: 7 15 33
29: 17 20 32
30: 9 11 34
31: 6 8 35
32: 29 33 44
33: 28 32 40
34: 30 35 42
35: 31 34 41
36: 5 40 41
37: 12 39 42
38: 20 39 43
39: 37 38 50
40: 33 36 46
41: 35 36 48
42: 34 37 47
43: 38 44 49
44: 32 43 45
45: 2 44 46
46: 3 40 45
47: 4 42 48
48: 3 41 47
49: 2 43 50
50: 4 39 49

1: 2 3 4
2: 1 45 50
3: 1 47 48
4: 1 46 49
5: 15 17 34
6: 14 16 35
7: 9 13 14
8: 9 15 16
9: 7 8 17
10: 11 13 19
11: 10 12 20
12: 11 22 26
13: 7 10 18
14: 6 7 19
15: 5 8 25
16: 6 8 23
17: 5 9 18
18: 13 17 33
19: 10 14 32
20: 11 24 33
21: 22 28 44
22: 12 21 32
23: 16 25 31
24: 20 29 43
25: 15 23 30
26: 12 28 29
27: 30 31 42
28: 21 26 40
29: 24 26 41
30: 25 27 37
31: 23 27 38
32: 19 22 39
33: 18 20 36
34: 5 36 37
35: 6 38 39
36: 33 34 45
37: 30 34 50
38: 31 35 49
39: 32 35 46
40: 28 41 47
41: 29 40 48
42: 27 49 50
43: 24 45 48
44: 21 46 47
45: 2 36 43
46: 4 39 44
47: 3 40 44
48: 3 41 43
49: 4 38 42
50: 2 37 42

1: 2 3 4
2: 1 46 49
3: 1 48 50
4: 1 45 47
5: 20 21 44
6: 7 8 17
7: 6 14 16
8: 6 12 13
9: 14 22 36
10: 23 26 35
11: 13 25 26
12: 8 24 27
13: 8 11 15
14: 7 9 24
15: 13 19 23
16: 7 18 22
17: 6 18 19
18: 16 17 21
19: 15 17 20
20: 5 19 32
21: 5 18 31
22: 9 16 31
23: 10 15 32
24: 12 14 33
25: 11 27 30
26: 10 11 29
27: 12 25 34
28: 29 30 43
29: 26 28 39
30: 25 28 42
31: 21 22 38
32: 20 23 37
33: 24 34 40
34: 27 33 41
35: 10 37 39
36: 9 38 40
37: 32 35 45
38: 31 36 46
39: 29 35 47
40: 33 36 49
41: 34 42 50
42: 30 41 48
43: 28 47 48
44: 5 45 46
45: 4 37 44
46: 2 38 44
47: 4 39 43
48: 3 42 43
49: 2 40 50
50: 3 41 49

1: 2 3 4
2: 1 46 50
3: 1 45 49
4: 1 47 48
5: 6 13 17
6: 5 16 20
7: 8 14 18
8: 7 15 19
9: 11 24 32
10: 12 23 31
11: 9 26 34
12: 10 25 33
13: 5 14 23
14: 7 13 24
15: 8 16 26
16: 6 15 25
17: 5 21 27
18: 7 22 28
19: 8 22 30
20: 6 21 29
21: 17 20 44
22: 18 19 43
23: 10 13 42
24: 9 14 42
25: 12 16 41
26: 11 15 41
27: 17 28 37
28: 18 27 40
29: 20 30 39
30: 19 29 38
31: 10 36 37
32: 9 35 40
33: 12 36 39
34: 11 35 38
35: 32 34 48
36: 31 33 47
37: 27 31 45
38: 30 34 46
39: 29 33 46
40: 28 32 45
41: 25 26 50
42: 23 24 49
43: 22 44 48
44: 21 43 47
45: 3 37 40
46: 2 38 39
47: 4 36 44
48: 4 35 43
49: 3 42 50
50: 2 41 49

1: 2 3 4
2: 1 45 46
3: 1 48 50
4: 1 47 49
5: 6 7 26
6: 5 13 34
7: 5 10 33
8: 10 12 13
9: 12 15 17
10: 7 8 24
11: 18 25 42
12: 8 9 21
13: 6 8 19
14: 20 22 44
15: 9 19 20
16: 21 23 43
17: 9 22 23
18: 11 27 35
19: 13 15 28
20: 14 15 32
21: 12 16 31
22: 14 17 30
23: 16 17 29
24: 10 27 31
25: 11 28 32
26: 5 29 30
27: 18 24 38
28: 19 25 41
29: 23 26 39
30: 22 26 40
31: 21 24 37
32: 20 25 36
33: 7 38 39
34: 6 40 41
35: 18 36 37
36: 32 35 48
37: 31 35 50
38: 27 33 45
39: 29 33 46
40: 30 34 47
41: 28 34 49
42: 11 45 49
43: 16 46 50
44: 14 47 48
45: 2 38 42
46: 2 39 43
47: 4 40 44
48: 3 36 44
49: 4 41 42
50: 3 37 43

1: 2 3 4
2: 1 47 50
3: 1 45 49
4: 1 46 48
5: 7 8 43
6: 7 40 42
7: 5 6 34
8: 5 9 10
9: 8 37 40
10: 8 35 36
11: 27 38 39
12: 14 38 41
13: 14 15 39
14: 12 13 30
15: 13 28 29
16: 17 23 24
17: 16 18 20
18: 17 25 26
19: 21 24 25
20: 17 21 22
21: 19 20 32
22: 20 31 33
23: 16 31 32
24: 16 19 29
25: 18 19 28
26: 18 29 30
27: 11 28 30
28: 15 25 27
29: 15 24 26
30: 14 26 27
31: 22 23 35
32: 21 23 36
33: 22 36 37
34: 7 35 37
35: 10 31 34
36: 10 32 33
37: 9 33 34
38: 11 12 47
39: 11 13 50
40: 6 9 49
41: 12 46 50
42: 6 45 48
43: 5 48 49
44: 45 46 47
45: 3 42 44
46: 4 41 44
47: 2 38 44
48: 4 42 43
49: 3 40 43
50: 2 39 41

1: 2 3 4
2: 1 49 50
3: 1 46 47
4: 1 45 48
5: 7 8 34
6: 27 29 31
7: 5 10 24
8: 5 23 25
9: 21 27 32
10: 7 12 32
11: 20 28 33
12: 10 13 14
13: 12 20 22
14: 12 19 21
15: 16 23 24
16: 15 26 30
17: 22 26 28
18: 19 20 30
19: 14 18 23
20: 11 13 18
21: 9 14 25
22: 13 17 24
23: 8 15 19
24: 7 15 22
25: 8 21 31
26: 16 17 44
27: 6 9 43
28: 11 17 38
29: 6 36 42
30: 16 18 41
31: 6 25 40
32: 9 10 39
33: 11 37 41
34: 5 39 40
35: 36 37 38
36: 29 35 47
37: 33 35 45
38: 28 35 46
39: 32 34 50
40: 31 34 49
41: 30 33 48
42: 29 45 49
43: 27 47 50
44: 26 46 48
45: 4 37 42
46: 3 38 44
47: 3 36 43
48: 4 41 44
49: 2 40 42
50: 2 39 43

1: 2 3 4
2: 1 49 50
3: 1 48 50
4: 1 47 49
5: 7 8 9
6: 7 8 10
7: 5 6 14
8: 5 6 13
9: 5 11 13
10: 6 12 14
11: 9 16 18
12: 10 15 17
13: 8 9 16
14: 7 10 15
15: 12 14 22
16: 11 13 21
17: 12 20 22
18: 11 19 21
19: 18 24 26
20: 17 23 25
21: 16 18 24
22: 15 17 23
23: 20 22 30
24: 19 21 29
25: 20 28 30
26: 19 27 29
27: 26 32 34
28: 25 31 33
29: 24 26 32
30: 23 25 31
31: 28 30 38
32: 27 29 37
33: 28 36 38
34: 27 35 37
35: 34 40 42
36: 33 39 41
37: 32 34 40
38: 31 33 39
39: 36 38 46
40: 35 37 45
41: 36 44 46
42: 35 43 45
43: 42 48 50
44: 41 47 49
45: 40 42 48
46: 39 41 47
47: 4 44 46
48: 3 43 45
49: 2 4 44
50: 2 3 43

1: 2 3 4
2: 1 45 46
3: 1 48 49
4: 1 47 50
5: 7 10 33
6: 7 13 34
7: 5 6 26
8: 12 15 16
9: 23 25 42
10: 5 17 22
11: 18 19 44
12: 8 20 21
13: 6 20 22
14: 21 24 43
15: 8 19 23
16: 8 18 24
17: 10 27 35
18: 11 16 29
19: 11 15 30
20: 12 13 32
21: 12 14 31
22: 10 13 31
23: 9 15 32
24: 14 16 28
25: 9 27 30
26: 7 28 29
27: 17 25 38
28: 24 26 39
29: 18 26 41
30: 19 25 36
31: 21 22 37
32: 20 23 40
33: 5 38 39
34: 6 40 41
35: 17 36 37
36: 30 35 48
37: 31 35 49
38: 27 33 45
39: 28 33 46
40: 32 34 50
41: 29 34 47
42: 9 45 50
43: 14 46 49
44: 11 47 48
45: 2 38 42
46: 2 39 43
47: 4 41 44
48: 3 36 44
49: 3 37 43
50: 4 40 42

1: 2 3 4
2: 1 49 50
3: 1 48 50
4: 1 47 49
5: 6 8 9
6: 5 7 10
7: 6 8 14
8: 5 7 13
9: 5 11 13
10: 6 12 14
11: 9 16 18
12: 10 15 17
13: 8 9 16
14: 7 10 15
15: 12 14 22
16: 11 13 21
17: 12 20 22
18: 11 19 21
19: 18 24 26
20: 17 23 25
21: 16 18 24
22: 15 17 23
23: 20 22 30
24: 19 21 29
25: 20 28 30
26: 19 27 29
27: 26 32 34
28: 25 31 33
29: 24 26 32
30: 23 25 31
31: 28 30 38
32: 27 29 37
33: 28 36 38
34: 27 35 37
35: 34 40 42
36: 33 39 41
37: 32 34 40
38: 31 33 39
39: 36 38 46
40: 35 37 45
41: 36 44 46
42: 35 43 45
43: 42 48 50
44: 41 47 49
45: 40 42 48
46: 39 41 47
47: 4 44 46
48: 3 43 45
49: 2 4 44
50: 2 3 43

1: 2 3 4
2: 1 45 48
3: 1 46 50
4: 1 47 49
5: 8 9 35
6: 9 10 33
7: 8 10 34
8: 5 7 26
9: 5 6 24
10: 6 7 25
11: 12 13 14
12: 11 18 20
13: 11 19 21
14: 11 22 23
15: 18 21 42
16: 19 23 44
17: 20 22 43
18: 12 15 27
19: 13 16 29
20: 12 17 30
21: 13 15 28
22: 14 17 32
23: 14 16 31
24: 9 27 30
25: 10 31 32
26: 8 28 29
27: 18 24 36
28: 21 26 37
29: 19 26 38
30: 20 24 39
31: 23 25 41
32: 22 25 40
33: 6 36 41
34: 7 37 40
35: 5 38 39
36: 27 33 45
37: 28 34 46
38: 29 35 49
39: 30 35 47
40: 32 34 50
41: 31 33 48
42: 15 45 46
43: 17 47 50
44: 16 48 49
45: 2 36 42
46: 3 37 42
47: 4 39 43
48: 2 41 44
49: 4 38 44
50: 3 40 43

1: 2 3 4
2: 1 49 50
3: 1 46 48
4: 1 45 47
5: 23 25 31
6: 24 26 32
7: 8 18 28
8: 7 17 27
9: 12 20 30
10: 11 19 29
11: 10 22 28
12: 9 21 27
13: 15 26 42
14: 16 25 41
15: 13 22 44
16: 14 21 43
17: 8 24 34
18: 7 23 33
19: 10 20 38
20: 9 19 37
21: 12 16 40
22: 11 15 39
23: 5 18 37
24: 6 17 38
25: 5 14 44
26: 6 13 43
27: 8 12 42
28: 7 11 41
29: 10 36 40
30: 9 35 39
31: 5 34 36
32: 6 33 35
33: 18 32 45
34: 17 31 46
35: 30 32 50
36: 29 31 49
37: 20 23 48
38: 19 24 47
39: 22 30 46
40: 21 29 45
41: 14 28 50
42: 13 27 49
43: 16 26 48
44: 15 25 47
45: 4 33 40
46: 3 34 39
47: 4 38 44
48: 3 37 43
49: 2 36 42
50: 2 35 41

