1: 2 3 4 5
2: 1 54 55 59
3: 1 53 56 60
4: 1 5 58 60
5: 1 4 57 59
6: 24 25 57 58
7: 12 13 16 17
8: 9 11 19 25
9: 8 10 18 24
10: 9 11 12 18
11: 8 10 13 19
12: 7 10 14 20
13: 7 11 15 21
14: 12 18 20 37
15: 13 19 21 38
16: 7 17 21 23
17: 7 16 20 22
18: 9 10 14 28
19: 8 11 15 29
20: 12 14 17 33
21: 13 15 16 32
22: 17 23 31 34
23: 16 22 30 34
24: 6 9 27 28
25: 6 8 26 29
26: 25 29 46 58
27: 24 28 45 57
28: 18 24 27 44
29: 19 25 26 43
30: 23 32 36 42
31: 22 33 35 41
32: 21 30 38 39
33: 20 31 37 40
34: 22 23 41 42
35: 31 40 41 51
36: 30 39 42 52
37: 14 33 40 44
38: 15 32 39 43
39: 32 36 38 48
40: 33 35 37 47
41: 31 34 35 50
42: 30 34 36 49
43: 29 38 46 48
44: 28 37 45 47
45: 27 44 47 59
46: 26 43 48 60
47: 40 44 45 54
48: 39 43 46 53
49: 42 50 52 56
50: 41 49 51 55
51: 35 50 54 55
52: 36 49 53 56
53: 3 48 52 60
54: 2 47 51 59
55: 2 50 51 56
56: 3 49 52 55
57: 5 6 27 58
58: 4 6 26 57
59: 2 5 45 54
60: 3 4 46 53

1: 2 3 4
2: 1 57 58
3: 1 4 60
4: 1 3 59
5: 6 7 16
6: 5 7 11
7: 5 6 10
8: 10 12 17
9: 11 13 18
10: 7 8 17
11: 6 9 18
12: 8 15 20
13: 9 14 19
14: 13 15 19
15: 12 14 20
16: 5 21 22
17: 8 10 26
18: 9 11 25
19: 13 14 24
20: 12 15 23
21: 16 22 28
22: 16 21 27
23: 20 34 60
24: 19 33 59
25: 18 30 36
26: 17 29 35
27: 22 32 37
28: 21 31 38
29: 26 32 35
30: 25 31 36
31: 28 30 38
32: 27 29 37
33: 24 44 59
34: 23 43 60
35: 26 29 40
36: 25 30 39
37: 27 32 42
38: 28 31 41
39: 36 44 48
40: 35 43 47
41: 38 46 50
42: 37 45 49
43: 34 40 47
44: 33 39 48
45: 42 46 49
46: 41 45 50
47: 40 43 52
48: 39 44 51
49: 42 45 53
50: 41 46 54
51: 48 54 56
52: 47 53 55
53: 49 52 55
54: 50 51 56
55: 52 53 58
56: 51 54 57
57: 2 56 58
58: 2 55 57
59: 4 24 33
60: 3 23 34

1: 2 3 4
2: 1 55 56
3: 1 58 60
4: 1 57 59
5: 8 13 14
6: 8 12 15
7: 8 11 16
8: 5 6 7
9: 13 15 25
10: 14 16 26
11: 7 12 24
12: 6 11 23
13: 5 9 18
14: 5 10 17
15: 6 9 19
16: 7 10 20
17: 14 18 30
18: 13 17 29
19: 15 28 32
20: 16 27 31
21: 26 30 46
22: 25 29 45
23: 12 28 38
24: 11 27 37
25: 9 22 32
26: 10 21 31
27: 20 24 35
28: 19 23 36
29: 18 22 43
30: 17 21 44
31: 20 26 42
32: 19 25 41
33: 35 42 53
34: 36 41 54
35: 27 33 40
36: 28 34 39
37: 24 38 40
38: 23 37 39
39: 36 38 52
40: 35 37 51
41: 32 34 50
42: 31 33 49
43: 29 44 48
44: 30 43 47
45: 22 48 50
46: 21 47 49
47: 44 46 60
48: 43 45 59
49: 42 46 58
50: 41 45 57
51: 40 52 56
52: 39 51 55
53: 33 56 58
54: 34 55 57
55: 2 52 54
56: 2 51 53
57: 4 50 54
58: 3 49 53
59: 4 48 60
60: 3 47 59

1: 2 3 4
2: 1 58 60
3: 1 55 56
4: 1 57 59
5: 18 23 28
6: 7 8 28
7: 6 19 21
8: 6 18 20
9: 10 24 33
10: 9 25 32
11: 12 14 33
12: 11 16 32
13: 14 15 30
14: 11 13 20
15: 13 18 27
16: 12 17 21
17: 16 19 31
18: 5 8 15
19: 7 17 26
20: 8 14 21
21: 7 16 20
22: 26 31 54
23: 5 27 43
24: 9 34 45
25: 10 35 44
26: 19 22 40
27: 15 23 39
28: 5 6 40
29: 30 39 53
30: 13 29 42
31: 17 22 41
32: 10 12 41
33: 9 11 42
34: 24 35 38
35: 25 34 37
36: 37 38 52
37: 35 36 51
38: 34 36 50
39: 27 29 47
40: 26 28 46
41: 31 32 49
42: 30 33 48
43: 23 46 47
44: 25 49 51
45: 24 48 50
46: 40 43 55
47: 39 43 56
48: 42 45 58
49: 41 44 57
50: 38 45 60
51: 37 44 59
52: 36 59 60
53: 29 56 58
54: 22 55 57
55: 3 46 54
56: 3 47 53
57: 4 49 54
58: 2 48 53
59: 4 51 52
60: 2 50 52

1: 2 3 4
2: 1 55 56
3: 1 58 60
4: 1 57 59
5: 27 28 54
6: 7 8 24
7: 6 19 21
8: 6 18 20
9: 11 23 32
10: 11 12 30
11: 9 10 14
12: 10 32 44
13: 31 36 45
14: 11 15 19
15: 14 21 30
16: 20 35 36
17: 18 21 29
18: 8 17 34
19: 7 14 23
20: 8 16 22
21: 7 15 17
22: 20 26 31
23: 9 19 25
24: 6 25 26
25: 23 24 28
26: 22 24 27
27: 5 26 43
28: 5 25 42
29: 17 33 41
30: 10 15 41
31: 13 22 43
32: 9 12 42
33: 29 40 53
34: 18 35 40
35: 16 34 38
36: 13 16 39
37: 38 39 52
38: 35 37 51
39: 36 37 49
40: 33 34 50
41: 29 30 46
42: 28 32 48
43: 27 31 47
44: 12 46 48
45: 13 47 49
46: 41 44 59
47: 43 45 58
48: 42 44 57
49: 39 45 60
50: 40 51 56
51: 38 50 55
52: 37 55 60
53: 33 56 59
54: 5 57 58
55: 2 51 52
56: 2 50 53
57: 4 48 54
58: 3 47 54
59: 4 46 53
60: 3 49 52

1: 30 31
2: 32 33
3: 34 36
4: 29 35
5: 37 42 53 59
6: 38 39 54 55
7: 40 41 56 57
8: 43 44 58 60
9: 10 11 45 46
10: 9 12 45 48
11: 9 12 46 47
12: 10 11 47 48
13: 43 44 45 48
14: 37 42 45 46
15: 38 39 46 47
16: 40 41 47 48
17: 18 29 49 53
18: 17 30 49 54
19: 20 31 50 55
20: 19 32 50 56
21: 24 33 51 57
22: 23 36 52 58
23: 22 35 52 59
24: 21 34 51 60
25: 29 35 53 59
26: 30 31 54 55
27: 32 33 56 57
28: 34 36 58 60
29: 4 17 25 53
30: 1 18 26 54
31: 1 19 26 55
32: 2 20 27 56
33: 2 21 27 57
34: 3 24 28 60
35: 4 23 25 59
36: 3 22 28 58
37: 5 14 38 46 49 53
38: 6 15 37 46 49 54
39: 6 15 40 47 50 55
40: 7 16 39 47 50 56
41: 7 16 44 48 51 57
42: 5 14 43 45 52 59
43: 8 13 42 45 52 58
44: 8 13 41 48 51 60
45: 9 10 13 14 42 43
46: 9 11 14 15 37 38
47: 11 12 15 16 39 40
48: 10 12 13 16 41 44
49: 17 18 37 38 53 54
50: 19 20 39 40 55 56
51: 21 24 41 44 57 60
52: 22 23 42 43 58 59
53: 5 17 25 29 37 49
54: 6 18 26 30 38 49
55: 6 19 26 31 39 50
56: 7 20 27 32 40 50
57: 7 21 27 33 41 51
58: 8 22 28 36 43 52
59: 5 23 25 35 42 52
60: 8 24 28 34 44 51

1: 2 3 4
2: 1 59 60
3: 1 58 60
4: 1 57 59
5: 6 7 10
6: 5 8 9
7: 5 9 11
8: 6 10 12
9: 6 7 16
10: 5 8 15
11: 7 14 16
12: 8 13 15
13: 12 18 20
14: 11 17 19
15: 10 12 18
16: 9 11 17
17: 14 16 24
18: 13 15 23
19: 14 22 24
20: 13 21 23
21: 20 26 28
22: 19 25 27
23: 18 20 26
24: 17 19 25
25: 22 24 32
26: 21 23 31
27: 22 30 32
28: 21 29 31
29: 28 34 36
30: 27 33 35
31: 26 28 34
32: 25 27 33
33: 30 32 40
34: 29 31 39
35: 30 38 40
36: 29 37 39
37: 36 42 44
38: 35 41 43
39: 34 36 42
40: 33 35 41
41: 38 40 48
42: 37 39 47
43: 38 46 48
44: 37 45 47
45: 44 50 52
46: 43 49 51
47: 42 44 50
48: 41 43 49
49: 46 48 56
50: 45 47 55
51: 46 54 56
52: 45 53 55
53: 52 58 60
54: 51 57 59
55: 50 52 58
56: 49 51 57
57: 4 54 56
58: 3 53 55
59: 2 4 54
60: 2 3 53

1: 2 3 4
2: 1 55 58
3: 1 56 57
4: 1 59 60
5: 37 39 42
6: 38 40 41
7: 10 22 24
8: 12 21 23
9: 11 19 20
10: 7 25 26
11: 9 28 29
12: 8 27 30
13: 14 33 37
14: 13 35 40
15: 16 32 38
16: 15 34 39
17: 18 36 42
18: 17 31 41
19: 9 23 49
20: 9 24 50
21: 8 22 51
22: 7 21 52
23: 8 19 54
24: 7 20 53
25: 10 31 43
26: 10 33 48
27: 12 36 44
28: 11 35 45
29: 11 34 46
30: 12 32 47
31: 18 25 45
32: 15 30 43
33: 13 26 44
34: 16 29 48
35: 14 28 47
36: 17 27 46
37: 5 13 49
38: 6 15 50
39: 5 16 51
40: 6 14 52
41: 6 18 54
42: 5 17 53
43: 25 32 55
44: 27 33 56
45: 28 31 57
46: 29 36 58
47: 30 35 60
48: 26 34 59
49: 19 37 55
50: 20 38 56
51: 21 39 57
52: 22 40 58
53: 24 42 60
54: 23 41 59
55: 2 43 49
56: 3 44 50
57: 3 45 51
58: 2 46 52
59: 4 48 54
60: 4 47 53

1: 2 3 4
2: 1 59 60
3: 1 56 58
4: 1 55 57
5: 6 7 54
6: 5 41 43
7: 5 40 42
8: 39 44 45
9: 11 21 48
10: 12 22 49
11: 9 24 45
12: 10 23 44
13: 14 28 47
14: 13 27 46
15: 32 46 51
16: 31 47 50
17: 22 30 53
18: 21 29 52
19: 20 24 26
20: 19 23 25
21: 9 18 30
22: 10 17 29
23: 12 20 27
24: 11 19 28
25: 20 37 49
26: 19 38 48
27: 14 23 34
28: 13 24 33
29: 18 22 36
30: 17 21 35
31: 16 32 38
32: 15 31 37
33: 28 41 53
34: 27 40 52
35: 30 43 51
36: 29 42 50
37: 25 32 43
38: 26 31 42
39: 8 40 41
40: 7 34 39
41: 6 33 39
42: 7 36 38
43: 6 35 37
44: 8 12 60
45: 8 11 59
46: 14 15 58
47: 13 16 57
48: 9 26 56
49: 10 25 55
50: 16 36 60
51: 15 35 59
52: 18 34 58
53: 17 33 57
54: 5 55 56
55: 4 49 54
56: 3 48 54
57: 4 47 53
58: 3 46 52
59: 2 45 51
60: 2 44 50

1: 2 3 4
2: 1 59 60
3: 1 58 60
4: 1 56 57
5: 6 7 60
6: 5 54 55
7: 5 53 55
8: 9 10 55
9: 8 51 52
10: 8 50 52
11: 12 13 52
12: 11 48 49
13: 11 47 49
14: 49 56 57
15: 33 46 51
16: 17 18 46
17: 16 42 43
18: 16 41 43
19: 20 21 43
20: 19 39 40
21: 19 38 40
22: 23 40 53
23: 22 26 50
24: 34 35 54
25: 41 57 59
26: 23 28 39
27: 28 29 39
28: 26 27 45
29: 27 36 37
30: 36 44 45
31: 34 37 42
32: 35 36 37
33: 15 34 42
34: 24 31 33
35: 24 32 58
36: 29 30 32
37: 29 31 32
38: 21 41 59
39: 20 26 27
40: 20 21 22
41: 18 25 38
42: 17 31 33
43: 17 18 19
44: 30 48 56
45: 28 30 48
46: 15 16 47
47: 13 46 51
48: 12 44 45
49: 12 13 14
50: 10 23 53
51: 9 15 47
52: 9 10 11
53: 7 22 50
54: 6 24 58
55: 6 7 8
56: 4 14 44
57: 4 14 25
58: 3 35 54
59: 2 25 38
60: 2 3 5

1: 2 3 4
2: 1 55 56
3: 1 58 60
4: 1 57 59
5: 18 19 22
6: 12 14 23
7: 13 15 24
8: 9 17 19
9: 8 16 18
10: 11 20 36
11: 10 21 35
12: 6 13 28
13: 7 12 27
14: 6 17 42
15: 7 16 41
16: 9 15 33
17: 8 14 34
18: 5 9 32
19: 5 8 31
20: 10 30 32
21: 11 29 31
22: 5 27 28
23: 6 34 36
24: 7 33 35
25: 29 37 40
26: 30 38 39
27: 13 22 46
28: 12 22 45
29: 21 25 52
30: 20 26 51
31: 19 21 50
32: 18 20 49
33: 16 24 47
34: 17 23 48
35: 11 24 50
36: 10 23 49
37: 25 44 45
38: 26 43 46
39: 26 42 54
40: 25 41 53
41: 15 40 52
42: 14 39 51
43: 38 44 48
44: 37 43 47
45: 28 37 58
46: 27 38 57
47: 33 44 58
48: 34 43 57
49: 32 36 56
50: 31 35 55
51: 30 42 60
52: 29 41 59
53: 40 54 56
54: 39 53 55
55: 2 50 54
56: 2 49 53
57: 4 46 48
58: 3 45 47
59: 4 52 60
60: 3 51 59

1: 2 3 4
2: 1 59 60
3: 1 58 60
4: 1 56 57
5: 6 7 60
6: 5 54 55
7: 5 53 55
8: 55 56 57
9: 13 19 58
10: 14 20 59
11: 16 18 22
12: 15 17 21
13: 9 14 24
14: 10 13 23
15: 12 16 26
16: 11 15 25
17: 12 26 57
18: 11 25 56
19: 9 22 27
20: 10 21 28
21: 12 20 30
22: 11 19 29
23: 14 36 59
24: 13 35 58
25: 16 18 38
26: 15 17 37
27: 19 29 40
28: 20 30 39
29: 22 27 41
30: 21 28 42
31: 33 36 42
32: 34 35 41
33: 31 38 40
34: 32 37 39
35: 24 32 44
36: 23 31 43
37: 26 34 46
38: 25 33 45
39: 28 34 46
40: 27 33 45
41: 29 32 44
42: 30 31 43
43: 36 42 50
44: 35 41 49
45: 38 40 52
46: 37 39 51
47: 48 50 52
48: 47 49 51
49: 44 48 54
50: 43 47 53
51: 46 48 54
52: 45 47 53
53: 7 50 52
54: 6 49 51
55: 6 7 8
56: 4 8 18
57: 4 8 17
58: 3 9 24
59: 2 10 23
60: 2 3 5

1: 2 3 4
2: 1 56 60
3: 1 55 59
4: 1 57 58
5: 22 23 30
6: 22 24 26
7: 23 25 27
8: 16 24 44
9: 17 25 43
10: 15 19 54
11: 14 18 53
12: 14 20 27
13: 15 21 26
14: 11 12 15
15: 10 13 14
16: 8 29 36
17: 9 28 35
18: 11 21 38
19: 10 20 37
20: 12 19 33
21: 13 18 34
22: 5 6 36
23: 5 7 35
24: 6 8 41
25: 7 9 42
26: 6 13 32
27: 7 12 31
28: 17 34 40
29: 16 33 39
30: 5 31 32
31: 27 30 52
32: 26 30 51
33: 20 29 52
34: 21 28 51
35: 17 23 50
36: 16 22 49
37: 19 40 50
38: 18 39 49
39: 29 38 48
40: 28 37 47
41: 24 42 46
42: 25 41 45
43: 9 46 48
44: 8 45 47
45: 42 44 56
46: 41 43 55
47: 40 44 60
48: 39 43 59
49: 36 38 58
50: 35 37 57
51: 32 34 60
52: 31 33 59
53: 11 56 58
54: 10 55 57
55: 3 46 54
56: 2 45 53
57: 4 50 54
58: 4 49 53
59: 3 48 52
60: 2 47 51

1: 2 3 4
2: 1 59 60
3: 1 56 58
4: 1 55 57
5: 44 45 54
6: 14 46 48
7: 15 47 49
8: 26 49 50
9: 27 48 51
10: 19 29 46
11: 18 28 47
12: 13 19 27
13: 12 18 26
14: 6 22 25
15: 7 23 24
16: 21 22 24
17: 20 23 25
18: 11 13 31
19: 10 12 30
20: 17 37 51
21: 16 36 50
22: 14 16 37
23: 15 17 36
24: 15 16 33
25: 14 17 32
26: 8 13 35
27: 9 12 34
28: 11 29 35
29: 10 28 34
30: 19 39 52
31: 18 38 53
32: 25 40 53
33: 24 41 52
34: 27 29 41
35: 26 28 40
36: 21 23 39
37: 20 22 38
38: 31 37 43
39: 30 36 42
40: 32 35 43
41: 33 34 42
42: 39 41 45
43: 38 40 44
44: 5 43 60
45: 5 42 59
46: 6 10 57
47: 7 11 58
48: 6 9 56
49: 7 8 55
50: 8 21 58
51: 9 20 57
52: 30 33 60
53: 31 32 59
54: 5 55 56
55: 4 49 54
56: 3 48 54
57: 4 46 51
58: 3 47 50
59: 2 45 53
60: 2 44 52

1: 2 3 4
2: 1 55 57
3: 1 56 60
4: 1 58 59
5: 30 40 41
6: 28 37 42
7: 29 32 41
8: 36 39 42
9: 27 31 38
10: 11 23 35
11: 10 33 36
12: 13 24 34
13: 12 33 38
14: 16 26 39
15: 17 25 37
16: 14 18 34
17: 15 18 35
18: 16 17 40
19: 22 27 46
20: 24 30 51
21: 23 26 49
22: 19 25 52
23: 10 21 44
24: 12 20 48
25: 15 22 48
26: 14 21 52
27: 9 19 43
28: 6 29 44
29: 7 28 45
30: 5 20 49
31: 9 32 54
32: 7 31 47
33: 11 13 53
34: 12 16 45
35: 10 17 54
36: 8 11 46
37: 6 15 50
38: 9 13 50
39: 8 14 47
40: 5 18 43
41: 5 7 53
42: 6 8 51
43: 27 40 55
44: 23 28 55
45: 29 34 56
46: 19 36 56
47: 32 39 57
48: 24 25 57
49: 21 30 60
50: 37 38 60
51: 20 42 58
52: 22 26 59
53: 33 41 59
54: 31 35 58
55: 2 43 44
56: 3 45 46
57: 2 47 48
58: 4 51 54
59: 4 52 53
60: 3 49 50

1: 2 3 4
2: 1 58 60
3: 1 57 60
4: 1 56 59
5: 6 7 60
6: 5 54 55
7: 5 53 55
8: 9 10 55
9: 8 51 52
10: 8 50 52
11: 12 13 52
12: 11 49 59
13: 11 48 49
14: 15 56 59
15: 14 16 50
16: 15 19 20
17: 46 47 51
18: 45 47 51
19: 16 39 50
20: 16 26 42
21: 22 23 47
22: 21 43 44
23: 21 42 44
24: 29 41 54
25: 26 41 42
26: 20 25 37
27: 38 40 43
28: 33 49 58
29: 24 33 58
30: 31 32 39
31: 30 38 53
32: 30 36 37
33: 28 29 35
34: 36 40 48
35: 33 36 37
36: 32 34 35
37: 26 32 35
38: 27 31 57
39: 19 30 53
40: 27 34 46
41: 24 25 45
42: 20 23 25
43: 22 27 57
44: 22 23 56
45: 18 41 54
46: 17 40 48
47: 17 18 21
48: 13 34 46
49: 12 13 28
50: 10 15 19
51: 9 17 18
52: 9 10 11
53: 7 31 39
54: 6 24 45
55: 6 7 8
56: 4 14 44
57: 3 38 43
58: 2 28 29
59: 4 12 14
60: 2 3 5

1: 2 3 4
2: 1 59 60
3: 1 58 60
4: 1 56 57
5: 6 7 60
6: 5 54 55
7: 5 53 55
8: 9 10 55
9: 8 50 52
10: 8 51 52
11: 12 13 52
12: 11 48 49
13: 11 47 49
14: 15 16 49
15: 14 44 46
16: 14 45 46
17: 18 19 46
18: 17 41 43
19: 17 42 43
20: 21 22 43
21: 20 39 40
22: 20 38 40
23: 24 25 40
24: 23 35 37
25: 23 36 37
26: 27 28 37
27: 26 33 34
28: 26 32 34
29: 34 56 57
30: 39 45 57
31: 44 50 56
32: 28 47 54
33: 27 42 48
34: 27 28 29
35: 24 44 50
36: 25 51 59
37: 24 25 26
38: 22 47 54
39: 21 30 53
40: 21 22 23
41: 18 51 59
42: 19 33 58
43: 18 19 20
44: 15 31 35
45: 16 30 53
46: 15 16 17
47: 13 32 38
48: 12 33 58
49: 12 13 14
50: 9 31 35
51: 10 36 41
52: 9 10 11
53: 7 39 45
54: 6 32 38
55: 6 7 8
56: 4 29 31
57: 4 29 30
58: 3 42 48
59: 2 36 41
60: 2 3 5

1: 2 3 4
2: 1 55 56
3: 1 57 60
4: 1 58 59
5: 9 10 38
6: 20 21 22
7: 12 16 17
8: 11 13 18
9: 5 13 15
10: 5 14 16
11: 8 35 42
12: 7 36 41
13: 8 9 34
14: 10 32 40
15: 9 33 39
16: 7 10 31
17: 7 29 34
18: 8 25 30
19: 28 30 37
20: 6 26 27
21: 6 25 31
22: 6 28 36
23: 27 32 33
24: 26 29 35
25: 18 21 45
26: 20 24 52
27: 20 23 53
28: 19 22 48
29: 17 24 46
30: 18 19 51
31: 16 21 54
32: 14 23 47
33: 15 23 50
34: 13 17 53
35: 11 24 54
36: 12 22 49
37: 19 47 52
38: 5 43 45
39: 15 46 48
40: 14 44 49
41: 12 43 51
42: 11 44 50
43: 38 41 59
44: 40 42 55
45: 25 38 55
46: 29 39 56
47: 32 37 56
48: 28 39 57
49: 36 40 58
50: 33 42 60
51: 30 41 60
52: 26 37 59
53: 27 34 58
54: 31 35 57
55: 2 44 45
56: 2 46 47
57: 3 48 54
58: 4 49 53
59: 4 43 52
60: 3 50 51

1: 2 3 4
2: 1 59 60
3: 1 55 57
4: 1 56 58
5: 40 53 54
6: 9 10 22
7: 11 12 28
8: 13 14 16
9: 6 12 14
10: 6 11 13
11: 7 10 18
12: 7 9 17
13: 8 10 20
14: 8 9 19
15: 19 20 34
16: 8 17 18
17: 12 16 24
18: 11 16 23
19: 14 15 26
20: 13 15 25
21: 23 24 39
22: 6 25 26
23: 18 21 30
24: 17 21 29
25: 20 22 32
26: 19 22 31
27: 31 32 46
28: 7 29 30
29: 24 28 38
30: 23 28 37
31: 26 27 36
32: 25 27 35
33: 37 38 51
34: 15 35 36
35: 32 34 42
36: 31 34 41
37: 30 33 44
38: 29 33 43
39: 21 43 44
40: 5 41 42
41: 36 40 48
42: 35 40 47
43: 38 39 50
44: 37 39 49
45: 49 50 52
46: 27 47 48
47: 42 46 60
48: 41 46 59
49: 44 45 58
50: 43 45 57
51: 33 57 58
52: 45 55 56
53: 5 56 60
54: 5 55 59
55: 3 52 54
56: 4 52 53
57: 3 50 51
58: 4 49 51
59: 2 48 54
60: 2 47 53

1: 2 3 4
2: 1 59 60
3: 1 58 60
4: 1 56 57
5: 6 7 60
6: 5 54 55
7: 5 53 55
8: 9 10 55
9: 8 50 52
10: 8 51 52
11: 12 13 52
12: 11 48 49
13: 11 47 49
14: 15 16 49
15: 14 45 46
16: 14 44 46
17: 46 56 57
18: 22 35 54
19: 28 50 58
20: 29 50 58
21: 34 47 53
22: 18 26 56
23: 24 25 57
24: 23 32 48
25: 23 33 48
26: 22 30 54
27: 31 47 53
28: 19 30 33
29: 20 31 32
30: 26 28 38
31: 27 29 39
32: 24 29 39
33: 25 28 38
34: 21 36 37
35: 18 36 37
36: 34 35 41
37: 34 35 42
38: 30 33 43
39: 31 32 40
40: 39 44 59
41: 36 44 59
42: 37 45 51
43: 38 45 51
44: 16 40 41
45: 15 42 43
46: 15 16 17
47: 13 21 27
48: 12 24 25
49: 12 13 14
50: 9 19 20
51: 10 42 43
52: 9 10 11
53: 7 21 27
54: 6 18 26
55: 6 7 8
56: 4 17 22
57: 4 17 23
58: 3 19 20
59: 2 40 41
60: 2 3 5

1: 2 3 4
2: 1 55 56
3: 1 58 60
4: 1 57 59
5: 6 7 36
6: 5 25 45
7: 5 24 44
8: 9 10 23
9: 8 20 22
10: 8 19 21
11: 18 26 27
12: 13 14 43
13: 12 29 33
14: 12 28 32
15: 28 29 52
16: 26 30 53
17: 27 31 54
18: 11 19 20
19: 10 18 31
20: 9 18 30
21: 10 33 35
22: 9 32 34
23: 8 24 25
24: 7 23 35
25: 6 23 34
26: 11 16 38
27: 11 17 37
28: 14 15 42
29: 13 15 41
30: 16 20 40
31: 17 19 39
32: 14 22 40
33: 13 21 39
34: 22 25 42
35: 21 24 41
36: 5 37 38
37: 27 36 51
38: 26 36 50
39: 31 33 47
40: 30 32 46
41: 29 35 49
42: 28 34 48
43: 12 46 47
44: 7 49 51
45: 6 48 50
46: 40 43 56
47: 39 43 55
48: 42 45 60
49: 41 44 59
50: 38 45 58
51: 37 44 57
52: 15 59 60
53: 16 56 58
54: 17 55 57
55: 2 47 54
56: 2 46 53
57: 4 51 54
58: 3 50 53
59: 4 49 52
60: 3 48 52

1: 2 3 4
2: 1 56 60
3: 1 55 59
4: 1 57 58
5: 8 23 24
6: 9 11 35
7: 10 12 36
8: 5 9 10
9: 6 8 21
10: 7 8 22
11: 6 17 20
12: 7 18 19
13: 18 20 26
14: 17 19 25
15: 31 39 42
16: 32 40 41
17: 11 14 30
18: 12 13 29
19: 12 14 34
20: 11 13 33
21: 9 34 37
22: 10 33 38
23: 5 28 29
24: 5 27 30
25: 14 28 31
26: 13 27 32
27: 24 26 54
28: 23 25 53
29: 18 23 48
30: 17 24 47
31: 15 25 52
32: 16 26 51
33: 20 22 50
34: 19 21 49
35: 6 48 52
36: 7 47 51
37: 21 46 53
38: 22 45 54
39: 15 44 49
40: 16 43 50
41: 16 44 46
42: 15 43 45
43: 40 42 60
44: 39 41 59
45: 38 42 58
46: 37 41 57
47: 30 36 55
48: 29 35 56
49: 34 39 56
50: 33 40 55
51: 32 36 58
52: 31 35 57
53: 28 37 60
54: 27 38 59
55: 3 47 50
56: 2 48 49
57: 4 46 52
58: 4 45 51
59: 3 44 54
60: 2 43 53

1: 2 3 4
2: 1 56 60
3: 1 55 59
4: 1 57 58
5: 7 9 27
6: 8 10 28
7: 5 12 14
8: 6 11 13
9: 5 13 15
10: 6 14 16
11: 8 18 33
12: 7 17 34
13: 8 9 20
14: 7 10 19
15: 9 16 22
16: 10 15 21
17: 12 22 24
18: 11 21 23
19: 14 20 25
20: 13 19 26
21: 16 18 26
22: 15 17 25
23: 18 29 42
24: 17 30 41
25: 19 22 32
26: 20 21 31
27: 5 30 32
28: 6 29 31
29: 23 28 40
30: 24 27 39
31: 26 28 36
32: 25 27 35
33: 11 36 38
34: 12 35 37
35: 32 34 44
36: 31 33 43
37: 34 39 48
38: 33 40 47
39: 30 37 50
40: 29 38 49
41: 24 44 45
42: 23 43 46
43: 36 42 60
44: 35 41 59
45: 41 48 58
46: 42 47 57
47: 38 46 56
48: 37 45 55
49: 40 54 60
50: 39 53 59
51: 52 54 55
52: 51 53 56
53: 50 52 58
54: 49 51 57
55: 3 48 51
56: 2 47 52
57: 4 46 54
58: 4 45 53
59: 3 44 50
60: 2 43 49

1: 2 3 4
2: 1 55 56
3: 1 58 59
4: 1 57 60
5: 26 36 52
6: 25 26 35
7: 28 29 54
8: 23 25 27
9: 22 24 27
10: 11 19 20
11: 10 12 30
12: 11 13 44
13: 12 33 34
14: 31 35 53
15: 16 30 32
16: 15 17 18
17: 16 23 29
18: 16 25 31
19: 10 24 32
20: 10 22 33
21: 22 23 28
22: 9 20 21
23: 8 17 21
24: 9 19 43
25: 6 8 18
26: 5 6 39
27: 8 9 39
28: 7 21 41
29: 7 17 40
30: 11 15 40
31: 14 18 42
32: 15 19 42
33: 13 20 41
34: 13 38 45
35: 6 14 37
36: 5 37 38
37: 35 36 51
38: 34 36 50
39: 26 27 46
40: 29 30 48
41: 28 33 49
42: 31 32 47
43: 24 46 47
44: 12 48 50
45: 34 49 51
46: 39 43 55
47: 42 43 56
48: 40 44 57
49: 41 45 58
50: 38 44 60
51: 37 45 59
52: 5 55 60
53: 14 56 59
54: 7 57 58
55: 2 46 52
56: 2 47 53
57: 4 48 54
58: 3 49 54
59: 3 51 53
60: 4 50 52

1: 2 3 4
2: 1 55 56
3: 1 58 59
4: 1 57 60
5: 6 7 36
6: 5 25 45
7: 5 24 44
8: 9 23 26
9: 8 10 43
10: 9 27 34
11: 13 26 35
12: 29 30 54
13: 11 14 15
14: 13 22 30
15: 13 21 28
16: 21 22 33
17: 22 29 31
18: 21 27 32
19: 31 33 53
20: 28 32 52
21: 15 16 18
22: 14 16 17
23: 8 24 25
24: 7 23 35
25: 6 23 34
26: 8 11 40
27: 10 18 42
28: 15 20 39
29: 12 17 37
30: 12 14 40
31: 17 19 38
32: 18 20 41
33: 16 19 42
34: 10 25 41
35: 11 24 39
36: 5 37 38
37: 29 36 49
38: 31 36 47
39: 28 35 46
40: 26 30 48
41: 32 34 51
42: 27 33 50
43: 9 48 50
44: 7 46 47
45: 6 49 51
46: 39 44 55
47: 38 44 56
48: 40 43 57
49: 37 45 58
50: 42 43 60
51: 41 45 59
52: 20 55 59
53: 19 56 60
54: 12 57 58
55: 2 46 52
56: 2 47 53
57: 4 48 54
58: 3 49 54
59: 3 51 52
60: 4 50 53

1: 2 3 4
2: 1 59 60
3: 1 56 57
4: 1 55 58
5: 7 8 44
6: 37 39 41
7: 5 10 35
8: 5 33 34
9: 32 37 42
10: 7 12 42
11: 22 38 43
12: 10 13 14
13: 12 30 32
14: 12 29 31
15: 16 17 28
16: 15 23 25
17: 15 22 24
18: 19 26 27
19: 18 36 40
20: 24 36 38
21: 22 23 40
22: 11 17 21
23: 16 21 26
24: 17 20 27
25: 16 34 35
26: 18 23 31
27: 18 24 29
28: 15 29 30
29: 14 27 28
30: 13 28 34
31: 14 26 35
32: 9 13 33
33: 8 32 41
34: 8 25 30
35: 7 25 31
36: 19 20 54
37: 6 9 53
38: 11 20 48
39: 6 46 52
40: 19 21 51
41: 6 33 50
42: 9 10 49
43: 11 47 51
44: 5 49 50
45: 46 47 48
46: 39 45 57
47: 43 45 55
48: 38 45 56
49: 42 44 60
50: 41 44 59
51: 40 43 58
52: 39 55 59
53: 37 57 60
54: 36 56 58
55: 4 47 52
56: 3 48 54
57: 3 46 53
58: 4 51 54
59: 2 50 52
60: 2 49 53

1: 2 3 4
2: 1 59 60
3: 1 58 60
4: 1 57 59
5: 6 7 8
6: 5 10 11
7: 5 9 12
8: 5 9 10
9: 7 8 16
10: 6 8 15
11: 6 13 15
12: 7 14 16
13: 11 18 20
14: 12 17 19
15: 10 11 18
16: 9 12 17
17: 14 16 24
18: 13 15 23
19: 14 22 24
20: 13 21 23
21: 20 26 28
22: 19 25 27
23: 18 20 26
24: 17 19 25
25: 22 24 32
26: 21 23 31
27: 22 30 32
28: 21 29 31
29: 28 34 36
30: 27 33 35
31: 26 28 34
32: 25 27 33
33: 30 32 40
34: 29 31 39
35: 30 38 40
36: 29 37 39
37: 36 42 44
38: 35 41 43
39: 34 36 42
40: 33 35 41
41: 38 40 48
42: 37 39 47
43: 38 46 48
44: 37 45 47
45: 44 50 52
46: 43 49 51
47: 42 44 50
48: 41 43 49
49: 46 48 56
50: 45 47 55
51: 46 54 56
52: 45 53 55
53: 52 58 60
54: 51 57 59
55: 50 52 58
56: 49 51 57
57: 4 54 56
58: 3 53 55
59: 2 4 54
60: 2 3 53

1: 2 3 4
2: 1 55 60
3: 1 57 58
4: 1 56 59
5: 6 8 11
6: 5 7 26
7: 6 9 10
8: 5 15 25
9: 7 16 18
10: 7 19 23
11: 5 16 17
12: 17 22 24
13: 15 18 23
14: 19 20 21
15: 8 13 27
16: 9 11 34
17: 11 12 29
18: 9 13 32
19: 10 14 28
20: 14 33 44
21: 14 31 43
22: 12 34 42
23: 10 13 33
24: 12 30 45
25: 8 29 32
26: 6 27 28
27: 15 26 37
28: 19 26 36
29: 17 25 35
30: 24 35 53
31: 21 36 54
32: 18 25 38
33: 20 23 37
34: 16 22 38
35: 29 30 39
36: 28 31 40
37: 27 33 40
38: 32 34 39
39: 35 38 51
40: 36 37 50
41: 46 47 52
42: 22 48 51
43: 21 47 49
44: 20 49 50
45: 24 46 48
46: 41 45 59
47: 41 43 56
48: 42 45 60
49: 43 44 58
50: 40 44 57
51: 39 42 55
52: 41 58 60
53: 30 55 59
54: 31 56 57
55: 2 51 53
56: 4 47 54
57: 3 50 54
58: 3 49 52
59: 4 46 53
60: 2 48 52

1: 2 3 4
2: 1 55 56
3: 1 58 59
4: 1 57 60
5: 6 7 36
6: 5 25 45
7: 5 24 44
8: 9 23 26
9: 8 10 11
10: 9 22 35
11: 9 21 33
12: 28 33 54
13: 14 26 34
14: 13 15 43
15: 14 31 32
16: 27 32 52
17: 29 30 53
18: 22 27 31
19: 21 28 30
20: 21 22 29
21: 11 19 20
22: 10 18 20
23: 8 24 25
24: 7 23 35
25: 6 23 34
26: 8 13 40
27: 16 18 39
28: 12 19 37
29: 17 20 42
30: 17 19 38
31: 15 18 42
32: 15 16 41
33: 11 12 40
34: 13 25 41
35: 10 24 39
36: 5 37 38
37: 28 36 49
38: 30 36 47
39: 27 35 46
40: 26 33 48
41: 32 34 51
42: 29 31 50
43: 14 48 50
44: 7 46 47
45: 6 49 51
46: 39 44 55
47: 38 44 56
48: 40 43 57
49: 37 45 58
50: 42 43 60
51: 41 45 59
52: 16 55 59
53: 17 56 60
54: 12 57 58
55: 2 46 52
56: 2 47 53
57: 4 48 54
58: 3 49 54
59: 3 51 52
60: 4 50 53

1: 2 3 4
2: 1 55 56
3: 1 58 60
4: 1 57 59
5: 9 10 15
6: 8 11 35
7: 10 11 14
8: 6 20 43
9: 5 18 24
10: 5 7 22
11: 6 7 21
12: 19 22 44
13: 17 18 25
14: 7 19 20
15: 5 17 21
16: 27 36 52
17: 13 15 32
18: 9 13 31
19: 12 14 34
20: 8 14 33
21: 11 15 30
22: 10 12 29
23: 28 31 54
24: 9 28 29
25: 13 33 34
26: 30 32 53
27: 16 37 45
28: 23 24 40
29: 22 24 38
30: 21 26 39
31: 18 23 41
32: 17 26 42
33: 20 25 42
34: 19 25 41
35: 6 37 39
36: 16 38 40
37: 27 35 48
38: 29 36 51
39: 30 35 47
40: 28 36 46
41: 31 34 50
42: 32 33 49
43: 8 48 49
44: 12 50 51
45: 27 46 47
46: 40 45 58
47: 39 45 60
48: 37 43 55
49: 42 43 56
50: 41 44 57
51: 38 44 59
52: 16 55 59
53: 26 56 60
54: 23 57 58
55: 2 48 52
56: 2 49 53
57: 4 50 54
58: 3 46 54
59: 4 51 52
60: 3 47 53

1: 2 3 4
2: 1 55 57
3: 1 56 59
4: 1 58 60
5: 40 52 54
6: 7 8 22
7: 6 11 15
8: 6 12 14
9: 13 14 27
10: 11 12 13
11: 7 10 18
12: 8 10 20
13: 9 10 19
14: 8 9 17
15: 7 17 19
16: 18 20 34
17: 14 15 23
18: 11 16 24
19: 13 15 26
20: 12 16 25
21: 23 26 39
22: 6 24 25
23: 17 21 29
24: 18 22 30
25: 20 22 32
26: 19 21 31
27: 9 29 31
28: 30 32 46
29: 23 27 35
30: 24 28 36
31: 26 27 38
32: 25 28 37
33: 35 38 51
34: 16 36 37
35: 29 33 41
36: 30 34 42
37: 32 34 44
38: 31 33 43
39: 21 41 43
40: 5 42 44
41: 35 39 47
42: 36 40 48
43: 38 39 50
44: 37 40 49
45: 47 50 53
46: 28 48 49
47: 41 45 57
48: 42 46 58
49: 44 46 60
50: 43 45 59
51: 33 57 59
52: 5 56 60
53: 45 55 56
54: 5 55 58
55: 2 53 54
56: 3 52 53
57: 2 47 51
58: 4 48 54
59: 3 50 51
60: 4 49 52

1: 2 3 4
2: 1 57 60
3: 1 55 59
4: 1 56 58
5: 7 8 53
6: 7 50 52
7: 5 6 44
8: 5 9 10
9: 8 47 50
10: 8 45 46
11: 36 48 49
12: 14 48 51
13: 14 15 49
14: 12 13 40
15: 13 38 39
16: 17 18 33
17: 16 28 30
18: 16 27 29
19: 22 34 37
20: 22 26 35
21: 24 34 35
22: 19 20 23
23: 22 24 25
24: 21 23 29
25: 23 27 30
26: 20 29 30
27: 18 25 32
28: 17 31 32
29: 18 24 26
30: 17 25 26
31: 28 42 43
32: 27 28 41
33: 16 41 42
34: 19 21 39
35: 20 21 38
36: 11 39 40
37: 19 38 40
38: 15 35 37
39: 15 34 36
40: 14 36 37
41: 32 33 46
42: 31 33 45
43: 31 46 47
44: 7 45 47
45: 10 42 44
46: 10 41 43
47: 9 43 44
48: 11 12 57
49: 11 13 60
50: 6 9 59
51: 12 56 60
52: 6 55 58
53: 5 58 59
54: 55 56 57
55: 3 52 54
56: 4 51 54
57: 2 48 54
58: 4 52 53
59: 3 50 53
60: 2 49 51

1: 2 3 4
2: 1 55 60
3: 1 57 58
4: 1 56 59
5: 21 24 45
6: 18 22 43
7: 13 20 23
8: 11 14 44
9: 12 14 19
10: 11 12 13
11: 8 10 34
12: 9 10 35
13: 7 10 36
14: 8 9 33
15: 35 36 52
16: 31 32 54
17: 29 30 53
18: 6 28 33
19: 9 26 28
20: 7 27 34
21: 5 27 30
22: 6 25 32
23: 7 25 31
24: 5 26 29
25: 22 23 37
26: 19 24 38
27: 20 21 42
28: 18 19 39
29: 17 24 39
30: 17 21 40
31: 16 23 42
32: 16 22 41
33: 14 18 41
34: 11 20 40
35: 12 15 38
36: 13 15 37
37: 25 36 48
38: 26 35 49
39: 28 29 46
40: 30 34 47
41: 32 33 51
42: 27 31 50
43: 6 46 48
44: 8 47 51
45: 5 49 50
46: 39 43 55
47: 40 44 58
48: 37 43 60
49: 38 45 59
50: 42 45 56
51: 41 44 57
52: 15 59 60
53: 17 55 58
54: 16 56 57
55: 2 46 53
56: 4 50 54
57: 3 51 54
58: 3 47 53
59: 4 49 52
60: 2 48 52

1: 2 3 4
2: 1 58 60
3: 1 59 60
4: 1 56 57
5: 56 57 60
6: 8 58 59
7: 9 58 59
8: 6 10 11
9: 7 10 11
10: 8 9 12
11: 8 9 13
12: 10 14 15
13: 11 14 15
14: 12 13 16
15: 12 13 17
16: 14 18 19
17: 15 18 19
18: 16 17 20
19: 16 17 21
20: 18 22 23
21: 19 22 23
22: 20 21 24
23: 20 21 25
24: 22 26 27
25: 23 26 27
26: 24 25 28
27: 24 25 29
28: 26 30 31
29: 27 30 31
30: 28 29 32
31: 28 29 33
32: 30 34 35
33: 31 34 35
34: 32 33 36
35: 32 33 37
36: 34 38 39
37: 35 38 39
38: 36 37 40
39: 36 37 41
40: 38 42 43
41: 39 42 43
42: 40 41 44
43: 40 41 45
44: 42 46 47
45: 43 46 47
46: 44 45 48
47: 44 45 49
48: 46 50 51
49: 47 50 51
50: 48 49 52
51: 48 49 53
52: 50 54 55
53: 51 54 55
54: 52 53 56
55: 52 53 57
56: 4 5 54
57: 4 5 55
58: 2 6 7
59: 3 6 7
60: 2 3 5

1: 2 3 4
2: 1 56 60
3: 1 55 59
4: 1 57 58
5: 16 17 26
6: 16 18 20
7: 17 19 21
8: 19 23 28
9: 18 22 27
10: 21 22 25
11: 20 23 24
12: 14 24 54
13: 15 25 53
14: 12 41 44
15: 13 42 43
16: 5 6 32
17: 5 7 31
18: 6 9 39
19: 7 8 40
20: 6 11 36
21: 7 10 35
22: 9 10 37
23: 8 11 38
24: 11 12 40
25: 10 13 39
26: 5 35 36
27: 9 32 34
28: 8 31 33
29: 34 38 42
30: 33 37 41
31: 17 28 50
32: 16 27 49
33: 28 30 48
34: 27 29 47
35: 21 26 52
36: 20 26 51
37: 22 30 52
38: 23 29 51
39: 18 25 46
40: 19 24 45
41: 14 30 50
42: 15 29 49
43: 15 46 48
44: 14 45 47
45: 40 44 56
46: 39 43 55
47: 34 44 60
48: 33 43 59
49: 32 42 58
50: 31 41 57
51: 36 38 60
52: 35 37 59
53: 13 56 58
54: 12 55 57
55: 3 46 54
56: 2 45 53
57: 4 50 54
58: 4 49 53
59: 3 48 52
60: 2 47 51

1: 2 3 4
2: 1 57 58
3: 1 4 60
4: 1 3 59
5: 6 7 8
6: 5 7 30
7: 5 6 29
8: 5 9 10
9: 8 10 12
10: 8 9 11
11: 10 17 18
12: 9 19 20
13: 14 21 59
14: 13 22 59
15: 16 24 60
16: 15 23 60
17: 11 18 28
18: 11 17 26
19: 12 20 25
20: 12 19 27
21: 13 25 31
22: 14 26 32
23: 16 27 34
24: 15 28 33
25: 19 21 31
26: 18 22 32
27: 20 23 34
28: 17 24 33
29: 7 35 36
30: 6 37 38
31: 21 25 39
32: 22 26 40
33: 24 28 42
34: 23 27 41
35: 29 36 46
36: 29 35 45
37: 30 38 43
38: 30 37 44
39: 31 43 47
40: 32 44 48
41: 34 45 50
42: 33 46 49
43: 37 39 47
44: 38 40 48
45: 36 41 50
46: 35 42 49
47: 39 43 51
48: 40 44 53
49: 42 46 54
50: 41 45 52
51: 47 52 55
52: 50 51 55
53: 48 54 56
54: 49 53 56
55: 51 52 58
56: 53 54 57
57: 2 56 58
58: 2 55 57
59: 4 13 14
60: 3 15 16

1: 2 3 4
2: 1 56 60
3: 1 55 59
4: 1 57 58
5: 10 21 22
6: 9 10 20
7: 8 10 19
8: 7 9 23
9: 6 8 24
10: 5 6 7
11: 17 25 33
12: 18 26 34
13: 20 40 44
14: 19 39 43
15: 16 22 34
16: 15 21 33
17: 11 23 32
18: 12 24 31
19: 7 14 35
20: 6 13 36
21: 5 16 42
22: 5 15 41
23: 8 17 38
24: 9 18 37
25: 11 29 35
26: 12 30 36
27: 30 32 38
28: 29 31 37
29: 25 28 50
30: 26 27 49
31: 18 28 52
32: 17 27 51
33: 11 16 50
34: 12 15 49
35: 19 25 48
36: 20 26 47
37: 24 28 54
38: 23 27 53
39: 14 42 45
40: 13 41 46
41: 22 40 52
42: 21 39 51
43: 14 46 48
44: 13 45 47
45: 39 44 56
46: 40 43 55
47: 36 44 58
48: 35 43 57
49: 30 34 60
50: 29 33 59
51: 32 42 56
52: 31 41 55
53: 38 54 58
54: 37 53 57
55: 3 46 52
56: 2 45 51
57: 4 48 54
58: 4 47 53
59: 3 50 60
60: 2 49 59

1: 2 3 4
2: 1 59 60
3: 1 56 58
4: 1 55 57
5: 44 45 54
6: 18 46 48
7: 20 46 51
8: 19 47 50
9: 21 47 49
10: 23 28 48
11: 22 26 51
12: 25 27 49
13: 24 29 50
14: 21 24 26
15: 20 23 27
16: 18 22 29
17: 19 25 28
18: 6 16 34
19: 8 17 35
20: 7 15 37
21: 9 14 36
22: 11 16 33
23: 10 15 31
24: 13 14 32
25: 12 17 30
26: 11 14 34
27: 12 15 35
28: 10 17 37
29: 13 16 36
30: 25 38 52
31: 23 40 53
32: 24 39 53
33: 22 41 52
34: 18 26 38
35: 19 27 41
36: 21 29 40
37: 20 28 39
38: 30 34 42
39: 32 37 43
40: 31 36 43
41: 33 35 42
42: 38 41 45
43: 39 40 44
44: 5 43 60
45: 5 42 59
46: 6 7 56
47: 8 9 55
48: 6 10 57
49: 9 12 58
50: 8 13 58
51: 7 11 57
52: 30 33 60
53: 31 32 59
54: 5 55 56
55: 4 47 54
56: 3 46 54
57: 4 48 51
58: 3 49 50
59: 2 45 53
60: 2 44 52

1: 2 3 4
2: 1 55 56
3: 1 58 60
4: 1 57 59
5: 14 15 24
6: 7 13 15
7: 6 12 14
8: 10 18 35
9: 11 19 36
10: 8 11 28
11: 9 10 27
12: 7 23 40
13: 6 22 39
14: 5 7 32
15: 5 6 31
16: 21 31 33
17: 20 32 34
18: 8 30 33
19: 9 29 34
20: 17 30 42
21: 16 29 41
22: 13 36 38
23: 12 35 37
24: 5 27 28
25: 38 39 44
26: 37 40 43
27: 11 24 52
28: 10 24 51
29: 19 21 46
30: 18 20 45
31: 15 16 46
32: 14 17 45
33: 16 18 48
34: 17 19 47
35: 8 23 48
36: 9 22 47
37: 23 26 54
38: 22 25 53
39: 13 25 50
40: 12 26 49
41: 21 44 49
42: 20 43 50
43: 26 42 52
44: 25 41 51
45: 30 32 56
46: 29 31 55
47: 34 36 60
48: 33 35 59
49: 40 41 58
50: 39 42 57
51: 28 44 58
52: 27 43 57
53: 38 54 56
54: 37 53 55
55: 2 46 54
56: 2 45 53
57: 4 50 52
58: 3 49 51
59: 4 48 60
60: 3 47 59

1: 2 3 4
2: 1 59 60
3: 1 56 58
4: 1 55 57
5: 44 45 54
6: 14 46 48
7: 16 46 51
8: 17 47 50
9: 15 47 49
10: 13 19 22
11: 12 21 23
12: 11 18 25
13: 10 20 24
14: 6 22 26
15: 9 24 27
16: 7 25 29
17: 8 23 28
18: 12 36 48
19: 10 34 51
20: 13 35 50
21: 11 37 49
22: 10 14 33
23: 11 17 30
24: 13 15 31
25: 12 16 32
26: 14 27 34
27: 15 26 35
28: 17 29 37
29: 16 28 36
30: 23 38 52
31: 24 40 53
32: 25 39 53
33: 22 41 52
34: 19 26 38
35: 20 27 39
36: 18 29 40
37: 21 28 41
38: 30 34 42
39: 32 35 43
40: 31 36 43
41: 33 37 42
42: 38 41 45
43: 39 40 44
44: 5 43 60
45: 5 42 59
46: 6 7 56
47: 8 9 55
48: 6 18 57
49: 9 21 58
50: 8 20 58
51: 7 19 57
52: 30 33 60
53: 31 32 59
54: 5 55 56
55: 4 47 54
56: 3 46 54
57: 4 48 51
58: 3 49 50
59: 2 45 53
60: 2 44 52

1: 2 3 4
2: 1 59 60
3: 1 55 58
4: 1 56 57
5: 35 37 41
6: 36 38 42
7: 8 27 28
8: 7 29 30
9: 14 24 40
10: 13 23 39
11: 16 26 39
12: 15 25 40
13: 10 14 42
14: 9 13 41
15: 12 18 32
16: 11 17 31
17: 16 18 34
18: 15 17 33
19: 20 37 52
20: 19 38 51
21: 22 26 54
22: 21 25 53
23: 10 28 50
24: 9 27 49
25: 12 22 50
26: 11 21 49
27: 7 24 46
28: 7 23 45
29: 8 31 48
30: 8 32 47
31: 16 29 44
32: 15 30 43
33: 18 36 46
34: 17 35 45
35: 5 34 53
36: 6 33 54
37: 5 19 43
38: 6 20 44
39: 10 11 52
40: 9 12 51
41: 5 14 48
42: 6 13 47
43: 32 37 60
44: 31 38 59
45: 28 34 56
46: 27 33 55
47: 30 42 58
48: 29 41 57
49: 24 26 60
50: 23 25 59
51: 20 40 56
52: 19 39 55
53: 22 35 58
54: 21 36 57
55: 3 46 52
56: 4 45 51
57: 4 48 54
58: 3 47 53
59: 2 44 50
60: 2 43 49

1: 2 3 4
2: 1 55 56
3: 1 57 60
4: 1 58 59
5: 36 37 38
6: 12 39 40
7: 8 9 10
8: 7 22 25
9: 7 21 26
10: 7 15 16
11: 19 20 24
12: 6 17 18
13: 17 19 21
14: 18 20 22
15: 10 33 42
16: 10 34 41
17: 12 13 30
18: 12 14 29
19: 11 13 33
20: 11 14 34
21: 9 13 32
22: 8 14 31
23: 31 32 35
24: 11 27 28
25: 8 27 30
26: 9 28 29
27: 24 25 52
28: 24 26 51
29: 18 26 50
30: 17 25 49
31: 22 23 54
32: 21 23 53
33: 15 19 54
34: 16 20 53
35: 23 43 44
36: 5 49 50
37: 5 46 47
38: 5 45 48
39: 6 48 52
40: 6 47 51
41: 16 44 46
42: 15 43 45
43: 35 42 60
44: 35 41 59
45: 38 42 56
46: 37 41 55
47: 37 40 60
48: 38 39 59
49: 30 36 58
50: 29 36 57
51: 28 40 58
52: 27 39 57
53: 32 34 56
54: 31 33 55
55: 2 46 54
56: 2 45 53
57: 3 50 52
58: 4 49 51
59: 4 44 48
60: 3 43 47

1: 2 3 4 5 6 7 8 9 10 11 12 13 14
2: 1 24 25 26 47 52 53 55 56 57 58 59 60
3: 1 27 28 29 46 52 53 54 56 57 58 59 60
4: 1 21 22 23 49 53 54 55 56 57 58 59 60
5: 1 30 31 32 48 52 54 55 56 57 58 59 60
6: 1 16 37 38 39 46 47 52 53 57 58 59 60
7: 1 15 33 34 35 46 47 52 53 56 58 59 60
8: 1 18 19 20 36 48 49 54 55 56 57 59 60
9: 1 17 43 44 45 48 49 54 55 56 57 58 60
10: 1 17 36 40 41 42 48 49 51 54 55 56 57
11: 1 15 16 40 41 42 46 47 50 52 53 58 59
12: 1 18 21 24 27 30 33 37 40 43 44 50 51
13: 1 20 23 26 29 32 35 39 42 44 45 50 51
14: 1 19 22 25 28 31 34 38 41 43 45 50 51
15: 7 11 17 36 37 38 39 48 49 51 54 55 57
16: 6 11 17 33 34 35 36 48 49 51 54 55 56
17: 9 10 15 16 18 19 20 46 47 50 52 53 59
18: 8 12 17 22 25 28 31 32 34 38 41 45 58
19: 8 14 17 23 26 29 30 32 35 39 42 44 58
20: 8 13 17 21 24 27 30 31 33 37 40 43 58
21: 4 12 20 25 28 29 32 34 38 41 45 48 52
22: 4 14 18 26 27 29 30 35 39 42 44 48 52
23: 4 13 19 24 27 28 31 33 37 40 43 48 52
24: 2 12 20 23 29 32 34 35 38 41 45 46 54
25: 2 14 18 21 27 30 33 35 39 42 44 46 54
26: 2 13 19 22 28 31 33 34 37 40 43 46 54
27: 3 12 20 22 23 25 32 34 38 41 45 47 55
28: 3 14 18 21 23 26 30 35 39 42 44 47 55
29: 3 13 19 21 22 24 31 33 37 40 43 47 55
30: 5 12 19 20 22 25 28 34 38 41 45 49 53
31: 5 14 18 20 23 26 29 35 39 42 44 49 53
32: 5 13 18 19 21 24 27 33 37 40 43 49 53
33: 7 12 16 20 23 25 26 29 32 38 41 45 57
34: 7 14 16 18 21 24 26 27 30 39 42 44 57
35: 7 13 16 19 22 24 25 28 31 37 40 43 57
36: 8 10 15 16 43 44 45 46 47 50 52 53 58
37: 6 12 15 20 23 26 29 32 35 41 42 45 56
38: 6 14 15 18 21 24 27 30 33 40 42 44 56
39: 6 13 15 19 22 25 28 31 34 40 41 43 56
40: 10 11 12 20 23 26 29 32 35 38 39 45 60
41: 10 11 14 18 21 24 27 30 33 37 39 44 60
42: 10 11 13 19 22 25 28 31 34 37 38 43 60
43: 9 12 14 20 23 26 29 32 35 36 39 42 59
44: 9 12 13 19 22 25 28 31 34 36 38 41 59
45: 9 13 14 18 21 24 27 30 33 36 37 40 59
46: 3 6 7 11 17 24 25 26 36 48 49 51 55
47: 2 6 7 11 17 27 28 29 36 48 49 51 54
48: 5 8 9 10 15 16 21 22 23 46 47 50 53
49: 4 8 9 10 15 16 30 31 32 46 47 50 52
50: 11 12 13 14 17 36 48 49 54 55 56 57 60
51: 10 12 13 14 15 16 46 47 52 53 58 59 60
52: 2 3 5 6 7 11 17 21 22 23 36 49 51
53: 2 3 4 6 7 11 17 30 31 32 36 48 51
54: 3 4 5 8 9 10 15 16 24 25 26 47 50
55: 2 4 5 8 9 10 15 16 27 28 29 46 50
56: 2 3 4 5 7 8 9 10 16 37 38 39 50
57: 2 3 4 5 6 8 9 10 15 33 34 35 50
58: 2 3 4 5 6 7 9 11 18 19 20 36 51
59: 2 3 4 5 6 7 8 11 17 43 44 45 51
60: 2 3 4 5 6 7 8 9 40 41 42 50 51

