1: 2 3 4 5 6 7 8 9 10 11 12 13 14 15 16 17 18 19 20 21 22 23 24 25 26 27 28 29 30 31 32 33 34 35
2: 1 69 70 73 74 75 76 77 78 79 80 81 82 83 84 85 86 87 88 89 90 91 92 93 94 95 96 97 98 99 100 101 102 103
3: 1 68 71 72 74 75 76 77 78 79 80 81 82 83 84 85 86 87 88 89 90 91 92 93 94 95 96 97 98 99 100 101 102 103
4: 1 67 71 72 73 75 76 77 78 79 80 81 82 83 84 85 86 87 88 89 90 91 92 93 94 95 96 97 98 99 100 101 102 103
5: 1 66 70 72 73 74 76 77 78 79 80 81 82 83 84 85 86 87 88 89 90 91 92 93 94 95 96 97 98 99 100 101 102 103
6: 1 65 69 71 73 74 75 77 78 79 80 81 82 83 84 85 86 87 88 89 90 91 92 93 94 95 96 97 98 99 100 101 102 103
7: 1 64 68 70 72 74 75 76 78 79 80 81 82 83 84 85 86 87 88 89 90 91 92 93 94 95 96 97 98 99 100 101 102 103
8: 1 63 67 69 71 73 75 76 77 79 80 81 82 83 84 85 86 87 88 89 90 91 92 93 94 95 96 97 98 99 100 101 102 103
9: 1 62 66 68 70 72 74 76 77 78 80 81 82 83 84 85 86 87 88 89 90 91 92 93 94 95 96 97 98 99 100 101 102 103
10: 1 61 65 67 69 71 73 75 77 78 79 81 82 83 84 85 86 87 88 89 90 91 92 93 94 95 96 97 98 99 100 101 102 103
11: 1 60 64 66 68 70 72 74 76 78 79 80 82 83 84 85 86 87 88 89 90 91 92 93 94 95 96 97 98 99 100 101 102 103
12: 1 59 63 65 67 69 71 73 75 77 79 80 81 83 84 85 86 87 88 89 90 91 92 93 94 95 96 97 98 99 100 101 102 103
13: 1 58 62 64 66 68 70 72 74 76 78 80 81 82 84 85 86 87 88 89 90 91 92 93 94 95 96 97 98 99 100 101 102 103
14: 1 57 61 63 65 67 69 71 73 75 77 79 81 82 83 85 86 87 88 89 90 91 92 93 94 95 96 97 98 99 100 101 102 103
15: 1 56 60 62 64 66 68 70 72 74 76 78 80 82 83 84 86 87 88 89 90 91 92 93 94 95 96 97 98 99 100 101 102 103
16: 1 55 59 61 63 65 67 69 71 73 75 77 79 81 83 84 85 87 88 89 90 91 92 93 94 95 96 97 98 99 100 101 102 103
17: 1 54 58 60 62 64 66 68 70 72 74 76 78 80 82 84 85 86 88 89 90 91 92 93 94 95 96 97 98 99 100 101 102 103
18: 1 53 57 59 61 63 65 67 69 71 73 75 77 79 81 83 85 86 87 89 90 91 92 93 94 95 96 97 98 99 100 101 102 103
19: 1 52 56 58 60 62 64 66 68 70 72 74 76 78 80 82 84 86 87 88 90 91 92 93 94 95 96 97 98 99 100 101 102 103
20: 1 51 55 57 59 61 63 65 67 69 71 73 75 77 79 81 83 85 87 88 89 91 92 93 94 95 96 97 98 99 100 101 102 103
21: 1 50 54 56 58 60 62 64 66 68 70 72 74 76 78 80 82 84 86 88 89 90 92 93 94 95 96 97 98 99 100 101 102 103
22: 1 49 53 55 57 59 61 63 65 67 69 71 73 75 77 79 81 83 85 87 89 90 91 93 94 95 96 97 98 99 100 101 102 103
23: 1 48 52 54 56 58 60 62 64 66 68 70 72 74 76 78 80 82 84 86 88 90 91 92 94 95 96 97 98 99 100 101 102 103
24: 1 47 51 53 55 57 59 61 63 65 67 69 71 73 75 77 79 81 83 85 87 89 91 92 93 95 96 97 98 99 100 101 102 103
25: 1 46 50 52 54 56 58 60 62 64 66 68 70 72 74 76 78 80 82 84 86 88 90 92 93 94 96 97 98 99 100 101 102 103
26: 1 45 49 51 53 55 57 59 61 63 65 67 69 71 73 75 77 79 81 83 85 87 89 91 93 94 95 97 98 99 100 101 102 103
27: 1 44 48 50 52 54 56 58 60 62 64 66 68 70 72 74 76 78 80 82 84 86 88 90 92 94 95 96 98 99 100 101 102 103
28: 1 43 47 49 51 53 55 57 59 61 63 65 67 69 71 73 75 77 79 81 83 85 87 89 91 93 95 96 97 99 100 101 102 103
29: 1 42 46 48 50 52 54 56 58 60 62 64 66 68 70 72 74 76 78 80 82 84 86 88 90 92 94 96 97 98 100 101 102 103
30: 1 39 43 45 47 49 51 53 55 57 59 61 63 65 67 69 71 73 75 77 79 81 83 85 87 89 91 93 95 97 99 101 102 103
31: 1 38 42 44 46 48 50 52 54 56 58 60 62 64 66 68 70 72 74 76 78 80 82 84 86 88 90 92 94 96 98 100 102 103
32: 1 41 45 47 49 51 53 55 57 59 61 63 65 67 69 71 73 75 77 79 81 83 85 87 89 91 93 95 97 98 99 100 101 103
33: 1 40 44 46 48 50 52 54 56 58 60 62 64 66 68 70 72 74 76 78 80 82 84 86 88 90 92 94 96 98 99 100 101 102
34: 1 36 38 40 42 44 46 48 50 52 54 56 58 60 62 64 66 68 70 72 74 76 78 80 82 84 86 88 90 92 94 96 98 102
35: 1 37 39 41 43 45 47 49 51 53 55 57 59 61 63 65 67 69 71 73 75 77 79 81 83 85 87 89 91 93 95 97 99 103
36: 34 41 43 45 47 49 51 53 55 57 59 61 63 65 67 69 71 73 75 77 79 81 83 85 87 89 91 93 95 97 99 100 101 103
37: 35 40 42 44 46 48 50 52 54 56 58 60 62 64 66 68 70 72 74 76 78 80 82 84 86 88 90 92 94 96 98 100 101 102
38: 31 34 39 41 43 45 47 49 51 53 55 57 59 61 63 65 67 69 71 73 75 77 79 81 83 85 87 89 91 93 95 97 99 101
39: 30 35 38 40 42 44 46 48 50 52 54 56 58 60 62 64 66 68 70 72 74 76 78 80 82 84 86 88 90 92 94 96 98 100
40: 33 34 37 39 41 43 45 47 49 51 53 55 57 59 61 63 65 67 69 71 73 75 77 79 81 83 85 87 89 91 93 95 97 103
41: 32 35 36 38 40 42 44 46 48 50 52 54 56 58 60 62 64 66 68 70 72 74 76 78 80 82 84 86 88 90 92 94 96 102
42: 29 31 34 37 39 41 43 45 47 49 51 53 55 57 59 61 63 65 67 69 71 73 75 77 79 81 83 85 87 89 91 93 95 99
43: 28 30 35 36 38 40 42 44 46 48 50 52 54 56 58 60 62 64 66 68 70 72 74 76 78 80 82 84 86 88 90 92 94 98
44: 27 31 33 34 37 39 41 43 45 47 49 51 53 55 57 59 61 63 65 67 69 71 73 75 77 79 81 83 85 87 89 91 93 97
45: 26 30 32 35 36 38 40 42 44 46 48 50 52 54 56 58 60 62 64 66 68 70 72 74 76 78 80 82 84 86 88 90 92 96
46: 25 29 31 33 34 37 39 41 43 45 47 49 51 53 55 57 59 61 63 65 67 69 71 73 75 77 79 81 83 85 87 89 91 95
47: 24 28 30 32 35 36 38 40 42 44 46 48 50 52 54 56 58 60 62 64 66 68 70 72 74 76 78 80 82 84 86 88 90 94
48: 23 27 29 31 33 34 37 39 41 43 45 47 49 51 53 55 57 59 61 63 65 67 69 71 73 75 77 79 81 83 85 87 89 93
49: 22 26 28 30 32 35 36 38 40 42 44 46 48 50 52 54 56 58 60 62 64 66 68 70 72 74 76 78 80 82 84 86 88 92
50: 21 25 27 29 31 33 34 37 39 41 43 45 47 49 51 53 55 57 59 61 63 65 67 69 71 73 75 77 79 81 83 85 87 91
51: 20 24 26 28 30 32 35 36 38 40 42 44 46 48 50 52 54 56 58 60 62 64 66 68 70 72 74 76 78 80 82 84 86 90
52: 19 23 25 27 29 31 33 34 37 39 41 43 45 47 49 51 53 55 57 59 61 63 65 67 69 71 73 75 77 79 81 83 85 89
53: 18 22 24 26 28 30 32 35 36 38 40 42 44 46 48 50 52 54 56 58 60 62 64 66 68 70 72 74 76 78 80 82 84 88
54: 17 21 23 25 27 29 31 33 34 37 39 41 43 45 47 49 51 53 55 57 59 61 63 65 67 69 71 73 75 77 79 81 83 87
55: 16 20 22 24 26 28 30 32 35 36 38 40 42 44 46 48 50 52 54 56 58 60 62 64 66 68 70 72 74 76 78 80 82 86
56: 15 19 21 23 25 27 29 31 33 34 37 39 41 43 45 47 49 51 53 55 57 59 61 63 65 67 69 71 73 75 77 79 81 85
57: 14 18 20 22 24 26 28 30 32 35 36 38 40 42 44 46 48 50 52 54 56 58 60 62 64 66 68 70 72 74 76 78 80 84
58: 13 17 19 21 23 25 27 29 31 33 34 37 39 41 43 45 47 49 51 53 55 57 59 61 63 65 67 69 71 73 75 77 79 83
59: 12 16 18 20 22 24 26 28 30 32 35 36 38 40 42 44 46 48 50 52 54 56 58 60 62 64 66 68 70 72 74 76 78 82
60: 11 15 17 19 21 23 25 27 29 31 33 34 37 39 41 43 45 47 49 51 53 55 57 59 61 63 65 67 69 71 73 75 77 81
61: 10 14 16 18 20 22 24 26 28 30 32 35 36 38 40 42 44 46 48 50 52 54 56 58 60 62 64 66 68 70 72 74 76 80
62: 9 13 15 17 19 21 23 25 27 29 31 33 34 37 39 41 43 45 47 49 51 53 55 57 59 61 63 65 67 69 71 73 75 79
63: 8 12 14 16 18 20 22 24 26 28 30 32 35 36 38 40 42 44 46 48 50 52 54 56 58 60 62 64 66 68 70 72 74 78
64: 7 11 13 15 17 19 21 23 25 27 29 31 33 34 37 39 41 43 45 47 49 51 53 55 57 59 61 63 65 67 69 71 73 77
65: 6 10 12 14 16 18 20 22 24 26 28 30 32 35 36 38 40 42 44 46 48 50 52 54 56 58 60 62 64 66 68 70 72 76
66: 5 9 11 13 15 17 19 21 23 25 27 29 31 33 34 37 39 41 43 45 47 49 51 53 55 57 59 61 63 65 67 69 71 75
67: 4 8 10 12 14 16 18 20 22 24 26 28 30 32 35 36 38 40 42 44 46 48 50 52 54 56 58 60 62 64 66 68 70 74
68: 3 7 9 11 13 15 17 19 21 23 25 27 29 31 33 34 37 39 41 43 45 47 49 51 53 55 57 59 61 63 65 67 69 73
69: 2 6 8 10 12 14 16 18 20 22 24 26 28 30 32 35 36 38 40 42 44 46 48 50 52 54 56 58 60 62 64 66 68 72
70: 2 5 7 9 11 13 15 17 19 21 23 25 27 29 31 33 34 37 39 41 43 45 47 49 51 53 55 57 59 61 63 65 67 71
71: 3 4 6 8 10 12 14 16 18 20 22 24 26 28 30 32 35 36 38 40 42 44 46 48 50 52 54 56 58 60 62 64 66 70
72: 3 4 5 7 9 11 13 15 17 19 21 23 25 27 29 31 33 34 37 39 41 43 45 47 49 51 53 55 57 59 61 63 65 69
73: 2 4 5 6 8 10 12 14 16 18 20 22 24 26 28 30 32 35 36 38 40 42 44 46 48 50 52 54 56 58 60 62 64 68
74: 2 3 5 6 7 9 11 13 15 17 19 21 23 25 27 29 31 33 34 37 39 41 43 45 47 49 51 53 55 57 59 61 63 67
75: 2 3 4 6 7 8 10 12 14 16 18 20 22 24 26 28 30 32 35 36 38 40 42 44 46 48 50 52 54 56 58 60 62 66
76: 2 3 4 5 7 8 9 11 13 15 17 19 21 23 25 27 29 31 33 34 37 39 41 43 45 47 49 51 53 55 57 59 61 65
77: 2 3 4 5 6 8 9 10 12 14 16 18 20 22 24 26 28 30 32 35 36 38 40 42 44 46 48 50 52 54 56 58 60 64
78: 2 3 4 5 6 7 9 10 11 13 15 17 19 21 23 25 27 29 31 33 34 37 39 41 43 45 47 49 51 53 55 57 59 63
79: 2 3 4 5 6 7 8 10 11 12 14 16 18 20 22 24 26 28 30 32 35 36 38 40 42 44 46 48 50 52 54 56 58 62
80: 2 3 4 5 6 7 8 9 11 12 13 15 17 19 21 23 25 27 29 31 33 34 37 39 41 43 45 47 49 51 53 55 57 61
81: 2 3 4 5 6 7 8 9 10 12 13 14 16 18 20 22 24 26 28 30 32 35 36 38 40 42 44 46 48 50 52 54 56 60
82: 2 3 4 5 6 7 8 9 10 11 13 14 15 17 19 21 23 25 27 29 31 33 34 37 39 41 43 45 47 49 51 53 55 59
83: 2 3 4 5 6 7 8 9 10 11 12 14 15 16 18 20 22 24 26 28 30 32 35 36 38 40 42 44 46 48 50 52 54 58
84: 2 3 4 5 6 7 8 9 10 11 12 13 15 16 17 19 21 23 25 27 29 31 33 34 37 39 41 43 45 47 49 51 53 57
85: 2 3 4 5 6 7 8 9 10 11 12 13 14 16 17 18 20 22 24 26 28 30 32 35 36 38 40 42 44 46 48 50 52 56
86: 2 3 4 5 6 7 8 9 10 11 12 13 14 15 17 18 19 21 23 25 27 29 31 33 34 37 39 41 43 45 47 49 51 55
87: 2 3 4 5 6 7 8 9 10 11 12 13 14 15 16 18 19 20 22 24 26 28 30 32 35 36 38 40 42 44 46 48 50 54
88: 2 3 4 5 6 7 8 9 10 11 12 13 14 15 16 17 19 20 21 23 25 27 29 31 33 34 37 39 41 43 45 47 49 53
89: 2 3 4 5 6 7 8 9 10 11 12 13 14 15 16 17 18 20 21 22 24 26 28 30 32 35 36 38 40 42 44 46 48 52
90: 2 3 4 5 6 7 8 9 10 11 12 13 14 15 16 17 18 19 21 22 23 25 27 29 31 33 34 37 39 41 43 45 47 51
91: 2 3 4 5 6 7 8 9 10 11 12 13 14 15 16 17 18 19 20 22 23 24 26 28 30 32 35 36 38 40 42 44 46 50
92: 2 3 4 5 6 7 8 9 10 11 12 13 14 15 16 17 18 19 20 21 23 24 25 27 29 31 33 34 37 39 41 43 45 49
93: 2 3 4 5 6 7 8 9 10 11 12 13 14 15 16 17 18 19 20 21 22 24 25 26 28 30 32 35 36 38 40 42 44 48
94: 2 3 4 5 6 7 8 9 10 11 12 13 14 15 16 17 18 19 20 21 22 23 25 26 27 29 31 33 34 37 39 41 43 47
95: 2 3 4 5 6 7 8 9 10 11 12 13 14 15 16 17 18 19 20 21 22 23 24 26 27 28 30 32 35 36 38 40 42 46
96: 2 3 4 5 6 7 8 9 10 11 12 13 14 15 16 17 18 19 20 21 22 23 24 25 27 28 29 31 33 34 37 39 41 45
97: 2 3 4 5 6 7 8 9 10 11 12 13 14 15 16 17 18 19 20 21 22 23 24 25 26 28 29 30 32 35 36 38 40 44
98: 2 3 4 5 6 7 8 9 10 11 12 13 14 15 16 17 18 19 20 21 22 23 24 25 26 27 29 31 32 33 34 37 39 43
99: 2 3 4 5 6 7 8 9 10 11 12 13 14 15 16 17 18 19 20 21 22 23 24 25 26 27 28 30 32 33 35 36 38 42
100: 2 3 4 5 6 7 8 9 10 11 12 13 14 15 16 17 18 19 20 21 22 23 24 25 26 27 28 29 31 32 33 36 37 39
101: 2 3 4 5 6 7 8 9 10 11 12 13 14 15 16 17 18 19 20 21 22 23 24 25 26 27 28 29 30 32 33 36 37 38
102: 2 3 4 5 6 7 8 9 10 11 12 13 14 15 16 17 18 19 20 21 22 23 24 25 26 27 28 29 30 31 33 34 37 41
103: 2 3 4 5 6 7 8 9 10 11 12 13 14 15 16 17 18 19 20 21 22 23 24 25 26 27 28 29 30 31 32 35 36 40

