1: 15 29 37
2: 18 32 34
3: 25 35 36
4: 27 33 36
5: 24 28 35
6: 26 29 34
7: 20 21 31
8: 19 21 31
9: 21 23 30
10: 21 23 32
11: 16 22 28
12: 16 22 33
13: 24 27 28
14: 19 26 30
15: 1 33 36 37
16: 11 12 35 37
17: 29 30 32 37
18: 2 34 35 37
19: 8 14 30 31
20: 7 31 32 34
21: 7 8 9 10
22: 11 12 28 33
23: 9 10 30 32
24: 5 13 35 36
25: 3 29 34 36
26: 6 14 29 31
27: 4 13 28 33
28: 5 11 13 22 27
29: 1 6 17 25 26
30: 9 14 17 19 23
31: 7 8 19 20 26
32: 2 10 17 20 23
33: 4 12 15 22 27
34: 2 6 18 20 25
35: 3 5 16 18 24
36: 3 4 15 24 25
37: 1 15 16 17 18

1: 18 35 37
2: 19 34 36
3: 18 31 33
4: 19 30 32
5: 20 28 37
6: 21 29 36
7: 20 28 31
8: 21 29 30
9: 22 31 33
10: 23 30 32
11: 25 27 35
12: 24 26 34
13: 25 27 33
14: 24 26 32
15: 22 27 28
16: 23 26 29
17: 34 35 36 37
18: 1 3 31 35
19: 2 4 30 34
20: 5 7 31 37
21: 6 8 30 36
22: 9 15 28 33
23: 10 16 29 32
24: 12 14 32 34
25: 11 13 33 35
26: 12 14 16 37
27: 11 13 15 36
28: 5 7 15 22 36
29: 6 8 16 23 37
30: 4 8 10 19 21
31: 3 7 9 18 20
32: 4 10 14 23 24
33: 3 9 13 22 25
34: 2 12 17 19 24
35: 1 11 17 18 25
36: 2 6 17 21 27 28
37: 1 5 17 20 26 29

1: 20 36 37
2: 19 35 37
3: 26 29 34
4: 25 30 33
5: 22 27 33
6: 21 28 34
7: 24 27 35
8: 23 28 36
9: 22 27 31
10: 21 28 32
11: 25 27 35
12: 26 28 36
13: 19 30 35
14: 20 29 36
15: 18 30 33
16: 17 29 34
17: 16 32 34 37
18: 15 31 33 37
19: 2 13 30 37
20: 1 14 29 37
21: 6 10 32 34
22: 5 9 31 33
23: 8 31 32 36
24: 7 31 32 35
25: 4 11 27 30
26: 3 12 28 29
27: 5 7 9 11 25
28: 6 8 10 12 26
29: 3 14 16 20 26
30: 4 13 15 19 25
31: 9 18 22 23 24
32: 10 17 21 23 24
33: 4 5 15 18 22
34: 3 6 16 17 21
35: 2 7 11 13 24
36: 1 8 12 14 23
37: 1 2 17 18 19 20

1: 35 36 37
2: 19 36 37
3: 28 33 37
4: 18 32 37
5: 20 29 36
6: 20 21 32
7: 28 33 34
8: 20 23 29
9: 22 27 30
10: 25 27 31
11: 27 31 35
12: 24 26 31
13: 24 34 35
14: 26 30 34
15: 25 26 30
16: 18 23 32
17: 18 19 29
18: 4 16 17 37
19: 2 17 29 37
20: 5 6 8 36
21: 6 28 32 36
22: 9 30 33 35
23: 8 16 29 32
24: 12 13 31 34
25: 10 15 30 31
26: 12 14 15 34
27: 9 10 11 35
28: 3 7 21 36 37
29: 5 8 17 19 23
30: 9 14 15 22 25
31: 10 11 12 24 25
32: 4 6 16 21 23
33: 3 7 22 34 35
34: 7 13 14 24 26 33
35: 1 11 13 22 27 33
36: 1 2 5 20 21 28
37: 1 2 3 4 18 19 28

1: 20 34 37
2: 19 33 37
3: 26 29 32
4: 25 30 31
5: 22 27 33
6: 21 28 34
7: 24 27 35
8: 23 28 36
9: 24 27 31
10: 23 28 32
11: 25 27 33
12: 26 28 34
13: 19 30 33
14: 20 29 34
15: 18 30 31
16: 17 29 32
17: 16 32 36 37
18: 15 31 35 37
19: 2 13 30 37
20: 1 14 29 37
21: 6 34 35 36
22: 5 33 35 36
23: 8 10 32 36
24: 7 9 31 35
25: 4 11 27 30
26: 3 12 28 29
27: 5 7 9 11 25
28: 6 8 10 12 26
29: 3 14 16 20 26
30: 4 13 15 19 25
31: 4 9 15 18 24
32: 3 10 16 17 23
33: 2 5 11 13 22
34: 1 6 12 14 21
35: 7 18 21 22 24 37
36: 8 17 21 22 23 37
37: 1 2 17 18 19 20 35 36

