1: 28 34 39
2: 20 27 39
3: 21 28 39
4: 22 26 32
5: 22 26 35
6: 20 27 36
7: 21 35 36
8: 16 17 30
9: 23 29 33
10: 19 25 38
11: 23 29 38
12: 24 29 37
13: 25 29 37
14: 18 24 31
15: 30 31 35 36
16: 8 30 32 34
17: 8 32 33 38
18: 14 30 31 33
19: 10 31 32 37
20: 2 6 36 39
21: 3 7 36 39
22: 4 5 34 35
23: 9 11 33 38
24: 12 14 33 37
25: 10 13 37 38
26: 4 5 31 32
27: 2 6 30 34
28: 1 3 34 35
29: 9 11 12 13
30: 8 15 16 18 27
31: 14 15 18 19 26
32: 4 16 17 19 26
33: 9 17 18 23 24
34: 1 16 22 27 28
35: 5 7 15 22 28
36: 6 7 15 20 21
37: 12 13 19 24 25
38: 10 11 17 23 25
39: 1 2 3 20 21

1: 28 34 39
2: 22 28 39
3: 21 27 39
4: 17 18 38
5: 22 36 38
6: 23 26 33
7: 19 29 35
8: 25 26 37
9: 24 29 37
10: 25 29 35
11: 24 29 30
12: 21 27 36
13: 16 20 32
14: 15 23 31
15: 14 33 34 38
16: 13 31 32 34
17: 4 32 36 38
18: 4 30 32 33
19: 7 30 33 35
20: 13 30 31 37
21: 3 12 36 39
22: 2 5 36 39
23: 6 14 31 33
24: 9 11 30 37
25: 8 10 35 37
26: 6 8 31 35
27: 3 12 32 34
28: 1 2 34 38
29: 7 9 10 11
30: 11 18 19 20 24
31: 14 16 20 23 26
32: 13 16 17 18 27
33: 6 15 18 19 23
34: 1 15 16 27 28
35: 7 10 19 25 26
36: 5 12 17 21 22
37: 8 9 20 24 25
38: 4 5 15 17 28
39: 1 2 3 21 22

1: 19 35 37
2: 20 34 36
3: 19 33 39
4: 20 32 38
5: 22 30 35
6: 23 31 34
7: 22 30 33
8: 23 31 32
9: 29 30 32
10: 28 31 33
11: 25 34 36
12: 24 35 37
13: 27 28 38
14: 26 29 39
15: 26 29 37
16: 27 28 36
17: 24 29 30
18: 25 28 31
19: 1 3 35 39
20: 2 4 34 38
21: 32 33 38 39
22: 5 7 33 35
23: 6 8 32 34
24: 12 17 30 37
25: 11 18 31 36
26: 14 15 37 39
27: 13 16 36 38
28: 10 13 16 18
29: 9 14 15 17
30: 5 7 9 17 24
31: 6 8 10 18 25
32: 4 8 9 21 23
33: 3 7 10 21 22
34: 2 6 11 20 23
35: 1 5 12 19 22
36: 2 11 16 25 27
37: 1 12 15 24 26
38: 4 13 20 21 27
39: 3 14 19 21 26

1: 28 36 39
2: 20 37 39
3: 29 38 39
4: 28 30 31
5: 20 30 37
6: 27 35 38
7: 21 29 38
8: 27 33 38
9: 21 34 35
10: 22 34 35
11: 22 32 33
12: 26 33 37
13: 24 30 31
14: 23 29 32
15: 23 29 34
16: 24 26 37
17: 25 26 31
18: 25 26 36
19: 32 33 36 39
20: 2 5 30 39
21: 7 9 34 38
22: 10 11 32 35
23: 14 15 32 34
24: 13 16 31 37
25: 17 18 31 36
26: 12 16 17 18
27: 6 8 33 35
28: 1 4 30 36
29: 3 7 14 15 39
30: 4 5 13 20 28
31: 4 13 17 24 25
32: 11 14 19 22 23
33: 8 11 12 19 27
34: 9 10 15 21 23
35: 6 9 10 22 27
36: 1 18 19 25 28
37: 2 5 12 16 24
38: 3 6 7 8 21
39: 1 2 3 19 20 29

1: 28 31 38
2: 29 30 39
3: 20 37 39
4: 21 36 38
5: 20 33 35
6: 21 32 34
7: 22 31 39
8: 23 30 38
9: 23 30 32
10: 22 31 33
11: 24 33 35
12: 25 32 34
13: 26 28 37
14: 27 29 36
15: 26 28 35
16: 27 29 34
17: 24 28 31
18: 25 29 30
19: 36 37 38 39
20: 3 5 33 37
21: 4 6 32 36
22: 7 10 33 39
23: 8 9 32 38
24: 11 17 31 35
25: 12 18 30 34
26: 13 15 35 37
27: 14 16 34 36
28: 1 13 15 17 38
29: 2 14 16 18 39
30: 2 8 9 18 25
31: 1 7 10 17 24
32: 6 9 12 21 23
33: 5 10 11 20 22
34: 6 12 16 25 27
35: 5 11 15 24 26
36: 4 14 19 21 27
37: 3 13 19 20 26
38: 1 4 8 19 23 28
39: 2 3 7 19 22 29

1: 20 38 39
2: 19 37 39
3: 21 36 39
4: 22 35 39
5: 28 32 33
6: 27 31 34
7: 24 29 37
8: 23 30 38
9: 26 29 35
10: 25 30 36
11: 26 29 31
12: 25 30 32
13: 27 29 37
14: 28 30 38
15: 19 34 37
16: 20 33 38
17: 22 31 34
18: 21 32 33
19: 2 15 34 39
20: 1 16 33 39
21: 3 18 32 39
22: 4 17 31 39
23: 8 35 36 38
24: 7 35 36 37
25: 10 12 32 36
26: 9 11 31 35
27: 6 13 29 34
28: 5 14 30 33
29: 7 9 11 13 27
30: 8 10 12 14 28
31: 6 11 17 22 26
32: 5 12 18 21 25
33: 5 16 18 20 28
34: 6 15 17 19 27
35: 4 9 23 24 26
36: 3 10 23 24 25
37: 2 7 13 15 24
38: 1 8 14 16 23
39: 1 2 3 4 19 20 21 22

1: 2 3 4 5 6 7 8 9 10 11 12 13 14 15 16 17 18 19 20 21 22 23 24 25 26 27 28 29 30 31 32 33
2: 1 3 4 5 6 7 8 9 10 11 13 14 15 16 17 18 19 20 21 22 24 26 27 29 30 32 33 35 36 37 38 39
3: 1 2 4 5 6 7 8 9 10 11 12 14 15 16 17 18 19 20 21 23 25 26 27 29 31 32 33 34 36 37 38 39
4: 1 2 3 5 6 7 8 9 10 11 12 13 14 16 17 18 19 20 22 24 25 26 27 28 30 31 33 34 35 37 38 39
5: 1 2 3 4 6 7 8 9 10 11 12 13 15 16 17 18 19 21 23 24 25 26 27 28 30 31 32 34 35 36 38 39
6: 1 2 3 4 5 7 8 10 12 13 14 15 16 17 18 19 20 22 23 24 25 26 27 28 29 30 32 34 36 37 38 39
7: 1 2 3 4 5 6 9 11 12 13 14 15 16 17 18 19 21 22 23 24 25 26 27 28 29 31 33 35 36 37 38 39
8: 1 2 3 4 5 6 9 10 11 13 14 15 16 17 18 20 21 22 23 25 26 27 28 29 30 31 33 34 35 36 38 39
9: 1 2 3 4 5 7 8 10 11 12 14 15 16 17 19 20 21 22 23 24 26 27 28 29 30 31 32 34 35 37 38 39
10: 1 2 3 4 5 6 8 9 12 13 14 15 17 18 19 20 21 22 24 25 26 27 28 29 31 32 33 34 35 36 37 39
11: 1 2 3 4 5 7 8 9 12 13 14 15 16 18 19 20 21 23 24 25 26 27 28 29 30 32 33 34 35 36 37 38
12: 1 3 4 5 6 7 9 10 11 13 14 15 16 17 18 19 20 21 22 25 26 27 28 29 30 31 32 34 35 36 37 38
13: 1 2 4 5 6 7 8 10 11 12 14 15 16 17 18 19 20 21 23 24 26 27 28 29 30 31 33 34 35 36 37 39
14: 1 2 3 4 6 7 8 9 10 11 12 13 15 16 17 18 19 21 22 23 25 26 28 29 30 32 33 34 35 37 38 39
15: 1 2 3 5 6 7 8 9 10 11 12 13 14 16 17 18 19 20 22 23 24 27 28 29 31 32 33 34 35 36 38 39
16: 1 2 3 4 5 6 7 8 9 11 12 13 14 15 17 19 20 21 22 23 25 27 28 30 31 32 33 34 35 36 37 39
17: 1 2 3 4 5 6 7 8 9 10 12 13 14 15 16 18 20 21 22 23 24 26 28 30 31 32 33 34 35 36 37 38
18: 1 2 3 4 5 6 7 8 10 11 12 13 14 15 17 19 21 22 23 24 25 27 29 30 31 32 33 34 35 36 37 38
19: 1 2 3 4 5 6 7 9 10 11 12 13 14 15 16 18 20 22 23 24 25 26 29 30 31 32 33 34 35 36 37 39
20: 1 2 3 4 6 8 9 10 11 12 13 15 16 17 19 22 23 24 25 26 27 28 29 30 31 32 33 34 35 36 37 38
21: 1 2 3 5 7 8 9 10 11 12 13 14 16 17 18 22 23 24 25 26 27 28 29 30 31 32 33 34 35 36 37 39
22: 1 2 4 6 7 8 9 10 12 14 15 16 17 18 19 20 21 23 24 25 27 28 29 30 31 32 33 35 36 37 38 39
23: 1 3 5 6 7 8 9 11 13 14 15 16 17 18 19 20 21 22 24 25 26 28 29 30 31 32 33 34 36 37 38 39
24: 1 2 4 5 6 7 9 10 11 13 15 17 18 19 20 21 22 23 25 26 27 28 29 30 31 32 33 34 35 37 38 39
25: 1 3 4 5 6 7 8 10 11 12 14 16 18 19 20 21 22 23 24 26 27 28 29 30 31 32 33 34 35 36 38 39
26: 1 2 3 4 5 6 7 8 9 10 11 12 13 14 17 19 20 21 23 24 25 28 29 30 31 32 33 35 36 37 38 39
27: 1 2 3 4 5 6 7 8 9 10 11 12 13 15 16 18 20 21 22 24 25 28 29 30 31 32 33 34 36 37 38 39
28: 1 4 5 6 7 8 9 10 11 12 13 14 15 16 17 20 21 22 23 24 25 26 27 29 32 33 34 35 36 37 38 39
29: 1 2 3 6 7 8 9 10 11 12 13 14 15 18 19 20 21 22 23 24 25 26 27 28 30 31 34 35 36 37 38 39
30: 1 2 4 5 6 8 9 11 12 13 14 16 17 18 19 20 21 22 23 24 25 26 27 29 31 32 34 35 36 37 38 39
31: 1 3 4 5 7 8 9 10 12 13 15 16 17 18 19 20 21 22 23 24 25 26 27 29 30 33 34 35 36 37 38 39
32: 1 2 3 5 6 9 10 11 12 14 15 16 17 18 19 20 21 22 23 24 25 26 27 28 30 33 34 35 36 37 38 39
33: 1 2 3 4 7 8 10 11 13 14 15 16 17 18 19 20 21 22 23 24 25 26 27 28 31 32 34 35 36 37 38 39
34: 3 4 5 6 8 9 10 11 12 13 14 15 16 17 18 19 20 21 23 24 25 27 28 29 30 31 32 33 35 37 38 39
35: 2 4 5 7 8 9 10 11 12 13 14 15 16 17 18 19 20 21 22 24 25 26 28 29 30 31 32 33 34 36 38 39
36: 2 3 5 6 7 8 10 11 12 13 15 16 17 18 19 20 21 22 23 25 26 27 28 29 30 31 32 33 35 37 38 39
37: 2 3 4 6 7 9 10 11 12 13 14 16 17 18 19 20 21 22 23 24 26 27 28 29 30 31 32 33 34 36 38 39
38: 2 3 4 5 6 7 8 9 11 12 14 15 17 18 20 22 23 24 25 26 27 28 29 30 31 32 33 34 35 36 37 39
39: 2 3 4 5 6 7 8 9 10 13 14 15 16 19 21 22 23 24 25 26 27 28 29 30 31 32 33 34 35 36 37 38

