1: 2 3 4 5 6
2: 1 17 20 21 22
3: 1 25 29 31 35
4: 1 26 30 32 36
5: 1 18 24 28 33
6: 1 19 23 27 34
7: 15 17 31 33 36
8: 16 17 32 34 35
9: 11 18 20 27 36
10: 12 19 20 28 35
11: 9 21 24 26 34
12: 10 21 23 25 33
13: 14 19 24 30 31
14: 13 18 23 29 32
15: 7 22 26 28 29
16: 8 22 25 27 30
17: 2 7 8 18 19
18: 5 9 14 17 25
19: 6 10 13 17 26
20: 2 9 10 29 30
21: 2 11 12 31 32
22: 2 15 16 23 24
23: 6 12 14 22 36
24: 5 11 13 22 35
25: 3 12 16 18 26
26: 4 11 15 19 25
27: 6 9 16 28 31
28: 5 10 15 27 32
29: 3 14 15 20 34
30: 4 13 16 20 33
31: 3 7 13 21 27
32: 4 8 14 21 28
33: 5 7 12 30 34
34: 6 8 11 29 33
35: 3 8 10 24 36
36: 4 7 9 23 35

1: 2 3 4 5 6 7 8 9 10 11 12 13 14 15
2: 1 3 4 5 6 16 17 18 19 20 21 22 23 24
3: 1 2 10 12 15 20 21 23 27 29 31 32 35 36
4: 1 2 10 13 14 20 22 24 28 30 31 32 33 34
5: 1 2 11 12 14 19 21 24 25 26 29 30 34 35
6: 1 2 11 13 15 19 22 23 25 26 27 28 33 36
7: 1 10 11 12 13 16 17 18 23 24 27 30 34 36
8: 1 10 11 14 15 16 17 18 21 22 28 29 33 35
9: 1 12 13 14 15 16 17 18 19 20 25 26 31 32
10: 1 3 4 7 8 16 19 20 25 26 27 28 29 30
11: 1 5 6 7 8 16 19 20 31 32 33 34 35 36
12: 1 3 5 7 9 17 21 22 25 27 28 31 33 34
13: 1 4 6 7 9 17 21 22 26 29 30 32 35 36
14: 1 4 5 8 9 18 23 24 25 27 28 32 35 36
15: 1 3 6 8 9 18 23 24 26 29 30 31 33 34
16: 2 7 8 9 10 11 21 22 23 24 25 26 31 32
17: 2 7 8 9 12 13 19 20 23 24 28 29 33 35
18: 2 7 8 9 14 15 19 20 21 22 27 30 34 36
19: 2 5 6 9 10 11 17 18 27 28 29 30 31 32
20: 2 3 4 9 10 11 17 18 25 26 33 34 35 36
21: 2 3 5 8 12 13 16 18 26 28 30 32 33 36
22: 2 4 6 8 12 13 16 18 25 27 29 31 34 35
23: 2 3 6 7 14 15 16 17 25 28 30 32 34 35
24: 2 4 5 7 14 15 16 17 26 27 29 31 33 36
25: 5 6 9 10 12 14 16 20 22 23 29 30 33 36
26: 5 6 9 10 13 15 16 20 21 24 27 28 34 35
27: 3 6 7 10 12 14 18 19 22 24 26 32 33 35
28: 4 6 8 10 12 14 17 19 21 23 26 31 34 36
29: 3 5 8 10 13 15 17 19 22 24 25 32 34 36
30: 4 5 7 10 13 15 18 19 21 23 25 31 33 35
31: 3 4 9 11 12 15 16 19 22 24 28 30 35 36
32: 3 4 9 11 13 14 16 19 21 23 27 29 33 34
33: 4 6 8 11 12 15 17 20 21 24 25 27 30 32
34: 4 5 7 11 12 15 18 20 22 23 26 28 29 32
35: 3 5 8 11 13 14 17 20 22 23 26 27 30 31
36: 3 6 7 11 13 14 18 20 21 24 25 28 29 31

1: 2 3 4 5 13 14 15 16
2: 1 9 10 12 21 30 33 34
3: 1 8 11 12 22 29 32 36
4: 1 8 11 12 23 28 31 35
5: 1 9 10 12 24 25 26 27
6: 8 9 10 11 17 18 19 20
7: 8 9 10 11 13 14 15 16
8: 3 4 6 7 21 30 33 34
9: 2 5 6 7 22 29 32 36
10: 2 5 6 7 23 28 31 35
11: 3 4 6 7 24 25 26 27
12: 2 3 4 5 17 18 19 20
13: 1 7 18 19 20 21 27 28 29
14: 1 7 17 19 20 26 34 35 36
15: 1 7 17 18 20 25 31 32 33
16: 1 7 17 18 19 22 23 24 30
17: 6 12 14 15 16 21 27 28 29
18: 6 12 13 15 16 26 34 35 36
19: 6 12 13 14 16 25 31 32 33
20: 6 12 13 14 15 22 23 24 30
21: 2 8 13 17 22 23 24 25 26
22: 3 9 16 20 21 27 28 31 35
23: 4 10 16 20 21 27 29 32 36
24: 5 11 16 20 21 31 32 33 34
25: 5 11 15 19 21 30 34 35 36
26: 5 11 14 18 21 28 29 30 33
27: 5 11 13 17 22 23 30 33 34
28: 4 10 13 17 22 26 32 34 36
29: 3 9 13 17 23 26 31 34 35
30: 2 8 16 20 25 26 27 31 32
31: 4 10 15 19 22 24 29 30 36
32: 3 9 15 19 23 24 28 30 35
33: 2 8 15 19 24 26 27 35 36
34: 2 8 14 18 24 25 27 28 29
35: 4 10 14 18 22 25 29 32 33
36: 3 9 14 18 23 25 28 31 33

1: 2 9 10 13 14 15 16 29
2: 1 11 12 25 26 27 28 31
3: 8 9 10 17 18 19 20 36
4: 5 9 11 13 17 21 25 32
5: 4 10 12 16 20 24 28 34
6: 7 9 11 14 18 22 26 35
7: 6 10 12 15 19 23 27 33
8: 3 11 12 21 22 23 24 30
9: 1 3 4 6 30 31 33 34
10: 1 3 5 7 30 31 32 35
11: 2 4 6 8 29 33 34 36
12: 2 5 7 8 29 32 35 36
13: 1 4 19 22 23 24 27 35 36
14: 1 6 20 21 23 24 28 32 36
15: 1 7 17 21 22 24 25 34 36
16: 1 5 18 21 22 23 26 33 36
17: 3 4 15 23 26 27 28 29 35
18: 3 6 16 24 25 27 28 29 32
19: 3 7 13 21 25 26 28 29 34
20: 3 5 14 22 25 26 27 29 33
21: 4 8 14 15 16 19 27 31 35
22: 6 8 13 15 16 20 28 31 32
23: 7 8 13 14 16 17 25 31 34
24: 5 8 13 14 15 18 26 31 33
25: 2 4 15 18 19 20 23 30 35
26: 2 6 16 17 19 20 24 30 32
27: 2 7 13 17 18 20 21 30 34
28: 2 5 14 17 18 19 22 30 33
29: 1 11 12 17 18 19 20 30 31
30: 8 9 10 25 26 27 28 29 36
31: 2 9 10 21 22 23 24 29 36
32: 4 10 12 14 18 22 26 33 34
33: 7 9 11 16 20 24 28 32 35
34: 5 9 11 15 19 23 27 32 35
35: 6 10 12 13 17 21 25 33 34
36: 3 11 12 13 14 15 16 30 31

1: 2 3 4 5 13 14 15 16
2: 1 9 10 12 21 30 31 32
3: 1 8 11 12 23 28 33 36
4: 1 8 11 12 22 27 34 35
5: 1 9 10 12 24 25 26 29
6: 8 9 10 11 17 18 19 20
7: 8 9 10 11 13 14 15 16
8: 3 4 6 7 21 30 31 32
9: 2 5 6 7 23 28 33 36
10: 2 5 6 7 22 27 34 35
11: 3 4 6 7 24 25 26 29
12: 2 3 4 5 17 18 19 20
13: 1 7 18 19 20 21 27 28 29
14: 1 7 17 19 20 26 32 33 35
15: 1 7 17 18 20 25 31 34 36
16: 1 7 17 18 19 22 23 24 30
17: 6 12 14 15 16 21 27 28 29
18: 6 12 13 15 16 26 32 33 35
19: 6 12 13 14 16 25 31 34 36
20: 6 12 13 14 15 22 23 24 30
21: 2 8 13 17 22 23 24 25 26
22: 4 10 16 20 21 28 29 33 36
23: 3 9 16 20 21 27 29 34 35
24: 5 11 16 20 21 27 28 31 32
25: 5 11 15 19 21 30 32 33 35
26: 5 11 14 18 21 30 31 34 36
27: 4 10 13 17 23 24 30 33 36
28: 3 9 13 17 22 24 30 34 35
29: 5 11 13 17 22 23 30 31 32
30: 2 8 16 20 25 26 27 28 29
31: 2 8 15 19 24 26 29 33 35
32: 2 8 14 18 24 25 29 34 36
33: 3 9 14 18 22 25 27 31 34
34: 4 10 15 19 23 26 28 32 33
35: 4 10 14 18 23 25 28 31 36
36: 3 9 15 19 22 26 27 32 35

1: 2 3 4 13 14 25 26 27
2: 1 9 12 22 24 31 35 36
3: 1 10 11 21 23 30 34 36
4: 1 11 12 19 20 29 32 33
5: 6 7 8 13 14 34 35 36
6: 5 10 11 22 24 26 27 33
7: 5 9 12 21 23 25 27 32
8: 5 9 10 19 20 28 30 31
9: 2 7 8 15 18 26 29 33
10: 3 6 8 16 17 25 29 32
11: 3 4 6 15 18 28 31 35
12: 2 4 7 16 17 28 30 34
13: 1 5 15 17 20 23 24 28 29
14: 1 5 16 18 19 21 22 28 29
15: 9 11 13 16 19 21 22 25 34
16: 10 12 14 15 20 23 24 26 35
17: 10 12 13 18 19 21 22 26 35
18: 9 11 14 17 20 23 24 25 34
19: 4 8 14 15 17 23 24 27 36
20: 4 8 13 16 18 21 22 27 36
21: 3 7 14 15 17 20 24 31 33
22: 2 6 14 15 17 20 23 30 32
23: 3 7 13 16 18 19 22 31 33
24: 2 6 13 16 18 19 21 30 32
25: 1 7 10 15 18 30 31 33 36
26: 1 6 9 16 17 30 31 32 36
27: 1 6 7 19 20 28 29 34 35
28: 8 11 12 13 14 27 32 33 36
29: 4 9 10 13 14 27 30 31 36
30: 3 8 12 22 24 25 26 29 35
31: 2 8 11 21 23 25 26 29 34
32: 4 7 10 22 24 26 28 34 35
33: 4 6 9 21 23 25 28 34 35
34: 3 5 12 15 18 27 31 32 33
35: 2 5 11 16 17 27 30 32 33
36: 2 3 5 19 20 25 26 28 29

1: 2 3 4 13 14 25 26 27
2: 1 10 12 21 22 32 34 36
3: 1 11 12 19 20 31 33 35
4: 1 8 9 23 24 30 35 36
5: 7 9 11 21 22 29 30 33
6: 7 9 10 19 20 25 27 36
7: 5 6 8 13 14 28 31 35
8: 4 7 12 17 18 27 33 34
9: 4 5 6 15 16 26 32 34
10: 2 6 11 23 24 26 29 31
11: 3 5 10 17 18 25 28 32
12: 2 3 8 15 16 28 29 30
13: 1 7 15 17 19 21 23 29 32
14: 1 7 16 18 20 22 24 29 32
15: 9 12 13 18 20 22 24 25 31
16: 9 12 14 17 19 21 23 25 31
17: 8 11 13 16 20 22 24 26 36
18: 8 11 14 15 19 21 23 26 36
19: 3 6 13 16 18 22 24 30 34
20: 3 6 14 15 17 21 23 30 34
21: 2 5 13 16 18 20 24 27 35
22: 2 5 14 15 17 19 23 27 35
23: 4 10 13 16 18 20 22 28 33
24: 4 10 14 15 17 19 21 28 33
25: 1 6 11 15 16 30 33 34 35
26: 1 9 10 17 18 28 30 33 35
27: 1 6 8 21 22 28 29 31 32
28: 7 11 12 23 24 26 27 34 36
29: 5 10 12 13 14 27 34 35 36
30: 4 5 12 19 20 25 26 31 32
31: 3 7 10 15 16 27 30 34 36
32: 2 9 11 13 14 27 30 33 35
33: 3 5 8 23 24 25 26 32 36
34: 2 8 9 19 20 25 28 29 31
35: 3 4 7 21 22 25 26 29 32
36: 2 4 6 17 18 28 29 31 33

1: 27 29 36
2: 26 28 36
3: 18 19 36
4: 26 28 30
5: 27 29 31
6: 24 33 35
7: 25 32 34
8: 20 30 32
9: 21 31 33
10: 21 27 35
11: 20 26 34
12: 23 30 32
13: 22 31 33
14: 22 24 29
15: 23 25 28
16: 18 24 35
17: 19 25 34
18: 3 16 35 36
19: 3 17 34 36
20: 8 11 30 34
21: 9 10 31 35
22: 13 14 29 33
23: 12 15 28 32
24: 6 14 16 33
25: 7 15 17 32
26: 2 4 11 30
27: 1 5 10 31
28: 2 4 15 23 36
29: 1 5 14 22 36
30: 4 8 12 20 26
31: 5 9 13 21 27
32: 7 8 12 23 25
33: 6 9 13 22 24
34: 7 11 17 19 20
35: 6 10 16 18 21
36: 1 2 3 18 19 28 29

1: 15 27 35
2: 16 29 36
3: 18 31 33
4: 24 30 32
5: 16 31 32
6: 21 27 28
7: 17 27 28
8: 25 28 29
9: 23 26 34
10: 19 24 34
11: 21 25 33
12: 20 26 30
13: 22 25 29
14: 23 24 30
15: 1 34 35 36
16: 2 5 31 36
17: 7 27 29 36
18: 3 27 33 35
19: 10 32 34 36
20: 12 31 32 35
21: 6 11 28 33
22: 13 29 31 33
23: 9 14 30 34
24: 4 10 14 32
25: 8 11 13 28
26: 9 12 30 35
27: 1 6 7 17 18
28: 6 7 8 21 25
29: 2 8 13 17 22
30: 4 12 14 23 26
31: 3 5 16 20 22
32: 4 5 19 20 24
33: 3 11 18 21 22
34: 9 10 15 19 23
35: 1 15 18 20 26
36: 2 15 16 17 19

1: 15 27 36
2: 24 29 30
3: 26 27 31
4: 16 28 32
5: 21 33 34
6: 17 30 33
7: 22 28 31
8: 19 28 32
9: 23 25 35
10: 18 24 35
11: 23 24 29
12: 22 26 34
13: 21 26 27
14: 20 25 29
15: 1 28 31 36
16: 4 32 35 36
17: 6 27 33 36
18: 10 30 35 36
19: 8 28 33 34
20: 14 30 32 33
21: 5 13 27 34
22: 7 12 31 34
23: 9 11 29 35
24: 2 10 11 30
25: 9 14 29 32
26: 3 12 13 31
27: 1 3 13 17 21
28: 4 7 8 15 19
29: 2 11 14 23 25
30: 2 6 18 20 24
31: 3 7 15 22 26
32: 4 8 16 20 25
33: 5 6 17 19 20
34: 5 12 19 21 22
35: 9 10 16 18 23
36: 1 15 16 17 18

1: 28 34 36
2: 18 28 36
3: 27 33 36
4: 19 35 36
5: 20 28 29
6: 21 22 32
7: 22 32 33
8: 20 23 30
9: 22 27 35
10: 23 26 31
11: 23 31 34
12: 24 26 30
13: 24 25 31
14: 25 29 34
15: 24 29 30
16: 19 21 35
17: 18 19 32
18: 2 17 32 36
19: 4 16 17 36
20: 5 8 30 34
21: 6 16 32 35
22: 6 7 9 33
23: 8 10 11 34
24: 12 13 15 29
25: 13 14 29 31
26: 10 12 30 31
27: 3 9 33 35
28: 1 2 5 33
29: 5 14 15 24 25
30: 8 12 15 20 26
31: 10 11 13 25 26
32: 6 7 17 18 21
33: 3 7 22 27 28
34: 1 11 14 20 23
35: 4 9 16 21 27
36: 1 2 3 4 18 19

1: 2 3 4
2: 1 32 33
3: 1 34 36
4: 1 31 35
5: 6 7 30
6: 5 23 29
7: 5 21 22
8: 19 28 29
9: 10 27 28
10: 9 11 12
11: 10 18 19
12: 10 17 20
13: 14 16 21
14: 13 15 25
15: 14 17 26
16: 13 17 18
17: 12 15 16
18: 11 16 22
19: 8 11 23
20: 12 26 27
21: 7 13 24
22: 7 18 23
23: 6 19 22
24: 21 25 32
25: 14 24 33
26: 15 20 34
27: 9 20 36
28: 8 9 35
29: 6 8 31
30: 5 31 32
31: 4 29 30
32: 2 24 30
33: 2 25 34
34: 3 26 33
35: 4 28 36
36: 3 27 35

1: 2 3 4
2: 1 31 33
3: 1 34 36
4: 1 32 35
5: 6 18 22
6: 5 7 19
7: 6 8 9
8: 7 15 17
9: 7 14 16
10: 15 20 30
11: 12 14 29
12: 11 16 21
13: 17 20 21
14: 9 11 18
15: 8 10 19
16: 9 12 17
17: 8 13 16
18: 5 14 27
19: 6 15 28
20: 10 13 26
21: 12 13 25
22: 5 23 24
23: 22 28 35
24: 22 27 36
25: 21 26 31
26: 20 25 33
27: 18 24 34
28: 19 23 32
29: 11 31 34
30: 10 32 33
31: 2 25 29
32: 4 28 30
33: 2 26 30
34: 3 27 29
35: 4 23 36
36: 3 24 35

1: 2 3 4
2: 1 35 36
3: 1 32 34
4: 1 31 33
5: 6 7 30
6: 5 23 29
7: 5 22 28
8: 9 10 13
9: 8 11 25
10: 8 12 24
11: 9 14 26
12: 10 15 27
13: 8 14 15
14: 11 13 18
15: 12 13 19
16: 20 27 29
17: 21 26 28
18: 14 19 21
19: 15 18 20
20: 16 19 23
21: 17 18 22
22: 7 21 23
23: 6 20 22
24: 10 25 36
25: 9 24 35
26: 11 17 34
27: 12 16 33
28: 7 17 32
29: 6 16 31
30: 5 31 32
31: 4 29 30
32: 3 28 30
33: 4 27 36
34: 3 26 35
35: 2 25 34
36: 2 24 33

1: 2 3 4
2: 1 32 33
3: 1 34 36
4: 1 31 35
5: 6 7 30
6: 5 23 29
7: 5 21 22
8: 17 28 29
9: 10 27 28
10: 9 11 12
11: 10 18 20
12: 10 17 19
13: 15 16 22
14: 15 18 25
15: 13 14 20
16: 13 19 21
17: 8 12 23
18: 11 14 26
19: 12 16 20
20: 11 15 19
21: 7 16 23
22: 7 13 24
23: 6 17 21
24: 22 25 32
25: 14 24 33
26: 18 27 34
27: 9 26 36
28: 8 9 35
29: 6 8 31
30: 5 31 32
31: 4 29 30
32: 2 24 30
33: 2 25 34
34: 3 26 33
35: 4 28 36
36: 3 27 35

1: 2 3 4
2: 1 32 33
3: 1 34 35
4: 1 31 36
5: 6 7 30
6: 5 23 29
7: 5 21 22
8: 17 27 28
9: 10 20 28
10: 9 23 24
11: 12 13 22
12: 11 20 21
13: 11 18 19
14: 16 26 27
15: 18 25 26
16: 14 17 18
17: 8 16 19
18: 13 15 16
19: 13 17 20
20: 9 12 19
21: 7 12 23
22: 7 11 25
23: 6 10 21
24: 10 29 36
25: 15 22 32
26: 14 15 33
27: 8 14 34
28: 8 9 35
29: 6 24 31
30: 5 31 32
31: 4 29 30
32: 2 25 30
33: 2 26 34
34: 3 27 33
35: 3 28 36
36: 4 24 35

1: 2 3 4
2: 1 32 33
3: 1 34 36
4: 1 31 35
5: 6 7 30
6: 5 23 29
7: 5 21 22
8: 11 28 29
9: 10 27 28
10: 9 11 12
11: 8 10 19
12: 10 18 20
13: 15 17 22
14: 15 25 26
15: 13 14 18
16: 18 26 27
17: 13 20 21
18: 12 15 16
19: 11 20 23
20: 12 17 19
21: 7 17 23
22: 7 13 24
23: 6 19 21
24: 22 25 32
25: 14 24 33
26: 14 16 34
27: 9 16 36
28: 8 9 35
29: 6 8 31
30: 5 31 32
31: 4 29 30
32: 2 24 30
33: 2 25 34
34: 3 26 33
35: 4 28 36
36: 3 27 35

1: 2 3 4
2: 1 31 36
3: 1 32 34
4: 1 33 35
5: 6 7 22
6: 5 15 21
7: 5 14 20
8: 19 21 30
9: 16 17 29
10: 11 13 17
11: 10 12 16
12: 11 14 18
13: 10 15 19
14: 7 12 15
15: 6 13 14
16: 9 11 27
17: 9 10 28
18: 12 20 26
19: 8 13 25
20: 7 18 24
21: 6 8 23
22: 5 23 24
23: 21 22 31
24: 20 22 36
25: 19 28 32
26: 18 27 35
27: 16 26 33
28: 17 25 34
29: 9 33 34
30: 8 31 32
31: 2 23 30
32: 3 25 30
33: 4 27 29
34: 3 28 29
35: 4 26 36
36: 2 24 35

1: 2 3 4
2: 1 32 33
3: 1 34 36
4: 1 31 35
5: 6 7 30
6: 5 23 29
7: 5 21 22
8: 17 28 29
9: 10 27 28
10: 9 11 12
11: 10 18 20
12: 10 17 19
13: 14 16 22
14: 13 15 25
15: 14 20 26
16: 13 19 21
17: 8 12 23
18: 11 26 27
19: 12 16 20
20: 11 15 19
21: 7 16 23
22: 7 13 24
23: 6 17 21
24: 22 25 32
25: 14 24 33
26: 15 18 34
27: 9 18 36
28: 8 9 35
29: 6 8 31
30: 5 31 32
31: 4 29 30
32: 2 24 30
33: 2 25 34
34: 3 26 33
35: 4 28 36
36: 3 27 35

1: 2 3 4
2: 1 32 33
3: 1 34 36
4: 1 31 35
5: 6 7 30
6: 5 23 29
7: 5 22 28
8: 9 10 21
9: 8 18 20
10: 8 16 17
11: 20 24 28
12: 19 27 29
13: 16 26 27
14: 18 24 25
15: 17 25 26
16: 10 13 19
17: 10 15 18
18: 9 14 17
19: 12 16 23
20: 9 11 22
21: 8 22 23
22: 7 20 21
23: 6 19 21
24: 11 14 33
25: 14 15 34
26: 13 15 36
27: 12 13 35
28: 7 11 32
29: 6 12 31
30: 5 31 32
31: 4 29 30
32: 2 28 30
33: 2 24 34
34: 3 25 33
35: 4 27 36
36: 3 26 35

1: 2 3 4
2: 1 32 33
3: 1 34 35
4: 1 31 36
5: 6 7 30
6: 5 23 29
7: 5 21 22
8: 10 12 28
9: 16 27 28
10: 8 23 24
11: 12 21 23
12: 8 11 19
13: 14 15 22
14: 13 18 20
15: 13 19 21
16: 9 19 20
17: 20 26 27
18: 14 25 26
19: 12 15 16
20: 14 16 17
21: 7 11 15
22: 7 13 25
23: 6 10 11
24: 10 29 36
25: 18 22 32
26: 17 18 33
27: 9 17 34
28: 8 9 35
29: 6 24 31
30: 5 31 32
31: 4 29 30
32: 2 25 30
33: 2 26 34
34: 3 27 33
35: 3 28 36
36: 4 24 35

1: 2 3 4 5 6 7 8 9 10 11 12 13 14 15 16
2: 1 3 4 5 6 7 8 17 18 19 20 21 22 23 24
3: 1 2 4 9 10 11 12 17 18 19 20 25 26 27 28
4: 1 2 3 13 14 15 16 21 22 23 24 25 26 27 28
5: 1 2 6 9 11 13 15 17 19 21 23 29 30 33 34
6: 1 2 5 10 12 14 16 18 20 22 24 29 30 33 34
7: 1 2 8 9 11 14 16 17 19 22 24 31 32 35 36
8: 1 2 7 10 12 13 15 18 20 21 23 31 32 35 36
9: 1 3 5 7 10 14 15 17 19 25 28 29 31 33 35
10: 1 3 6 8 9 13 16 18 20 26 27 29 31 33 35
11: 1 3 5 7 12 13 16 17 19 26 27 30 32 34 36
12: 1 3 6 8 11 14 15 18 20 25 28 30 32 34 36
13: 1 4 5 8 10 11 14 21 23 26 27 29 32 33 36
14: 1 4 6 7 9 12 13 22 24 25 28 29 32 33 36
15: 1 4 5 8 9 12 16 21 23 25 28 30 31 34 35
16: 1 4 6 7 10 11 15 22 24 26 27 30 31 34 35
17: 2 3 5 7 9 11 18 22 23 26 28 29 32 34 35
18: 2 3 6 8 10 12 17 21 24 25 27 29 32 34 35
19: 2 3 5 7 9 11 20 21 24 25 27 30 31 33 36
20: 2 3 6 8 10 12 19 22 23 26 28 30 31 33 36
21: 2 4 5 8 13 15 18 19 22 25 27 29 31 34 36
22: 2 4 6 7 14 16 17 20 21 26 28 29 31 34 36
23: 2 4 5 8 13 15 17 20 24 26 28 30 32 33 35
24: 2 4 6 7 14 16 18 19 23 25 27 30 32 33 35
25: 3 4 9 12 14 15 18 19 21 24 26 29 30 35 36
26: 3 4 10 11 13 16 17 20 22 23 25 29 30 35 36
27: 3 4 10 11 13 16 18 19 21 24 28 31 32 33 34
28: 3 4 9 12 14 15 17 20 22 23 27 31 32 33 34
29: 5 6 9 10 13 14 17 18 21 22 25 26 30 31 32
30: 5 6 11 12 15 16 19 20 23 24 25 26 29 31 32
31: 7 8 9 10 15 16 19 20 21 22 27 28 29 30 32
32: 7 8 11 12 13 14 17 18 23 24 27 28 29 30 31
33: 5 6 9 10 13 14 19 20 23 24 27 28 34 35 36
34: 5 6 11 12 15 16 17 18 21 22 27 28 33 35 36
35: 7 8 9 10 15 16 17 18 23 24 25 26 33 34 36
36: 7 8 11 12 13 14 19 20 21 22 25 26 33 34 35

1: 2 3 4
2: 1 35 36
3: 1 34 36
4: 1 33 35
5: 6 7 10
6: 5 8 9
7: 5 9 11
8: 6 10 12
9: 6 7 16
10: 5 8 15
11: 7 14 16
12: 8 13 15
13: 12 18 20
14: 11 17 19
15: 10 12 18
16: 9 11 17
17: 14 16 24
18: 13 15 23
19: 14 22 24
20: 13 21 23
21: 20 26 28
22: 19 25 27
23: 18 20 26
24: 17 19 25
25: 22 24 32
26: 21 23 31
27: 22 30 32
28: 21 29 31
29: 28 34 36
30: 27 33 35
31: 26 28 34
32: 25 27 33
33: 4 30 32
34: 3 29 31
35: 2 4 30
36: 2 3 29

1: 2 3 4
2: 1 32 36
3: 1 31 35
4: 1 33 34
5: 6 7 17
6: 5 8 18
7: 5 9 15
8: 6 10 16
9: 7 12 13
10: 8 11 14
11: 10 12 20
12: 9 11 19
13: 9 16 24
14: 10 15 23
15: 7 14 26
16: 8 13 25
17: 5 20 22
18: 6 19 21
19: 12 18 36
20: 11 17 35
21: 18 24 34
22: 17 23 33
23: 14 22 31
24: 13 21 32
25: 16 30 36
26: 15 29 35
27: 28 29 32
28: 27 30 31
29: 26 27 33
30: 25 28 34
31: 3 23 28
32: 2 24 27
33: 4 22 29
34: 4 21 30
35: 3 20 26
36: 2 19 25

1: 2 3 4
2: 1 33 36
3: 1 31 35
4: 1 32 34
5: 7 8 29
6: 7 26 28
7: 5 6 20
8: 5 9 10
9: 8 23 26
10: 8 21 22
11: 16 24 25
12: 14 24 27
13: 14 15 25
14: 12 13 18
15: 13 17 19
16: 11 17 18
17: 15 16 21
18: 14 16 22
19: 15 22 23
20: 7 21 23
21: 10 17 20
22: 10 18 19
23: 9 19 20
24: 11 12 33
25: 11 13 36
26: 6 9 35
27: 12 32 36
28: 6 31 34
29: 5 34 35
30: 31 32 33
31: 3 28 30
32: 4 27 30
33: 2 24 30
34: 4 28 29
35: 3 26 29
36: 2 25 27

1: 2 3 4
2: 1 34 36
3: 1 35 36
4: 1 32 33
5: 32 33 36
6: 8 34 35
7: 9 34 35
8: 6 10 11
9: 7 10 11
10: 8 9 12
11: 8 9 13
12: 10 14 15
13: 11 14 15
14: 12 13 16
15: 12 13 17
16: 14 18 19
17: 15 18 19
18: 16 17 20
19: 16 17 21
20: 18 22 23
21: 19 22 23
22: 20 21 24
23: 20 21 25
24: 22 26 27
25: 23 26 27
26: 24 25 28
27: 24 25 29
28: 26 30 31
29: 27 30 31
30: 28 29 32
31: 28 29 33
32: 4 5 30
33: 4 5 31
34: 2 6 7
35: 3 6 7
36: 2 3 5

1: 2 3 4
2: 1 31 33
3: 1 32 35
4: 1 34 36
5: 16 28 30
6: 7 8 22
7: 6 11 15
8: 6 12 14
9: 13 14 27
10: 11 12 13
11: 7 10 18
12: 8 10 20
13: 9 10 19
14: 8 9 17
15: 7 17 19
16: 5 18 20
17: 14 15 23
18: 11 16 24
19: 13 15 26
20: 12 16 25
21: 23 26 29
22: 6 24 25
23: 17 21 33
24: 18 22 34
25: 20 22 36
26: 19 21 35
27: 9 33 35
28: 5 32 36
29: 21 31 32
30: 5 31 34
31: 2 29 30
32: 3 28 29
33: 2 23 27
34: 4 24 30
35: 3 26 27
36: 4 25 28

1: 2 3 4
2: 1 31 32
3: 1 33 36
4: 1 34 35
5: 6 14 28
6: 5 7 17
7: 6 8 12
8: 7 9 19
9: 8 11 13
10: 11 12 30
11: 9 10 20
12: 7 10 16
13: 9 15 18
14: 5 15 16
15: 13 14 27
16: 12 14 26
17: 6 22 23
18: 13 25 26
19: 8 22 27
20: 11 24 25
21: 23 24 29
22: 17 19 32
23: 17 21 36
24: 20 21 33
25: 18 20 35
26: 16 18 34
27: 15 19 31
28: 5 31 36
29: 21 32 35
30: 10 33 34
31: 2 27 28
32: 2 22 29
33: 3 24 30
34: 4 26 30
35: 4 25 29
36: 3 23 28

1: 2 3 4
2: 1 35 36
3: 1 32 33
4: 1 31 34
5: 12 16 20
6: 13 15 17
7: 11 13 18
8: 12 14 18
9: 11 14 19
10: 11 16 17
11: 7 9 10
12: 5 8 30
13: 6 7 29
14: 8 9 24
15: 6 22 28
16: 5 10 27
17: 6 10 26
18: 7 8 25
19: 9 23 27
20: 5 25 26
21: 22 23 24
22: 15 21 33
23: 19 21 31
24: 14 21 32
25: 18 20 36
26: 17 20 35
27: 16 19 34
28: 15 31 35
29: 13 33 36
30: 12 32 34
31: 4 23 28
32: 3 24 30
33: 3 22 29
34: 4 27 30
35: 2 26 28
36: 2 25 29

1: 2 3 4
2: 1 35 36
3: 1 34 36
4: 1 33 35
5: 6 7 8
6: 5 10 11
7: 5 9 12
8: 5 9 10
9: 7 8 16
10: 6 8 15
11: 6 13 15
12: 7 14 16
13: 11 18 20
14: 12 17 19
15: 10 11 18
16: 9 12 17
17: 14 16 24
18: 13 15 23
19: 14 22 24
20: 13 21 23
21: 20 26 28
22: 19 25 27
23: 18 20 26
24: 17 19 25
25: 22 24 32
26: 21 23 31
27: 22 30 32
28: 21 29 31
29: 28 34 36
30: 27 33 35
31: 26 28 34
32: 25 27 33
33: 4 30 32
34: 3 29 31
35: 2 4 30
36: 2 3 29

1: 2 3 4
2: 1 35 36
3: 1 34 36
4: 1 32 33
5: 6 7 36
6: 5 30 31
7: 5 29 31
8: 31 32 33
9: 11 13 34
10: 12 14 35
11: 9 15 17
12: 10 16 18
13: 9 14 20
14: 10 13 19
15: 11 16 22
16: 12 15 21
17: 11 22 33
18: 12 21 32
19: 14 26 35
20: 13 25 34
21: 16 18 28
22: 15 17 27
23: 24 26 28
24: 23 25 27
25: 20 24 30
26: 19 23 29
27: 22 24 30
28: 21 23 29
29: 7 26 28
30: 6 25 27
31: 6 7 8
32: 4 8 18
33: 4 8 17
34: 3 9 20
35: 2 10 19
36: 2 3 5

1: 2 3 4
2: 1 35 36
3: 1 31 33
4: 1 32 34
5: 9 10 22
6: 16 29 30
7: 13 14 15
8: 11 12 27
9: 5 12 14
10: 5 11 13
11: 8 10 18
12: 8 9 17
13: 7 10 20
14: 7 9 19
15: 7 17 18
16: 6 19 20
17: 12 15 26
18: 11 15 25
19: 14 16 24
20: 13 16 23
21: 25 26 28
22: 5 23 24
23: 20 22 36
24: 19 22 35
25: 18 21 34
26: 17 21 33
27: 8 33 34
28: 21 31 32
29: 6 32 36
30: 6 31 35
31: 3 28 30
32: 4 28 29
33: 3 26 27
34: 4 25 27
35: 2 24 30
36: 2 23 29

1: 2 3 4
2: 1 35 36
3: 1 32 34
4: 1 31 33
5: 20 21 30
6: 14 22 24
7: 16 23 27
8: 17 23 26
9: 15 22 25
10: 17 24 28
11: 15 27 28
12: 14 26 29
13: 16 25 29
14: 6 12 19
15: 9 11 19
16: 7 13 18
17: 8 10 18
18: 16 17 21
19: 14 15 20
20: 5 19 36
21: 5 18 35
22: 6 9 35
23: 7 8 36
24: 6 10 33
25: 9 13 34
26: 8 12 34
27: 7 11 33
28: 10 11 32
29: 12 13 31
30: 5 31 32
31: 4 29 30
32: 3 28 30
33: 4 24 27
34: 3 25 26
35: 2 21 22
36: 2 20 23

1: 2 3 4
2: 1 35 36
3: 1 34 36
4: 1 32 33
5: 6 7 36
6: 5 30 31
7: 5 29 31
8: 9 10 31
9: 8 26 28
10: 8 27 28
11: 12 13 28
12: 11 24 25
13: 11 23 25
14: 15 16 25
15: 14 21 22
16: 14 20 22
17: 22 32 33
18: 27 33 35
19: 21 26 32
20: 16 24 29
21: 15 19 30
22: 15 16 17
23: 13 27 35
24: 12 20 34
25: 12 13 14
26: 9 19 30
27: 10 18 23
28: 9 10 11
29: 7 20 34
30: 6 21 26
31: 6 7 8
32: 4 17 19
33: 4 17 18
34: 3 24 29
35: 2 18 23
36: 2 3 5

1: 2 3 4 5 6 7 8 9 10 11 12 13 14 15 16 17
2: 1 20 21 22 23 24 25 26 27 28 29 30 31 32 33 34
3: 1 5 7 8 13 14 15 20 21 28 29 31 33 34 35 36
4: 1 6 9 10 11 12 15 20 21 27 30 32 33 34 35 36
5: 1 3 6 11 14 16 17 22 24 25 28 30 32 33 35 36
6: 1 4 5 12 13 16 17 22 23 26 27 29 31 34 35 36
7: 1 3 8 9 11 12 16 18 20 22 23 24 27 31 33 35
8: 1 3 7 10 12 13 17 19 21 22 23 26 30 32 33 36
9: 1 4 7 10 13 14 16 18 20 22 25 26 28 32 34 35
10: 1 4 8 9 11 14 17 19 21 22 24 25 29 31 34 36
11: 1 4 5 7 10 15 16 19 20 23 24 26 28 30 31 36
12: 1 4 6 7 8 15 17 18 21 23 24 25 28 29 32 35
13: 1 3 6 8 9 15 16 19 20 24 25 26 27 29 32 36
14: 1 3 5 9 10 15 17 18 21 23 25 26 27 30 31 35
15: 1 3 4 11 12 13 14 18 19 22 27 28 29 30 31 32
16: 1 5 6 7 9 11 13 18 19 21 23 25 29 30 33 34
17: 1 5 6 8 10 12 14 18 19 20 24 26 27 28 33 34
18: 7 9 12 14 15 16 17 24 26 29 30 31 32 33 34 36
19: 8 10 11 13 15 16 17 23 25 27 28 31 32 33 34 35
20: 2 3 4 7 9 11 13 17 23 25 29 30 31 32 35 36
21: 2 3 4 8 10 12 14 16 24 26 27 28 31 32 35 36
22: 2 5 6 7 8 9 10 15 23 24 25 26 33 34 35 36
23: 2 6 7 8 11 12 14 16 19 20 22 28 29 32 34 36
24: 2 5 7 10 11 12 13 17 18 21 22 28 30 31 34 35
25: 2 5 9 10 12 13 14 16 19 20 22 27 30 31 33 36
26: 2 6 8 9 11 13 14 17 18 21 22 27 29 32 33 35
27: 2 4 6 7 13 14 15 17 19 21 25 26 28 30 34 36
28: 2 3 5 9 11 12 15 17 19 21 23 24 27 29 33 36
29: 2 3 6 10 12 13 15 16 18 20 23 26 28 30 33 35
30: 2 4 5 8 11 14 15 16 18 20 24 25 27 29 34 35
31: 2 3 6 7 10 11 14 15 18 19 20 21 24 25 32 33
32: 2 4 5 8 9 12 13 15 18 19 20 21 23 26 31 34
33: 2 3 4 5 7 8 16 17 18 19 22 25 26 28 29 31
34: 2 3 4 6 9 10 16 17 18 19 22 23 24 27 30 32
35: 3 4 5 6 7 9 12 14 19 20 21 22 24 26 29 30
36: 3 4 5 6 8 10 11 13 18 20 21 22 23 25 27 28

1: 2 3 4 5 6
2: 1 6 32 35 36
3: 1 5 31 34 36
4: 1 5 6 30 33
5: 1 3 4 33 34
6: 1 2 4 29 35
7: 8 9 31 32 36
8: 7 9 24 28 32
9: 7 8 25 26 27
10: 11 19 21 24 28
11: 10 12 17 25 28
12: 11 17 20 25 27
13: 15 16 20 26 27
14: 15 16 22 33 34
15: 13 14 16 20 22
16: 13 14 15 26 34
17: 11 12 18 19 20
18: 17 19 20 22 23
19: 10 17 18 21 23
20: 12 13 15 17 18
21: 10 19 23 29 35
22: 14 15 18 30 33
23: 18 19 21 29 30
24: 8 10 28 32 35
25: 9 11 12 27 28
26: 9 13 16 27 31
27: 9 12 13 25 26
28: 8 10 11 24 25
29: 6 21 23 30 35
30: 4 22 23 29 33
31: 3 7 26 34 36
32: 2 7 8 24 36
33: 4 5 14 22 30
34: 3 5 14 16 31
35: 2 6 21 24 29
36: 2 3 7 31 32

1: 2 3 4 5 6
2: 1 6 32 35 36
3: 1 5 31 34 36
4: 1 5 6 30 33
5: 1 3 4 29 34
6: 1 2 4 33 35
7: 8 9 10 31 36
8: 7 10 12 23 32
9: 7 10 20 22 31
10: 7 8 9 21 23
11: 12 14 16 32 35
12: 8 11 15 16 32
13: 14 27 28 33 35
14: 11 13 16 28 35
15: 12 16 18 23 24
16: 11 12 14 15 18
17: 18 19 24 26 28
18: 15 16 17 24 28
19: 17 20 21 25 26
20: 9 19 21 22 25
21: 10 19 20 23 24
22: 9 20 25 31 34
23: 8 10 15 21 24
24: 15 17 18 21 23
25: 19 20 22 29 34
26: 17 19 27 29 30
27: 13 26 28 30 33
28: 13 14 17 18 27
29: 5 25 26 30 34
30: 4 26 27 29 33
31: 3 7 9 22 36
32: 2 8 11 12 36
33: 4 6 13 27 30
34: 3 5 22 25 29
35: 2 6 11 13 14
36: 2 3 7 31 32

1: 2 3 4 5 6
2: 1 6 32 34 36
3: 1 5 31 35 36
4: 1 5 6 30 33
5: 1 3 4 33 35
6: 1 2 4 29 34
7: 8 9 31 32 36
8: 7 24 26 28 32
9: 7 23 25 27 28
10: 11 12 23 33 35
11: 10 12 22 30 33
12: 10 11 21 22 27
13: 14 15 22 29 30
14: 13 17 19 20 29
15: 13 18 20 21 22
16: 18 20 25 26 28
17: 14 19 20 24 26
18: 15 16 20 21 25
19: 14 17 24 29 34
20: 14 15 16 17 18
21: 12 15 18 22 27
22: 11 12 13 15 21
23: 9 10 27 31 35
24: 8 17 19 26 34
25: 9 16 18 27 28
26: 8 16 17 24 28
27: 9 12 21 23 25
28: 8 9 16 25 26
29: 6 13 14 19 30
30: 4 11 13 29 33
31: 3 7 23 35 36
32: 2 7 8 34 36
33: 4 5 10 11 30
34: 2 6 19 24 32
35: 3 5 10 23 31
36: 2 3 7 31 32

1: 2 3 4 5 6
2: 1 5 30 32 36
3: 1 6 31 35 36
4: 1 5 6 33 34
5: 1 2 4 29 34
6: 1 3 4 33 35
7: 10 11 27 31 36
8: 9 14 27 30 32
9: 8 17 23 29 32
10: 7 11 12 13 31
11: 7 10 13 27 28
12: 10 13 25 26 35
13: 10 11 12 24 28
14: 8 15 17 27 28
15: 14 16 17 24 28
16: 15 17 21 22 23
17: 9 14 15 16 23
18: 20 21 23 29 34
19: 20 22 25 26 33
20: 18 19 21 33 34
21: 16 18 20 22 23
22: 16 19 21 24 25
23: 9 16 17 18 21
24: 13 15 22 25 28
25: 12 19 22 24 26
26: 12 19 25 33 35
27: 7 8 11 14 30
28: 11 13 14 15 24
29: 5 9 18 32 34
30: 2 8 27 32 36
31: 3 7 10 35 36
32: 2 8 9 29 30
33: 4 6 19 20 26
34: 4 5 18 20 29
35: 3 6 12 26 31
36: 2 3 7 30 31

1: 2 3 4 5 6
2: 1 6 32 34 36
3: 1 5 31 35 36
4: 1 5 6 30 33
5: 1 3 4 29 35
6: 1 2 4 33 34
7: 8 9 31 32 36
8: 7 9 26 28 32
9: 7 8 24 25 27
10: 11 24 25 29 35
11: 10 13 20 21 29
12: 14 16 18 30 33
13: 11 14 20 29 30
14: 12 13 18 22 30
15: 16 17 26 33 34
16: 12 15 17 18 33
17: 15 16 23 26 28
18: 12 14 16 22 23
19: 20 21 22 23 27
20: 11 13 19 21 22
21: 11 19 20 25 27
22: 14 18 19 20 23
23: 17 18 19 22 28
24: 9 10 25 31 35
25: 9 10 21 24 27
26: 8 15 17 28 34
27: 9 19 21 25 28
28: 8 17 23 26 27
29: 5 10 11 13 30
30: 4 12 13 14 29
31: 3 7 24 35 36
32: 2 7 8 34 36
33: 4 6 12 15 16
34: 2 6 15 26 32
35: 3 5 10 24 31
36: 2 3 7 31 32

1: 2 3 4 5 6
2: 1 6 32 33 36
3: 1 6 28 31 35
4: 1 5 30 34 36
5: 1 4 29 34 35
6: 1 2 3 27 33
7: 8 24 26 27 33
8: 7 23 25 27 28
9: 10 13 15 30 34
10: 9 14 16 17 30
11: 12 21 29 31 35
12: 11 13 15 21 29
13: 9 12 15 29 34
14: 10 16 18 30 36
15: 9 12 13 17 20
16: 10 14 17 19 22
17: 10 15 16 19 20
18: 14 22 24 32 36
19: 16 17 20 22 26
20: 15 17 19 21 25
21: 11 12 20 23 25
22: 16 18 19 24 26
23: 8 21 25 28 31
24: 7 18 22 26 32
25: 8 20 21 23 26
26: 7 19 22 24 25
27: 6 7 8 28 33
28: 3 8 23 27 31
29: 5 11 12 13 35
30: 4 9 10 14 34
31: 3 11 23 28 35
32: 2 18 24 33 36
33: 2 6 7 27 32
34: 4 5 9 13 30
35: 3 5 11 29 31
36: 2 4 14 18 32

1: 2 3 4 5 6
2: 1 26 27 32 33
3: 1 4 29 33 34
4: 1 3 30 34 35
5: 1 6 28 32 36
6: 1 5 31 35 36
7: 8 9 14 24 25
8: 7 14 15 23 25
9: 7 12 14 24 28
10: 11 15 16 23 33
11: 10 16 17 29 33
12: 9 13 14 31 36
13: 12 19 20 21 22
14: 7 8 9 12 22
15: 8 10 16 22 23
16: 10 11 15 17 22
17: 11 16 18 19 29
18: 17 19 20 29 34
19: 13 17 18 20 22
20: 13 18 19 21 30
21: 13 20 30 31 35
22: 13 14 15 16 19
23: 8 10 15 25 27
24: 7 9 26 28 32
25: 7 8 23 26 27
26: 2 24 25 27 32
27: 2 23 25 26 33
28: 5 9 24 32 36
29: 3 11 17 18 34
30: 4 20 21 34 35
31: 6 12 21 35 36
32: 2 5 24 26 28
33: 2 3 10 11 27
34: 3 4 18 29 30
35: 4 6 21 30 31
36: 5 6 12 28 31

1: 2 3 4 5 6
2: 1 27 28 33 34
3: 1 5 29 34 36
4: 1 6 30 33 35
5: 1 3 6 31 36
6: 1 4 5 32 35
7: 8 10 23 25 26
8: 7 21 23 24 26
9: 10 13 25 30 33
10: 7 9 13 23 25
11: 18 19 24 29 34
12: 13 15 20 22 30
13: 9 10 12 22 30
14: 16 17 18 31 36
15: 12 16 20 32 35
16: 14 15 17 31 32
17: 14 16 18 19 20
18: 11 14 17 19 29
19: 11 17 18 21 24
20: 12 15 17 21 22
21: 8 19 20 22 23
22: 12 13 20 21 23
23: 7 8 10 21 22
24: 8 11 19 26 28
25: 7 9 10 27 33
26: 7 8 24 27 28
27: 2 25 26 28 33
28: 2 24 26 27 34
29: 3 11 18 34 36
30: 4 9 12 13 35
31: 5 14 16 32 36
32: 6 15 16 31 35
33: 2 4 9 25 27
34: 2 3 11 28 29
35: 4 6 15 30 32
36: 3 5 14 29 31

1: 2 3 4 5 6
2: 1 27 28 33 34
3: 1 6 31 33 35
4: 1 5 29 30 34
5: 1 4 6 32 36
6: 1 3 5 35 36
7: 8 25 26 32 36
8: 7 24 26 35 36
9: 10 11 18 25 26
10: 9 18 19 24 26
11: 9 12 25 29 30
12: 11 15 18 20 23
13: 14 16 21 31 33
14: 13 19 21 24 31
15: 12 23 27 30 34
16: 13 17 21 22 28
17: 16 22 23 27 28
18: 9 10 12 19 20
19: 10 14 18 20 21
20: 12 18 19 22 23
21: 13 14 16 19 22
22: 16 17 20 21 23
23: 12 15 17 20 22
24: 8 10 14 26 35
25: 7 9 11 29 32
26: 7 8 9 10 24
27: 2 15 17 28 34
28: 2 16 17 27 33
29: 4 11 25 30 32
30: 4 11 15 29 34
31: 3 13 14 33 35
32: 5 7 25 29 36
33: 2 3 13 28 31
34: 2 4 15 27 30
35: 3 6 8 24 31
36: 5 6 7 8 32

1: 2 3 4 5 6
2: 1 26 27 28 34
3: 1 5 29 30 32
4: 1 6 31 34 35
5: 1 3 6 33 36
6: 1 4 5 35 36
7: 8 24 25 33 36
8: 7 23 25 35 36
9: 11 12 14 24 25
10: 18 19 20 23 25
11: 9 12 24 29 30
12: 9 11 13 14 15
13: 12 15 21 30 32
14: 9 12 15 20 22
15: 12 13 14 21 22
16: 17 21 22 26 27
17: 16 19 20 22 27
18: 10 19 28 31 34
19: 10 17 18 20 28
20: 10 14 17 19 22
21: 13 15 16 26 32
22: 14 15 16 17 20
23: 8 10 25 31 35
24: 7 9 11 29 33
25: 7 8 9 10 23
26: 2 16 21 27 32
27: 2 16 17 26 28
28: 2 18 19 27 34
29: 3 11 24 30 33
30: 3 11 13 29 32
31: 4 18 23 34 35
32: 3 13 21 26 30
33: 5 7 24 29 36
34: 2 4 18 28 31
35: 4 6 8 23 31
36: 5 6 7 8 33

1: 2 3 4 5 6
2: 1 6 28 29 34
3: 1 6 30 33 36
4: 1 5 32 35 36
5: 1 4 31 34 35
6: 1 2 3 27 33
7: 8 24 25 26 27
8: 7 23 26 27 33
9: 10 13 15 25 26
10: 9 14 15 23 26
11: 12 16 24 28 29
12: 11 16 19 24 25
13: 9 15 19 22 25
14: 10 20 23 30 36
15: 9 10 13 20 22
16: 11 12 17 18 19
17: 16 18 29 31 34
18: 16 17 19 21 31
19: 12 13 16 18 21
20: 14 15 22 32 36
21: 18 19 22 32 35
22: 13 15 20 21 32
23: 8 10 14 26 30
24: 7 11 12 25 28
25: 7 9 12 13 24
26: 7 8 9 10 23
27: 6 7 8 28 33
28: 2 11 24 27 29
29: 2 11 17 28 34
30: 3 14 23 33 36
31: 5 17 18 34 35
32: 4 20 21 22 35
33: 3 6 8 27 30
34: 2 5 17 29 31
35: 4 5 21 31 32
36: 3 4 14 20 30

1: 2 3 4 5 6
2: 1 5 31 33 36
3: 1 6 32 35 36
4: 1 5 6 30 34
5: 1 2 4 28 29
6: 1 3 4 34 35
7: 13 24 31 32 36
8: 9 14 15 18 33
9: 8 14 24 31 33
10: 11 12 13 32 35
11: 10 23 26 34 35
12: 10 13 25 26 27
13: 7 10 12 24 27
14: 8 9 15 24 27
15: 8 14 16 18 25
16: 15 17 18 21 25
17: 16 21 22 25 26
18: 8 15 16 19 28
19: 18 20 21 28 29
20: 19 21 22 29 30
21: 16 17 19 20 22
22: 17 20 21 23 26
23: 11 22 26 30 34
24: 7 9 13 14 27
25: 12 15 16 17 27
26: 11 12 17 22 23
27: 12 13 14 24 25
28: 5 18 19 29 33
29: 5 19 20 28 30
30: 4 20 23 29 34
31: 2 7 9 33 36
32: 3 7 10 35 36
33: 2 8 9 28 31
34: 4 6 11 23 30
35: 3 6 10 11 32
36: 2 3 7 31 32

1: 2 3 4 5 6
2: 1 5 31 33 36
3: 1 6 32 35 36
4: 1 5 6 29 34
5: 1 2 4 28 30
6: 1 3 4 34 35
7: 10 11 22 32 36
8: 9 20 21 28 33
9: 8 20 22 31 33
10: 7 11 12 13 32
11: 7 10 22 23 26
12: 10 13 25 26 27
13: 10 12 24 27 35
14: 15 17 19 25 27
15: 14 24 27 29 34
16: 20 21 23 25 26
17: 14 18 19 21 25
18: 17 19 21 28 30
19: 14 17 18 29 30
20: 8 9 16 21 23
21: 8 16 17 18 20
22: 7 9 11 23 31
23: 11 16 20 22 26
24: 13 15 27 34 35
25: 12 14 16 17 26
26: 11 12 16 23 25
27: 12 13 14 15 24
28: 5 8 18 30 33
29: 4 15 19 30 34
30: 5 18 19 28 29
31: 2 9 22 33 36
32: 3 7 10 35 36
33: 2 8 9 28 31
34: 4 6 15 24 29
35: 3 6 13 24 32
36: 2 3 7 31 32

1: 2 3 4 5 6
2: 1 27 31 34 35
3: 1 26 30 34 36
4: 1 6 28 33 36
5: 1 6 29 32 35
6: 1 4 5 32 33
7: 8 9 10 11 12
8: 7 9 10 15 16
9: 7 8 16 17 24
10: 7 8 15 18 25
11: 7 14 17 20 21
12: 7 14 18 19 22
13: 14 19 20 32 33
14: 11 12 13 19 20
15: 8 10 23 25 27
16: 8 9 23 24 26
17: 9 11 21 24 30
18: 10 12 22 25 31
19: 12 13 14 29 32
20: 11 13 14 28 33
21: 11 17 28 30 36
22: 12 18 29 31 35
23: 15 16 26 27 34
24: 9 16 17 26 30
25: 10 15 18 27 31
26: 3 16 23 24 34
27: 2 15 23 25 34
28: 4 20 21 33 36
29: 5 19 22 32 35
30: 3 17 21 24 36
31: 2 18 22 25 35
32: 5 6 13 19 29
33: 4 6 13 20 28
34: 2 3 23 26 27
35: 2 5 22 29 31
36: 3 4 21 28 30

1: 2 3 4 5 6
2: 1 5 31 33 36
3: 1 6 32 35 36
4: 1 5 6 29 34
5: 1 2 4 28 34
6: 1 3 4 30 35
7: 11 18 31 32 36
8: 9 15 16 19 33
9: 8 12 19 28 33
10: 11 14 23 32 35
11: 7 10 18 23 32
12: 9 20 26 28 34
13: 22 26 27 29 30
14: 10 22 23 30 35
15: 8 16 17 18 31
16: 8 15 17 19 21
17: 15 16 18 24 25
18: 7 11 15 17 24
19: 8 9 16 20 21
20: 12 19 21 26 27
21: 16 19 20 25 27
22: 13 14 23 24 25
23: 10 11 14 22 24
24: 17 18 22 23 25
25: 17 21 22 24 27
26: 12 13 20 27 29
27: 13 20 21 25 26
28: 5 9 12 33 34
29: 4 13 26 30 34
30: 6 13 14 29 35
31: 2 7 15 33 36
32: 3 7 10 11 36
33: 2 8 9 28 31
34: 4 5 12 28 29
35: 3 6 10 14 30
36: 2 3 7 31 32

1: 2 3 4 5 6
2: 1 27 28 33 34
3: 1 6 31 33 35
4: 1 5 29 30 34
5: 1 4 6 32 36
6: 1 3 5 35 36
7: 8 25 26 32 36
8: 7 24 26 35 36
9: 10 11 13 25 26
10: 9 13 17 24 26
11: 9 12 13 14 25
12: 11 14 21 22 29
13: 9 10 11 14 23
14: 11 12 13 22 23
15: 16 21 27 30 34
16: 15 19 20 21 22
17: 10 18 23 31 33
18: 17 19 20 23 28
19: 16 18 20 27 28
20: 16 18 19 22 23
21: 12 15 16 22 30
22: 12 14 16 20 21
23: 13 14 17 18 20
24: 8 10 26 31 35
25: 7 9 11 29 32
26: 7 8 9 10 24
27: 2 15 19 28 34
28: 2 18 19 27 33
29: 4 12 25 30 32
30: 4 15 21 29 34
31: 3 17 24 33 35
32: 5 7 25 29 36
33: 2 3 17 28 31
34: 2 4 15 27 30
35: 3 6 8 24 31
36: 5 6 7 8 32

1: 2 3 4 5 6
2: 1 6 30 33 36
3: 1 5 31 32 35
4: 1 5 6 28 34
5: 1 3 4 29 35
6: 1 2 4 34 36
7: 8 14 18 28 29
8: 7 18 24 29 35
9: 10 14 15 34 36
10: 9 15 17 30 36
11: 12 13 23 27 33
12: 11 22 23 32 33
13: 11 17 27 30 33
14: 7 9 15 28 34
15: 9 10 14 16 17
16: 15 17 25 26 27
17: 10 13 15 16 27
18: 7 8 20 24 26
19: 20 22 23 25 26
20: 18 19 21 24 26
21: 20 22 24 31 32
22: 12 19 21 23 32
23: 11 12 19 22 25
24: 8 18 20 21 31
25: 16 19 23 26 27
26: 16 18 19 20 25
27: 11 13 16 17 25
28: 4 7 14 29 34
29: 5 7 8 28 35
30: 2 10 13 33 36
31: 3 21 24 32 35
32: 3 12 21 22 31
33: 2 11 12 13 30
34: 4 6 9 14 28
35: 3 5 8 29 31
36: 2 6 9 10 30

1: 2 3 4 5 6
2: 1 6 30 33 36
3: 1 6 31 32 34
4: 1 5 28 34 35
5: 1 4 29 35 36
6: 1 2 3 32 33
7: 8 10 13 17 19
8: 7 10 12 16 17
9: 10 11 12 14 18
10: 7 8 9 13 14
11: 9 12 15 18 20
12: 8 9 11 16 21
13: 7 10 19 24 27
14: 9 10 18 22 27
15: 11 20 21 32 33
16: 8 12 17 21 23
17: 7 8 16 23 26
18: 9 11 14 20 22
19: 7 13 24 25 26
20: 11 15 18 31 32
21: 12 15 16 30 33
22: 14 18 27 31 34
23: 16 17 26 30 36
24: 13 19 25 27 28
25: 19 24 26 29 35
26: 17 19 23 25 29
27: 13 14 22 24 28
28: 4 24 27 34 35
29: 5 25 26 35 36
30: 2 21 23 33 36
31: 3 20 22 32 34
32: 3 6 15 20 31
33: 2 6 15 21 30
34: 3 4 22 28 31
35: 4 5 25 28 29
36: 2 5 23 29 30

1: 2 3 4 5 6
2: 1 6 32 34 36
3: 1 5 31 35 36
4: 1 5 6 30 33
5: 1 3 4 33 35
6: 1 2 4 29 34
7: 8 9 10 31 36
8: 7 9 11 24 32
9: 7 8 10 21 27
10: 7 9 12 18 27
11: 8 22 23 24 32
12: 10 13 18 31 35
13: 12 14 16 33 35
14: 13 15 16 30 33
15: 14 17 26 29 30
16: 13 14 17 18 19
17: 15 16 19 26 28
18: 10 12 16 19 27
19: 16 17 18 25 28
20: 21 22 24 25 28
21: 9 20 24 25 27
22: 11 20 23 24 26
23: 11 22 26 29 34
24: 8 11 20 21 22
25: 19 20 21 27 28
26: 15 17 22 23 28
27: 9 10 18 21 25
28: 17 19 20 25 26
29: 6 15 23 30 34
30: 4 14 15 29 33
31: 3 7 12 35 36
32: 2 8 11 34 36
33: 4 5 13 14 30
34: 2 6 23 29 32
35: 3 5 12 13 31
36: 2 3 7 31 32

1: 2 3 4 5 6
2: 1 6 31 33 36
3: 1 5 32 35 36
4: 1 5 6 29 34
5: 1 3 4 30 35
6: 1 2 4 28 34
7: 12 25 31 32 36
8: 9 20 24 25 33
9: 8 18 19 20 33
10: 11 12 13 32 35
11: 10 13 27 30 35
12: 7 10 13 24 25
13: 10 11 12 26 27
14: 15 16 17 29 30
15: 14 17 22 26 27
16: 14 17 21 23 29
17: 14 15 16 22 23
18: 9 19 21 23 28
19: 9 18 20 22 23
20: 8 9 19 22 24
21: 16 18 23 28 34
22: 15 17 19 20 26
23: 16 17 18 19 21
24: 8 12 20 25 26
25: 7 8 12 24 31
26: 13 15 22 24 27
27: 11 13 15 26 30
28: 6 18 21 33 34
29: 4 14 16 30 34
30: 5 11 14 27 29
31: 2 7 25 33 36
32: 3 7 10 35 36
33: 2 8 9 28 31
34: 4 6 21 28 29
35: 3 5 10 11 32
36: 2 3 7 31 32

1: 2 3 4 5 6
2: 1 6 31 32 36
3: 1 5 30 35 36
4: 1 5 6 33 34
5: 1 3 4 34 35
6: 1 2 4 29 33
7: 11 12 30 31 36
8: 10 11 13 31 32
9: 16 22 24 29 32
10: 8 13 22 25 32
11: 7 8 12 13 31
12: 7 11 26 27 28
13: 8 10 11 25 28
14: 15 18 21 27 28
15: 14 20 21 23 28
16: 9 19 24 29 33
17: 18 26 27 34 35
18: 14 17 21 27 34
19: 16 20 21 33 34
20: 15 19 21 23 24
21: 14 15 18 19 20
22: 9 10 23 24 25
23: 15 20 22 24 25
24: 9 16 20 22 23
25: 10 13 22 23 28
26: 12 17 27 30 35
27: 12 14 17 18 26
28: 12 13 14 15 25
29: 6 9 16 32 33
30: 3 7 26 35 36
31: 2 7 8 11 36
32: 2 8 9 10 29
33: 4 6 16 19 29
34: 4 5 17 18 19
35: 3 5 17 26 30
36: 2 3 7 30 31

1: 2 3 4 5 6
2: 1 5 31 33 36
3: 1 6 32 35 36
4: 1 5 6 30 34
5: 1 2 4 28 34
6: 1 3 4 29 35
7: 10 11 31 32 36
8: 9 14 16 27 33
9: 8 11 27 31 33
10: 7 11 12 13 32
11: 7 9 10 13 27
12: 10 13 25 26 35
13: 10 11 12 24 27
14: 8 15 16 24 27
15: 14 20 22 23 24
16: 8 14 21 23 28
17: 19 20 21 23 30
18: 19 22 25 26 29
19: 17 18 20 29 30
20: 15 17 19 22 23
21: 16 17 23 28 34
22: 15 18 20 24 25
23: 15 16 17 20 21
24: 13 14 15 22 25
25: 12 18 22 24 26
26: 12 18 25 29 35
27: 8 9 11 13 14
28: 5 16 21 33 34
29: 6 18 19 26 30
30: 4 17 19 29 34
31: 2 7 9 33 36
32: 3 7 10 35 36
33: 2 8 9 28 31
34: 4 5 21 28 30
35: 3 6 12 26 32
36: 2 3 7 31 32

1: 2 3 4 5 6
2: 1 6 32 33 36
3: 1 6 28 31 35
4: 1 5 29 34 36
5: 1 4 30 34 35
6: 1 2 3 27 33
7: 8 23 26 27 28
8: 7 24 25 27 33
9: 11 12 16 30 35
10: 11 13 14 17 30
11: 9 10 16 17 30
12: 9 16 21 31 35
13: 10 14 15 29 34
14: 10 13 15 17 20
15: 13 14 18 22 29
16: 9 11 12 19 21
17: 10 11 14 19 20
18: 15 22 24 32 36
19: 16 17 20 21 26
20: 14 17 19 22 25
21: 12 16 19 23 26
22: 15 18 20 24 25
23: 7 21 26 28 31
24: 8 18 22 25 32
25: 8 20 22 24 26
26: 7 19 21 23 25
27: 6 7 8 28 33
28: 3 7 23 27 31
29: 4 13 15 34 36
30: 5 9 10 11 34
31: 3 12 23 28 35
32: 2 18 24 33 36
33: 2 6 8 27 32
34: 4 5 13 29 30
35: 3 5 9 12 31
36: 2 4 18 29 32

1: 2 3 4 5 6
2: 1 5 31 33 36
3: 1 6 32 35 36
4: 1 5 6 29 34
5: 1 2 4 28 30
6: 1 3 4 34 35
7: 10 11 31 32 36
8: 9 16 22 28 33
9: 8 11 22 31 33
10: 7 11 12 13 32
11: 7 9 10 22 27
12: 10 13 23 24 27
13: 10 12 25 26 35
14: 15 16 22 23 27
15: 14 16 20 21 23
16: 8 14 15 21 28
17: 18 19 20 24 25
18: 17 20 21 29 30
19: 17 25 26 29 34
20: 15 17 18 21 24
21: 15 16 18 20 30
22: 8 9 11 14 27
23: 12 14 15 24 27
24: 12 17 20 23 25
25: 13 17 19 24 26
26: 13 19 25 34 35
27: 11 12 14 22 23
28: 5 8 16 30 33
29: 4 18 19 30 34
30: 5 18 21 28 29
31: 2 7 9 33 36
32: 3 7 10 35 36
33: 2 8 9 28 31
34: 4 6 19 26 29
35: 3 6 13 26 32
36: 2 3 7 31 32

1: 2 3 4 5 6
2: 1 6 31 32 35
3: 1 5 29 30 36
4: 1 5 6 33 34
5: 1 3 4 33 36
6: 1 2 4 34 35
7: 9 11 20 23 28
8: 22 24 25 34 35
9: 7 10 15 20 23
10: 9 15 17 23 27
11: 7 12 13 22 24
12: 11 13 18 20 21
13: 11 12 19 21 26
14: 16 17 18 19 21
15: 9 10 17 18 20
16: 14 17 19 26 27
17: 10 14 15 16 27
18: 12 14 15 20 21
19: 13 14 16 21 26
20: 7 9 12 15 18
21: 12 13 14 18 19
22: 8 11 24 28 29
23: 7 9 10 28 30
24: 8 11 22 31 35
25: 8 29 33 34 36
26: 13 16 19 31 32
27: 10 16 17 30 32
28: 7 22 23 29 30
29: 3 22 25 28 36
30: 3 23 27 28 32
31: 2 24 26 32 35
32: 2 26 27 30 31
33: 4 5 25 34 36
34: 4 6 8 25 33
35: 2 6 8 24 31
36: 3 5 25 29 33

