1: 2 3 4
2: 1 103 104
3: 1 102 104
4: 1 100 101
5: 6 7 104
6: 5 98 99
7: 5 97 99
8: 9 10 99
9: 8 95 96
10: 8 94 96
11: 96 100 101
12: 14 17 101
13: 15 16 100
14: 12 18 97
15: 13 21 98
16: 13 20 98
17: 12 19 97
18: 14 24 25
19: 17 22 23
20: 16 22 23
21: 15 24 25
22: 19 20 27
23: 19 20 26
24: 18 21 29
25: 18 21 28
26: 23 30 33
27: 22 31 32
28: 25 30 33
29: 24 31 32
30: 26 28 34
31: 27 29 35
32: 27 29 37
33: 26 28 36
34: 30 38 39
35: 31 38 39
36: 33 40 41
37: 32 40 41
38: 34 35 43
39: 34 35 42
40: 36 37 45
41: 36 37 44
42: 39 46 49
43: 38 47 48
44: 41 46 49
45: 40 47 48
46: 42 44 50
47: 43 45 51
48: 43 45 53
49: 42 44 52
50: 46 54 55
51: 47 54 55
52: 49 56 57
53: 48 56 57
54: 50 51 59
55: 50 51 58
56: 52 53 61
57: 52 53 60
58: 55 62 65
59: 54 63 64
60: 57 62 65
61: 56 63 64
62: 58 60 66
63: 59 61 67
64: 59 61 69
65: 58 60 68
66: 62 70 71
67: 63 70 71
68: 65 72 73
69: 64 72 73
70: 66 67 75
71: 66 67 74
72: 68 69 77
73: 68 69 76
74: 71 78 81
75: 70 79 80
76: 73 78 81
77: 72 79 80
78: 74 76 82
79: 75 77 83
80: 75 77 85
81: 74 76 84
82: 78 86 87
83: 79 86 87
84: 81 88 89
85: 80 88 89
86: 82 83 90
87: 82 83 91
88: 84 85 93
89: 84 85 92
90: 86 94 102
91: 87 95 103
92: 89 95 103
93: 88 94 102
94: 10 90 93
95: 9 91 92
96: 9 10 11
97: 7 14 17
98: 6 15 16
99: 6 7 8
100: 4 11 13
101: 4 11 12
102: 3 90 93
103: 2 91 92
104: 2 3 5

1: 2 3 4
2: 1 103 104
3: 1 100 102
4: 1 99 101
5: 26 27 36
6: 30 34 37
7: 31 35 38
8: 18 23 33
9: 17 22 32
10: 15 16 19
11: 14 28 29
12: 14 21 25
13: 14 20 24
14: 11 12 13
15: 10 62 66
16: 10 61 65
17: 9 60 63
18: 8 59 64
19: 10 39 40
20: 13 44 48
21: 12 43 47
22: 9 42 48
23: 8 41 47
24: 13 50 52
25: 12 49 51
26: 5 46 54
27: 5 45 53
28: 11 42 56
29: 11 41 55
30: 6 45 55
31: 7 46 56
32: 9 50 54
33: 8 49 53
34: 6 44 61
35: 7 43 62
36: 5 59 60
37: 6 40 58
38: 7 39 57
39: 19 38 82
40: 19 37 81
41: 23 29 73
42: 22 28 74
43: 21 35 74
44: 20 34 73
45: 27 30 76
46: 26 31 75
47: 21 23 76
48: 20 22 75
49: 25 33 82
50: 24 32 81
51: 25 78 84
52: 24 77 83
53: 27 33 69
54: 26 32 70
55: 29 30 72
56: 28 31 71
57: 38 80 86
58: 37 79 85
59: 18 36 78
60: 17 36 77
61: 16 34 80
62: 15 35 79
63: 17 68 69
64: 18 67 70
65: 16 68 72
66: 15 67 71
67: 64 66 98
68: 63 65 97
69: 53 63 92
70: 54 64 91
71: 56 66 90
72: 55 65 89
73: 41 44 94
74: 42 43 93
75: 46 48 98
76: 45 47 97
77: 52 60 96
78: 51 59 95
79: 58 62 96
80: 57 61 95
81: 40 50 94
82: 39 49 93
83: 52 87 92
84: 51 88 91
85: 58 88 90
86: 57 87 89
87: 83 86 104
88: 84 85 103
89: 72 86 102
90: 71 85 101
91: 70 84 102
92: 69 83 101
93: 74 82 100
94: 73 81 99
95: 78 80 100
96: 77 79 99
97: 68 76 104
98: 67 75 103
99: 4 94 96
100: 3 93 95
101: 4 90 92
102: 3 89 91
103: 2 88 98
104: 2 87 97

