1: 2 3 4
2: 1 65 70
3: 1 66 67
4: 1 68 69
5: 9 13 17
6: 10 16 18
7: 12 14 20
8: 11 15 19
9: 5 36 40
10: 6 35 41
11: 8 37 39
12: 7 38 42
13: 5 33 44
14: 7 31 46
15: 8 32 43
16: 6 34 45
17: 5 29 31
18: 6 29 32
19: 8 30 33
20: 7 30 34
21: 38 47 49
22: 37 47 50
23: 36 48 52
24: 35 48 51
25: 40 43 49
26: 41 46 50
27: 39 45 52
28: 42 44 51
29: 17 18 64
30: 19 20 63
31: 14 17 59
32: 15 18 60
33: 13 19 61
34: 16 20 62
35: 10 24 53
36: 9 23 54
37: 11 22 56
38: 12 21 55
39: 11 27 59
40: 9 25 62
41: 10 26 61
42: 12 28 60
43: 15 25 57
44: 13 28 58
45: 16 27 58
46: 14 26 57
47: 21 22 64
48: 23 24 63
49: 21 25 53
50: 22 26 54
51: 24 28 56
52: 23 27 55
53: 35 49 66
54: 36 50 67
55: 38 52 69
56: 37 51 68
57: 43 46 70
58: 44 45 70
59: 31 39 66
60: 32 42 67
61: 33 41 69
62: 34 40 68
63: 30 48 65
64: 29 47 65
65: 2 63 64
66: 3 53 59
67: 3 54 60
68: 4 56 62
69: 4 55 61
70: 2 57 58

1: 2 3 4
2: 1 65 68
3: 1 66 67
4: 1 69 70
5: 11 13 17
6: 12 15 16
7: 10 14 18
8: 9 19 20
9: 8 42 44
10: 7 46 47
11: 5 43 48
12: 6 41 45
13: 5 29 33
14: 7 32 34
15: 6 32 36
16: 6 30 38
17: 5 31 35
18: 7 31 37
19: 8 29 40
20: 8 30 39
21: 33 46 51
22: 35 42 49
23: 38 47 49
24: 34 43 50
25: 36 44 51
26: 39 48 52
27: 37 41 52
28: 40 45 50
29: 13 19 63
30: 16 20 64
31: 17 18 64
32: 14 15 63
33: 13 21 55
34: 14 24 56
35: 17 22 59
36: 15 25 60
37: 18 27 57
38: 16 23 58
39: 20 26 62
40: 19 28 61
41: 12 27 55
42: 9 22 56
43: 11 24 58
44: 9 25 57
45: 12 28 59
46: 10 21 62
47: 10 23 61
48: 11 26 60
49: 22 23 53
50: 24 28 54
51: 21 25 54
52: 26 27 53
53: 49 52 70
54: 50 51 69
55: 33 41 65
56: 34 42 65
57: 37 44 66
58: 38 43 66
59: 35 45 67
60: 36 48 68
61: 40 47 68
62: 39 46 67
63: 29 32 70
64: 30 31 69
65: 2 55 56
66: 3 57 58
67: 3 59 62
68: 2 60 61
69: 4 54 64
70: 4 53 63

1: 2 3 4
2: 1 65 68
3: 1 66 67
4: 1 69 70
5: 12 13 17
6: 11 14 18
7: 9 16 20
8: 10 15 19
9: 7 42 44
10: 8 41 45
11: 6 46 48
12: 5 43 47
13: 5 29 33
14: 6 32 34
15: 8 32 36
16: 7 31 40
17: 5 30 37
18: 6 31 38
19: 8 30 35
20: 7 29 39
21: 33 46 51
22: 35 42 49
23: 38 47 49
24: 34 43 50
25: 36 44 51
26: 39 45 50
27: 40 41 52
28: 37 48 52
29: 13 20 63
30: 17 19 64
31: 16 18 64
32: 14 15 63
33: 13 21 55
34: 14 24 56
35: 19 22 62
36: 15 25 61
37: 17 28 57
38: 18 23 58
39: 20 26 60
40: 16 27 59
41: 10 27 55
42: 9 22 56
43: 12 24 59
44: 9 25 57
45: 10 26 58
46: 11 21 62
47: 12 23 61
48: 11 28 60
49: 22 23 53
50: 24 26 54
51: 21 25 54
52: 27 28 53
53: 49 52 70
54: 50 51 69
55: 33 41 65
56: 34 42 65
57: 37 44 66
58: 38 45 66
59: 40 43 67
60: 39 48 68
61: 36 47 68
62: 35 46 67
63: 29 32 70
64: 30 31 69
65: 2 55 56
66: 3 57 58
67: 3 59 62
68: 2 60 61
69: 4 54 64
70: 4 53 63

1: 2 3 4
2: 1 66 70
3: 1 65 69
4: 1 67 68
5: 13 14 17
6: 12 15 16
7: 26 33 54
8: 27 34 55
9: 22 23 53
10: 20 25 31
11: 21 24 32
12: 6 20 21
13: 5 23 26
14: 5 22 27
15: 6 19 25
16: 6 18 24
17: 5 18 19
18: 16 17 46
19: 15 17 45
20: 10 12 44
21: 11 12 43
22: 9 14 40
23: 9 13 39
24: 11 16 42
25: 10 15 41
26: 7 13 46
27: 8 14 45
28: 43 44 62
29: 38 42 64
30: 37 41 63
31: 10 36 37
32: 11 35 38
33: 7 36 39
34: 8 35 40
35: 32 34 52
36: 31 33 51
37: 30 31 50
38: 29 32 49
39: 23 33 50
40: 22 34 49
41: 25 30 48
42: 24 29 47
43: 21 28 52
44: 20 28 51
45: 19 27 48
46: 18 26 47
47: 42 46 57
48: 41 45 56
49: 38 40 61
50: 37 39 60
51: 36 44 59
52: 35 43 58
53: 9 60 61
54: 7 57 59
55: 8 56 58
56: 48 55 66
57: 47 54 65
58: 52 55 70
59: 51 54 69
60: 50 53 68
61: 49 53 67
62: 28 69 70
63: 30 66 68
64: 29 65 67
65: 3 57 64
66: 2 56 63
67: 4 61 64
68: 4 60 63
69: 3 59 62
70: 2 58 62

1: 2 3 4
2: 1 69 70
3: 1 66 68
4: 1 65 67
5: 9 13 15
6: 10 14 16
7: 12 28 32
8: 11 27 31
9: 5 21 29
10: 6 22 30
11: 8 17 20
12: 7 18 19
13: 5 24 26
14: 6 23 25
15: 5 20 22
16: 6 19 21
17: 11 38 50
18: 12 37 49
19: 12 16 47
20: 11 15 48
21: 9 16 38
22: 10 15 37
23: 14 28 36
24: 13 27 35
25: 14 26 46
26: 13 25 45
27: 8 24 43
28: 7 23 44
29: 9 34 36
30: 10 33 35
31: 8 34 42
32: 7 33 41
33: 30 32 64
34: 29 31 63
35: 24 30 58
36: 23 29 57
37: 18 22 62
38: 17 21 61
39: 44 51 60
40: 43 52 59
41: 32 46 55
42: 31 45 56
43: 27 40 62
44: 28 39 61
45: 26 42 64
46: 25 41 63
47: 19 48 60
48: 20 47 59
49: 18 54 58
50: 17 53 57
51: 39 54 55
52: 40 53 56
53: 50 52 70
54: 49 51 69
55: 41 51 68
56: 42 52 67
57: 36 50 68
58: 35 49 67
59: 40 48 66
60: 39 47 65
61: 38 44 66
62: 37 43 65
63: 34 46 70
64: 33 45 69
65: 4 60 62
66: 3 59 61
67: 4 56 58
68: 3 55 57
69: 2 54 64
70: 2 53 63

1: 2 3 4
2: 1 69 70
3: 1 66 68
4: 1 65 67
5: 6 7 46
6: 5 35 55
7: 5 34 54
8: 9 10 33
9: 8 29 32
10: 8 30 31
11: 18 19 25
12: 13 20 21
13: 12 14 15
14: 13 16 19
15: 13 17 18
16: 14 26 42
17: 15 27 43
18: 11 15 39
19: 11 14 38
20: 12 26 37
21: 12 27 36
22: 36 37 62
23: 39 41 64
24: 38 40 63
25: 11 40 41
26: 16 20 31
27: 17 21 32
28: 29 30 53
29: 9 28 43
30: 10 28 42
31: 10 26 45
32: 9 27 44
33: 8 34 35
34: 7 33 45
35: 6 33 44
36: 21 22 50
37: 20 22 49
38: 19 24 52
39: 18 23 51
40: 24 25 48
41: 23 25 47
42: 16 30 52
43: 17 29 51
44: 32 35 50
45: 31 34 49
46: 5 47 48
47: 41 46 61
48: 40 46 60
49: 37 45 57
50: 36 44 56
51: 39 43 59
52: 38 42 58
53: 28 58 59
54: 7 57 61
55: 6 56 60
56: 50 55 66
57: 49 54 65
58: 52 53 70
59: 51 53 69
60: 48 55 68
61: 47 54 67
62: 22 65 66
63: 24 68 70
64: 23 67 69
65: 4 57 62
66: 3 56 62
67: 4 61 64
68: 3 60 63
69: 2 59 64
70: 2 58 63

1: 2 3 4
2: 1 65 66
3: 1 68 69
4: 1 67 70
5: 36 46 62
6: 34 36 41
7: 38 39 64
8: 33 35 37
9: 32 34 37
10: 11 12 31
11: 10 26 39
12: 10 25 38
13: 20 27 29
14: 19 28 30
15: 16 18 54
16: 15 40 44
17: 41 42 63
18: 15 21 45
19: 14 22 43
20: 13 21 22
21: 18 20 24
22: 19 20 23
23: 22 25 45
24: 21 26 44
25: 12 23 30
26: 11 24 29
27: 13 35 43
28: 14 34 42
29: 13 26 33
30: 14 25 32
31: 10 32 33
32: 9 30 31
33: 8 29 31
34: 6 9 28
35: 8 27 53
36: 5 6 49
37: 8 9 49
38: 7 12 52
39: 7 11 51
40: 16 47 55
41: 6 17 48
42: 17 28 50
43: 19 27 50
44: 16 24 51
45: 18 23 52
46: 5 47 48
47: 40 46 61
48: 41 46 58
49: 36 37 56
50: 42 43 57
51: 39 44 59
52: 38 45 60
53: 35 56 57
54: 15 60 61
55: 40 58 59
56: 49 53 65
57: 50 53 66
58: 48 55 70
59: 51 55 67
60: 52 54 68
61: 47 54 69
62: 5 65 69
63: 17 66 70
64: 7 67 68
65: 2 56 62
66: 2 57 63
67: 4 59 64
68: 3 60 64
69: 3 61 62
70: 4 58 63

1: 2 3 4
2: 1 65 66
3: 1 68 69
4: 1 67 70
5: 6 7 46
6: 5 34 54
7: 5 35 55
8: 9 10 33
9: 8 30 32
10: 8 29 31
11: 37 38 64
12: 13 19 39
13: 12 14 23
14: 13 18 40
15: 40 42 63
16: 36 41 62
17: 18 41 42
18: 14 17 22
19: 12 20 21
20: 19 28 37
21: 19 27 38
22: 18 26 36
23: 13 26 28
24: 25 27 39
25: 24 30 53
26: 22 23 29
27: 21 24 32
28: 20 23 31
29: 10 26 43
30: 9 25 43
31: 10 28 45
32: 9 27 44
33: 8 34 35
34: 6 33 45
35: 7 33 44
36: 16 22 49
37: 11 20 50
38: 11 21 51
39: 12 24 52
40: 14 15 52
41: 16 17 47
42: 15 17 48
43: 29 30 49
44: 32 35 51
45: 31 34 50
46: 5 47 48
47: 41 46 61
48: 42 46 60
49: 36 43 56
50: 37 45 58
51: 38 44 59
52: 39 40 57
53: 25 56 57
54: 6 58 60
55: 7 59 61
56: 49 53 65
57: 52 53 66
58: 50 54 67
59: 51 55 68
60: 48 54 70
61: 47 55 69
62: 16 65 69
63: 15 66 70
64: 11 67 68
65: 2 56 62
66: 2 57 63
67: 4 58 64
68: 3 59 64
69: 3 61 62
70: 4 60 63

1: 2 3 4
2: 1 69 70
3: 1 66 67
4: 1 65 68
5: 7 8 54
6: 47 49 51
7: 5 10 45
8: 5 43 44
9: 42 47 52
10: 7 12 52
11: 25 48 53
12: 10 13 14
13: 12 40 42
14: 12 39 41
15: 16 17 38
16: 15 33 35
17: 15 32 34
18: 19 20 31
19: 18 26 28
20: 18 25 27
21: 22 29 30
22: 21 46 50
23: 27 46 48
24: 25 26 50
25: 11 20 24
26: 19 24 29
27: 20 23 30
28: 19 36 37
29: 21 26 34
30: 21 27 32
31: 18 32 33
32: 17 30 31
33: 16 31 36
34: 17 29 37
35: 16 44 45
36: 28 33 41
37: 28 34 39
38: 15 39 40
39: 14 37 38
40: 13 38 44
41: 14 36 45
42: 9 13 43
43: 8 42 51
44: 8 35 40
45: 7 35 41
46: 22 23 64
47: 6 9 63
48: 11 23 58
49: 6 56 62
50: 22 24 61
51: 6 43 60
52: 9 10 59
53: 11 57 61
54: 5 59 60
55: 56 57 58
56: 49 55 67
57: 53 55 65
58: 48 55 66
59: 52 54 70
60: 51 54 69
61: 50 53 68
62: 49 65 69
63: 47 67 70
64: 46 66 68
65: 4 57 62
66: 3 58 64
67: 3 56 63
68: 4 61 64
69: 2 60 62
70: 2 59 63

1: 2 3 4
2: 1 65 66
3: 1 68 69
4: 1 67 70
5: 6 7 46
6: 5 35 55
7: 5 34 54
8: 9 10 33
9: 8 29 30
10: 8 31 32
11: 13 27 43
12: 37 38 64
13: 11 14 53
14: 13 15 39
15: 14 21 22
16: 17 18 23
17: 16 28 36
18: 16 41 42
19: 36 42 62
20: 40 41 63
21: 15 27 38
22: 15 26 37
23: 16 25 40
24: 25 26 39
25: 23 24 32
26: 22 24 31
27: 11 21 30
28: 17 29 32
29: 9 28 43
30: 9 27 44
31: 10 26 45
32: 10 25 28
33: 8 34 35
34: 7 33 45
35: 6 33 44
36: 17 19 49
37: 12 22 50
38: 12 21 51
39: 14 24 52
40: 20 23 52
41: 18 20 48
42: 18 19 47
43: 11 29 49
44: 30 35 51
45: 31 34 50
46: 5 47 48
47: 42 46 61
48: 41 46 60
49: 36 43 56
50: 37 45 58
51: 38 44 59
52: 39 40 57
53: 13 56 57
54: 7 58 60
55: 6 59 61
56: 49 53 65
57: 52 53 66
58: 50 54 67
59: 51 55 68
60: 48 54 70
61: 47 55 69
62: 19 65 69
63: 20 66 70
64: 12 67 68
65: 2 56 62
66: 2 57 63
67: 4 58 64
68: 3 59 64
69: 3 61 62
70: 4 60 63

1: 2 3 4
2: 1 69 70
3: 1 68 70
4: 1 67 69
5: 7 9 10
6: 8 9 10
7: 5 11 13
8: 6 12 14
9: 5 6 12
10: 5 6 11
11: 7 10 18
12: 8 9 17
13: 7 16 18
14: 8 15 17
15: 14 20 22
16: 13 19 21
17: 12 14 20
18: 11 13 19
19: 16 18 26
20: 15 17 25
21: 16 24 26
22: 15 23 25
23: 22 28 30
24: 21 27 29
25: 20 22 28
26: 19 21 27
27: 24 26 34
28: 23 25 33
29: 24 32 34
30: 23 31 33
31: 30 36 38
32: 29 35 37
33: 28 30 36
34: 27 29 35
35: 32 34 42
36: 31 33 41
37: 32 40 42
38: 31 39 41
39: 38 44 46
40: 37 43 45
41: 36 38 44
42: 35 37 43
43: 40 42 50
44: 39 41 49
45: 40 48 50
46: 39 47 49
47: 46 52 54
48: 45 51 53
49: 44 46 52
50: 43 45 51
51: 48 50 58
52: 47 49 57
53: 48 56 58
54: 47 55 57
55: 54 60 62
56: 53 59 61
57: 52 54 60
58: 51 53 59
59: 56 58 66
60: 55 57 65
61: 56 64 66
62: 55 63 65
63: 62 68 70
64: 61 67 69
65: 60 62 68
66: 59 61 67
67: 4 64 66
68: 3 63 65
69: 2 4 64
70: 2 3 63

1: 2 3 4
2: 1 65 66
3: 1 68 70
4: 1 67 69
5: 8 23 24
6: 7 10 12
7: 6 8 21
8: 5 7 9
9: 8 14 15
10: 6 15 16
11: 16 19 22
12: 6 17 19
13: 17 18 45
14: 9 31 36
15: 9 10 29
16: 10 11 30
17: 12 13 32
18: 13 33 53
19: 11 12 33
20: 29 30 54
21: 7 27 32
22: 11 26 28
23: 5 28 31
24: 5 26 27
25: 37 46 62
26: 22 24 44
27: 21 24 42
28: 22 23 43
29: 15 20 39
30: 16 20 43
31: 14 23 40
32: 17 21 41
33: 18 19 44
34: 38 40 64
35: 41 42 63
36: 14 38 39
37: 25 47 55
38: 34 36 49
39: 29 36 48
40: 31 34 52
41: 32 35 50
42: 27 35 51
43: 28 30 52
44: 26 33 51
45: 13 47 50
46: 25 48 49
47: 37 45 58
48: 39 46 61
49: 38 46 56
50: 41 45 57
51: 42 44 59
52: 40 43 60
53: 18 58 59
54: 20 60 61
55: 37 56 57
56: 49 55 68
57: 50 55 70
58: 47 53 65
59: 51 53 66
60: 52 54 67
61: 48 54 69
62: 25 65 69
63: 35 66 70
64: 34 67 68
65: 2 58 62
66: 2 59 63
67: 4 60 64
68: 3 56 64
69: 4 61 62
70: 3 57 63

1: 2 3 4
2: 1 67 70
3: 1 65 69
4: 1 66 68
5: 7 8 63
6: 7 60 62
7: 5 6 54
8: 5 9 10
9: 8 57 60
10: 8 55 56
11: 46 58 59
12: 14 58 61
13: 14 15 59
14: 12 13 50
15: 13 48 49
16: 17 18 43
17: 16 38 40
18: 16 37 39
19: 22 44 47
20: 22 29 45
21: 24 44 45
22: 19 20 23
23: 22 24 25
24: 21 23 33
25: 23 31 32
26: 28 30 36
27: 28 34 35
28: 26 27 31
29: 20 31 33
30: 26 32 33
31: 25 28 29
32: 25 30 34
33: 24 29 30
34: 27 32 40
35: 27 38 39
36: 26 39 40
37: 18 41 42
38: 17 35 42
39: 18 35 36
40: 17 34 36
41: 37 52 53
42: 37 38 51
43: 16 51 52
44: 19 21 49
45: 20 21 48
46: 11 49 50
47: 19 48 50
48: 15 45 47
49: 15 44 46
50: 14 46 47
51: 42 43 56
52: 41 43 55
53: 41 56 57
54: 7 55 57
55: 10 52 54
56: 10 51 53
57: 9 53 54
58: 11 12 67
59: 11 13 70
60: 6 9 69
61: 12 66 70
62: 6 65 68
63: 5 68 69
64: 65 66 67
65: 3 62 64
66: 4 61 64
67: 2 58 64
68: 4 62 63
69: 3 60 63
70: 2 59 61

1: 2 3 4
2: 1 69 70
3: 1 68 70
4: 1 67 69
5: 6 8 9
6: 5 7 10
7: 6 8 12
8: 5 7 11
9: 5 11 13
10: 6 12 14
11: 8 9 18
12: 7 10 17
13: 9 16 18
14: 10 15 17
15: 14 20 22
16: 13 19 21
17: 12 14 20
18: 11 13 19
19: 16 18 26
20: 15 17 25
21: 16 24 26
22: 15 23 25
23: 22 28 30
24: 21 27 29
25: 20 22 28
26: 19 21 27
27: 24 26 34
28: 23 25 33
29: 24 32 34
30: 23 31 33
31: 30 36 38
32: 29 35 37
33: 28 30 36
34: 27 29 35
35: 32 34 42
36: 31 33 41
37: 32 40 42
38: 31 39 41
39: 38 44 46
40: 37 43 45
41: 36 38 44
42: 35 37 43
43: 40 42 50
44: 39 41 49
45: 40 48 50
46: 39 47 49
47: 46 52 54
48: 45 51 53
49: 44 46 52
50: 43 45 51
51: 48 50 58
52: 47 49 57
53: 48 56 58
54: 47 55 57
55: 54 60 62
56: 53 59 61
57: 52 54 60
58: 51 53 59
59: 56 58 66
60: 55 57 65
61: 56 64 66
62: 55 63 65
63: 62 68 70
64: 61 67 69
65: 60 62 68
66: 59 61 67
67: 4 64 66
68: 3 63 65
69: 2 4 64
70: 2 3 63

