1: 2 3 4
2: 1 71 72
3: 1 74 76
4: 1 73 75
5: 6 7 28
6: 5 11 14
7: 5 10 12
8: 11 13 17
9: 10 11 15
10: 7 9 29
11: 6 8 9
12: 7 26 30
13: 8 20 21
14: 6 19 20
15: 9 22 24
16: 23 24 51
17: 8 22 25
18: 21 25 26
19: 14 36 42
20: 13 14 33
21: 13 18 34
22: 15 17 39
23: 16 39 59
24: 15 16 38
25: 17 18 35
26: 12 18 37
27: 33 34 60
28: 5 36 37
29: 10 32 38
30: 12 32 35
31: 43 52 68
32: 29 30 48
33: 20 27 45
34: 21 27 49
35: 25 30 50
36: 19 28 46
37: 26 28 49
38: 24 29 47
39: 22 23 50
40: 44 46 70
41: 47 48 69
42: 19 44 45
43: 31 53 61
44: 40 42 55
45: 33 42 54
46: 36 40 58
47: 38 41 56
48: 32 41 57
49: 34 37 58
50: 35 39 57
51: 16 53 56
52: 31 54 55
53: 43 51 64
54: 45 52 67
55: 44 52 62
56: 47 51 63
57: 48 50 65
58: 46 49 66
59: 23 64 65
60: 27 66 67
61: 43 62 63
62: 55 61 74
63: 56 61 76
64: 53 59 71
65: 57 59 72
66: 58 60 73
67: 54 60 75
68: 31 71 75
69: 41 72 76
70: 40 73 74
71: 2 64 68
72: 2 65 69
73: 4 66 70
74: 3 62 70
75: 4 67 68
76: 3 63 69

1: 2 3 4
2: 1 74 76
3: 1 75 76
4: 1 72 73
5: 72 73 76
6: 8 74 75
7: 9 74 75
8: 6 10 11
9: 7 10 11
10: 8 9 12
11: 8 9 13
12: 10 14 15
13: 11 14 15
14: 12 13 16
15: 12 13 17
16: 14 18 19
17: 15 18 19
18: 16 17 20
19: 16 17 21
20: 18 22 23
21: 19 22 23
22: 20 21 24
23: 20 21 25
24: 22 26 27
25: 23 26 27
26: 24 25 28
27: 24 25 29
28: 26 30 31
29: 27 30 31
30: 28 29 32
31: 28 29 33
32: 30 34 35
33: 31 34 35
34: 32 33 36
35: 32 33 37
36: 34 38 39
37: 35 38 39
38: 36 37 40
39: 36 37 41
40: 38 42 43
41: 39 42 43
42: 40 41 44
43: 40 41 45
44: 42 46 47
45: 43 46 47
46: 44 45 48
47: 44 45 49
48: 46 50 51
49: 47 50 51
50: 48 49 52
51: 48 49 53
52: 50 54 55
53: 51 54 55
54: 52 53 56
55: 52 53 57
56: 54 58 59
57: 55 58 59
58: 56 57 60
59: 56 57 61
60: 58 62 63
61: 59 62 63
62: 60 61 64
63: 60 61 65
64: 62 66 67
65: 63 66 67
66: 64 65 68
67: 64 65 69
68: 66 70 71
69: 67 70 71
70: 68 69 72
71: 68 69 73
72: 4 5 70
73: 4 5 71
74: 2 6 7
75: 3 6 7
76: 2 3 5

1: 2 3 4
2: 1 73 76
3: 1 71 75
4: 1 72 74
5: 7 8 69
6: 7 66 68
7: 5 6 60
8: 5 9 10
9: 8 63 66
10: 8 61 62
11: 52 64 65
12: 14 64 67
13: 14 15 65
14: 12 13 56
15: 13 54 55
16: 17 18 49
17: 16 44 46
18: 16 43 45
19: 22 50 53
20: 22 36 51
21: 24 50 51
22: 19 20 23
23: 22 24 25
24: 21 23 39
25: 23 37 38
26: 32 40 42
27: 28 33 40
28: 27 30 31
29: 32 33 34
30: 28 34 35
31: 28 32 41
32: 26 29 31
33: 27 29 38
34: 29 30 37
35: 30 38 39
36: 20 37 39
37: 25 34 36
38: 25 33 35
39: 24 35 36
40: 26 27 45
41: 31 45 46
42: 26 43 46
43: 18 42 48
44: 17 47 48
45: 18 40 41
46: 17 41 42
47: 44 58 59
48: 43 44 57
49: 16 57 58
50: 19 21 55
51: 20 21 54
52: 11 55 56
53: 19 54 56
54: 15 51 53
55: 15 50 52
56: 14 52 53
57: 48 49 62
58: 47 49 61
59: 47 62 63
60: 7 61 63
61: 10 58 60
62: 10 57 59
63: 9 59 60
64: 11 12 73
65: 11 13 76
66: 6 9 75
67: 12 72 76
68: 6 71 74
69: 5 74 75
70: 71 72 73
71: 3 68 70
72: 4 67 70
73: 2 64 70
74: 4 68 69
75: 3 66 69
76: 2 65 67

1: 2 3 4
2: 1 71 72
3: 1 74 75
4: 1 73 76
5: 42 52 68
6: 41 42 47
7: 44 45 70
8: 38 41 43
9: 39 40 43
10: 11 12 37
11: 10 30 32
12: 10 29 31
13: 21 25 27
14: 47 51 69
15: 16 21 26
16: 15 17 22
17: 16 20 27
18: 19 46 48
19: 18 24 61
20: 17 23 50
21: 13 15 45
22: 16 34 35
23: 20 33 36
24: 19 30 49
25: 13 29 44
26: 15 32 49
27: 13 17 31
28: 29 30 46
29: 12 25 28
30: 11 24 28
31: 12 27 36
32: 11 26 35
33: 23 41 51
34: 22 40 50
35: 22 32 39
36: 23 31 38
37: 10 38 39
38: 8 36 37
39: 9 35 37
40: 9 34 59
41: 6 8 33
42: 5 6 55
43: 8 9 55
44: 7 25 58
45: 7 21 57
46: 18 28 58
47: 6 14 54
48: 18 53 60
49: 24 26 57
50: 20 34 56
51: 14 33 56
52: 5 53 54
53: 48 52 67
54: 47 52 66
55: 42 43 62
56: 50 51 63
57: 45 49 65
58: 44 46 64
59: 40 62 63
60: 48 64 66
61: 19 65 67
62: 55 59 71
63: 56 59 72
64: 58 60 73
65: 57 61 74
66: 54 60 76
67: 53 61 75
68: 5 71 75
69: 14 72 76
70: 7 73 74
71: 2 62 68
72: 2 63 69
73: 4 64 70
74: 3 65 70
75: 3 67 68
76: 4 66 69

1: 2 3 4
2: 1 71 72
3: 1 74 76
4: 1 73 75
5: 9 14 15
6: 9 10 18
7: 10 16 17
8: 22 36 59
9: 5 6 26
10: 6 7 33
11: 23 26 60
12: 30 31 61
13: 27 28 40
14: 5 22 23
15: 5 24 25
16: 7 27 32
17: 7 28 29
18: 6 24 29
19: 25 30 34
20: 32 33 35
21: 31 34 35
22: 8 14 49
23: 11 14 43
24: 15 18 51
25: 15 19 49
26: 9 11 50
27: 13 16 45
28: 13 17 46
29: 17 18 47
30: 12 19 51
31: 12 21 52
32: 16 20 52
33: 10 20 50
34: 19 21 48
35: 20 21 44
36: 8 42 43
37: 46 47 70
38: 44 48 69
39: 41 45 68
40: 13 41 42
41: 39 40 53
42: 36 40 56
43: 23 36 53
44: 35 38 54
45: 27 39 55
46: 28 37 56
47: 29 37 58
48: 34 38 57
49: 22 25 57
50: 26 33 54
51: 24 30 58
52: 31 32 55
53: 41 43 62
54: 44 50 63
55: 45 52 67
56: 42 46 64
57: 48 49 66
58: 47 51 65
59: 8 64 66
60: 11 62 63
61: 12 65 67
62: 53 60 71
63: 54 60 72
64: 56 59 74
65: 58 61 73
66: 57 59 76
67: 55 61 75
68: 39 71 75
69: 38 72 76
70: 37 73 74
71: 2 62 68
72: 2 63 69
73: 4 65 70
74: 3 64 70
75: 4 67 68
76: 3 66 69

1: 2 3 4
2: 1 71 72
3: 1 74 76
4: 1 73 75
5: 39 40 61
6: 11 16 21
7: 10 19 20
8: 11 12 17
9: 10 12 18
10: 7 9 33
11: 6 8 34
12: 8 9 32
13: 26 28 60
14: 32 34 59
15: 30 33 37
16: 6 26 27
17: 8 27 29
18: 9 29 31
19: 7 23 30
20: 7 25 31
21: 6 24 28
22: 23 24 25
23: 19 22 49
24: 21 22 51
25: 20 22 52
26: 13 16 48
27: 16 17 44
28: 13 21 52
29: 17 18 45
30: 15 19 46
31: 18 20 47
32: 12 14 50
33: 10 15 50
34: 11 14 51
35: 46 49 68
36: 45 47 70
37: 15 42 43
38: 41 42 69
39: 5 44 48
40: 5 41 43
41: 38 40 54
42: 37 38 57
43: 37 40 56
44: 27 39 55
45: 29 36 55
46: 30 35 56
47: 31 36 58
48: 26 39 54
49: 23 35 53
50: 32 33 57
51: 24 34 53
52: 25 28 58
53: 49 51 62
54: 41 48 67
55: 44 45 64
56: 43 46 66
57: 42 50 63
58: 47 52 65
59: 14 62 63
60: 13 65 67
61: 5 64 66
62: 53 59 71
63: 57 59 72
64: 55 61 74
65: 58 60 73
66: 56 61 76
67: 54 60 75
68: 35 71 76
69: 38 72 75
70: 36 73 74
71: 2 62 68
72: 2 63 69
73: 4 65 70
74: 3 64 70
75: 4 67 69
76: 3 66 68

1: 2 3 4
2: 1 71 74
3: 1 72 76
4: 1 73 75
5: 7 18 25
6: 8 9 11
7: 5 10 12
8: 6 16 28
9: 6 15 26
10: 7 13 27
11: 6 14 17
12: 7 14 16
13: 10 22 41
14: 11 12 22
15: 9 21 42
16: 8 12 20
17: 11 19 21
18: 5 19 20
19: 17 18 23
20: 16 18 24
21: 15 17 24
22: 13 14 23
23: 19 22 40
24: 20 21 39
25: 5 33 40
26: 9 34 36
27: 10 33 38
28: 8 34 39
29: 31 35 36
30: 32 37 38
31: 29 44 60
32: 30 49 58
33: 25 27 49
34: 26 28 50
35: 29 50 59
36: 26 29 48
37: 30 47 61
38: 27 30 46
39: 24 28 45
40: 23 25 43
41: 13 43 46
42: 15 45 48
43: 40 41 51
44: 31 52 70
45: 39 42 53
46: 38 41 54
47: 37 54 69
48: 36 42 52
49: 32 33 51
50: 34 35 53
51: 43 49 55
52: 44 48 56
53: 45 50 56
54: 46 47 55
55: 51 54 67
56: 52 53 66
57: 62 65 68
58: 32 63 67
59: 35 64 66
60: 31 64 65
61: 37 62 63
62: 57 61 75
63: 58 61 74
64: 59 60 76
65: 57 60 73
66: 56 59 72
67: 55 58 71
68: 57 74 76
69: 47 71 75
70: 44 72 73
71: 2 67 69
72: 3 66 70
73: 4 65 70
74: 2 63 68
75: 4 62 69
76: 3 64 68

1: 2 3 4
2: 1 71 72
3: 1 74 76
4: 1 73 75
5: 39 40 61
6: 11 12 16
7: 10 17 18
8: 10 11 19
9: 10 12 20
10: 7 8 9
11: 6 8 30
12: 6 9 29
13: 28 30 38
14: 27 29 59
15: 23 33 60
16: 6 23 24
17: 7 26 32
18: 7 25 31
19: 8 25 28
20: 9 26 27
21: 24 33 34
22: 31 32 34
23: 15 16 51
24: 16 21 50
25: 18 19 49
26: 17 20 47
27: 14 20 45
28: 13 19 46
29: 12 14 50
30: 11 13 51
31: 18 22 52
32: 17 22 48
33: 15 21 52
34: 21 22 44
35: 44 48 68
36: 46 49 70
37: 42 43 69
38: 13 41 42
39: 5 41 43
40: 5 45 47
41: 38 39 56
42: 37 38 54
43: 37 39 55
44: 34 35 53
45: 27 40 55
46: 28 36 56
47: 26 40 58
48: 32 35 58
49: 25 36 57
50: 24 29 53
51: 23 30 54
52: 31 33 57
53: 44 50 64
54: 42 51 67
55: 43 45 65
56: 41 46 62
57: 49 52 66
58: 47 48 63
59: 14 64 65
60: 15 66 67
61: 5 62 63
62: 56 61 74
63: 58 61 76
64: 53 59 71
65: 55 59 72
66: 57 60 73
67: 54 60 75
68: 35 71 76
69: 37 72 75
70: 36 73 74
71: 2 64 68
72: 2 65 69
73: 4 66 70
74: 3 62 70
75: 4 67 69
76: 3 63 68

1: 2 3 4
2: 1 75 76
3: 1 72 73
4: 1 71 74
5: 7 8 60
6: 53 55 57
7: 5 10 51
8: 5 49 50
9: 48 53 58
10: 7 12 58
11: 24 54 59
12: 10 13 14
13: 12 46 48
14: 12 45 47
15: 16 17 44
16: 15 39 41
17: 15 38 40
18: 19 20 37
19: 18 32 34
20: 18 31 33
21: 22 23 30
22: 21 52 56
23: 21 26 27
24: 11 28 29
25: 26 52 54
26: 23 25 29
27: 23 35 36
28: 24 31 56
29: 24 26 33
30: 21 31 32
31: 20 28 30
32: 19 30 35
33: 20 29 36
34: 19 42 43
35: 27 32 40
36: 27 33 38
37: 18 38 39
38: 17 36 37
39: 16 37 42
40: 17 35 43
41: 16 50 51
42: 34 39 47
43: 34 40 45
44: 15 45 46
45: 14 43 44
46: 13 44 50
47: 14 42 51
48: 9 13 49
49: 8 48 57
50: 8 41 46
51: 7 41 47
52: 22 25 70
53: 6 9 69
54: 11 25 64
55: 6 62 68
56: 22 28 67
57: 6 49 66
58: 9 10 65
59: 11 63 67
60: 5 65 66
61: 62 63 64
62: 55 61 73
63: 59 61 71
64: 54 61 72
65: 58 60 76
66: 57 60 75
67: 56 59 74
68: 55 71 75
69: 53 73 76
70: 52 72 74
71: 4 63 68
72: 3 64 70
73: 3 62 69
74: 4 67 70
75: 2 66 68
76: 2 65 69

