1: 2 3 4
2: 1 27 31
3: 1 28 29
4: 1 30 32
5: 9 10 24
6: 8 10 26
7: 8 9 25
8: 6 7 17
9: 5 7 15
10: 5 6 16
11: 12 13 14
12: 11 18 20
13: 11 19 21
14: 11 22 23
15: 9 18 22
16: 10 19 23
17: 8 20 21
18: 12 15 27
19: 13 16 28
20: 12 17 31
21: 13 17 29
22: 14 15 32
23: 14 16 30
24: 5 27 28
25: 7 29 32
26: 6 30 31
27: 2 18 24
28: 3 19 24
29: 3 21 25
30: 4 23 26
31: 2 20 26
32: 4 22 25

1: 2 3 4 5 6 7
2: 1 18 25 30 31 32
3: 1 18 26 27 28 29
4: 1 22 23 24 25 26
5: 1 19 20 22 27 30
6: 1 19 21 23 28 31
7: 1 20 21 24 29 32
8: 18 19 20 21 25 26
9: 18 21 23 24 27 30
10: 18 19 22 23 29 32
11: 18 20 22 24 28 31
12: 21 22 25 28 29 30
13: 19 24 25 27 28 32
14: 20 23 25 27 29 31
15: 20 23 26 28 30 32
16: 19 24 26 29 30 31
17: 21 22 26 27 31 32
18: 2 3 8 9 10 11
19: 5 6 8 10 13 16
20: 5 7 8 11 14 15
21: 6 7 8 9 12 17
22: 4 5 10 11 12 17
23: 4 6 9 10 14 15
24: 4 7 9 11 13 16
25: 2 4 8 12 13 14
26: 3 4 8 15 16 17
27: 3 5 9 13 14 17
28: 3 6 11 12 13 15
29: 3 7 10 12 14 16
30: 2 5 9 12 15 16
31: 2 6 11 14 16 17
32: 2 7 10 13 15 17

1: 13 14 15 16 17
2: 18 19 20 21 22
3: 18 19 23 24 28
4: 18 20 23 25 29
5: 19 21 24 27 31
6: 20 22 25 26 32
7: 21 22 26 27 30
8: 16 17 23 28 29
9: 13 14 26 30 32
10: 13 15 27 30 31
11: 15 17 24 28 31
12: 14 16 25 29 32
13: 1 9 10 14 15 30
14: 1 9 12 13 16 32
15: 1 10 11 13 17 31
16: 1 8 12 14 17 29
17: 1 8 11 15 16 28
18: 2 3 4 19 20 23
19: 2 3 5 18 21 24
20: 2 4 6 18 22 25
21: 2 5 7 19 22 27
22: 2 6 7 20 21 26
23: 3 4 8 18 28 29
24: 3 5 11 19 28 31
25: 4 6 12 20 29 32
26: 6 7 9 22 30 32
27: 5 7 10 21 30 31
28: 3 8 11 17 23 24
29: 4 8 12 16 23 25
30: 7 9 10 13 26 27
31: 5 10 11 15 24 27
32: 6 9 12 14 25 26

1: 2 3 4 5 6
2: 1 13 24 25 26
3: 1 20 30 31 32
4: 1 14 17 21 27
5: 1 16 18 23 29
6: 1 15 19 22 28
7: 12 13 17 18 19
8: 12 20 27 28 29
9: 12 14 23 26 30
10: 12 15 21 24 32
11: 12 16 22 25 31
12: 7 8 9 10 11
13: 2 7 14 15 16
14: 4 9 13 29 32
15: 6 10 13 27 31
16: 5 11 13 28 30
17: 4 7 23 24 28
18: 5 7 22 26 27
19: 6 7 21 25 29
20: 3 8 21 22 23
21: 4 10 19 20 26
22: 6 11 18 20 24
23: 5 9 17 20 25
24: 2 10 17 22 30
25: 2 11 19 23 32
26: 2 9 18 21 31
27: 4 8 15 18 30
28: 6 8 16 17 32
29: 5 8 14 19 31
30: 3 9 16 24 27
31: 3 11 15 26 29
32: 3 10 14 25 28

1: 2 3 4 5 6
2: 1 25 27 30 31
3: 1 26 28 29 32
4: 1 19 23 28 31
5: 1 20 22 27 29
6: 1 21 24 30 32
7: 8 9 16 17 18
8: 7 12 13 15 26
9: 7 10 11 14 25
10: 9 12 18 19 31
11: 9 13 16 22 27
12: 8 10 16 23 28
13: 8 11 17 20 29
14: 9 15 17 24 30
15: 8 14 18 21 32
16: 7 11 12 19 20
17: 7 13 14 21 22
18: 7 10 15 23 24
19: 4 10 16 25 27
20: 5 13 16 26 28
21: 6 15 17 26 29
22: 5 11 17 25 30
23: 4 12 18 26 32
24: 6 14 18 25 31
25: 2 9 19 22 24
26: 3 8 20 21 23
27: 2 5 11 19 28
28: 3 4 12 20 27
29: 3 5 13 21 30
30: 2 6 14 22 29
31: 2 4 10 24 32
32: 3 6 15 23 31

1: 2 3 4 5 6
2: 1 17 25 26 30
3: 1 18 21 22 29
4: 1 19 23 27 31
5: 1 20 24 28 32
6: 1 29 30 31 32
7: 14 16 17 21 28
8: 13 15 17 22 27
9: 10 15 23 26 28
10: 9 16 24 25 27
11: 12 16 20 22 23
12: 11 15 19 21 24
13: 8 16 18 19 26
14: 7 15 18 20 25
15: 8 9 12 14 16
16: 7 10 11 13 15
17: 2 7 8 18 29
18: 3 13 14 17 30
19: 4 12 13 22 29
20: 5 11 14 21 29
21: 3 7 12 20 32
22: 3 8 11 19 31
23: 4 9 11 24 32
24: 5 10 12 23 31
25: 2 10 14 28 32
26: 2 9 13 27 31
27: 4 8 10 26 30
28: 5 7 9 25 30
29: 3 6 17 19 20
30: 2 6 18 27 28
31: 4 6 22 24 26
32: 5 6 21 23 25

1: 2 3 4 17 18 19
2: 1 14 16 29 31 32
3: 1 12 15 27 30 32
4: 1 11 13 26 28 31
5: 6 8 11 23 25 29
6: 5 7 14 21 24 26
7: 6 10 12 17 20 28
8: 5 9 15 18 20 27
9: 8 12 13 17 19 31
10: 7 11 16 22 26 27
11: 4 5 10 19 21 32
12: 3 7 9 18 24 25
13: 4 9 14 20 23 29
14: 2 6 13 22 25 30
15: 3 8 16 21 22 23
16: 2 10 15 24 28 30
17: 1 7 9 24 25 30 32
18: 1 8 12 21 23 30 32
19: 1 9 11 20 23 26 28
20: 7 8 13 19 24 25 31
21: 6 11 15 18 25 27 29
22: 10 14 15 24 28 29 31
23: 5 13 15 18 19 27 31
24: 6 12 16 17 20 22 27
25: 5 12 14 17 20 21 26
26: 4 6 10 19 25 29 32
27: 3 8 10 21 23 24 28
28: 4 7 16 19 22 27 32
29: 2 5 13 21 22 26 30
30: 3 14 16 17 18 29 31
31: 2 4 9 20 22 23 30
32: 2 3 11 17 18 26 28

1: 2 3 4 17 18 19
2: 1 14 15 29 31 32
3: 1 12 16 27 30 32
4: 1 11 13 26 28 31
5: 8 9 11 20 24 29
6: 7 8 13 19 25 31
7: 6 10 12 17 20 28
8: 5 6 16 18 23 27
9: 5 12 14 17 22 26
10: 7 11 15 21 26 27
11: 4 5 10 19 22 32
12: 3 7 9 18 23 25
13: 4 6 14 23 24 29
14: 2 9 13 20 21 30
15: 2 10 16 25 28 30
16: 3 8 15 21 22 24
17: 1 7 9 23 25 30 32
18: 1 8 12 22 24 30 32
19: 1 6 11 23 24 26 28
20: 5 7 14 22 23 25 26
21: 10 14 16 25 28 29 31
22: 9 11 16 18 20 27 29
23: 8 12 13 17 19 20 31
24: 5 13 16 18 19 27 31
25: 6 12 15 17 20 21 27
26: 4 9 10 19 20 29 32
27: 3 8 10 22 24 25 28
28: 4 7 15 19 21 27 32
29: 2 5 13 21 22 26 30
30: 3 14 15 17 18 29 31
31: 2 4 6 21 23 24 30
32: 2 3 11 17 18 26 28

1: 2 3 4 17 18 19
2: 1 13 16 28 29 32
3: 1 14 15 30 31 32
4: 1 12 16 25 26 27
5: 6 7 16 19 22 27
6: 5 11 14 17 23 26
7: 5 9 15 18 20 30
8: 11 13 15 22 26 29
9: 7 10 13 21 23 25
10: 9 12 14 17 24 29
11: 6 8 12 25 28 30
12: 4 10 11 19 23 32
13: 2 8 9 24 27 31
14: 3 6 10 18 20 22
15: 3 7 8 21 24 28
16: 2 4 5 20 21 31
17: 1 6 10 20 22 31 32
18: 1 7 14 21 24 31 32
19: 1 5 12 20 21 25 26
20: 7 14 16 17 19 23 27
21: 9 15 16 18 19 27 30
22: 5 8 14 17 23 28 30
23: 6 9 12 20 22 24 29
24: 10 13 15 18 23 25 30
25: 4 9 11 19 24 29 32
26: 4 6 8 19 28 30 32
27: 4 5 13 20 21 28 29
28: 2 11 15 22 26 27 31
29: 2 8 10 23 25 27 31
30: 3 7 11 21 22 24 26
31: 3 13 16 17 18 28 29
32: 2 3 12 17 18 25 26

1: 2 3 4 17 18 19
2: 1 13 16 28 29 32
3: 1 14 15 30 31 32
4: 1 12 16 25 26 27
5: 6 7 16 19 22 27
6: 5 11 14 17 23 26
7: 5 9 15 18 20 30
8: 11 13 15 22 26 29
9: 7 10 12 21 23 29
10: 9 13 14 17 24 25
11: 6 8 12 25 28 30
12: 4 9 11 19 24 32
13: 2 8 10 23 27 31
14: 3 6 10 18 20 22
15: 3 7 8 21 24 28
16: 2 4 5 20 21 31
17: 1 6 10 20 22 31 32
18: 1 7 14 21 24 31 32
19: 1 5 12 20 21 25 26
20: 7 14 16 17 19 23 27
21: 9 15 16 18 19 27 30
22: 5 8 14 17 23 28 30
23: 6 9 13 20 22 24 25
24: 10 12 15 18 23 29 30
25: 4 10 11 19 23 29 32
26: 4 6 8 19 28 30 32
27: 4 5 13 20 21 28 29
28: 2 11 15 22 26 27 31
29: 2 8 9 24 25 27 31
30: 3 7 11 21 22 24 26
31: 3 13 16 17 18 28 29
32: 2 3 12 17 18 25 26

1: 2 3 4 17 18 19
2: 1 13 16 27 31 32
3: 1 14 15 28 30 32
4: 1 11 12 25 26 29
5: 9 12 13 19 24 29
6: 7 11 13 22 23 27
7: 6 10 14 17 26 31
8: 11 15 16 21 24 26
9: 5 14 16 17 21 22
10: 7 12 15 18 22 30
11: 4 6 8 19 31 32
12: 4 5 10 20 23 27
13: 2 5 6 20 21 28
14: 3 7 9 18 20 24
15: 3 8 10 23 25 29
16: 2 8 9 25 28 30
17: 1 7 9 20 24 28 32
18: 1 10 14 23 28 29 32
19: 1 5 11 20 25 26 27
20: 12 13 14 17 19 22 29
21: 8 9 13 25 27 30 31
22: 6 9 10 20 24 26 31
23: 6 12 15 18 26 30 31
24: 5 8 14 17 22 25 30
25: 4 15 16 19 21 24 32
26: 4 7 8 19 22 23 32
27: 2 6 12 19 21 28 29
28: 3 13 16 17 18 27 31
29: 4 5 15 18 20 27 30
30: 3 10 16 21 23 24 29
31: 2 7 11 21 22 23 28
32: 2 3 11 17 18 25 26

1: 2 3 4 17 18 19
2: 1 13 16 28 29 32
3: 1 14 15 30 31 32
4: 1 12 16 25 26 27
5: 6 7 16 19 22 27
6: 5 11 14 17 21 23
7: 5 8 15 18 25 30
8: 7 10 12 23 26 29
9: 11 13 15 24 26 29
10: 8 13 14 17 22 25
11: 6 9 12 20 28 30
12: 4 8 11 19 24 32
13: 2 9 10 23 27 31
14: 3 6 10 18 20 24
15: 3 7 9 21 22 28
16: 2 4 5 20 21 31
17: 1 6 10 20 24 31 32
18: 1 7 14 21 22 31 32
19: 1 5 12 20 21 25 26
20: 11 14 16 17 19 23 27
21: 6 15 16 18 19 27 30
22: 5 10 15 18 23 29 30
23: 6 8 13 20 22 24 25
24: 9 12 14 17 23 28 30
25: 4 7 10 19 23 29 32
26: 4 8 9 19 28 30 32
27: 4 5 13 20 21 28 29
28: 2 11 15 24 26 27 31
29: 2 8 9 22 25 27 31
30: 3 7 11 21 22 24 26
31: 3 13 16 17 18 28 29
32: 2 3 12 17 18 25 26

1: 2 3 4 17 18 19
2: 1 13 16 28 29 32
3: 1 14 15 30 31 32
4: 1 12 16 25 26 27
5: 6 7 16 19 22 27
6: 5 10 14 17 21 24
7: 5 8 15 18 28 31
8: 7 10 13 23 26 29
9: 11 12 15 24 26 29
10: 6 8 12 20 22 28
11: 9 13 14 17 25 31
12: 4 9 10 19 23 32
13: 2 8 11 24 27 30
14: 3 6 11 18 20 23
15: 3 7 9 21 22 25
16: 2 4 5 20 21 30
17: 1 6 11 20 23 30 32
18: 1 7 14 21 22 30 32
19: 1 5 12 20 21 25 26
20: 10 14 16 17 19 24 27
21: 6 15 16 18 19 27 31
22: 5 10 15 18 23 26 31
23: 8 12 14 17 22 24 28
24: 6 9 13 20 23 25 31
25: 4 11 15 19 24 29 32
26: 4 8 9 19 22 28 32
27: 4 5 13 20 21 28 29
28: 2 7 10 23 26 27 30
29: 2 8 9 25 27 30 31
30: 3 13 16 17 18 28 29
31: 3 7 11 21 22 24 29
32: 2 3 12 17 18 25 26

1: 2 3 4 17 18 19
2: 1 15 16 27 30 32
3: 1 13 14 29 31 32
4: 1 11 12 25 26 28
5: 6 12 15 19 28 30
6: 5 7 13 17 22 27
7: 6 9 14 20 25 30
8: 12 14 16 18 21 31
9: 7 11 15 24 26 31
10: 11 13 16 17 21 23
11: 4 9 10 19 22 32
12: 4 5 8 20 23 27
13: 3 6 10 18 20 24
14: 3 7 8 23 24 28
15: 2 5 9 21 25 29
16: 2 8 10 22 26 29
17: 1 6 10 20 24 29 32
18: 1 8 13 23 28 29 32
19: 1 5 11 20 25 26 27
20: 7 12 13 17 19 22 28
21: 8 10 15 22 26 27 30
22: 6 11 16 20 21 23 24
23: 10 12 14 18 22 26 31
24: 9 13 14 17 22 25 30
25: 4 7 15 19 24 31 32
26: 4 9 16 19 21 23 32
27: 2 6 12 19 21 28 29
28: 4 5 14 18 20 27 31
29: 3 15 16 17 18 27 30
30: 2 5 7 21 24 29 31
31: 3 8 9 23 25 28 30
32: 2 3 11 17 18 25 26

1: 2 3 4 17 18 19
2: 1 14 16 27 30 32
3: 1 12 15 29 31 32
4: 1 11 13 25 26 28
5: 6 9 16 18 26 27
6: 5 8 11 22 24 31
7: 9 14 15 17 22 26
8: 6 10 15 21 25 29
9: 5 7 11 23 25 29
10: 8 13 14 17 23 31
11: 4 6 9 19 21 32
12: 3 13 16 19 28 30
13: 4 10 12 20 24 27
14: 2 7 10 18 24 28
15: 3 7 8 20 23 30
16: 2 5 12 20 21 22
17: 1 7 10 24 28 30 32
18: 1 5 14 21 22 30 32
19: 1 11 12 20 25 26 27
20: 13 15 16 19 28 29 31
21: 8 11 16 18 24 27 31
22: 6 7 16 18 23 27 29
23: 9 10 15 22 24 26 28
24: 6 13 14 17 21 23 25
25: 4 8 9 19 24 31 32
26: 4 5 7 19 23 29 32
27: 2 5 13 19 21 22 28
28: 4 12 14 17 20 23 27
29: 3 8 9 20 22 26 30
30: 2 12 15 17 18 29 31
31: 3 6 10 20 21 25 30
32: 2 3 11 17 18 25 26

1: 2 3 4 17 18 19
2: 1 13 16 28 31 32
3: 1 12 15 27 29 32
4: 1 11 14 25 26 30
5: 12 13 14 19 29 30
6: 7 13 15 18 23 28
7: 6 8 12 20 21 25
8: 7 11 16 17 22 29
9: 10 14 16 17 20 26
10: 9 11 15 21 23 25
11: 4 8 10 19 20 32
12: 3 5 7 22 23 31
13: 2 5 6 21 22 27
14: 4 5 9 24 27 28
15: 3 6 10 24 26 31
16: 2 8 9 18 24 30
17: 1 8 9 24 30 31 32
18: 1 6 16 21 22 31 32
19: 1 5 11 25 26 27 28
20: 7 9 11 22 24 29 30
21: 7 10 13 18 24 26 28
22: 8 12 13 18 20 25 28
23: 6 10 12 24 26 27 29
24: 14 15 16 17 20 21 23
25: 4 7 10 19 22 29 32
26: 4 9 15 19 21 23 32
27: 3 13 14 19 23 30 31
28: 2 6 14 19 21 22 30
29: 3 5 8 20 23 25 31
30: 4 5 16 17 20 27 28
31: 2 12 15 17 18 27 29
32: 2 3 11 17 18 25 26

1: 2 3 4 17 18 19
2: 1 15 16 29 31 32
3: 1 11 12 27 30 32
4: 1 13 14 26 28 31
5: 6 8 14 19 22 31
6: 5 7 12 17 20 25
7: 6 9 15 24 27 28
8: 5 10 11 18 20 27
9: 7 11 13 23 26 29
10: 8 12 16 17 21 26
11: 3 8 9 22 25 28
12: 3 6 10 18 23 24
13: 4 9 16 19 21 32
14: 4 5 15 24 25 29
15: 2 7 14 21 23 30
16: 2 10 13 20 22 30
17: 1 6 10 23 24 30 32
18: 1 8 12 22 25 30 32
19: 1 5 13 24 25 26 28
20: 6 8 16 21 23 24 26
21: 10 13 15 20 22 29 31
22: 5 11 16 18 21 26 27
23: 9 12 15 17 20 27 28
24: 7 12 14 17 19 20 31
25: 6 11 14 18 19 27 31
26: 4 9 10 19 20 22 32
27: 3 7 8 22 23 25 29
28: 4 7 11 19 23 29 32
29: 2 9 14 21 27 28 30
30: 3 15 16 17 18 29 31
31: 2 4 5 21 24 25 30
32: 2 3 13 17 18 26 28

1: 2 3 4 17 18 19
2: 1 13 15 30 31 32
3: 1 14 16 28 29 32
4: 1 12 16 25 26 27
5: 6 13 16 17 19 27
6: 5 11 15 18 21 31
7: 9 14 15 24 26 29
8: 10 11 12 22 24 29
9: 7 10 12 25 28 31
10: 8 9 13 17 21 26
11: 6 8 14 20 23 25
12: 4 8 9 19 23 32
13: 2 5 10 18 23 24
14: 3 7 11 22 27 30
15: 2 6 7 20 22 28
16: 3 4 5 20 21 30
17: 1 5 10 23 24 30 32
18: 1 6 13 20 22 30 32
19: 1 5 12 20 21 25 26
20: 11 15 16 18 19 27 31
21: 6 10 16 19 23 24 27
22: 8 14 15 18 23 25 31
23: 11 12 13 17 21 22 29
24: 7 8 13 17 21 28 31
25: 4 9 11 19 22 29 32
26: 4 7 10 19 28 31 32
27: 4 5 14 20 21 28 29
28: 3 9 15 24 26 27 30
29: 3 7 8 23 25 27 30
30: 2 14 16 17 18 28 29
31: 2 6 9 20 22 24 26
32: 2 3 12 17 18 25 26

1: 2 3 4 17 18 19
2: 1 14 16 28 31 32
3: 1 12 15 27 29 32
4: 1 11 13 25 26 30
5: 12 13 14 19 29 30
6: 7 8 16 17 22 30
7: 6 9 15 23 24 26
8: 6 9 10 20 25 29
9: 7 8 14 18 21 28
10: 8 11 12 21 23 26
11: 4 10 15 19 24 32
12: 3 5 10 24 25 31
13: 4 5 16 17 27 28
14: 2 5 9 22 23 27
15: 3 7 11 20 22 31
16: 2 6 13 18 20 21
17: 1 6 13 20 21 31 32
18: 1 9 16 22 23 31 32
19: 1 5 11 25 26 27 28
20: 8 15 16 17 24 26 30
21: 9 10 16 17 25 29 30
22: 6 14 15 18 24 26 28
23: 7 10 14 18 25 28 29
24: 7 11 12 20 22 27 29
25: 4 8 12 19 21 23 32
26: 4 7 10 19 20 22 32
27: 3 13 14 19 24 30 31
28: 2 9 13 19 22 23 30
29: 3 5 8 21 23 24 31
30: 4 5 6 20 21 27 28
31: 2 12 15 17 18 27 29
32: 2 3 11 17 18 25 26

1: 2 3 4 17 18 19
2: 1 13 16 28 31 32
3: 1 12 15 27 29 32
4: 1 11 14 25 26 30
5: 12 13 14 19 29 30
6: 7 8 13 18 20 28
7: 6 9 15 22 24 26
8: 6 10 16 17 25 29
9: 7 14 16 17 20 21
10: 8 11 12 20 22 26
11: 4 10 15 19 24 32
12: 3 5 10 24 25 31
13: 2 5 6 21 22 27
14: 4 5 9 23 27 28
15: 3 7 11 21 23 31
16: 2 8 9 18 23 30
17: 1 8 9 23 30 31 32
18: 1 6 16 21 22 31 32
19: 1 5 11 25 26 27 28
20: 6 9 10 23 25 29 30
21: 9 13 15 18 24 26 28
22: 7 10 13 18 25 28 29
23: 14 15 16 17 20 24 26
24: 7 11 12 21 23 27 29
25: 4 8 12 19 20 22 32
26: 4 7 10 19 21 23 32
27: 3 13 14 19 24 30 31
28: 2 6 14 19 21 22 30
29: 3 5 8 20 22 24 31
30: 4 5 16 17 20 27 28
31: 2 12 15 17 18 27 29
32: 2 3 11 17 18 25 26

1: 2 3 4 17 18 19
2: 1 14 16 27 30 32
3: 1 12 15 29 31 32
4: 1 11 13 25 26 28
5: 6 8 16 18 25 27
6: 5 9 11 24 26 31
7: 8 14 15 17 22 26
8: 5 7 11 21 23 29
9: 6 10 15 21 25 29
10: 9 13 14 17 23 31
11: 4 6 8 19 22 32
12: 3 13 16 19 28 30
13: 4 10 12 20 24 27
14: 2 7 10 18 24 28
15: 3 7 9 20 23 30
16: 2 5 12 20 21 22
17: 1 7 10 24 28 30 32
18: 1 5 14 21 22 30 32
19: 1 11 12 20 25 26 27
20: 13 15 16 19 28 29 31
21: 8 9 16 18 24 27 31
22: 7 11 16 18 23 27 29
23: 8 10 15 22 24 26 28
24: 6 13 14 17 21 23 25
25: 4 5 9 19 24 31 32
26: 4 6 7 19 23 29 32
27: 2 5 13 19 21 22 28
28: 4 12 14 17 20 23 27
29: 3 8 9 20 22 26 30
30: 2 12 15 17 18 29 31
31: 3 6 10 20 21 25 30
32: 2 3 11 17 18 25 26

1: 2 3 4 17 18 19
2: 1 14 16 27 30 32
3: 1 13 15 29 31 32
4: 1 11 12 25 26 28
5: 6 12 16 19 28 30
6: 5 7 13 17 22 27
7: 6 14 15 20 21 25
8: 10 12 15 18 26 31
9: 10 13 16 17 23 26
10: 8 9 11 22 25 30
11: 4 10 14 19 21 32
12: 4 5 8 20 23 27
13: 3 6 9 18 20 24
14: 2 7 11 24 29 31
15: 3 7 8 23 24 28
16: 2 5 9 21 22 29
17: 1 6 9 20 24 29 32
18: 1 8 13 23 28 29 32
19: 1 5 11 20 25 26 27
20: 7 12 13 17 19 22 28
21: 7 11 16 24 27 30 31
22: 6 10 16 20 23 24 26
23: 9 12 15 18 22 30 31
24: 13 14 15 17 21 22 25
25: 4 7 10 19 24 31 32
26: 4 8 9 19 22 30 32
27: 2 6 12 19 21 28 29
28: 4 5 15 18 20 27 31
29: 3 14 16 17 18 27 30
30: 2 5 10 21 23 26 29
31: 3 8 14 21 23 25 28
32: 2 3 11 17 18 25 26

1: 2 3 4 17 18 19
2: 1 15 16 29 31 32
3: 1 11 12 27 30 32
4: 1 13 14 26 28 31
5: 8 9 11 24 28 29
6: 7 8 14 19 25 31
7: 6 10 11 18 20 27
8: 5 6 12 17 20 23
9: 5 13 15 22 26 27
10: 7 12 16 17 21 26
11: 3 5 7 22 23 25
12: 3 8 10 18 22 24
13: 4 9 16 19 21 32
14: 4 6 15 23 24 29
15: 2 9 14 21 28 30
16: 2 10 13 20 25 30
17: 1 8 10 22 24 30 32
18: 1 7 12 23 25 30 32
19: 1 6 13 23 24 26 28
20: 7 8 16 21 22 24 26
21: 10 13 15 20 25 29 31
22: 9 11 12 17 20 28 29
23: 8 11 14 18 19 27 31
24: 5 12 14 17 19 20 31
25: 6 11 16 18 21 26 27
26: 4 9 10 19 20 25 32
27: 3 7 9 23 25 28 29
28: 4 5 15 19 22 27 32
29: 2 5 14 21 22 27 30
30: 3 15 16 17 18 29 31
31: 2 4 6 21 23 24 30
32: 2 3 13 17 18 26 28

1: 2 3 4 17 18 19
2: 1 13 16 28 29 32
3: 1 14 15 30 31 32
4: 1 12 16 25 26 27
5: 6 7 16 19 22 27
6: 5 8 14 17 21 24
7: 5 10 15 18 24 31
8: 6 11 15 20 26 29
9: 10 12 13 22 24 26
10: 7 9 14 17 25 28
11: 8 12 13 23 28 31
12: 4 9 11 19 29 32
13: 2 9 11 25 27 30
14: 3 6 10 18 20 23
15: 3 7 8 21 22 23
16: 2 4 5 20 21 30
17: 1 6 10 20 23 30 32
18: 1 7 14 21 22 30 32
19: 1 5 12 20 21 25 26
20: 8 14 16 17 19 24 27
21: 6 15 16 18 19 27 31
22: 5 9 15 18 25 28 31
23: 11 14 15 17 24 26 29
24: 6 7 9 20 23 25 28
25: 4 10 13 19 22 24 32
26: 4 8 9 19 23 31 32
27: 4 5 13 20 21 28 29
28: 2 10 11 22 24 27 30
29: 2 8 12 23 27 30 31
30: 3 13 16 17 18 28 29
31: 3 7 11 21 22 26 29
32: 2 3 12 17 18 25 26

1: 2 3 4 17 18 19
2: 1 13 15 30 31 32
3: 1 14 16 28 29 32
4: 1 12 16 25 26 27
5: 6 13 16 17 19 27
6: 5 10 15 18 21 30
7: 9 11 15 24 26 29
8: 10 12 14 23 24 29
9: 7 10 13 17 21 23
10: 6 8 9 20 25 28
11: 7 12 14 22 25 30
12: 4 8 11 19 28 32
13: 2 5 9 18 22 24
14: 3 8 11 26 27 31
15: 2 6 7 20 22 23
16: 3 4 5 20 21 31
17: 1 5 9 22 24 31 32
18: 1 6 13 20 23 31 32
19: 1 5 12 20 21 25 26
20: 10 15 16 18 19 27 30
21: 6 9 16 19 22 24 27
22: 11 13 15 17 21 26 29
23: 8 9 15 18 25 28 30
24: 7 8 13 17 21 25 28
25: 4 10 11 19 23 24 32
26: 4 7 14 19 22 30 32
27: 4 5 14 20 21 28 29
28: 3 10 12 23 24 27 31
29: 3 7 8 22 27 30 31
30: 2 6 11 20 23 26 29
31: 2 14 16 17 18 28 29
32: 2 3 12 17 18 25 26

1: 2 3 4 17 18 19
2: 1 14 16 29 31 32
3: 1 12 15 27 30 32
4: 1 11 13 26 28 31
5: 6 8 11 24 25 29
6: 5 7 14 21 23 26
7: 6 9 15 18 20 27
8: 5 10 12 17 20 28
9: 7 12 13 17 19 31
10: 8 11 16 22 26 27
11: 4 5 10 19 21 32
12: 3 8 9 18 21 24
13: 4 9 14 20 23 29
14: 2 6 13 22 25 30
15: 3 7 16 22 23 25
16: 2 10 15 24 28 30
17: 1 8 9 21 24 30 32
18: 1 7 12 23 25 30 32
19: 1 9 11 20 23 26 28
20: 7 8 13 19 21 24 31
21: 6 11 12 17 20 25 29
22: 10 14 15 24 28 29 31
23: 6 13 15 18 19 27 31
24: 5 12 16 17 20 22 27
25: 5 14 15 18 21 26 27
26: 4 6 10 19 25 29 32
27: 3 7 10 23 24 25 28
28: 4 8 16 19 22 27 32
29: 2 5 13 21 22 26 30
30: 3 14 16 17 18 29 31
31: 2 4 9 20 22 23 30
32: 2 3 11 17 18 26 28

1: 2 3 4 17 18 19
2: 1 13 16 28 29 32
3: 1 14 15 30 31 32
4: 1 12 16 25 26 27
5: 6 7 16 19 22 27
6: 5 10 14 17 23 24
7: 5 10 15 18 20 31
8: 10 12 13 22 24 29
9: 11 14 15 17 26 29
10: 6 7 8 21 25 28
11: 9 12 13 23 25 31
12: 4 8 11 19 28 32
13: 2 8 11 26 27 30
14: 3 6 9 18 20 22
15: 3 7 9 21 23 24
16: 2 4 5 20 21 30
17: 1 6 9 20 22 30 32
18: 1 7 14 21 24 30 32
19: 1 5 12 20 21 25 26
20: 7 14 16 17 19 23 27
21: 10 15 16 18 19 27 31
22: 5 8 14 17 23 25 28
23: 6 11 15 20 22 26 29
24: 6 8 15 18 25 28 31
25: 4 10 11 19 22 24 32
26: 4 9 13 19 23 31 32
27: 4 5 13 20 21 28 29
28: 2 10 12 22 24 27 30
29: 2 8 9 23 27 30 31
30: 3 13 16 17 18 28 29
31: 3 7 11 21 24 26 29
32: 2 3 12 17 18 25 26

1: 2 3 4 17 18 19
2: 1 14 16 29 31 32
3: 1 12 13 28 30 32
4: 1 11 15 26 27 31
5: 6 8 9 23 27 29
6: 5 7 13 17 20 24
7: 6 12 15 19 21 31
8: 5 12 14 18 22 28
9: 5 11 16 20 21 26
10: 11 13 14 17 22 23
11: 4 9 10 19 24 32
12: 3 7 8 20 23 25
13: 3 6 10 18 21 25
14: 2 8 10 24 26 30
15: 4 7 16 25 28 29
16: 2 9 15 22 27 30
17: 1 6 10 21 25 30 32
18: 1 8 13 20 23 30 32
19: 1 7 11 25 26 27 28
20: 6 9 12 18 27 28 29
21: 7 9 13 17 24 27 29
22: 8 10 16 24 26 29 31
23: 5 10 12 18 24 26 28
24: 6 11 14 21 22 23 25
25: 12 13 15 17 19 24 31
26: 4 9 14 19 22 23 32
27: 4 5 16 19 20 21 32
28: 3 8 15 19 20 23 31
29: 2 5 15 20 21 22 30
30: 3 14 16 17 18 29 31
31: 2 4 7 22 25 28 30
32: 2 3 11 17 18 26 27

1: 2 3 4 17 18 19
2: 1 14 16 28 31 32
3: 1 12 15 27 29 32
4: 1 11 13 25 26 30
5: 12 13 14 19 29 30
6: 7 8 16 17 22 30
7: 6 9 15 21 24 26
8: 6 9 10 23 25 29
9: 7 8 14 18 20 28
10: 8 11 12 21 22 26
11: 4 10 15 19 24 32
12: 3 5 10 24 25 31
13: 4 5 16 17 27 28
14: 2 5 9 22 23 27
15: 3 7 11 20 23 31
16: 2 6 13 18 20 21
17: 1 6 13 20 21 31 32
18: 1 9 16 22 23 31 32
19: 1 5 11 25 26 27 28
20: 9 15 16 17 24 26 30
21: 7 10 16 17 25 29 30
22: 6 10 14 18 25 28 29
23: 8 14 15 18 24 26 28
24: 7 11 12 20 23 27 29
25: 4 8 12 19 21 22 32
26: 4 7 10 19 20 23 32
27: 3 13 14 19 24 30 31
28: 2 9 13 19 22 23 30
29: 3 5 8 21 22 24 31
30: 4 5 6 20 21 27 28
31: 2 12 15 17 18 27 29
32: 2 3 11 17 18 25 26

1: 2 3 4 17 18 19
2: 1 15 16 29 31 32
3: 1 11 12 28 30 32
4: 1 13 14 26 27 31
5: 6 7 9 24 27 29
6: 5 10 11 18 22 28
7: 5 8 12 17 20 22
8: 7 11 14 19 21 31
9: 5 13 16 20 21 26
10: 6 12 15 17 23 26
11: 3 6 8 20 24 25
12: 3 7 10 18 21 25
13: 4 9 15 19 23 32
14: 4 8 16 25 28 29
15: 2 10 13 22 24 30
16: 2 9 14 23 27 30
17: 1 7 10 21 25 30 32
18: 1 6 12 20 24 30 32
19: 1 8 13 25 26 27 28
20: 7 9 11 18 27 28 29
21: 8 9 12 17 22 27 29
22: 6 7 15 21 23 25 26
23: 10 13 16 22 24 29 31
24: 5 11 15 18 23 26 28
25: 11 12 14 17 19 22 31
26: 4 9 10 19 22 24 32
27: 4 5 16 19 20 21 32
28: 3 6 14 19 20 24 31
29: 2 5 14 20 21 23 30
30: 3 15 16 17 18 29 31
31: 2 4 8 23 25 28 30
32: 2 3 13 17 18 26 27

1: 2 3 4 17 18 19
2: 1 13 15 30 31 32
3: 1 14 16 28 29 32
4: 1 12 16 25 26 27
5: 6 13 16 17 19 27
6: 5 10 15 18 21 30
7: 9 11 15 24 26 29
8: 10 12 14 23 24 26
9: 7 10 13 17 21 23
10: 6 8 9 20 25 28
11: 7 12 14 22 28 30
12: 4 8 11 19 29 32
13: 2 5 9 18 22 24
14: 3 8 11 25 27 31
15: 2 6 7 20 22 23
16: 3 4 5 20 21 31
17: 1 5 9 22 24 31 32
18: 1 6 13 20 23 31 32
19: 1 5 12 20 21 25 26
20: 10 15 16 18 19 27 30
21: 6 9 16 19 22 24 27
22: 11 13 15 17 21 26 29
23: 8 9 15 18 25 28 30
24: 7 8 13 17 21 25 28
25: 4 10 14 19 23 24 32
26: 4 7 8 19 22 30 32
27: 4 5 14 20 21 28 29
28: 3 10 11 23 24 27 31
29: 3 7 12 22 27 30 31
30: 2 6 11 20 23 26 29
31: 2 14 16 17 18 28 29
32: 2 3 12 17 18 25 26

1: 2 3 4 17 18 19
2: 1 13 16 28 31 32
3: 1 12 15 27 29 32
4: 1 11 14 25 26 30
5: 12 13 14 19 29 30
6: 7 8 13 18 20 28
7: 6 15 16 17 24 26
8: 6 10 12 21 23 25
9: 10 14 16 17 20 25
10: 8 9 11 22 26 29
11: 4 10 15 19 24 32
12: 3 5 8 22 24 31
13: 2 5 6 21 22 27
14: 4 5 9 23 27 28
15: 3 7 11 20 21 31
16: 2 7 9 18 23 30
17: 1 7 9 23 30 31 32
18: 1 6 16 21 22 31 32
19: 1 5 11 25 26 27 28
20: 6 9 15 23 24 26 30
21: 8 13 15 18 24 26 28
22: 10 12 13 18 23 25 28
23: 8 14 16 17 20 22 29
24: 7 11 12 20 21 27 29
25: 4 8 9 19 22 29 32
26: 4 7 10 19 20 21 32
27: 3 13 14 19 24 30 31
28: 2 6 14 19 21 22 30
29: 3 5 10 23 24 25 31
30: 4 5 16 17 20 27 28
31: 2 12 15 17 18 27 29
32: 2 3 11 17 18 25 26

1: 2 3 4 17 18 19
2: 1 14 16 28 31 32
3: 1 12 15 27 29 32
4: 1 11 13 25 26 30
5: 12 13 14 19 29 30
6: 7 8 16 17 25 30
7: 6 10 15 21 24 26
8: 6 9 11 23 26 29
9: 8 10 12 21 22 25
10: 7 9 14 18 20 28
11: 4 8 15 19 24 32
12: 3 5 9 23 24 31
13: 4 5 16 17 27 28
14: 2 5 10 22 23 27
15: 3 7 11 20 22 31
16: 2 6 13 18 20 21
17: 1 6 13 20 21 31 32
18: 1 10 16 22 23 31 32
19: 1 5 11 25 26 27 28
20: 10 15 16 17 24 26 30
21: 7 9 16 17 23 29 30
22: 9 14 15 18 24 26 28
23: 8 12 14 18 21 25 28
24: 7 11 12 20 22 27 29
25: 4 6 9 19 23 29 32
26: 4 7 8 19 20 22 32
27: 3 13 14 19 24 30 31
28: 2 10 13 19 22 23 30
29: 3 5 8 21 24 25 31
30: 4 5 6 20 21 27 28
31: 2 12 15 17 18 27 29
32: 2 3 11 17 18 25 26

1: 2 3 4 17 18 19
2: 1 13 15 30 31 32
3: 1 14 16 28 29 32
4: 1 12 16 25 26 27
5: 6 13 16 17 19 27
6: 5 11 15 18 21 31
7: 9 14 15 24 26 29
8: 10 11 12 22 26 29
9: 7 10 12 23 28 31
10: 8 9 13 17 21 25
11: 6 8 14 20 23 25
12: 4 8 9 19 24 32
13: 2 5 10 18 23 24
14: 3 7 11 22 27 30
15: 2 6 7 20 22 28
16: 3 4 5 20 21 30
17: 1 5 10 23 24 30 32
18: 1 6 13 20 22 30 32
19: 1 5 12 20 21 25 26
20: 11 15 16 18 19 27 31
21: 6 10 16 19 23 24 27
22: 8 14 15 18 23 25 31
23: 9 11 13 17 21 22 29
24: 7 12 13 17 21 28 31
25: 4 10 11 19 22 29 32
26: 4 7 8 19 28 31 32
27: 4 5 14 20 21 28 29
28: 3 9 15 24 26 27 30
29: 3 7 8 23 25 27 30
30: 2 14 16 17 18 28 29
31: 2 6 9 20 22 24 26
32: 2 3 12 17 18 25 26

1: 2 3 4 17 18 19
2: 1 14 15 27 31 32
3: 1 13 16 29 30 32
4: 1 12 16 25 26 28
5: 14 15 16 17 19 28
6: 10 11 15 18 27 29
7: 8 9 14 17 20 25
8: 7 11 12 22 26 30
9: 7 10 12 21 23 29
10: 6 9 13 24 26 30
11: 6 8 13 21 23 25
12: 4 8 9 19 24 32
13: 3 10 11 22 28 31
14: 2 5 7 18 23 24
15: 2 5 6 20 21 22
16: 3 4 5 20 27 31
17: 1 5 7 23 24 31 32
18: 1 6 14 21 22 31 32
19: 1 5 12 20 25 26 27
20: 7 15 16 19 23 24 28
21: 9 11 15 18 24 26 27
22: 8 13 15 18 23 25 27
23: 9 11 14 17 20 22 30
24: 10 12 14 17 20 21 29
25: 4 7 11 19 22 30 32
26: 4 8 10 19 21 29 32
27: 2 6 16 19 21 22 28
28: 4 5 13 20 27 29 30
29: 3 6 9 24 26 28 31
30: 3 8 10 23 25 28 31
31: 2 13 16 17 18 29 30
32: 2 3 12 17 18 25 26

1: 2 3 4 17 18 19
2: 1 14 15 27 31 32
3: 1 13 16 29 30 32
4: 1 12 16 25 26 28
5: 14 15 16 17 19 28
6: 8 9 15 18 24 27
7: 8 9 14 17 20 21
8: 6 7 11 22 26 30
9: 6 7 10 23 25 29
10: 9 12 13 22 24 30
11: 8 12 13 21 23 25
12: 4 10 11 19 29 32
13: 3 10 11 26 28 31
14: 2 5 7 18 23 24
15: 2 5 6 20 21 22
16: 3 4 5 20 27 31
17: 1 5 7 23 24 31 32
18: 1 6 14 21 22 31 32
19: 1 5 12 20 25 26 27
20: 7 15 16 19 23 24 28
21: 7 11 15 18 26 27 30
22: 8 10 15 18 25 27 29
23: 9 11 14 17 20 26 30
24: 6 10 14 17 20 25 29
25: 4 9 11 19 22 24 32
26: 4 8 13 19 21 23 32
27: 2 6 16 19 21 22 28
28: 4 5 13 20 27 29 30
29: 3 9 12 22 24 28 31
30: 3 8 10 21 23 28 31
31: 2 13 16 17 18 29 30
32: 2 3 12 17 18 25 26

1: 2 3 4 17 18 19
2: 1 14 15 27 31 32
3: 1 13 16 28 30 32
4: 1 11 12 25 26 29
5: 6 12 14 19 29 31
6: 5 7 13 17 27 30
7: 6 8 14 20 22 25
8: 7 9 11 24 26 31
9: 8 10 16 18 25 29
10: 9 13 15 21 22 26
11: 4 8 15 19 21 32
12: 4 5 16 18 20 27
13: 3 6 10 20 23 24
14: 2 5 7 21 24 28
15: 2 10 11 23 28 30
16: 3 9 12 17 22 23
17: 1 6 16 20 24 28 32
18: 1 9 12 22 23 28 32
19: 1 5 11 20 25 26 27
20: 7 12 13 17 19 29 30
21: 10 11 14 23 27 30 31
22: 7 10 16 18 24 29 31
23: 13 15 16 18 21 26 29
24: 8 13 14 17 22 25 30
25: 4 7 9 19 24 31 32
26: 4 8 10 19 23 30 32
27: 2 6 12 19 21 28 29
28: 3 14 15 17 18 27 31
29: 4 5 9 20 22 23 27
30: 3 6 15 20 21 24 26
31: 2 5 8 21 22 25 28
32: 2 3 11 17 18 25 26

1: 2 3 4 17 18 19
2: 1 14 16 29 31 32
3: 1 11 12 28 30 32
4: 1 13 15 26 27 31
5: 6 7 10 23 27 29
6: 5 9 12 17 20 22
7: 5 8 11 18 20 28
8: 7 12 15 17 19 31
9: 6 11 16 21 24 26
10: 5 13 14 21 22 26
11: 3 7 9 22 23 25
12: 3 6 8 18 21 25
13: 4 10 16 19 24 32
14: 2 10 15 24 27 30
15: 4 8 14 20 23 29
16: 2 9 13 25 28 30
17: 1 6 8 21 25 30 32
18: 1 7 12 22 23 30 32
19: 1 8 13 20 23 26 27
20: 6 7 15 19 21 25 31
21: 9 10 12 17 20 27 29
22: 6 10 11 18 27 28 29
23: 5 11 15 18 19 28 31
24: 9 13 14 25 28 29 31
25: 11 12 16 17 20 24 26
26: 4 9 10 19 25 28 32
27: 4 5 14 19 21 22 32
28: 3 7 16 22 23 24 26
29: 2 5 15 21 22 24 30
30: 3 14 16 17 18 29 31
31: 2 4 8 20 23 24 30
32: 2 3 13 17 18 26 27

1: 2 3 4 17 18 19
2: 1 14 15 27 31 32
3: 1 13 16 29 30 32
4: 1 12 16 25 26 28
5: 14 15 16 17 19 28
6: 8 9 15 18 24 27
7: 8 9 14 17 20 21
8: 6 7 11 22 26 30
9: 6 7 10 23 25 29
10: 9 12 13 22 24 26
11: 8 12 13 21 23 29
12: 4 10 11 19 30 32
13: 3 10 11 25 28 31
14: 2 5 7 18 23 24
15: 2 5 6 20 21 22
16: 3 4 5 20 27 31
17: 1 5 7 23 24 31 32
18: 1 6 14 21 22 31 32
19: 1 5 12 20 25 26 27
20: 7 15 16 19 23 24 28
21: 7 11 15 18 26 27 30
22: 8 10 15 18 25 27 29
23: 9 11 14 17 20 26 30
24: 6 10 14 17 20 25 29
25: 4 9 13 19 22 24 32
26: 4 8 10 19 21 23 32
27: 2 6 16 19 21 22 28
28: 4 5 13 20 27 29 30
29: 3 9 11 22 24 28 31
30: 3 8 12 21 23 28 31
31: 2 13 16 17 18 29 30
32: 2 3 12 17 18 25 26

1: 2 3 4 17 18 19
2: 1 13 16 27 31 32
3: 1 14 15 28 30 32
4: 1 11 12 25 26 29
5: 12 13 14 17 19 29
6: 7 11 13 22 23 27
7: 6 9 10 24 26 31
8: 11 15 16 21 24 26
9: 7 14 16 17 20 21
10: 7 12 15 18 22 30
11: 4 6 8 19 31 32
12: 4 5 10 20 23 27
13: 2 5 6 20 21 28
14: 3 5 9 18 22 24
15: 3 8 10 23 25 29
16: 2 8 9 25 28 30
17: 1 5 9 22 24 28 32
18: 1 10 14 23 28 29 32
19: 1 5 11 20 25 26 27
20: 9 12 13 19 22 24 29
21: 8 9 13 25 27 30 31
22: 6 10 14 17 20 26 31
23: 6 12 15 18 26 30 31
24: 7 8 14 17 20 25 30
25: 4 15 16 19 21 24 32
26: 4 7 8 19 22 23 32
27: 2 6 12 19 21 28 29
28: 3 13 16 17 18 27 31
29: 4 5 15 18 20 27 30
30: 3 10 16 21 23 24 29
31: 2 7 11 21 22 23 28
32: 2 3 11 17 18 25 26

1: 2 3 4 17 18 19
2: 1 15 16 27 31 32
3: 1 13 14 28 30 32
4: 1 11 12 25 26 29
5: 6 12 16 19 29 31
6: 5 7 13 17 27 30
7: 6 8 11 20 23 31
8: 7 14 16 18 22 25
9: 10 11 15 21 25 30
10: 9 12 14 18 23 26
11: 4 7 9 19 22 32
12: 4 5 10 20 24 27
13: 3 6 15 20 21 22
14: 3 8 10 17 24 29
15: 2 9 13 24 26 28
16: 2 5 8 21 23 28
17: 1 6 14 20 22 28 32
18: 1 8 10 24 28 29 32
19: 1 5 11 20 25 26 27
20: 7 12 13 17 19 29 30
21: 9 13 16 24 26 27 31
22: 8 11 13 17 23 30 31
23: 7 10 16 22 24 25 29
24: 12 14 15 18 21 23 30
25: 4 8 9 19 23 31 32
26: 4 10 15 19 21 30 32
27: 2 6 12 19 21 28 29
28: 3 15 16 17 18 27 31
29: 4 5 14 18 20 23 27
30: 3 6 9 20 22 24 26
31: 2 5 7 21 22 25 28
32: 2 3 11 17 18 25 26

1: 2 3 4 17 18 19
2: 1 13 15 30 31 32
3: 1 14 16 28 29 32
4: 1 12 16 25 26 27
5: 6 13 16 17 19 27
6: 5 11 15 18 21 31
7: 10 12 15 24 26 29
8: 9 11 14 22 24 26
9: 8 10 13 17 21 29
10: 7 9 14 25 28 31
11: 6 8 12 20 23 28
12: 4 7 11 19 22 32
13: 2 5 9 18 23 24
14: 3 8 10 23 27 30
15: 2 6 7 20 22 25
16: 3 4 5 20 21 30
17: 1 5 9 23 24 30 32
18: 1 6 13 20 22 30 32
19: 1 5 12 20 21 25 26
20: 11 15 16 18 19 27 31
21: 6 9 16 19 23 24 27
22: 8 12 15 18 23 28 31
23: 11 13 14 17 21 22 26
24: 7 8 13 17 21 25 31
25: 4 10 15 19 24 29 32
26: 4 7 8 19 23 28 32
27: 4 5 14 20 21 28 29
28: 3 10 11 22 26 27 30
29: 3 7 9 25 27 30 31
30: 2 14 16 17 18 28 29
31: 2 6 10 20 22 24 29
32: 2 3 12 17 18 25 26

1: 2 3 4 17 18 19
2: 1 13 14 28 30 32
3: 1 12 15 27 31 32
4: 1 11 16 26 29 31
5: 6 9 14 18 22 28
6: 5 7 11 24 25 27
7: 6 8 15 21 23 26
8: 7 12 13 17 20 22
9: 5 13 16 17 19 31
10: 11 12 14 20 21 26
11: 4 6 10 19 23 32
12: 3 8 10 28 29 30
13: 2 8 9 18 21 25
14: 2 5 10 23 24 29
15: 3 7 16 20 25 30
16: 4 9 15 22 24 27
17: 1 8 9 21 25 30 32
18: 1 5 13 23 24 30 32
19: 1 9 11 22 24 26 29
20: 8 10 15 27 28 29 31
21: 7 10 13 17 22 28 29
22: 5 8 16 19 21 25 31
23: 7 11 14 18 25 27 28
24: 6 14 16 18 19 28 31
25: 6 13 15 17 22 23 26
26: 4 7 10 19 25 27 32
27: 3 6 16 20 23 26 30
28: 2 5 12 20 21 23 24
29: 4 12 14 19 20 21 32
30: 2 12 15 17 18 27 31
31: 3 4 9 20 22 24 30
32: 2 3 11 17 18 26 29

1: 2 3 4 17 18 19
2: 1 13 16 28 31 32
3: 1 12 15 27 29 32
4: 1 11 14 25 26 30
5: 12 13 14 19 29 30
6: 7 13 15 18 23 28
7: 6 8 9 21 25 29
8: 7 11 12 22 24 26
9: 7 14 16 17 20 22
10: 11 15 16 17 21 23
11: 4 8 10 19 20 32
12: 3 5 8 23 25 31
13: 2 5 6 21 22 27
14: 4 5 9 24 27 28
15: 3 6 10 20 26 31
16: 2 9 10 18 24 30
17: 1 9 10 24 30 31 32
18: 1 6 16 21 22 31 32
19: 1 5 11 25 26 27 28
20: 9 11 15 21 23 24 30
21: 7 10 13 18 20 26 28
22: 8 9 13 18 25 28 29
23: 6 10 12 20 26 27 29
24: 8 14 16 17 20 25 29
25: 4 7 12 19 22 24 32
26: 4 8 15 19 21 23 32
27: 3 13 14 19 23 30 31
28: 2 6 14 19 21 22 30
29: 3 5 7 22 23 24 31
30: 4 5 16 17 20 27 28
31: 2 12 15 17 18 27 29
32: 2 3 11 17 18 25 26

1: 2 3 4 17 18 19
2: 1 14 15 27 31 32
3: 1 13 16 29 30 32
4: 1 12 16 25 26 28
5: 14 15 16 17 19 28
6: 10 11 15 18 26 27
7: 8 9 14 17 20 29
8: 7 11 13 22 26 30
9: 7 10 13 21 23 25
10: 6 9 12 22 24 30
11: 6 8 12 23 25 29
12: 4 10 11 19 21 32
13: 3 8 9 24 28 31
14: 2 5 7 18 23 24
15: 2 5 6 20 21 22
16: 3 4 5 20 27 31
17: 1 5 7 23 24 31 32
18: 1 6 14 21 22 31 32
19: 1 5 12 20 25 26 27
20: 7 15 16 19 23 24 28
21: 9 12 15 18 24 27 30
22: 8 10 15 18 23 27 29
23: 9 11 14 17 20 22 26
24: 10 13 14 17 20 21 25
25: 4 9 11 19 24 30 32
26: 4 6 8 19 23 29 32
27: 2 6 16 19 21 22 28
28: 4 5 13 20 27 29 30
29: 3 7 11 22 26 28 31
30: 3 8 10 21 25 28 31
31: 2 13 16 17 18 29 30
32: 2 3 12 17 18 25 26

1: 23 25 32
2: 24 28 29
3: 23 24 25
4: 16 19 29
5: 17 20 31
6: 17 20 26
7: 20 21 27
8: 18 20 27
9: 15 22 25
10: 15 22 28
11: 14 21 26
12: 18 19 30
13: 26 29 31 32
14: 11 27 30 32
15: 9 10 30 32
16: 4 28 29 30
17: 5 6 26 31
18: 8 12 27 31
19: 4 12 30 31
20: 5 6 7 8
21: 7 11 26 27
22: 9 10 25 28
23: 1 3 29 32
24: 2 3 25 28
25: 1 3 9 22 24
26: 6 11 13 17 21
27: 7 8 14 18 21
28: 2 10 16 22 24
29: 2 4 13 16 23
30: 12 14 15 16 19
31: 5 13 17 18 19
32: 1 13 14 15 23

1: 23 27 29
2: 16 24 27
3: 14 25 32
4: 15 24 30
5: 17 25 31
6: 15 26 28
7: 21 28 29
8: 19 24 30
9: 20 25 26
10: 18 23 27
11: 19 22 32
12: 21 23 31
13: 20 22 26
14: 3 24 27 32
15: 4 6 28 30
16: 2 24 28 29
17: 5 26 28 31
18: 10 25 27 31
19: 8 11 30 32
20: 9 13 25 32
21: 7 12 29 31
22: 11 13 26 30
23: 1 10 12 29
24: 2 4 8 14 16
25: 3 5 9 18 20
26: 6 9 13 17 22
27: 1 2 10 14 18
28: 6 7 15 16 17
29: 1 7 16 21 23
30: 4 8 15 19 22
31: 5 12 17 18 21
32: 3 11 14 19 20

1: 23 26 28
2: 18 27 29
3: 19 27 30
4: 17 24 25
5: 15 24 25
6: 21 25 29
7: 22 28 30
8: 14 24 31
9: 16 26 32
10: 20 23 26
11: 22 23 31
12: 17 18 27
13: 19 21 32
14: 8 27 30 31
15: 5 25 26 32
16: 9 28 30 32
17: 4 12 24 27
18: 2 12 25 29
19: 3 13 29 30
20: 10 24 26 31
21: 6 13 29 32
22: 7 11 28 31
23: 1 10 11 28
24: 4 5 8 17 20
25: 4 5 6 15 18
26: 1 9 10 15 20
27: 2 3 12 14 17
28: 1 7 16 22 23
29: 2 6 18 19 21
30: 3 7 14 16 19
31: 8 11 14 20 22
32: 9 13 15 16 21

1: 21 30 31
2: 22 29 32
3: 23 27 31
4: 24 28 32
5: 19 25 30
6: 20 26 29
7: 22 24 26
8: 21 23 25
9: 18 24 28
10: 17 23 27
11: 15 20 28
12: 16 19 27
13: 18 20 26
14: 17 19 25
15: 11 28 29 31
16: 12 27 30 32
17: 10 14 25 27
18: 9 13 26 28
19: 5 12 14 30
20: 6 11 13 29
21: 1 8 25 31
22: 2 7 26 32
23: 3 8 10 31
24: 4 7 9 32
25: 5 8 14 17 21
26: 6 7 13 18 22
27: 3 10 12 16 17
28: 4 9 11 15 18
29: 2 6 15 20 31
30: 1 5 16 19 32
31: 1 3 15 21 23 29
32: 2 4 16 22 24 30

1: 24 31 32
2: 23 31 32
3: 23 30 32
4: 24 29 32
5: 18 22 32
6: 17 21 32
7: 22 26 31
8: 21 25 31
9: 21 25 27
10: 22 26 28
11: 20 27 29
12: 19 28 30
13: 19 23 26
14: 20 24 25
15: 17 27 29
16: 18 28 30
17: 6 15 27 32
18: 5 16 28 32
19: 12 13 26 30
20: 11 14 25 29
21: 6 8 9 27
22: 5 7 10 28
23: 2 3 13 30
24: 1 4 14 29
25: 8 9 14 20 31
26: 7 10 13 19 31
27: 9 11 15 17 21
28: 10 12 16 18 22
29: 4 11 15 20 24
30: 3 12 16 19 23
31: 1 2 7 8 25 26
32: 1 2 3 4 5 6 17 18

1: 2 3 4
2: 1 27 31
3: 1 29 30
4: 1 28 32
5: 6 9 18
6: 5 8 17
7: 8 9 11
8: 6 7 13
9: 5 7 15
10: 15 16 26
11: 7 14 16
12: 13 14 25
13: 8 12 20
14: 11 12 22
15: 9 10 24
16: 10 11 23
17: 6 19 20
18: 5 19 21
19: 17 18 31
20: 13 17 27
21: 18 24 32
22: 14 23 30
23: 16 22 29
24: 15 21 28
25: 12 27 30
26: 10 28 29
27: 2 20 25
28: 4 24 26
29: 3 23 26
30: 3 22 25
31: 2 19 32
32: 4 21 31

1: 2 3 4
2: 1 28 29
3: 1 30 31
4: 1 27 32
5: 6 7 26
6: 5 19 25
7: 5 17 18
8: 9 15 24
9: 8 19 20
10: 11 12 18
11: 10 14 16
12: 10 15 17
13: 14 22 23
14: 11 13 15
15: 8 12 14
16: 11 21 22
17: 7 12 19
18: 7 10 21
19: 6 9 17
20: 9 25 32
21: 16 18 28
22: 13 16 29
23: 13 24 30
24: 8 23 31
25: 6 20 27
26: 5 27 28
27: 4 25 26
28: 2 21 26
29: 2 22 30
30: 3 23 29
31: 3 24 32
32: 4 20 31

1: 2 3 4
2: 1 28 29
3: 1 30 31
4: 1 27 32
5: 6 7 26
6: 5 19 25
7: 5 17 18
8: 13 14 24
9: 13 16 19
10: 11 12 18
11: 10 16 17
12: 10 15 22
13: 8 9 20
14: 8 15 16
15: 12 14 23
16: 9 11 14
17: 7 11 19
18: 7 10 21
19: 6 9 17
20: 13 25 32
21: 18 22 28
22: 12 21 29
23: 15 24 30
24: 8 23 31
25: 6 20 27
26: 5 27 28
27: 4 25 26
28: 2 21 26
29: 2 22 30
30: 3 23 29
31: 3 24 32
32: 4 20 31

1: 2 3 4
2: 1 28 30
3: 1 29 32
4: 1 27 31
5: 6 14 18
6: 5 7 15
7: 6 8 9
8: 7 11 13
9: 7 12 14
10: 11 16 25
11: 8 10 15
12: 9 17 26
13: 8 16 17
14: 5 9 21
15: 6 11 24
16: 10 13 23
17: 12 13 22
18: 5 19 20
19: 18 21 31
20: 18 24 32
21: 14 19 27
22: 17 23 28
23: 16 22 30
24: 15 20 29
25: 10 29 30
26: 12 27 28
27: 4 21 26
28: 2 22 26
29: 3 24 25
30: 2 23 25
31: 4 19 32
32: 3 20 31

1: 2 3 4 5 6
2: 1 28 29 31 32
3: 1 26 27 30 32
4: 1 23 24 26 28
5: 1 23 25 27 29
6: 1 24 25 30 31
7: 12 13 17 21 22
8: 12 13 18 19 20
9: 12 15 16 17 18
10: 12 14 16 20 22
11: 12 14 15 19 21
12: 7 8 9 10 11
13: 7 8 23 24 25
14: 10 11 30 31 32
15: 9 11 27 29 32
16: 9 10 26 28 32
17: 7 9 23 26 27
18: 8 9 23 28 29
19: 8 11 25 29 31
20: 8 10 24 28 31
21: 7 11 25 27 30
22: 7 10 24 26 30
23: 4 5 13 17 18
24: 4 6 13 20 22
25: 5 6 13 19 21
26: 3 4 16 17 22
27: 3 5 15 17 21
28: 2 4 16 18 20
29: 2 5 15 18 19
30: 3 6 14 21 22
31: 2 6 14 19 20
32: 2 3 14 15 16

1: 2 3 4 5 6 7 8 9 10
2: 1 3 4 8 9 10 29 31 32
3: 1 2 4 5 8 10 28 31 32
4: 1 2 3 6 7 9 10 30 32
5: 1 3 6 7 8 9 10 31 32
6: 1 4 5 7 8 9 10 31 32
7: 1 4 5 6 8 9 10 31 32
8: 1 2 3 5 6 7 9 31 32
9: 1 2 4 5 6 7 8 31 32
10: 1 2 3 4 5 6 7 27 30
11: 15 16 23 24 26 27 28 29 30
12: 13 14 15 16 24 25 27 29 30
13: 12 14 15 16 25 27 28 29 30
14: 12 13 15 16 26 27 28 29 30
15: 11 12 13 14 16 26 27 28 29
16: 11 12 13 14 15 27 28 29 30
17: 18 19 20 21 22 23 24 25 26
18: 17 19 20 21 22 23 24 25 26
19: 17 18 20 21 22 23 24 25 26
20: 17 18 19 21 22 23 24 25 26
21: 17 18 19 20 22 23 24 25 26
22: 17 18 19 20 21 23 24 25 26
23: 11 17 18 19 20 21 22 25 30
24: 11 12 17 18 19 20 21 22 30
25: 12 13 17 18 19 20 21 22 23
26: 11 14 15 17 18 19 20 21 22
27: 10 11 12 13 14 15 16 28 29
28: 3 11 13 14 15 16 27 29 31
29: 2 11 12 13 14 15 16 27 28
30: 4 10 11 12 13 14 16 23 24
31: 2 3 5 6 7 8 9 28 32
32: 2 3 4 5 6 7 8 9 31

1: 2 3 4 5 6 7 8 9 10 11
2: 1 20 21 22 23 24 25 26 29 32
3: 1 5 12 20 21 22 23 24 29 32
4: 1 8 10 11 13 14 15 16 17 18
5: 1 3 6 7 9 11 25 26 29 32
6: 1 5 7 8 9 10 11 30 31 32
7: 1 5 6 8 9 10 11 30 31 32
8: 1 4 6 7 9 10 11 27 30 31
9: 1 5 6 7 8 10 11 27 28 31
10: 1 4 6 7 8 9 11 19 28 31
11: 1 4 5 6 7 8 9 10 31 32
12: 3 20 21 22 23 24 25 26 29 32
13: 4 14 15 16 17 18 19 27 28 30
14: 4 13 15 16 17 18 19 27 28 30
15: 4 13 14 16 17 18 19 27 28 30
16: 4 13 14 15 17 18 19 27 28 30
17: 4 13 14 15 16 18 19 27 28 30
18: 4 13 14 15 16 17 19 27 28 30
19: 10 13 14 15 16 17 18 27 28 31
20: 2 3 12 21 22 23 24 25 26 32
21: 2 3 12 20 22 23 24 25 26 32
22: 2 3 12 20 21 23 24 25 26 29
23: 2 3 12 20 21 22 24 25 26 29
24: 2 3 12 20 21 22 23 25 26 29
25: 2 5 12 20 21 22 23 24 26 29
26: 2 5 12 20 21 22 23 24 25 29
27: 8 9 13 14 15 16 17 18 19 31
28: 9 10 13 14 15 16 17 18 19 31
29: 2 3 5 12 22 23 24 25 26 32
30: 6 7 8 13 14 15 16 17 18 31
31: 6 7 8 9 10 11 19 27 28 30
32: 2 3 5 6 7 11 12 20 21 29

1: 2 3 4 5 6 7 8 9 10 11 12
2: 1 4 10 11 12 24 25 26 27 28 29
3: 1 4 6 7 8 9 10 11 12 30 32
4: 1 2 3 5 6 7 8 9 12 29 32
5: 1 4 6 7 8 9 10 11 12 30 31
6: 1 3 4 5 7 8 9 10 11 12 32
7: 1 3 4 5 6 8 9 10 11 12 32
8: 1 3 4 5 6 7 9 10 11 12 32
9: 1 3 4 5 6 7 8 10 11 12 32
10: 1 2 3 5 6 7 8 9 11 12 31
11: 1 2 3 5 6 7 8 9 10 12 31
12: 1 2 3 4 5 6 7 8 9 10 11
13: 14 15 16 17 18 19 21 24 25 27 32
14: 13 15 16 17 18 19 20 23 26 28 30
15: 13 14 16 17 18 19 21 22 23 28 30
16: 13 14 15 17 18 19 21 22 23 28 30
17: 13 14 15 16 18 19 21 22 23 28 30
18: 13 14 15 16 17 19 21 22 23 28 30
19: 13 14 15 16 17 18 21 22 23 28 30
20: 14 21 22 24 25 26 27 28 29 30 31
21: 13 15 16 17 18 19 20 23 26 27 28
22: 15 16 17 18 19 20 23 24 25 26 27
23: 14 15 16 17 18 19 21 22 24 25 27
24: 2 13 20 22 23 25 26 27 29 31 32
25: 2 13 20 22 23 24 26 27 29 31 32
26: 2 14 20 21 22 24 25 27 29 31 32
27: 2 13 20 21 22 23 24 25 26 29 31
28: 2 14 15 16 17 18 19 20 21 29 31
29: 2 4 20 24 25 26 27 28 30 31 32
30: 3 5 14 15 16 17 18 19 20 29 31
31: 5 10 11 20 24 25 26 27 28 29 30
32: 3 4 6 7 8 9 13 24 25 26 29

1: 2 3 4
2: 1 31 32
3: 1 30 32
4: 1 29 31
5: 6 7 10
6: 5 8 9
7: 5 9 11
8: 6 10 12
9: 6 7 14
10: 5 8 13
11: 7 14 16
12: 8 13 15
13: 10 12 20
14: 9 11 19
15: 12 18 20
16: 11 17 19
17: 16 22 24
18: 15 21 23
19: 14 16 22
20: 13 15 21
21: 18 20 28
22: 17 19 27
23: 18 26 28
24: 17 25 27
25: 24 30 32
26: 23 29 31
27: 22 24 30
28: 21 23 29
29: 4 26 28
30: 3 25 27
31: 2 4 26
32: 2 3 25

1: 2 3 4
2: 1 31 32
3: 1 28 30
4: 1 27 29
5: 9 10 11
6: 8 10 25
7: 8 9 24
8: 6 7 13
9: 5 7 16
10: 5 6 17
11: 5 14 15
12: 18 19 26
13: 8 20 21
14: 11 21 23
15: 11 20 22
16: 9 18 22
17: 10 19 23
18: 12 16 32
19: 12 17 31
20: 13 15 30
21: 13 14 29
22: 15 16 28
23: 14 17 27
24: 7 30 32
25: 6 29 31
26: 12 27 28
27: 4 23 26
28: 3 22 26
29: 4 21 25
30: 3 20 24
31: 2 19 25
32: 2 18 24

1: 2 3 4
2: 1 31 32
3: 1 30 32
4: 1 28 29
5: 6 7 32
6: 5 26 27
7: 5 25 27
8: 9 10 27
9: 8 23 24
10: 8 22 24
11: 24 28 29
12: 14 17 29
13: 15 16 28
14: 12 18 25
15: 13 21 26
16: 13 20 26
17: 12 19 25
18: 14 23 31
19: 17 22 30
20: 16 23 31
21: 15 22 30
22: 10 19 21
23: 9 18 20
24: 9 10 11
25: 7 14 17
26: 6 15 16
27: 6 7 8
28: 4 11 13
29: 4 11 12
30: 3 19 21
31: 2 18 20
32: 2 3 5

1: 2 3 4
2: 1 30 32
3: 1 31 32
4: 1 28 29
5: 28 29 32
6: 8 30 31
7: 9 30 31
8: 6 10 11
9: 7 10 11
10: 8 9 12
11: 8 9 13
12: 10 14 15
13: 11 14 15
14: 12 13 16
15: 12 13 17
16: 14 18 19
17: 15 18 19
18: 16 17 20
19: 16 17 21
20: 18 22 23
21: 19 22 23
22: 20 21 24
23: 20 21 25
24: 22 26 27
25: 23 26 27
26: 24 25 28
27: 24 25 29
28: 4 5 26
29: 4 5 27
30: 2 6 7
31: 3 6 7
32: 2 3 5

1: 2 3 4
2: 1 31 32
3: 1 30 32
4: 1 29 31
5: 6 7 8
6: 5 9 10
7: 5 10 11
8: 5 9 12
9: 6 8 14
10: 6 7 13
11: 7 13 15
12: 8 14 16
13: 10 11 20
14: 9 12 19
15: 11 18 20
16: 12 17 19
17: 16 22 24
18: 15 21 23
19: 14 16 22
20: 13 15 21
21: 18 20 28
22: 17 19 27
23: 18 26 28
24: 17 25 27
25: 24 30 32
26: 23 29 31
27: 22 24 30
28: 21 23 29
29: 4 26 28
30: 3 25 27
31: 2 4 26
32: 2 3 25

1: 2 3 4
2: 1 27 28
3: 1 30 32
4: 1 29 31
5: 7 9 25
6: 8 10 26
7: 5 11 15
8: 6 12 14
9: 5 12 16
10: 6 11 17
11: 7 10 23
12: 8 9 22
13: 18 19 24
14: 8 19 21
15: 7 18 20
16: 9 21 23
17: 10 20 22
18: 13 15 28
19: 13 14 27
20: 15 17 30
21: 14 16 29
22: 12 17 32
23: 11 16 31
24: 13 29 30
25: 5 28 32
26: 6 27 31
27: 2 19 26
28: 2 18 25
29: 4 21 24
30: 3 20 24
31: 4 23 26
32: 3 22 25

1: 2 3 4
2: 1 27 28
3: 1 30 32
4: 1 29 31
5: 9 12 13
6: 8 11 13
7: 8 9 16
8: 6 7 26
9: 5 7 25
10: 11 14 15
11: 6 10 20
12: 5 18 24
13: 5 6 21
14: 10 19 23
15: 10 21 22
16: 7 22 23
17: 18 19 20
18: 12 17 27
19: 14 17 29
20: 11 17 28
21: 13 15 30
22: 15 16 32
23: 14 16 31
24: 12 29 30
25: 9 27 32
26: 8 28 31
27: 2 18 25
28: 2 20 26
29: 4 19 24
30: 3 21 24
31: 4 23 26
32: 3 22 25

1: 2 3 4
2: 1 29 32
3: 1 27 31
4: 1 28 30
5: 7 8 25
6: 7 22 24
7: 5 6 16
8: 5 9 10
9: 8 19 22
10: 8 17 18
11: 12 20 23
12: 11 14 15
13: 18 20 21
14: 12 17 21
15: 12 18 19
16: 7 17 19
17: 10 14 16
18: 10 13 15
19: 9 15 16
20: 11 13 29
21: 13 14 32
22: 6 9 31
23: 11 28 32
24: 6 27 30
25: 5 30 31
26: 27 28 29
27: 3 24 26
28: 4 23 26
29: 2 20 26
30: 4 24 25
31: 3 22 25
32: 2 21 23

1: 2 3 4
2: 1 30 32
3: 1 29 32
4: 1 28 31
5: 6 7 32
6: 5 26 27
7: 5 25 27
8: 9 10 27
9: 8 24 31
10: 8 23 24
11: 12 28 31
12: 11 13 25
13: 12 16 17
14: 21 22 26
15: 20 22 26
16: 13 19 21
17: 13 18 25
18: 17 23 30
19: 16 24 29
20: 15 23 30
21: 14 16 29
22: 14 15 28
23: 10 18 20
24: 9 10 19
25: 7 12 17
26: 6 14 15
27: 6 7 8
28: 4 11 22
29: 3 19 21
30: 2 18 20
31: 4 9 11
32: 2 3 5

1: 2 3 4 5 6 17 18 19 20 21 22 23 24 25
2: 1 12 14 15 16 18 19 21 23 25 26 29 31 32
3: 1 8 11 13 16 18 20 22 24 25 27 28 31 32
4: 1 7 10 14 15 20 21 22 24 25 27 29 30 32
5: 1 9 10 11 12 17 23 24 25 28 29 30 31 32
6: 1 9 13 15 16 17 19 21 22 23 27 28 30 31
7: 4 9 11 12 16 19 20 21 23 24 25 26 27 28
8: 3 9 10 12 15 17 18 20 21 22 25 26 30 31
9: 5 6 7 8 14 18 19 22 24 25 26 28 29 31
10: 4 5 8 13 16 17 18 20 21 23 26 28 29 32
11: 3 5 7 14 15 17 19 20 22 23 26 28 30 32
12: 2 5 7 8 13 17 19 20 21 24 27 29 30 31
13: 3 6 10 12 14 18 19 21 24 26 27 28 30 32
14: 2 4 9 11 13 18 20 22 23 26 27 29 30 31
15: 2 4 6 8 11 17 18 19 25 27 28 29 30 32
16: 2 3 6 7 10 17 22 23 24 26 27 29 31 32
17: 1 5 6 8 10 11 12 15 16 19 20 22 26 27 29
18: 1 2 3 8 9 10 13 14 15 19 20 23 24 28 29
19: 1 2 6 7 9 11 12 13 15 17 18 20 24 26 32
20: 1 3 4 7 8 10 11 12 14 17 18 19 23 27 31
21: 1 2 4 6 7 8 10 12 13 22 23 25 26 28 30
22: 1 3 4 6 8 9 11 14 16 17 21 24 26 29 30
23: 1 2 5 6 7 10 11 14 16 18 20 21 28 30 31
24: 1 3 4 5 7 9 12 13 16 18 19 22 29 30 32
25: 1 2 3 4 5 7 8 9 15 21 26 27 28 31 32
26: 2 7 8 9 10 11 13 14 16 17 19 21 22 25 32
27: 3 4 6 7 12 13 14 15 16 17 20 25 28 29 31
28: 3 5 6 7 9 10 11 13 15 18 21 23 25 27 29
29: 2 4 5 9 10 12 14 15 16 17 18 22 24 27 28
30: 4 5 6 8 11 12 13 14 15 21 22 23 24 31 32
31: 2 3 5 6 8 9 12 14 16 20 23 25 27 30 32
32: 2 3 4 5 10 11 13 15 16 19 24 25 26 30 31

1: 2 3 4 5 6 7 8 9 10 11 12 13 14 15 16
2: 1 3 4 5 6 7 8 18 19 20 21 22 23 24 25
3: 1 2 4 9 10 11 12 18 19 20 21 27 28 29 30
4: 1 2 3 13 14 15 16 22 23 24 25 27 28 29 30
5: 1 2 6 9 10 13 14 18 19 22 23 27 28 31 32
6: 1 2 5 11 12 15 16 20 21 24 25 27 28 31 32
7: 1 2 8 9 10 15 16 20 21 22 23 29 30 31 32
8: 1 2 7 11 12 13 14 18 19 24 25 29 30 31 32
9: 1 3 5 7 11 13 15 18 20 22 24 26 27 29 31
10: 1 3 5 7 12 14 16 19 21 23 25 26 27 29 31
11: 1 3 6 8 9 14 16 19 21 22 24 26 28 30 31
12: 1 3 6 8 10 13 15 18 20 23 25 26 28 30 31
13: 1 4 5 8 9 12 16 19 20 23 24 26 28 29 32
14: 1 4 5 8 10 11 15 18 21 22 25 26 28 29 32
15: 1 4 6 7 9 12 14 18 21 23 24 26 27 30 32
16: 1 4 6 7 10 11 13 19 20 22 25 26 27 30 32
17: 18 19 20 21 22 23 24 25 26 27 28 29 30 31 32
18: 2 3 5 8 9 12 14 15 17 21 23 24 28 29 31
19: 2 3 5 8 10 11 13 16 17 20 22 25 28 29 31
20: 2 3 6 7 9 12 13 16 17 19 23 24 27 30 31
21: 2 3 6 7 10 11 14 15 17 18 22 25 27 30 31
22: 2 4 5 7 9 11 14 16 17 19 21 24 27 29 32
23: 2 4 5 7 10 12 13 15 17 18 20 25 27 29 32
24: 2 4 6 8 9 11 13 15 17 18 20 22 28 30 32
25: 2 4 6 8 10 12 14 16 17 19 21 23 28 30 32
26: 9 10 11 12 13 14 15 16 17 27 28 29 30 31 32
27: 3 4 5 6 9 10 15 16 17 20 21 22 23 26 28
28: 3 4 5 6 11 12 13 14 17 18 19 24 25 26 27
29: 3 4 7 8 9 10 13 14 17 18 19 22 23 26 30
30: 3 4 7 8 11 12 15 16 17 20 21 24 25 26 29
31: 5 6 7 8 9 10 11 12 17 18 19 20 21 26 32
32: 5 6 7 8 13 14 15 16 17 22 23 24 25 26 31

1: 2 3 4 5 6 7 8 17 18 19 20 21 22 23 24
2: 1 10 11 12 13 14 15 17 18 21 22 23 24 29 30
3: 1 6 7 11 12 13 16 18 19 23 24 27 28 29 32
4: 1 5 8 10 12 13 16 17 20 23 24 27 28 30 31
5: 1 4 7 11 14 15 16 20 21 22 23 25 30 31 32
6: 1 3 8 10 14 15 16 19 21 22 24 26 29 31 32
7: 1 3 5 9 10 12 14 17 19 21 23 25 27 29 31
8: 1 4 6 9 11 13 15 18 20 22 24 26 28 30 32
9: 7 8 12 13 14 15 16 25 26 27 28 29 30 31 32
10: 2 4 6 7 13 15 16 17 19 22 23 25 28 29 31
11: 2 3 5 8 12 14 16 18 20 21 24 26 27 30 32
12: 2 3 4 7 9 11 15 17 18 20 23 25 27 28 30
13: 2 3 4 8 9 10 14 17 18 19 24 26 27 28 29
14: 2 5 6 7 9 11 13 18 19 21 22 25 26 29 32
15: 2 5 6 8 9 10 12 17 20 21 22 25 26 30 31
16: 3 4 5 6 9 10 11 19 20 25 26 27 28 31 32
17: 1 2 4 7 10 12 13 15 18 19 20 21 26 27 31 32
18: 1 2 3 8 11 12 13 14 17 19 20 22 25 28 31 32
19: 1 3 6 7 10 13 14 16 17 18 20 22 25 26 27 30
20: 1 4 5 8 11 12 15 16 17 18 19 21 25 26 28 29
21: 1 2 5 6 7 11 14 15 17 20 24 26 27 28 29 31
22: 1 2 5 6 8 10 14 15 18 19 23 25 27 28 30 32
23: 1 2 3 4 5 7 10 12 22 24 25 26 28 29 30 32
24: 1 2 3 4 6 8 11 13 21 23 25 26 27 29 30 31
25: 5 7 9 10 12 14 15 16 18 19 20 22 23 24 26 28
26: 6 8 9 11 13 14 15 16 17 19 20 21 23 24 25 27
27: 3 4 7 9 11 12 13 16 17 19 21 22 24 26 30 31
28: 3 4 8 9 10 12 13 16 18 20 21 22 23 25 29 32
29: 2 3 6 7 9 10 13 14 20 21 23 24 28 30 31 32
30: 2 4 5 8 9 11 12 15 19 22 23 24 27 29 31 32
31: 4 5 6 7 9 10 15 16 17 18 21 24 27 29 30 32
32: 3 5 6 8 9 11 14 16 17 18 22 23 28 29 30 31

1: 2 3 4 5 6 7 8 9 10 11 12 13 14 15 16
2: 1 3 4 5 6 7 8 9 10 18 19 20 21 22 23
3: 1 2 4 5 6 7 11 12 13 18 19 20 24 25 26
4: 1 2 3 5 6 8 11 14 15 18 21 22 24 25 27
5: 1 2 3 4 6 9 12 14 16 19 21 23 24 26 27
6: 1 2 3 4 5 10 13 15 16 20 22 23 25 26 27
7: 1 2 3 8 9 10 11 12 13 18 19 20 28 29 30
8: 1 2 4 7 9 10 11 14 15 18 21 22 29 30 31
9: 1 2 5 7 8 10 12 14 16 19 21 23 28 30 31
10: 1 2 6 7 8 9 13 15 16 20 22 23 28 29 31
11: 1 3 4 7 8 12 13 14 15 18 24 25 29 30 32
12: 1 3 5 7 9 11 13 14 16 19 24 26 28 30 32
13: 1 3 6 7 10 11 12 15 16 20 25 26 28 29 32
14: 1 4 5 8 9 11 12 15 16 21 24 27 30 31 32
15: 1 4 6 8 10 11 13 14 16 22 25 27 29 31 32
16: 1 5 6 9 10 12 13 14 15 23 26 27 28 31 32
17: 18 19 20 21 22 23 24 25 26 27 28 29 30 31 32
18: 2 3 4 7 8 11 17 19 20 21 22 24 25 29 30
19: 2 3 5 7 9 12 17 18 20 21 23 24 26 28 30
20: 2 3 6 7 10 13 17 18 19 22 23 25 26 28 29
21: 2 4 5 8 9 14 17 18 19 22 23 24 27 30 31
22: 2 4 6 8 10 15 17 18 20 21 23 25 27 29 31
23: 2 5 6 9 10 16 17 19 20 21 22 26 27 28 31
24: 3 4 5 11 12 14 17 18 19 21 25 26 27 30 32
25: 3 4 6 11 13 15 17 18 20 22 24 26 27 29 32
26: 3 5 6 12 13 16 17 19 20 23 24 25 27 28 32
27: 4 5 6 14 15 16 17 21 22 23 24 25 26 31 32
28: 7 9 10 12 13 16 17 19 20 23 26 29 30 31 32
29: 7 8 10 11 13 15 17 18 20 22 25 28 30 31 32
30: 7 8 9 11 12 14 17 18 19 21 24 28 29 31 32
31: 8 9 10 14 15 16 17 21 22 23 27 28 29 30 32
32: 11 12 13 14 15 16 17 24 25 26 27 28 29 30 31

1: 2 3 4 5 6
2: 1 6 27 30 32
3: 1 5 26 31 32
4: 1 5 6 28 29
5: 1 3 4 29 31
6: 1 2 4 28 30
7: 8 9 10 26 32
8: 7 10 11 19 27
9: 7 10 13 17 26
10: 7 8 9 18 19
11: 8 20 21 27 30
12: 13 14 16 29 31
13: 9 12 16 17 31
14: 12 15 16 23 29
15: 14 23 25 28 29
16: 12 13 14 17 22
17: 9 13 16 18 22
18: 10 17 19 22 24
19: 8 10 18 20 24
20: 11 19 21 24 25
21: 11 20 25 28 30
22: 16 17 18 23 24
23: 14 15 22 24 25
24: 18 19 20 22 23
25: 15 20 21 23 28
26: 3 7 9 31 32
27: 2 8 11 30 32
28: 4 6 15 21 25
29: 4 5 12 14 15
30: 2 6 11 21 27
31: 3 5 12 13 26
32: 2 3 7 26 27

